0 1 23 2 1 1
0 1 113 49 1 0
0 1 39 37 0 3
0 1 34 40 1 1
0 1 98 15 0 0
0 1 104 23 1 2
0 1 111 49 0 4
0 1 66 47 1 0
0 1 134 9 1 4
0 1 105 41 0 1
0 1 26 25 1 4
0 1 135 4 1 4
0 1 144 48 0 2
0 1 125 13 0 3
0 1 95 21 1 5
0 1 142 11 1 1
0 1 12 46 1 4
0 1 19 19 0 3
0 1 140 33 1 4
0 1 27 11 0 3
0 1 129 35 0 2
0 1 75 10 1 0
0 1 43 17 0 1
0 1 102 26 1 1
0 1 108 7 0 5
0 1 22 1 0 3
0 1 1 29 1 1
0 1 40 37 0 5
0 1 99 42 0 4
0 1 97 40 1 3
0 1 7 1 0 1
0 1 77 4 1 0
0 1 137 6 1 4
0 1 67 28 0 2
0 1 94 46 0 3
0 1 131 13 1 1
0 1 42 1 0 4
0 1 30 49 0 2
0 1 41 16 0 2
0 1 132 32 1 3
0 1 24 8 1 0
0 1 102 27 0 0
0 1 20 26 0 3
0 1 115 40 0 5
0 1 116 30 0 4
0 1 125 42 1 5
0 1 74 3 0 2
0 1 109 18 0 3
0 1 5 38 0 5
0 1 1 3 0 3
0 1 37 9 1 1
0 1 62 3 0 0
0 1 117 13 0 4
0 1 6 21 0 2
0 1 31 48 0 0
0 1 49 28 0 0
0 1 53 2 0 4
0 1 119 35 0 4
0 1 4 16 1 1
0 1 130 31 0 1
0 1 15 38 1 3
0 1 138 1 0 5
0 1 145 47 1 2
0 1 91 26 0 0
0 1 71 46 0 0
0 1 21 2 1 3
0 1 111 15 1 5
0 1 134 13 0 5
0 1 114 33 0 0
0 1 91 46 1 5
0 1 117 41 1 3
0 1 78 31 0 0
0 1 98 6 1 1
0 1 115 46 1 2
0 1 121 37 0 0
0 1 28 14 0 3
0 1 141 19 1 5
0 1 4 23 0 0
0 1 64 44 0 5
0 1 65 38 1 2
0 1 51 5 0 4
0 1 70 26 0 2
0 1 40 13 1 2
0 1 106 37 1 2
0 1 110 19 0 2
0 1 81 14 0 4
0 1 18 41 1 0
0 1 56 5 1 5
0 1 87 35 0 3
0 1 58 15 0 1
0 1 77 12 0 3
0 1 17 12 1 0
0 1 127 19 1 1
0 1 89 38 0 0
0 1 32 48 0 3
0 1 22 32 1 4
0 1 52 29 0 3
0 1 96 45 0 4
0 1 126 33 1 2
0 1 121 5 1 2
0 1 2 34 0 0
0 1 82 36 1 1
0 1 92 43 1 5
0 1 94 3 1 5
0 1 122 30 0 0
0 1 57 32 0 1
0 1 58 13 1 0
0 1 38 8 1 2
0 1 96 34 1 4
0 1 10 24 0 4
0 1 17 2 0 2
0 1 0 11 0 0
0 1 16 42 1 3
0 1 147 24 0 2
0 1 24 12 0 4
0 1 33 14 0 1
0 1 95 47 0 1
0 1 97 12 0 2
0 1 138 38 1 4
0 1 74 22 1 4
0 1 13 12 0 5
0 1 19 0 1 1
0 1 148 49 0 5
0 1 107 46 0 1
0 1 92 43 0 4
0 1 30 6 1 3
0 1 35 24 1 5
0 1 146 21 1 4
0 1 65 11 0 2
0 1 52 19 1 0
0 1 63 18 1 4
0 1 103 20 1 1
0 1 13 44 1 3
0 1 144 14 1 0
0 1 12 40 0 2
0 1 129 10 1 5
0 1 143 27 0 3
0 1 149 0 1 4
0 1 137 11 0 5
0 1 41 28 1 4
0 1 44 10 1 3
0 1 140 4 0 2
0 1 57 22 1 0
0 1 8 45 1 0
0 1 20 38 1 1
0 1 114 40 1 4
0 1 148 4 1 3
0 1 133 18 0 5
0 1 2 25 1 1
0 1 116 44 1 4
0 1 7 7 1 0
0 1 83 48 0 1
0 1 25 8 0 1
0 1 86 32 1 2
0 1 80 17 0 2
0 1 101 8 1 5
0 1 80 7 1 4
0 1 128 6 1 2
0 1 71 31 1 4
0 1 45 30 0 3
0 1 0 18 1 2
0 1 123 17 1 5
0 1 109 23 1 5
0 1 67 21 1 1
0 1 5 5 1 0
0 1 110 44 1 2
0 1 36 7 1 2
0 1 90 12 1 1
0 1 105 33 1 5
0 1 3 24 0 0
0 1 60 20 1 3
0 1 72 31 0 3
0 1 88 39 0 1
0 1 44 48 0 5
0 1 93 0 0 3
0 1 112 16 1 3
0 1 84 41 1 5
0 1 45 45 1 1
0 1 128 31 0 5
0 1 61 45 0 5
0 1 23 29 0 2
0 1 136 44 1 1
0 1 15 15 0 3
0 1 68 35 1 5
0 1 133 7 1 1
0 1 145 16 0 5
0 1 147 4 1 5
0 1 48 43 0 3
0 1 43 6 1 0
0 1 87 2 1 5
0 1 85 0 1 0
0 1 120 15 1 2
0 1 60 30 0 2
0 1 9 16 1 0
0 1 100 29 1 5
0 1 49 26 1 4
0 1 31 5 1 1
0 1 118 20 1 5
0 1 33 34 1 3
0 1 14 41 0 4
0 1 93 22 1 5
0 1 3 37 1 1
0 1 64 32 1 5
0 1 35 37 0 4
0 1 85 42 0 0
0 1 53 31 1 2
0 1 72 25 1 0
0 1 103 36 0 2
0 1 83 20 1 2
0 1 73 34 0 5
0 1 54 29 0 4
0 1 68 36 0 3
0 1 78 39 1 3
0 1 132 42 0 1
0 1 28 22 1 2
0 1 46 14 1 2
0 1 51 29 1 0
0 1 50 33 0 3
0 1 47 23 1 4
0 1 70 28 1 3
0 1 50 44 1 0
0 1 11 34 0 1
0 1 76 1 1 0
0 1 113 47 0 4
0 1 34 1 0 2
0 1 27 42 1 2
0 1 69 16 1 4
0 1 42 19 1 4
0 1 141 39 0 2
0 1 59 28 0 1
0 1 48 43 1 2
0 1 79 24 0 1
0 1 123 32 0 0
0 1 120 8 0 3
0 1 90 11 0 4
0 1 142 36 0 4
0 1 108 25 1 3
0 1 29 36 0 5
0 1 101 40 0 0
0 1 18 43 0 0
0 1 73 21 1 0
0 1 14 35 1 1
0 1 54 33 1 1
0 1 63 9 0 5
0 1 112 17 0 4
0 1 38 18 0 1
0 1 130 35 1 0
0 1 21 25 0 2
0 1 127 23 0 1
0 1 26 49 0 1
0 1 55 17 1 3
0 1 118 27 0 4
0 1 9 22 0 3
0 1 69 20 0 4
0 1 25 7 1 3
0 1 81 39 1 5
0 1 136 34 0 2
0 1 11 47 1 5
0 1 37 28 0 5
0 1 59 3 1 4
0 1 66 10 0 1
0 1 61 8 1 4
0 1 79 4 1 1
0 1 106 10 0 4
0 1 39 25 1 5
0 1 8 14 0 5
0 1 88 5 1 3
0 1 62 36 1 0
0 1 124 10 1 2
0 1 139 9 0 0
0 1 84 20 0 0
0 1 135 24 0 3
0 1 131 30 0 1
0 1 86 27 0 1
0 1 146 21 0 3
0 1 122 6 1 5
0 1 124 17 0 0
0 1 29 9 1 2
0 1 46 9 0 3
0 1 89 22 1 1
0 1 107 39 1 0
0 1 104 23 0 3
0 1 139 43 1 1
0 1 82 45 0 3
0 1 149 41 0 2
0 1 36 30 0 5
0 1 143 47 1 3
0 1 99 0 1 2
0 1 47 39 0 4
0 1 55 49 0 3
0 1 32 0 1 5
0 1 6 27 1 2
0 1 76 48 0 4
0 1 119 45 1 2
0 1 56 27 0 5
0 1 100 26 0 5
0 1 16 18 0 0
0 1 126 15 0 4
0 1 75 3 0 1
0 1 10 2 1 0
