0 1 88 12 1 0
0 1 67 18 1 4
0 1 134 23 1 1
0 1 63 17 0 2
0 1 58 38 1 5
0 1 33 25 1 1
0 1 57 8 1 2
0 1 128 36 1 5
0 1 116 11 0 5
0 1 136 19 1 2
0 1 7 41 0 1
0 1 109 47 0 1
0 1 7 33 1 5
0 1 107 19 0 4
0 1 36 24 1 4
0 1 80 35 1 0
0 1 102 11 1 3
0 1 10 38 1 4
0 1 21 14 0 2
0 1 27 34 0 0
0 1 87 32 1 2
0 1 118 48 0 4
0 1 13 24 1 2
0 1 117 43 0 5
0 1 84 28 0 1
0 1 146 6 1 3
0 1 130 7 0 3
0 1 90 16 1 2
0 1 56 3 1 0
0 1 45 27 0 2
0 1 56 15 0 0
0 1 101 11 0 2
0 1 82 4 0 3
0 1 139 4 0 4
0 1 80 44 0 1
0 1 91 7 1 5
0 1 44 29 1 3
0 1 149 42 1 4
0 1 0 8 0 4
0 1 142 15 1 3
0 1 23 32 0 4
0 1 103 2 0 3
0 1 110 1 0 0
0 1 40 21 0 2
0 1 149 47 0 5
0 1 1 13 0 0
0 1 132 14 0 3
0 1 144 7 1 1
0 1 84 14 1 1
0 1 117 23 1 3
0 1 136 25 0 0
0 1 74 49 1 1
0 1 76 25 0 4
0 1 105 19 1 1
0 1 2 38 1 0
0 1 123 12 1 3
0 1 20 7 1 2
0 1 18 28 0 0
0 1 87 22 0 3
0 1 134 9 0 5
0 1 65 2 1 1
0 1 141 3 0 3
0 1 40 4 1 0
0 1 32 8 1 1
0 1 62 37 1 2
0 1 145 10 0 4
0 1 61 44 1 2
0 1 96 20 1 4
0 1 30 19 0 0
0 1 66 36 0 1
0 1 48 19 0 5
0 1 89 21 1 3
0 1 82 28 1 3
0 1 125 29 0 0
0 1 47 47 1 0
0 1 94 3 0 4
0 1 4 37 1 4
0 1 126 26 0 0
0 1 140 30 0 1
0 1 45 49 1 5
0 1 79 16 0 4
0 1 108 12 0 2
0 1 23 20 1 1
0 1 39 1 1 4
0 1 68 31 1 1
0 1 64 23 1 2
0 1 74 11 0 0
0 1 68 27 0 4
0 1 138 36 1 3
0 1 128 9 0 3
0 1 43 8 1 0
0 1 102 36 0 2
0 1 85 21 0 1
0 1 35 39 0 2
0 1 120 30 1 0
0 1 141 42 1 5
0 1 16 6 0 4
0 1 52 48 0 0
0 1 8 40 0 0
0 1 104 34 1 3
0 1 46 21 0 0
0 1 37 0 0 4
0 1 95 29 1 2
0 1 24 9 1 4
0 1 92 22 1 0
0 1 119 42 0 0
0 1 110 48 1 1
0 1 60 36 1 0
0 1 81 10 0 3
0 1 71 13 1 1
0 1 135 9 1 1
0 1 98 44 0 4
0 1 51 42 1 2
0 1 36 45 0 2
0 1 69 0 0 1
0 1 15 5 0 3
0 1 107 10 1 0
0 1 14 35 0 4
0 1 52 33 1 4
0 1 137 4 0 2
0 1 38 45 0 1
0 1 129 18 1 3
0 1 139 16 1 3
0 1 6 36 0 4
0 1 133 2 1 4
0 1 79 10 1 2
0 1 10 23 0 5
0 1 78 35 1 5
0 1 113 12 0 1
0 1 77 23 0 4
0 1 121 7 1 0
0 1 9 11 1 4
0 1 93 39 1 4
0 1 123 17 0 5
0 1 120 31 0 2
0 1 26 28 1 4
0 1 71 35 0 3
0 1 8 16 1 5
0 1 73 21 1 5
0 1 145 26 1 1
0 1 144 1 0 2
0 1 0 48 1 3
0 1 12 37 0 1
0 1 133 27 0 0
0 1 86 48 0 2
0 1 39 27 0 5
0 1 97 47 0 2
0 1 99 13 0 5
0 1 70 39 0 5
0 1 53 17 1 1
0 1 143 32 0 0
0 1 42 5 1 1
0 1 11 42 0 1
0 1 34 43 1 3
0 1 111 35 1 2
0 1 143 29 1 1
0 1 69 4 1 1
0 1 115 10 0 1
0 1 22 38 0 1
0 1 66 15 1 1
0 1 70 45 1 4
0 1 109 49 1 3
0 1 9 31 0 3
0 1 21 34 1 1
0 1 41 27 0 3
0 1 12 30 1 4
0 1 114 26 0 4
0 1 112 15 1 2
0 1 2 43 0 2
0 1 3 3 0 2
0 1 131 47 1 3
0 1 118 5 1 4
0 1 147 32 1 5
0 1 76 37 1 0
0 1 50 13 1 4
0 1 19 35 0 1
0 1 54 40 0 1
0 1 17 20 1 5
0 1 29 1 0 5
0 1 20 33 0 0
0 1 111 16 0 1
0 1 22 2 1 0
0 1 55 39 0 1
0 1 140 46 1 0
0 1 95 38 0 3
0 1 81 5 1 5
0 1 96 49 0 4
0 1 54 34 1 4
0 1 15 39 1 3
0 1 126 20 1 2
0 1 38 14 1 0
0 1 51 1 0 1
0 1 5 32 0 3
0 1 34 31 0 0
0 1 124 29 0 4
0 1 135 9 0 2
0 1 29 17 1 3
0 1 77 12 1 4
0 1 14 33 1 1
0 1 47 20 0 0
0 1 89 47 0 4
0 1 122 24 0 3
0 1 148 24 0 1
0 1 105 13 0 2
0 1 122 40 1 2
0 1 90 30 0 2
0 1 85 46 1 2
0 1 27 14 1 4
0 1 33 42 0 3
0 1 18 43 1 0
0 1 31 5 1 2
0 1 119 32 1 1
0 1 131 41 0 4
0 1 32 0 0 0
0 1 43 8 0 5
0 1 55 17 1 0
0 1 100 4 1 5
0 1 98 18 1 1
0 1 97 44 1 0
0 1 63 12 1 5
0 1 46 14 1 5
0 1 4 30 0 5
0 1 26 44 0 5
0 1 72 33 0 2
0 1 6 20 1 3
0 1 130 37 1 3
0 1 50 11 0 1
0 1 83 25 0 5
0 1 28 28 0 2
0 1 91 41 0 2
0 1 61 2 0 2
0 1 17 48 0 5
0 1 42 46 0 4
0 1 48 33 1 3
0 1 124 25 1 3
0 1 75 38 1 2
0 1 28 5 1 0
0 1 88 6 0 1
0 1 19 2 1 5
0 1 142 9 0 0
0 1 115 7 1 4
0 1 62 29 0 5
0 1 99 31 1 4
0 1 101 27 1 1
0 1 121 46 0 5
0 1 13 25 0 2
0 1 147 6 0 5
0 1 3 19 1 3
0 1 106 24 0 0
0 1 41 22 1 1
0 1 116 39 1 0
0 1 31 6 0 0
0 1 75 37 0 5
0 1 60 40 0 5
0 1 83 44 1 3
0 1 112 0 0 5
0 1 94 43 1 4
0 1 57 15 0 5
0 1 49 8 1 3
0 1 106 22 1 2
0 1 93 22 0 4
0 1 100 46 0 1
0 1 103 34 1 5
0 1 73 22 0 5
0 1 64 45 0 3
0 1 25 49 1 2
0 1 53 26 0 5
0 1 146 15 0 4
0 1 104 18 0 5
0 1 132 13 1 3
0 1 30 45 1 0
0 1 114 40 1 3
0 1 37 0 1 3
0 1 25 41 0 0
0 1 125 18 1 2
0 1 44 46 0 3
0 1 58 24 0 5
0 1 65 16 0 0
0 1 78 6 0 2
0 1 72 45 1 5
0 1 127 23 1 0
0 1 148 21 1 4
0 1 35 18 1 0
0 1 59 1 0 3
0 1 67 49 0 0
0 1 137 41 1 3
0 1 59 28 1 5
0 1 5 3 1 1
0 1 11 34 1 2
0 1 1 43 1 1
0 1 24 26 0 3
0 1 138 3 0 5
0 1 16 30 1 3
0 1 92 31 0 5
0 1 129 41 0 5
0 1 113 0 1 2
0 1 49 17 0 4
0 1 86 10 1 5
0 1 127 40 0 4
0 1 108 26 1 2
