0 1 86 14 0 5
0 1 85 22 0 3
0 1 38 4 0 3
0 1 13 6 1 3
0 1 16 45 0 1
0 1 97 0 0 4
0 1 104 22 1 2
0 1 74 21 1 3
0 1 19 6 1 0
0 1 9 17 1 3
0 1 135 9 1 3
0 1 118 25 0 2
0 1 111 47 0 3
0 1 71 9 1 4
0 1 95 22 1 0
0 1 10 9 0 5
0 1 50 29 0 3
0 1 14 2 0 5
0 1 23 32 0 4
0 1 80 34 1 1
0 1 100 14 0 2
0 1 119 7 0 3
0 1 105 24 1 1
0 1 59 35 1 4
0 1 112 12 1 1
0 1 0 44 0 3
0 1 145 5 0 4
0 1 115 9 0 1
0 1 111 38 1 4
0 1 65 30 0 5
0 1 144 19 1 3
0 1 1 41 1 4
0 1 56 43 0 5
0 1 117 30 0 1
0 1 79 20 1 1
0 1 139 29 1 4
0 1 6 27 1 0
0 1 57 41 0 2
0 1 123 27 0 3
0 1 72 5 0 2
0 1 8 25 0 5
0 1 62 44 0 1
0 1 90 48 1 5
0 1 116 30 1 3
0 1 137 17 0 4
0 1 147 34 1 0
0 1 141 2 1 2
0 1 140 38 1 3
0 1 118 11 1 5
0 1 25 33 1 5
0 1 140 49 0 5
0 1 58 17 1 0
0 1 80 36 0 2
0 1 106 30 0 4
0 1 18 35 1 1
0 1 38 13 1 4
0 1 109 5 0 0
0 1 57 48 1 0
0 1 52 34 1 2
0 1 93 26 1 1
0 1 66 8 0 1
0 1 55 18 0 0
0 1 94 37 0 4
0 1 33 26 1 3
0 1 84 38 1 5
0 1 31 18 0 1
0 1 121 19 0 1
0 1 79 11 0 1
0 1 43 28 1 0
0 1 30 32 0 3
0 1 60 29 0 1
0 1 106 36 1 1
0 1 124 29 0 2
0 1 52 14 0 3
0 1 88 2 1 4
0 1 100 16 1 0
0 1 55 28 1 5
0 1 102 39 0 5
0 1 12 49 0 4
0 1 97 42 1 2
0 1 15 33 0 0
0 1 46 19 1 5
0 1 66 36 1 4
0 1 139 45 0 4
0 1 134 16 0 2
0 1 126 24 0 3
0 1 4 0 0 1
0 1 143 15 0 1
0 1 56 3 1 5
0 1 104 9 0 2
0 1 24 37 0 3
0 1 28 42 1 5
0 1 28 11 0 4
0 1 108 30 0 2
0 1 54 12 1 4
0 1 122 41 0 5
0 1 29 1 0 3
0 1 3 28 1 3
0 1 44 39 0 0
0 1 23 20 1 3
0 1 45 35 0 3
0 1 53 1 1 4
0 1 114 28 0 2
0 1 43 10 0 4
0 1 46 18 0 4
0 1 131 4 0 1
0 1 143 43 1 2
0 1 103 3 0 0
0 1 69 40 1 2
0 1 84 5 0 5
0 1 89 45 1 3
0 1 42 15 1 5
0 1 96 19 0 0
0 1 63 27 1 5
0 1 107 36 1 3
0 1 87 8 0 2
0 1 141 47 0 5
0 1 36 27 0 2
0 1 16 23 1 1
0 1 132 6 1 4
0 1 124 47 1 1
0 1 61 29 1 0
0 1 1 13 0 1
0 1 98 22 1 4
0 1 34 13 1 2
0 1 121 15 1 2
0 1 136 18 1 5
0 1 18 31 0 0
0 1 11 9 0 0
0 1 144 46 0 1
0 1 68 44 0 2
0 1 133 46 0 4
0 1 26 26 1 0
0 1 21 7 1 1
0 1 127 10 1 1
0 1 102 21 1 4
0 1 128 27 0 4
0 1 117 42 1 4
0 1 126 8 1 4
0 1 34 26 0 2
0 1 70 8 1 0
0 1 51 34 0 3
0 1 41 48 0 1
0 1 41 31 1 1
0 1 107 5 0 3
0 1 99 7 1 2
0 1 67 1 0 2
0 1 90 7 0 0
0 1 88 24 0 4
0 1 27 41 1 0
0 1 53 10 0 5
0 1 110 43 0 0
0 1 85 21 1 2
0 1 82 0 1 3
0 1 19 10 0 0
0 1 147 33 0 4
0 1 110 41 1 1
0 1 60 48 1 4
0 1 14 16 1 4
0 1 101 44 1 0
0 1 81 18 0 2
0 1 145 7 1 4
0 1 0 45 1 5
0 1 24 12 1 0
0 1 91 31 1 4
0 1 137 49 1 1
0 1 70 44 0 5
0 1 146 11 1 0
0 1 142 13 1 3
0 1 49 38 0 2
0 1 2 19 1 2
0 1 133 25 1 1
0 1 4 40 1 0
0 1 131 46 1 5
0 1 22 20 0 0
0 1 44 31 1 2
0 1 149 24 1 5
0 1 64 37 0 2
0 1 11 25 1 3
0 1 103 0 1 2
0 1 32 0 1 5
0 1 108 14 1 4
0 1 64 34 1 4
0 1 21 45 0 2
0 1 128 31 1 5
0 1 138 40 1 3
0 1 27 36 0 5
0 1 75 0 1 0
0 1 148 14 0 0
0 1 7 3 1 2
0 1 122 30 1 0
0 1 142 16 0 1
0 1 120 33 1 3
0 1 30 43 1 3
0 1 5 7 0 5
0 1 45 12 1 3
0 1 146 25 0 4
0 1 26 28 0 1
0 1 73 20 1 5
0 1 92 15 0 3
0 1 47 23 1 3
0 1 87 44 1 4
0 1 39 41 1 3
0 1 68 38 1 1
0 1 22 23 1 5
0 1 136 46 0 0
0 1 2 42 0 1
0 1 39 17 0 1
0 1 78 33 0 2
0 1 49 11 1 2
0 1 63 46 0 3
0 1 54 13 0 5
0 1 130 35 1 0
0 1 37 23 1 0
0 1 125 10 1 2
0 1 94 8 1 3
0 1 37 16 0 3
0 1 89 43 0 1
0 1 109 15 1 0
0 1 135 6 0 1
0 1 31 26 1 4
0 1 58 24 0 0
0 1 50 23 1 4
0 1 123 47 1 0
0 1 148 38 1 0
0 1 99 12 0 2
0 1 65 47 1 2
0 1 72 39 1 4
0 1 77 48 0 3
0 1 10 28 1 4
0 1 95 40 0 4
0 1 59 40 0 5
0 1 76 4 0 4
0 1 75 8 0 5
0 1 35 33 1 1
0 1 15 49 1 3
0 1 5 39 1 1
0 1 71 40 0 1
0 1 48 15 1 4
0 1 113 49 0 2
0 1 82 2 0 0
0 1 67 3 1 4
0 1 78 16 1 5
0 1 69 21 0 1
0 1 125 2 0 1
0 1 17 14 1 1
0 1 7 21 0 0
0 1 98 6 0 5
0 1 83 4 1 2
0 1 127 12 0 5
0 1 138 4 0 0
0 1 12 21 1 5
0 1 25 10 0 3
0 1 129 42 0 0
0 1 20 31 1 3
0 1 8 35 1 5
0 1 105 26 0 5
0 1 132 32 0 2
0 1 13 17 0 5
0 1 62 45 1 0
0 1 91 35 0 2
0 1 83 6 0 2
0 1 77 42 1 3
0 1 9 43 0 4
0 1 101 49 0 0
0 1 116 23 0 2
0 1 86 3 1 3
0 1 119 39 1 3
0 1 93 18 0 3
0 1 20 25 0 0
0 1 51 46 1 2
0 1 36 37 1 5
0 1 40 2 1 3
0 1 74 22 0 5
0 1 112 5 0 1
0 1 47 32 0 5
0 1 40 1 0 5
0 1 92 24 1 2
0 1 29 27 1 1
0 1 113 4 1 5
0 1 3 48 0 2
0 1 114 13 1 0
0 1 120 19 0 4
0 1 96 37 1 1
0 1 61 37 0 0
0 1 115 3 1 1
0 1 149 20 0 2
0 1 32 39 0 2
0 1 6 47 0 4
0 1 42 17 0 2
0 1 134 29 1 5
0 1 73 11 0 3
0 1 81 20 1 4
0 1 76 1 1 0
0 1 33 36 0 0
0 1 17 34 0 5
0 1 35 1 0 1
0 1 130 22 0 1
0 1 129 32 1 1
0 1 48 32 0 0
