0 1 35 17 1 4
0 1 141 7 0 1
0 1 49 29 0 1
0 1 121 34 1 1
0 1 144 11 1 0
0 1 0 21 0 1
0 1 49 43 1 4
0 1 6 18 0 0
0 1 7 18 1 1
0 1 136 41 1 2
0 1 53 28 0 3
0 1 122 43 0 0
0 1 93 10 1 0
0 1 140 2 1 3
0 1 109 35 0 3
0 1 131 6 0 0
0 1 130 49 0 2
0 1 142 26 1 0
0 1 84 32 1 4
0 1 117 26 0 1
0 1 97 20 1 4
0 1 26 30 1 4
0 1 113 21 0 3
0 1 134 4 0 4
0 1 148 38 1 3
0 1 12 7 0 0
0 1 132 22 0 3
0 1 22 13 1 4
0 1 31 48 1 4
0 1 57 37 0 1
0 1 91 2 1 0
0 1 95 0 1 4
0 1 96 20 1 1
0 1 36 44 0 3
0 1 70 34 0 4
0 1 145 36 0 2
0 1 7 32 0 0
0 1 112 23 1 2
0 1 37 22 0 0
0 1 54 35 1 4
0 1 115 40 1 4
0 1 45 6 1 2
0 1 113 24 1 2
0 1 68 22 1 1
0 1 65 3 0 3
0 1 138 25 1 2
0 1 89 21 1 5
0 1 60 7 0 4
0 1 121 45 0 3
0 1 108 41 1 5
0 1 27 25 0 4
0 1 24 35 1 5
0 1 50 15 1 1
0 1 108 40 0 1
0 1 46 7 1 3
0 1 90 1 1 4
0 1 51 47 1 2
0 1 33 20 1 3
0 1 5 31 0 2
0 1 42 9 0 2
0 1 87 39 0 1
0 1 75 27 1 2
0 1 61 33 1 3
0 1 4 18 0 2
0 1 136 12 0 2
0 1 55 47 0 1
0 1 91 24 0 5
0 1 78 40 1 3
0 1 106 29 0 3
0 1 148 5 0 0
0 1 63 26 0 5
0 1 69 39 1 2
0 1 133 48 0 0
0 1 32 33 0 1
0 1 8 24 0 4
0 1 127 23 1 3
0 1 120 35 1 0
0 1 48 23 1 1
0 1 2 37 1 4
0 1 30 13 0 3
0 1 73 33 0 4
0 1 20 33 1 2
0 1 88 42 0 4
0 1 86 45 0 5
0 1 104 38 1 1
0 1 100 28 1 4
0 1 16 11 0 1
0 1 79 9 1 0
0 1 6 22 1 2
0 1 107 48 1 3
0 1 40 22 0 4
0 1 24 13 0 2
0 1 20 24 0 1
0 1 60 8 1 1
0 1 17 49 0 1
0 1 105 21 0 0
0 1 75 26 0 4
0 1 10 6 1 4
0 1 98 48 0 1
0 1 94 12 0 0
0 1 74 14 0 5
0 1 28 11 1 5
0 1 26 19 0 1
0 1 123 39 0 0
0 1 149 26 1 3
0 1 100 24 0 0
0 1 102 14 1 3
0 1 41 47 1 0
0 1 62 14 1 4
0 1 118 4 0 2
0 1 41 41 0 1
0 1 13 40 1 2
0 1 30 17 1 5
0 1 146 1 0 0
0 1 135 16 0 2
0 1 101 15 1 2
0 1 101 0 0 1
0 1 67 37 1 0
0 1 66 38 1 4
0 1 125 28 1 2
0 1 114 8 1 3
0 1 9 42 1 5
0 1 2 30 0 2
0 1 77 10 0 5
0 1 56 5 0 3
0 1 10 11 0 4
0 1 64 38 1 0
0 1 130 30 1 3
0 1 127 45 0 0
0 1 86 35 1 2
0 1 147 42 0 3
0 1 76 43 0 3
0 1 119 15 1 4
0 1 92 29 1 0
0 1 36 21 1 2
0 1 39 23 1 0
0 1 1 28 0 5
0 1 116 6 0 1
0 1 74 27 1 5
0 1 79 5 0 5
0 1 29 17 1 3
0 1 122 13 1 1
0 1 68 15 0 5
0 1 37 41 1 4
0 1 34 31 1 5
0 1 31 16 0 3
0 1 83 3 0 1
0 1 58 22 1 5
0 1 65 19 1 2
0 1 62 48 0 5
0 1 59 9 0 3
0 1 99 8 0 4
0 1 126 45 1 1
0 1 119 44 0 5
0 1 82 46 0 4
0 1 95 12 0 3
0 1 70 45 1 4
0 1 66 20 0 0
0 1 139 17 0 2
0 1 9 13 0 0
0 1 109 6 1 5
0 1 78 19 0 5
0 1 15 43 1 5
0 1 144 4 0 0
0 1 143 7 0 5
0 1 61 29 0 4
0 1 15 20 0 5
0 1 76 35 1 1
0 1 134 14 1 0
0 1 97 34 0 5
0 1 89 31 0 1
0 1 3 3 1 4
0 1 135 16 1 5
0 1 112 5 0 4
0 1 69 25 0 3
0 1 85 8 0 5
0 1 104 2 0 4
0 1 44 44 0 0
0 1 129 46 1 0
0 1 18 10 1 4
0 1 111 44 0 4
0 1 17 3 1 5
0 1 72 4 0 5
0 1 21 21 0 4
0 1 67 49 0 4
0 1 5 25 1 5
0 1 16 12 1 5
0 1 94 34 1 2
0 1 99 14 1 1
0 1 23 37 1 2
0 1 149 39 0 5
0 1 38 2 1 1
0 1 56 46 1 2
0 1 33 34 0 3
0 1 132 48 1 2
0 1 142 26 0 2
0 1 114 27 0 1
0 1 52 24 1 3
0 1 19 10 0 2
0 1 107 29 0 5
0 1 71 6 1 3
0 1 28 31 0 3
0 1 124 15 1 3
0 1 18 19 0 0
0 1 48 41 0 0
0 1 53 36 1 1
0 1 54 9 0 4
0 1 27 10 1 1
0 1 22 25 0 0
0 1 120 28 0 1
0 1 0 49 1 0
0 1 138 7 0 2
0 1 8 1 1 2
0 1 21 3 1 0
0 1 50 42 0 0
0 1 123 43 1 1
0 1 51 44 0 1
0 1 32 36 1 4
0 1 116 25 1 1
0 1 146 16 1 0
0 1 92 27 0 3
0 1 3 4 0 3
0 1 40 45 1 2
0 1 25 23 0 4
0 1 124 31 0 0
0 1 105 42 1 1
0 1 106 9 1 1
0 1 103 19 1 4
0 1 110 18 0 4
0 1 71 46 0 5
0 1 125 8 0 0
0 1 4 16 1 4
0 1 1 2 1 5
0 1 128 36 1 0
0 1 82 38 1 5
0 1 98 18 1 5
0 1 111 30 1 1
0 1 64 27 0 0
0 1 35 34 0 0
0 1 14 41 0 3
0 1 34 1 0 5
0 1 85 46 1 3
0 1 23 15 0 0
0 1 19 40 1 5
0 1 133 29 1 2
0 1 128 40 0 0
0 1 84 0 0 2
0 1 81 1 1 3
0 1 90 47 0 3
0 1 143 30 1 0
0 1 11 33 1 0
0 1 52 0 0 0
0 1 58 43 0 2
0 1 117 39 1 4
0 1 103 1 0 1
0 1 73 19 1 3
0 1 147 36 1 3
0 1 43 37 0 3
0 1 126 17 0 0
0 1 45 23 0 5
0 1 131 38 1 2
0 1 46 32 0 3
0 1 59 28 1 0
0 1 118 11 1 3
0 1 96 11 0 2
0 1 42 32 1 2
0 1 13 14 0 2
0 1 55 13 1 5
0 1 44 18 1 3
0 1 29 27 0 4
0 1 43 16 1 1
0 1 38 46 0 1
0 1 72 4 1 1
0 1 88 5 1 1
0 1 39 32 0 1
0 1 137 44 0 2
0 1 77 20 1 2
0 1 110 49 1 5
0 1 102 39 0 3
0 1 87 49 1 3
0 1 139 32 1 5
0 1 47 33 0 5
0 1 12 0 1 3
0 1 83 8 1 2
0 1 145 12 1 4
0 1 93 5 0 2
0 1 11 2 0 2
0 1 47 37 1 5
0 1 81 30 0 5
0 1 14 9 1 5
0 1 25 12 1 1
0 1 80 10 0 3
0 1 115 17 0 1
0 1 129 47 0 4
0 1 57 36 1 5
0 1 141 31 1 4
0 1 140 0 0 5
0 1 63 47 1 5
0 1 137 42 1 2
0 1 80 3 1 2
