0 1 34 22 0 2
0 1 130 32 1 0
0 1 47 10 1 3
0 1 93 35 0 1
0 1 95 22 1 1
0 1 4 39 0 5
0 1 16 39 0 2
0 1 147 20 1 0
0 1 47 33 0 5
0 1 17 1 1 4
0 1 74 15 0 0
0 1 67 37 1 2
0 1 62 43 0 0
0 1 126 35 0 4
0 1 139 41 0 2
0 1 144 39 0 3
0 1 52 34 0 4
0 1 5 6 0 1
0 1 86 4 0 5
0 1 85 12 0 0
0 1 52 11 1 3
0 1 41 49 1 1
0 1 29 47 1 2
0 1 59 34 1 5
0 1 25 31 0 2
0 1 69 26 0 2
0 1 3 2 0 3
0 1 113 10 1 2
0 1 73 30 1 1
0 1 106 1 1 2
0 1 54 5 1 5
0 1 148 32 1 4
0 1 79 30 0 3
0 1 26 34 1 2
0 1 116 21 1 0
0 1 139 48 1 0
0 1 70 26 1 5
0 1 53 14 0 1
0 1 1 37 1 5
0 1 88 31 0 1
0 1 23 3 1 3
0 1 108 45 0 0
0 1 140 28 0 2
0 1 121 27 0 2
0 1 53 28 1 5
0 1 120 22 1 5
0 1 11 24 0 3
0 1 30 25 0 1
0 1 50 26 1 0
0 1 111 7 1 3
0 1 23 8 0 0
0 1 127 44 1 2
0 1 50 33 0 2
0 1 57 38 0 2
0 1 103 47 1 0
0 1 12 44 0 1
0 1 25 32 1 2
0 1 131 29 1 5
0 1 67 38 0 3
0 1 31 46 1 3
0 1 89 49 1 0
0 1 133 33 0 0
0 1 79 12 1 1
0 1 55 15 1 1
0 1 48 11 1 2
0 1 14 41 1 1
0 1 110 40 0 5
0 1 30 49 1 4
0 1 45 15 1 4
0 1 94 17 0 2
0 1 22 4 1 2
0 1 65 28 0 1
0 1 91 31 0 5
0 1 90 46 1 2
0 1 134 18 1 5
0 1 129 16 1 4
0 1 3 11 1 1
0 1 42 23 1 2
0 1 133 44 1 4
0 1 48 47 0 3
0 1 100 36 0 5
0 1 8 47 0 5
0 1 13 17 1 4
0 1 10 6 1 5
0 1 80 40 1 4
0 1 84 36 1 2
0 1 123 38 0 5
0 1 148 27 0 4
0 1 101 26 1 1
0 1 83 41 0 3
0 1 118 46 1 5
0 1 32 18 0 4
0 1 15 23 1 3
0 1 11 42 1 2
0 1 105 20 1 1
0 1 141 38 1 0
0 1 21 17 0 0
0 1 99 39 0 1
0 1 136 29 1 0
0 1 7 42 1 5
0 1 124 21 0 5
0 1 55 29 0 1
0 1 96 29 0 3
0 1 76 30 1 5
0 1 17 7 0 4
0 1 115 7 1 0
0 1 57 25 1 5
0 1 38 45 1 3
0 1 68 45 1 1
0 1 98 47 1 4
0 1 127 2 0 4
0 1 131 5 0 2
0 1 49 23 1 1
0 1 128 17 0 1
0 1 116 19 0 5
0 1 58 8 1 4
0 1 125 4 1 1
0 1 123 11 1 4
0 1 84 21 0 2
0 1 27 12 0 3
0 1 21 46 1 4
0 1 60 28 1 4
0 1 85 2 1 1
0 1 15 23 0 4
0 1 36 24 1 0
0 1 61 27 1 0
0 1 16 43 1 3
0 1 69 17 1 5
0 1 19 18 0 2
0 1 146 48 1 4
0 1 149 2 1 2
0 1 78 8 1 3
0 1 115 32 0 3
0 1 51 33 0 4
0 1 58 29 0 2
0 1 64 12 1 2
0 1 100 9 1 5
0 1 24 22 0 3
0 1 73 24 0 2
0 1 97 25 0 4
0 1 107 49 0 5
0 1 31 13 0 4
0 1 109 15 1 3
0 1 145 13 1 0
0 1 35 11 0 0
0 1 94 16 1 0
0 1 77 24 0 4
0 1 36 30 0 2
0 1 18 14 0 0
0 1 6 44 0 5
0 1 33 45 1 4
0 1 120 34 0 3
0 1 125 12 0 4
0 1 134 9 0 1
0 1 34 13 1 2
0 1 65 25 1 2
0 1 108 2 1 0
0 1 13 4 0 3
0 1 87 41 1 0
0 1 26 14 0 4
0 1 5 16 1 2
0 1 54 40 0 0
0 1 112 37 0 3
0 1 81 33 1 1
0 1 142 6 1 4
0 1 88 18 1 0
0 1 114 35 0 3
0 1 40 16 0 3
0 1 104 31 1 3
0 1 10 11 0 5
0 1 91 40 1 1
0 1 128 30 1 4
0 1 114 42 1 3
0 1 43 3 1 5
0 1 82 10 1 1
0 1 80 27 0 3
0 1 42 35 0 2
0 1 92 3 1 2
0 1 75 20 1 2
0 1 70 37 0 1
0 1 46 5 1 1
0 1 135 4 1 0
0 1 1 43 0 4
0 1 135 24 0 1
0 1 146 36 0 1
0 1 98 3 0 4
0 1 4 13 1 5
0 1 143 36 0 4
0 1 43 13 0 1
0 1 129 31 0 4
0 1 78 2 0 5
0 1 72 30 1 0
0 1 49 35 0 0
0 1 81 40 0 3
0 1 119 17 0 3
0 1 137 7 1 1
0 1 99 21 1 4
0 1 8 33 1 3
0 1 40 10 1 0
0 1 44 20 1 3
0 1 113 9 0 4
0 1 149 5 0 0
0 1 102 8 1 1
0 1 68 34 0 0
0 1 72 38 0 1
0 1 28 9 0 2
0 1 118 1 0 1
0 1 7 0 0 0
0 1 117 36 1 3
0 1 0 41 0 5
0 1 66 8 0 2
0 1 22 8 0 5
0 1 132 44 0 0
0 1 56 43 0 2
0 1 14 22 0 4
0 1 71 42 1 1
0 1 29 43 0 5
0 1 107 0 1 3
0 1 83 26 1 4
0 1 71 9 0 3
0 1 32 39 1 4
0 1 9 21 1 3
0 1 89 1 0 5
0 1 93 1 1 0
0 1 37 48 1 3
0 1 20 38 1 4
0 1 51 5 1 4
0 1 33 20 0 5
0 1 132 42 1 0
0 1 59 25 0 0
0 1 111 14 0 2
0 1 110 47 1 1
0 1 62 24 1 5
0 1 20 32 0 1
0 1 143 49 1 3
0 1 82 42 0 4
0 1 119 6 1 0
0 1 117 49 0 2
0 1 35 21 1 1
0 1 63 14 0 5
0 1 138 46 1 0
0 1 122 19 1 3
0 1 44 27 0 1
0 1 19 37 1 4
0 1 140 7 1 2
0 1 12 0 1 5
0 1 122 0 0 2
0 1 136 32 0 5
0 1 141 27 0 5
0 1 130 37 0 0
0 1 103 6 0 2
0 1 38 48 0 2
0 1 109 46 0 1
0 1 77 19 1 2
0 1 96 35 1 5
0 1 101 18 0 3
0 1 6 6 1 3
0 1 86 0 1 1
0 1 104 40 0 2
0 1 45 16 0 1
0 1 142 12 0 5
0 1 27 13 1 3
0 1 0 41 1 4
0 1 121 3 1 1
0 1 105 10 0 5
0 1 28 36 1 0
0 1 147 15 0 2
0 1 56 31 1 0
0 1 37 48 0 1
0 1 90 44 0 3
0 1 75 19 0 1
0 1 112 9 1 0
0 1 61 22 0 0
0 1 64 0 0 4
0 1 9 5 0 3
0 1 2 28 0 3
0 1 138 48 0 5
0 1 102 18 0 1
0 1 24 39 1 0
0 1 106 19 0 4
0 1 39 45 1 5
0 1 95 15 0 5
0 1 60 34 0 1
0 1 46 7 0 5
0 1 92 23 0 0
0 1 63 26 1 3
0 1 145 45 0 2
0 1 2 10 1 4
0 1 144 23 1 5
0 1 87 28 0 0
0 1 76 1 0 3
0 1 18 3 1 0
0 1 97 4 1 4
0 1 126 14 1 3
0 1 39 25 0 3
0 1 41 29 0 4
0 1 74 16 1 5
0 1 137 19 0 0
0 1 124 43 1 1
0 1 66 20 1 4
