0 1 87 41 0 4
0 1 79 34 1 0
0 1 90 49 0 4
0 1 119 23 1 2
0 1 56 36 1 1
0 1 9 30 1 3
0 1 130 3 1 4
0 1 102 11 1 5
0 1 41 45 1 1
0 1 83 15 0 3
0 1 102 17 0 1
0 1 145 15 0 1
0 1 95 17 1 3
0 1 109 6 0 5
0 1 54 32 1 4
0 1 68 23 1 1
0 1 12 47 0 2
0 1 147 24 1 2
0 1 111 41 1 2
0 1 132 42 1 3
0 1 119 32 0 1
0 1 140 9 1 5
0 1 71 42 0 4
0 1 57 0 1 5
0 1 123 17 0 0
0 1 64 47 0 1
0 1 139 44 1 4
0 1 94 28 0 1
0 1 33 23 0 5
0 1 80 33 0 4
0 1 77 9 0 3
0 1 85 4 0 5
0 1 16 30 0 1
0 1 103 11 0 2
0 1 148 6 1 0
0 1 142 0 0 0
0 1 36 15 1 5
0 1 128 48 0 4
0 1 90 45 1 5
0 1 73 36 1 3
0 1 126 0 0 3
0 1 112 37 0 3
0 1 24 22 1 1
0 1 19 14 1 5
0 1 18 5 0 4
0 1 130 2 0 4
0 1 39 37 0 5
0 1 109 26 1 0
0 1 60 40 0 5
0 1 114 44 0 0
0 1 103 3 1 3
0 1 100 25 1 1
0 1 115 12 1 4
0 1 2 20 1 1
0 1 7 22 1 5
0 1 31 16 0 3
0 1 127 8 1 0
0 1 131 15 0 4
0 1 28 22 0 0
0 1 132 33 0 0
0 1 137 8 0 2
0 1 110 26 1 3
0 1 139 47 0 4
0 1 146 27 0 4
0 1 97 21 1 1
0 1 133 46 1 1
0 1 144 27 0 3
0 1 118 4 1 2
0 1 91 12 0 3
0 1 99 46 1 2
0 1 111 29 0 1
0 1 21 36 1 5
0 1 113 46 0 0
0 1 82 48 0 1
0 1 67 19 1 3
0 1 62 35 1 1
0 1 107 38 0 4
0 1 14 13 1 3
0 1 81 38 1 3
0 1 74 36 0 2
0 1 17 32 1 5
0 1 84 18 1 1
0 1 105 7 1 5
0 1 97 18 0 2
0 1 38 41 1 1
0 1 124 6 1 2
0 1 49 27 1 0
0 1 144 48 1 5
0 1 67 41 0 0
0 1 36 19 0 1
0 1 3 39 0 2
0 1 53 0 1 1
0 1 20 32 1 0
0 1 148 13 0 1
0 1 70 18 1 3
0 1 42 10 0 2
0 1 136 47 1 3
0 1 22 11 0 3
0 1 131 40 1 0
0 1 63 6 0 1
0 1 3 21 1 3
0 1 76 18 0 5
0 1 10 43 1 2
0 1 126 41 1 5
0 1 106 24 0 4
0 1 93 25 0 3
0 1 5 37 1 4
0 1 116 46 0 4
0 1 92 23 0 0
0 1 93 28 1 4
0 1 51 24 1 3
0 1 17 6 0 3
0 1 120 38 0 5
0 1 88 19 1 5
0 1 58 19 0 0
0 1 149 11 1 4
0 1 75 44 1 2
0 1 106 28 1 0
0 1 147 48 0 3
0 1 4 9 0 1
0 1 69 31 0 2
0 1 49 1 0 0
0 1 60 21 1 5
0 1 108 33 1 3
0 1 100 38 0 1
0 1 91 13 1 5
0 1 71 10 1 4
0 1 125 44 1 5
0 1 72 36 1 4
0 1 29 43 0 5
0 1 95 25 0 5
0 1 105 35 0 3
0 1 141 30 0 5
0 1 140 3 0 0
0 1 123 8 1 1
0 1 56 11 0 1
0 1 26 42 1 1
0 1 55 20 1 4
0 1 70 26 0 2
0 1 12 27 1 1
0 1 149 19 0 4
0 1 27 31 1 4
0 1 34 20 0 2
0 1 50 4 0 4
0 1 83 49 1 3
0 1 113 35 1 0
0 1 45 18 0 0
0 1 86 40 0 1
0 1 19 1 0 3
0 1 78 22 1 2
0 1 35 29 0 4
0 1 66 1 0 2
0 1 75 12 0 0
0 1 30 35 0 2
0 1 48 44 1 3
0 1 29 46 1 5
0 1 35 37 1 1
0 1 25 21 0 0
0 1 15 21 1 2
0 1 21 7 0 1
0 1 101 37 0 2
0 1 7 8 0 3
0 1 22 17 1 2
0 1 41 37 0 0
0 1 81 14 0 4
0 1 88 2 0 3
0 1 47 5 0 1
0 1 129 31 0 3
0 1 44 32 1 3
0 1 143 34 1 5
0 1 65 41 0 3
0 1 4 39 1 3
0 1 96 34 0 4
0 1 65 48 1 0
0 1 128 16 1 0
0 1 122 19 0 2
0 1 98 28 1 2
0 1 107 44 1 1
0 1 45 31 1 5
0 1 52 10 1 5
0 1 84 23 0 3
0 1 58 45 1 0
0 1 5 8 0 4
0 1 57 49 0 5
0 1 64 26 1 1
0 1 18 12 1 5
0 1 40 34 0 3
0 1 87 40 1 2
0 1 135 30 0 2
0 1 145 3 1 5
0 1 76 45 1 3
0 1 0 16 0 2
0 1 23 14 1 3
0 1 6 35 0 5
0 1 11 7 1 2
0 1 44 24 0 1
0 1 92 39 1 4
0 1 8 49 0 1
0 1 9 42 0 5
0 1 55 43 0 4
0 1 51 21 0 4
0 1 46 28 0 5
0 1 117 10 0 3
0 1 39 26 1 5
0 1 94 40 1 3
0 1 68 27 0 2
0 1 85 43 1 1
0 1 125 29 0 5
0 1 79 15 0 2
0 1 121 10 1 1
0 1 46 36 1 0
0 1 129 25 1 2
0 1 69 1 1 4
0 1 134 25 1 0
0 1 104 14 0 2
0 1 30 24 1 5
0 1 80 17 1 5
0 1 127 5 0 5
0 1 124 34 0 1
0 1 141 13 1 4
0 1 54 30 0 4
0 1 133 47 0 0
0 1 52 0 0 2
0 1 136 12 0 2
0 1 20 49 0 0
0 1 114 42 1 2
0 1 134 47 0 5
0 1 1 10 0 0
0 1 66 18 1 4
0 1 98 2 0 1
0 1 16 33 1 5
0 1 138 43 1 0
0 1 116 40 1 4
0 1 86 5 1 2
0 1 6 32 1 2
0 1 38 13 0 0
0 1 138 20 0 5
0 1 110 11 0 0
0 1 34 8 1 5
0 1 122 0 1 4
0 1 31 17 1 4
0 1 25 1 1 5
0 1 33 28 1 3
0 1 73 39 0 5
0 1 118 29 0 0
0 1 104 4 1 1
0 1 142 29 1 3
0 1 137 16 1 1
0 1 37 31 1 1
0 1 8 7 1 0
0 1 96 46 1 3
0 1 2 27 0 5
0 1 59 6 1 4
0 1 117 3 1 2
0 1 63 25 1 4
0 1 27 39 0 0
0 1 121 16 0 4
0 1 78 3 0 1
0 1 82 26 1 4
0 1 13 30 1 0
0 1 146 22 1 3
0 1 61 34 0 2
0 1 0 2 1 5
0 1 59 45 0 2
0 1 32 1 1 1
0 1 14 4 0 3
0 1 143 5 0 3
0 1 42 13 1 2
0 1 43 9 0 2
0 1 47 38 1 0
0 1 23 35 0 4
0 1 15 33 0 1
0 1 11 23 0 4
0 1 1 49 1 2
0 1 101 39 1 1
0 1 115 14 0 1
0 1 40 2 1 2
0 1 120 29 1 2
0 1 24 20 0 3
0 1 26 33 0 2
0 1 72 14 0 0
0 1 74 2 1 0
0 1 112 15 1 0
0 1 50 22 1 4
0 1 13 5 0 0
0 1 89 12 0 1
0 1 99 38 0 2
0 1 48 16 0 5
0 1 43 43 1 3
0 1 89 9 1 4
0 1 10 9 0 0
0 1 61 20 1 0
0 1 53 31 0 0
0 1 28 7 1 4
0 1 135 7 1 3
0 1 37 42 0 0
0 1 62 24 0 0
0 1 77 4 1 0
0 1 32 48 0 2
0 1 108 45 0 4
