0 1 130 3 0 3
0 1 57 42 1 4
0 1 145 31 1 5
0 1 83 44 1 0
0 1 36 49 0 5
0 1 30 14 0 3
0 1 4 42 0 0
0 1 128 18 0 5
0 1 46 4 0 1
0 1 99 0 1 5
0 1 40 27 0 3
0 1 48 31 1 3
0 1 5 19 1 0
0 1 62 23 0 1
0 1 23 28 1 3
0 1 32 33 0 2
0 1 134 38 1 4
0 1 94 33 0 3
0 1 38 12 0 4
0 1 25 17 1 0
0 1 18 43 1 3
0 1 92 2 0 5
0 1 29 41 0 0
0 1 81 25 0 4
0 1 76 15 1 3
0 1 15 17 1 2
0 1 107 28 0 1
0 1 85 6 0 2
0 1 87 2 1 4
0 1 64 38 1 1
0 1 2 24 1 2
0 1 80 36 1 2
0 1 19 18 1 2
0 1 24 37 0 3
0 1 104 48 1 3
0 1 144 2 1 1
0 1 62 41 1 1
0 1 95 4 1 0
0 1 137 8 0 3
0 1 31 15 0 0
0 1 92 10 1 2
0 1 70 30 0 0
0 1 139 44 1 2
0 1 1 1 0 5
0 1 35 21 1 5
0 1 101 6 1 4
0 1 9 21 0 0
0 1 66 12 1 2
0 1 103 18 1 3
0 1 36 0 1 1
0 1 61 12 1 3
0 1 137 13 1 4
0 1 22 4 1 5
0 1 10 13 0 0
0 1 38 4 1 4
0 1 120 29 0 0
0 1 93 38 0 5
0 1 148 8 0 5
0 1 106 35 1 1
0 1 99 12 0 1
0 1 8 37 1 5
0 1 70 43 1 2
0 1 101 4 0 2
0 1 124 13 1 3
0 1 85 20 1 5
0 1 149 25 0 2
0 1 109 9 1 3
0 1 59 1 1 2
0 1 17 14 0 0
0 1 29 13 1 1
0 1 22 14 0 4
0 1 21 32 1 5
0 1 71 39 0 2
0 1 27 5 1 5
0 1 89 37 0 2
0 1 65 3 0 2
0 1 136 41 0 3
0 1 56 33 1 5
0 1 141 28 1 2
0 1 72 17 0 3
0 1 133 41 1 4
0 1 98 5 0 4
0 1 58 21 1 3
0 1 128 29 1 5
0 1 44 49 1 0
0 1 145 15 0 4
0 1 66 40 0 0
0 1 142 26 0 2
0 1 78 16 1 0
0 1 33 27 0 4
0 1 43 46 1 0
0 1 135 39 1 4
0 1 64 49 0 1
0 1 131 47 0 1
0 1 112 18 1 4
0 1 74 32 1 0
0 1 63 30 1 1
0 1 14 0 0 4
0 1 125 41 0 5
0 1 24 27 1 1
0 1 79 25 0 5
0 1 115 26 1 5
0 1 96 7 0 3
0 1 28 43 1 1
0 1 147 26 0 1
0 1 6 2 1 0
0 1 78 24 0 5
0 1 27 34 0 2
0 1 34 21 1 2
0 1 123 46 0 4
0 1 53 20 0 0
0 1 39 9 0 5
0 1 14 46 1 3
0 1 119 8 0 2
0 1 113 6 1 5
0 1 105 34 1 5
0 1 111 24 1 3
0 1 91 11 1 4
0 1 134 10 0 4
0 1 13 1 0 0
0 1 45 34 0 1
0 1 125 0 1 2
0 1 81 3 1 4
0 1 48 47 0 3
0 1 0 7 0 2
0 1 8 8 0 0
0 1 11 35 0 2
0 1 114 18 1 0
0 1 84 36 0 4
0 1 37 11 0 3
0 1 122 23 0 5
0 1 108 40 1 3
0 1 124 47 0 5
0 1 16 44 1 4
0 1 13 47 1 4
0 1 71 42 1 5
0 1 7 20 0 4
0 1 73 9 0 2
0 1 37 20 1 3
0 1 67 41 1 2
0 1 34 40 0 2
0 1 12 7 0 0
0 1 56 14 0 1
0 1 84 23 1 0
0 1 132 29 0 3
0 1 39 33 1 1
0 1 144 37 0 0
0 1 131 29 1 1
0 1 127 45 1 4
0 1 118 33 1 4
0 1 105 11 0 5
0 1 121 11 0 1
0 1 104 42 0 2
0 1 7 16 1 5
0 1 26 21 1 4
0 1 77 43 0 0
0 1 142 36 1 3
0 1 74 21 0 1
0 1 139 10 0 0
0 1 47 16 0 4
0 1 121 36 1 5
0 1 41 8 1 4
0 1 6 49 0 3
0 1 19 49 0 4
0 1 65 30 1 5
0 1 117 48 0 2
0 1 9 27 1 5
0 1 59 32 0 3
0 1 2 28 0 4
0 1 87 23 0 3
0 1 4 24 1 0
0 1 88 3 0 1
0 1 135 11 0 0
0 1 44 28 0 5
0 1 138 15 0 5
0 1 126 17 1 1
0 1 75 15 1 2
0 1 52 32 0 2
0 1 114 45 0 3
0 1 49 27 1 0
0 1 25 35 0 4
0 1 0 5 1 1
0 1 63 6 0 1
0 1 146 42 1 1
0 1 67 14 0 5
0 1 60 15 0 1
0 1 115 1 0 1
0 1 18 17 0 4
0 1 117 19 1 4
0 1 41 31 0 0
0 1 88 49 1 2
0 1 32 43 1 4
0 1 23 26 0 3
0 1 40 34 1 3
0 1 143 19 1 5
0 1 16 19 0 3
0 1 82 10 0 1
0 1 26 46 0 5
0 1 129 48 1 4
0 1 109 36 0 1
0 1 147 22 1 2
0 1 28 34 0 0
0 1 136 2 1 2
0 1 68 31 0 2
0 1 112 40 0 5
0 1 110 23 1 2
0 1 133 30 0 4
0 1 83 45 0 5
0 1 116 6 1 0
0 1 94 25 1 3
0 1 79 37 1 1
0 1 122 39 1 5
0 1 1 47 1 0
0 1 69 40 1 1
0 1 130 7 1 1
0 1 86 39 1 0
0 1 100 22 0 4
0 1 97 36 0 0
0 1 93 28 1 0
0 1 20 45 0 0
0 1 51 45 0 1
0 1 100 10 1 3
0 1 20 33 1 0
0 1 3 18 0 1
0 1 102 9 1 4
0 1 111 39 0 1
0 1 60 12 1 0
0 1 33 13 1 5
0 1 75 10 0 5
0 1 102 5 0 3
0 1 140 24 0 4
0 1 58 39 0 3
0 1 45 26 1 4
0 1 89 23 1 4
0 1 123 0 1 0
0 1 73 22 1 1
0 1 5 32 0 1
0 1 95 22 0 0
0 1 126 8 0 1
0 1 127 34 0 4
0 1 52 29 1 4
0 1 108 5 0 0
0 1 80 44 0 5
0 1 47 16 1 2
0 1 76 44 0 1
0 1 86 14 0 2
0 1 55 44 1 3
0 1 43 32 0 4
0 1 49 3 0 5
0 1 107 11 1 2
0 1 129 48 0 1
0 1 82 20 1 1
0 1 11 3 1 0
0 1 141 1 0 3
0 1 140 40 1 4
0 1 55 7 0 4
0 1 146 13 0 2
0 1 21 35 0 3
0 1 98 26 1 0
0 1 96 25 1 1
0 1 50 4 0 3
0 1 12 6 1 3
0 1 110 35 0 0
0 1 97 31 1 1
0 1 119 45 1 2
0 1 17 9 1 1
0 1 68 48 1 0
0 1 30 37 1 4
0 1 106 35 0 5
0 1 143 38 0 0
0 1 42 25 1 0
0 1 149 27 1 2
0 1 90 46 0 2
0 1 61 38 0 2
0 1 118 1 0 4
0 1 54 7 0 5
0 1 50 29 1 2
0 1 69 9 0 0
0 1 53 46 1 1
0 1 46 38 1 3
0 1 103 30 0 3
0 1 35 48 0 5
0 1 77 12 1 5
0 1 148 17 1 5
0 1 91 24 0 1
0 1 15 43 0 5
0 1 10 20 1 2
0 1 132 5 1 2
0 1 57 22 0 5
0 1 138 42 1 3
0 1 72 16 1 3
0 1 31 2 1 3
0 1 90 47 1 2
0 1 113 19 0 1
0 1 54 31 1 4
0 1 116 30 0 2
0 1 51 22 1 3
0 1 120 16 1 1
0 1 3 0 1 3
0 1 42 19 0 2
