0 1 101 1 1 1
0 1 53 25 0 3
0 1 148 8 1 3
0 1 17 24 0 0
0 1 149 1 0 2
0 1 59 13 1 0
0 1 105 9 0 2
0 1 111 11 1 5
0 1 102 16 1 2
0 1 61 13 1 3
0 1 100 24 0 1
0 1 1 42 0 4
0 1 61 25 0 0
0 1 82 10 0 4
0 1 69 20 1 3
0 1 65 37 0 3
0 1 130 21 0 5
0 1 131 3 0 3
0 1 126 33 1 5
0 1 48 42 1 0
0 1 91 39 1 4
0 1 149 24 1 2
0 1 68 9 0 0
0 1 109 2 0 4
0 1 103 21 0 0
0 1 68 23 1 1
0 1 101 14 0 5
0 1 20 42 1 3
0 1 71 14 0 3
0 1 72 44 1 5
0 1 11 48 0 2
0 1 15 16 0 3
0 1 136 18 0 3
0 1 37 29 0 4
0 1 73 45 1 5
0 1 43 49 0 3
0 1 144 43 1 3
0 1 56 17 1 5
0 1 142 25 1 5
0 1 105 6 1 5
0 1 67 26 1 4
0 1 28 30 0 1
0 1 118 18 1 4
0 1 120 40 1 1
0 1 44 35 0 4
0 1 33 14 1 0
0 1 13 15 1 3
0 1 45 1 1 3
0 1 16 14 1 2
0 1 18 7 0 3
0 1 49 16 0 5
0 1 112 20 1 1
0 1 106 22 0 5
0 1 129 38 1 1
0 1 29 5 1 3
0 1 65 6 1 2
0 1 97 4 0 1
0 1 31 36 1 5
0 1 79 22 1 2
0 1 34 32 0 2
0 1 137 48 1 1
0 1 25 21 1 1
0 1 145 20 1 2
0 1 77 33 1 3
0 1 137 39 0 1
0 1 69 40 0 4
0 1 30 26 1 5
0 1 62 27 0 0
0 1 9 18 0 0
0 1 79 48 0 0
0 1 43 32 1 5
0 1 143 10 1 0
0 1 60 22 0 4
0 1 127 42 0 2
0 1 91 41 0 3
0 1 95 7 1 1
0 1 138 28 0 1
0 1 22 40 1 2
0 1 2 40 0 5
0 1 138 44 1 4
0 1 144 49 0 1
0 1 104 7 1 5
0 1 92 27 0 4
0 1 2 35 1 0
0 1 15 26 1 0
0 1 62 44 1 3
0 1 125 14 0 4
0 1 96 16 0 0
0 1 123 19 0 1
0 1 108 37 1 4
0 1 55 0 1 2
0 1 50 34 0 5
0 1 47 47 0 4
0 1 147 47 0 2
0 1 100 20 1 0
0 1 118 37 0 1
0 1 8 32 0 0
0 1 92 0 1 1
0 1 22 34 0 2
0 1 108 29 0 1
0 1 63 49 1 0
0 1 75 45 0 0
0 1 81 2 0 1
0 1 133 9 1 1
0 1 42 11 1 1
0 1 94 30 1 0
0 1 115 5 1 1
0 1 36 46 1 3
0 1 10 1 0 5
0 1 5 32 1 4
0 1 117 20 1 5
0 1 147 4 1 2
0 1 19 13 0 1
0 1 25 30 0 2
0 1 87 9 1 5
0 1 31 1 0 4
0 1 54 22 1 1
0 1 13 20 0 4
0 1 123 21 1 3
0 1 83 25 0 2
0 1 64 29 1 3
0 1 86 39 1 3
0 1 14 24 1 5
0 1 60 31 1 3
0 1 73 0 0 3
0 1 71 35 1 5
0 1 49 26 1 1
0 1 70 33 1 2
0 1 29 5 0 2
0 1 6 26 1 2
0 1 85 44 1 1
0 1 124 47 0 0
0 1 125 41 1 0
0 1 54 34 0 3
0 1 120 36 0 1
0 1 75 0 1 5
0 1 7 8 0 4
0 1 12 16 1 4
0 1 0 16 0 1
0 1 78 8 0 1
0 1 136 45 1 2
0 1 67 15 0 4
0 1 148 24 0 3
0 1 143 28 0 2
0 1 76 43 0 5
0 1 32 8 1 0
0 1 46 47 0 3
0 1 40 39 0 2
0 1 90 40 0 3
0 1 8 42 1 1
0 1 132 17 1 4
0 1 130 15 1 0
0 1 89 38 0 5
0 1 93 31 0 0
0 1 119 31 1 4
0 1 32 32 0 1
0 1 84 42 0 5
0 1 90 45 1 1
0 1 103 49 1 5
0 1 56 28 0 3
0 1 121 4 1 5
0 1 126 10 0 3
0 1 51 13 1 4
0 1 98 37 1 2
0 1 124 30 1 3
0 1 110 24 0 4
0 1 26 7 1 2
0 1 115 28 0 0
0 1 102 12 0 0
0 1 46 35 1 1
0 1 78 6 1 0
0 1 140 1 0 0
0 1 104 25 0 4
0 1 23 4 1 4
0 1 128 27 0 5
0 1 14 41 0 4
0 1 76 12 1 1
0 1 10 35 1 2
0 1 58 41 1 1
0 1 0 5 1 5
0 1 30 39 0 0
0 1 146 17 0 2
0 1 21 27 1 2
0 1 27 15 1 5
0 1 119 33 0 0
0 1 24 31 1 2
0 1 21 46 0 0
0 1 45 11 0 4
0 1 7 13 1 5
0 1 57 32 0 3
0 1 127 18 1 1
0 1 95 48 0 3
0 1 83 31 1 5
0 1 74 29 1 2
0 1 9 3 1 2
0 1 128 19 1 2
0 1 141 38 1 4
0 1 41 17 1 3
0 1 11 6 1 1
0 1 4 18 0 5
0 1 82 34 1 1
0 1 52 11 1 2
0 1 66 40 0 0
0 1 72 21 0 2
0 1 94 31 0 1
0 1 141 36 0 0
0 1 107 19 1 5
0 1 113 29 0 5
0 1 114 28 0 5
0 1 135 39 0 5
0 1 114 29 1 0
0 1 113 46 1 4
0 1 96 12 1 3
0 1 77 8 0 5
0 1 112 9 0 3
0 1 57 6 1 3
0 1 88 23 1 4
0 1 111 23 0 0
0 1 122 46 1 1
0 1 38 0 1 4
0 1 16 0 0 0
0 1 131 11 1 3
0 1 140 14 1 1
0 1 23 19 0 3
0 1 1 33 1 1
0 1 53 11 1 0
0 1 80 49 0 4
0 1 42 17 0 1
0 1 41 7 0 4
0 1 139 44 0 0
0 1 39 4 1 3
0 1 3 34 0 0
0 1 38 22 0 0
0 1 134 34 0 4
0 1 139 46 1 2
0 1 36 43 0 2
0 1 34 25 1 1
0 1 33 43 0 1
0 1 58 36 0 4
0 1 26 38 0 3
0 1 5 12 0 2
0 1 6 22 0 3
0 1 135 38 1 2
0 1 98 43 0 0
0 1 44 12 1 5
0 1 28 2 1 5
0 1 129 8 0 2
0 1 134 41 1 5
0 1 35 6 0 4
0 1 50 12 1 4
0 1 121 4 0 0
0 1 132 5 0 0
0 1 39 9 0 4
0 1 87 19 0 0
0 1 74 15 0 1
0 1 107 36 0 2
0 1 81 2 1 0
0 1 48 15 0 2
0 1 20 41 0 2
0 1 117 36 0 3
0 1 59 5 0 4
0 1 40 3 1 1
0 1 86 23 0 2
0 1 109 45 1 4
0 1 93 19 1 4
0 1 99 27 0 3
0 1 27 23 0 5
0 1 55 47 0 1
0 1 116 3 1 0
0 1 47 10 1 1
0 1 52 13 0 2
0 1 24 43 0 4
0 1 88 46 0 5
0 1 97 3 1 5
0 1 70 37 0 0
0 1 12 38 0 0
0 1 17 49 1 2
0 1 133 17 0 0
0 1 35 44 1 2
0 1 51 26 0 3
0 1 145 10 0 2
0 1 64 30 0 5
0 1 3 48 1 5
0 1 106 48 1 4
0 1 85 18 0 2
0 1 63 7 0 0
0 1 146 30 1 4
0 1 99 21 1 4
0 1 80 27 1 1
0 1 142 33 0 4
0 1 84 35 1 3
0 1 37 45 1 3
0 1 89 23 1 3
0 1 116 10 0 5
0 1 122 2 0 3
0 1 110 2 1 2
0 1 66 47 1 5
0 1 19 3 1 4
0 1 18 28 1 4
0 1 4 37 1 5
