0 1 93 0 1 1
0 1 120 5 1 2
0 1 117 37 0 5
0 1 128 3 1 0
0 1 1 48 1 0
0 1 48 24 0 3
0 1 60 27 0 4
0 1 49 8 0 1
0 1 21 49 0 3
0 1 23 45 0 2
0 1 29 26 0 3
0 1 130 25 1 5
0 1 100 19 0 1
0 1 142 38 1 5
0 1 136 47 0 4
0 1 61 45 0 3
0 1 115 15 1 1
0 1 124 11 0 1
0 1 12 4 1 1
0 1 100 6 1 0
0 1 7 37 1 4
0 1 135 23 0 3
0 1 107 35 1 1
0 1 86 15 0 4
0 1 75 10 0 2
0 1 119 6 1 2
0 1 41 29 0 5
0 1 72 10 1 5
0 1 108 4 0 3
0 1 97 37 1 2
0 1 84 46 1 3
0 1 139 27 0 3
0 1 110 48 1 5
0 1 5 15 1 0
0 1 116 45 0 1
0 1 30 14 0 3
0 1 5 14 0 4
0 1 131 31 1 5
0 1 115 35 0 5
0 1 99 11 1 5
0 1 129 28 1 1
0 1 120 24 0 4
0 1 149 13 1 4
0 1 114 32 0 3
0 1 101 32 0 5
0 1 127 43 0 5
0 1 54 1 1 0
0 1 149 32 0 2
0 1 83 23 0 2
0 1 39 23 1 0
0 1 10 39 0 1
0 1 85 10 1 4
0 1 45 41 0 4
0 1 62 25 1 3
0 1 23 28 1 2
0 1 45 34 1 2
0 1 81 43 1 1
0 1 99 44 0 5
0 1 138 12 1 1
0 1 146 47 0 2
0 1 32 9 1 3
0 1 37 10 0 1
0 1 69 49 1 4
0 1 130 10 0 3
0 1 42 3 0 4
0 1 57 39 1 4
0 1 146 9 1 0
0 1 103 48 1 2
0 1 49 32 1 1
0 1 47 42 0 5
0 1 52 36 0 0
0 1 35 44 1 1
0 1 19 38 1 1
0 1 22 21 0 0
0 1 91 30 0 2
0 1 135 34 1 0
0 1 95 13 1 5
0 1 103 6 0 1
0 1 4 48 1 1
0 1 61 5 1 3
0 1 28 17 1 5
0 1 53 20 0 4
0 1 75 4 1 0
0 1 15 21 1 3
0 1 20 33 1 3
0 1 132 33 0 5
0 1 86 7 1 5
0 1 137 18 0 4
0 1 43 35 1 4
0 1 141 2 0 1
0 1 94 12 0 0
0 1 24 20 1 0
0 1 117 0 1 0
0 1 70 44 1 0
0 1 22 4 1 4
0 1 18 13 1 3
0 1 112 4 0 2
0 1 140 39 1 3
0 1 0 2 0 5
0 1 9 14 0 0
0 1 77 36 1 4
0 1 66 30 1 5
0 1 131 49 0 0
0 1 40 42 1 3
0 1 89 25 0 4
0 1 12 33 0 0
0 1 101 19 1 4
0 1 30 7 1 1
0 1 111 19 1 3
0 1 124 11 1 2
0 1 93 3 0 3
0 1 145 35 0 2
0 1 104 14 1 1
0 1 6 40 0 5
0 1 18 46 0 5
0 1 125 0 0 2
0 1 102 6 0 3
0 1 27 32 1 0
0 1 113 31 1 2
0 1 125 28 1 0
0 1 70 34 0 3
0 1 147 38 0 2
0 1 123 5 0 4
0 1 102 18 1 3
0 1 106 20 0 1
0 1 26 12 0 3
0 1 63 13 1 1
0 1 76 17 0 0
0 1 80 16 1 5
0 1 84 26 0 5
0 1 139 44 1 2
0 1 48 3 1 1
0 1 59 15 0 3
0 1 60 18 1 0
0 1 98 31 0 1
0 1 1 23 0 5
0 1 107 47 0 3
0 1 83 1 1 1
0 1 42 27 1 1
0 1 25 9 1 5
0 1 65 1 0 4
0 1 19 31 0 3
0 1 8 32 1 4
0 1 35 43 0 2
0 1 53 41 1 2
0 1 126 27 1 5
0 1 133 11 0 4
0 1 43 41 0 5
0 1 41 48 1 4
0 1 104 45 0 5
0 1 58 9 1 1
0 1 33 2 1 2
0 1 134 4 0 5
0 1 109 27 0 0
0 1 90 31 0 0
0 1 89 18 1 1
0 1 136 6 1 5
0 1 79 40 0 0
0 1 71 37 1 1
0 1 34 1 0 5
0 1 10 44 1 3
0 1 58 13 0 2
0 1 37 49 1 1
0 1 39 37 0 3
0 1 118 35 0 3
0 1 65 20 1 2
0 1 54 17 0 4
0 1 126 46 0 4
0 1 80 22 0 2
0 1 113 0 0 3
0 1 2 46 0 2
0 1 138 38 0 3
0 1 2 26 1 0
0 1 69 3 0 5
0 1 36 24 0 2
0 1 47 19 1 0
0 1 119 31 0 4
0 1 105 22 1 4
0 1 143 23 0 4
0 1 147 29 1 2
0 1 114 42 1 2
0 1 134 34 1 1
0 1 118 49 1 5
0 1 8 5 0 5
0 1 0 25 1 1
0 1 105 43 0 3
0 1 78 7 0 4
0 1 40 22 0 3
0 1 9 34 1 4
0 1 6 12 1 4
0 1 28 22 0 1
0 1 116 11 1 0
0 1 82 16 0 2
0 1 67 41 0 3
0 1 36 42 1 1
0 1 44 40 0 2
0 1 31 41 1 1
0 1 112 30 1 1
0 1 88 40 1 1
0 1 144 36 1 2
0 1 72 3 0 2
0 1 68 16 0 3
0 1 143 17 1 3
0 1 11 41 0 0
0 1 108 12 1 5
0 1 123 28 1 5
0 1 51 5 1 0
0 1 55 19 1 5
0 1 3 46 0 1
0 1 29 21 1 1
0 1 68 26 1 1
0 1 96 0 1 4
0 1 73 16 0 1
0 1 140 9 0 2
0 1 96 25 0 2
0 1 11 40 1 3
0 1 74 49 1 2
0 1 16 23 0 1
0 1 129 21 0 5
0 1 92 40 0 4
0 1 13 9 0 4
0 1 27 17 0 2
0 1 14 20 0 5
0 1 46 7 0 0
0 1 63 45 0 0
0 1 88 30 0 4
0 1 122 17 0 1
0 1 38 18 1 2
0 1 56 43 0 4
0 1 111 42 0 0
0 1 14 15 1 2
0 1 57 26 0 2
0 1 17 13 0 0
0 1 7 34 0 5
0 1 127 15 1 5
0 1 87 39 0 0
0 1 132 33 1 1
0 1 78 24 1 5
0 1 17 2 1 3
0 1 148 48 1 3
0 1 62 6 0 4
0 1 20 12 0 2
0 1 52 24 1 0
0 1 148 20 0 3
0 1 56 36 1 5
0 1 94 19 1 2
0 1 128 2 0 4
0 1 87 27 1 2
0 1 59 47 1 1
0 1 21 28 1 4
0 1 142 8 0 4
0 1 98 43 1 0
0 1 90 22 1 0
0 1 121 2 0 0
0 1 97 25 0 0
0 1 64 29 1 0
0 1 81 47 0 5
0 1 109 26 1 4
0 1 67 11 1 3
0 1 25 7 0 2
0 1 51 39 0 5
0 1 95 16 0 4
0 1 133 1 1 3
0 1 82 8 1 2
0 1 64 22 0 5
0 1 44 33 1 4
0 1 15 38 0 4
0 1 106 35 1 0
0 1 66 5 0 1
0 1 33 28 0 3
0 1 16 14 1 2
0 1 32 30 0 3
0 1 92 39 1 2
0 1 110 33 0 2
0 1 76 0 1 5
0 1 13 36 1 3
0 1 122 1 1 2
0 1 26 8 1 5
0 1 141 10 1 0
0 1 77 29 0 4
0 1 31 16 0 0
0 1 145 47 1 0
0 1 79 8 1 0
0 1 24 29 0 1
0 1 73 44 1 4
0 1 38 7 0 3
0 1 91 46 1 0
0 1 137 37 1 0
0 1 46 24 1 1
0 1 3 29 1 3
0 1 74 14 0 5
0 1 34 42 1 4
0 1 85 21 0 2
0 1 4 8 0 3
0 1 71 36 0 1
0 1 144 45 0 4
0 1 50 21 0 4
0 1 121 38 1 0
0 1 55 30 0 0
0 1 50 18 1 5
