0 1 19 20 0 3
0 1 116 22 0 0
0 1 119 20 1 1
0 1 31 37 0 2
0 1 29 38 0 0
0 1 58 26 0 4
0 1 137 39 0 3
0 1 31 47 1 1
0 1 109 14 1 3
0 1 93 36 0 4
0 1 147 16 0 1
0 1 130 40 1 5
0 1 74 12 1 3
0 1 126 12 1 0
0 1 141 45 0 0
0 1 132 42 1 1
0 1 99 25 0 2
0 1 45 2 0 2
0 1 138 3 1 1
0 1 107 42 1 2
0 1 82 49 0 2
0 1 15 6 1 1
0 1 69 43 1 1
0 1 142 43 1 0
0 1 121 43 1 2
0 1 62 23 0 4
0 1 12 29 0 0
0 1 42 45 0 4
0 1 1 45 1 2
0 1 145 49 0 4
0 1 49 32 1 1
0 1 127 28 1 4
0 1 33 24 0 3
0 1 127 0 0 2
0 1 125 13 0 5
0 1 89 3 0 3
0 1 1 40 0 2
0 1 71 10 1 3
0 1 18 12 1 1
0 1 77 31 0 3
0 1 65 33 1 1
0 1 97 9 1 1
0 1 118 2 0 5
0 1 16 0 0 3
0 1 6 31 0 5
0 1 107 16 0 5
0 1 13 26 1 0
0 1 72 17 1 2
0 1 111 25 1 5
0 1 30 12 1 5
0 1 90 21 1 5
0 1 148 19 0 1
0 1 79 2 1 1
0 1 9 17 1 3
0 1 15 34 0 3
0 1 98 46 0 4
0 1 10 32 0 0
0 1 144 11 1 3
0 1 57 11 0 5
0 1 147 35 1 1
0 1 95 16 1 4
0 1 102 37 1 0
0 1 113 7 0 4
0 1 88 36 1 5
0 1 143 1 1 5
0 1 103 47 1 5
0 1 133 44 0 5
0 1 16 32 1 3
0 1 146 0 0 4
0 1 7 16 0 3
0 1 22 40 0 0
0 1 133 24 1 0
0 1 149 33 1 5
0 1 73 27 0 2
0 1 46 33 0 0
0 1 38 48 1 1
0 1 4 5 0 1
0 1 115 7 1 5
0 1 80 6 1 4
0 1 4 25 1 4
0 1 112 20 1 4
0 1 74 19 0 2
0 1 45 25 1 1
0 1 47 27 0 3
0 1 83 11 0 1
0 1 81 46 0 2
0 1 38 30 0 3
0 1 44 8 1 3
0 1 77 34 1 0
0 1 72 1 0 4
0 1 60 44 0 2
0 1 20 21 0 1
0 1 85 48 1 2
0 1 64 9 1 3
0 1 145 0 1 1
0 1 23 37 1 1
0 1 35 18 0 5
0 1 67 38 0 3
0 1 25 24 0 4
0 1 146 15 1 5
0 1 55 24 1 2
0 1 70 41 0 4
0 1 113 38 1 4
0 1 87 22 0 1
0 1 92 6 1 2
0 1 106 37 1 5
0 1 110 49 1 0
0 1 3 35 1 4
0 1 121 5 0 4
0 1 122 7 1 3
0 1 52 37 0 4
0 1 14 28 1 3
0 1 117 16 0 0
0 1 24 5 0 2
0 1 26 18 1 3
0 1 35 10 1 4
0 1 68 33 0 2
0 1 41 30 1 1
0 1 39 22 0 3
0 1 76 2 0 0
0 1 122 30 0 0
0 1 63 13 1 3
0 1 135 26 0 3
0 1 68 17 1 1
0 1 29 8 1 0
0 1 78 46 0 5
0 1 56 32 0 5
0 1 139 36 1 2
0 1 79 38 0 5
0 1 76 26 1 2
0 1 48 28 0 1
0 1 53 15 0 1
0 1 32 19 1 3
0 1 144 29 0 3
0 1 44 18 0 4
0 1 120 22 0 4
0 1 83 28 1 5
0 1 20 36 1 0
0 1 61 49 0 1
0 1 125 18 1 1
0 1 124 16 0 2
0 1 128 10 0 2
0 1 85 4 0 1
0 1 148 33 1 3
0 1 75 10 0 0
0 1 82 5 1 3
0 1 9 9 0 2
0 1 112 30 0 4
0 1 8 26 0 5
0 1 73 4 1 0
0 1 96 20 1 0
0 1 56 44 1 3
0 1 36 43 0 3
0 1 48 5 1 0
0 1 136 8 0 4
0 1 143 7 0 2
0 1 100 49 1 5
0 1 28 3 0 0
0 1 109 29 0 4
0 1 80 39 0 1
0 1 135 40 1 3
0 1 119 25 0 0
0 1 11 45 0 3
0 1 42 30 1 2
0 1 128 1 1 0
0 1 11 42 1 5
0 1 14 2 0 4
0 1 59 8 1 1
0 1 46 28 1 0
0 1 13 21 0 3
0 1 75 9 1 5
0 1 3 13 0 0
0 1 134 23 1 1
0 1 95 35 0 3
0 1 28 39 1 2
0 1 134 23 0 2
0 1 149 30 0 5
0 1 91 42 1 3
0 1 105 33 1 4
0 1 108 1 1 2
0 1 52 40 1 4
0 1 66 9 0 4
0 1 64 8 0 2
0 1 136 15 1 0
0 1 96 39 0 5
0 1 123 31 0 4
0 1 132 27 0 0
0 1 47 41 1 2
0 1 34 47 0 3
0 1 65 6 0 5
0 1 118 7 1 1
0 1 36 10 1 1
0 1 40 35 0 0
0 1 140 29 1 5
0 1 69 32 0 4
0 1 91 48 0 5
0 1 131 38 1 1
0 1 27 42 0 4
0 1 21 2 0 3
0 1 129 14 1 1
0 1 37 27 0 5
0 1 94 48 0 4
0 1 90 0 0 0
0 1 86 46 0 3
0 1 114 22 0 2
0 1 10 4 1 2
0 1 114 35 1 5
0 1 2 29 1 2
0 1 92 3 0 2
0 1 61 39 1 4
0 1 51 14 1 4
0 1 59 3 0 4
0 1 89 17 1 5
0 1 43 15 0 2
0 1 137 41 1 1
0 1 98 18 1 0
0 1 105 19 0 0
0 1 129 46 0 1
0 1 22 21 1 0
0 1 57 44 1 0
0 1 17 41 1 3
0 1 102 26 0 1
0 1 70 25 1 3
0 1 104 17 1 4
0 1 141 28 1 2
0 1 108 4 0 5
0 1 0 48 1 0
0 1 18 18 0 2
0 1 40 20 1 2
0 1 17 21 0 4
0 1 106 14 0 5
0 1 12 47 1 2
0 1 71 36 0 3
0 1 84 34 0 4
0 1 123 14 1 0
0 1 63 21 0 2
0 1 139 8 0 5
0 1 81 1 1 1
0 1 6 3 1 5
0 1 24 46 1 0
0 1 37 34 1 2
0 1 115 11 0 0
0 1 142 48 0 3
0 1 50 24 1 5
0 1 0 31 0 2
0 1 101 12 0 4
0 1 27 45 1 5
0 1 116 31 1 0
0 1 117 34 1 1
0 1 93 13 1 1
0 1 131 43 0 5
0 1 54 44 1 4
0 1 110 39 0 0
0 1 60 31 1 1
0 1 78 10 1 5
0 1 138 34 0 5
0 1 86 43 1 4
0 1 58 4 1 4
0 1 111 24 0 1
0 1 32 23 0 0
0 1 101 36 1 1
0 1 66 12 1 2
0 1 103 6 0 0
0 1 49 9 0 0
0 1 87 23 1 3
0 1 104 32 0 2
0 1 26 41 0 5
0 1 94 42 1 0
0 1 51 15 0 4
0 1 8 0 1 5
0 1 130 11 0 4
0 1 88 27 0 4
0 1 19 37 1 3
0 1 140 20 0 5
0 1 39 7 1 0
0 1 5 40 1 1
0 1 124 47 1 0
0 1 62 35 1 2
0 1 126 17 0 0
0 1 100 27 0 1
0 1 33 19 1 5
0 1 30 5 0 5
0 1 41 38 0 2
0 1 21 13 1 4
0 1 67 13 1 2
0 1 55 4 0 3
0 1 23 45 0 1
0 1 43 49 1 3
0 1 5 14 0 2
0 1 2 47 0 4
0 1 99 15 1 3
0 1 34 22 1 5
0 1 53 44 1 1
0 1 7 41 1 0
0 1 120 1 1 3
0 1 84 11 1 2
0 1 50 19 0 4
0 1 25 6 1 3
0 1 97 23 0 5
0 1 54 29 0 1
