0 1 1 44 1 2
0 1 124 34 0 0
0 1 145 12 0 3
0 1 8 40 0 2
0 1 147 22 1 1
0 1 12 18 1 0
0 1 108 41 0 5
0 1 49 48 0 1
0 1 6 44 0 5
0 1 134 5 1 2
0 1 74 45 0 4
0 1 137 38 1 2
0 1 88 23 0 0
0 1 90 48 1 0
0 1 33 42 1 4
0 1 114 2 0 3
0 1 149 39 0 5
0 1 78 10 1 4
0 1 16 20 1 3
0 1 91 39 0 2
0 1 64 38 0 0
0 1 52 48 1 4
0 1 81 39 1 0
0 1 54 31 1 2
0 1 145 9 1 0
0 1 2 49 0 1
0 1 55 1 0 3
0 1 11 45 0 1
0 1 48 31 1 1
0 1 7 38 0 3
0 1 125 31 0 4
0 1 114 48 1 2
0 1 137 48 0 5
0 1 62 19 0 5
0 1 51 44 0 1
0 1 102 4 0 2
0 1 61 36 1 3
0 1 30 8 1 3
0 1 26 25 1 4
0 1 91 11 1 4
0 1 53 23 1 2
0 1 30 12 0 0
0 1 53 0 0 5
0 1 24 34 1 1
0 1 129 43 0 0
0 1 125 25 1 1
0 1 110 1 0 1
0 1 142 47 1 0
0 1 65 36 1 4
0 1 77 21 1 0
0 1 148 13 0 4
0 1 29 13 1 5
0 1 132 28 1 1
0 1 128 23 0 5
0 1 144 46 1 3
0 1 92 13 0 0
0 1 67 22 0 2
0 1 97 10 0 3
0 1 116 30 1 0
0 1 95 16 1 1
0 1 59 9 1 3
0 1 41 23 0 3
0 1 76 9 0 5
0 1 15 22 1 5
0 1 42 35 1 3
0 1 71 37 1 2
0 1 100 7 0 5
0 1 142 41 0 3
0 1 124 38 1 4
0 1 36 9 0 4
0 1 58 49 0 2
0 1 93 23 0 1
0 1 103 30 1 1
0 1 112 47 0 2
0 1 98 9 1 1
0 1 85 48 1 3
0 1 130 33 0 4
0 1 101 40 1 5
0 1 2 49 1 4
0 1 60 18 1 1
0 1 0 43 1 4
0 1 121 22 1 0
0 1 34 42 0 1
0 1 19 28 1 3
0 1 39 20 1 5
0 1 144 10 0 5
0 1 127 49 0 0
0 1 132 43 0 3
0 1 74 6 1 5
0 1 120 25 1 5
0 1 140 15 0 5
0 1 7 17 1 0
0 1 17 7 0 1
0 1 48 33 0 0
0 1 34 6 1 3
0 1 6 1 1 5
0 1 82 49 1 5
0 1 0 15 0 0
0 1 76 25 1 2
0 1 70 35 1 1
0 1 79 42 1 5
0 1 14 41 1 0
0 1 58 37 1 1
0 1 20 45 0 0
0 1 55 25 1 3
0 1 75 40 0 1
0 1 65 21 0 5
0 1 146 12 0 1
0 1 28 32 0 0
0 1 126 18 1 4
0 1 117 19 1 0
0 1 72 42 0 0
0 1 107 4 0 4
0 1 47 49 1 3
0 1 21 7 1 0
0 1 116 14 0 5
0 1 40 33 0 5
0 1 57 22 0 3
0 1 56 27 1 5
0 1 32 15 0 3
0 1 32 27 1 3
0 1 92 34 1 3
0 1 141 10 1 2
0 1 120 11 0 5
0 1 37 6 0 4
0 1 134 4 0 3
0 1 14 30 0 2
0 1 35 18 0 2
0 1 121 43 0 1
0 1 3 26 1 2
0 1 72 7 1 3
0 1 129 41 1 4
0 1 133 3 1 2
0 1 117 1 0 4
0 1 96 40 1 4
0 1 1 17 0 5
0 1 17 15 1 1
0 1 23 0 0 1
0 1 111 23 0 4
0 1 139 0 1 4
0 1 102 5 1 1
0 1 104 36 1 1
0 1 39 21 0 3
0 1 56 24 0 4
0 1 104 17 0 2
0 1 105 7 1 4
0 1 62 18 1 3
0 1 85 27 0 4
0 1 57 16 1 0
0 1 143 0 0 2
0 1 10 19 1 2
0 1 140 46 1 4
0 1 136 16 1 5
0 1 97 20 1 2
0 1 50 46 1 2
0 1 68 10 1 1
0 1 71 5 0 5
0 1 20 24 1 3
0 1 13 13 0 1
0 1 100 36 1 5
0 1 5 37 0 5
0 1 87 20 1 4
0 1 108 35 1 5
0 1 123 30 1 3
0 1 37 42 1 3
0 1 50 28 0 5
0 1 61 25 0 0
0 1 122 0 0 0
0 1 77 40 0 3
0 1 115 4 0 5
0 1 9 33 0 1
0 1 83 39 1 3
0 1 89 43 1 5
0 1 60 17 0 1
0 1 19 13 0 2
0 1 15 29 0 0
0 1 52 32 0 5
0 1 4 34 0 4
0 1 46 35 0 0
0 1 10 47 0 4
0 1 12 6 0 2
0 1 122 26 1 0
0 1 86 33 1 2
0 1 49 27 1 2
0 1 84 16 0 3
0 1 138 24 0 0
0 1 27 41 1 1
0 1 93 14 1 1
0 1 45 8 1 1
0 1 118 32 1 1
0 1 3 26 0 3
0 1 81 14 0 0
0 1 54 42 0 2
0 1 106 29 1 3
0 1 45 21 0 2
0 1 27 2 0 4
0 1 86 4 0 0
0 1 113 26 0 1
0 1 90 19 0 1
0 1 143 32 1 3
0 1 139 20 0 0
0 1 148 31 1 5
0 1 135 44 0 3
0 1 149 5 1 0
0 1 98 27 0 0
0 1 106 45 0 3
0 1 28 40 1 0
0 1 113 36 1 2
0 1 42 26 0 5
0 1 128 31 1 0
0 1 79 11 0 0
0 1 51 8 1 0
0 1 94 20 0 1
0 1 70 2 0 5
0 1 131 47 0 3
0 1 133 35 0 4
0 1 38 22 0 4
0 1 119 17 1 4
0 1 40 17 1 3
0 1 109 2 0 2
0 1 26 18 0 5
0 1 22 34 1 5
0 1 101 44 0 4
0 1 131 13 1 3
0 1 43 39 1 4
0 1 23 0 1 3
0 1 73 24 1 5
0 1 29 19 0 3
0 1 127 45 1 5
0 1 64 3 1 4
0 1 111 28 1 2
0 1 33 27 0 1
0 1 103 11 0 1
0 1 18 3 1 0
0 1 36 46 1 5
0 1 80 29 1 4
0 1 136 11 0 2
0 1 63 24 0 1
0 1 107 21 1 1
0 1 73 46 0 0
0 1 18 32 0 2
0 1 115 5 1 3
0 1 13 14 1 2
0 1 8 3 1 3
0 1 88 39 1 1
0 1 69 33 1 3
0 1 89 12 0 4
0 1 25 6 1 0
0 1 25 3 0 1
0 1 66 37 1 0
0 1 119 29 0 2
0 1 105 32 0 4
0 1 112 3 1 5
0 1 31 12 1 2
0 1 16 44 0 0
0 1 31 1 0 2
0 1 59 9 0 2
0 1 118 15 0 4
0 1 83 6 0 1
0 1 47 24 0 2
0 1 24 14 0 3
0 1 110 45 1 2
0 1 78 12 0 5
0 1 138 14 1 4
0 1 21 38 0 1
0 1 147 16 0 2
0 1 87 2 0 0
0 1 44 41 1 2
0 1 9 19 1 4
0 1 5 28 1 4
0 1 130 47 1 1
0 1 11 38 1 5
0 1 22 16 0 4
0 1 96 8 0 5
0 1 94 29 1 5
0 1 99 31 1 3
0 1 46 29 1 1
0 1 43 1 0 0
0 1 123 2 0 1
0 1 84 36 1 0
0 1 146 11 1 3
0 1 68 43 0 2
0 1 95 5 0 4
0 1 67 47 1 5
0 1 4 10 1 0
0 1 135 8 1 2
0 1 35 7 1 2
0 1 69 30 0 4
0 1 63 37 1 4
0 1 44 35 0 2
0 1 75 46 1 1
0 1 141 4 0 1
0 1 38 26 1 4
0 1 66 28 0 0
0 1 109 21 1 4
0 1 126 8 0 4
0 1 80 30 0 5
0 1 82 15 0 2
0 1 41 37 1 3
0 1 99 34 0 2
