0 1 135 6 0 4
0 1 1 27 1 1
0 1 94 46 1 2
0 1 119 40 0 2
0 1 57 16 0 2
0 1 30 3 0 1
0 1 139 7 0 5
0 1 47 1 0 3
0 1 107 47 1 2
0 1 8 33 1 4
0 1 80 10 1 5
0 1 110 41 0 5
0 1 48 12 0 0
0 1 35 42 0 1
0 1 124 38 1 3
0 1 25 34 0 0
0 1 48 15 1 0
0 1 10 44 0 5
0 1 49 46 0 1
0 1 73 45 0 0
0 1 77 16 1 1
0 1 105 43 0 4
0 1 147 48 0 4
0 1 19 39 1 3
0 1 143 0 1 0
0 1 109 40 1 5
0 1 7 26 0 0
0 1 117 0 0 3
0 1 68 26 1 4
0 1 75 45 0 3
0 1 22 13 0 2
0 1 26 39 1 4
0 1 94 12 0 5
0 1 65 9 1 2
0 1 29 40 0 4
0 1 5 40 1 3
0 1 17 4 0 0
0 1 53 48 0 0
0 1 78 21 0 0
0 1 4 23 0 4
0 1 22 49 1 4
0 1 102 8 1 5
0 1 46 0 0 4
0 1 62 4 0 3
0 1 97 19 1 1
0 1 82 1 0 0
0 1 31 49 1 3
0 1 28 30 1 0
0 1 128 9 1 3
0 1 147 11 1 5
0 1 136 30 1 2
0 1 42 29 0 5
0 1 100 8 0 3
0 1 112 13 0 0
0 1 140 31 0 4
0 1 49 19 1 4
0 1 104 37 1 4
0 1 79 17 0 4
0 1 32 10 1 4
0 1 141 22 1 1
0 1 1 42 0 0
0 1 86 9 1 4
0 1 80 16 0 0
0 1 9 37 1 5
0 1 116 2 0 1
0 1 23 29 1 0
0 1 12 47 0 4
0 1 81 27 1 5
0 1 93 19 1 5
0 1 71 5 0 3
0 1 103 22 0 5
0 1 15 12 0 4
0 1 30 8 1 4
0 1 132 44 1 2
0 1 131 28 1 4
0 1 77 30 0 1
0 1 79 16 1 5
0 1 28 32 0 5
0 1 14 45 0 1
0 1 9 46 0 3
0 1 96 5 0 2
0 1 123 48 1 1
0 1 39 25 1 1
0 1 148 34 0 4
0 1 44 22 1 3
0 1 7 7 1 1
0 1 112 28 1 1
0 1 144 31 1 5
0 1 129 47 1 0
0 1 117 38 1 5
0 1 109 29 0 3
0 1 8 24 0 2
0 1 89 21 1 3
0 1 56 14 1 0
0 1 56 21 0 4
0 1 113 37 0 3
0 1 108 49 1 2
0 1 137 36 0 5
0 1 82 10 1 3
0 1 69 46 1 5
0 1 134 22 0 2
0 1 72 32 1 1
0 1 149 23 0 5
0 1 111 9 1 1
0 1 111 39 0 2
0 1 40 48 0 3
0 1 23 20 0 4
0 1 62 36 1 0
0 1 54 22 1 0
0 1 67 1 0 1
0 1 51 25 1 4
0 1 40 46 1 4
0 1 16 7 0 0
0 1 16 47 1 3
0 1 52 47 1 1
0 1 33 41 0 0
0 1 3 31 0 2
0 1 91 14 0 5
0 1 96 33 1 0
0 1 2 9 0 5
0 1 75 36 1 1
0 1 41 27 0 4
0 1 121 2 0 3
0 1 125 41 1 3
0 1 126 43 1 3
0 1 19 2 0 5
0 1 46 32 1 3
0 1 133 33 0 5
0 1 144 41 0 1
0 1 86 38 0 0
0 1 31 31 0 0
0 1 53 13 1 3
0 1 58 44 1 4
0 1 6 40 1 1
0 1 98 24 1 0
0 1 18 24 1 1
0 1 55 35 1 5
0 1 59 19 1 0
0 1 115 19 0 2
0 1 29 32 1 0
0 1 99 26 1 3
0 1 149 27 1 2
0 1 146 16 1 3
0 1 138 2 0 2
0 1 148 19 1 3
0 1 74 40 1 0
0 1 72 44 0 0
0 1 118 35 1 1
0 1 63 18 1 1
0 1 85 34 1 3
0 1 21 18 1 2
0 1 110 17 1 2
0 1 20 43 0 2
0 1 115 37 1 0
0 1 32 43 0 0
0 1 102 36 0 3
0 1 146 1 0 5
0 1 43 4 1 1
0 1 55 24 0 3
0 1 12 18 1 5
0 1 0 42 1 5
0 1 10 11 1 3
0 1 24 17 1 0
0 1 58 13 0 1
0 1 93 36 0 4
0 1 50 17 0 1
0 1 37 44 1 3
0 1 27 28 1 2
0 1 88 20 1 1
0 1 41 20 1 3
0 1 71 1 1 2
0 1 18 34 0 1
0 1 121 8 1 0
0 1 60 3 1 0
0 1 67 15 1 2
0 1 34 49 1 0
0 1 66 16 1 4
0 1 127 4 0 5
0 1 119 1 1 4
0 1 27 12 0 2
0 1 90 17 1 5
0 1 104 6 0 0
0 1 66 11 0 0
0 1 92 38 1 2
0 1 139 18 1 0
0 1 90 17 0 3
0 1 132 20 0 0
0 1 91 23 1 2
0 1 101 33 1 3
0 1 127 35 1 4
0 1 36 33 0 2
0 1 133 42 1 2
0 1 63 41 0 2
0 1 122 14 0 2
0 1 34 25 0 2
0 1 128 3 0 3
0 1 64 44 0 1
0 1 43 14 0 4
0 1 106 38 1 1
0 1 6 25 0 5
0 1 103 12 1 1
0 1 89 34 0 5
0 1 84 23 0 1
0 1 57 35 1 0
0 1 36 26 1 1
0 1 78 10 1 2
0 1 52 28 0 5
0 1 11 29 0 1
0 1 145 21 0 2
0 1 42 24 1 4
0 1 47 22 1 4
0 1 76 3 0 5
0 1 38 20 1 2
0 1 4 42 1 4
0 1 13 14 0 1
0 1 64 8 1 1
0 1 83 7 1 3
0 1 61 45 1 4
0 1 38 7 0 2
0 1 61 30 0 5
0 1 134 12 1 3
0 1 88 32 0 2
0 1 108 27 0 0
0 1 70 41 0 4
0 1 25 4 1 4
0 1 54 39 0 1
0 1 11 26 1 5
0 1 120 32 0 4
0 1 14 13 1 5
0 1 125 26 0 2
0 1 114 6 0 1
0 1 3 39 1 5
0 1 140 15 1 5
0 1 122 18 1 3
0 1 84 23 1 3
0 1 87 25 1 0
0 1 129 6 0 2
0 1 95 37 1 2
0 1 83 21 0 1
0 1 116 35 1 3
0 1 137 0 1 1
0 1 120 13 1 4
0 1 105 6 1 3
0 1 13 29 1 4
0 1 130 49 0 1
0 1 45 20 0 5
0 1 37 11 0 1
0 1 50 6 1 5
0 1 95 2 0 0
0 1 124 10 0 0
0 1 145 43 1 5
0 1 21 46 0 0
0 1 130 25 1 3
0 1 26 5 0 4
0 1 68 8 0 2
0 1 60 28 0 0
0 1 15 39 1 0
0 1 92 49 0 5
0 1 51 14 0 3
0 1 35 43 1 1
0 1 126 5 0 5
0 1 70 24 1 5
0 1 135 18 1 4
0 1 17 11 1 2
0 1 98 37 0 1
0 1 101 21 0 5
0 1 59 48 0 2
0 1 113 31 1 3
0 1 142 3 0 4
0 1 114 48 1 5
0 1 141 4 0 2
0 1 33 30 1 3
0 1 20 10 1 1
0 1 100 28 1 3
0 1 87 15 0 3
0 1 45 45 1 2
0 1 44 34 0 2
0 1 76 2 1 4
0 1 138 0 1 2
0 1 5 31 0 1
0 1 39 35 0 2
0 1 97 29 0 2
0 1 69 47 0 5
0 1 143 36 0 2
0 1 106 42 0 3
0 1 74 30 0 4
0 1 118 33 0 1
0 1 81 3 0 2
0 1 0 11 0 4
0 1 142 45 1 5
0 1 136 38 0 4
0 1 85 9 0 0
0 1 99 27 0 3
0 1 107 15 0 4
0 1 73 5 1 1
0 1 2 0 1 5
0 1 131 23 0 0
0 1 24 5 0 0
0 1 123 7 0 4
0 1 65 15 0 1
