0 1 148 0 1 3
0 1 81 26 0 0
0 1 108 28 0 1
0 1 95 9 0 0
0 1 119 34 1 1
0 1 45 17 1 0
0 1 120 18 0 4
0 1 33 40 1 5
0 1 104 17 0 2
0 1 91 41 1 5
0 1 128 8 1 4
0 1 3 3 0 1
0 1 39 49 0 3
0 1 4 20 0 1
0 1 14 45 1 4
0 1 110 12 1 1
0 1 53 8 0 2
0 1 6 13 1 3
0 1 51 36 1 1
0 1 104 47 1 1
0 1 135 36 0 0
0 1 42 1 1 4
0 1 116 2 0 0
0 1 28 13 1 4
0 1 8 39 0 0
0 1 148 28 0 5
0 1 93 45 0 0
0 1 96 18 0 0
0 1 45 8 0 5
0 1 125 35 0 3
0 1 70 7 1 0
0 1 10 33 1 4
0 1 40 6 0 2
0 1 124 47 1 2
0 1 52 39 0 3
0 1 129 35 1 2
0 1 76 23 0 2
0 1 112 17 0 3
0 1 111 30 0 3
0 1 70 42 0 4
0 1 133 40 0 1
0 1 60 15 1 5
0 1 13 16 0 3
0 1 51 19 0 2
0 1 125 39 1 4
0 1 6 32 0 0
0 1 17 6 0 4
0 1 5 39 1 1
0 1 53 2 1 1
0 1 30 49 1 0
0 1 137 19 1 1
0 1 77 38 0 5
0 1 89 22 0 5
0 1 71 41 0 4
0 1 85 29 0 3
0 1 102 27 0 5
0 1 38 31 0 0
0 1 75 37 0 3
0 1 79 9 1 2
0 1 74 48 0 0
0 1 12 39 0 5
0 1 50 26 1 1
0 1 38 46 1 2
0 1 105 41 1 3
0 1 18 41 0 2
0 1 36 32 0 5
0 1 73 6 0 1
0 1 83 40 0 0
0 1 113 36 1 4
0 1 7 30 1 2
0 1 71 10 1 3
0 1 32 37 0 0
0 1 74 27 1 2
0 1 122 5 1 4
0 1 62 1 0 3
0 1 19 49 0 2
0 1 25 24 1 1
0 1 15 12 0 3
0 1 1 13 0 2
0 1 100 3 0 5
0 1 31 21 1 5
0 1 67 25 1 2
0 1 69 0 1 4
0 1 27 24 1 5
0 1 7 23 0 3
0 1 4 21 1 1
0 1 44 27 0 4
0 1 139 37 1 5
0 1 37 20 1 2
0 1 58 10 1 4
0 1 48 48 1 3
0 1 47 42 0 3
0 1 73 46 1 5
0 1 116 16 1 5
0 1 95 29 1 1
0 1 54 1 0 1
0 1 88 46 1 1
0 1 84 45 1 3
0 1 68 47 0 0
0 1 21 4 1 5
0 1 106 6 1 5
0 1 115 6 0 0
0 1 68 35 1 5
0 1 139 34 0 2
0 1 3 17 1 5
0 1 109 43 1 4
0 1 76 10 1 2
0 1 146 27 1 0
0 1 65 25 0 3
0 1 103 0 0 5
0 1 82 34 1 3
0 1 118 8 1 1
0 1 0 3 0 2
0 1 80 11 1 0
0 1 35 24 1 2
0 1 86 11 1 2
0 1 142 43 0 5
0 1 127 38 0 4
0 1 112 48 1 4
0 1 24 34 1 4
0 1 43 33 1 0
0 1 46 12 1 5
0 1 140 4 0 0
0 1 101 32 1 3
0 1 131 23 0 1
0 1 5 9 0 5
0 1 59 43 1 1
0 1 121 37 1 1
0 1 69 33 0 5
0 1 72 13 0 1
0 1 8 14 1 1
0 1 138 49 0 4
0 1 48 7 0 2
0 1 16 44 1 4
0 1 100 48 1 5
0 1 111 23 1 5
0 1 78 11 1 4
0 1 101 1 0 5
0 1 135 45 1 5
0 1 132 44 0 3
0 1 145 11 0 3
0 1 63 49 0 1
0 1 122 26 0 4
0 1 44 18 1 3
0 1 146 27 0 1
0 1 40 19 1 3
0 1 144 21 1 0
0 1 55 42 1 5
0 1 57 3 0 0
0 1 50 49 0 5
0 1 79 47 0 3
0 1 142 8 1 0
0 1 103 26 1 5
0 1 147 31 1 5
0 1 65 10 1 0
0 1 49 48 1 2
0 1 34 28 0 2
0 1 52 17 1 1
0 1 22 5 1 0
0 1 31 44 0 2
0 1 80 44 0 5
0 1 117 0 0 0
0 1 127 22 1 2
0 1 59 28 0 0
0 1 34 2 1 4
0 1 97 38 1 0
0 1 49 40 0 2
0 1 78 37 0 4
0 1 143 24 0 4
0 1 13 0 1 1
0 1 105 25 0 5
0 1 60 34 0 0
0 1 87 15 0 2
0 1 130 31 1 4
0 1 12 10 1 1
0 1 47 32 1 2
0 1 9 30 1 5
0 1 92 24 0 0
0 1 35 11 0 5
0 1 97 20 0 3
0 1 23 21 0 3
0 1 91 39 0 2
0 1 137 30 0 1
0 1 54 5 1 2
0 1 61 36 1 2
0 1 30 4 0 3
0 1 46 30 0 4
0 1 18 4 1 4
0 1 140 33 1 1
0 1 63 47 1 5
0 1 136 5 0 3
0 1 26 38 0 2
0 1 123 25 0 0
0 1 2 16 0 2
0 1 62 6 1 3
0 1 134 36 0 5
0 1 89 29 1 5
0 1 86 40 0 3
0 1 124 38 0 1
0 1 145 8 1 3
0 1 109 25 0 4
0 1 41 3 1 3
0 1 11 34 1 5
0 1 58 38 0 3
0 1 98 15 1 1
0 1 141 12 1 0
0 1 66 37 0 2
0 1 41 18 0 1
0 1 24 31 0 3
0 1 129 15 0 3
0 1 87 35 1 4
0 1 113 22 0 4
0 1 114 47 1 4
0 1 56 15 0 0
0 1 119 11 0 1
0 1 106 10 0 5
0 1 130 22 0 1
0 1 138 9 1 4
0 1 75 13 1 0
0 1 117 24 1 3
0 1 83 7 1 3
0 1 43 9 0 1
0 1 84 7 0 1
0 1 82 32 0 1
0 1 39 27 1 3
0 1 108 31 1 2
0 1 136 48 1 1
0 1 64 2 0 3
0 1 9 33 0 2
0 1 128 42 0 2
0 1 99 23 1 4
0 1 20 23 0 0
0 1 17 14 1 4
0 1 149 29 1 0
0 1 15 42 1 0
0 1 132 19 1 5
0 1 81 16 1 4
0 1 131 21 1 2
0 1 67 4 0 1
0 1 144 22 0 0
0 1 123 41 1 0
0 1 14 1 0 0
0 1 88 28 0 3
0 1 21 46 0 3
0 1 149 30 0 0
0 1 2 44 1 1
0 1 92 20 1 4
0 1 10 26 0 3
0 1 66 35 1 0
0 1 1 42 1 1
0 1 36 33 1 3
0 1 26 41 1 1
0 1 85 3 1 4
0 1 99 32 0 4
0 1 118 21 0 4
0 1 64 45 1 2
0 1 19 5 1 5
0 1 110 0 0 2
0 1 23 2 1 5
0 1 29 26 1 2
0 1 32 36 1 3
0 1 20 4 1 2
0 1 37 16 0 1
0 1 94 20 1 0
0 1 94 12 0 2
0 1 90 43 0 2
0 1 55 28 0 4
0 1 29 35 0 1
0 1 72 9 1 3
0 1 120 20 1 5
0 1 134 40 1 4
0 1 77 1 1 2
0 1 0 5 1 1
0 1 42 13 0 5
0 1 61 14 0 2
0 1 28 7 0 4
0 1 107 19 1 0
0 1 16 29 0 4
0 1 22 15 0 4
0 1 33 29 0 2
0 1 126 14 1 5
0 1 114 18 0 2
0 1 27 18 0 5
0 1 133 43 1 0
0 1 25 31 0 1
0 1 90 16 1 0
0 1 115 46 1 0
0 1 93 22 1 3
0 1 126 45 0 1
0 1 98 14 0 3
0 1 147 19 0 4
0 1 141 43 0 3
0 1 57 7 1 5
0 1 121 17 0 4
0 1 143 2 1 2
0 1 56 14 1 0
0 1 11 46 0 4
0 1 107 25 0 1
0 1 96 44 1 0
0 1 102 12 1 4
