0 1 31 45 1 1
0 1 89 35 0 4
0 1 20 44 0 4
0 1 73 7 1 3
0 1 122 24 0 0
0 1 67 33 1 2
0 1 14 45 1 2
0 1 141 17 1 0
0 1 18 3 0 0
0 1 62 9 0 3
0 1 115 21 0 4
0 1 117 46 1 5
0 1 15 43 0 0
0 1 18 13 1 1
0 1 49 35 1 1
0 1 46 40 0 4
0 1 126 5 0 5
0 1 11 23 0 2
0 1 7 6 0 2
0 1 136 13 1 0
0 1 95 48 0 5
0 1 122 30 1 1
0 1 139 43 0 5
0 1 112 2 0 3
0 1 106 1 0 0
0 1 8 18 0 4
0 1 4 1 1 2
0 1 64 23 1 5
0 1 100 8 0 2
0 1 72 28 1 3
0 1 86 44 0 2
0 1 121 24 1 3
0 1 23 40 1 2
0 1 53 27 0 4
0 1 6 33 1 5
0 1 41 31 1 4
0 1 56 14 1 5
0 1 75 35 0 3
0 1 105 4 0 4
0 1 145 44 0 5
0 1 58 36 0 0
0 1 25 31 0 1
0 1 78 21 1 1
0 1 98 31 1 3
0 1 2 1 1 4
0 1 70 11 0 0
0 1 27 19 0 5
0 1 107 36 0 4
0 1 110 5 0 1
0 1 66 34 0 0
0 1 131 29 1 4
0 1 17 27 0 5
0 1 112 44 1 0
0 1 24 22 1 2
0 1 97 35 1 5
0 1 109 4 1 2
0 1 79 27 0 2
0 1 69 40 1 0
0 1 16 18 0 0
0 1 145 38 1 5
0 1 42 25 1 5
0 1 5 45 1 4
0 1 109 5 0 3
0 1 125 25 1 0
0 1 50 15 0 0
0 1 57 11 1 3
0 1 34 39 1 3
0 1 115 20 1 2
0 1 71 13 1 4
0 1 61 21 1 0
0 1 148 7 0 5
0 1 2 15 0 1
0 1 47 28 1 1
0 1 147 27 0 1
0 1 120 36 0 5
0 1 55 0 1 1
0 1 38 11 1 4
0 1 79 3 1 4
0 1 104 25 1 1
0 1 63 17 1 2
0 1 4 39 0 2
0 1 129 45 0 0
0 1 82 9 1 0
0 1 16 16 1 2
0 1 84 34 1 2
0 1 57 7 0 2
0 1 90 11 1 1
0 1 149 2 0 4
0 1 1 29 0 2
0 1 87 25 1 3
0 1 86 16 1 4
0 1 13 28 1 2
0 1 124 20 1 5
0 1 22 19 1 4
0 1 149 37 1 3
0 1 9 21 1 3
0 1 68 0 1 4
0 1 1 21 1 2
0 1 98 17 0 4
0 1 116 26 1 3
0 1 118 31 0 2
0 1 104 28 0 5
0 1 129 18 1 5
0 1 137 24 0 2
0 1 133 24 1 4
0 1 94 39 1 1
0 1 138 32 1 2
0 1 75 36 1 1
0 1 22 30 0 2
0 1 39 34 0 1
0 1 123 33 0 0
0 1 62 41 1 2
0 1 128 28 1 4
0 1 147 39 1 0
0 1 24 48 0 1
0 1 101 6 0 5
0 1 93 23 1 1
0 1 83 41 0 0
0 1 134 10 1 5
0 1 76 5 1 2
0 1 92 48 1 2
0 1 59 42 1 2
0 1 85 5 1 0
0 1 30 14 0 1
0 1 91 20 1 4
0 1 66 49 1 5
0 1 101 26 1 4
0 1 59 6 0 3
0 1 27 37 1 0
0 1 127 13 0 3
0 1 60 41 1 1
0 1 65 30 1 4
0 1 74 12 1 3
0 1 117 2 0 1
0 1 44 3 1 5
0 1 131 23 0 4
0 1 55 46 0 0
0 1 73 22 0 5
0 1 120 8 1 0
0 1 141 4 0 3
0 1 54 17 0 3
0 1 3 20 1 3
0 1 44 43 0 2
0 1 28 0 0 2
0 1 43 21 1 5
0 1 36 47 1 0
0 1 99 32 1 1
0 1 103 3 0 1
0 1 40 24 0 1
0 1 85 16 0 0
0 1 113 26 1 0
0 1 102 18 0 2
0 1 61 8 0 3
0 1 89 2 1 0
0 1 82 38 0 0
0 1 88 3 1 3
0 1 146 44 1 3
0 1 6 23 0 0
0 1 26 1 0 1
0 1 108 33 1 4
0 1 83 38 1 1
0 1 19 45 0 3
0 1 91 46 0 3
0 1 114 33 1 1
0 1 92 42 0 1
0 1 137 49 1 0
0 1 60 10 0 0
0 1 76 29 0 1
0 1 39 7 1 0
0 1 102 29 1 0
0 1 123 41 1 4
0 1 12 17 0 5
0 1 30 34 1 5
0 1 42 10 0 1
0 1 41 12 0 1
0 1 132 47 1 3
0 1 103 4 1 0
0 1 38 11 0 2
0 1 51 4 0 1
0 1 72 13 0 5
0 1 97 49 0 2
0 1 142 9 1 2
0 1 56 39 0 5
0 1 52 17 1 1
0 1 77 10 0 3
0 1 128 29 0 3
0 1 35 47 0 5
0 1 45 2 1 5
0 1 139 9 1 1
0 1 5 1 0 3
0 1 143 3 0 2
0 1 19 34 1 3
0 1 124 12 0 5
0 1 9 14 0 3
0 1 134 27 0 3
0 1 32 14 1 4
0 1 46 0 1 5
0 1 133 12 0 0
0 1 14 32 0 5
0 1 53 20 1 0
0 1 48 31 0 5
0 1 126 26 1 2
0 1 36 11 0 5
0 1 0 46 1 2
0 1 47 4 0 5
0 1 31 22 0 0
0 1 26 26 1 1
0 1 33 47 1 1
0 1 65 19 0 3
0 1 111 30 1 3
0 1 64 47 0 2
0 1 87 41 0 3
0 1 135 36 0 2
0 1 144 44 0 1
0 1 140 12 1 4
0 1 125 46 0 1
0 1 45 37 0 4
0 1 135 8 1 5
0 1 48 19 1 2
0 1 10 14 0 2
0 1 80 48 1 3
0 1 63 0 0 0
0 1 54 7 1 1
0 1 13 34 0 4
0 1 20 26 1 5
0 1 78 0 0 3
0 1 114 10 0 4
0 1 95 45 1 5
0 1 3 38 0 4
0 1 146 48 0 0
0 1 69 40 0 5
0 1 96 19 0 1
0 1 148 42 1 0
0 1 119 31 0 0
0 1 70 9 1 4
0 1 37 40 0 1
0 1 81 6 0 0
0 1 144 22 1 1
0 1 84 43 0 1
0 1 71 32 0 0
0 1 116 19 0 0
0 1 50 43 1 3
0 1 7 22 1 4
0 1 140 8 0 1
0 1 29 43 1 4
0 1 25 30 1 5
0 1 143 6 1 1
0 1 40 18 1 3
0 1 121 7 0 4
0 1 80 25 0 4
0 1 34 12 0 2
0 1 8 30 1 0
0 1 12 1 1 5
0 1 100 40 1 3
0 1 23 16 0 3
0 1 33 16 0 1
0 1 108 33 0 3
0 1 11 32 1 3
0 1 21 9 1 5
0 1 96 42 1 5
0 1 136 20 0 1
0 1 15 38 1 3
0 1 88 48 0 4
0 1 111 25 0 2
0 1 0 14 0 0
0 1 93 49 0 3
0 1 110 37 1 5
0 1 10 29 1 5
0 1 106 15 1 4
0 1 68 15 0 3
0 1 35 22 1 3
0 1 67 5 0 4
0 1 94 36 0 3
0 1 127 37 1 1
0 1 132 2 0 2
0 1 99 23 0 3
0 1 130 46 0 4
0 1 74 35 0 2
0 1 37 15 1 2
0 1 81 27 1 0
0 1 58 28 1 0
0 1 28 10 1 2
0 1 77 41 1 5
0 1 142 13 0 2
0 1 21 42 0 4
0 1 51 37 1 2
0 1 119 16 1 5
0 1 105 35 1 0
0 1 118 39 1 4
0 1 32 49 0 4
0 1 29 38 0 2
0 1 43 15 0 5
0 1 107 6 1 4
0 1 130 24 1 5
0 1 52 47 0 4
0 1 90 32 0 4
0 1 17 18 1 1
0 1 49 8 0 4
0 1 113 49 0 1
0 1 138 42 0 3
