0 1 71 9 1 1
0 1 15 41 1 0
0 1 128 25 1 3
0 1 131 14 0 0
0 1 86 30 0 0
0 1 76 30 0 3
0 1 147 11 0 1
0 1 17 45 1 2
0 1 145 17 0 4
0 1 14 22 0 2
0 1 77 35 0 0
0 1 53 40 1 5
0 1 112 14 0 1
0 1 89 11 1 4
0 1 11 27 0 1
0 1 19 26 0 5
0 1 66 15 1 1
0 1 116 37 1 1
0 1 39 21 1 5
0 1 38 33 1 1
0 1 28 36 0 5
0 1 118 15 0 4
0 1 2 39 1 4
0 1 124 39 1 5
0 1 122 32 0 0
0 1 109 31 1 5
0 1 114 2 0 3
0 1 21 7 1 5
0 1 81 37 1 2
0 1 42 44 1 3
0 1 51 21 1 0
0 1 7 10 1 2
0 1 129 37 0 5
0 1 9 43 0 5
0 1 70 28 1 0
0 1 45 11 1 0
0 1 59 6 1 3
0 1 25 33 1 2
0 1 107 27 1 0
0 1 139 38 0 4
0 1 61 42 0 1
0 1 148 5 1 1
0 1 17 45 0 1
0 1 7 43 0 4
0 1 30 7 1 0
0 1 98 32 0 3
0 1 50 35 0 1
0 1 84 45 0 5
0 1 63 35 1 2
0 1 68 11 0 3
0 1 22 20 1 5
0 1 103 2 1 1
0 1 63 13 0 3
0 1 50 42 1 5
0 1 4 47 1 3
0 1 142 15 0 5
0 1 119 25 0 2
0 1 41 40 1 1
0 1 120 46 0 3
0 1 146 27 1 4
0 1 132 40 1 2
0 1 6 14 0 3
0 1 73 45 1 4
0 1 102 25 0 5
0 1 44 17 1 1
0 1 130 38 1 1
0 1 114 12 1 4
0 1 134 29 1 3
0 1 31 0 0 0
0 1 116 34 0 2
0 1 94 44 0 1
0 1 4 48 0 1
0 1 144 0 0 2
0 1 10 0 0 5
0 1 8 24 0 2
0 1 54 23 1 4
0 1 11 20 1 0
0 1 46 7 1 3
0 1 55 47 0 5
0 1 6 25 1 1
0 1 135 24 0 5
0 1 104 11 1 2
0 1 12 26 1 1
0 1 53 1 0 0
0 1 5 31 0 4
0 1 75 12 1 2
0 1 64 27 1 5
0 1 20 4 0 3
0 1 133 49 1 4
0 1 40 20 1 3
0 1 148 38 0 3
0 1 72 9 0 0
0 1 52 32 0 4
0 1 67 18 1 4
0 1 28 16 1 0
0 1 91 29 1 2
0 1 102 8 1 3
0 1 1 17 0 2
0 1 132 0 0 3
0 1 131 12 1 3
0 1 85 33 0 4
0 1 60 47 1 2
0 1 125 37 0 4
0 1 87 1 0 2
0 1 35 35 0 3
0 1 23 35 0 5
0 1 75 21 0 3
0 1 123 22 1 3
0 1 1 29 1 0
0 1 122 7 1 2
0 1 118 46 1 5
0 1 99 13 0 0
0 1 84 13 1 2
0 1 125 15 1 3
0 1 88 41 1 4
0 1 43 1 1 1
0 1 78 27 0 3
0 1 87 39 1 1
0 1 22 41 0 2
0 1 149 5 0 2
0 1 64 30 0 5
0 1 36 13 1 5
0 1 92 40 1 3
0 1 71 19 0 1
0 1 147 18 1 1
0 1 86 12 1 5
0 1 133 18 0 3
0 1 82 48 0 5
0 1 130 19 0 3
0 1 111 28 0 5
0 1 45 36 0 1
0 1 127 31 1 0
0 1 141 15 1 2
0 1 0 22 0 4
0 1 40 24 0 3
0 1 30 25 0 4
0 1 56 15 1 0
0 1 44 19 0 5
0 1 49 16 1 3
0 1 60 32 0 5
0 1 74 19 1 2
0 1 29 12 1 0
0 1 97 23 1 1
0 1 43 14 0 5
0 1 93 49 1 2
0 1 27 7 0 4
0 1 27 0 1 4
0 1 88 4 0 1
0 1 78 2 1 0
0 1 52 43 1 3
0 1 67 47 0 1
0 1 9 42 1 4
0 1 33 45 1 0
0 1 14 31 1 3
0 1 128 26 0 2
0 1 85 38 1 5
0 1 74 6 0 4
0 1 26 4 0 0
0 1 140 8 0 5
0 1 42 43 0 0
0 1 138 18 0 5
0 1 31 33 1 5
0 1 61 34 1 3
0 1 91 43 0 2
0 1 139 20 1 1
0 1 37 12 1 1
0 1 10 8 1 1
0 1 8 26 1 3
0 1 25 49 0 5
0 1 99 3 1 0
0 1 18 10 0 4
0 1 83 14 0 2
0 1 54 23 0 5
0 1 59 20 0 2
0 1 57 49 0 0
0 1 57 32 1 1
0 1 15 34 0 5
0 1 34 17 0 3
0 1 138 3 1 5
0 1 98 22 1 5
0 1 65 48 1 0
0 1 115 45 0 3
0 1 23 41 1 5
0 1 100 28 0 1
0 1 109 4 0 5
0 1 121 23 1 3
0 1 79 4 0 4
0 1 146 1 0 4
0 1 134 24 0 4
0 1 121 18 0 2
0 1 144 3 1 1
0 1 38 3 0 2
0 1 24 39 1 0
0 1 62 9 1 3
0 1 142 21 1 4
0 1 123 49 0 3
0 1 36 16 0 4
0 1 3 46 1 1
0 1 69 4 1 2
0 1 149 10 1 3
0 1 111 21 1 1
0 1 33 14 0 4
0 1 3 5 0 3
0 1 137 29 1 4
0 1 41 28 0 3
0 1 62 1 0 3
0 1 126 46 0 0
0 1 117 8 1 2
0 1 103 24 0 1
0 1 127 16 0 2
0 1 13 7 1 1
0 1 34 9 1 4
0 1 101 2 0 4
0 1 77 16 1 5
0 1 48 19 0 0
0 1 83 18 1 0
0 1 89 36 0 0
0 1 143 46 0 2
0 1 137 44 0 2
0 1 32 27 0 2
0 1 24 30 0 1
0 1 94 6 1 2
0 1 112 28 1 2
0 1 105 47 1 0
0 1 19 37 1 0
0 1 70 23 0 2
0 1 135 29 1 1
0 1 39 34 0 1
0 1 106 8 1 4
0 1 47 29 0 5
0 1 115 48 1 3
0 1 106 13 0 1
0 1 66 9 0 5
0 1 49 44 0 0
0 1 124 10 0 5
0 1 93 13 0 4
0 1 16 41 1 3
0 1 65 42 0 2
0 1 101 3 1 4
0 1 110 2 0 2
0 1 29 33 0 0
0 1 97 0 0 1
0 1 96 40 1 4
0 1 96 43 0 1
0 1 79 26 1 0
0 1 56 31 0 2
0 1 12 17 0 5
0 1 104 17 0 0
0 1 119 6 1 5
0 1 145 48 1 2
0 1 2 19 0 4
0 1 113 24 1 0
0 1 95 26 1 4
0 1 72 10 1 1
0 1 117 31 0 1
0 1 73 28 0 4
0 1 143 39 1 3
0 1 58 41 1 1
0 1 46 21 0 2
0 1 48 22 1 0
0 1 16 1 0 5
0 1 113 6 0 0
0 1 107 36 0 4
0 1 51 9 0 2
0 1 82 46 1 4
0 1 69 44 0 5
0 1 81 30 0 4
0 1 37 6 0 1
0 1 90 33 0 3
0 1 35 39 1 2
0 1 140 42 1 3
0 1 26 5 1 5
0 1 18 32 1 2
0 1 55 36 1 2
0 1 76 34 1 4
0 1 68 16 1 1
0 1 120 49 1 1
0 1 136 40 1 0
0 1 136 11 0 5
0 1 129 3 1 3
0 1 32 34 1 0
0 1 0 5 1 4
0 1 141 47 0 4
0 1 126 48 1 4
0 1 105 10 0 0
0 1 80 2 1 5
0 1 58 38 0 2
0 1 13 20 0 4
0 1 20 8 1 0
0 1 92 5 0 0
0 1 21 44 0 4
0 1 95 22 0 1
0 1 100 23 1 0
0 1 110 35 1 4
0 1 5 25 1 0
0 1 108 36 1 3
0 1 47 30 1 2
0 1 80 42 0 0
0 1 90 38 1 0
0 1 108 37 0 3
