0 1 65 42 1 4
0 1 16 44 1 3
0 1 23 15 1 2
0 1 56 43 1 5
0 1 138 29 1 3
0 1 94 12 0 1
0 1 27 37 1 3
0 1 100 23 0 4
0 1 56 6 0 1
0 1 41 18 1 3
0 1 53 40 1 0
0 1 26 34 1 5
0 1 24 35 0 4
0 1 52 28 0 3
0 1 8 36 0 2
0 1 15 22 1 2
0 1 91 23 0 1
0 1 75 49 1 1
0 1 92 3 1 3
0 1 24 8 1 2
0 1 29 15 0 0
0 1 127 1 1 5
0 1 9 2 1 0
0 1 65 13 0 5
0 1 40 6 0 3
0 1 110 1 1 2
0 1 54 10 1 1
0 1 121 9 0 5
0 1 115 13 1 3
0 1 83 3 0 5
0 1 77 46 1 4
0 1 42 35 1 3
0 1 13 18 1 4
0 1 90 16 0 4
0 1 118 10 0 0
0 1 3 48 0 4
0 1 36 35 0 5
0 1 72 38 1 0
0 1 101 5 1 2
0 1 80 35 1 2
0 1 9 18 0 1
0 1 112 36 1 4
0 1 125 28 1 1
0 1 147 40 1 5
0 1 83 30 1 0
0 1 21 45 1 0
0 1 14 0 0 2
0 1 117 18 1 2
0 1 51 38 0 2
0 1 61 33 1 4
0 1 64 32 1 1
0 1 104 36 1 1
0 1 71 32 1 5
0 1 35 10 0 5
0 1 58 34 1 1
0 1 112 27 0 3
0 1 67 47 1 1
0 1 32 46 1 3
0 1 76 1 0 4
0 1 34 13 0 0
0 1 98 22 1 0
0 1 69 44 1 0
0 1 107 31 0 0
0 1 66 21 1 2
0 1 27 34 0 3
0 1 96 0 0 1
0 1 99 49 1 3
0 1 55 22 0 5
0 1 16 39 0 1
0 1 113 44 0 4
0 1 91 15 1 4
0 1 89 26 1 3
0 1 52 43 1 2
0 1 88 43 0 1
0 1 42 5 0 3
0 1 23 34 0 4
0 1 74 20 1 0
0 1 82 6 0 2
0 1 53 21 0 4
0 1 6 11 0 2
0 1 21 19 0 2
0 1 116 0 1 3
0 1 141 38 0 5
0 1 130 16 0 0
0 1 29 46 1 1
0 1 13 4 0 1
0 1 136 37 0 5
0 1 106 27 1 1
0 1 22 24 1 3
0 1 76 24 1 5
0 1 104 40 0 1
0 1 31 48 1 0
0 1 62 2 0 4
0 1 149 0 1 4
0 1 18 33 0 3
0 1 82 10 1 4
0 1 147 20 0 3
0 1 94 32 1 3
0 1 124 6 0 0
0 1 38 20 0 4
0 1 114 36 0 5
0 1 146 41 1 5
0 1 120 7 1 2
0 1 139 42 1 2
0 1 99 19 0 4
0 1 50 7 0 0
0 1 41 20 0 1
0 1 109 11 1 1
0 1 98 31 0 2
0 1 79 7 1 5
0 1 103 17 1 3
0 1 33 33 0 0
0 1 142 17 0 5
0 1 85 28 0 5
0 1 60 32 0 0
0 1 6 10 1 2
0 1 4 27 0 4
0 1 144 8 1 1
0 1 75 45 0 3
0 1 15 28 0 4
0 1 115 14 0 5
0 1 22 30 0 4
0 1 60 12 1 3
0 1 145 39 1 0
0 1 38 40 1 3
0 1 133 1 1 3
0 1 74 22 0 1
0 1 143 17 0 4
0 1 84 9 1 4
0 1 105 3 1 4
0 1 138 8 0 4
0 1 71 46 0 0
0 1 67 5 0 1
0 1 132 12 0 0
0 1 28 36 0 3
0 1 46 27 0 0
0 1 68 21 1 3
0 1 50 32 1 2
0 1 57 0 1 5
0 1 46 1 1 1
0 1 128 19 1 3
0 1 30 44 1 5
0 1 11 4 0 3
0 1 119 2 1 5
0 1 78 33 1 2
0 1 49 38 1 3
0 1 87 21 1 5
0 1 126 31 1 3
0 1 130 15 1 3
0 1 44 42 0 1
0 1 58 26 0 2
0 1 39 30 1 1
0 1 25 21 0 0
0 1 122 9 0 0
0 1 117 9 0 1
0 1 10 8 0 3
0 1 30 25 0 1
0 1 7 30 1 3
0 1 2 25 0 3
0 1 144 14 0 3
0 1 45 28 0 0
0 1 127 29 0 0
0 1 11 19 1 5
0 1 20 37 1 1
0 1 43 12 0 5
0 1 123 3 0 2
0 1 31 43 0 4
0 1 148 2 0 1
0 1 110 20 0 2
0 1 97 12 1 4
0 1 124 13 1 4
0 1 84 24 0 0
0 1 135 4 0 4
0 1 68 30 0 5
0 1 134 26 0 5
0 1 100 49 1 0
0 1 120 24 0 2
0 1 28 39 1 5
0 1 102 23 0 3
0 1 36 39 1 4
0 1 79 48 0 1
0 1 1 29 1 4
0 1 131 34 1 2
0 1 37 14 0 4
0 1 3 33 1 1
0 1 136 49 1 5
0 1 39 48 0 2
0 1 0 23 0 0
0 1 33 47 1 4
0 1 106 41 0 2
0 1 80 22 0 4
0 1 85 42 1 3
0 1 113 7 1 4
0 1 137 2 1 3
0 1 77 9 0 2
0 1 59 47 1 0
0 1 132 35 1 0
0 1 86 11 1 5
0 1 17 48 1 3
0 1 48 8 0 5
0 1 125 37 0 0
0 1 116 9 0 3
0 1 69 4 0 2
0 1 62 47 1 5
0 1 133 10 0 3
0 1 89 39 0 3
0 1 142 44 1 2
0 1 32 16 0 1
0 1 12 23 1 5
0 1 43 12 1 2
0 1 55 42 1 5
0 1 26 6 0 4
0 1 45 16 1 5
0 1 25 43 1 3
0 1 61 15 0 5
0 1 146 25 0 5
0 1 105 25 0 0
0 1 66 25 0 4
0 1 90 29 1 1
0 1 149 21 0 1
0 1 143 13 1 1
0 1 81 15 1 1
0 1 123 3 1 0
0 1 93 40 0 2
0 1 134 49 1 2
0 1 118 5 1 5
0 1 95 45 1 1
0 1 111 22 1 3
0 1 57 31 0 4
0 1 135 14 1 2
0 1 47 45 1 2
0 1 35 47 1 2
0 1 109 43 0 0
0 1 96 48 1 5
0 1 70 2 0 2
0 1 54 24 0 1
0 1 5 28 0 2
0 1 95 17 0 1
0 1 139 16 0 3
0 1 86 40 0 4
0 1 18 17 1 2
0 1 12 11 0 4
0 1 87 46 0 2
0 1 108 37 0 4
0 1 14 26 1 4
0 1 1 45 0 5
0 1 88 5 1 0
0 1 4 38 1 4
0 1 101 30 0 2
0 1 72 49 0 4
0 1 63 44 1 1
0 1 111 37 0 2
0 1 103 25 0 2
0 1 49 39 0 2
0 1 0 0 1 0
0 1 108 3 1 1
0 1 122 32 1 4
0 1 73 38 0 1
0 1 92 33 0 5
0 1 141 45 1 4
0 1 128 16 0 2
0 1 78 31 0 1
0 1 119 14 0 0
0 1 59 14 0 1
0 1 73 34 1 0
0 1 107 1 1 0
0 1 126 20 0 5
0 1 34 47 1 3
0 1 20 26 0 0
0 1 129 42 0 0
0 1 44 19 1 0
0 1 10 26 1 1
0 1 37 18 1 5
0 1 48 41 1 1
0 1 129 29 1 2
0 1 102 23 1 2
0 1 148 27 1 2
0 1 8 7 1 3
0 1 17 31 0 5
0 1 40 18 1 0
0 1 47 46 0 5
0 1 2 11 1 0
0 1 51 41 1 0
0 1 121 11 1 3
0 1 114 27 1 5
0 1 97 7 0 1
0 1 64 35 0 1
0 1 140 8 0 0
0 1 5 4 1 0
0 1 81 6 0 5
0 1 137 13 0 2
0 1 70 24 1 4
0 1 7 5 0 4
0 1 19 17 0 0
0 1 93 41 1 3
0 1 140 19 1 1
0 1 131 36 0 0
0 1 63 29 0 5
0 1 145 4 0 5
0 1 19 41 1 4
