0 1 15 3 1 2
0 1 102 0 0 5
0 1 107 19 0 5
0 1 75 17 0 0
0 1 3 31 0 4
0 1 37 13 0 0
0 1 36 37 0 4
0 1 134 41 0 0
0 1 77 32 1 2
0 1 100 31 0 0
0 1 50 16 1 3
0 1 46 49 0 1
0 1 57 36 0 2
0 1 31 11 0 3
0 1 147 1 1 2
0 1 10 27 1 4
0 1 81 9 1 3
0 1 63 15 1 1
0 1 133 12 1 1
0 1 143 40 0 3
0 1 34 45 1 0
0 1 109 46 1 3
0 1 9 17 0 2
0 1 133 10 0 4
0 1 99 2 1 0
0 1 24 22 1 2
0 1 64 24 1 4
0 1 106 10 1 5
0 1 128 34 0 3
0 1 30 36 0 3
0 1 141 33 0 0
0 1 14 40 1 4
0 1 17 13 0 5
0 1 58 21 0 0
0 1 88 39 0 4
0 1 97 5 0 5
0 1 119 0 1 2
0 1 127 45 1 3
0 1 13 42 0 1
0 1 80 4 0 5
0 1 100 14 1 3
0 1 40 45 1 5
0 1 78 24 1 1
0 1 51 16 0 5
0 1 148 16 0 2
0 1 23 5 1 2
0 1 2 25 1 4
0 1 86 25 0 0
0 1 93 26 0 4
0 1 83 46 0 1
0 1 139 43 0 3
0 1 15 27 0 1
0 1 39 20 1 0
0 1 66 44 0 4
0 1 68 41 0 2
0 1 62 20 0 1
0 1 42 47 0 5
0 1 73 28 0 1
0 1 20 47 1 3
0 1 132 22 1 0
0 1 60 6 0 5
0 1 49 28 1 3
0 1 96 28 0 2
0 1 92 44 1 3
0 1 142 32 0 0
0 1 19 40 0 5
0 1 61 33 0 4
0 1 21 7 1 0
0 1 127 7 0 2
0 1 104 6 1 3
0 1 98 40 0 0
0 1 32 14 0 4
0 1 47 23 1 5
0 1 72 19 0 2
0 1 56 33 0 3
0 1 94 38 0 3
0 1 105 41 1 1
0 1 74 32 0 3
0 1 113 37 0 2
0 1 113 41 1 4
0 1 132 26 0 5
0 1 1 31 0 1
0 1 46 35 1 5
0 1 76 47 1 4
0 1 57 3 1 3
0 1 140 21 0 3
0 1 11 7 0 5
0 1 129 0 1 1
0 1 146 35 1 2
0 1 51 40 1 2
0 1 95 46 0 0
0 1 84 29 0 1
0 1 124 11 1 5
0 1 38 11 0 1
0 1 45 17 1 1
0 1 121 8 0 1
0 1 70 24 1 5
0 1 84 15 1 5
0 1 137 49 1 3
0 1 107 24 1 2
0 1 131 23 1 1
0 1 125 15 0 4
0 1 118 4 1 0
0 1 98 20 1 4
0 1 21 31 0 2
0 1 135 31 1 5
0 1 126 48 1 2
0 1 59 43 0 5
0 1 41 27 0 3
0 1 138 9 1 4
0 1 56 0 1 0
0 1 144 11 0 0
0 1 120 39 0 1
0 1 83 8 1 3
0 1 8 0 1 4
0 1 42 47 1 0
0 1 74 42 1 5
0 1 64 4 0 1
0 1 12 4 1 2
0 1 81 8 0 4
0 1 114 29 1 2
0 1 111 14 1 2
0 1 70 31 0 3
0 1 149 45 0 4
0 1 139 39 1 3
0 1 59 36 1 0
0 1 75 20 1 2
0 1 5 25 1 2
0 1 48 38 1 4
0 1 61 13 1 3
0 1 44 16 1 1
0 1 7 37 1 5
0 1 105 13 0 4
0 1 67 18 0 3
0 1 82 20 1 3
0 1 101 21 1 5
0 1 115 36 1 1
0 1 121 33 1 1
0 1 123 6 0 4
0 1 30 47 1 2
0 1 37 45 1 2
0 1 101 15 0 3
0 1 27 35 0 3
0 1 110 18 0 0
0 1 1 30 1 0
0 1 9 25 1 1
0 1 143 27 1 5
0 1 32 12 1 3
0 1 87 37 1 3
0 1 79 5 0 0
0 1 145 42 1 3
0 1 112 5 0 4
0 1 99 42 0 0
0 1 43 48 0 0
0 1 146 38 0 5
0 1 134 11 1 2
0 1 28 3 1 5
0 1 45 11 0 4
0 1 49 34 0 4
0 1 4 38 1 2
0 1 86 41 1 3
0 1 111 21 0 2
0 1 136 28 1 5
0 1 39 46 0 5
0 1 124 8 0 2
0 1 43 30 1 3
0 1 25 27 0 2
0 1 0 22 1 3
0 1 69 48 1 3
0 1 26 24 1 3
0 1 18 40 1 1
0 1 91 46 0 2
0 1 104 23 0 0
0 1 88 43 1 4
0 1 12 1 0 3
0 1 108 30 1 4
0 1 35 39 0 0
0 1 2 4 0 4
0 1 92 33 0 2
0 1 52 19 1 0
0 1 10 24 0 0
0 1 95 43 1 0
0 1 65 41 0 5
0 1 0 19 0 4
0 1 38 34 1 5
0 1 78 6 0 2
0 1 117 1 0 4
0 1 69 29 0 5
0 1 128 36 1 5
0 1 73 35 1 0
0 1 53 23 0 2
0 1 116 49 0 2
0 1 55 46 0 4
0 1 122 1 0 5
0 1 110 20 1 5
0 1 55 30 1 2
0 1 102 29 1 0
0 1 79 7 1 3
0 1 20 17 0 4
0 1 16 32 1 1
0 1 117 14 1 0
0 1 137 43 0 2
0 1 19 9 1 5
0 1 24 17 0 3
0 1 123 7 1 4
0 1 11 7 1 1
0 1 3 39 1 2
0 1 89 16 0 0
0 1 131 9 0 2
0 1 44 26 0 0
0 1 63 38 0 0
0 1 66 35 1 4
0 1 77 43 0 1
0 1 22 26 0 3
0 1 106 10 0 0
0 1 120 48 1 5
0 1 33 18 1 4
0 1 141 44 1 5
0 1 87 16 0 4
0 1 122 21 1 4
0 1 65 39 1 5
0 1 94 32 1 5
0 1 62 3 1 1
0 1 33 49 0 4
0 1 54 18 0 5
0 1 85 35 0 1
0 1 85 14 1 5
0 1 27 37 1 0
0 1 90 37 0 1
0 1 109 15 0 0
0 1 119 22 0 1
0 1 14 28 0 0
0 1 138 8 0 0
0 1 130 10 1 3
0 1 96 19 1 3
0 1 71 9 0 1
0 1 108 13 0 2
0 1 13 2 1 3
0 1 103 42 1 2
0 1 34 17 0 5
0 1 28 4 0 3
0 1 6 18 1 1
0 1 67 23 1 4
0 1 54 42 1 4
0 1 112 6 1 1
0 1 5 25 0 5
0 1 149 27 1 0
0 1 68 26 1 1
0 1 91 34 1 1
0 1 6 8 0 5
0 1 136 10 0 2
0 1 48 15 0 2
0 1 145 34 0 2
0 1 125 5 1 3
0 1 80 23 1 3
0 1 29 2 1 2
0 1 25 13 1 1
0 1 40 33 0 5
0 1 144 5 1 1
0 1 97 25 1 3
0 1 41 44 1 2
0 1 26 30 0 1
0 1 23 2 0 4
0 1 29 21 0 1
0 1 31 45 1 1
0 1 114 12 0 0
0 1 16 29 0 3
0 1 71 36 1 4
0 1 115 19 0 1
0 1 53 38 1 1
0 1 60 44 1 0
0 1 135 48 0 1
0 1 47 2 0 1
0 1 147 12 0 4
0 1 118 2 0 5
0 1 50 22 0 4
0 1 36 49 1 0
0 1 17 30 1 5
0 1 130 28 0 4
0 1 90 49 1 5
0 1 126 10 0 1
0 1 58 14 1 1
0 1 140 34 1 0
0 1 72 48 1 4
0 1 103 3 0 0
0 1 7 1 0 1
0 1 35 0 1 3
0 1 148 6 1 0
0 1 52 12 0 5
0 1 93 32 1 4
0 1 22 44 1 1
0 1 142 3 1 4
0 1 116 18 1 2
0 1 82 9 0 0
0 1 76 26 0 2
0 1 129 29 0 4
0 1 8 12 0 2
0 1 89 47 1 1
0 1 4 22 0 5
0 1 18 1 0 0
