0 1 135 17 1 4
0 1 121 8 0 0
0 1 86 30 0 2
0 1 43 21 0 2
0 1 76 11 1 3
0 1 105 42 1 3
0 1 100 30 0 4
0 1 140 20 1 5
0 1 12 37 0 4
0 1 24 5 1 2
0 1 56 47 0 0
0 1 44 37 0 5
0 1 8 31 0 5
0 1 49 43 0 4
0 1 141 11 0 1
0 1 18 48 1 5
0 1 38 44 1 3
0 1 86 20 1 3
0 1 56 0 1 1
0 1 92 1 1 0
0 1 61 14 1 4
0 1 47 33 0 2
0 1 128 32 1 0
0 1 118 3 1 0
0 1 106 17 0 1
0 1 11 33 1 4
0 1 117 43 1 2
0 1 147 38 0 2
0 1 95 44 1 4
0 1 32 27 1 5
0 1 39 12 1 1
0 1 146 3 1 4
0 1 138 23 0 2
0 1 94 41 0 3
0 1 61 25 0 4
0 1 97 20 0 2
0 1 43 31 1 1
0 1 120 6 0 4
0 1 15 6 0 0
0 1 28 2 0 4
0 1 49 22 1 1
0 1 111 49 0 5
0 1 122 1 1 3
0 1 58 5 1 1
0 1 2 24 0 3
0 1 143 42 0 5
0 1 145 25 0 5
0 1 108 43 0 3
0 1 94 25 1 0
0 1 132 17 0 2
0 1 14 7 1 3
0 1 104 48 0 2
0 1 149 10 1 3
0 1 113 32 0 2
0 1 35 4 0 1
0 1 131 25 1 1
0 1 97 6 1 2
0 1 19 26 1 5
0 1 7 36 1 5
0 1 74 34 1 3
0 1 91 16 1 1
0 1 147 9 1 5
0 1 64 31 1 3
0 1 80 46 1 3
0 1 101 0 0 0
0 1 130 23 0 3
0 1 92 16 0 4
0 1 90 9 1 3
0 1 48 44 0 2
0 1 123 13 1 4
0 1 8 7 1 0
0 1 72 39 1 5
0 1 113 22 1 0
0 1 41 34 1 2
0 1 36 7 0 4
0 1 143 5 1 3
0 1 141 35 1 0
0 1 77 15 0 3
0 1 144 3 1 1
0 1 31 41 1 0
0 1 29 43 1 0
0 1 20 28 0 3
0 1 65 0 0 4
0 1 73 8 0 2
0 1 134 15 0 5
0 1 79 7 0 1
0 1 26 1 0 5
0 1 139 9 0 1
0 1 79 7 1 2
0 1 102 26 1 1
0 1 66 40 0 4
0 1 83 19 1 0
0 1 115 41 1 2
0 1 22 13 0 1
0 1 62 34 0 5
0 1 124 9 0 0
0 1 63 36 1 3
0 1 65 45 1 3
0 1 138 37 1 0
0 1 3 16 0 5
0 1 84 5 1 0
0 1 73 18 1 5
0 1 104 16 1 3
0 1 64 32 0 5
0 1 89 15 0 4
0 1 142 21 0 1
0 1 35 13 1 2
0 1 88 23 0 1
0 1 41 8 0 4
0 1 88 44 1 1
0 1 4 18 0 4
0 1 111 32 1 1
0 1 40 0 1 2
0 1 124 29 1 2
0 1 37 12 0 4
0 1 57 45 0 2
0 1 21 37 0 2
0 1 75 4 0 3
0 1 102 19 0 3
0 1 42 44 0 5
0 1 126 48 0 4
0 1 125 40 1 3
0 1 19 37 0 3
0 1 21 45 1 1
0 1 127 12 0 3
0 1 55 27 0 1
0 1 12 16 1 0
0 1 114 2 1 2
0 1 32 45 0 0
0 1 27 42 1 4
0 1 145 17 1 0
0 1 129 46 1 0
0 1 127 34 1 4
0 1 23 18 0 2
0 1 13 29 1 1
0 1 37 38 1 1
0 1 15 23 1 5
0 1 78 31 0 2
0 1 36 29 1 3
0 1 38 35 0 3
0 1 52 30 0 1
0 1 22 26 1 2
0 1 17 47 0 5
0 1 10 42 0 0
0 1 103 38 1 4
0 1 91 36 0 2
0 1 121 27 1 3
0 1 60 31 0 4
0 1 90 33 0 1
0 1 118 24 0 2
0 1 106 14 1 5
0 1 55 4 1 4
0 1 130 25 1 3
0 1 132 39 1 2
0 1 112 44 0 0
0 1 33 8 1 1
0 1 70 8 0 3
0 1 80 46 0 4
0 1 107 39 1 3
0 1 117 24 0 0
0 1 109 40 1 2
0 1 76 18 0 1
0 1 129 15 0 1
0 1 9 45 1 4
0 1 18 27 0 4
0 1 100 46 1 1
0 1 110 40 1 5
0 1 46 34 0 0
0 1 115 31 0 0
0 1 110 24 0 1
0 1 131 3 0 5
0 1 81 21 0 3
0 1 57 46 1 2
0 1 99 43 1 1
0 1 9 12 0 2
0 1 149 39 0 4
0 1 136 35 0 2
0 1 7 3 0 3
0 1 39 13 0 0
0 1 116 20 0 4
0 1 83 1 0 2
0 1 1 26 1 3
0 1 93 13 1 3
0 1 2 49 1 0
0 1 101 6 1 3
0 1 63 19 0 4
0 1 123 19 0 2
0 1 146 15 0 0
0 1 87 36 0 0
0 1 108 29 1 4
0 1 69 20 0 0
0 1 148 34 0 1
0 1 27 14 0 2
0 1 31 22 0 3
0 1 82 47 0 3
0 1 5 29 0 5
0 1 148 30 1 3
0 1 30 38 0 3
0 1 51 7 0 5
0 1 81 25 1 2
0 1 16 19 0 1
0 1 25 23 0 4
0 1 140 17 0 5
0 1 112 33 1 3
0 1 84 49 0 1
0 1 119 13 0 5
0 1 128 40 0 0
0 1 13 5 0 4
0 1 134 28 1 1
0 1 109 10 0 0
0 1 75 9 1 2
0 1 16 4 1 5
0 1 78 33 1 0
0 1 67 2 1 1
0 1 96 0 0 5
0 1 116 4 1 0
0 1 107 30 0 0
0 1 135 41 0 5
0 1 58 11 0 4
0 1 5 3 1 2
0 1 139 36 1 4
0 1 46 43 1 5
0 1 60 22 1 5
0 1 45 47 0 4
0 1 1 41 0 1
0 1 85 10 0 4
0 1 47 48 1 1
0 1 96 36 1 1
0 1 74 6 0 5
0 1 77 30 1 5
0 1 137 4 0 2
0 1 95 27 0 2
0 1 103 17 0 3
0 1 25 20 1 1
0 1 119 6 1 1
0 1 59 11 1 5
0 1 11 42 0 1
0 1 120 35 1 5
0 1 87 11 1 2
0 1 50 2 1 5
0 1 126 32 1 4
0 1 44 21 1 5
0 1 45 28 1 5
0 1 69 40 1 1
0 1 30 14 1 0
0 1 99 28 0 4
0 1 52 32 1 3
0 1 3 21 1 0
0 1 98 47 1 2
0 1 125 14 0 1
0 1 40 11 0 0
0 1 71 10 1 5
0 1 137 16 1 2
0 1 93 18 0 3
0 1 42 49 1 4
0 1 122 12 0 0
0 1 33 49 0 3
0 1 89 28 1 0
0 1 133 22 0 4
0 1 48 2 1 3
0 1 23 26 1 4
0 1 29 12 0 5
0 1 24 10 0 1
0 1 26 37 1 1
0 1 68 42 0 2
0 1 34 46 0 5
0 1 14 23 0 0
0 1 28 1 1 4
0 1 6 48 1 0
0 1 98 15 0 2
0 1 105 18 0 0
0 1 133 35 1 1
0 1 142 29 1 0
0 1 53 28 0 2
0 1 10 9 1 4
0 1 85 38 1 5
0 1 50 1 0 1
0 1 6 24 0 5
0 1 66 45 1 5
0 1 53 24 1 4
0 1 67 21 0 4
0 1 0 33 0 5
0 1 71 38 0 0
0 1 17 14 1 3
0 1 114 49 0 2
0 1 34 0 1 3
0 1 72 27 0 0
0 1 136 41 1 4
0 1 68 39 1 1
0 1 144 39 0 0
0 1 82 48 1 3
0 1 54 47 0 1
0 1 54 22 1 2
0 1 59 8 0 5
0 1 70 2 1 0
0 1 51 26 1 0
0 1 0 19 1 5
0 1 62 5 1 5
0 1 4 10 1 2
0 1 20 35 1 4
