0 1 88 6 1 2
0 1 76 8 1 1
0 1 114 37 0 1
0 1 108 44 1 3
0 1 142 6 0 3
0 1 58 12 0 0
0 1 45 12 0 4
0 1 145 31 0 0
0 1 115 44 0 4
0 1 13 32 0 2
0 1 109 34 0 5
0 1 30 34 0 0
0 1 93 18 1 2
0 1 123 30 0 1
0 1 148 49 1 3
0 1 125 33 1 2
0 1 100 18 0 1
0 1 53 41 0 4
0 1 87 23 0 4
0 1 112 27 0 3
0 1 71 12 0 3
0 1 127 19 1 4
0 1 148 9 0 0
0 1 143 40 1 2
0 1 100 37 1 3
0 1 4 27 0 4
0 1 99 38 1 4
0 1 63 34 0 4
0 1 9 10 1 0
0 1 113 31 1 1
0 1 27 12 0 2
0 1 37 35 1 3
0 1 123 16 1 2
0 1 31 26 0 1
0 1 12 43 0 2
0 1 72 11 1 5
0 1 47 34 0 3
0 1 4 11 1 0
0 1 68 21 0 2
0 1 15 13 0 2
0 1 5 27 1 1
0 1 145 17 1 4
0 1 29 23 1 2
0 1 105 18 0 5
0 1 13 30 1 2
0 1 37 42 0 0
0 1 101 28 1 3
0 1 111 8 1 3
0 1 51 26 1 4
0 1 17 47 1 5
0 1 109 5 1 3
0 1 11 20 0 5
0 1 56 19 0 0
0 1 14 35 1 1
0 1 1 21 0 0
0 1 133 35 0 4
0 1 42 20 0 4
0 1 16 15 1 2
0 1 9 3 0 1
0 1 133 2 1 4
0 1 15 21 1 1
0 1 52 17 1 3
0 1 122 33 1 5
0 1 130 14 1 0
0 1 132 43 0 5
0 1 50 12 0 1
0 1 147 30 0 5
0 1 7 0 1 4
0 1 98 10 0 3
0 1 10 48 0 5
0 1 77 1 0 1
0 1 63 8 1 5
0 1 95 24 0 5
0 1 32 40 1 4
0 1 104 43 0 0
0 1 6 36 0 4
0 1 120 23 1 1
0 1 40 5 1 4
0 1 46 4 0 0
0 1 86 40 0 0
0 1 118 27 1 5
0 1 86 4 1 3
0 1 39 15 1 4
0 1 84 29 0 2
0 1 64 28 1 5
0 1 33 46 0 3
0 1 113 41 0 2
0 1 142 33 1 1
0 1 107 25 1 5
0 1 96 1 0 4
0 1 3 22 1 1
0 1 38 44 0 1
0 1 78 45 0 0
0 1 49 48 0 0
0 1 116 14 0 1
0 1 89 11 1 4
0 1 85 9 1 2
0 1 73 38 1 1
0 1 48 20 0 3
0 1 65 5 1 5
0 1 138 47 1 0
0 1 119 45 0 5
0 1 26 18 0 3
0 1 94 25 0 4
0 1 34 25 0 3
0 1 61 7 0 0
0 1 90 0 1 5
0 1 111 0 0 0
0 1 129 6 1 1
0 1 126 20 0 0
0 1 116 27 1 0
0 1 147 20 1 1
0 1 41 46 1 2
0 1 78 31 1 4
0 1 53 22 1 2
0 1 87 3 1 3
0 1 8 42 0 4
0 1 20 2 0 0
0 1 67 3 0 4
0 1 149 28 1 2
0 1 66 22 1 4
0 1 90 28 0 4
0 1 62 47 1 4
0 1 108 49 0 5
0 1 120 5 0 1
0 1 72 27 0 2
0 1 83 6 0 4
0 1 51 16 0 1
0 1 101 13 0 1
0 1 68 33 1 0
0 1 54 22 0 3
0 1 107 4 0 2
0 1 59 1 1 2
0 1 55 21 0 4
0 1 79 25 0 1
0 1 121 40 0 1
0 1 70 3 0 2
0 1 28 5 0 2
0 1 110 24 1 1
0 1 83 47 1 3
0 1 140 15 1 1
0 1 47 49 1 4
0 1 84 37 1 4
0 1 135 16 1 4
0 1 128 5 1 0
0 1 32 13 0 4
0 1 132 1 1 0
0 1 124 12 0 5
0 1 29 15 0 0
0 1 22 41 0 5
0 1 7 38 0 0
0 1 70 7 1 1
0 1 95 45 1 1
0 1 59 2 0 5
0 1 39 11 0 1
0 1 22 2 1 1
0 1 106 40 0 5
0 1 10 35 1 0
0 1 80 36 1 1
0 1 57 39 1 5
0 1 36 29 1 4
0 1 99 4 0 5
0 1 103 22 1 0
0 1 64 46 0 0
0 1 98 41 1 0
0 1 2 32 0 1
0 1 24 23 0 5
0 1 85 17 0 1
0 1 74 44 1 5
0 1 18 14 0 3
0 1 138 4 0 4
0 1 104 3 1 0
0 1 75 32 0 5
0 1 31 1 1 3
0 1 144 6 1 5
0 1 136 8 0 2
0 1 146 7 0 2
0 1 91 0 1 1
0 1 57 8 0 0
0 1 130 35 0 2
0 1 80 10 0 2
0 1 61 29 1 5
0 1 118 2 0 3
0 1 102 30 1 0
0 1 137 32 0 3
0 1 69 49 0 0
0 1 106 32 1 4
0 1 97 9 0 4
0 1 56 40 1 3
0 1 20 19 1 3
0 1 127 6 0 0
0 1 140 23 0 0
0 1 16 26 0 3
0 1 105 10 1 5
0 1 114 33 1 3
0 1 0 0 0 2
0 1 143 33 0 4
0 1 82 17 1 0
0 1 25 2 1 2
0 1 82 7 0 3
0 1 110 18 0 0
0 1 96 29 1 3
0 1 43 25 1 0
0 1 92 45 1 3
0 1 25 21 0 3
0 1 60 47 0 1
0 1 36 46 0 4
0 1 97 28 1 0
0 1 144 42 0 1
0 1 75 45 1 4
0 1 128 35 0 5
0 1 79 14 1 5
0 1 19 24 1 4
0 1 117 44 0 2
0 1 5 43 0 4
0 1 141 26 1 5
0 1 42 31 1 5
0 1 6 39 1 3
0 1 117 17 1 5
0 1 54 13 1 0
0 1 60 24 1 3
0 1 23 17 0 2
0 1 141 46 0 5
0 1 3 9 0 3
0 1 131 26 1 0
0 1 115 19 1 1
0 1 8 7 1 5
0 1 103 16 0 5
0 1 26 42 1 5
0 1 18 10 1 4
0 1 44 37 1 0
0 1 33 25 1 2
0 1 135 21 0 5
0 1 1 48 1 4
0 1 46 38 1 3
0 1 43 14 0 2
0 1 14 31 0 3
0 1 50 42 1 3
0 1 21 30 1 3
0 1 41 1 0 5
0 1 121 39 1 2
0 1 35 34 1 2
0 1 74 11 0 3
0 1 17 3 0 5
0 1 92 39 0 0
0 1 94 49 1 1
0 1 65 38 0 2
0 1 34 9 1 1
0 1 119 36 1 5
0 1 81 39 1 4
0 1 134 42 1 2
0 1 76 38 0 5
0 1 139 13 0 3
0 1 139 29 1 1
0 1 89 0 0 3
0 1 35 34 0 1
0 1 125 19 0 2
0 1 12 24 1 0
0 1 77 15 1 3
0 1 21 37 0 5
0 1 55 16 1 0
0 1 27 43 1 1
0 1 71 28 1 1
0 1 91 43 0 3
0 1 136 41 1 1
0 1 28 48 1 1
0 1 40 37 0 2
0 1 126 22 1 5
0 1 38 49 1 2
0 1 73 15 0 5
0 1 62 31 0 2
0 1 131 36 0 3
0 1 30 30 1 4
0 1 102 19 0 5
0 1 66 7 0 4
0 1 69 41 1 3
0 1 52 48 0 2
0 1 58 4 1 1
0 1 81 24 0 2
0 1 93 36 0 0
0 1 137 47 1 2
0 1 23 20 1 2
0 1 49 23 1 3
0 1 44 32 0 0
0 1 146 16 1 3
0 1 122 45 0 2
0 1 24 18 1 4
0 1 0 26 1 2
0 1 112 44 1 0
0 1 129 36 0 2
0 1 48 29 1 0
0 1 67 46 1 1
0 1 88 11 0 2
0 1 134 14 0 4
0 1 45 48 1 3
0 1 2 8 1 4
0 1 11 10 1 1
0 1 149 9 0 5
0 1 124 13 1 5
0 1 19 39 0 1
