0 1 56 49 0 5
0 1 9 13 0 0
0 1 21 48 1 0
0 1 122 4 0 1
0 1 30 27 0 1
0 1 53 49 0 4
0 1 91 25 0 4
0 1 33 31 1 5
0 1 94 7 1 1
0 1 120 23 0 1
0 1 141 26 1 4
0 1 118 34 1 0
0 1 85 21 0 0
0 1 130 12 0 1
0 1 1 2 0 3
0 1 11 36 1 5
0 1 48 45 0 2
0 1 142 38 1 1
0 1 139 15 0 1
0 1 141 4 0 4
0 1 65 43 1 3
0 1 49 19 0 3
0 1 135 3 1 4
0 1 85 41 1 1
0 1 108 12 1 3
0 1 8 26 1 1
0 1 145 0 0 3
0 1 78 34 0 3
0 1 19 12 0 5
0 1 106 9 0 5
0 1 36 15 1 4
0 1 44 42 0 4
0 1 32 24 1 4
0 1 12 4 0 0
0 1 135 37 0 1
0 1 30 18 1 3
0 1 26 45 1 5
0 1 46 47 1 0
0 1 107 27 1 3
0 1 61 44 1 3
0 1 63 1 0 1
0 1 72 21 1 3
0 1 129 16 1 0
0 1 64 12 1 0
0 1 66 28 0 2
0 1 84 31 0 3
0 1 74 28 1 1
0 1 129 7 0 4
0 1 70 21 1 1
0 1 137 47 0 2
0 1 74 1 0 3
0 1 17 13 1 5
0 1 15 43 0 0
0 1 104 40 0 0
0 1 124 19 0 0
0 1 73 22 0 3
0 1 144 40 0 5
0 1 9 33 1 3
0 1 17 41 0 2
0 1 94 37 0 5
0 1 57 27 1 0
0 1 67 0 0 1
0 1 70 47 0 3
0 1 40 2 1 4
0 1 140 36 0 0
0 1 128 20 1 5
0 1 48 19 1 2
0 1 66 46 1 0
0 1 101 9 1 4
0 1 117 18 1 4
0 1 96 8 1 4
0 1 88 48 0 4
0 1 143 33 0 1
0 1 5 30 0 2
0 1 75 37 0 3
0 1 91 27 1 5
0 1 19 43 1 1
0 1 27 16 1 2
0 1 58 5 1 4
0 1 6 34 1 2
0 1 128 10 0 0
0 1 144 14 1 3
0 1 23 7 1 0
0 1 125 19 1 4
0 1 105 15 0 3
0 1 55 13 0 3
0 1 81 30 1 3
0 1 56 29 1 5
0 1 111 33 1 0
0 1 109 47 0 5
0 1 126 14 1 1
0 1 7 22 0 2
0 1 138 3 1 1
0 1 102 7 0 2
0 1 123 43 0 5
0 1 132 40 0 1
0 1 84 36 1 1
0 1 122 3 1 5
0 1 131 25 0 5
0 1 41 42 0 3
0 1 28 35 0 0
0 1 92 33 1 5
0 1 54 39 0 3
0 1 131 35 1 5
0 1 71 46 1 2
0 1 60 42 0 0
0 1 49 14 1 2
0 1 112 43 1 4
0 1 5 8 1 0
0 1 133 37 1 4
0 1 58 37 0 0
0 1 37 38 0 5
0 1 42 18 1 5
0 1 62 10 0 2
0 1 82 16 0 3
0 1 47 44 0 2
0 1 117 17 0 1
0 1 79 45 1 4
0 1 106 31 1 1
0 1 14 44 1 0
0 1 47 25 1 3
0 1 34 14 1 4
0 1 97 24 0 5
0 1 52 25 0 1
0 1 36 1 0 2
0 1 130 31 1 2
0 1 0 40 0 3
0 1 59 35 0 1
0 1 41 23 1 5
0 1 104 41 1 3
0 1 37 34 1 5
0 1 114 33 0 4
0 1 28 36 1 4
0 1 39 24 0 1
0 1 86 22 0 1
0 1 31 33 1 2
0 1 14 11 0 5
0 1 35 35 0 2
0 1 22 5 0 5
0 1 115 23 0 0
0 1 72 46 0 1
0 1 134 38 0 2
0 1 86 30 1 4
0 1 51 35 1 3
0 1 93 5 0 3
0 1 95 28 1 3
0 1 67 4 1 3
0 1 103 42 1 5
0 1 27 18 0 2
0 1 119 5 1 2
0 1 43 13 0 2
0 1 80 17 1 3
0 1 133 19 0 5
0 1 83 15 1 5
0 1 145 0 1 0
0 1 96 21 0 5
0 1 20 10 1 3
0 1 98 21 1 2
0 1 69 47 1 4
0 1 111 16 0 5
0 1 110 17 0 0
0 1 25 28 0 0
0 1 107 31 0 0
0 1 89 32 1 3
0 1 99 42 1 2
0 1 76 21 1 4
0 1 127 11 0 4
0 1 44 48 1 3
0 1 73 40 1 4
0 1 25 38 1 0
0 1 46 2 0 1
0 1 148 30 0 0
0 1 12 6 1 0
0 1 11 3 0 0
0 1 8 27 0 2
0 1 121 37 1 2
0 1 88 8 1 1
0 1 124 44 1 4
0 1 121 38 0 4
0 1 95 39 0 5
0 1 57 30 0 5
0 1 29 40 1 2
0 1 38 1 1 0
0 1 137 11 1 3
0 1 93 11 1 1
0 1 90 28 1 5
0 1 7 41 1 0
0 1 116 10 0 5
0 1 105 8 1 3
0 1 2 32 1 2
0 1 18 47 1 1
0 1 79 8 0 2
0 1 98 19 0 1
0 1 55 13 1 4
0 1 21 26 0 0
0 1 147 2 0 2
0 1 83 11 0 2
0 1 80 31 0 4
0 1 92 4 0 5
0 1 61 32 0 4
0 1 148 7 1 5
0 1 42 24 0 3
0 1 127 26 1 3
0 1 40 27 0 4
0 1 119 34 0 1
0 1 53 10 1 1
0 1 134 48 1 2
0 1 78 45 1 3
0 1 1 39 1 4
0 1 97 16 1 4
0 1 45 1 0 4
0 1 140 12 1 2
0 1 112 36 0 3
0 1 18 26 0 2
0 1 87 49 1 0
0 1 77 5 1 1
0 1 99 44 0 5
0 1 35 6 1 1
0 1 100 6 1 5
0 1 90 17 0 2
0 1 13 45 1 0
0 1 123 26 1 5
0 1 24 6 1 3
0 1 136 15 0 0
0 1 0 17 1 4
0 1 3 20 1 3
0 1 87 9 0 3
0 1 146 39 0 1
0 1 52 5 1 0
0 1 77 28 0 4
0 1 118 41 0 5
0 1 63 24 1 2
0 1 149 13 0 1
0 1 146 25 1 0
0 1 23 20 0 4
0 1 22 48 1 1
0 1 147 17 1 5
0 1 109 42 1 1
0 1 31 9 0 2
0 1 15 3 1 3
0 1 2 2 0 5
0 1 43 14 1 5
0 1 26 30 0 1
0 1 64 6 0 2
0 1 142 49 0 2
0 1 132 0 1 4
0 1 116 34 1 4
0 1 59 46 1 3
0 1 114 49 1 1
0 1 39 9 1 1
0 1 102 9 1 0
0 1 120 29 1 3
0 1 33 4 0 2
0 1 29 18 0 0
0 1 20 22 0 5
0 1 115 44 1 1
0 1 68 29 1 2
0 1 75 29 1 4
0 1 125 38 0 3
0 1 4 1 1 5
0 1 138 29 0 1
0 1 143 6 1 4
0 1 68 0 0 2
0 1 71 29 0 0
0 1 81 7 0 3
0 1 126 23 0 4
0 1 6 36 0 2
0 1 103 25 0 2
0 1 51 23 0 2
0 1 110 45 1 1
0 1 45 20 1 0
0 1 10 39 1 2
0 1 69 46 0 5
0 1 139 35 1 4
0 1 3 22 0 0
0 1 16 24 1 0
0 1 32 10 0 4
0 1 76 43 0 2
0 1 54 41 1 4
0 1 34 32 0 1
0 1 16 18 0 1
0 1 82 2 1 0
0 1 38 15 0 2
0 1 113 16 1 1
0 1 149 48 1 5
0 1 4 3 0 2
0 1 50 20 0 2
0 1 89 0 0 5
0 1 62 49 1 3
0 1 65 20 0 1
0 1 24 14 0 0
0 1 13 32 0 5
0 1 108 39 0 0
0 1 100 8 0 5
0 1 101 46 0 4
0 1 136 32 1 0
0 1 60 11 1 0
0 1 50 23 1 3
0 1 10 22 0 4
0 1 113 12 0 4
