861	2379	200
797	2740	200
1261	2248	200
363	2763	200
1065	2179	200
305	2141	200
1947	2823	200
1966	2418	200
1935	2884	200
792	2703	200
1591	2537	200
612	2065	200
1960	2706	200
1165	2302	200
49	2059	300
1772	2025	300
1867	2696	300
991	2738	300
388	2861	300
880	2941	300
733	2211	300
1460	2808	300
1486	2921	300
81	2291	300
72	2076	300
1335	2362	300
441	2721	300
1720	2466	300
997	2158	400
605	2389	400
989	2675	400
1681	2217	400
1455	2453	400
798	2480	400
973	2001	400
698	2273	400
1271	2051	400
514	2924	400
76	2515	400
625	2223	400
18	2386	400
509	2348	400
770	2067	400
1187	2909	500
613	2629	500
879	2419	500
1300	2512	500
469	2926	500
853	2858	500
147	2461	500
1015	2699	500
839	2918	500
1786	2013	500
1684	2925	500
333	2649	500
801	2959	500
1729	2722	600
320	2848	600
1388	2025	600
1576	2818	600
1951	2954	600
774	2278	600
1390	2522	600
1665	2965	600
621	2907	600
1593	2660	600
647	2037	600
364	2827	600
518	2472	600
1301	2720	600
938	2165	600
1837	2022	600
1754	2501	600
1051	2681	600
1323	2719	600
1103	2692	600
1700	2052	600
919	2603	600
563	2532	700
704	2794	700
726	2887	700
200	2059	700
540	2442	700
1308	2981	700
920	2823	700
736	2517	700
765	2870	700
1105	2744	700
709	2211	700
429	2647	700
1038	2919	700
435	2933	700
225	2937	700
1408	2363	700
575	2138	700
952	2159	700
639	2298	700
1402	2056	700
1033	2277	800
7	2094	800
48	2016	800
804	2166	800
716	2152	800
898	2958	800
578	2139	800
11	2520	800
1996	2693	800
720	2454	800
52	2153	800
749	2508	800
1471	2018	800
1002	2479	900
840	2977	900
1564	2738	900
946	2435	900
1759	2034	900
484	2655	900
1036	2166	900
66	2472	900
643	2001	900
103	2710	900
1233	2770	900
318	2810	900
1234	2458	900
19	2958	900
773	2899	900
1724	2702	900
914	2101	900
510	2905	900
1429	2528	900
752	2057	1000
1310	2422	1000
693	2350	1000
1353	2998	1000
821	2835	1000
1681	2208	1000
1282	2451	1000
837	2770	1000
365	2824	1000
629	2607	1000
1025	2646	1000
1810	2180	1000
198	2104	1000
1946	2617	1000
1679	2306	1000
162	2296	1000
1816	2110	1000
1953	2716	1100
1350	2545	1100
460	2390	1100
623	2922	1100
767	2235	1100
535	2965	1100
1461	2312	1100
1155	2105	1100
1483	2939	1100
1372	2924	1100
46	2079	1100
654	2202	1100
1157	2715	1100
1866	2153	1100
1143	2005	1100
776	2839	1100
1156	2103	1100
1963	2255	1100
296	2259	1200
106	2170	1200
1971	2651	1200
103	2814	1200
728	2271	1200
667	2427	1200
1779	2896	1200
53	2332	1200
1645	2695	1200
1351	2157	1200
385	2852	1200
1010	2153	1200
1412	2562	1200
207	2284	1200
506	2802	1300
1308	2704	1300
348	2882	1300
33	2216	1300
1163	2242	1300
117	2836	1300
246	2942	1300
960	2627	1300
198	2294	1300
482	2156	1300
1791	2615	1300
781	2088	1300
161	2454	1300
1715	2302	1300
1558	2568	1300
1745	2349	1400
1454	2503	1400
1936	2048	1400
1524	2544	1400
398	2640	1400
617	2966	1400
930	2571	1400
784	2331	1400
1678	2055	1400
758	2488	1400
1154	2784	1400
147	2079	1400
1526	2022	1400
894	2363	1400
336	2971	1400
1597	2041	1400
965	2108	1400
1758	2111	1400
25	2342	1500
1041	2667	1500
1953	2948	1500
841	2603	1500
446	2445	1500
779	2343	1500
1971	2397	1500
1807	2069	1500
204	2089	1500
338	2949	1500
1341	2195	1500
1362	2439	1500
1499	2181	1500
754	2956	1500
1877	2265	1500
1614	2547	1500
1823	2539	1500
1408	2866	1500
0	2381	1500
1715	2600	1500
950	2238	1500
1110	2977	1600
1356	2780	1600
1017	2870	1600
169	2175	1600
1128	2900	1600
816	2156	1600
666	2626	1600
1619	2615	1600
1553	2936	1600
910	2843	1600
444	2241	1600
1096	2300	1600
278	2315	1600
1280	2546	1600
1517	2761	1600
69	2277	1700
1382	2859	1700
1494	2061	1700
1105	2635	1700
1771	2252	1700
609	2898	1700
1545	2623	1700
256	2630	1700
722	2320	1700
1618	2063	1700
1852	2702	1700
1326	2157	1700
1540	2813	1700
1913	2340	1700
1385	2779	1700
1924	2196	1800
1506	2290	1800
1374	2440	1800
760	2564	1800
301	2800	1800
1523	2089	1800
1766	2616	1800
688	2379	1800
1258	2756	1800
172	2587	1800
1185	2783	1800
1133	2227	1800
1115	2662	1800
1732	2055	1800
1468	2032	1800
1484	2993	1800
1589	2279	1800
1635	2780	1900
581	2856	1900
1069	2214	1900
319	2190	1900
1822	2910	1900
1605	2359	1900
1806	2888	1900
496	2653	1900
35	2029	1900
1481	2391	1900
670	2963	2000
51	2072	2000
1416	2907	2000
1250	2372	2000
954	2242	2000
26	2126	2000
1238	2763	2000
1193	2392	2000
1357	2533	2000
1927	2826	2000
112	2515	2000
1622	2596	2000
358	2291	2000
1096	2614	2000
1990	2395	2000
1558	2414	2000
775	2722	2100
93	2330	2100
1229	2091	2100
391	2524	2100
1535	2981	2100
1409	2656	2100
1120	2624	2100
1844	2266	2100
153	2354	2100
1464	2080	2100
1439	2489	2100
505	2829	2100
1097	2486	2100
940	2947	2100
1025	2339	2100
1174	2749	2100
1148	2852	2100
1396	2692	2100
21	2079	2100
1028	2684	2100
202	2653	2100
290	2693	2100
1858	2414	2100
1251	2250	2100
1457	2822	2100
547	2889	2100
1862	2014	2200
615	2030	2200
589	2316	2200
1182	2673	2200
616	2915	2200
922	2879	2200
440	2154	2200
908	2556	2200
554	2162	2200
1248	2065	2200
80	2582	2200
1431	2527	2200
950	2288	2200
1909	2469	2300
1718	2925	2300
1068	2376	2300
1214	2609	2300
1942	2420	2300
1744	2893	2300
562	2254	2300
360	2467	2300
1825	2810	2300
1691	2830	2300
1600	2904	2300
1502	2331	2300
140	2028	2300
582	2500	2300
1686	2402	2300
139	2708	2300
668	2994	2300
180	2054	2300
321	2344	2300
1361	2689	2300
203	2789	2300
705	2473	2400
1832	2841	2400
1948	2983	2400
1809	2377	2400
449	2276	2400
41	2472	2400
355	2398	2400
728	2254	2400
1660	2892	2400
398	2831	2400
1541	2325	2400
755	2917	2400
287	2063	2400
778	2536	2400
622	2008	2400
235	2549	2400
190	2584	2400
104	2041	2400
1157	2605	2400
1094	2447	2500
1671	2532	2500
221	2098	2500
513	2732	2500
186	2894	2500
1042	2186	2500
1539	2206	2500
654	2698	2500
1831	2864	2500
356	2075	2500
748	2528	2500
242	2667	2600
1285	2481	2600
219	2030	2600
1278	2828	2600
854	2061	2600
63	2167	2600
646	2053	2600
1334	2165	2600
1465	2997	2600
1594	2251	2600
1903	2737	2600
1823	2031	2600
1462	2268	2600
1293	2520	2600
715	2041	2600
546	2767	2600
1194	2078	2700
660	2976	2700
422	2099	2700
1617	2989	2700
653	2812	2700
1728	2504	2700
828	2439	2700
96	2591	2700
1372	2121	2700
625	2268	2700
955	2934	2700
239	2072	2700
1899	2336	2700
401	2739	2800
281	2780	2800
1495	2074	2800
332	2541	2800
1302	2506	2800
810	2470	2800
516	2803	2800
960	2109	2800
244	2620	2800
39	2787	2800
1672	2713	2800
1450	2337	2800
1486	2127	2800
1567	2197	2800
1819	2595	2800
1891	2282	2800
1838	2208	2900
549	2867	2900
1510	2243	2900
576	2370	2900
853	2898	2900
848	2371	2900
455	2574	2900
551	2523	2900
1106	2782	2900
1449	2114	2900
912	2625	2900
313	2681	2900
1122	2238	2900
1137	2518	3000
453	2059	3000
563	2131	3000
702	2198	3000
1133	2979	3000
631	2396	3000
137	2351	3000
1259	2219	3000
1066	2398	3000
1023	2571	3000
898	2679	3000
1344	2619	3000
1241	2631	3000
1835	2385	3000
825	2766	3000
1546	2761	3000
1500	2691	3100
98	2228	3100
194	2269	3100
231	2069	3100
1796	2164	3100
581	2303	3100
1900	2114	3100
648	2273	3100
862	2713	3100
1855	2725	3100
1855	2361	3100
383	2040	3100
1271	2233	3100
1360	2589	3100
224	2274	3100
1679	2449	3100
567	2365	3100
1569	2005	3100
1903	2839	3100
15	2758	3100
1638	2052	3100
1440	2029	3100
1840	2842	3200
1982	2006	3200
587	2928	3200
440	2338	3200
346	2484	3200
376	2503	3200
1269	2163	3200
1134	2210	3200
599	2872	3300
151	2412	3300
1192	2637	3300
1547	2862	3300
252	2945	3300
873	2804	3300
339	2262	3300
1268	2323	3300
1680	2400	3300
871	2112	3300
1379	2299	3300
1588	2890	3300
62	2739	3300
1676	2902	3400
1549	2470	3400
842	2882	3400
1744	2982	3400
883	2519	3400
264	2217	3400
375	2668	3400
154	2752	3400
1674	2912	3400
993	2955	3400
709	2341	3400
1447	2610	3400
1554	2905	3400
1826	2456	3400
776	2293	3400
1602	2086	3400
911	2058	3500
1391	2118	3500
1886	2070	3500
277	2800	3500
525	2191	3500
945	2478	3500
560	2604	3500
1263	2897	3500
809	2213	3500
508	2024	3500
598	2326	3500
1605	2936	3500
596	2012	3600
1856	2951	3600
1617	2097	3600
323	2100	3600
138	2917	3600
1664	2020	3600
881	2176	3700
1598	2430	3700
1620	2377	3700
1426	2560	3700
234	2125	3700
1792	2134	3700
301	2946	3700
908	2033	3700
1013	2230	3700
1565	2751	3700
115	2775	3700
1828	2313	3800
946	2247	3800
1056	2730	3800
1508	2148	3800
901	2827	3800
949	2594	3800
1365	2972	3800
155	2361	3800
1972	2620	3800
45	2917	3800
1098	2727	3800
777	2558	3800
22	2515	3800
1736	2666	3800
145	2180	3800
939	2550	3800
1530	2315	3800
829	2671	3800
29	2775	3900
1774	2920	3900
1489	2440	3900
1751	2703	3900
1292	2184	3900
405	2049	3900
1514	2120	3900
325	2240	3900
1459	2405	3900
1794	2582	3900
9	2699	3900
354	2971	3900
1056	2794	4000
229	2872	4000
1192	2430	4000
462	2373	4000
522	2167	4000
1006	2846	4000
1817	2970	4000
1591	2713	4000
1639	2184	4000
86	2081	4000
214	2924	4000
1801	2411	4000
1890	2608	4000
242	2760	4100
1722	2108	4100
714	2025	4100
931	2185	4100
760	2535	4100
1998	2526	4100
586	2581	4100
268	2476	4100
467	2423	4100
1497	2174	4100
1645	2230	4100
835	2901	4100
1307	2776	4100
1123	2463	4100
1136	2304	4100
1826	2090	4100
1593	2738	4200
929	2062	4200
1999	2836	4200
1329	2498	4200
31	2231	4200
149	2142	4200
1140	2741	4200
895	2821	4200
6	2601	4200
999	2693	4200
1978	2613	4200
345	2249	4200
1062	2116	4300
164	2791	4300
1689	2017	4300
102	2735	4300
1713	2922	4300
688	2257	4300
185	2674	4300
1650	2747	4300
376	2099	4300
1199	2997	4300
397	2899	4300
663	2040	4300
466	2279	4300
903	2767	4300
128	2618	4400
1809	2338	4400
532	2234	4400
47	2440	4400
843	2535	4400
1265	2252	4400
1246	2272	4400
247	2743	4400
1344	2662	4400
1089	2997	4400
167	2304	4400
1628	2577	4400
918	2726	4400
974	2342	4500
1945	2349	4500
769	2637	4500
123	2763	4500
24	2451	4500
470	2419	4500
478	2507	4500
1210	2449	4500
1078	2119	4500
1601	2381	4500
368	2409	4500
1319	2491	4500
148	2973	4500
1303	2409	4600
94	2638	4600
1697	2730	4600
1560	2069	4600
1	2364	4600
108	2611	4600
1374	2870	4600
28	2002	4600
886	2109	4600
959	2534	4600
907	2964	4600
1290	2045	4600
541	2553	4700
157	2912	4700
1632	2048	4700
1841	2777	4700
1498	2482	4700
1569	2771	4700
1309	2549	4700
336	2734	4800
159	2561	4800
1276	2882	4800
1436	2044	4800
1270	2700	4800
850	2239	4800
866	2814	4800
1120	2152	4800
610	2487	4800
1961	2806	4800
1242	2880	4800
1676	2909	4900
846	2566	4900
1117	2604	4900
205	2578	4900
1643	2303	4900
418	2161	4900
1688	2970	4900
1787	2323	4900
358	2969	4900
228	2600	4900
1621	2070	4900
584	2572	5000
1970	2002	5000
378	2183	5000
948	2919	5000
799	2172	5000
1577	2914	5000
418	2487	5000
1616	2428	5000
323	2283	5000
777	2322	5000
452	2889	5000
183	2661	5000
265	2915	5100
641	2462	5100
394	2169	5100
1364	2113	5100
1466	2407	5100
1080	2463	5100
1629	2320	5100
122	2021	5100
1423	2855	5100
1264	2798	5100
750	2889	5100
316	2586	5100
1343	2531	5200
55	2479	5200
1983	2099	5200
906	2616	5200
874	2051	5200
1636	2428	5200
8	2896	5200
240	2299	5200
913	2201	5200
1548	2473	5300
1982	2598	5300
1191	2406	5300
33	2204	5300
1850	2036	5300
896	2543	5300
523	2989	5300
424	2607	5300
595	2899	5300
473	2509	5300
1843	2963	5400
1112	2295	5400
1563	2465	5400
343	2406	5400
276	2328	5400
107	2204	5400
1536	2808	5400
390	2838	5400
658	2113	5400
1705	2402	5400
303	2643	5400
1387	2018	5500
1433	2735	5500
116	2376	5500
64	2275	5500
361	2540	5500
1279	2717	5500
1290	2043	5500
1429	2599	5500
1150	2991	5500
1343	2985	5500
805	2499	5600
1491	2232	5600
1925	2603	5600
1790	2967	5600
927	2465	5600
902	2328	5600
1190	2642	5600
979	2300	5600
555	2403	5600
585	2737	5600
416	2000	5700
67	2929	5700
1782	2833	5700
1152	2483	5700
1172	2868	5700
104	2039	5700
1122	2450	5700
77	2548	5700
302	2918	5700
210	2800	5800
1495	2554	5800
1075	2678	5800
1760	2616	5800
1226	2179	5800
443	2369	5800
435	2947	5800
1885	2390	5800
1666	2149	5800
1100	2909	5900
1003	2435	5900
1456	2217	5900
338	2305	5900
708	2523	5900
1304	2459	5900
402	2634	5900
432	2457	5900
1580	2426	5900
1849	2199	5900
1849	2362	5900
821	2375	6000
1426	2990	6000
1649	2835	6000
1916	2825	6000
1737	2109	6000
1934	2838	6000
558	2784	6000
1873	2256	6000
1057	2510	6000
1404	2916	6000
1696	2920	6000
1708	2277	6100
326	2069	6100
1613	2578	6100
672	2529	6100
299	2335	6100
262	2341	6100
188	2004	6100
1448	2843	6100
1245	2460	6100
988	2133	6100
16	2765	6100
1657	2329	6100
201	2622	6100
1053	2388	6200
1788	2560	6200
904	2604	6200
450	2187	6200
1234	2230	6200
1479	2294	6200
890	2188	6200
3	2340	6200
588	2938	6300
1768	2352	6300
573	2189	6300
549	2954	6300
1776	2955	6300
916	2725	6300
603	2402	6300
240	2708	6300
1202	2908	6300
1146	2010	6300
539	2595	6300
1049	2781	6300
919	2649	6300
97	2609	6400
1788	2598	6400
1979	2147	6400
1874	2300	6400
1172	2974	6400
849	2778	6400
345	2908	6400
813	2792	6400
1884	2718	6500
1649	2062	6500
649	2305	6500
186	2594	6500
470	2901	6500
650	2966	6500
1055	2962	6500
1675	2670	6500
925	2530	6500
1154	2997	6500
1743	2698	6500
1125	2809	6500
1959	2117	6500
370	2671	6500
436	2736	6500
48	2462	6600
647	2954	6600
349	2246	6600
1272	2194	6600
1780	2642	6600
1550	2530	6600
1307	2877	6600
1221	2805	6600
544	2510	6600
1275	2255	6600
179	2006	6700
189	2176	6700
1124	2311	6700
885	2476	6700
19	2230	6700
112	2374	6700
1289	2875	6700
1422	2452	6700
849	2129	6700
1162	2344	6700
393	2336	6700
1859	2655	6800
110	2105	6800
1032	2224	6800
1929	2759	6800
1651	2932	6800
515	2592	6800
129	2875	6800
69	2196	6900
1244	2688	6900
314	2218	6900
1297	2248	6900
1291	2220	6900
1848	2239	6900
1765	2674	6900
1976	2140	6900
1394	2097	6900
687	2472	6900
590	2252	6900
1054	2854	6900
188	2328	6900
551	2751	6900
764	2676	6900
592	2834	6900
1968	2545	7000
329	2313	7000
206	2094	7000
1130	2609	7000
627	2554	7000
1536	2567	7000
766	2386	7000
596	2963	7100
817	2091	7100
1693	2244	7100
1685	2379	7100
555	2687	7100
1860	2731	7200
1401	2828	7200
1699	2185	7200
618	2007	7200
1311	2161	7200
1904	2865	7200
812	2009	7200
674	2394	7200
1657	2135	7200
744	2595	7200
296	2602	7300
512	2572	7300
915	2222	7300
1345	2062	7300
1859	2410	7300
300	2155	7300
861	2035	7300
419	2498	7300
530	2987	7300
681	2233	7300
393	2236	7300
316	2333	7300
1182	2565	7400
1032	2417	7400
692	2404	7400
738	2427	7400
1709	2415	7400
859	2390	7400
1017	2478	7500
977	2697	7500
1371	2383	7600
1034	2982	7600
892	2217	7600
1037	2696	7600
568	2219	7600
307	2226	7600
370	2043	7600
1843	2012	7700
1403	2034	7700
223	2929	7700
537	2208	7700
266	2406	7700
972	2036	7700
1534	2712	7700
1933	2306	7700
679	2890	7700
548	2761	7700
1126	2232	7700
851	2237	7800
1646	2593	7800
1455	2946	7800
457	2205	7800
713	2351	7800
53	2628	7800
622	2221	7800
986	2073	7800
1884	2990	7900
208	2317	7900
616	2984	7900
1201	2885	7900
505	2680	7900
474	2555	7900
869	2533	7900
71	2139	7900
917	2497	7900
1357	2081	7900
951	2127	7900
1922	2177	7900
465	2597	7900
1552	2170	7900
1000	2779	7900
718	2538	8000
734	2071	8000
328	2807	8000
565	2879	8000
157	2183	8000
1114	2590	8000
1342	2548	8000
859	2923	8000
35	2974	8000
1367	2560	8100
218	2205	8100
1542	2286	8100
299	2874	8100
36	2831	8100
1691	2260	8100
1808	2314	8100
970	2682	8100
635	2864	8100
725	2688	8100
1014	2923	8200
472	2050	8200
631	2301	8200
920	2287	8200
684	2664	8200
528	2209	8200
1463	2956	8200
1306	2496	8200
1606	2429	8200
753	2583	8200
476	2597	8200
1031	2798	8200
423	2198	8300
1880	2334	8300
845	2955	8300
374	2049	8300
1752	2843	8300
794	2221	8300
935	2922	8400
91	2580	8400
1196	2836	8400
1655	2474	8400
254	2223	8400
1080	2632	8400
544	2324	8400
829	2612	8400
295	2508	8400
867	2879	8500
1213	2389	8500
342	2476	8500
259	2704	8500
481	2869	8500
1553	2275	8500
1717	2719	8500
420	2225	8500
1110	2455	8500
1543	2654	8500
423	2499	8600
1949	2254	8600
1738	2513	8600
1651	2768	8600
686	2636	8600
864	2297	8700
534	2007	8700
1685	2370	8700
1507	2229	8800
1586	2469	8800
506	2844	8800
1511	2150	8800
844	2314	8800
1910	2695	8800
1897	2625	8800
585	2661	8800
1981	2692	8800
126	2287	8900
1417	2406	8900
710	2312	8900
272	2060	8900
1714	2911	8900
1104	2962	8900
1220	2115	8900
1443	2345	8900
372	2903	8900
1366	2364	9000
1011	2816	9000
671	2569	9000
177	2102	9000
1918	2808	9000
912	2548	9000
285	2731	9100
1582	2804	9100
1206	2635	9100
489	2886	9100
791	2026	9100
1181	2736	9100
519	2757	9200
577	2786	9200
1561	2501	9200
711	2215	9200
953	2880	9200
1614	2980	9200
820	2023	9200
983	2438	9200
1865	2173	9200
877	2844	9300
1762	2734	9300
1380	2892	9300
1076	2394	9300
1232	2233	9300
1240	2608	9300
831	2362	9300
756	2659	9400
1557	2001	9400
876	2914	9400
694	2495	9400
1930	2418	9400
778	2790	9400
1999	2383	9500
238	2762	9500
1739	2958	9500
695	2544	9500
1333	2028	9500
1931	2687	9500
479	2181	9500
1406	2636	9500
1485	2754	9500
1872	2985	9500
357	2613	9600
1116	2215	9600
273	2067	9600
1864	2918	9600
1955	2098	9700
1797	2330	9700
209	2544	9700
628	2212	9700
1349	2536	9700
1889	2308	9700
677	2552	9700
1207	2576	9800
1576	2125	9800
1297	2700	9800
150	2941	9800
366	2630	9800
1550	2132	9800
1441	2543	9800
214	2424	9800
337	2226	9800
1725	2468	9900
193	2526	9900
1050	2151	9900
1709	2268	9900
691	2454	9900
340	2041	10000
416	2263	10000
100	2412	10000
875	2679	10000
1675	2777	10000
451	2107	10000
1670	2520	10000
1067	2929	10100
1703	2675	10100
482	2418	10100
1076	2729	10100
144	2151	10100
689	2075	10100
693	2663	10200
215	2524	10200
1286	2205	10200
1222	2270	10200
1730	2017	10300
632	2476	10300
233	2624	10300
144	2497	10300
1010	2715	10300
52	2368	10300
620	2253	10300
1244	2522	10400
410	2176	10400
1830	2669	10400
917	2200	10400
1257	2219	10400
1019	2314	10400
1798	2899	10400
1992	2805	10400
1937	2608	10400
1264	2029	10400
409	2297	10400
1647	2440	10500
1378	2000	10500
1255	2351	10500
1039	2523	10500
716	2105	10500
430	2370	10500
1203	2064	10500
914	2916	10500
1478	2696	10600
262	2060	10600
476	2136	10600
1205	2837	10600
1932	2542	10600
1330	2282	10600
600	2388	10700
1230	2072	10700
265	2984	10700
223	2564	10700
480	2598	10700
396	2799	10700
928	2172	10700
1659	2820	10700
583	2202	10700
1143	2890	10700
1165	2600	10700
678	2671	10700
1064	2284	10700
1882	2454	10800
923	2614	10800
1235	2918	10800
750	2029	10800
1401	2611	10900
286	2096	10900
583	2400	10900
1488	2086	10900
89	2481	11000
311	2740	11000
532	2621	11000
957	2078	11000
587	2035	11000
101	2911	11000
1667	2135	11000
410	2957	11000
121	2340	11000
1043	2110	11000
899	2148	11100
1087	2085	11100
865	2753	11100
1654	2545	11100
1898	2736	11100
1325	2559	11200
1287	2731	11200
614	2522	11200
817	2408	11200
28	2503	11200
274	2285	11200
1660	2507	11200
1792	2588	11200
1381	2346	11200
192	2708	11200
1853	2061	11300
1711	2389	11300
1535	2704	11300
1220	2413	11300
1460	2567	11300
20	2223	11300
1575	2212	11300
1599	2368	11300
65	2840	11300
243	2350	11400
717	2962	11400
690	2999	11400
757	2088	11400
1896	2796	11500
68	2728	11500
1423	2969	11500
1727	2689	11500
255	2038	11600
37	2354	11600
1063	2424	11600
40	2345	11600
1152	2180	11600
1637	2381	11600
542	2306	11600
249	2882	11700
768	2099	11700
761	2804	11700
667	2551	11700
1914	2256	11700
910	2961	11700
94	2352	11800
957	2929	11800
1180	2988	11800
1688	2448	11800
1537	2394	11800
913	2253	11800
1094	2650	11800
493	2192	11900
1332	2019	11900
257	2042	12000
1312	2438	12000
712	2505	12100
1888	2982	12100
1861	2862	12100
1813	2795	12100
1477	2592	12100
615	2732	12200
1854	2672	12300
215	2057	12300
606	2990	12300
1301	2431	12300
5	2467	12300
1627	2692	12300
1118	2485	12300
1978	2883	12300
649	2979	12400
830	2569	12400
832	2797	12400
1393	2360	12500
996	2941	12500
387	2160	12500
1784	2031	12500
1749	2443	12500
1472	2626	12500
638	2793	12500
1485	2015	12600
1672	2537	12600
1016	2955	12600
1878	2837	12600
572	2734	12700
1029	2887	12700
484	2397	12700
300	2246	12700
1439	2004	12700
1027	2705	12700
1361	2781	12700
933	2739	12800
1938	2922	12800
1071	2372	12800
775	2353	12800
1169	2431	12800
949	2894	12800
1798	2371	12800
1173	2075	12800
538	2971	12900
446	2297	12900
1820	2885	12900
856	2260	12900
64	2209	12900
443	2996	12900
1482	2197	12900
1845	2932	12900
1086	2888	12900
1211	2799	13000
1006	2496	13000
699	2588	13000
386	2514	13000
668	2969	13000
183	2737	13000
38	2731	13000
1789	2524	13100
59	2412	13100
882	2283	13100
1073	2100	13100
0	2135	13100
1414	2264	13200
1298	2278	13200
193	2266	13200
1947	2134	13200
542	2449	13200
468	2699	13200
1415	2169	13300
990	2836	13300
331	2358	13300
748	2706	13300
678	2612	13300
1578	2125	13400
1995	2904	13400
1537	2795	13400
485	2610	13400
1144	2840	13400
1045	2888	13400
1720	2015	13500
1761	2175	13500
994	2511	13500
428	2812	13500
679	2005	13500
309	2236	13500
823	2010	13500
1858	2568	13500
1187	2493	13600
562	2194	13600
1633	2574	13600
134	2292	13600
691	2262	13600
571	2750	13600
120	2792	13600
1573	2401	13700
879	2140	13700
798	2674	13700
497	2656	13700
1583	2065	13700
686	2130	13700
807	2677	13800
1340	2096	13800
1763	2864	13800
1475	2286	13900
1673	2299	13900
502	2875	13900
1497	2448	14000
1868	2712	14000
523	2446	14000
501	2701	14000
1870	2975	14000
1149	2633	14000
580	2632	14000
1924	2277	14100
1041	2606	14100
132	2752	14100
1311	2044	14100
1013	2458	14100
788	2759	14100
658	2049	14100
721	2534	14200
1656	2522	14200
280	2894	14300
1395	2513	14300
895	2916	14300
124	2754	14300
24	2468	14400
60	2305	14400
994	2220	14400
835	2678	14400
1555	2139	14400
1767	2283	14400
526	2238	14400
1093	2907	14500
1254	2494	14500
1887	2394	14500
167	2402	14500
1044	2643	14500
294	2750	14500
1832	2003	14600
1572	2690	14600
727	2078	14600
131	2197	14600
900	2073	14600
987	2058	14600
1520	2006	14700
170	2949	14700
1364	2049	14700
1755	2596	14700
374	2854	14800
1650	2563	14800
1818	2251	14800
834	2345	14800
311	2669	14900
966	2356	14900
1557	2897	14900
1777	2286	14900
1743	2202	14900
1088	2592	14900
553	2012	15000
708	2751	15000
92	2477	15000
1040	2773	15000
1274	2684	15000
556	2618	15100
1523	2867	15100
887	2351	15100
561	2216	15100
1750	2895	15100
588	2176	15200
1213	2375	15200
1564	2093	15200
1418	2573	15200
935	2198	15200
464	2318	15200
1902	2972	15200
977	2924	15200
1433	2352	15300
211	2295	15300
1346	2669	15300
643	2437	15300
1437	2126	15300
1987	2569	15300
1492	2555	15300
1178	2263	15400
36	2678	15400
166	2272	15400
1539	2327	15400
624	2891	15400
1296	2769	15400
1288	2577	15400
1907	2155	15500
1142	2799	15500
26	2992	15500
1299	2733	15500
1704	2877	15500
1988	2622	15500
811	2742	15500
54	2848	15600
274	2679	15600
1024	2354	15600
135	2142	15600
529	2210	15600
863	2494	15700
1608	2393	15700
1979	2665	15700
315	2703	15700
95	2591	15700
1556	2379	15800
1347	2852	15800
1335	2706	15800
937	2573	15900
400	2500	15900
1155	2178	16000
1208	2988	16000
1169	2694	16000
1765	2598	16000
75	2838	16000
57	2780	16000
477	2011	16100
1284	2410	16100
78	2847	16100
1351	2345	16100
475	2122	16100
1427	2985	16200
948	2787	16300
1841	2521	16300
1002	2259	16300
964	2128	16400
1258	2863	16400
1313	2507	16400
178	2741	16400
1906	2436	16500
1579	2435	16500
1171	2953	16500
377	2459	16500
764	2826	16500
786	2121	16500
1590	2615	16500
1095	2684	16500
725	2447	16500
310	2614	16500
1413	2532	16600
118	2030	16600
433	2307	16600
1853	2794	16700
1668	2477	16800
492	2484	16800
1594	2811	16800
1168	2797	16800
591	2355	16800
163	2957	16900
543	2995	16900
1896	2303	16900
834	2619	16900
29	2103	16900
180	2705	16900
997	2469	17000
1973	2785	17000
68	2292	17000
228	2302	17000
1677	2566	17100
795	2714	17100
1914	2223	17100
1522	2322	17100
175	2717	17100
1043	2391	17100
664	2423	17200
494	2165	17300
270	2797	17300
224	2888	17300
641	2639	17400
1136	2641	17400
620	2201	17400
1458	2016	17500
1229	2638	17500
1902	2004	17500
639	2788	17500
840	2455	17500
1648	2767	17600
12	2935	17600
796	2779	17600
1184	2396	17600
1470	2965	17600
390	2172	17600
633	2400	17600
836	2985	17700
1662	2704	17700
1177	2544	17700
230	2562	17700
597	2584	17700
1059	2502	17700
1393	2492	17800
1354	2000	17800
991	2818	17800
1186	2884	17800
1111	2550	17800
1197	2730	17900
1643	2171	17900
174	2686	17900
333	2769	18000
1563	2851	18000
143	2956	18000
445	2460	18000
231	2148	18100
1748	2098	18100
1889	2245	18100
752	2965	18200
37	2252	18200
559	2121	18200
605	2071	18300
136	2264	18300
1107	2564	18300
293	2465	18300
1060	2002	18300
805	2198	18400
1587	2666	18400
868	2225	18400
577	2723	18400
63	2166	18500
1830	2144	18600
87	2799	18600
39	2378	18600
233	2152	18600
1911	2314	18600
50	2384	18600
888	2226	18600
1503	2317	18700
963	2318	18700
586	2084	18700
536	2498	18700
1183	2778	18700
184	2344	18700
1181	2959	18700
613	2481	18800
1734	2923	18800
119	2287	18800
812	2213	18800
1166	2623	18800
1764	2617	18800
348	2248	18900
1492	2347	18900
1512	2792	18900
550	2883	19000
1869	2158	19000
660	2204	19100
1180	2437	19100
1072	2956	19100
1231	2399	19100
407	2405	19100
820	2045	19100
574	2906	19100
426	2050	19200
887	2106	19200
1904	2267	19200
717	2701	19200
287	2845	19200
141	2122	19200
780	2625	19200
1337	2742	19200
1944	2735	19300
1281	2639	19300
386	2359	19400
197	2820	19400
454	2876	19400
1804	2272	19500
243	2663	19600
980	2066	19600
739	2174	19600
1305	2461	19600
45	2300	19600
732	2127	19600
341	2082	19600
1045	2274	19600
194	2075	19600
381	2492	19700
1778	2872	19700
396	2154	19700
799	2495	19700
254	2268	19700
789	2026	19700
127	2470	19800
536	2347	19800
1746	2226	19800
55	2259	19900
511	2389	19900
1141	2249	19900
801	2736	20000
636	2338	20000
1454	2001	20000
714	2397	20100
158	2505	20100
1702	2118	20100
1065	2851	20200
1079	2613	20300
1773	2100	20300
1440	2798	20300
1363	2011	20300
1363	2336	20300
362	2675	20400
747	2930	20400
925	2132	20400
1160	2644	20400
1619	2755	20400
163	2491	20400
915	2553	20500
1420	2832	20500
1247	2459	20500
427	2715	20500
884	2577	20500
836	2123	20600
463	2149	20600
322	2553	20600
955	2443	20600
1431	2938	20600
779	2468	20700
570	2741	20700
1441	2877	20700
1845	2648	20700
967	2324	20700
889	2885	20800
858	2288	20900
1701	2637	20900
736	2060	20900
1692	2850	20900
1877	2774	20900
763	2653	20900
190	2395	20900
965	2116	21000
469	2928	21000
1571	2791	21100
1183	2469	21100
826	2749	21100
156	2066	21200
552	2059	21200
334	2318	21200
890	2876	21200
251	2046	21300
1318	2436	21300
292	2668	21300
1153	2689	21300
1481	2908	21400
189	2930	21500
702	2499	21500
1445	2746	21500
765	2183	21500
860	2152	21500
561	2204	21500
92	2258	21500
594	2881	21600
683	2055	21600
1278	2611	21700
1132	2163	21700
1756	2031	21700
1224	2262	21700
1430	2960	21700
431	2357	21800
421	2931	21800
133	2830	21800
1512	2857	21800
1256	2426	21800
478	2498	21900
375	2634	22000
1516	2405	22000
1514	2024	22100
759	2032	22100
461	2270	22100
1707	2615	22100
1682	2295	22200
793	2407	22200
1806	2274	22200
1661	2864	22200
807	2062	22300
1254	2594	22300
1090	2818	22300
1428	2085	22300
1819	2425	22300
1940	2350	22400
1921	2802	22400
462	2276	22500
1733	2079	22500
447	2068	22600
891	2452	22600
271	2822	22600
1391	2673	22700
816	2884	22700
604	2674	22700
324	2809	22700
1253	2786	22700
1905	2043	22700
673	2057	22800
610	2161	22800
1007	2590	22800
731	2422	22900
672	2949	22900
1499	2032	22900
1690	2951	23000
319	2810	23000
451	2891	23000
823	2238	23000
111	2381	23000
259	2981	23100
289	2810	23100
1434	2852	23100
1296	2649	23100
790	2478	23200
61	2127	23200
978	2088	23200
1891	2978	23200
62	2124	23300
1091	2037	23400
1352	2265	23500
607	2525	23500
1920	2618	23600
830	2267	23600
1607	2286	23600
17	2384	23600
1146	2450	23600
1610	2952	23700
751	2347	23700
384	2413	23700
149	2146	23700
15	2076	23700
1099	2355	23700
199	2587	23800
1556	2257	23800
442	2672	23900
872	2083	23900
1717	2994	23900
1443	2369	23900
361	2993	23900
601	2851	24100
77	2399	24100
1994	2583	24100
1637	2599	24100
1419	2645	24200
1545	2838	24200
1837	2387	24200
786	2697	24300
1028	2133	24300
1783	2897	24400
1211	2154	24400
380	2106	24400
1128	2782	24400
1321	2019	24400
1368	2519	24500
437	2886	24500
934	2623	24500
745	2470	24600
870	2816	24600
1581	2867	24600
926	2243	24600
572	2971	24700
1980	2778	24700
1158	2846	24800
1811	2575	24800
1412	2199	24800
1615	2601	24800
1969	2689	24800
1020	2952	24900
1158	2686	24900
479	2483	24900
351	2607	24900
1570	2947	24900
1385	2690	24900
1411	2910	25000
809	2009	25000
1321	2380	25000
827	2426	25000
945	2442	25100
1668	2258	25100
114	2630	25100
626	2796	25200
1135	2182	25200
995	2360	25300
1967	2038	25400
782	2966	25400
1805	2727	25400
308	2866	25400
60	2573	25500
924	2102	25500
828	2763	25500
1615	2717	25500
344	2596	25500
1603	2388	25600
1964	2111	25600
1785	2901	25600
1446	2542	25600
1359	2208	25700
1802	2194	25700
1565	2619	25700
738	2551	25700
800	2749	25700
1245	2776	25700
1631	2434	25700
213	2329	25700
1939	2639	25800
1829	2437	25800
171	2467	25800
739	2770	25900
1004	2250	26000
1888	2893	26000
1710	2556	26000
1189	2832	26000
1000	2723	26000
1814	2066	26100
1284	2655	26100
1754	2109	26100
1349	2790	26200
1126	2798	26300
1102	2343	26300
383	2143	26300
436	2959	26300
1377	2534	26400
1500	2672	26500
636	2637	26500
1513	2311	26700
1345	2677	26700
1170	2239	26700
928	2853	26700
31	2289	26700
1990	2236	26700
1620	2338	26800
1584	2927	26800
30	2709	26800
1810	2749	26800
1216	2281	26800
1225	2957	26900
1910	2167	26900
1781	2317	27000
1814	2944	27000
389	2205	27000
1570	2933	27000
1147	2072	27100
1781	2505	27100
1075	2898	27100
1719	2064	27100
1915	2627	27100
1410	2017	27300
1782	2093	27300
1494	2794	27300
458	2227	27400
146	2652	27400
1948	2349	27500
1921	2410	27600
1861	2442	27600
503	2703	27600
1716	2123	27700
922	2954	27700
1630	2087	27700
362	2490	27800
459	2319	27800
1054	2795	27800
1589	2053	27900
986	2086	27900
843	2564	28000
1083	2825	28000
448	2829	28000
1642	2306	28000
1170	2227	28100
1984	2195	28100
721	2895	28200
1992	2088	28300
1608	2148	28400
985	2097	28400
611	2283	28400
771	2693	28400
1167	2244	28500
871	2321	28500
251	2450	28500
927	2106	28600
1815	2013	28600
1414	2159	28600
1223	2579	28700
1086	2395	28700
682	2271	28900
405	2113	28900
1200	2849	28900
980	2944	29000
317	2854	29000
1256	2482	29000
1230	2017	29000
1592	2587	29100
182	2340	29100
1392	2401	29200
1544	2264	29200
1034	2421	29200
317	2579	29200
1756	2162	29200
597	2395	29200
47	2912	29300
1729	2037	29400
1596	2901	29400
392	2511	29400
967	2510	29400
1129	2745	29400
210	2946	29500
1846	2485	29500
1941	2835	29800
232	2579	29800
1799	2128	29800
968	2797	29800
1612	2404	29900
1474	2664	29900
956	2055	29900
1927	2676	29900
466	2188	29900
1164	2420	30000
1726	2973	30100
425	2092	30100
535	2057	30100
500	2976	30100
741	2819	30100
1400	2344	30100
847	2047	30200
1581	2003	30200
696	2089	30200
1785	2412	30200
533	2327	30200
496	2698	30200
1994	2641	30200
1405	2154	30300
99	2404	30300
1493	2053	30300
18	2986	30300
783	2032	30300
116	2310	30500
723	2575	30500
961	2876	30500
814	2605	30600
216	2131	30700
614	2039	30700
160	2851	30700
520	2734	30800
600	2012	30800
67	2360	30800
108	2835	30800
1926	2194	30800
870	2433	30900
297	2659	30900
373	2271	30900
1501	2451	31100
12	2011	31100
1445	2570	31200
1365	2733	31300
1419	2255	31300
473	2613	31300
1683	2538	31400
513	2673	31400
245	2604	31400
1995	2979	31400
1872	2531	31400
1722	2280	31500
377	2143	31500
22	2374	31500
241	2320	31500
1472	2840	31500
1712	2908	31500
516	2216	31600
1522	2504	31600
806	2355	31600
1084	2557	31600
349	2817	31700
499	2854	31700
1358	2009	31700
270	2627	31700
1098	2646	31700
1634	2714	31800
1735	2182	31800
282	2339	31800
700	2289	31900
521	2539	31900
400	2104	32000
330	2560	32100
892	2421	32100
1058	2010	32100
1919	2815	32300
359	2150	32400
526	2288	32400
491	2939	32500
785	2678	32500
315	2085	32500
722	2702	32500
822	2047	32600
1793	2380	32600
1106	2095	32600
298	2685	32600
1145	2064	32700
1567	2087	32700
439	2293	32700
1225	2950	32800
98	2066	32900
1917	2998	32900
113	2541	33000
488	2543	33000
651	2934	33000
1980	2920	33000
1671	2131	33200
1209	2330	33200
818	2630	33200
165	2843	33200
256	2177	33200
1669	2324	33200
1817	2182	33300
58	2077	33300
1985	2525	33400
1320	2494	33500
394	2164	33500
414	2380	33500
461	2666	33500
833	2180	33500
1322	2090	33500
1572	2779	33600
1294	2656	33600
1893	2614	33600
1047	2606	33700
431	2982	33700
534	2616	33700
1807	2602	33800
1198	2707	33900
1457	2895	33900
1197	2561	33900
669	2752	34100
1725	2451	34100
88	2312	34100
91	2347	34100
499	2579	34100
1035	2129	34100
1941	2883	34200
1387	2003	34200
236	2187	34200
531	2610	34200
1633	2289	34300
793	2107	34300
281	2155	34400
1571	2046	34500
1579	2618	34500
1238	2945	34500
998	2428	34500
1926	2036	34600
1997	2987	34600
404	2649	34600
105	2876	34700
521	2755	34800
1371	2541	35000
1306	2486	35000
253	2028	35000
1471	2959	35000
1469	2023	35100
1453	2939	35200
629	2520	35200
1109	2330	35300
1501	2468	35300
992	2003	35300
166	2195	35300
1952	2518	35300
1899	2011	35300
1196	2939	35400
209	2523	35400
282	2646	35400
1989	2031	35400
1479	2104	35400
1283	2556	35500
1354	2312	35600
1757	2991	35600
1382	2192	35700
899	2393	35700
1599	2153	35700
833	2790	35800
1048	2863	35900
966	2203	35900
1317	2853	35900
794	2008	35900
174	2417	36000
1728	2322	36000
766	2986	36000
3	2603	36000
289	2190	36100
1934	2623	36100
1893	2592	36100
1923	2743	36200
1829	2988	36300
13	2367	36300
743	2958	36400
653	2764	36400
493	2859	36500
471	2141	36600
134	2728	36600
947	2324	36600
621	2718	36700
703	2521	36700
1759	2887	36900
626	2517	36900
1710	2423	37000
1142	2885	37000
1069	2814	37200
1538	2443	37200
771	2906	37200
1542	2664	37300
1674	2174	37300
2	2825	37400
545	2691	37400
1763	2229	37400
1731	2085	37500
187	2261	37600
388	2356	37600
665	2244	37600
88	2881	37600
1958	2143	37600
1328	2384	37700
1860	2565	37800
866	2214	37900
1114	2658	37900
781	2805	37900
1775	2453	38000
944	2726	38100
847	2249	38200
1402	2321	38300
1800	2291	38300
409	2445	38400
102	2352	38400
1184	2207	38400
954	2570	38400
633	2202	38400
1031	2232	38700
1940	2287	38800
891	2405	38800
656	2117	38900
483	2772	39000
477	2336	39000
1958	2040	39100
1302	2432	39400
1652	2370	39400
1875	2785	39500
113	2182	39600
787	2856	39600
838	2415	39600
943	2384	39700
1356	2155	39800
1692	2733	39800
1528	2199	39800
1267	2943	39900
1413	2131	40000
1327	2694	40000
1646	2856	40000
1601	2366	40000
1210	2986	40100
267	2552	40100
1190	2919	40200
1405	2007	40300
237	2054	40300
1285	2232	40400
297	2408	40400
729	2990	40400
1451	2174	40400
804	2167	40400
1055	2795	40500
1046	2264	40600
1042	2367	40600
402	2035	40600
936	2115	40600
1214	2261	40700
712	2479	40700
681	2811	40700
907	2145	40700
1919	2501	40800
1386	2301	41000
10	2502	41000
1742	2879	41000
1050	2996	41000
1833	2444	41100
1283	2246	41200
260	2284	41200
1986	2629	41300
519	2669	41300
1770	2448	41300
1469	2282	41300
556	2247	41400
246	2203	41400
1005	2135	41400
1316	2791	41500
784	2132	41500
518	2128	41600
856	2830	41600
1973	2847	41600
335	2080	41800
1727	2138	41800
426	2913	41900
624	2107	41900
984	2650	41900
1337	2577	41900
1062	2466	42000
644	2991	42100
1816	2391	42100
1848	2529	42200
1156	2775	42200
1677	2244	42500
1325	2360	42500
1161	2972	42500
195	2471	42700
1609	2091	42800
1945	2983	42800
1508	2393	42900
1141	2047	43100
1623	2413	43200
378	2870	43300
670	2416	43300
1521	2792	43500
1568	2524	43700
1887	2729	43700
421	2992	43900
1626	2572	44000
1207	2169	44000
897	2512	44000
1864	2531	44000
525	2431	44100
1273	2282	44100
903	2883	44200
76	2374	44200
1918	2567	44300
1160	2815	44300
1956	2143	44300
1097	2496	44400
1151	2219	44400
85	2961	44500
1012	2671	44500
1277	2000	44600
1750	2490	44600
464	2134	44700
1247	2483	44700
814	2715	44700
1456	2357	44800
1315	2980	44800
902	2004	45000
921	2035	45100
1352	2774	45200
1827	2046	45400
742	2237	45400
841	2473	45400
1644	2722	45400
1047	2667	45400
1266	2442	45400
1070	2489	45400
1521	2921	45400
481	2487	45500
27	2382	45500
580	2661	45500
1695	2033	45700
936	2413	45800
1009	2832	45800
982	2292	45800
824	2192	45900
992	2061	46000
1399	2979	46000
501	2009	46100
1607	2316	46200
1827	2145	46300
1669	2801	46300
442	2422	46400
527	2364	46400
873	2741	46400
428	2764	46400
213	2284	46400
593	2654	46500
356	2269	46500
627	2074	46600
1260	2865	46600
1200	2409	46600
1432	2948	46800
1913	2071	46900
1317	2033	46900
1380	2507	46900
1956	2687	46900
1111	2653	46900
1813	2027	47000
137	2894	47100
459	2163	47100
115	2103	47200
1436	2927	47200
1518	2986	47200
1061	2339	47200
1930	2941	47300
975	2567	47300
1112	2007	47400
1912	2048	47400
862	2537	47600
640	2185	47700
498	2307	47700
1577	2160	47700
1986	2234	47800
85	2784	48000
1404	2821	48100
1102	2473	48200
973	2881	48200
1527	2966	48300
82	2964	48300
156	2228	48400
772	2184	48400
9	2527	48400
1260	2448	48500
111	2366	48500
1609	2638	48600
1068	2310	48700
710	2624	48800
1892	2133	48800
449	2373	48900
1529	2975	48900
1253	2723	49000
1551	2271	49000
971	2744	49000
66	2437	49000
1012	2612	49000
1011	2343	49100
1386	2396	49100
1770	2904	49100
1315	2547	49100
1574	2239	49200
595	2428	49200
277	2946	49300
1653	2761	49300
1221	2121	49400
881	2317	49500
808	2830	49500
1375	2644	49600
1582	2224	49800
838	2766	50200
550	2767	50300
1597	2039	50400
1473	2831	50400
1107	2535	50800
1003	2247	50900
1415	2576	50900
1847	2137	50900
1127	2897	50900
1515	2707	51000
1847	2913	51000
1936	2529	51000
999	2550	51000
984	2788	51000
1346	2144	51200
1166	2917	51200
1695	2556	51300
1008	2670	51300
135	2146	51500
1611	2940	51500
1883	2070	51600
292	2216	51600
1427	2173	51600
159	2730	51600
1092	2243	51800
1702	2030	52000
1270	2248	52000
747	2760	52100
1698	2281	52200
869	2081	52200
553	2124	52300
524	2621	52400
795	2364	52400
57	2094	52400
1857	2975	52400
1268	2558	52400
929	2677	52600
508	2709	52600
1407	2228	52700
1596	2419	52800
1818	2811	52800
1007	2658	52900
395	2619	52900
813	2857	52900
1022	2825	53000
1255	2783	53000
1193	2999	53000
1078	2978	53100
283	2297	53200
257	2397	53200
1313	2892	53200
1312	2490	53200
1621	2586	53300
726	2430	53300
411	2150	53300
1185	2398	53400
1760	2431	53500
196	2408	53600
606	2718	53600
1640	2256	53600
1879	2162	53700
2	2185	53800
272	2517	53800
430	2325	53800
1631	2449	53800
852	2527	53900
185	2911	53900
109	2702	53900
44	2742	53900
634	2735	54000
13	2853	54100
1066	2665	54100
939	2878	54100
456	2745	54100
527	2714	54200
1731	2655	54200
863	2594	54300
1907	2772	54300
1163	2068	54300
896	2698	54300
1901	2262	54300
1014	2711	54400
367	2740	54400
467	2772	54500
1186	2081	54500
1929	2212	54500
1119	2425	54500
876	2160	54600
1753	2392	54600
1600	2999	54600
1585	2156	54700
1713	2578	54900
322	2222	54900
1652	2044	54900
507	2550	54900
1960	2236	54900
911	2052	55000
1584	2044	55000
772	2725	55000
865	2039	55100
1509	2307	55100
1511	2772	55100
1451	2770	55100
1654	2390	55200
754	2891	55200
618	2068	55300
415	2644	55300
1525	2492	55500
1687	2273	55500
84	2013	55500
1021	2231	55600
363	2171	55700
602	2627	55800
146	2411	55800
347	2926	55900
1745	2983	56100
293	2106	56100
1048	2756	56100
306	2711	56200
1218	2316	56200
558	2680	56200
237	2705	56200
1771	2724	56300
533	2206	56300
1421	2516	56400
918	2173	56400
737	2116	56600
1227	2850	56600
170	2353	56600
110	2725	56600
1424	2617	56600
1334	2803	56700
559	2805	56700
1085	2622	56700
1923	2166	56800
880	2337	56800
1752	2857	56800
707	2308	56900
1970	2178	56900
1487	2070	57100
483	2757	57200
152	2086	57300
822	2249	57400
1950	2539	57400
58	2237	57400
937	2569	57600
619	2350	57600
1967	2862	57600
582	2900	57600
1150	2536	57600
878	2207	57700
1825	2190	57700
1138	2709	57700
74	2871	57800
538	2682	57900
1223	2156	57900
1730	2234	58000
160	2179	58000
1310	2739	58100
1714	2480	58100
165	2857	58200
1338	2028	58300
86	2533	58300
187	2860	58400
132	2433	58400
1452	2337	58400
1933	2366	58400
545	2672	58500
1840	2025	58600
1461	2881	58600
447	2570	58600
1319	2860	58700
1314	2545	58700
399	2240	58800
962	2585	58800
851	2077	58900
543	2665	59000
34	2937	59000
1212	2377	59100
1392	2675	59200
609	2858	59200
740	2934	59200
1077	2353	59400
1132	2319	59500
1263	2537	59600
4	2910	59600
1662	2981	59700
1282	2435	59700
1388	2842	59800
422	2325	59800
552	2935	59900
810	2141	59900
117	2383	59900
1740	2720	59900
169	2718	60000
1739	2048	60000
1257	2404	60000
252	2171	60000
1384	2874	60000
1091	2722	60100
541	2222	60100
1123	2632	60200
1377	2401	60300
1204	2769	60400
357	2683	60400
40	2369	60400
1862	2280	60400
751	2662	60700
819	2319	60800
1991	2474	60800
942	2553	60900
1800	2969	60900
1173	2528	61000
1175	2823	61100
1036	2080	61100
1895	2699	61200
1644	2037	61300
1704	2543	61300
158	2175	61400
592	2333	61500
266	2861	61500
683	2853	61500
456	2067	61500
413	2651	61600
1778	2841	61600
1700	2058	61700
1812	2519	61700
448	2662	61800
1747	2968	61800
520	2714	61900
1124	2823	61900
1635	2769	62000
1708	2196	62000
1480	2606	62000
387	2914	62000
1734	2663	62200
756	2408	62200
608	2222	62300
1701	2430	62400
564	2776	62400
1622	2518	62500
1944	2295	62500
264	2357	62700
155	2987	62700
824	2754	62800
1129	2067	62900
260	2968	62900
1624	2432	63000
269	2631	63000
1939	2462	63100
981	2519	63100
733	2341	63100
1886	2964	63200
480	2683	63200
411	2423	63200
787	2593	63200
1038	2787	63200
406	2509	63400
963	2984	63400
1489	2529	63400
724	2601	63400
1049	2138	63400
1751	2206	63600
1406	2765	63800
1087	2478	63800
971	2635	63800
1289	2366	63800
661	2791	64000
1547	2038	64000
380	2465	64000
1575	2299	64100
413	2278	64200
1795	2948	64400
61	2921	64400
70	2193	64400
1641	2581	64500
864	2833	64600
205	2580	64600
1875	2647	64800
471	2942	64900
487	2346	64900
1274	2293	64900
995	2425	65000
1552	2842	65000
1831	2229	65000
707	2245	65100
731	2416	65100
1954	2307	65100
1698	2460	65100
763	2329	65100
335	2961	65200
990	2383	65300
1029	2667	65400
916	2361	65400
1984	2371	65400
1138	2038	65500
1101	2231	65500
872	2832	65500
408	2459	65600
1458	2462	65700
1250	2760	65800
982	2728	65800
509	2475	65900
306	2118	66100
1237	2709	66100
1697	2561	66200
560	2496	66200
1432	2716	66400
43	2643	66400
570	2203	66400
1217	2119	66400
201	2860	66500
882	2484	66500
1865	2726	66500
1218	2068	66600
690	2080	66600
142	2976	66600
1358	2213	66600
271	2362	66600
1513	2494	66700
1008	2460	66700
976	2118	66800
403	2639	66800
630	2132	66800
172	2863	66900
875	2285	67000
1369	2250	67100
989	2401	67300
1100	2902	67300
234	2834	67400
495	2555	67400
498	2267	67500
694	2646	67500
951	2607	67500
1876	2042	67600
74	2512	67600
279	2193	67600
858	2420	67700
1531	2694	67700
1735	2914	67700
202	2329	67700
1483	2677	67800
255	2862	67800
1320	2311	67900
1976	2513	67900
1060	2178	67900
472	2913	67900
368	2849	68000
796	2690	68100
1618	2434	68100
1505	2605	68100
1742	2042	68300
735	2989	68300
1420	2083	68400
599	2841	68500
433	2246	68500
1375	2815	68500
216	2532	68600
347	2517	68800
514	2424	68800
1323	2994	68800
229	2006	68900
263	2140	68900
10	2775	69000
327	2635	69000
328	2700	69000
438	2578	69100
1188	2777	69100
770	2170	69200
673	2159	69200
1231	2548	69300
1682	2357	69300
1266	2353	69300
1507	2754	69300
1167	2566	69400
1463	2359	69400
1484	2540	69400
445	2281	69500
340	2159	69700
682	2420	69700
419	2500	69700
1188	2670	69700
1198	2682	69800
1665	2943	69800
1090	2125	69800
1217	2978	69800
1342	2645	69900
127	2942	69900
669	2433	70000
1396	2562	70000
1084	2280	70000
1894	2762	70200
1780	2200	70300
1338	2337	70300
384	2115	70400
938	2803	70400
1520	2611	70500
276	2207	70600
401	2124	70700
1082	2034	70700
1805	2053	70700
1747	2650	70800
429	2424	70800
1969	2781	70800
808	2260	71000
1464	2900	71000
1478	2481	71200
1857	2931	71200
1613	2356	71300
1467	2508	71300
537	2078	71500
1906	2169	71700
831	2822	71700
1515	2849	71800
819	2163	71800
154	2433	71900
802	2467	71900
675	2758	71900
1647	2305	72000
168	2650	72000
90	2740	72100
1623	2115	72100
1900	2729	72100
153	2724	72200
1161	2396	72200
1641	2093	72300
637	2325	72400
540	2376	72500
975	2869	72500
1227	2050	72600
222	2777	72600
1769	2720	72600
940	2933	72600
162	2464	72700
1336	2326	72800
818	2744	72800
1573	2973	72900
1176	2591	72900
832	2820	72900
744	2425	73000
1493	2953	73000
126	2664	73100
1915	2591	73100
1863	2201	73100
1762	2977	73200
652	2355	73200
355	2783	73200
1718	2889	73300
1115	2751	73400
1063	2647	73500
1883	2043	73600
1366	2422	73600
1634	2034	73600
1908	2375	73700
926	2301	73700
1804	2812	73700
177	2341	73800
1384	2146	73800
701	2527	73900
1033	2196	73900
640	2471	73900
1104	2027	73900
1653	2334	74000
806	2866	74000
207	2561	74100
1624	2506	74100
500	2748	74100
78	2785	74300
412	2813	74300
1509	2267	74400
530	2361	74400
1249	2096	74500
854	2859	74700
956	2367	74700
1035	2014	74800
1726	2978	74800
1139	2302	74800
1586	2793	74900
1442	2242	74900
329	2464	75000
1881	2501	75000
1269	2319	75100
1753	2102	75100
230	2905	75100
983	2490	75200
1073	2640	75200
124	2192	75400
196	2659	75400
1070	2328	75400
1293	2359	75400
1801	2652	75400
179	2915	75500
528	2275	75500
1946	2993	75600
718	2534	75700
1836	2861	75700
93	2952	75900
1580	2482	76000
273	2745	76000
1773	2640	76100
1113	2526	76200
1081	2074	76300
782	2785	76300
200	2935	76500
503	2024	76500
742	2077	76800
1880	2333	76800
82	2145	76900
979	2737	76900
933	2964	77000
1488	2073	77000
1532	2587	77100
1407	2757	77200
30	2398	77300
1757	2536	77300
463	2506	77400
700	2574	77400
665	2566	77500
1661	2229	77500
49	2935	77600
1965	2461	77700
524	2234	77800
663	2666	77800
974	2310	77900
95	2808	77900
247	2458	78000
788	2477	78000
458	2892	78100
1975	2136	78100
275	2416	78300
1503	2951	78300
1044	2793	78400
283	2445	78400
1772	2123	78500
1909	2158	78500
236	2273	78500
1316	2046	78600
774	2016	78700
674	2172	78700
664	2926	78800
391	2723	78900
1237	2024	78900
1359	2373	79000
1824	2151	79000
1447	2415	79000
1876	2179	79100
222	2670	79200
1465	2160	79300
404	2840	79500
797	2733	79500
1666	2506	79500
114	2824	79500
972	2831	79600
646	2953	79600
432	2122	79600
468	2464	79700
1517	2334	79700
941	2807	79700
97	2261	79900
676	2247	80100
1699	2471	80100
1844	2526	80200
947	2542	80200
1103	2320	80400
43	2793	80700
1908	2492	81000
584	2621	81000
1168	2022	81100
490	2690	81200
87	2002	81200
1793	2934	81200
314	2123	81400
522	2912	81500
208	2505	81600
221	2694	81600
727	2538	81700
434	2128	81700
623	2949	81800
1425	2129	82000
73	2948	82100
332	2218	82100
1795	2716	82300
1528	2542	82300
696	2183	82400
318	2190	82500
1905	2755	82600
944	2745	82700
1109	2762	82700
1639	2824	82800
1378	2237	83000
367	2786	83000
904	2349	83000
1787	2188	83100
1678	2060	83200
1724	2188	83200
129	2968	83200
1339	2064	83400
1355	2654	83500
877	2149	83500
735	2097	83600
867	2016	83700
1191	2642	83800
1417	2471	83800
1470	2943	84000
371	2953	84200
168	2788	84200
1322	2456	84200
365	2184	84300
320	2907	84400
976	2711	84500
1716	2218	84500
1189	2083	84500
507	2878	84500
970	2707	84600
1071	2760	84800
852	2809	84900
280	2814	84900
1854	2691	84900
601	2089	85100
89	2868	85200
604	2480	85200
268	2372	85300
403	2844	85300
515	2781	85300
1828	2464	85700
1931	2181	85900
1789	2849	86000
1298	2253	86100
590	2565	86100
1113	2266	86100
25	2158	86200
1353	2254	86400
73	2235	86500
1081	2554	86600
438	2580	86600
1496	2708	86700
1288	2834	87000
785	2887	87000
1640	2151	87100
1242	2415	87100
546	2170	87200
1706	2227	87300
1741	2776	87300
1988	2296	87400
106	2133	87400
1252	2290	87500
152	2253	87500
1437	2850	87500
689	2269	87600
1061	2729	87600
326	2168	87700
571	2540	88300
985	2266	88400
7	2538	88700
1604	2474	88700
608	2606	88800
1117	2140	88900
143	2891	88900
1281	2092	89100
1560	2168	89200
711	2126	89200
444	2145	89300
657	2387	89400
1327	2098	89500
773	2171	89600
72	2557	89800
1670	2403	89900
244	2083	90000
802	2276	90200
1476	2983	90300
195	2861	90400
885	2930	90400
142	2873	90400
924	2863	90600
803	2484	90600
699	2134	90700
1262	2429	90700
1139	2600	90800
1453	2418	90800
1448	2961	90800
1144	2626	90900
1466	2107	90900
1796	2091	91000
279	2727	91000
934	2921	91100
539	2950	91300
123	2191	91400
1712	2906	91500
327	2744	91700
133	2260	91700
354	2682	91800
1592	2563	91900
719	2521	91900
906	2720	92000
1024	2554	92000
1027	2054	92000
638	2643	92100
1164	2288	92100
366	2177	92100
632	2372	92200
1606	2633	92200
121	2813	92300
1246	2759	92300
1085	2688	92400
1159	2511	92400
1299	2972	92700
1222	2403	92800
1119	2951	93000
1943	2535	93200
206	2576	93200
107	2976	93200
676	2150	93300
1215	2977	93400
1074	2375	93700
1642	2510	93700
1261	2700	93900
1397	2820	94100
1444	2096	94200
1836	2175	94400
1790	2168	94600
1925	2828	94600
737	2502	95000
1001	2571	95000
204	2872	95100
1176	2213	95200
1777	2417	95300
1292	2824	95700
1379	2265	95700
1318	2576	95800
425	2844	95800
1673	2212	95800
1072	2680	95800
713	2802	96000
1588	2005	96300
857	2363	96400
1791	2755	96500
1938	2902	96500
118	2593	96500
1482	2193	96600
635	2540	96800
1228	2758	96900
1195	2332	97500
1304	2695	97900
1548	2828	98000
755	2933	98000
1502	2157	98100
1656	2447	98200
1954	2817	98400
1077	2393	98900
1053	2846	98900
1059	2116	99300
1195	2040	99300
987	2052	99400
1341	2796	99600
1001	2511	99600
1130	2261	99700
1416	2259	99700
1314	2583	99800
1568	2301	100000
56	2269	100800
1064	2968	100800
1898	2391	101100
884	2189	101300
81	2890	101400
1275	2645	101600
90	2747	102100
630	2530	102100
1095	2456	102100
1005	2063	102100
1529	2354	102300
671	2392	102400
285	2711	102600
648	2827	102900
1438	2661	102900
1410	2509	103000
1585	2884	103200
351	2936	103400
652	2866	103600
1963	2101	103800
1774	2778	103800
1955	2923	103800
1766	2164	104000
258	2207	104100
120	2727	104100
687	2988	104300
1732	2634	104600
978	2488	104600
1894	2807	104800
1280	2539	105000
1487	2786	105000
1850	2377	105000
1390	2573	105100
1598	2399	105100
1449	2095	105100
839	2018	105200
1758	2738	105300
494	2803	105300
1215	2455	105500
1079	2509	105600
628	2495	105600
1329	2900	105800
192	2634	106000
1842	2480	106100
886	2387	106300
475	2296	106400
220	2036	106700
79	2549	106900
1964	2818	106900
211	2638	106900
1578	2432	107600
998	2439	107700
1153	2528	107900
44	2228	108100
1628	2834	108100
792	2206	108300
1916	2624	108400
1562	2308	108500
1434	2633	108500
1004	2225	108600
1273	2409	108600
1962	2513	108600
958	2489	108700
487	2582	108900
1838	2373	109200
1636	2439	109200
1409	2743	109200
245	2455	109400
1518	2386	110000
921	2257	110200
241	2845	110500
1480	2609	110600
290	2293	110600
783	2806	110700
1975	2819	110800
497	2410	111400
372	2441	111500
1890	2411	111600
1802	2871	111700
261	2189	111900
1383	2013	111900
420	2822	112000
1786	2241	112600
1703	2895	112700
1276	2326	112900
1272	2486	113000
1630	2346	113000
1490	2943	113300
105	2839	113400
1659	2668	113900
1510	2898	114000
1612	2224	114100
941	2827	114200
1362	2443	114200
1602	2073	115000
1194	2559	115000
1425	2475	115200
1555	2848	115200
8	2220	115200
1397	2774	115500
591	2663	115600
1540	2071	116000
1961	2652	116600
1403	2399	116800
395	2642	116800
175	2991	116900
959	2742	117000
1755	2629	117100
1733	2120	117100
576	2668	117300
1721	2589	117400
666	2905	118200
850	2500	118300
182	2813	118500
138	2937	118700
1265	2214	118800
295	2842	119000
655	2403	119300
1769	2242	119500
741	2136	119600
80	2339	119700
485	2877	119800
452	2660	120600
1694	2231	120600
661	2762	120700
415	2815	120700
42	2686	120800
1121	2243	120900
1870	2147	120900
848	2764	121000
1373	2748	121100
489	2177	121500
502	2993	121700
1534	2620	122000
1775	2732	122500
745	2141	122700
203	2706	123200
645	2210	123800
1541	2276	124000
1332	2380	124100
1149	2429	124300
334	2588	125200
1519	2010	125800
695	2555	125900
359	2865	126200
701	2938	126400
1693	2995	126800
1748	2659	127200
424	2113	127300
1554	2562	128000
574	2110	128300
1326	2331	128700
1629	2845	129000
1583	2191	129100
20	2369	129100
704	2018	129700
1761	2289	129800
1638	2058	130000
267	2768	130000
964	2848	130100
1131	2488	130300
1957	2552	130400
474	2902	130400
1040	2056	130400
579	2241	130500
1690	2938	130600
141	2457	130600
1983	2503	130700
1023	2326	130800
930	2697	130900
407	2279	130900
1895	2957	131200
397	2992	131600
1551	2518	132000
1546	2552	132400
1538	2724	132400
762	2084	132500
659	2628	132500
1687	2571	132700
769	2105	132800
352	2952	132800
1020	2388	133300
1951	2047	133700
746	2392	133900
21	2120	134100
1784	2932	134100
883	2696	134400
460	2164	134500
900	2221	134600
1251	2077	134700
1723	2446	135200
1216	2427	135300
1239	2697	135500
1625	2270	135900
1383	2201	136500
901	2807	136500
1912	2919	136800
547	2710	137000
1531	2191	137600
1219	2768	137600
504	2189	138200
1037	2139	138500
199	2563	138600
1879	2657	138600
1058	2450	138700
1768	2250	138800
1741	2811	139100
511	2290	139200
1821	2387	139300
131	2193	139400
746	2999	139500
46	2721	139600
1446	2438	140200
655	2463	140300
743	2743	140500
303	2014	141600
634	2559	141600
32	2574	141600
70	2558	142000
1527	2628	142100
1248	2764	142300
512	2925	142400
988	2790	142700
412	2026	143000
1021	2589	143000
125	2363	143100
1498	2076	144400
302	2726	144700
148	2144	145600
294	2878	145600
548	2973	146300
1082	2419	146300
554	2657	146300
1206	2756	146500
414	2019	146500
1532	2563	146600
1707	2241	146700
569	2279	147000
1562	2245	147500
305	2942	147600
1950	2130	148100
1957	2768	148200
1108	2713	148300
1996	2063	148500
1997	2748	148700
99	2479	148800
749	2651	148900
392	2220	148900
344	2920	149500
441	2575	150000
789	2654	150500
1764	2875	151400
1381	2087	151600
1228	2491	153300
677	2438	154400
1147	2245	154400
1179	2804	154800
1009	2215	155200
16	2130	156100
715	2645	156200
857	2974	156500
757	2215	156600
697	2625	156800
893	2621	156800
1544	2753	156900
139	2022	157000
1993	2087	157000
65	2626	158100
453	2090	158300
130	2826	158600
969	2346	159800
1232	2051	160100
1868	2233	160400
38	2565	160900
1794	2495	160900
1543	2263	161000
1459	2197	161400
54	2629	161500
855	2315	161500
878	2050	162500
575	2199	162900
1965	2332	163200
1811	2996	163500
568	2589	165300
1305	2721	165500
1846	2240	166600
837	2817	166900
800	2717	167600
1347	2270	167800
369	2457	168100
1822	2989	168200
325	2485	168200
1131	2628	169500
1233	2817	170600
1711	2026	170700
1389	2200	170700
952	2753	174000
659	2332	174100
504	2315	174500
1	2416	174500
284	2120	174700
1067	2559	174800
1089	2936	175700
1467	2581	176200
75	2701	176700
250	2165	177400
827	2054	177800
1932	2385	177900
1330	2119	178300
1696	2557	178500
1277	2263	179400
1368	2588	179500
399	2485	179900
1030	2546	180800
642	2886	180900
197	2701	181100
309	2584	181700
1291	2285	181700
1135	2970	182000
1627	2274	182300
14	2129	183500
1516	2558	184500
1738	2963	185100
176	2596	185500
373	2417	185800
1099	2316	186200
130	2489	187800
573	2681	189300
1262	2633	189900
1566	2557	190600
178	2497	190600
1287	2111	190800
825	2880	191100
360	2869	191300
1118	2240	192100
675	2466	193500
1400	2111	194900
408	2721	197000
931	2493	197800
1881	2210	197900
184	2681	201000
350	2750	201300
958	2187	202400
369	2122	203900
1779	2497	204600
860	2178	205400
698	2826	205800
1616	2488	206400
1355	2940	207000
759	2514	207100
161	2648	207600
703	2251	207800
219	2732	208700
565	2656	209100
762	2581	209400
1057	2801	211100
5	2869	211600
1991	2521	211600
868	2385	212200
1300	2871	212800
564	2251	212900
1504	2093	213300
1367	2318	216500
897	2871	216600
968	2937	218400
83	2687	218600
893	2572	219400
517	2221	219700
603	2486	220100
1892	2684	220800
734	2456	220900
217	2641	221500
1442	2444	221600
1376	2967	222500
217	2235	222700
1504	2833	222700
932	2896	223800
943	2847	223900
724	2878	225500
705	2343	225600
842	2137	225900
1121	2756	226000
310	2845	226100
226	2960	226400
761	2224	226900
589	2382	227900
1235	2110	228700
680	2095	229000
250	2593	229600
732	2533	230700
1863	2020	231800
1212	2570	232200
730	2457	233300
719	2309	233400
1052	2323	234300
1421	2298	234900
1604	2309	236400
1937	2766	237100
569	2504	238400
486	2896	238500
495	2530	238600
962	2051	242800
371	2585	242900
263	2858	243200
767	2136	244200
1039	2493	247100
128	2144	247300
1972	2676	247400
1736	2847	247900
1373	2873	248200
1993	2452	249600
723	2996	250700
330	2683	255600
1026	2915	256000
232	2161	257000
1496	2265	258800
1370	2707	258900
529	2987	259300
1835	2225	259400
1869	2342	262500
1259	2203	265400
517	2008	266600
1658	2660	267500
1834	2632	267700
1424	2788	267800
249	2137	270600
1462	2680	272900
1987	2102	274000
680	2782	274000
140	2644	274600
1092	2874	275400
1309	2508	275800
1435	2746	277400
1241	2712	277900
1603	2605	279700
811	2436	280100
490	2865	280700
1519	2903	281200
611	2100	281700
1435	2640	282200
1295	2272	284500
720	2771	285000
1468	2275	285200
1705	2304	287100
51	2365	287200
225	2774	287500
1018	2065	287800
1178	2595	288400
1046	2753	288700
969	2585	289100
382	2512	291200
579	2149	292100
753	2641	293000
1370	2045	293300
491	2218	294800
1145	2429	295400
1632	2829	297400
23	2298	297700
644	2278	298900
350	2400	300100
780	2235	300600
1286	2960	300600
566	2685	301200
1294	2310	302400
269	2712	303600
1655	2309	304600
1882	2771	305700
1331	2886	305800
84	2082	306600
42	2846	306600
758	2019	308100
1219	2932	309300
1686	2304	310700
191	2925	312400
1680	2750	314300
531	2281	314800
637	2927	315700
1239	2685	317200
1866	2368	317500
846	2342	321300
1140	2679	323900
685	2084	325900
1524	2860	329000
1625	2463	330900
382	2382	331800
11	2695	331900
1842	2911	334400
706	2974	335100
212	2200	335600
1204	2893	336200
1626	2984	339500
1148	2910	341300
353	2020	343000
874	2585	344900
1505	2903	345000
284	2458	347100
278	2082	348000
510	2940	350000
1935	2487	350700
1928	2746	350900
740	2590	354100
557	2620	355000
953	2766	355100
1684	2868	355600
1015	2516	356400
312	2331	357500
275	2858	357600
304	2812	359300
1533	2998	359600
1116	2137	359700
1202	2601	361500
1824	2378	362700
406	2683	368400
1767	2474	371300
1476	2056	374300
173	2648	375800
191	2549	378900
1834	2181	382000
1595	2748	384100
486	2685	385500
1595	2873	390700
1279	2103	393100
