915	2261	200
89	2883	200
1649	2234	200
1716	2336	200
610	2370	200
1233	2451	200
1065	2914	200
92	2243	200
33	2989	200
658	2884	200
135	2096	200
1704	2530	200
1493	2367	200
130	2755	200
1051	2181	200
605	2726	200
705	2978	300
204	2478	300
1574	2558	300
1542	2097	300
973	2325	300
930	2514	300
471	2662	300
862	2838	300
1305	2539	300
1143	2599	300
251	2969	300
895	2547	300
20	2414	300
668	2606	300
995	2250	300
1990	2689	300
238	2524	400
100	2080	400
1255	2310	400
255	2733	400
768	2213	400
1054	2114	400
30	2924	400
1008	2187	400
1991	2367	400
1149	2446	400
131	2443	400
950	2605	400
614	2897	500
1840	2003	500
1999	2770	500
1965	2262	500
1340	2187	500
1560	2544	500
996	2523	500
977	2830	500
1719	2591	500
1672	2751	500
1241	2292	500
1045	2632	500
1195	2371	500
580	2966	500
1043	2792	500
567	2798	500
1316	2532	500
1429	2039	500
313	2043	500
211	2313	600
2	2568	600
537	2677	600
847	2016	600
615	2330	600
1254	2410	600
581	2913	600
301	2844	600
682	2288	600
739	2573	600
673	2865	600
1411	2812	600
1210	2146	600
1372	2195	600
256	2474	600
1315	2135	600
1505	2798	600
1172	2231	600
441	2302	600
228	2775	600
1165	2249	600
596	2785	700
77	2313	700
1167	2566	700
221	2735	700
627	2842	700
332	2995	700
1418	2949	700
1270	2898	700
394	2982	700
1771	2098	700
1185	2665	700
1524	2824	700
1128	2999	700
1977	2082	700
1058	2657	700
913	2411	700
163	2878	700
1700	2056	700
1094	2457	800
524	2663	800
902	2943	800
1308	2629	800
1710	2033	800
1223	2703	800
150	2048	800
738	2160	800
39	2596	800
1300	2664	800
214	2628	800
1715	2459	800
175	2993	800
337	2771	800
439	2509	800
725	2688	800
849	2791	800
35	2290	800
1277	2430	900
1664	2959	900
1986	2388	900
172	2150	900
60	2412	900
133	2424	900
898	2194	900
1844	2190	900
1375	2591	900
1171	2341	900
8	2273	900
83	2750	900
1498	2076	900
1086	2395	900
1495	2586	900
1745	2734	1000
1548	2336	1000
1954	2561	1000
1117	2963	1000
205	2529	1000
1394	2720	1000
1902	2709	1000
1249	2220	1000
740	2266	1000
1328	2081	1000
1539	2899	1000
1619	2681	1000
52	2029	1000
1459	2852	1000
278	2079	1000
1500	2130	1000
1281	2959	1000
632	2229	1100
388	2393	1100
328	2744	1100
928	2831	1100
349	2246	1100
149	2105	1100
88	2976	1100
494	2570	1100
1024	2230	1100
1269	2167	1100
522	2558	1100
31	2741	1100
559	2413	1100
1084	2804	1100
1441	2958	1100
1344	2543	1100
454	2727	1100
167	2008	1100
1431	2491	1100
1816	2504	1100
1602	2778	1100
639	2688	1100
407	2750	1100
1278	2247	1200
1291	2827	1200
1938	2168	1200
549	2037	1200
1068	2376	1200
536	2825	1200
54	2388	1200
375	2433	1200
1962	2670	1200
1016	2812	1200
530	2187	1200
886	2623	1200
1333	2081	1200
611	2165	1200
1845	2932	1200
515	2808	1200
1558	2426	1200
1925	2250	1200
23	2737	1200
1906	2534	1300
126	2629	1300
511	2356	1300
964	2239	1300
1999	2084	1300
499	2647	1300
1534	2283	1300
1871	2774	1300
175	2540	1300
368	2306	1300
1094	2983	1400
1759	2760	1400
1551	2981	1400
277	2834	1400
1258	2893	1400
1475	2763	1400
788	2169	1400
1169	2570	1400
419	2900	1400
1640	2917	1400
882	2712	1400
1922	2021	1400
1257	2910	1400
1724	2510	1400
998	2533	1400
1444	2975	1400
778	2086	1400
1988	2122	1400
1410	2368	1400
504	2331	1400
1335	2362	1400
855	2434	1400
1784	2876	1400
1122	2636	1400
3	2493	1500
128	2480	1500
1299	2392	1500
1453	2106	1500
1023	2085	1500
1777	2846	1500
1911	2952	1500
1731	2992	1500
478	2268	1500
1675	2187	1500
1448	2953	1500
814	2615	1500
1119	2385	1500
599	2651	1600
1940	2288	1600
1132	2489	1600
36	2799	1600
1735	2487	1600
1188	2441	1600
74	2036	1600
109	2186	1600
554	2454	1600
571	2314	1600
1928	2527	1600
1123	2081	1600
52	2536	1600
451	2705	1600
531	2688	1600
275	2788	1700
1225	2553	1700
1609	2263	1700
1576	2278	1700
599	2373	1700
1682	2799	1700
845	2939	1700
1782	2060	1700
59	2901	1700
1607	2704	1700
319	2335	1700
1577	2448	1700
1292	2900	1700
910	2323	1700
1323	2041	1700
622	2622	1700
1318	2977	1700
468	2595	1700
1093	2263	1800
1711	2984	1800
1971	2123	1800
1003	2875	1800
103	2731	1800
1056	2970	1800
1797	2807	1800
1531	2420	1800
883	2519	1800
498	2339	1800
1017	2038	1800
1450	2156	1800
1514	2181	1800
554	2381	1800
1589	2855	1800
1183	2116	1800
662	2676	1800
230	2973	1800
7	2030	1900
543	2432	1900
899	2557	1900
373	2287	1900
1976	2709	1900
848	2335	1900
1966	2567	1900
1794	2197	1900
1845	2142	1900
635	2500	1900
1458	2985	1900
1227	2264	2000
563	2532	2000
870	2754	2000
532	2519	2000
598	2686	2000
743	2220	2000
818	2283	2000
838	2281	2000
1550	2258	2000
1575	2165	2000
0	2739	2000
1897	2390	2000
369	2798	2000
1758	2473	2000
344	2245	2100
1566	2902	2100
1598	2716	2100
1495	2228	2100
861	2189	2100
1941	2683	2100
1951	2373	2100
1829	2099	2100
1359	2611	2100
949	2287	2100
1688	2182	2100
562	2846	2100
628	2932	2100
628	2702	2100
358	2032	2100
1462	2452	2100
542	2940	2100
1402	2562	2100
1790	2261	2200
1980	2263	2200
158	2568	2200
1100	2493	2200
613	2350	2200
49	2745	2200
1511	2218	2200
935	2862	2200
885	2714	2200
1608	2417	2200
374	2729	2200
75	2400	2200
878	2230	2200
1858	2452	2200
1815	2333	2200
836	2584	2200
1978	2170	2200
179	2336	2300
1416	2350	2300
1699	2909	2300
1433	2796	2300
1308	2673	2300
185	2579	2300
1555	2751	2300
890	2009	2300
244	2640	2300
588	2237	2400
243	2297	2400
702	2718	2400
956	2448	2400
558	2166	2400
630	2209	2400
1380	2751	2400
1824	2610	2400
1655	2537	2400
241	2617	2400
1496	2813	2400
1126	2231	2400
605	2059	2400
1212	2950	2500
1750	2603	2500
1417	2222	2500
1452	2581	2500
1643	2066	2500
736	2945	2500
222	2400	2500
1146	2600	2500
1891	2449	2500
591	2259	2500
881	2957	2600
493	2198	2600
1676	2176	2600
1907	2935	2600
1226	2009	2600
1502	2627	2600
1875	2405	2600
1833	2031	2600
1839	2661	2600
68	2889	2600
122	2886	2600
1599	2344	2600
1517	2577	2600
633	2499	2600
354	2546	2700
464	2318	2700
283	2494	2700
207	2816	2700
560	2131	2700
707	2476	2700
446	2738	2700
1386	2669	2700
690	2498	2700
415	2881	2700
1474	2427	2700
555	2514	2700
896	2650	2700
290	2973	2700
316	2890	2700
1768	2690	2800
1725	2236	2800
1345	2437	2800
1853	2229	2800
1582	2907	2800
990	2817	2800
1662	2746	2800
699	2266	2800
262	2946	2800
412	2650	2800
607	2021	2800
724	2607	2800
1139	2322	2800
1175	2925	2800
1507	2550	2900
665	2844	2900
1463	2829	2900
37	2514	2900
953	2157	2900
1835	2815	2900
79	2889	2900
1318	2464	2900
403	2282	2900
1310	2052	3000
1440	2069	3000
493	2841	3000
242	2227	3000
259	2694	3000
1006	2497	3000
13	2729	3000
1300	2989	3000
1983	2634	3000
617	2413	3000
284	2369	3000
405	2488	3000
225	2256	3000
345	2426	3000
1350	2923	3000
1832	2794	3000
1963	2317	3100
535	2409	3100
1948	2178	3100
1480	2357	3100
1269	2733	3100
972	2640	3100
1623	2024	3100
1904	2811	3100
489	2903	3100
21	2459	3100
1499	2092	3100
1001	2363	3100
637	2064	3100
1348	2684	3100
813	2792	3100
911	2052	3200
805	2015	3200
1628	2954	3200
1081	2148	3200
1770	2714	3200
1371	2854	3200
561	2257	3200
906	2874	3200
873	2846	3200
1543	2466	3200
673	2965	3300
760	2176	3300
1921	2814	3300
727	2576	3300
246	2406	3300
772	2700	3300
523	2371	3300
1519	2365	3300
1088	2592	3300
1079	2839	3300
465	2625	3300
897	2885	3400
1201	2379	3400
1776	2289	3400
1813	2251	3400
1595	2627	3400
1387	2201	3400
737	2469	3500
596	2977	3500
497	2991	3500
974	2566	3500
821	2437	3500
7	2538	3500
1011	2155	3500
1998	2620	3500
1617	2735	3500
1113	2572	3500
590	2674	3500
527	2740	3500
816	2966	3500
1831	2460	3500
1434	2585	3500
940	2348	3500
1396	2026	3500
224	2346	3500
435	2692	3500
442	2264	3600
866	2541	3600
1652	2217	3600
1663	2571	3600
476	2021	3600
1655	2132	3600
1162	2056	3600
1277	2340	3600
1906	2742	3600
1044	2639	3600
538	2034	3700
1401	2185	3700
380	2814	3700
1947	2175	3700
429	2074	3700
429	2810	3700
1374	2703	3700
1390	2904	3700
173	2337	3700
427	2896	3700
834	2996	3700
282	2265	3700
659	2411	3700
152	2231	3700
441	2040	3700
704	2794	3700
1387	2025	3700
854	2794	3800
539	2298	3800
247	2647	3800
1116	2486	3800
994	2194	3800
687	2319	3800
905	2960	3800
797	2221	3800
1157	2608	3800
111	2023	3800
102	2295	3900
1734	2742	3900
1320	2311	3900
375	2928	3900
157	2141	3900
658	2009	3900
1874	2456	3900
404	2436	3900
267	2079	3900
1027	2426	3900
406	2017	4000
734	2984	4000
1181	2383	4000
1923	2656	4000
1124	2862	4000
245	2496	4000
1077	2544	4000
1766	2217	4000
746	2854	4000
1497	2182	4000
710	2634	4000
800	2022	4000
1839	2348	4000
1558	2766	4000
106	2025	4000
411	2849	4100
1862	2902	4100
632	2409	4100
1508	2128	4100
682	2481	4100
1177	2152	4100
631	2004	4100
1032	2686	4100
1935	2275	4100
1060	2664	4100
1007	2371	4100
1842	2955	4100
120	2820	4100
1119	2878	4100
762	2017	4100
573	2111	4100
1085	2502	4100
1454	2250	4200
1665	2282	4200
1107	2929	4200
491	2927	4200
364	2478	4200
1509	2307	4200
212	2309	4200
99	2472	4200
1375	2535	4200
1163	2763	4200
926	2427	4200
1488	2615	4200
720	2013	4200
1505	2365	4200
1198	2873	4300
1943	2492	4300
1388	2247	4300
1649	2410	4300
532	2044	4300
299	2303	4300
1706	2901	4300
1297	2670	4300
193	2190	4300
875	2931	4300
371	2596	4300
1332	2926	4300
1631	2104	4300
1419	2682	4300
43	2158	4300
219	2111	4400
1067	2071	4400
671	2334	4400
391	2863	4400
887	2373	4400
594	2988	4400
45	2623	4400
914	2041	4400
1342	2177	4400
940	2661	4400
1629	2256	4400
397	2899	4400
1601	2142	4400
988	2671	4400
1654	2295	4400
1309	2020	4400
1110	2422	4500
676	2164	4500
1090	2675	4500
1618	2926	4500
1443	2662	4500
684	2664	4500
76	2157	4500
1717	2013	4500
1136	2112	4500
1262	2485	4500
965	2550	4500
1361	2138	4500
1287	2191	4600
1880	2366	4600
210	2506	4600
887	2037	4600
837	2451	4600
690	2027	4600
1617	2763	4600
1912	2223	4600
812	2206	4600
1061	2394	4600
1357	2997	4600
21	2291	4600
789	2294	4600
105	2324	4600
888	2534	4600
199	2747	4700
1923	2442	4700
954	2885	4700
711	2783	4700
1751	2665	4700
1232	2708	4700
393	2888	4700
1198	2788	4700
946	2383	4800
803	2349	4800
1861	2743	4800
1687	2496	4800
1384	2474	4800
1061	2631	4800
217	2527	4800
1295	2064	4800
722	2109	4800
423	2391	4800
1147	2559	4900
1261	2207	4900
1949	2746	4900
1097	2749	4900
390	2759	4900
53	2631	4900
675	2916	4900
1140	2361	4900
678	2790	4900
184	2501	4900
468	2938	4900
950	2866	4900
731	2532	5000
718	2757	5000
1760	2565	5000
1006	2203	5000
516	2976	5000
1738	2858	5000
86	2997	5000
646	2281	5000
184	2592	5000
1992	2721	5000
1939	2636	5000
1693	2148	5100
1283	2468	5100
561	2002	5100
262	2563	5100
474	2223	5100
1651	2508	5100
158	2602	5200
1034	2071	5200
991	2731	5200
1756	2215	5200
698	2896	5200
1929	2727	5200
1240	2615	5200
1958	2260	5200
1604	2819	5200
1422	2414	5200
1853	2752	5300
447	2694	5300
299	2506	5300
1728	2521	5300
122	2064	5300
141	2821	5300
509	2153	5300
1031	2883	5400
1525	2071	5400
627	2042	5400
1284	2995	5400
676	2517	5400
335	2027	5400
1089	2345	5400
487	2838	5400
773	2292	5400
1001	2348	5400
967	2601	5400
1522	2993	5400
1713	2922	5500
459	2271	5500
1327	2066	5500
812	2113	5500
134	2728	5500
370	2302	5500
1869	2998	5600
933	2207	5600
1436	2062	5600
394	2164	5600
1585	2869	5600
717	2503	5600
1301	2992	5600
1714	2188	5600
602	2727	5600
166	2889	5600
1958	2520	5600
910	2843	5600
201	2014	5600
170	2196	5700
587	2421	5700
1596	2700	5700
1038	2555	5700
1151	2446	5700
1486	2666	5700
1526	2402	5700
1339	2589	5700
544	2626	5700
1580	2775	5700
1216	2249	5700
401	2432	5800
1968	2545	5800
1284	2462	5800
1856	2176	5800
850	2417	5800
1218	2799	5800
926	2171	5800
37	2975	5800
657	2889	5800
1605	2921	5800
742	2436	5800
1588	2895	5800
1775	2613	5900
672	2222	5900
73	2154	5900
616	2437	5900
1283	2649	5900
736	2946	5900
327	2004	5900
1335	2274	5900
1530	2528	5900
154	2770	6000
717	2836	6000
1092	2053	6000
582	2092	6000
838	2104	6000
454	2768	6000
147	2516	6000
1349	2615	6000
826	2450	6000
9	2815	6000
1459	2767	6000
572	2298	6000
1576	2818	6100
1111	2816	6100
1490	2276	6100
1087	2578	6100
908	2668	6100
1468	2285	6100
1805	2759	6100
421	2413	6100
1587	2911	6100
1247	2121	6100
325	2022	6100
1187	2809	6100
413	2375	6200
1971	2025	6200
1511	2816	6200
126	2330	6200
1876	2089	6200
1993	2617	6200
1293	2324	6200
463	2761	6200
600	2137	6300
1071	2389	6300
1388	2828	6300
802	2881	6300
422	2871	6300
84	2040	6300
1717	2786	6300
1863	2067	6300
164	2920	6400
1485	2342	6400
1597	2298	6400
1120	2243	6400
1170	2080	6400
1848	2141	6400
1206	2341	6400
82	2180	6400
916	2240	6400
766	2021	6400
1236	2117	6400
1012	2333	6400
865	2279	6400
539	2455	6400
1215	2732	6500
1173	2918	6500
462	2828	6500
348	2224	6500
1158	2578	6500
1600	2160	6500
339	2215	6500
17	2857	6500
1659	2320	6500
1764	2530	6500
1950	2691	6500
806	2518	6500
976	2840	6500
1951	2651	6600
804	2183	6600
1258	2668	6600
1437	2126	6600
107	2535	6600
985	2846	6600
169	2206	6600
653	2351	6600
978	2768	6600
1747	2202	6600
1840	2683	6700
1905	2278	6700
787	2147	6700
842	2744	6700
1668	2893	6700
471	2936	6700
114	2715	6700
758	2899	6700
1358	2135	6700
1440	2108	6800
1573	2432	6800
103	2833	6800
1825	2665	6800
1370	2243	6800
1217	2876	6800
1174	2514	6800
1222	2839	6800
194	2873	6800
780	2130	6800
1296	2772	6800
367	2672	6900
480	2710	6900
1449	2051	6900
325	2100	6900
1992	2461	6900
176	2548	6900
714	2170	6900
756	2158	7000
1455	2850	7000
1048	2357	7000
932	2635	7000
1118	2527	7000
279	2626	7000
147	2755	7000
826	2837	7000
1041	2968	7100
652	2645	7100
1193	2587	7100
1704	2624	7100
1289	2693	7100
475	2391	7100
1696	2058	7100
1209	2478	7200
974	2722	7200
1807	2316	7200
199	2126	7200
1545	2188	7200
667	2871	7200
1795	2352	7300
1677	2125	7300
1636	2594	7300
746	2752	7300
455	2947	7300
1377	2087	7300
545	2483	7300
1666	2707	7300
200	2745	7400
234	2207	7400
879	2262	7400
1769	2823	7400
653	2665	7400
505	2784	7400
1561	2591	7400
1529	2926	7400
1221	2648	7400
1078	2635	7400
224	2706	7400
1015	2994	7400
912	2548	7400
1963	2399	7500
477	2918	7500
903	2598	7500
1069	2070	7500
735	2378	7500
1027	2837	7500
1530	2895	7500
1913	2654	7500
409	2445	7500
396	2000	7600
697	2178	7600
889	2579	7600
293	2867	7600
1896	2563	7600
1616	2812	7600
775	2851	7700
1218	2420	7700
595	2428	7700
1421	2648	7700
1729	2103	7800
1049	2317	7800
87	2496	7800
1766	2423	7800
713	2724	7800
1317	2646	7800
8	2285	7800
1754	2713	7800
703	2892	7800
724	2270	7800
851	2250	7900
1235	2908	7900
51	2389	7900
1177	2498	7900
1930	2869	7900
1587	2065	7900
16	2241	7900
366	2630	7900
1858	2122	7900
291	2290	7900
120	2759	8000
1623	2270	8000
827	2104	8000
783	2359	8000
141	2597	8000
231	2809	8000
1523	2103	8100
850	2244	8100
1020	2388	8100
1940	2481	8100
525	2675	8100
69	2047	8100
1678	2427	8100
564	2114	8100
1092	2624	8100
806	2058	8100
1581	2680	8200
153	2844	8200
1701	2301	8200
1409	2037	8200
1186	2470	8200
138	2623	8200
1160	2917	8200
1362	2633	8200
261	2375	8200
807	2909	8300
908	2477	8300
418	2113	8300
486	2299	8300
750	2663	8300
1517	2761	8300
106	2736	8300
1485	2920	8400
462	2062	8400
1563	2442	8400
992	2656	8400
1170	2347	8400
41	2941	8400
1857	2628	8400
1013	2931	8500
160	2870	8500
142	2896	8500
1115	2209	8500
323	2713	8500
555	2180	8500
1099	2010	8500
1552	2300	8500
1697	2522	8600
966	2862	8600
215	2863	8600
438	2503	8600
993	2134	8600
603	2304	8600
811	2020	8600
190	2293	8600
825	2469	8700
1237	2024	8700
213	2873	8700
1762	2606	8700
1470	2700	8800
445	2095	8800
1231	2291	8800
744	2444	8800
1586	2920	8800
492	2262	8900
1463	2619	8900
1448	2843	8900
1960	2693	8900
661	2981	9000
841	2835	9000
247	2810	9000
1610	2952	9000
1851	2533	9000
118	2445	9000
1179	2308	9100
1033	2015	9100
1802	2316	9100
654	2900	9100
32	2028	9100
1050	2363	9100
1010	2361	9100
1522	2832	9100
1571	2583	9100
311	2818	9200
300	2756	9200
1622	2896	9200
96	2542	9200
1961	2540	9200
1720	2054	9200
863	2043	9200
1106	2784	9300
997	2691	9300
1859	2073	9400
877	2985	9400
1265	2214	9400
1930	2523	9400
1870	2749	9400
186	2552	9500
975	2543	9500
1765	2260	9500
833	2691	9500
895	2296	9500
1173	2772	9600
1142	2312	9600
449	2541	9600
99	2942	9600
1679	2601	9600
1730	2902	9600
829	2707	9600
593	2835	9700
626	2423	9700
431	2569	9700
1106	2470	9700
1163	2711	9700
133	2143	9700
1420	2551	9700
476	2184	9700
793	2157	9700
1801	2671	9700
574	2329	9700
359	2343	9800
1954	2970	9800
342	2183	9800
683	2551	9800
1526	2177	9800
612	2090	9800
951	2049	9800
1661	2719	9900
1378	2564	9900
1744	2677	9900
1314	2963	9900
979	2955	9900
1072	2891	9900
864	2761	9900
1137	2950	10000
1768	2421	10000
343	2309	10000
208	2799	10000
1220	2351	10000
42	2641	10000
1141	2500	10000
575	2822	10000
263	2050	10100
1797	2882	10100
700	2134	10100
1450	2857	10100
582	2891	10100
1720	2723	10100
1952	2643	10100
1546	2445	10100
340	2765	10200
179	2598	10200
642	2505	10200
558	2999	10200
646	2104	10200
832	2387	10200
620	2040	10200
531	2159	10200
1088	2595	10200
752	2760	10300
1945	2264	10300
1708	2168	10300
1690	2621	10300
221	2856	10300
1919	2976	10300
1714	2405	10300
871	2124	10300
1427	2908	10300
196	2131	10400
1991	2653	10400
1515	2483	10400
1414	2979	10500
1742	2647	10500
1935	2251	10500
344	2643	10500
1849	2769	10500
907	2483	10500
148	2667	10600
342	2949	10600
1053	2408	10600
113	2854	10600
53	2394	10600
1381	2063	10600
140	2463	10600
567	2017	10600
1428	2070	10700
1036	2047	10700
1731	2211	10700
450	2215	10700
1397	2933	10700
755	2542	10700
1154	2953	10700
162	2777	10700
962	2839	10700
329	2317	10800
1665	2144	10800
527	2486	10800
352	2596	10800
1910	2999	10800
1763	2500	10800
72	2550	10800
1571	2238	10800
840	2464	10900
410	2753	10900
1668	2946	10900
1847	2211	10900
792	2424	10900
1161	2486	10900
1834	2558	10900
400	2273	10900
1360	2382	10900
1059	2145	10900
1741	2132	10900
1770	2949	11000
209	2958	11000
759	2079	11000
689	2756	11100
1761	2311	11100
335	2114	11100
654	2776	11100
1823	2008	11100
1498	2415	11100
1964	2111	11200
1281	2494	11200
796	2816	11200
108	2579	11200
848	2266	11200
1271	2893	11200
1591	2507	11200
1895	2919	11200
275	2672	11300
1689	2745	11300
416	2216	11300
927	2814	11300
1634	2419	11300
1848	2580	11300
1877	2961	11300
1557	2753	11400
747	2379	11400
550	2044	11400
1133	2714	11400
712	2560	11400
1510	2811	11400
1987	2339	11400
360	2325	11400
90	2354	11400
740	2134	11400
405	2127	11400
1673	2358	11400
915	2054	11400
0	2964	11400
937	2679	11500
377	2285	11500
384	2049	11500
1663	2291	11500
1903	2542	11500
296	2108	11600
606	2731	11600
1490	2680	11600
601	2353	11600
259	2764	11600
236	2140	11600
178	2085	11600
202	2772	11600
840	2056	11700
1368	2541	11700
983	2845	11700
1310	2950	11800
1228	2389	11800
960	2976	11800
1373	2804	11800
217	2415	11800
285	2613	11900
355	2674	11900
564	2174	11900
919	2772	11900
647	2469	12000
1718	2494	12000
634	2286	12000
626	2874	12000
1510	2587	12000
703	2980	12000
510	2501	12000
173	2588	12100
1365	2083	12100
1975	2903	12100
17	2812	12100
977	2195	12100
1248	2899	12100
541	2011	12200
1556	2421	12200
132	2289	12200
732	2632	12200
1828	2286	12300
123	2190	12300
414	2783	12300
1339	2090	12300
1286	2185	12400
33	2751	12400
269	2283	12400
1538	2361	12400
941	2747	12500
1196	2467	12500
1063	2972	12500
624	2285	12500
18	2474	12500
1326	2014	12500
1621	2045	12500
189	2317	12600
24	2334	12600
663	2533	12600
1647	2967	12700
1131	2942	12700
1956	2133	12700
1219	2461	12700
452	2344	12700
1568	2111	12800
332	2581	12800
1620	2257	12800
1896	2972	12800
679	2582	12800
246	2529	12900
1691	2572	12900
1779	2829	12900
730	2942	12900
1652	2477	12900
236	2121	12900
823	2327	12900
1637	2940	12900
900	2891	12900
923	2692	12900
830	2576	13000
386	2380	13000
1837	2102	13000
1398	2797	13000
197	2644	13000
1961	2092	13000
1532	2284	13100
1710	2935	13100
280	2594	13100
1633	2746	13100
290	2845	13100
1190	2268	13200
1005	2438	13200
577	2739	13200
151	2050	13300
1646	2094	13300
790	2373	13300
70	2713	13300
412	2331	13300
670	2238	13300
125	2088	13300
328	2224	13400
1861	2244	13400
1735	2853	13400
1767	2283	13400
62	2878	13400
1471	2618	13500
1452	2814	13500
1791	2740	13500
1918	2773	13500
824	2107	13500
868	2905	13500
1460	2847	13600
1698	2114	13600
1879	2096	13600
1927	2439	13600
399	2076	13600
187	2864	13600
1285	2659	13700
396	2887	13700
966	2718	13700
318	2762	13700
1108	2988	13700
1502	2847	13700
522	2642	13700
254	2996	13700
592	2473	13700
1031	2659	13800
249	2882	13900
14	2804	13900
78	2280	13900
1938	2609	14000
1544	2334	14000
347	2150	14000
1674	2480	14000
119	2763	14000
444	2046	14000
1037	2350	14100
460	2390	14100
1056	2179	14100
1054	2305	14100
518	2952	14100
514	2931	14100
1321	2805	14100
421	2783	14100
1407	2093	14100
1653	2761	14100
281	2352	14200
1356	2929	14200
1271	2946	14200
1161	2943	14200
1660	2301	14200
6	2384	14200
61	2504	14200
692	2515	14300
1804	2646	14300
884	2599	14300
174	2139	14400
1203	2813	14400
1143	2019	14400
778	2956	14400
44	2445	14400
987	2010	14400
1878	2990	14500
579	2120	14500
971	2943	14500
514	2642	14500
84	2411	14500
725	2159	14500
1207	2425	14600
1613	2404	14600
650	2658	14600
1415	2401	14600
66	2696	14600
619	2874	14600
1101	2188	14600
1521	2692	14600
852	2774	14600
1274	2671	14600
223	2340	14700
1702	2593	14700
81	2777	14700
815	2947	14700
867	2793	14800
1772	2170	14800
93	2131	14800
694	2713	14800
70	2937	14800
1705	2361	14800
1784	2233	14800
331	2501	14800
1843	2010	14800
598	2215	14900
1324	2686	14900
834	2200	14900
461	2156	14900
1369	2938	14900
425	2906	14900
485	2841	15000
1513	2742	15000
47	2680	15000
469	2634	15000
1594	2921	15000
1697	2011	15100
1609	2645	15100
1612	2567	15100
1812	2787	15100
382	2797	15100
1875	2463	15100
209	2698	15100
1790	2061	15200
357	2991	15200
1917	2629	15200
1703	2453	15200
137	2612	15200
1970	2495	15200
1836	2289	15200
943	2911	15200
777	2843	15200
1981	2808	15200
1096	2769	15200
847	2123	15300
127	2047	15300
1907	2033	15300
1721	2718	15300
1478	2704	15300
828	2992	15300
546	2737	15300
685	2017	15300
1506	2247	15400
1942	2748	15400
1208	2941	15400
1259	2515	15400
1231	2525	15400
1251	2923	15400
1002	2059	15400
28	2091	15500
1272	2036	15500
869	2939	15500
198	2936	15500
1707	2539	15500
681	2516	15500
832	2026	15500
984	2218	15500
12	2531	15600
1014	2007	15600
1065	2770	15600
63	2167	15600
1823	2575	15600
526	2368	15600
1611	2654	15600
1548	2531	15700
245	2604	15700
1114	2134	15700
1901	2341	15800
324	2938	15800
35	2568	15800
295	2872	15900
798	2214	15900
969	2530	15900
1493	2877	15900
857	2129	15900
521	2546	15900
26	2675	16000
1910	2642	16000
874	2160	16000
1004	2905	16000
137	2655	16100
499	2810	16100
1307	2824	16100
968	2225	16100
1486	2911	16100
1695	2186	16100
655	2019	16100
1602	2866	16100
744	2501	16200
715	2765	16300
1693	2478	16300
330	2471	16300
97	2835	16300
312	2258	16300
1200	2979	16400
1111	2872	16400
1302	2073	16400
1324	2120	16400
39	2151	16400
1334	2759	16400
1747	2860	16400
248	2464	16400
1383	2717	16400
305	2930	16500
1023	2458	16500
1076	2728	16500
1372	2830	16500
1057	2510	16500
1883	2577	16500
1420	2633	16700
306	2585	16700
1658	2925	16700
261	2318	16800
1748	2675	16800
1109	2656	16800
1138	2376	16800
36	2720	16800
808	2724	16800
91	2829	16800
1416	2263	16900
1192	2420	16900
712	2696	16900
210	2303	16900
1737	2265	16900
1939	2778	16900
741	2238	16900
1820	2313	17000
195	2044	17000
519	2282	17000
482	2503	17000
419	2162	17000
880	2910	17000
1520	2147	17100
136	2057	17100
1435	2894	17100
1246	2551	17100
1157	2046	17100
1279	2460	17100
89	2732	17200
1207	2765	17300
916	2321	17300
686	2657	17300
1035	2137	17400
1181	2397	17400
688	2286	17400
426	2898	17400
1550	2624	17400
583	2306	17400
1383	2779	17400
942	2356	17500
206	2030	17500
440	2338	17500
619	2831	17500
351	2253	17500
1066	2762	17600
392	2458	17600
214	2427	17600
1588	2855	17600
759	2013	17600
1093	2360	17700
1780	2930	17700
365	2901	17700
1779	2194	17700
1855	2212	17700
1114	2741	17700
6	2127	17700
180	2061	17800
1219	2721	17800
1166	2852	17900
308	2548	17900
1540	2340	17900
1223	2326	18000
117	2857	18000
331	2562	18000
1957	2721	18000
1789	2863	18100
695	2309	18100
586	2067	18200
1926	2604	18200
751	2952	18200
1460	2213	18200
636	2000	18300
925	2535	18300
298	2895	18300
540	2276	18400
1191	2621	18400
550	2519	18400
4	2735	18400
1190	2027	18400
1855	2903	18400
485	2793	18500
1758	2978	18500
448	2679	18500
1857	2252	18500
1245	2958	18500
923	2324	18500
1619	2332	18500
1312	2449	18500
127	2128	18600
1142	2364	18600
266	2861	18600
1547	2310	18600
1883	2023	18600
1393	2430	18700
1250	2476	18700
661	2271	18700
1292	2162	18700
155	2458	18700
78	2348	18700
1937	2040	18700
1889	2031	18700
1864	2845	18700
644	2549	18700
506	2018	18800
728	2224	18800
649	2309	18800
95	2591	18800
1843	2583	18800
94	2944	18800
387	2752	18900
648	2641	18900
58	2088	18900
227	2006	18900
1809	2390	19000
503	2489	19000
873	2262	19000
900	2500	19000
1653	2315	19000
1413	2422	19100
1426	2069	19100
334	2232	19100
1850	2408	19100
1411	2857	19100
188	2096	19100
589	2393	19200
1478	2418	19200
1554	2240	19200
1494	2342	19300
1964	2144	19300
356	2435	19300
1301	2424	19300
533	2351	19300
557	2728	19300
644	2875	19400
559	2055	19400
1984	2241	19400
1052	2331	19400
1982	2006	19500
1451	2174	19500
50	2556	19500
819	2085	19500
1464	2877	19500
11	2934	19500
1959	2585	19500
749	2149	19500
508	2380	19600
1369	2331	19600
186	2204	19700
810	2497	19700
1245	2101	19700
1922	2184	19700
762	2602	19700
470	2254	19800
1432	2948	19800
1447	2329	19900
718	2390	20000
606	2738	20000
1644	2376	20000
1669	2607	20000
1514	2687	20000
569	2180	20000
1569	2771	20000
655	2599	20000
1546	2226	20000
1109	2678	20100
1321	2055	20100
1409	2612	20200
428	2616	20200
722	2320	20200
1630	2359	20200
1319	2592	20200
1083	2099	20300
1074	2067	20400
93	2012	20400
1953	2420	20400
1105	2963	20400
1973	2153	20400
472	2898	20500
1620	2002	20500
312	2119	20500
800	2100	20500
1244	2435	20600
116	2047	20600
1995	2160	20600
117	2156	20600
1224	2374	20600
976	2226	20600
343	2637	20700
575	2075	20700
1692	2039	20800
799	2962	20800
502	2236	20800
1018	2887	20900
1011	2802	20900
549	2214	20900
943	2666	20900
1172	2129	20900
1936	2679	21100
513	2856	21100
828	2211	21100
1769	2219	21100
819	2374	21100
1272	2212	21100
638	2072	21200
464	2375	21200
431	2431	21200
414	2413	21200
1483	2253	21200
338	2168	21300
1121	2339	21300
204	2224	21300
1977	2115	21300
965	2482	21300
1494	2766	21300
1815	2005	21300
1276	2034	21400
71	2225	21400
81	2969	21400
525	2915	21500
853	2254	21500
274	2194	21500
40	2824	21500
971	2811	21600
1594	2884	21600
1696	2368	21600
790	2851	21700
257	2754	21700
660	2987	21700
1996	2499	21700
1184	2604	21800
154	2084	21800
101	2190	21800
1625	2443	21800
577	2964	21800
1504	2397	21900
1287	2913	21900
1805	2109	21900
1458	2016	22000
1266	2196	22000
611	2225	22000
466	2135	22000
1788	2817	22100
1632	2782	22100
1131	2472	22100
182	2767	22100
48	2882	22200
1941	2003	22200
1811	2407	22200
1268	2346	22200
457	2836	22300
1189	2652	22300
466	2843	22300
987	2583	22300
1400	2562	22300
502	2218	22300
484	2018	22400
1136	2630	22400
172	2800	22500
798	2037	22500
1455	2978	22500
88	2803	22500
64	2166	22500
839	2028	22500
1488	2403	22500
1242	2717	22500
1099	2518	22500
1354	2091	22600
1792	2823	22600
1002	2726	22600
1537	2307	22800
679	2721	22800
314	2343	22900
1311	2246	22900
547	2663	22900
1414	2967	23000
701	2416	23000
621	2355	23000
1881	2544	23000
843	2611	23000
322	2183	23000
363	2055	23000
76	2314	23000
820	2707	23000
363	2805	23100
779	2736	23100
1047	2267	23200
26	2913	23200
318	2594	23200
1395	2513	23200
1973	2974	23200
206	2538	23300
698	2139	23300
191	2741	23300
1238	2169	23300
1679	2961	23300
1039	2048	23400
28	2379	23500
319	2266	23500
1841	2539	23500
770	2077	23500
1184	2338	23600
1512	2540	23600
1122	2536	23600
1484	2107	23700
1624	2023	23800
292	2377	23800
426	2733	23800
395	2797	23800
1338	2382	23800
1295	2781	23800
1826	2443	23800
1304	2685	23800
1473	2894	23900
381	2984	24000
1405	2565	24000
1920	2752	24000
424	2795	24000
1021	2151	24000
648	2374	24000
1051	2687	24000
776	2006	24000
49	2828	24100
1457	2189	24100
1376	2568	24100
1567	2043	24100
783	2533	24300
1952	2245	24300
456	2117	24300
255	2898	24400
1489	2714	24400
683	2633	24400
771	2095	24400
1650	2243	24500
1334	2820	24500
753	2177	24500
1396	2387	24500
1541	2377	24600
408	2678	24600
1492	2209	24600
304	2378	24700
1612	2787	24700
1676	2196	24800
98	2191	24800
341	2582	24800
1543	2385	24800
1881	2048	24900
1430	2626	24900
591	2058	24900
47	2276	25000
428	2711	25000
793	2403	25000
1476	2613	25100
728	2316	25100
1135	2084	25100
1524	2440	25200
1148	2804	25200
870	2859	25300
985	2203	25300
1469	2459	25300
1624	2144	25400
1729	2970	25400
922	2070	25400
809	2503	25400
1323	2516	25400
1712	2086	25500
540	2222	25600
1908	2701	25600
1435	2620	25600
1559	2624	25600
1553	2795	25600
647	2277	25700
691	2876	25700
649	2637	25800
422	2711	25800
1442	2660	25900
483	2039	25900
273	2639	25900
63	2744	26000
576	2611	26000
503	2163	26000
479	2806	26000
1985	2227	26100
432	2688	26100
841	2078	26200
1926	2396	26200
765	2326	26200
1911	2239	26200
1247	2380	26200
1553	2345	26200
1382	2179	26300
326	2137	26300
1771	2552	26300
875	2398	26300
366	2112	26300
633	2736	26300
986	2238	26400
271	2534	26500
1742	2070	26500
238	2057	26500
931	2208	26500
1733	2374	26500
1000	2849	26600
116	2353	26600
938	2423	26600
936	2631	26600
856	2956	26600
397	2966	26700
1838	2690	26800
1127	2988	26800
791	2340	26800
859	2108	26900
1811	2450	26900
149	2305	27000
879	2254	27000
378	2095	27000
34	2617	27100
496	2279	27100
1955	2673	27200
709	2146	27200
264	2364	27300
637	2210	27300
1629	2199	27400
144	2368	27400
871	2416	27500
301	2073	27500
1924	2553	27500
684	2989	27600
297	2125	27700
1773	2136	27700
361	2269	27700
1847	2992	27800
1659	2109	27800
181	2877	27800
1214	2990	27900
1568	2039	27900
529	2838	27900
1699	2493	28000
1474	2570	28000
1503	2077	28000
1476	2732	28100
1197	2849	28100
1739	2166	28100
1876	2161	28200
56	2183	28200
488	2429	28200
170	2406	28300
409	2315	28300
1030	2365	28400
1974	2914	28500
1888	2576	28500
1239	2031	28500
1164	2960	28500
1060	2989	28600
1168	2644	28600
625	2662	28600
322	2870	28700
1972	2594	28700
656	2659	28800
508	2783	28800
1666	2657	28800
761	2139	28900
604	2556	29000
408	2310	29100
1638	2010	29100
123	2762	29200
1432	2416	29200
1730	2864	29300
1626	2660	29300
270	2933	29300
121	2395	29300
1237	2270	29400
638	2372	29500
1578	2432	29500
1180	2099	29500
896	2294	29500
440	2604	29600
1892	2790	29600
1722	2909	29600
1671	2882	29700
1532	2269	29700
1075	2091	29700
1349	2302	29700
15	2880	29700
1412	2438	29700
124	2954	29700
1253	2366	29700
640	2559	29800
252	2191	29800
730	2472	29800
157	2580	29900
929	2239	29900
1904	2146	29900
252	2915	30000
949	2856	30000
1527	2703	30000
216	2355	30100
1399	2901	30100
289	2658	30200
1153	2789	30200
1057	2702	30200
1988	2868	30300
858	2288	30400
765	2089	30500
1467	2974	30500
1200	2967	30600
1168	2210	30600
862	2712	30600
248	2344	30600
1049	2951	30700
1087	2220	30700
119	2484	30700
143	2200	30700
1431	2758	30700
1282	2011	30800
1680	2684	30800
1606	2692	30900
920	2410	31000
1270	2248	31000
1535	2981	31000
921	2928	31000
1364	2028	31000
1028	2292	31000
1818	2877	31000
716	2412	31100
786	2115	31100
478	2027	31200
739	2353	31300
938	2477	31300
1816	2323	31300
1403	2154	31400
55	2984	31400
892	2084	31400
883	2044	31500
256	2102	31500
706	2259	31600
520	2887	31700
948	2555	31700
452	2259	31700
1830	2972	31800
763	2832	31800
1504	2383	31900
535	2229	31900
1574	2924	31900
1444	2687	31900
1379	2402	32000
1592	2730	32100
315	2710	32100
1220	2394	32100
933	2554	32200
1577	2569	32200
258	2220	32200
1638	2583	32200
1627	2436	32200
254	2200	32300
1819	2923	32400
257	2851	32400
1756	2801	32400
1927	2197	32400
100	2637	32500
168	2236	32500
1481	2447	32500
73	2349	32600
623	2560	32600
1716	2649	32600
1346	2912	32600
402	2820	32700
1986	2311	32800
169	2370	32800
18	2119	32800
112	2403	32800
1683	2510	32800
642	2001	32900
1689	2559	33000
578	2686	33000
1451	2440	33000
835	2507	33000
1554	2321	33000
46	2786	33100
1336	2801	33200
552	2850	33300
553	2131	33300
1121	2897	33300
1394	2640	33300
1636	2762	33300
402	2590	33300
1019	2797	33300
162	2819	33300
701	2124	33300
601	2573	33400
932	2653	33400
263	2419	33500
1302	2506	33500
876	2795	33500
789	2650	33500
924	2105	33600
1329	2627	33700
481	2567	33700
675	2699	33700
1615	2333	33700
97	2078	33800
1132	2163	33800
1549	2404	33800
82	2956	33800
1933	2233	33800
1545	2574	33900
392	2120	33900
1956	2411	33900
1788	2465	34000
1046	2756	34000
225	2199	34000
1298	2890	34000
1171	2801	34100
362	2276	34200
430	2927	34200
1482	2434	34200
1104	2186	34300
237	2662	34300
1942	2907	34400
1176	2176	34400
711	2380	34400
1870	2258	34400
1601	2708	34400
1423	2693	34400
1968	2929	34500
835	2441	34500
2	2925	34600
1669	2695	34800
934	2768	34800
1472	2725	34900
1232	2142	34900
810	2203	35000
1813	2275	35100
795	2441	35100
1695	2400	35100
1326	2482	35100
1209	2148	35200
1166	2767	35200
1267	2554	35300
1708	2609	35300
369	2117	35300
383	2999	35500
1707	2858	35500
1341	2521	35600
699	2728	35700
1582	2748	35800
1063	2551	35800
1128	2795	35800
504	2638	36000
1580	2158	36100
782	2563	36100
945	2793	36200
292	2517	36200
755	2193	36200
1944	2863	36300
1934	2569	36300
992	2376	36300
1732	2186	36300
1559	2022	36500
1159	2252	36600
586	2062	36700
1566	2389	36800
618	2673	36800
909	2265	36800
1156	2691	36800
188	2381	36900
693	2052	37200
989	2586	37200
643	2208	37200
1322	2306	37200
303	2707	37200
377	2558	37300
1905	2959	37400
885	2339	37400
1116	2670	37400
1343	2888	37400
1664	2462	37500
1774	2722	37500
669	2480	37500
774	2207	37500
1162	2950	37600
1182	2848	37600
458	2904	37600
1123	2363	37600
797	2719	37700
1635	2226	37700
593	2078	37900
1549	2120	37900
1265	2143	38000
1260	2357	38100
530	2776	38100
276	2184	38100
38	2639	38300
1575	2199	38400
1979	2303	38600
865	2386	38600
991	2833	38700
264	2803	38700
517	2826	38700
846	2148	38800
486	2245	38800
1150	2045	38800
1998	2746	38900
74	2212	38900
562	2212	39000
906	2517	39100
553	2981	39200
321	2344	39200
674	2487	39300
1362	2272	39300
1331	2320	39300
357	2228	39400
702	2907	39400
1182	2216	39500
808	2647	39500
1246	2633	39500
566	2136	39500
161	2079	39500
727	2328	39600
446	2552	39600
1009	2096	39600
278	2241	39600
852	2886	39600
866	2810	39800
1053	2764	39800
878	2140	39900
867	2128	40000
842	2167	40000
258	2642	40000
1017	2470	40000
444	2145	40000
1893	2076	40000
1350	2313	40100
1934	2431	40100
286	2539	40100
1781	2485	40100
1291	2417	40200
851	2562	40200
715	2425	40300
1632	2879	40300
1804	2477	40300
205	2930	40400
1917	2673	40400
1662	2175	40400
1578	2045	40500
1052	2638	40500
713	2424	40600
1313	2412	40600
31	2511	40600
481	2574	40600
1059	2778	40700
1405	2204	40800
5	2579	40800
1590	2459	40800
729	2998	40900
443	2270	40900
876	2870	41000
1854	2125	41100
1827	2566	41100
192	2008	41100
1513	2042	41200
636	2700	41200
1608	2827	41200
784	2969	41200
651	2110	41200
1796	2083	41300
1970	2091	41500
373	2512	41500
1297	2341	41500
1694	2217	41500
1275	2564	41700
769	2208	41700
1715	2302	41700
1080	2280	41700
1806	2706	41800
894	2402	41800
1997	2210	42000
578	2163	42100
376	2634	42100
389	2593	42200
1491	2020	42200
1755	2809	42300
1931	2428	42400
159	2343	42500
600	2722	42500
1837	2474	42500
902	2811	42600
1928	2705	42600
220	2682	42700
1979	2506	42800
1437	2282	42800
1900	2400	42800
347	2083	43000
1989	2085	43000
1929	2169	43000
1842	2206	43100
1317	2652	43100
1953	2288	43200
1949	2242	43200
1527	2310	43300
1499	2891	43300
1331	2193	43500
1125	2868	43500
216	2235	43600
629	2710	43600
928	2484	43700
617	2911	43700
622	2739	43700
1150	2612	43900
1955	2007	43900
613	2518	44000
1643	2674	44000
1294	2125	44100
272	2328	44100
1542	2203	44100
349	2433	44200
1791	2486	44200
1772	2067	44300
782	2972	44300
140	2405	44300
350	2638	44400
509	2407	44500
195	2519	44600
148	2788	44700
1850	2694	44700
1469	2013	44700
1741	2821	44700
229	2369	44800
820	2145	44800
159	2103	44900
25	2045	44900
1760	2204	44900
937	2152	45000
1138	2470	45200
1799	2001	45300
19	2127	45300
1075	2312	45500
1072	2092	45500
54	2311	45600
595	2133	45600
488	2627	45700
191	2511	45700
1294	2566	45800
745	2223	45800
624	2157	45800
249	2807	45900
1882	2032	45900
448	2544	46000
112	2180	46000
917	2947	46100
1341	2454	46200
1670	2443	46200
240	2905	46200
407	2758	46200
1597	2455	46300
1674	2451	46300
1213	2701	46400
1470	2000	46400
336	2154	46400
288	2813	46400
754	2996	46400
899	2990	46500
795	2254	46500
9	2430	46500
1654	2444	46500
512	2614	46500
946	2859	46600
607	2184	46600
1733	2291	46700
177	2135	46700
534	2377	46800
1426	2883	46900
1976	2628	46900
167	2575	46900
1264	2350	47000
1479	2440	47000
982	2789	47000
893	2290	47000
250	2966	47200
1024	2140	47300
413	2318	47400
1153	2165	47500
1581	2949	47600
1445	2495	47600
1798	2171	47600
231	2602	47600
1288	2005	47600
1229	2848	47700
621	2235	47700
1792	2219	47700
639	2159	47700
1598	2178	47900
1368	2155	47900
1439	2507	47900
1039	2319	47900
1794	2439	47900
719	2705	48000
1743	2236	48000
320	2998	48100
94	2189	48100
1263	2152	48100
1008	2987	48200
763	2993	48200
22	2378	48200
517	2955	48200
491	2437	48300
696	2351	48300
1884	2922	48400
924	2305	48400
1667	2547	48500
1037	2518	48600
1757	2016	48600
1186	2038	48600
1709	2868	48600
1316	2672	48700
775	2179	48700
362	2897	48700
386	2398	48700
1473	2620	48800
1210	2652	48800
1251	2295	49200
888	2614	49200
280	2066	49200
677	2780	49200
1425	2069	49300
450	2924	49300
1152	2407	49300
479	2790	49300
341	2461	49500
104	2849	49800
552	2978	49800
1987	2105	49800
1944	2030	49800
1487	2778	49800
1722	2061	49800
287	2063	50000
10	2618	50000
1748	2462	50100
243	2204	50200
520	2396	50200
590	2066	50400
353	2024	50400
1018	2034	50500
897	2720	50500
1465	2206	50500
1535	2349	50600
968	2118	50600
1774	2137	50700
667	2272	50700
1325	2667	50800
87	2068	50800
233	2987	50800
545	2971	50900
1367	2745	50900
1563	2089	51000
1330	2041	51000
856	2407	51000
1645	2934	51000
359	2284	51100
311	2278	51100
398	2630	51100
20	2919	51100
754	2314	51200
858	2481	51300
364	2417	51300
1860	2393	51400
1263	2498	51400
855	2895	51400
523	2526	51500
1178	2951	51600
293	2074	51600
458	2756	51600
326	2907	51700
1456	2185	51700
951	2345	51700
1593	2042	51800
1	2178	51800
1327	2234	51800
799	2912	51800
1965	2497	51900
1436	2828	52000
1040	2543	52000
178	2458	52000
1852	2768	52000
894	2177	52000
1461	2545	52100
1560	2196	52100
1022	2927	52100
904	2429	52200
920	2731	52300
232	2939	52300
1164	2032	52300
371	2097	52400
1255	2678	52500
656	2883	52600
1644	2038	52600
1433	2982	52600
1889	2600	52600
1634	2760	52700
1254	2541	52700
1824	2053	52700
1020	2748	52800
69	2141	52900
1508	2557	52900
685	2775	52900
963	2559	53000
1785	2963	53000
618	2629	53100
568	2596	53100
1825	2074	53300
151	2419	53400
1936	2152	53600
500	2749	53600
465	2444	53600
1077	2048	53700
445	2162	53700
1975	2937	53700
1238	2932	53700
267	2241	53700
1882	2029	53700
197	2210	53800
10	2342	53800
356	2649	53900
66	2862	53900
220	2546	54000
1596	2000	54000
1475	2823	54200
192	2575	54200
1406	2018	54300
176	2994	54300
519	2035	54400
560	2807	54600
334	2613	54600
1155	2264	54600
1146	2031	54600
542	2986	54700
253	2939	54800
1765	2520	54800
1354	2495	54900
1966	2574	54900
566	2036	54900
111	2964	55100
513	2735	55100
1564	2842	55200
1593	2842	55300
1370	2521	55300
1353	2232	55400
616	2927	55400
470	2507	55400
1633	2242	55400
1062	2998	55500
1802	2497	55500
475	2153	55700
660	2412	55800
669	2859	55900
1015	2124	55900
1635	2840	56000
1647	2061	56100
608	2667	56100
483	2057	56100
792	2354	56100
467	2267	56200
1167	2469	56200
1672	2495	56300
1661	2221	56400
877	2954	56400
720	2461	56400
1303	2479	56500
1466	2314	56500
71	2118	56600
19	2384	56700
401	2422	56800
1446	2464	56800
1739	2829	56800
1421	2381	56800
1304	2332	56800
307	2689	56800
1884	2108	56900
433	2928	56900
46	2819	56900
581	2191	57000
570	2578	57000
1604	2571	57000
1589	2786	57000
77	2379	57100
91	2619	57100
340	2971	57200
589	2785	57200
64	2936	57300
681	2786	57300
1920	2870	57400
766	2819	57400
830	2328	57500
1288	2315	57500
680	2958	57600
1058	2577	57600
128	2089	57700
1424	2530	57700
1836	2773	57800
1240	2956	57800
678	2880	57800
372	2386	57800
1518	2622	57800
1536	2861	57900
818	2526	57900
1361	2117	57900
496	2386	58000
135	2258	58100
1	2208	58200
990	2465	58200
239	2809	58200
234	2733	58300
417	2356	58400
623	2764	58400
338	2753	58600
1357	2826	58600
289	2370	58700
786	2685	58700
516	2803	58900
936	2826	58900
358	2130	58900
1290	2717	58900
1501	2962	59000
30	2975	59000
1305	2755	59000
1974	2859	59100
391	2576	59100
948	2028	59100
90	2140	59200
1751	2570	59200
59	2987	59300
534	2982	59300
1365	2965	59300
794	2483	59400
1713	2318	59400
1886	2971	59400
548	2697	59400
1701	2267	59500
737	2343	59600
1389	2319	59600
42	2600	59600
1948	2716	59700
198	2166	59700
975	2101	59700
136	2524	59800
911	2154	59800
584	2621	59800
741	2636	59800
218	2298	59900
459	2513	59900
1698	2127	59900
1895	2705	59900
1336	2115	60000
86	2826	60100
978	2169	60200
296	2922	60300
1395	2887	60300
1029	2080	60400
1721	2827	60600
241	2053	60600
803	2496	60700
952	2356	60700
1102	2392	60800
1007	2526	60800
1830	2926	60900
1537	2488	60900
1984	2525	61100
1014	2297	61200
1996	2336	61200
114	2536	61300
563	2012	61400
295	2016	61400
1124	2696	61400
1188	2720	61400
467	2667	61500
1671	2722	61500
1787	2307	61500
1347	2101	61600
80	2590	61600
1728	2454	61600
579	2404	61700
1967	2151	61700
239	2766	61700
327	2648	61800
1333	2156	61800
1862	2793	61900
1616	2572	62000
1686	2402	62000
1158	2827	62100
268	2301	62100
1038	2239	62100
235	2274	62100
784	2490	62200
1249	2578	62300
1366	2267	62400
1404	2159	62400
1807	2139	62500
1547	2326	62500
1214	2557	62600
203	2490	62600
543	2144	62700
1919	2803	62700
1406	2872	62900
1796	2912	62900
180	2864	63000
1921	2651	63000
1565	2185	63000
1306	2378	63000
228	2372	63100
406	2798	63100
1090	2462	63100
447	2620	63100
330	2147	63100
989	2228	63200
1013	2398	63200
492	2670	63200
196	2012	63300
749	2880	63300
672	2284	63400
1943	2753	63400
1607	2894	63400
1384	2537	63400
643	2564	63500
1915	2881	63500
305	2784	63600
379	2273	63600
437	2749	63600
641	2818	63800
1068	2163	63900
569	2975	64000
815	2414	64100
302	2300	64200
735	2097	64200
1144	2932	64200
313	2639	64300
1980	2012	64400
726	2553	64400
1684	2087	64400
215	2401	64500
1656	2606	64600
1264	2299	64600
1212	2355	64600
528	2106	64600
165	2182	64600
1438	2607	64600
1487	2245	64600
1885	2449	64600
608	2788	64700
1069	2678	64700
964	2555	64700
901	2920	64900
298	2528	65000
317	2161	65100
663	2681	65100
919	2854	65300
695	2637	65300
1078	2653	65300
139	2725	65300
160	2451	65400
1160	2988	65500
181	2346	65500
930	2801	65500
625	2919	65500
1174	2273	65600
1217	2648	65600
1854	2248	65800
416	2848	65800
960	2552	65800
1536	2472	65800
4	2175	65900
1468	2327	65900
1082	2080	66100
339	2924	66100
1914	2886	66100
1718	2201	66400
1098	2928	66400
297	2645	66500
1274	2081	66500
388	2069	66600
997	2360	66700
1306	2363	66700
565	2717	66900
1228	2198	66900
691	2727	66900
970	2957	67000
1775	2660	67000
387	2442	67000
774	2554	67100
449	2683	67100
1126	2605	67100
615	2232	67200
1373	2129	67200
1130	2172	67300
1280	2473	67300
1888	2945	67400
1787	2488	67600
1810	2359	67600
829	2954	67800
67	2173	67900
1799	2505	67900
677	2005	67900
1112	2944	68000
1071	2198	68100
1516	2910	68100
226	2293	68200
498	2897	68200
1595	2847	68200
40	2543	68200
1159	2628	68200
1062	2372	68300
1193	2865	68400
1320	2388	68500
1860	2235	68600
56	2442	68600
355	2303	68600
15	2149	68700
954	2937	68800
1351	2255	68800
1413	2645	68900
941	2943	68900
1924	2716	68900
361	2284	69000
1108	2917	69000
370	2608	69000
1933	2876	69100
1278	2660	69200
1681	2701	69200
1592	2865	69200
1260	2912	69300
1912	2619	69300
1025	2504	69300
1789	2035	69400
1726	2699	69400
1614	2279	69400
1185	2724	69500
329	2716	69700
130	2635	69700
177	2693	69900
929	2696	70000
153	2655	70100
1650	2227	70100
1898	2540	70100
1391	2453	70200
805	2549	70300
1135	2658	70300
1428	2214	70300
1340	2610	70300
833	2657	70400
824	2255	70400
67	2757	70500
1753	2441	70500
323	2933	70600
1809	2098	70700
1761	2330	70900
317	2480	70900
72	2014	70900
1399	2980	71000
788	2646	71000
1199	2051	71000
95	2881	71100
892	2467	71100
1401	2835	71200
253	2322	71200
451	2919	71200
1818	2776	71600
1439	2513	71600
538	2422	71700
704	2902	71700
907	2971	71800
1564	2802	71800
1479	2498	71800
1438	2149	71900
1814	2447	71900
1523	2864	72000
1276	2532	72100
489	2937	72100
905	2682	72100
1325	2479	72200
1757	2872	72200
1828	2364	72200
1967	2515	72200
1764	2429	72300
1918	2337	72300
692	2418	72300
696	2631	72400
1041	2221	72500
979	2065	72500
1082	2347	72600
1777	2097	72600
1195	2526	72700
134	2382	72800
634	2848	72900
861	2915	72900
1419	2546	72900
403	2248	73000
693	2564	73000
1520	2471	73000
1833	2231	73000
1878	2557	73100
1461	2929	73200
472	2354	73200
998	2428	73300
1261	2554	73400
1759	2587	73400
1098	2217	73400
1244	2468	73400
1639	2205	73400
83	2129	73400
1687	2068	73500
1453	2253	73500
1852	2233	73500
533	2724	73600
777	2323	73700
1070	2708	73700
1376	2493	73800
869	2703	73800
1993	2053	73800
1352	2523	73900
1538	2136	73900
1565	2078	74000
443	2024	74000
16	2333	74000
152	2605	74000
670	2360	74100
927	2143	74100
110	2429	74200
1137	2393	74300
1192	2002	74300
1812	2567	74300
1898	2880	74300
61	2182	74700
1393	2948	74900
1626	2732	74900
719	2824	74900
1353	2375	75000
1767	2225	75100
1464	2980	75200
1773	2725	75200
507	2391	75200
1782	2674	75300
80	2510	75400
229	2414	75400
1901	2858	75500
1808	2941	75600
659	2681	75600
945	2372	75700
1856	2560	75700
1472	2274	75700
460	2098	76000
390	2272	76000
183	2852	76000
482	2099	76100
202	2918	76100
1754	2903	76100
101	2335	76100
1110	2360	76200
1275	2052	76200
874	2900	76300
145	2996	76300
723	2661	76300
641	2278	76400
105	2101	76500
551	2847	76600
956	2569	76600
1646	2150	76700
497	2228	76700
1605	2884	76800
171	2723	76900
825	2277	76900
1820	2545	76900
1897	2007	77000
418	2463	77000
1029	2347	77100
925	2611	77100
1229	2216	77200
145	2200	77200
44	2818	77500
1022	2817	77600
1070	2697	77600
787	2471	77700
398	2112	77800
1637	2986	77800
1557	2492	77900
822	2391	77900
1983	2871	78000
668	2957	78100
1079	2494	78100
235	2362	78200
1047	2357	78300
751	2942	78300
817	2833	78400
380	2234	78400
574	2993	78400
610	2658	78500
541	2522	78600
1692	2035	78600
1206	2252	78600
955	2138	78600
423	2153	78800
912	2715	78900
436	2598	79000
1859	2844	79100
1221	2082	79200
1806	2346	79300
694	2933	79700
266	2588	79700
1382	2573	79900
1551	2807	79900
1642	2296	79900
1480	2730	80200
1879	2858	80200
1268	2706	80200
193	2335	80300
1892	2359	80400
1314	2917	80500
1749	2725	80500
1660	2776	80600
1042	2193	80600
1909	2866	80800
1337	2259	80800
1752	2918	81000
1036	2573	81100
115	2489	81200
1506	2817	81200
1521	2324	81200
1745	2349	81300
1442	2833	81400
817	2098	81500
1091	2018	81700
1201	2216	81700
1055	2598	81800
420	2352	81900
424	2520	82000
146	2255	82000
1642	2490	82000
1259	2588	82100
1762	2873	82300
748	2736	82300
132	2773	82400
1332	2805	82400
1085	2766	82400
886	2209	82500
29	2005	82500
211	2545	82700
1378	2535	82800
383	2327	82900
849	2485	82900
551	2213	83200
1947	2773	83200
743	2619	83400
1262	2791	83400
490	2522	83500
251	2821	83500
914	2279	83600
1783	2223	83700
845	2884	83700
529	2382	83700
1386	2534	83800
1462	2281	84000
487	2616	84100
1902	2652	84100
1482	2855	84100
437	2036	84200
1239	2605	84200
1726	2367	84400
417	2726	84600
785	2730	84700
219	2030	84700
432	2980	84700
1914	2774	84700
1651	2839	84800
662	2614	84900
350	2064	85300
864	2622	85300
1329	2301	85400
185	2062	85400
1003	2549	85500
222	2454	85600
463	2964	85600
1618	2709	85700
113	2275	85800
212	2825	85900
521	2682	86100
1398	2527	86200
734	2492	86400
1603	2765	86500
346	2781	86500
1614	2041	86500
1187	2618	86600
1073	2697	86600
1360	2358	86700
609	2136	86700
859	2922	86800
308	2715	86800
92	2587	87000
958	2947	87000
935	2718	87100
1134	2838	87100
592	2622	87100
573	2023	87200
1780	2529	87300
1189	2709	87300
709	2401	87500
1688	2172	87500
1112	2189	87700
761	2316	87700
32	2555	87900
994	2404	88000
273	2959	88100
731	2672	88100
706	2058	88300
1603	2923	88400
1867	2990	88400
98	2913	88400
1133	2409	88500
556	2908	88800
536	2162	89000
1725	2218	89300
650	2370	89400
208	2640	89500
1900	2935	89600
1539	2171	89600
1866	2170	89700
1471	2342	89800
378	2305	89900
1871	2886	89900
863	2915	90000
38	2906	90000
1364	2151	90000
1347	2868	90100
1512	2369	90500
880	2861	90600
1997	2274	90700
723	2767	90700
118	2315	90800
565	2779	90900
1466	2600	91000
1509	2488	91300
1723	2371	91300
384	2384	91500
1211	2760	91700
187	2103	91700
500	2119	91700
346	2112	91700
314	2875	92000
791	2606	92100
1573	2248	92100
1803	2076	92200
922	2354	92300
60	2004	92400
1585	2523	92400
48	2308	92500
1615	2475	92700
1282	2522	92900
1152	2974	93200
320	2308	93300
953	2403	93500
665	2073	93800
1202	2973	93800
753	2781	93800
524	2247	94100
1946	2205	94400
1694	2423	94600
780	2029	94600
1657	2334	94700
1215	2676	94900
981	2585	95300
1867	2621	95500
1134	2616	95700
756	2775	95800
1667	2296	95900
1591	2004	96000
1691	2003	96000
1346	2962	96100
1776	2465	96200
1129	2110	96500
213	2739	96600
1743	2229	96600
729	2308	96700
689	2105	96900
1374	2260	96900
1120	2227	97100
1074	2683	97200
1441	2698	97300
969	2813	97700
232	2394	97700
1066	2065	97800
1102	2850	97900
1841	2115	98200
934	2601	98300
1800	2192	98300
1785	2338	98500
1890	2093	99000
758	2702	99400
750	2300	99700
1358	2367	99700
352	2661	99700
568	2408	99800
287	2433	100000
1569	2589	100000
1415	2419	100100
882	2165	100100
1118	2415	100400
490	2011	100600
1931	2133	100900
872	2199	101200
302	2663	101400
1429	2035	101700
510	2905	101700
1389	2476	101800
1139	2695	101800
1447	2255	101900
461	2405	102300
164	2158	102400
705	2328	102600
1683	2702	103000
1610	2408	103300
1363	2962	103900
51	2198	103900
846	2244	103900
189	2479	104100
410	2492	104200
3	2794	104300
1873	2869	104300
1083	2553	104400
1025	2095	104400
1330	2635	104400
680	2698	104500
1516	2941	104500
1834	2489	104600
1410	2299	104700
771	2323	104700
1144	2805	104700
271	2669	104800
1397	2205	104800
512	2676	105200
1969	2852	105400
1675	2521	105800
1104	2953	105800
1838	2320	105900
1851	2681	105900
367	2524	106000
477	2729	106100
1606	2825	106100
1319	2077	106200
1786	2475	106300
1381	2792	106500
1886	2057	106600
285	2002	107000
283	2201	107300
700	2671	107300
1584	2043	107400
1367	2300	107600
1544	2222	107700
697	2951	107900
772	2338	108200
124	2985	108300
469	2738	108300
721	2960	108300
889	2467	108400
75	2935	108600
1957	2475	109100
183	2280	109200
207	2499	109500
353	2327	109700
959	2780	110100
171	2909	110300
1985	2730	110500
260	2460	110500
785	2965	110900
1293	2505	111000
182	2910	111600
96	2193	111800
984	2561	112000
1233	2275	112000
163	2385	112200
1197	2150	112300
816	2626	112400
1529	2646	112700
303	2906	113000
796	2549	113200
1250	2319	113300
1343	2934	113900
1685	2796	114100
710	2616	114100
1169	2563	114400
34	2022	114500
1067	2800	114800
1042	2542	115000
286	2755	115000
62	2385	115300
1427	2172	115300
1962	2513	116600
5	2572	116600
1583	2087	116800
1307	2440	116900
1909	2145	116900
1021	2861	117000
372	2537	117000
425	2780	117000
1290	2779	117100
1242	2779	117300
1885	2840	117700
161	2525	117900
580	2428	118100
1342	2641	118200
1199	2049	118400
860	2904	118500
993	2823	118500
337	2589	118700
270	2075	118800
1781	2791	119200
348	2068	119300
1266	2406	119300
29	2636	119700
1801	2463	119800
1503	2592	119900
1352	2869	120200
1590	2687	120300
1130	2904	120600
1286	2213	120700
708	2476	121500
1076	2820	121500
714	2397	121600
1348	2695	121600
57	2446	123100
1380	2712	123500
1863	2410	124100
603	2436	124200
1630	2806	124700
1832	2072	124900
1681	2574	125100
1803	2415	125300
1723	2894	127000
1424	2892	127700
1222	2834	127900
1422	2974	128100
1322	2499	128400
121	2822	128500
1972	2711	128900
1740	2446	129200
1808	2787	129300
1945	2968	129400
1477	2490	129600
962	2508	129800
1183	2502	129900
955	2293	130000
1552	2006	130600
250	2666	130700
1497	2953	131200
1390	2409	131300
1925	2719	131400
1408	2453	131500
1125	2395	131700
548	2582	131700
585	2832	131800
1445	2297	132000
1337	2659	132100
1706	2610	132100
1273	2071	132200
1753	2885	132300
557	2256	132400
781	2133	132700
572	2399	133100
1866	2770	133100
1712	2608	133300
218	2455	133700
1981	2124	133700
1299	2850	134300
733	2944	134500
242	2033	134900
1107	2719	135300
1226	2695	135300
1686	2750	135400
939	2790	135600
1280	2226	135800
1178	2399	135800
1086	2822	135800
1032	2230	135900
939	2806	136300
1404	2638	136400
1946	2712	136500
1877	2601	136700
544	2090	137100
1492	2107	137200
433	2982	137300
1631	2174	138800
587	2286	139100
585	2149	139100
1732	2893	139200
1844	2871	139200
959	2890	139200
1100	2072	139500
272	2538	139500
411	2800	140000
395	2679	140000
291	2138	140100
980	2475	140300
1073	2582	140600
1570	2509	140700
1579	2246	140800
1727	2467	140900
1234	2280	141600
854	2072	141700
505	2038	141800
1827	2744	142200
1203	2395	142500
1009	2699	142700
1555	2257	143200
506	2656	143500
376	2796	143900
1994	2304	145500
1089	2832	145800
108	2003	146500
1864	2386	146600
546	2001	146700
1740	2292	146800
1449	2049	146800
526	2643	147300
999	2051	147400
354	2295	147500
201	2482	147500
1345	2764	147800
980	2608	147800
288	2100	148300
43	2299	148600
1371	2649	148600
269	2741	148800
837	2106	149400
804	2268	150100
85	2256	150200
1810	2607	150600
1456	2836	151000
748	2531	151100
1819	2235	151200
1483	2384	152400
986	2444	153200
1248	2171	153200
1097	2119	153300
1155	2968	153400
1392	2447	153700
813	2063	155200
233	2916	155500
614	2168	155900
1989	2630	156500
952	2726	156600
1425	2560	156700
1969	2456	157100
226	2138	158300
146	2452	158400
967	2769	158400
1005	2362	158700
1064	2054	159300
473	2618	159600
884	2019	159700
265	2042	159800
860	2172	160000
961	2281	160100
456	2304	160200
1127	2100	160300
495	2787	160400
890	2853	160400
1628	2985	160500
721	2032	160800
1518	2466	161000
404	2977	161200
957	2796	162200
1507	2014	162400
1040	2452	162800
1412	2362	163400
1465	2997	164000
1457	2944	165000
104	2878	165300
811	2123	165400
1204	2528	166900
1656	2479	167700
779	2851	168100
109	2246	169800
1227	2968	170300
1012	2046	170600
1418	2268	171300
393	2934	171900
999	2684	172700
1755	2643	173700
1298	2502	174600
1213	2289	174800
1641	2116	174800
1344	2505	175900
1204	2019	177200
1351	2329	177500
1328	2515	177700
1915	2421	177900
277	2508	178100
1113	2065	178500
102	2948	180400
1180	2951	181000
1865	2329	181000
1645	2113	181300
823	2936	181800
807	2059	183000
1625	2456	183100
1817	2590	183900
996	2107	184900
770	2548	185200
1035	2068	186300
1831	2051	186600
1496	2737	187300
1285	2977	187600
857	2202	187800
1225	2455	188900
473	2457	189700
1044	2906	190900
1822	2077	191000
265	2842	191800
1115	2825	191800
1515	2130	191900
1540	2399	192300
708	2632	192300
11	2888	193300
640	2925	194800
1392	2698	195000
1273	2033	195200
131	2456	195800
1872	2584	196600
68	2358	196600
1016	2666	197200
24	2908	197400
333	2094	197400
1709	2892	197900
827	2174	197900
853	2885	198400
1703	2800	198700
1043	2063	200500
570	2930	203500
1224	2102	203900
190	2290	204700
1700	2734	206400
1738	2102	208900
1562	2780	209900
1990	2352	210300
801	2277	212600
972	2481	213800
279	2090	215900
1873	2632	216000
430	2465	216200
1621	2201	217700
1081	2277	220000
203	2029	222400
1711	2059	225700
1685	2738	226000
602	2233	226900
276	2132	228100
1702	2757	229700
1572	2957	230100
494	2211	230400
1680	2806	230500
1033	2979	230800
1443	2879	231200
1491	2123	232300
1489	2307	232500
768	2001	233400
973	2701	236800
1289	2961	237100
365	2610	237500
1908	2325	238800
801	2244	239300
1719	2205	241500
903	2710	243000
1570	2997	244900
453	2815	246200
139	2387	246500
1541	2517	247300
415	2265	248800
1562	2586	250300
921	2109	252300
442	2355	252500
1312	2960	252500
757	2837	253500
1627	2676	254300
1311	2431	254600
1891	2815	254700
1995	2706	259000
1430	2110	260800
961	2729	261100
1960	2961	261600
310	2853	262700
389	2669	262800
1211	2050	264000
604	2009	264900
385	2192	266000
1880	2991	266800
501	2447	268500
1677	2034	269200
957	2364	269400
439	2113	271300
1385	2433	271800
1500	2625	272400
129	2369	275000
1338	2358	275200
1869	2293	275400
947	2603	277300
688	2173	279300
1379	2750	280400
1403	2056	280700
1868	2855	281300
1064	2261	282900
597	2853	282900
757	2450	287600
583	2435	288200
1252	2366	290800
223	2430	296300
1205	2188	297000
651	2769	297600
645	2020	298100
315	2487	298500
635	2684	300200
1657	2054	301200
1243	2122	302300
1814	2940	302800
1230	2742	304300
645	2025	308900
733	2453	312200
1899	2237	313100
814	2249	317700
1408	2392	318900
1978	2397	319300
115	2167	319300
738	2083	320400
983	2653	321000
1737	2737	321100
909	2075	323800
1584	2995	326400
844	2888	327500
764	2590	327700
528	2251	328900
1309	2306	334900
1639	2118	335600
1313	2916	337400
1887	2586	337900
1533	2509	344100
794	2625	348000
1000	2965	354000
1795	2087	355300
1600	2504	358200
1648	2116	359200
12	2834	362300
1531	2297	363300
1385	2792	363600
1932	2026	363900
1253	2840	366600
1026	2253	368500
1778	2669	372000
480	2921	372100
988	2589	373900
1556	2690	375200
1800	2983	376400
156	2106	379200
745	2529	380200
1778	2593	381800
316	2502	382800
1932	2387	383100
