1316	2238	200
1343	2499	200
1789	2144	200
1731	2563	200
1072	2141	200
1054	2662	200
880	2523	200
518	2337	200
5	2467	200
1813	2752	200
40	2784	200
948	2787	200
1007	2805	200
1630	2890	200
420	2781	200
334	2508	300
879	2419	300
127	2827	300
932	2877	300
890	2817	300
1992	2332	300
1553	2345	300
582	2293	300
230	2438	300
1883	2241	300
260	2985	300
1862	2198	400
1194	2614	400
1391	2093	400
1775	2894	400
626	2007	400
727	2433	400
1797	2203	400
1435	2741	400
1286	2379	400
205	2194	400
270	2871	400
1839	2837	400
1932	2019	400
998	2687	400
1448	2820	400
770	2632	400
1052	2967	400
1634	2734	500
981	2134	500
648	2326	500
1623	2911	500
188	2140	500
135	2341	500
1928	2415	500
78	2081	500
1396	2987	500
953	2407	500
1909	2920	500
573	2111	500
1980	2245	600
342	2930	600
1940	2330	600
98	2030	600
992	2754	600
1769	2658	600
534	2928	600
1577	2160	600
1170	2743	600
101	2310	600
262	2946	600
1151	2231	600
134	2272	600
327	2551	600
624	2092	600
580	2966	600
1852	2274	600
1961	2488	600
1715	2657	600
1517	2510	600
1576	2043	600
1130	2237	700
1046	2343	700
1820	2364	700
1386	2126	700
119	2526	700
949	2658	700
1359	2564	700
1649	2519	700
809	2492	700
301	2423	700
973	2627	700
181	2211	700
1381	2233	700
1154	2275	700
1231	2539	700
1709	2809	700
1663	2008	700
548	2582	700
1755	2245	700
1865	2300	700
206	2189	800
472	2422	800
1896	2431	800
1771	2913	800
1341	2439	800
834	2698	800
1144	2272	800
1474	2335	800
287	2832	800
46	2790	800
947	2063	800
496	2719	800
1543	2595	800
585	2603	800
632	2825	900
156	2246	900
108	2164	900
1208	2941	900
1054	2392	900
1639	2903	900
1151	2509	900
1237	2049	900
114	2402	900
1655	2597	900
6	2110	900
1003	2059	1000
543	2432	1000
151	2057	1000
684	2068	1000
1916	2372	1000
848	2812	1000
869	2910	1000
598	2120	1000
1989	2321	1000
1224	2630	1000
566	2562	1000
1219	2826	1000
162	2969	1000
399	2385	1000
468	2878	1000
435	2839	1000
1129	2090	1000
1027	2609	1000
367	2034	1100
497	2675	1100
1665	2039	1100
1218	2732	1100
1840	2383	1100
527	2267	1100
1643	2074	1100
132	2927	1100
1371	2062	1100
530	2670	1100
505	2829	1100
71	2725	1100
1154	2270	1100
1810	2157	1100
1839	2695	1100
1319	2781	1100
239	2365	1100
179	2006	1100
911	2882	1200
858	2259	1200
957	2690	1200
749	2612	1200
497	2842	1200
1854	2267	1200
69	2440	1200
1782	2169	1200
434	2044	1200
1902	2125	1200
1936	2239	1200
1255	2975	1200
1340	2513	1200
1009	2096	1200
1904	2367	1200
27	2616	1200
467	2551	1200
1070	2840	1200
1216	2880	1200
1290	2969	1200
1939	2145	1200
1806	2584	1200
854	2061	1300
406	2116	1300
1417	2505	1300
673	2057	1300
990	2410	1300
1428	2442	1300
1965	2326	1300
74	2271	1300
630	2652	1300
1060	2100	1300
1601	2702	1300
658	2114	1300
11	2253	1300
18	2648	1300
1522	2779	1300
439	2632	1300
1567	2889	1300
759	2333	1300
1214	2723	1400
1716	2736	1400
790	2351	1400
1919	2713	1400
1451	2206	1400
1305	2765	1400
675	2815	1400
579	2013	1400
691	2434	1400
407	2414	1400
1978	2726	1400
295	2717	1400
714	2639	1400
1671	2416	1500
942	2967	1500
1566	2196	1500
1907	2059	1500
348	2224	1500
937	2754	1500
1022	2909	1500
696	2480	1500
1470	2267	1500
921	2286	1500
1394	2763	1500
1983	2487	1500
1643	2098	1500
856	2120	1500
1240	2143	1500
583	2135	1500
989	2786	1500
1088	2592	1500
1033	2468	1600
512	2995	1600
1018	2264	1600
289	2655	1600
1443	2558	1600
1538	2896	1600
122	2444	1600
1928	2767	1600
1136	2399	1600
1664	2742	1600
1058	2302	1700
1102	2690	1700
1861	2417	1700
1314	2000	1700
1325	2535	1700
446	2913	1700
328	2207	1700
860	2347	1700
769	2152	1700
97	2988	1700
1223	2573	1700
671	2328	1700
33	2831	1700
101	2911	1700
1966	2917	1700
494	2805	1700
351	2251	1700
20	2956	1700
622	2221	1700
852	2878	1700
1182	2977	1800
1229	2545	1800
1513	2445	1800
56	2872	1800
1218	2420	1800
1563	2841	1800
1313	2258	1800
516	2831	1800
1585	2519	1800
240	2728	1800
754	2122	1800
607	2021	1800
1526	2622	1800
1722	2753	1800
767	2938	1800
1589	2279	1800
322	2468	1900
1921	2579	1900
1380	2824	1900
956	2962	1900
1381	2646	1900
1619	2115	1900
764	2165	1900
1430	2274	1900
1575	2838	1900
1899	2888	1900
1383	2954	1900
1454	2929	2000
1582	2861	2000
684	2704	2000
339	2459	2000
610	2869	2000
1341	2926	2000
1910	2127	2000
1698	2904	2000
222	2782	2000
675	2444	2000
569	2571	2000
1449	2504	2000
814	2157	2000
1707	2707	2000
1747	2485	2000
321	2052	2000
829	2954	2000
748	2269	2000
1781	2290	2100
126	2097	2100
1807	2748	2100
576	2853	2100
92	2187	2100
133	2814	2100
1061	2955	2100
30	2127	2100
250	2533	2100
1219	2075	2100
914	2980	2100
855	2332	2100
542	2528	2100
806	2990	2100
881	2385	2100
1552	2300	2100
1589	2329	2100
1179	2103	2200
1952	2238	2200
265	2311	2200
1506	2067	2200
715	2057	2200
1137	2408	2200
796	2473	2200
349	2772	2200
1915	2495	2200
1761	2287	2200
376	2205	2200
346	2131	2200
1739	2936	2200
1295	2634	2200
1295	2871	2200
1622	2153	2200
184	2444	2200
509	2852	2200
895	2255	2200
1392	2849	2200
593	2317	2300
67	2735	2300
1311	2836	2300
1134	2184	2300
1006	2085	2300
969	2225	2300
1846	2452	2300
989	2706	2300
507	2103	2300
1369	2255	2300
1153	2118	2300
58	2925	2300
1716	2336	2400
1777	2154	2400
1650	2328	2400
1060	2109	2400
1736	2921	2400
251	2180	2400
791	2199	2400
1746	2443	2400
742	2395	2400
1402	2299	2400
1119	2026	2400
1566	2168	2500
1388	2437	2500
1557	2909	2500
803	2981	2500
589	2263	2500
941	2207	2500
493	2680	2500
1695	2874	2500
669	2033	2500
272	2055	2500
63	2931	2500
782	2439	2500
429	2206	2500
244	2486	2500
1618	2648	2500
1157	2536	2500
1638	2625	2500
1950	2691	2600
1697	2730	2600
442	2943	2600
1276	2645	2600
1986	2791	2600
1955	2377	2600
1418	2276	2600
1336	2709	2600
925	2099	2600
53	2115	2600
914	2053	2600
1351	2500	2600
1686	2153	2600
161	2031	2600
213	2986	2600
413	2077	2700
606	2572	2700
991	2915	2700
1291	2942	2700
534	2982	2700
713	2060	2700
688	2204	2700
650	2810	2700
27	2371	2700
385	2868	2700
1981	2256	2700
1805	2840	2700
1845	2768	2700
1431	2781	2700
905	2146	2700
354	2412	2800
1708	2979	2800
1409	2016	2800
245	2316	2800
380	2975	2800
1169	2831	2800
379	2903	2800
197	2808	2800
1332	2727	2800
1324	2121	2800
967	2320	2800
1996	2400	2800
1667	2282	2800
1393	2185	2900
1745	2350	2900
199	2248	2900
417	2375	2900
772	2301	2900
728	2497	2900
812	2869	2900
142	2486	2900
724	2049	2900
1444	2215	2900
504	2026	2900
1653	2599	2900
1762	2455	3000
538	2672	3000
1175	2613	3000
491	2234	3000
1300	2100	3000
878	2489	3000
1300	2272	3000
732	2806	3000
1001	2641	3000
1430	2019	3000
961	2792	3000
201	2452	3000
1559	2527	3000
1815	2721	3000
1136	2299	3000
1938	2609	3100
1971	2872	3100
1266	2555	3100
1142	2564	3100
150	2441	3100
1791	2657	3100
1622	2896	3100
628	2966	3100
1605	2322	3100
1784	2474	3100
1347	2064	3100
1096	2300	3100
824	2353	3100
1294	2469	3200
320	2245	3200
200	2128	3200
1772	2123	3200
352	2748	3200
388	2234	3200
232	2927	3200
1374	2276	3200
437	2901	3200
1536	2627	3200
667	2427	3200
1818	2811	3200
1930	2939	3200
771	2820	3200
1824	2892	3200
781	2671	3200
1679	2346	3200
1834	2380	3200
1891	2855	3200
1988	2491	3200
1122	2148	3200
556	2714	3300
1425	2718	3300
1308	2068	3300
1354	2208	3300
1532	2192	3300
1927	2439	3300
13	2853	3300
902	2211	3300
1273	2386	3300
888	2226	3300
1621	2050	3400
428	2335	3400
501	2653	3400
405	2394	3400
1656	2524	3500
726	2637	3500
1702	2303	3500
1850	2068	3500
1802	2748	3500
1780	2952	3500
1550	2624	3500
298	2040	3500
444	2765	3500
1709	2122	3500
1277	2501	3500
1005	2071	3500
820	2079	3500
1187	2661	3500
1399	2152	3600
1479	2904	3600
193	2590	3600
1492	2574	3600
1070	2702	3600
1728	2449	3600
539	2559	3700
1878	2280	3700
682	2408	3700
1848	2470	3700
377	2374	3700
800	2085	3700
723	2596	3700
1342	2626	3700
580	2088	3700
345	2460	3700
896	2122	3700
182	2906	3700
552	2421	3800
1511	2150	3800
204	2376	3800
1688	2370	3800
1995	2863	3800
209	2824	3800
711	2252	3800
1145	2319	3800
214	2215	3800
1984	2230	3800
71	2712	3800
34	2265	3800
147	2697	3800
165	2411	3800
813	2384	3800
1156	2908	3800
1187	2076	3800
1020	2069	3900
1077	2505	3900
626	2552	3900
446	2673	3900
861	2928	3900
787	2318	3900
1582	2621	3900
1258	2423	3900
1613	2497	3900
1098	2083	3900
498	2106	3900
451	2500	3900
1914	2751	3900
1619	2960	3900
1851	2088	3900
950	2086	3900
685	2414	3900
575	2822	3900
1150	2201	3900
640	2196	4000
60	2001	4000
417	2951	4000
1523	2841	4000
1405	2982	4000
1158	2398	4000
1900	2513	4000
1177	2258	4000
1756	2262	4000
753	2725	4000
1794	2685	4000
1606	2136	4000
1553	2166	4000
838	2345	4000
1245	2022	4000
217	2809	4000
1655	2331	4000
691	2063	4000
294	2145	4000
1228	2984	4000
1164	2045	4000
704	2794	4100
1198	2887	4100
859	2835	4100
903	2059	4100
672	2392	4100
87	2254	4100
482	2939	4100
503	2252	4100
1879	2004	4100
1537	2186	4100
882	2626	4100
645	2466	4200
615	2313	4200
1951	2480	4200
1592	2039	4200
116	2841	4200
1056	2816	4200
490	2187	4200
1306	2139	4200
1224	2821	4200
1424	2892	4200
325	2797	4200
1126	2463	4200
1213	2614	4200
633	2550	4200
1953	2963	4300
1100	2430	4300
1091	2342	4300
760	2553	4300
821	2613	4300
185	2581	4300
154	2373	4300
924	2367	4300
1016	2823	4300
1594	2884	4300
1040	2104	4300
789	2654	4300
404	2071	4300
207	2284	4300
801	2995	4400
665	2224	4400
1710	2044	4400
1278	2437	4400
1944	2098	4400
1282	2573	4400
366	2901	4400
274	2578	4400
1006	2326	4400
1799	2472	4400
1015	2815	4400
1344	2053	4400
1803	2808	4400
18	2877	4400
1530	2324	4400
1438	2090	4400
1085	2353	4400
1385	2978	4400
1795	2948	4500
1634	2248	4500
7	2517	4500
674	2217	4500
525	2060	4500
1105	2131	4500
1108	2803	4500
1527	2113	4500
499	2424	4500
528	2167	4500
930	2230	4500
1811	2374	4500
16	2146	4500
1243	2362	4500
1707	2516	4500
1843	2990	4600
1795	2173	4600
712	2406	4600
676	2576	4600
708	2498	4600
1283	2373	4600
1106	2183	4600
551	2987	4600
1669	2005	4600
344	2641	4600
468	2797	4600
1477	2250	4600
1014	2663	4700
540	2879	4700
448	2662	4700
398	2036	4700
1075	2898	4700
1841	2101	4700
841	2164	4800
1302	2675	4800
1270	2203	4800
1804	2035	4800
745	2194	4800
680	2307	4800
1321	2876	4800
145	2600	4800
361	2986	4800
43	2920	4900
1485	2342	4900
553	2404	4900
616	2835	4900
108	2078	4900
59	2307	4900
1706	2174	4900
480	2927	4900
32	2808	4900
1834	2143	4900
1484	2095	4900
1528	2324	4900
1909	2778	5000
442	2124	5000
1888	2236	5000
1704	2892	5000
371	2273	5000
1226	2394	5000
982	2932	5000
146	2993	5000
8	2407	5000
1225	2595	5000
1251	2848	5000
1378	2638	5100
1481	2618	5100
170	2862	5100
332	2802	5100
1668	2035	5100
1534	2588	5100
1918	2028	5100
1822	2512	5100
1420	2759	5100
283	2073	5100
915	2967	5200
1809	2191	5200
669	2701	5200
1451	2795	5200
64	2024	5200
1379	2626	5200
1875	2509	5200
1959	2785	5200
1392	2071	5200
1181	2042	5300
157	2949	5300
1850	2763	5300
828	2190	5300
1483	2955	5300
1574	2936	5300
872	2635	5300
443	2642	5300
1256	2457	5300
571	2348	5300
950	2605	5300
582	2384	5300
1759	2957	5400
354	2699	5400
785	2267	5400
296	2794	5400
1560	2038	5400
561	2257	5400
130	2195	5400
1882	2130	5400
677	2111	5400
1487	2158	5500
1671	2699	5500
600	2259	5500
1848	2038	5500
47	2305	5500
155	2496	5500
1776	2560	5500
1554	2225	5500
1162	2625	5500
187	2983	5500
1236	2726	5500
586	2232	5600
1382	2851	5600
713	2631	5600
123	2733	5600
492	2578	5600
845	2708	5600
958	2749	5600
337	2889	5600
678	2502	5600
409	2639	5700
470	2184	5700
39	2139	5700
61	2188	5700
1467	2122	5700
1754	2905	5700
1871	2138	5700
353	2997	5700
81	2070	5700
381	2860	5700
731	2566	5800
196	2950	5800
1192	2535	5800
1970	2242	5800
561	2484	5800
736	2874	5800
1972	2812	5800
1837	2240	5800
1086	2692	5800
75	2395	5800
1256	2891	5800
1953	2360	5900
945	2621	5900
600	2481	5900
615	2191	5900
1523	2867	5900
898	2900	5900
184	2878	5900
531	2993	5900
547	2848	5900
620	2170	5900
513	2913	6000
1191	2941	6000
730	2213	6000
1534	2664	6000
1732	2096	6000
558	2999	6000
656	2785	6000
436	2499	6000
1090	2965	6100
946	2914	6100
1235	2875	6100
1197	2714	6100
87	2349	6100
674	2106	6100
50	2939	6100
256	2821	6100
432	2306	6100
750	2848	6100
1945	2416	6200
2	2602	6200
790	2674	6200
26	2125	6200
924	2174	6200
1817	2172	6200
1600	2543	6200
1114	2512	6200
1486	2899	6200
961	2993	6200
476	2101	6200
1491	2116	6300
1948	2312	6300
126	2352	6300
1426	2234	6300
1163	2812	6300
683	2633	6300
1509	2367	6300
1833	2032	6300
1961	2520	6300
72	2775	6300
111	2023	6300
1323	2819	6300
51	2864	6400
1184	2637	6400
1353	2175	6400
301	2796	6400
735	2486	6400
1792	2134	6400
1465	2113	6400
14	2032	6400
248	2548	6400
1500	2070	6400
633	2284	6400
1579	2736	6500
849	2902	6500
447	2572	6500
1288	2965	6500
554	2454	6500
1855	2562	6500
1252	2767	6500
3	2389	6500
73	2822	6500
463	2538	6500
614	2261	6600
725	2490	6600
1027	2076	6600
396	2012	6600
360	2467	6600
274	2787	6600
617	2733	6600
1654	2390	6600
1821	2937	6600
1945	2963	6700
1624	2833	6700
1458	2859	6700
1244	2409	6700
245	2349	6700
1693	2417	6700
1053	2748	6700
972	2620	6700
1659	2768	6700
250	2428	6700
777	2345	6700
1216	2384	6700
162	2739	6700
871	2592	6700
211	2948	6800
1648	2011	6800
927	2965	6800
1725	2569	6800
631	2243	6800
1785	2670	6800
42	2273	6800
222	2843	6800
1084	2157	6800
1319	2340	6800
278	2761	6800
1002	2015	6800
1635	2789	6900
1832	2851	6900
1955	2565	6900
103	2660	6900
1501	2522	6900
688	2711	6900
909	2634	6900
193	2607	6900
1199	2752	6900
1174	2525	6900
559	2082	6900
1096	2247	6900
597	2549	6900
62	2699	6900
912	2592	6900
1831	2618	6900
707	2430	7000
1578	2656	7000
1482	2428	7000
951	2188	7000
303	2426	7100
616	2232	7100
338	2555	7100
1790	2723	7100
964	2356	7100
642	2611	7100
335	2662	7100
897	2704	7100
259	2289	7100
1362	2570	7100
1565	2102	7100
940	2415	7100
1588	2889	7100
401	2566	7200
458	2714	7200
1437	2844	7200
1398	2472	7200
741	2715	7200
1569	2250	7200
89	2998	7300
218	2735	7300
1042	2729	7300
1421	2646	7300
1394	2068	7400
804	2183	7400
1633	2907	7400
1749	2773	7400
639	2595	7400
623	2372	7500
478	2309	7500
474	2223	7500
755	2773	7500
544	2840	7500
1801	2133	7500
1143	2087	7500
721	2295	7600
1111	2397	7600
243	2593	7600
761	2515	7600
973	2325	7600
815	2382	7600
1868	2436	7600
1629	2272	7600
1778	2090	7600
215	2719	7700
535	2865	7700
1632	2376	7700
374	2172	7700
1817	2186	7700
471	2092	7700
1089	2829	7700
145	2380	7700
141	2056	7700
1789	2094	7800
305	2038	7800
643	2919	7800
1271	2051	7800
1758	2087	7800
1035	2778	7900
93	2330	7900
1417	2476	7900
479	2829	7900
177	2022	7900
1195	2165	7900
999	2135	7900
805	2609	7900
987	2659	7900
1555	2898	8000
1879	2454	8000
557	2616	8000
555	2407	8000
140	2934	8000
1516	2064	8000
1289	2855	8000
324	2650	8000
731	2672	8100
55	2017	8100
24	2328	8100
1584	2033	8100
92	2776	8100
96	2634	8100
1723	2361	8100
1974	2984	8100
574	2401	8100
296	2277	8200
1052	2229	8200
1481	2159	8200
210	2844	8200
522	2679	8200
1370	2367	8200
1271	2083	8200
1234	2326	8200
317	2161	8200
1993	2543	8200
1172	2153	8200
1603	2299	8200
1242	2201	8200
369	2922	8300
941	2432	8300
1880	2357	8300
1132	2248	8300
1196	2519	8300
1791	2142	8300
52	2605	8300
163	2306	8300
1999	2752	8400
936	2899	8400
177	2500	8400
261	2508	8500
1196	2009	8500
440	2484	8500
880	2623	8500
37	2926	8500
307	2363	8500
1889	2014	8500
35	2934	8500
136	2248	8600
765	2398	8600
1140	2314	8600
1758	2577	8600
649	2949	8700
490	2301	8700
843	2312	8700
751	2529	8700
1678	2926	8700
1434	2368	8700
1091	2089	8800
1183	2766	8800
966	2393	8800
498	2522	8800
443	2958	8800
1239	2314	8800
789	2610	8800
851	2813	8800
1747	2758	8800
407	2568	8800
899	2791	8900
1685	2257	8900
960	2419	8900
1334	2653	8900
658	2556	8900
331	2358	8900
721	2789	8900
164	2469	9000
1721	2746	9000
644	2353	9000
216	2566	9100
1214	2479	9100
49	2017	9100
1926	2316	9100
109	2808	9100
1645	2253	9100
68	2585	9100
546	2247	9100
929	2383	9200
798	2541	9200
1106	2680	9200
1721	2511	9200
1623	2413	9200
529	2530	9200
1073	2212	9200
719	2540	9200
287	2648	9200
1499	2996	9200
871	2344	9200
118	2390	9200
1368	2810	9300
1026	2186	9300
112	2458	9300
1498	2015	9300
238	2691	9400
785	2237	9400
1127	2711	9400
1396	2136	9400
1609	2388	9500
1183	2047	9500
1298	2018	9500
297	2338	9500
963	2660	9500
1299	2772	9500
333	2011	9500
1436	2155	9600
619	2640	9600
197	2623	9600
1673	2065	9600
1794	2702	9600
875	2912	9700
1780	2988	9700
1445	2711	9700
1401	2205	9700
1311	2009	9700
1217	2940	9700
1118	2202	9700
572	2719	9700
1819	2923	9800
1964	2126	9800
266	2067	9800
481	2951	9800
736	2982	9800
1657	2400	9800
486	2866	9800
124	2891	9800
16	2425	9800
825	2089	9900
1907	2677	9900
1416	2718	9900
1138	2740	9900
459	2686	9900
246	2529	9900
1439	2262	9900
1618	2877	9900
1204	2118	9900
1825	2631	10000
455	2223	10000
611	2886	10000
722	2225	10000
1241	2966	10000
1469	2801	10000
1323	2282	10000
1427	2550	10000
849	2047	10100
1689	2602	10100
102	2948	10100
689	2918	10100
499	2351	10100
528	2703	10100
1591	2924	10100
1058	2536	10100
1034	2587	10200
1507	2618	10200
935	2557	10200
786	2514	10200
836	2090	10200
541	2723	10300
590	2710	10300
885	2569	10300
1695	2431	10300
1556	2747	10300
1161	2243	10300
1116	2755	10300
1239	2273	10300
1873	2509	10300
777	2166	10300
1841	2994	10300
635	2159	10300
342	2544	10400
1176	2178	10400
804	2478	10400
624	2460	10400
465	2592	10400
1814	2435	10400
1564	2742	10500
1473	2361	10500
337	2780	10500
1280	2964	10500
410	2967	10500
1454	2313	10600
1260	2301	10600
1358	2884	10600
182	2828	10600
29	2608	10700
1254	2020	10700
601	2841	10700
1511	2357	10700
594	2178	10700
1133	2795	10700
1170	2027	10700
1365	2946	10700
780	2765	10700
923	2247	10700
720	2855	10700
1666	2241	10700
1165	2201	10700
1744	2800	10800
1055	2935	10800
1636	2292	10800
1877	2961	10800
323	2838	10800
1171	2727	10800
1890	2359	10800
290	2769	10800
1626	2445	10900
382	2325	10900
280	2631	10900
977	2121	10900
85	2504	10900
794	2643	10900
1119	2595	10900
261	2663	11000
715	2524	11000
1701	2637	11000
195	2696	11000
1687	2254	11000
1682	2640	11000
1292	2670	11000
872	2195	11000
1673	2676	11000
641	2483	11000
457	2084	11100
1301	2992	11100
339	2686	11100
1304	2755	11100
1935	2953	11100
1913	2860	11200
1083	2503	11200
448	2743	11200
1705	2588	11200
1606	2294	11200
544	2087	11200
226	2737	11200
572	2255	11200
516	2989	11300
1280	2819	11300
1408	2463	11300
1740	2866	11300
180	2705	11300
1699	2128	11400
362	2908	11400
818	2591	11400
130	2215	11400
1468	2130	11400
517	2540	11400
1074	2003	11500
519	2126	11500
906	2335	11500
358	2539	11500
1086	2193	11500
1406	2969	11500
1296	2849	11500
1495	2818	11600
1263	2108	11600
1405	2928	11600
960	2604	11600
1169	2378	11600
390	2811	11600
1185	2252	11600
1486	2133	11600
1045	2340	11600
717	2033	11700
874	2970	11700
500	2630	11700
1614	2980	11700
1279	2159	11700
638	2277	11800
1356	2948	11800
632	2979	11800
1551	2058	11800
1706	2080	11800
546	2531	11800
271	2250	11800
43	2778	11900
1766	2594	11900
1998	2570	11900
630	2309	11900
1168	2325	11900
538	2963	12000
1445	2204	12000
1941	2410	12000
355	2992	12000
1115	2743	12000
799	2628	12000
452	2226	12000
697	2216	12100
1211	2242	12100
1662	2862	12100
1065	2217	12100
240	2040	12100
1080	2857	12100
1939	2249	12100
839	2346	12100
794	2715	12100
273	2726	12100
701	2968	12200
1316	2388	12200
449	2410	12200
601	2867	12200
1561	2265	12200
1583	2589	12200
1339	2937	12200
1476	2304	12300
592	2586	12300
922	2016	12300
318	2171	12300
1231	2821	12300
1642	2306	12400
1112	2517	12400
628	2780	12400
299	2055	12500
257	2003	12500
948	2578	12500
370	2681	12500
1122	2355	12500
106	2984	12500
1110	2672	12600
4	2802	12600
1607	2947	12600
31	2219	12600
372	2615	12600
85	2323	12600
913	2985	12600
393	2284	12600
1415	2893	12700
1565	2751	12700
951	2322	12700
432	2583	12700
1458	2494	12800
1250	2909	12800
1876	2206	12800
694	2484	12800
36	2325	12800
827	2022	12800
1391	2669	12900
1760	2091	12900
90	2203	12900
532	2175	12900
1456	2257	12900
441	2636	12900
1419	2299	12900
1853	2244	13000
926	2709	13000
1881	2644	13000
234	2965	13100
1024	2783	13100
1333	2567	13100
1063	2215	13100
1600	2053	13100
269	2361	13100
559	2291	13100
706	2589	13100
1293	2188	13100
831	2973	13100
714	2025	13200
97	2952	13200
792	2680	13200
1220	2424	13200
815	2231	13200
70	2256	13200
1406	2636	13200
1521	2692	13300
759	2005	13300
1530	2320	13300
1366	2716	13400
343	2919	13400
523	2588	13400
1317	2477	13400
419	2698	13400
282	2937	13400
1531	2169	13500
5	2519	13500
235	2921	13500
225	2774	13500
1069	2147	13600
1596	2865	13600
1547	2207	13600
1257	2523	13600
308	2197	13600
1357	2921	13600
1528	2849	13600
1628	2991	13600
290	2550	13600
860	2305	13700
883	2590	13700
1488	2641	13700
1496	2617	13700
1903	2888	13700
1568	2034	13800
1829	2627	13800
247	2770	13800
687	2567	13800
1275	2923	13900
1572	2730	13900
483	2126	13900
853	2620	13900
1348	2113	13900
1524	2102	13900
217	2294	13900
1657	2768	13900
1000	2279	13900
1924	2455	14000
1856	2503	14000
787	2959	14000
1023	2858	14000
1446	2774	14000
762	2311	14000
49	2798	14100
1708	2825	14200
236	2162	14200
1413	2524	14300
1490	2870	14300
1949	2378	14300
1185	2665	14300
1537	2953	14300
1521	2934	14300
420	2813	14300
539	2298	14300
1507	2872	14400
367	2532	14400
1403	2360	14400
1958	2270	14400
1084	2268	14400
975	2022	14400
79	2428	14400
1498	2568	14400
1494	2108	14500
449	2179	14500
107	2204	14500
897	2594	14500
733	2820	14500
368	2983	14600
277	2834	14600
1992	2582	14600
1350	2689	14700
533	2770	14700
1845	2114	14700
793	2852	14700
192	2585	14700
506	2073	14800
1692	2189	14800
1360	2456	14800
799	2427	14800
1973	2695	14800
1496	2136	14800
286	2082	14800
1051	2520	14800
152	2659	14800
1357	2934	14900
521	2221	14900
1413	2124	15000
1896	2593	15000
956	2747	15000
1317	2668	15000
1078	2296	15000
566	2712	15000
952	2788	15000
1093	2010	15000
1018	2216	15100
709	2453	15100
1742	2147	15100
91	2743	15100
402	2530	15100
1123	2219	15100
111	2964	15100
208	2012	15200
1097	2694	15200
1602	2920	15300
805	2076	15300
1656	2943	15300
198	2285	15300
570	2746	15300
1997	2002	15300
344	2029	15300
106	2677	15300
640	2602	15400
716	2258	15400
315	2830	15400
1112	2169	15500
347	2893	15500
1327	2764	15500
1587	2899	15500
1310	2302	15600
1489	2108	15600
692	2139	15600
1935	2260	15600
1222	2857	15600
679	2890	15600
1546	2761	15600
1886	2681	15600
1562	2559	15600
1433	2576	15700
1796	2396	15700
1297	2163	15700
1882	2525	15700
1895	2558	15700
1677	2224	15800
330	2835	15800
1516	2294	15800
1157	2302	15800
1380	2897	15900
19	2220	15900
1423	2916	15900
1954	2816	16000
841	2078	16000
523	2804	16000
1753	2281	16000
80	2510	16000
668	2070	16000
1487	2342	16100
1416	2406	16100
1390	2370	16100
1125	2933	16100
1031	2450	16100
125	2499	16100
863	2016	16200
1395	2740	16200
1783	2210	16200
1115	2027	16300
1766	2989	16300
852	2682	16300
537	2421	16400
1474	2633	16400
112	2220	16400
120	2346	16400
719	2181	16400
161	2615	16400
608	2971	16500
1963	2638	16500
329	2860	16500
1387	2717	16500
1735	2467	16500
295	2397	16500
1428	2554	16600
562	2804	16600
838	2166	16600
1282	2870	16700
487	2387	16700
1462	2053	16700
907	2991	16700
568	2405	16800
279	2040	16800
670	2807	16800
291	2389	16800
1312	2381	16800
933	2833	16900
621	2629	16900
1987	2227	16900
1779	2852	16900
791	2362	16900
1178	2185	17000
1958	2181	17000
82	2079	17000
1750	2757	17000
267	2991	17000
1624	2315	17100
513	2673	17100
1751	2936	17100
1627	2531	17200
168	2618	17200
895	2056	17200
460	2475	17200
1571	2760	17300
593	2164	17300
1867	2406	17300
926	2506	17300
21	2671	17300
677	2297	17300
524	2116	17400
1497	2192	17400
595	2665	17400
397	2512	17400
641	2895	17400
813	2880	17400
1466	2365	17400
1615	2502	17400
1455	2453	17500
22	2380	17500
478	2652	17500
1605	2188	17500
970	2788	17500
1495	2675	17600
877	2018	17600
894	2032	17600
0	2279	17600
1829	2847	17700
1444	2665	17800
1715	2142	17900
1838	2798	18000
697	2264	18000
1047	2236	18000
237	2491	18000
510	2240	18000
3	2793	18000
1954	2003	18100
249	2338	18100
284	2837	18100
1225	2202	18100
1440	2471	18200
905	2031	18200
1750	2295	18200
1581	2750	18300
1921	2465	18300
398	2131	18300
1991	2141	18300
1993	2447	18300
427	2321	18300
1363	2093	18400
1032	2459	18400
720	2873	18400
1014	2998	18500
602	2323	18500
38	2589	18500
1661	2705	18500
259	2529	18600
471	2460	18600
1990	2501	18600
863	2656	18700
1182	2998	18700
255	2651	18700
1529	2685	18700
141	2101	18700
1301	2762	18800
837	2172	18800
609	2562	18800
603	2585	18800
1227	2566	18900
901	2404	18900
569	2230	18900
1373	2956	18900
1189	2826	18900
129	2705	18900
483	2039	19000
1542	2292	19000
993	2048	19000
918	2443	19000
583	2400	19000
229	2717	19000
424	2647	19100
591	2153	19100
163	2583	19100
1088	2344	19100
1504	2280	19100
734	2017	19100
1188	2507	19200
1844	2446	19200
1529	2876	19200
988	2717	19200
654	2782	19300
1670	2666	19300
1724	2138	19300
436	2284	19300
53	2733	19400
733	2114	19400
1008	2386	19400
1482	2533	19400
1599	2585	19400
1243	2781	19400
189	2606	19500
1067	2030	19500
249	2678	19500
1082	2242	19500
41	2194	19500
1134	2177	19500
832	2777	19500
302	2247	19500
858	2481	19600
359	2037	19600
1221	2826	19600
1401	2062	19700
1782	2495	19700
1881	2472	19700
147	2826	19700
599	2179	19800
1436	2009	19800
1962	2630	19800
316	2381	19800
1017	2750	19900
1437	2651	19900
427	2271	19900
1852	2542	19900
654	2993	19900
128	2854	20000
1563	2870	20000
1683	2320	20000
584	2067	20100
412	2386	20100
1835	2583	20100
144	2475	20100
1223	2598	20200
284	2482	20200
1571	2807	20200
129	2479	20300
1905	2043	20300
1359	2208	20300
705	2334	20300
1857	2214	20300
403	2944	20300
1880	2328	20400
201	2385	20400
1037	2404	20500
766	2994	20500
1044	2148	20500
545	2070	20600
495	2222	20600
524	2072	20700
98	2738	20700
1617	2446	20700
19	2695	20700
1520	2020	20800
1201	2448	20800
1931	2332	20800
370	2046	20800
1905	2656	20900
932	2449	20900
1771	2673	21000
1315	2004	21000
51	2793	21000
942	2864	21100
10	2532	21100
268	2930	21100
1551	2678	21100
1475	2292	21100
591	2314	21100
1759	2416	21200
391	2039	21200
717	2106	21200
916	2363	21200
1202	2249	21200
1966	2523	21300
1408	2974	21300
1180	2611	21400
1232	2542	21400
797	2279	21400
1159	2243	21500
1777	2620	21500
786	2657	21500
1694	2387	21500
481	2560	21600
986	2013	21600
242	2722	21700
223	2493	21700
782	2926	21700
1632	2151	21800
1761	2418	21800
1199	2217	21800
485	2491	21800
634	2313	21900
1533	2213	22000
155	2154	22000
928	2484	22000
564	2619	22000
385	2104	22000
780	2221	22000
227	2072	22100
1161	2301	22100
137	2462	22100
1330	2434	22100
228	2643	22100
345	2482	22200
138	2132	22200
1028	2684	22200
1432	2689	22200
1573	2586	22300
1107	2091	22300
199	2734	22300
117	2941	22300
832	2112	22300
1830	2756	22400
526	2622	22400
1124	2922	22400
1666	2964	22400
228	2575	22500
817	2848	22600
1699	2176	22600
1410	2475	22600
416	2929	22700
921	2169	22700
243	2633	22700
1797	2162	22700
486	2086	22700
1322	2684	22800
353	2149	22900
1024	2096	23000
1638	2622	23000
1355	2235	23100
904	2734	23100
1944	2074	23100
173	2156	23100
1397	2256	23100
260	2149	23100
1893	2017	23100
1265	2731	23200
999	2400	23200
670	2760	23200
311	2050	23300
1025	2521	23300
1637	2940	23300
305	2470	23400
520	2640	23400
91	2881	23400
128	2561	23500
1327	2526	23500
1949	2704	23500
286	2693	23500
965	2452	23500
1602	2922	23600
338	2347	23600
1065	2853	23600
1898	2488	23600
1703	2358	23700
578	2486	23700
1787	2888	23700
1094	2468	23800
1046	2227	23800
1039	2001	23900
768	2476	23900
252	2096	23900
1066	2303	23900
1043	2293	23900
1031	2047	23900
496	2667	24000
929	2451	24000
328	2432	24100
1660	2904	24100
816	2467	24100
1167	2469	24200
149	2187	24200
638	2794	24300
663	2190	24300
1484	2200	24300
1868	2225	24300
238	2532	24400
550	2290	24500
1267	2422	24500
1117	2124	24500
1320	2171	24500
1620	2364	24500
95	2265	24600
1403	2464	24700
1117	2237	24700
135	2105	24700
1388	2123	24800
806	2760	24900
395	2773	24900
9	2986	24900
1457	2501	24900
1064	2779	24900
315	2912	25000
1683	2324	25000
502	2978	25000
877	2494	25100
690	2897	25100
1366	2000	25100
1087	2931	25100
1694	2256	25100
976	2228	25100
1308	2763	25200
154	2745	25200
1021	2405	25200
1064	2528	25200
475	2485	25200
613	2545	25300
488	2441	25400
530	2924	25400
1464	2447	25400
548	2023	25400
1044	2355	25400
335	2703	25500
1092	2892	25500
29	2426	25500
1712	2198	25500
1720	2202	25500
1362	2664	25700
1441	2933	25700
808	2830	25800
378	2795	25800
1272	2292	25800
1174	2130	25800
1828	2464	25900
807	2938	25900
978	2190	25900
1389	2092	26000
868	2173	26100
1173	2044	26100
1976	2734	26100
1126	2974	26100
306	2676	26100
409	2025	26200
919	2603	26200
433	2893	26200
76	2143	26200
475	2978	26200
823	2801	26200
1925	2173	26300
769	2930	26300
1002	2661	26300
1261	2137	26400
50	2337	26400
414	2876	26400
1988	2369	26400
1681	2044	26500
879	2604	26500
186	2252	26500
529	2871	26500
467	2768	26500
1513	2818	26600
1215	2942	26600
581	2796	26600
1262	2463	26600
997	2041	26600
819	2924	26700
1717	2615	26700
588	2452	26700
373	2497	26800
774	2691	26900
1580	2223	26900
1103	2888	26900
1892	2201	26900
1337	2445	27000
562	2134	27000
1894	2571	27000
1435	2134	27100
1648	2683	27200
54	2862	27200
1480	2218	27400
560	2799	27400
711	2830	27400
1733	2514	27400
1441	2751	27400
461	2806	27500
1143	2577	27500
230	2786	27500
312	2815	27600
1672	2898	27600
1519	2054	27600
974	2754	27700
1894	2539	27700
743	2554	27800
418	2113	27800
1001	2029	27800
1938	2015	27800
1652	2747	27900
1738	2230	27900
959	2599	27900
1597	2334	28000
695	2952	28000
1422	2382	28000
1864	2880	28000
520	2989	28100
629	2446	28100
1823	2041	28200
1212	2518	28300
908	2084	28300
522	2580	28300
681	2489	28300
1232	2274	28300
833	2278	28400
752	2455	28400
1792	2446	28400
598	2858	28500
1875	2644	28500
61	2322	28500
1754	2199	28500
45	2849	28500
365	2897	28600
492	2787	28600
743	2137	28700
464	2393	28700
1478	2529	28700
430	2803	28700
358	2525	28700
1800	2079	28700
686	2969	28700
115	2129	28700
1927	2083	28800
1786	2079	28800
783	2721	28800
212	2441	28900
1472	2040	28900
922	2147	29000
1422	2933	29000
1205	2666	29000
1554	2436	29100
1251	2464	29200
160	2912	29200
1133	2209	29200
1421	2233	29200
0	2329	29200
1142	2208	29300
121	2822	29300
840	2475	29300
1872	2757	29400
1770	2688	29500
746	2080	29500
79	2780	29500
848	2431	29600
1700	2571	29600
1994	2444	29600
1059	2129	29600
82	2546	29700
1827	2739	29800
1471	2499	29800
1155	2983	30000
938	2257	30000
1641	2538	30000
702	2791	30100
1798	2371	30200
1221	2075	30200
190	2421	30200
221	2945	30300
1288	2656	30300
1264	2589	30300
928	2928	30400
508	2161	30400
1233	2912	30400
1515	2094	30500
699	2171	30500
502	2843	30500
1772	2649	30700
158	2766	30800
1404	2385	30800
94	2669	30900
1947	2745	30900
1128	2877	30900
375	2893	31000
149	2776	31000
698	2514	31000
1160	2987	31000
1315	2916	31000
1860	2072	31100
700	2590	31100
744	2562	31200
1397	2132	31200
1512	2857	31200
1830	2772	31300
1212	2191	31400
1303	2057	31400
1730	2883	31500
1390	2150	31500
1310	2388	31600
1951	2867	31600
1550	2617	31700
1419	2399	31700
1497	2357	31800
748	2587	31900
1286	2205	31900
1035	2920	31900
1047	2875	32000
1193	2354	32000
1013	2143	32100
397	2266	32100
1757	2046	32100
1131	2007	32300
270	2100	32300
278	2895	32300
47	2555	32400
1336	2214	32400
444	2571	32400
1289	2940	32400
175	2095	32600
1684	2666	32700
215	2119	32700
613	2518	32800
1972	2724	32800
844	2900	32800
1326	2891	32800
384	2814	32900
969	2395	32900
1862	2485	32900
1255	2060	33000
802	2623	33000
1364	2646	33000
10	2432	33100
865	2873	33200
939	2401	33200
1033	2908	33300
1384	2386	33400
1973	2268	33400
168	2198	33400
1547	2972	33500
485	2369	33600
356	2435	33600
762	2116	33700
172	2150	33700
450	2341	33700
770	2265	33700
226	2300	33700
319	2907	33800
1629	2109	33800
1763	2457	33800
426	2740	34000
293	2206	34100
20	2596	34100
454	2051	34200
1162	2622	34200
1977	2960	34300
1996	2135	34300
1943	2071	34300
289	2351	34500
637	2771	34500
1864	2411	34500
1968	2052	34500
1714	2684	34600
1141	2353	34600
1558	2852	34700
325	2878	34700
1763	2758	34700
1598	2735	34800
1291	2862	34800
1698	2881	34800
703	2105	34800
934	2251	34800
1743	2485	34800
1675	2901	34900
1913	2298	34900
431	2423	35000
1475	2804	35000
980	2297	35100
1238	2970	35100
78	2857	35100
1443	2253	35100
1647	2902	35100
202	2366	35200
1774	2621	35300
1449	2323	35300
1847	2453	35400
1674	2137	35500
355	2762	35500
175	2200	35500
176	2002	35600
957	2189	35700
23	2906	35700
69	2244	35800
1159	2125	35800
246	2289	35800
1719	2623	35800
984	2845	35800
1412	2438	35800
474	2567	35900
1252	2415	35900
1488	2029	36000
747	2929	36100
718	2493	36100
33	2846	36200
1620	2981	36300
470	2177	36300
1562	2298	36300
1335	2973	36300
1094	2825	36400
500	2821	36400
1139	2600	36400
592	2534	36500
1871	2324	36600
241	2298	36600
1450	2910	36900
687	2956	36900
1985	2527	36900
1962	2626	36900
1522	2528	36900
333	2473	37000
1409	2278	37100
1015	2296	37100
1651	2612	37100
1525	2798	37200
218	2604	37200
414	2693	37200
826	2273	37200
1853	2440	37300
1575	2283	37300
1447	2527	37400
118	2728	37400
737	2750	37500
778	2145	37500
778	2403	37600
889	2072	37800
439	2509	37900
1331	2759	37900
1339	2117	37900
1653	2005	37900
605	2984	37900
1737	2634	38000
445	2543	38000
62	2957	38200
1179	2536	38300
1137	2263	38300
15	2403	38300
192	2728	38300
1725	2269	38400
231	2288	38500
1369	2667	38500
1147	2614	38500
730	2836	38600
207	2293	38600
947	2547	38600
363	2946	38700
1767	2694	38700
1922	2903	38700
283	2445	38800
1676	2108	38800
1573	2756	38800
646	2210	38800
1741	2527	38800
742	2905	38900
148	2789	38900
1584	2701	39000
454	2083	39000
560	2976	39100
1473	2749	39100
1931	2895	39100
1976	2203	39200
1193	2513	39200
1822	2725	39200
148	2761	39200
81	2180	39400
779	2150	39600
709	2055	39700
1050	2085	39700
1773	2815	39700
1210	2901	39800
1104	2847	40100
1172	2896	40100
364	2458	40200
361	2855	40200
1883	2964	40200
282	2117	40300
1768	2720	40400
1865	2737	40400
1526	2625	40500
264	2246	40600
386	2458	40600
1531	2286	40700
1591	2539	40700
874	2140	40800
1348	2251	40800
476	2056	40800
599	2451	40900
1098	2051	40900
681	2396	41000
445	2986	41000
1700	2765	41200
917	2104	41200
1200	2473	41300
1120	2001	41300
1546	2789	41300
1510	2863	41400
90	2645	41500
1502	2711	41500
729	2450	41600
1917	2998	41600
242	2909	41700
188	2970	41700
631	2744	41800
107	2109	41800
1947	2927	41800
1349	2249	41800
1347	2294	41900
423	2061	42000
931	2602	42000
1283	2745	42000
1186	2999	42000
873	2700	42000
1364	2884	42000
456	2073	42000
740	2590	42100
146	2792	42100
772	2744	42200
263	2537	42300
1318	2518	42500
221	2842	42500
835	2886	42500
812	2251	42600
1689	2557	42700
178	2947	42700
65	2777	42700
425	2006	42700
608	2887	42700
878	2459	42800
1485	2158	42900
1579	2336	42900
1200	2391	42900
1810	2268	42900
1467	2809	42900
1121	2544	43000
865	2490	43000
574	2329	43000
866	2171	43100
1858	2767	43100
1744	2492	43300
666	2212	43300
1545	2771	43300
1981	2193	43300
236	2131	43400
348	2885	43500
636	2553	43600
1586	2061	43600
1041	2455	43700
1828	2360	43700
1120	2897	43700
822	2249	43700
48	2422	43800
655	2669	43800
1351	2107	44000
1640	2132	44000
1712	2391	44000
1957	2731	44100
1561	2117	44100
80	2599	44300
931	2229	44400
1259	2956	44400
300	2854	44500
764	2371	44500
255	2147	44700
256	2271	44700
378	2151	44800
1760	2317	44900
1501	2729	44900
1293	2293	44900
660	2012	45100
1464	2543	45100
119	2764	45200
507	2536	45300
1543	2026	45400
1604	2449	45500
891	2104	45500
1994	2630	45800
567	2866	45800
835	2387	45900
1415	2863	46100
350	2916	46200
793	2463	46200
510	2617	46200
1790	2244	46400
1727	2677	46400
183	2866	46500
664	2218	46600
96	2771	46600
971	2124	46700
1146	2990	46700
1568	2885	46800
1452	2939	46900
104	2697	46900
1611	2813	47000
649	2569	47000
1863	2839	47000
920	2660	47200
1206	2396	47200
323	2283	47200
886	2387	47200
241	2610	47200
1539	2607	47300
179	2110	47400
1235	2236	47600
489	2099	47600
542	2779	47600
1290	2739	47600
28	2576	47700
1915	2640	47700
1465	2133	47700
1	2312	47800
1873	2443	47800
212	2429	47900
1914	2102	47900
1692	2834	48000
1393	2235	48100
763	2652	48100
1139	2013	48100
1253	2381	48100
968	2700	48200
1977	2755	48300
1821	2117	48300
768	2722	48500
1895	2958	48500
373	2289	48600
387	2449	48700
1675	2262	48700
1732	2783	48800
975	2698	48800
384	2310	48800
646	2429	48900
775	2158	49100
1785	2459	49200
1411	2894	49200
1057	2165	49200
661	2224	49300
1548	2798	49300
1423	2004	49400
31	2456	49400
1431	2362	49400
1414	2534	49400
698	2163	49500
1029	2261	49600
1037	2308	49600
1870	2924	49700
1427	2769	49700
1480	2261	49800
1049	2415	49800
939	2329	49900
1967	2858	50000
979	2253	50000
169	2289	50100
1804	2211	50200
425	2985	50200
1770	2343	50300
843	2001	50300
1859	2915	50500
37	2439	50500
1887	2817	50500
1889	2369	50500
644	2908	50500
411	2729	50600
958	2361	50600
72	2753	50600
189	2344	50800
1539	2327	51200
1442	2179	51300
272	2783	51300
683	2594	51300
1128	2182	51300
488	2099	51400
692	2823	51400
1398	2644	51400
831	2550	51500
268	2440	51700
543	2532	51800
809	2800	51900
1144	2521	51900
617	2115	51900
902	2035	52000
1556	2962	52100
1032	2489	52100
1399	2930	52200
1030	2760	52200
1195	2702	52300
1540	2193	52300
757	2612	52400
842	2162	52600
324	2699	52700
1468	2525	52700
807	2638	52700
336	2534	52700
167	2402	52800
954	2139	52900
59	2537	53100
1402	2399	53100
206	2334	53200
180	2479	53300
1509	2729	53300
1019	2515	53300
1352	2140	53400
795	2678	53500
1025	2335	53500
1897	2021	53600
466	2166	53700
1661	2479	53800
1764	2624	53900
1312	2483	54100
1318	2364	54200
763	2447	54200
1004	2938	54300
1	2012	54400
1798	2165	54400
1975	2898	54400
531	2792	54400
915	2661	54400
825	2902	54500
1370	2662	54500
1654	2774	54600
1335	2779	54600
1950	2050	54700
431	2762	54800
54	2406	54900
1340	2354	55000
374	2209	55000
1202	2642	55000
1163	2631	55100
1073	2436	55100
917	2568	55100
1238	2140	55200
252	2783	55200
666	2838	55200
773	2082	55200
1544	2914	55300
885	2269	55300
1922	2725	55300
1432	2464	55500
663	2932	55500
900	2558	55500
275	2144	55500
421	2780	55600
910	2457	55600
214	2489	55700
1991	2500	55700
933	2586	55800
1367	2701	55800
86	2219	55800
910	2345	55900
892	2501	56000
652	2858	56000
1190	2099	56100
667	2771	56100
1166	2531	56300
577	2146	56300
991	2066	56400
153	2303	56500
1942	2931	56500
1833	2402	56500
276	2507	56600
1541	2205	56600
1152	2790	56600
462	2435	56600
705	2189	56800
1835	2788	56800
157	2544	57000
1220	2770	57000
314	2954	57000
93	2977	57100
725	2782	57100
1652	2962	57200
1042	2811	57200
25	2885	57300
545	2991	57300
1479	2507	57400
814	2268	57600
1326	2457	57600
827	2751	57700
1404	2873	57700
410	2978	57700
1669	2333	57900
1764	2980	57900
1281	2046	57900
1181	2914	58000
15	2145	58000
796	2198	58100
428	2521	58100
575	2597	58100
263	2307	58400
341	2552	58600
722	2212	58600
1818	2817	58700
1946	2002	58700
1227	2885	58800
1613	2069	58800
788	2487	58800
1640	2777	58800
890	2217	58900
1614	2624	59000
1010	2402	59100
350	2004	59200
567	2086	59200
1063	2755	59300
44	2889	59300
913	2110	59300
1071	2419	59400
571	2568	59400
1503	2493	59500
465	2822	59600
196	2735	59700
1217	2832	59700
590	2541	59800
754	2014	59800
1470	2637	60000
881	2873	60000
1101	2884	60100
1743	2758	60100
946	2042	60200
1985	2064	60200
1206	2454	60300
1338	2048	60400
896	2809	60400
1594	2477	60500
1647	2089	60500
830	2218	60600
1901	2187	60600
819	2670	60600
327	2195	60700
1722	2775	60700
1964	2971	60800
64	2687	60800
1418	2850	61000
105	2845	61000
1861	2058	61200
695	2305	61200
985	2321	61200
1203	2905	61200
356	2584	61200
704	2609	61300
589	2408	61400
758	2129	61400
134	2109	61500
1099	2221	61500
450	2105	61600
1696	2368	61700
1188	2904	61800
1247	2163	61800
1544	2587	61900
1492	2917	61900
610	2337	62000
32	2921	62100
1717	2031	62200
744	2321	62400
210	2651	62500
363	2863	62500
1321	2339	62500
1268	2786	62600
1165	2612	62600
186	2665	62700
1198	2971	62700
672	2174	62800
1141	2359	62800
1292	2271	62900
1974	2677	62900
1979	2655	63200
411	2522	63200
1149	2823	63200
1663	2643	63200
1213	2638	63200
1078	2980	63300
563	2971	63400
1307	2698	63400
1793	2932	63400
1705	2804	63500
1601	2521	63500
1429	2119	63500
1816	2502	63700
1483	2411	63900
143	2407	63900
469	2611	64000
1926	2620	64000
67	2237	64100
1189	2697	64100
484	2089	64200
75	2938	64200
1704	2296	64300
392	2580	64400
912	2797	64400
596	2882	64500
1201	2603	64600
1668	2211	64700
655	2093	64800
1077	2196	64800
1574	2837	64800
187	2714	65000
1510	2946	65000
856	2374	65000
312	2296	65000
602	2504	65000
1741	2064	65000
703	2341	65100
1609	2302	65200
1857	2554	65200
1330	2706	65200
322	2409	65300
113	2598	65300
110	2803	65300
893	2661	65500
1017	2342	65600
1726	2261	65600
1891	2461	65600
1670	2456	65800
1667	2819	65800
588	2202	65800
847	2958	65900
1264	2839	65900
376	2379	66000
727	2448	66100
625	2151	66100
619	2074	66100
1190	2429	66100
1385	2843	66100
1942	2162	66200
1194	2313	66400
578	2496	66500
1345	2078	66600
1121	2192	66600
1902	2243	66600
1969	2828	66600
303	2608	66700
216	2388	66900
1686	2896	67000
7	2035	67100
1837	2617	67200
1325	2553	67300
402	2700	67400
1389	2460	67400
1783	2429	67500
1936	2392	67600
371	2032	67700
952	2983	67800
996	2487	67800
1262	2974	67800
362	2872	67800
1299	2756	68000
1466	2047	68000
1820	2518	68100
798	2710	68100
689	2854	68400
802	2632	68400
564	2275	68400
1192	2312	68500
1034	2269	68500
1279	2384	68500
1284	2020	68600
381	2430	68700
568	2314	68700
1020	2718	68800
140	2692	68800
1049	2767	68800
1731	2207	68900
997	2719	68900
1888	2875	69100
822	2902	69100
1056	2003	69200
1814	2769	69200
527	2338	69300
862	2853	69300
1072	2601	69300
1642	2031	69300
1371	2962	69400
1876	2522	69400
456	2170	69500
389	2246	69500
26	2744	69500
739	2674	69500
309	2435	69500
1711	2264	69600
1595	2627	69600
1735	2836	69600
767	2614	69600
857	2311	69600
343	2493	69700
1849	2138	69700
1068	2931	69800
1678	2635	70000
1166	2786	70000
620	2073	70300
1665	2218	70300
1603	2399	70300
1646	2317	70400
661	2672	70400
1733	2163	70400
696	2579	70600
52	2029	70600
1102	2517	70700
1071	2604	70800
8	2600	70800
597	2411	70800
1723	2749	70900
494	2177	71000
1968	2957	71000
738	2337	71100
870	2158	71200
967	2577	71200
257	2037	71400
347	2423	71400
1577	2587	71500
165	2955	71600
971	2338	71700
404	2295	71700
1131	2552	71800
834	2703	71800
779	2357	71900
519	2034	72000
171	2951	72000
1975	2363	72000
653	2327	72100
309	2547	72100
587	2495	72200
609	2624	72200
466	2447	72200
636	2535	72300
1607	2591	72300
773	2693	72300
1268	2706	72300
1355	2185	72400
990	2451	72400
269	2749	72400
750	2404	72500
1433	2495	72500
1178	2430	72600
292	2316	72600
399	2994	72600
1030	2807	72600
904	2307	72900
755	2644	72900
1719	2632	72900
159	2502	72900
56	2042	73100
1246	2487	73100
300	2561	73200
1329	2900	73200
1911	2741	73200
419	2285	73200
1455	2563	73300
352	2254	73300
1375	2102	73300
839	2322	73300
995	2112	73400
316	2833	73400
1350	2606	73500
331	2923	73500
285	2669	73600
1502	2700	73600
1658	2923	73600
869	2899	73700
1266	2754	73800
1099	2056	73800
1806	2906	73800
1407	2011	73900
1867	2254	73900
909	2847	73900
1089	2999	73900
1929	2646	74000
1152	2220	74200
1448	2182	74200
551	2136	74200
142	2694	74300
533	2424	74300
299	2992	74400
1635	2761	74400
1297	2514	74600
1570	2542	74600
1637	2832	74600
153	2992	74700
73	2559	74700
1248	2350	74700
808	2121	74800
1552	2737	74800
682	2263	74900
876	2161	74900
57	2295	74900
1948	2535	75000
573	2297	75000
891	2868	75000
233	2713	75100
422	2846	75100
1932	2577	75100
766	2101	75100
728	2741	75200
113	2573	75200
833	2016	75300
332	2810	75300
1040	2868	75300
203	2093	75300
1000	2306	75300
412	2454	75400
1946	2987	75400
972	2349	75500
1728	2262	75500
645	2950	75700
1439	2865	75700
1148	2900	75700
1493	2811	75700
368	2650	75700
504	2788	75700
576	2668	75800
739	2478	75800
276	2865	75800
1532	2392	75900
1352	2970	75900
1805	2274	75900
127	2972	76000
577	2547	76000
1107	2317	76100
1386	2034	76200
275	2094	76200
1856	2437	76300
662	2882	76300
115	2641	76300
314	2170	76400
1734	2856	76600
980	2738	76800
680	2537	76800
1211	2316	76800
1125	2092	76800
1831	2366	76800
1590	2730	76900
1130	2360	76900
1026	2953	76900
927	2772	77000
1984	2461	77000
35	2692	77100
220	2395	77100
152	2807	77100
194	2236	77200
1274	2110	77200
291	2054	77200
1644	2678	77300
1919	2824	77400
1900	2354	77400
1646	2091	77500
194	2391	77500
587	2732	77500
277	2297	77500
536	2824	77500
1051	2049	77500
943	2570	77700
995	2331	77900
970	2473	77900
495	2498	78000
1858	2362	78000
244	2496	78100
554	2396	78100
1344	2461	78100
1414	2730	78100
83	2567	78200
1929	2233	78200
1847	2563	78300
440	2051	78300
70	2340	78300
1897	2331	78300
508	2260	78400
1596	2507	78600
479	2784	78600
817	2350	78700
1710	2769	78700
1048	2563	78800
104	2940	78800
1285	2443	78800
1886	2608	78800
1234	2120	78900
1714	2955	79200
1010	2008	79200
1823	2412	79200
1998	2393	79300
893	2015	79300
1581	2277	79400
1004	2358	79400
1003	2914	79400
1748	2111	79600
1272	2266	79700
22	2600	79700
923	2961	79700
120	2759	79700
581	2066	79800
426	2554	79800
1313	2036	79800
105	2792	79900
1774	2861	80000
1960	2828	80000
1752	2653	80100
781	2546	80100
281	2286	80200
1209	2137	80400
1076	2477	80500
1114	2266	80600
1924	2968	80700
1681	2603	80700
784	2712	80700
1085	2758	80700
1367	2033	80800
1168	2523	80900
23	2828	80900
1757	2546	80900
4	2810	81000
1515	2144	81100
336	2887	81200
1967	2120	81200
517	2181	81200
1869	2799	81300
1869	2976	81300
1412	2542	81300
1203	2199	81300
1908	2584	81400
1971	2397	81400
329	2466	81500
392	2679	81500
978	2339	81500
514	2474	81600
1742	2972	81800
607	2548	81900
1781	2173	81900
526	2625	82000
387	2167	82100
1469	2516	82100
1644	2645	82200
1463	2498	82300
700	2607	82300
116	2037	82400
1756	2881	82400
612	2997	82500
1524	2441	82600
1258	2762	82700
11	2837	82700
202	2683	82700
586	2383	82800
1718	2059	82800
144	2659	82900
741	2426	83000
635	2401	83000
1314	2716	83100
1519	2389	83100
686	2739	83100
451	2107	83300
1999	2598	83400
1066	2506	83900
25	2469	84100
810	2398	84100
614	2875	84300
42	2374	84300
855	2697	84300
557	2533	84400
1659	2114	84500
447	2764	84600
1140	2380	84600
549	2480	84900
1957	2856	84900
605	2906	85000
2	2794	85200
1685	2062	85200
1204	2774	85200
1090	2796	85300
1302	2842	85400
611	2363	85400
837	2209	85500
13	2668	85500
1738	2516	85500
797	2146	85500
521	2801	85600
1100	2168	85700
1940	2977	85700
752	2689	85800
1324	2911	85800
86	2382	85800
65	2002	85800
321	2957	85800
829	2050	85900
319	2352	86000
883	2327	86000
1801	2802	86000
930	2461	86000
213	2491	86000
1372	2599	86200
1164	2381	86200
1041	2466	86300
1055	2042	86300
1639	2266	86300
1612	2676	86300
1068	2686	86500
379	2154	86500
937	2470	86600
1604	2652	86700
701	2244	86900
639	2026	86900
251	2103	86900
1633	2633	87100
1377	2138	87100
1702	2506	87300
232	2410	87600
1799	2219	87600
1230	2054	87600
745	2942	87800
716	2713	87800
1228	2737	87800
1429	2241	87800
1074	2816	87900
198	2933	87900
1346	2125	88000
795	2058	88200
172	2370	88300
1786	2516	88300
1304	2960	88400
1576	2111	88500
1854	2976	88500
1934	2869	88500
604	2999	88500
1382	2726	88800
959	2005	88900
1877	2549	89000
1345	2164	89100
60	2174	89100
132	2155	89200
1887	2820	89300
1930	2477	89300
394	2817	89500
394	2394	89600
1197	2723	89700
866	2660	89900
390	2182	89900
1353	2352	90100
1920	2354	90100
462	2531	90200
1518	2864	90300
1349	2642	90300
204	2080	90400
318	2812	90400
622	2667	90400
1387	2397	90400
1585	2394	90500
1987	2343	90600
938	2594	90600
1851	2966	90700
1711	2919	90800
676	2377	90900
563	2887	91100
771	2556	91100
1307	2472	91200
934	2504	91200
383	2708	91300
868	2290	91300
253	2540	91400
1400	2250	91500
341	2007	91500
1093	2180	91500
1793	2333	91600
1253	2895	91600
12	2738	91900
1784	2707	92000
514	2082	92100
1374	2343	92300
1493	2167	92400
401	2103	92500
1892	2494	92800
281	2690	92800
1734	2043	92900
1679	2961	92900
1067	2738	93000
1365	2055	93000
792	2470	93100
174	2058	93200
1039	2776	93200
653	2607	93200
1110	2963	93300
1788	2372	93300
455	2580	93300
223	2185	93400
1180	2503	93500
1265	2043	93700
375	2701	93700
1048	2453	93900
828	2876	93900
987	2245	93900
30	2220	94100
847	2348	94100
1557	2440	94200
1453	2373	94200
1368	2009	94300
1171	2323	94700
95	2193	94900
1925	2191	94900
121	2559	95000
1555	2886	95100
783	2474	95100
1160	2886	95300
1933	2916	95300
123	2115	95400
279	2533	95400
1379	2548	95400
124	2985	95400
1244	2468	95500
102	2545	95700
1827	2833	95900
1177	2036	95900
292	2349	96100
968	2805	96100
940	2231	96100
415	2988	96600
94	2421	96600
729	2557	96900
756	2350	96900
1076	2668	97000
1191	2378	97200
532	2242	97400
1802	2658	97500
28	2913	97700
1346	2740	97900
311	2954	98100
974	2870	98200
1628	2715	98200
760	2305	98500
1270	2645	98600
415	2952	98700
1210	2694	98800
349	2756	99000
1693	2422	99000
122	2548	99000
824	2891	99000
1222	2806	99100
1982	2340	99300
1500	2282	99400
156	2030	99500
1917	2663	99700
1425	2716	99700
1463	2222	99800
1208	2658	100000
489	2881	100200
294	2403	100200
919	2586	100400
811	2581	100500
1246	2427	100600
237	2775	100600
943	2393	100700
998	2024	100700
1281	2715	100800
472	2308	100900
585	2683	101400
1836	2038	101400
1175	2179	101800
418	2161	101800
1453	2836	102000
1963	2344	102000
1590	2094	102000
1461	2803	102300
977	2830	102300
505	2540	102300
1069	2710	102400
712	2497	102400
629	2805	102500
506	2494	102600
1407	2683	102700
1116	2687	102700
434	2649	102800
1941	2239	102800
1022	2347	103100
1278	2084	103200
861	2874	103500
1631	2806	103500
1859	2066	104000
302	2584	104000
357	2681	104000
659	2996	104000
1819	2358	104100
114	2643	104200
908	2503	104400
1230	2654	104700
1145	2405	104900
359	2867	105000
988	2006	105000
690	2027	105100
40	2107	105300
853	2036	105500
862	2747	105700
894	2130	105700
1490	2850	105900
955	2019	105900
63	2686	106000
1916	2471	106100
935	2450	106100
1813	2155	106400
820	2013	106400
167	2008	106500
1081	2541	106600
1691	2081	106600
12	2030	106700
1372	2510	106800
565	2947	106900
39	2591	106900
1267	2972	107000
422	2177	107200
1146	2238	107300
1937	2510	107400
541	2860	107400
1138	2541	107500
1173	2649	107700
708	2222	107700
694	2098	108000
753	2903	108000
460	2238	108200
1097	2496	108300
1672	2154	108400
457	2918	108600
1535	2511	108600
518	2427	108700
1147	2813	109100
248	2021	109200
1250	2950	109300
1520	2732	109300
1903	2019	109300
1095	2488	109400
1920	2513	109500
803	2364	109700
209	2027	109800
1083	2611	110000
900	2958	110000
89	2663	110100
1508	2197	110300
143	2687	110400
1901	2744	110500
651	2839	110700
1956	2123	110900
1360	2666	111100
1855	2712	111900
643	2216	112000
464	2570	112200
1586	2488	112200
1363	2819	112400
1276	2194	112400
637	2759	112400
1215	2069	112500
840	2990	112500
1043	2880	112600
1361	2722	112800
174	2417	112900
405	2869	113600
1410	2659	113800
1504	2054	113900
1095	2061	113900
1570	2438	114300
1452	2802	114700
1572	2534	115100
634	2235	115500
657	2405	115600
650	2674	115800
1933	2832	115800
1631	2961	116100
1518	2797	116300
1598	2716	116800
1329	2580	117000
372	2801	117000
668	2282	117900
357	2546	118400
1050	2676	118800
330	2232	118900
253	2936	118900
458	2688	119100
429	2192	119100
1898	2520	119100
738	2628	119400
1713	2785	120100
936	2149	120200
1832	2277	120500
984	2706	120500
903	2581	120600
393	2366	120700
906	2932	120800
907	2575	120900
1036	2184	121200
1274	2006	121500
171	2377	121600
264	2123	121800
846	2018	122100
612	2149	122200
1860	2377	122400
673	2152	122600
1538	2065	122600
625	2680	122900
882	2065	123700
1447	2864	123800
17	2684	123900
1205	2456	124300
553	2308	124500
685	2389	124900
873	2871	125100
870	2750	125300
1739	2997	125500
234	2066	125600
1893	2118	125600
859	2232	126200
280	2733	126300
1155	2650	126400
1597	2409	127700
851	2883	127800
1167	2170	128000
21	2024	128200
979	2558	128900
1358	2556	129500
657	2065	129500
963	2018	129600
981	2591	129800
151	2524	130100
320	2355	130100
9	2782	130200
351	2997	130800
1008	2309	130900
746	2376	131200
1103	2320	131200
166	2653	131300
185	2935	131500
1383	2861	131700
857	2581	131700
1460	2222	131900
1489	2471	132100
898	2713	132100
710	2917	132100
1331	2628	132100
992	2544	132400
732	2081	132500
1846	2229	132500
1621	2691	132800
706	2290	133100
285	2228	133500
1303	2391	133600
1611	2610	134000
901	2308	134200
1904	2172	134200
293	2155	134300
421	2371	134800
556	2968	135500
1788	2610	135700
190	2045	135700
1718	2311	135900
604	2515	136500
1796	2105	136800
487	2838	137000
1118	2229	137500
406	2067	138300
962	2731	139000
1446	2390	139000
1726	2834	139100
816	2213	139200
365	2537	139400
740	2894	139400
1545	2628	139400
477	2118	139500
1294	2879	139800
876	2953	139800
403	2228	140700
1559	2793	140800
1057	2100	140900
1376	2280	140900
340	2286	141600
1503	2196	141700
726	2152	141700
360	2613	142000
262	2106	142200
1558	2482	142500
1906	2757	142600
1420	2346	142700
1878	2231	142800
83	2784	143100
1844	2664	143900
176	2777	144300
664	2834	144400
552	2045	144800
68	2390	144900
976	2856	145000
1840	2465	145000
1332	2549	145400
1660	2258	145800
1505	2883	146100
1626	2318	146200
1334	2937	146400
41	2417	147200
1306	2156	147200
1765	2213	147300
1560	2722	147700
693	2565	148000
1980	2355	148000
982	2088	148100
66	2593	148400
1645	2181	149600
340	2007	149700
1007	2616	149700
660	2564	150900
1494	2471	151100
994	2281	151200
920	2709	151500
438	2379	151600
1029	2949	151900
1460	2498	152000
525	2413	152000
1612	2085	152200
1082	2175	152400
1593	2234	152600
306	2882	153000
220	2905	153000
678	2520	153100
139	2379	153900
761	2478	154100
579	2707	154200
1150	2636	154300
864	2545	154800
811	2935	154800
823	2425	155000
139	2204	155100
962	2315	155200
1662	2263	155400
1762	2052	155400
1682	2074	156000
558	2478	156000
1677	2827	156400
1109	2156	157100
1923	2959	157200
1752	2081	158500
1260	2776	159100
258	2942	159700
1746	2132	160100
1254	2565	161500
1245	2309	161600
46	2671	161700
1081	2710	162200
1815	2474	163400
1755	2922	163600
1697	2119	163800
34	2283	165200
100	2976	165300
1456	2062	165300
1517	2757	165500
945	2861	165600
1354	2564	166500
621	2419	167000
845	2088	167300
484	2359	167400
595	2975	168200
1720	2705	169500
48	2879	169600
1013	2746	169700
699	2945	170000
875	2975	170100
1333	2784	170100
1104	2574	170600
1608	2588	170700
391	2949	170800
1986	2365	171000
57	2045	171300
1535	2746	171500
1536	2917	173400
775	2851	174100
441	2318	174200
1462	2753	174700
1701	2347	175000
1263	2480	175200
138	2199	175900
1690	2515	179100
317	2260	179300
1019	2679	179600
58	2319	180800
1129	2996	182000
369	2621	183100
623	2654	183400
1812	2847	184400
718	2505	184900
925	2210	185100
183	2086	185200
1874	2375	185400
38	2883	185900
100	2799	186600
1825	2982	187700
1599	2028	187900
396	2000	188000
503	2442	188200
1012	2890	188700
1578	2945	189000
1242	2426	189300
1123	2223	190200
1737	2087	191200
1148	2281	191800
1583	2720	192200
1843	2052	192700
247	2424	194600
383	2721	195100
452	2508	195400
1956	2437	196800
388	2526	197200
1016	2512	198300
1061	2727	198600
647	2351	201200
1320	2418	202100
1287	2721	202400
1284	2420	202800
326	2462	203600
1588	2428	203900
389	2576	204600
1765	2356	205300
1649	2186	205800
1491	2077	205900
652	2947	206500
170	2000	207500
888	2408	208000
1411	2310	208800
224	2671	209000
1676	2276	209800
203	2649	209800
1696	2596	210900
1028	2049	212000
1923	2318	212500
1800	2425	213200
1625	2574	214600
707	2168	215100
310	2996	215300
1610	2941	216800
480	2451	216900
298	2823	217800
288	2696	218200
1688	2598	220100
125	2366	221400
627	2859	222600
1259	2829	222700
1361	2476	223100
133	2310	223300
758	2127	223400
986	2790	223500
774	2278	223700
1592	2370	224700
1127	2184	225800
1674	2462	226400
117	2226	227600
1773	2682	227600
1533	2613	229400
1608	2664	229700
1874	2951	230400
66	2431	230500
313	2890	230800
408	2511	232700
1809	2689	232900
493	2183	236700
1384	2167	237300
953	2657	239100
1426	2907	239800
737	2995	240800
784	2773	243000
1328	2724	243200
1062	2988	243300
570	2511	246500
1149	2616	249400
1690	2601	250100
1459	2910	250300
1378	2606	250400
1965	2156	250500
1540	2283	250700
884	2708	251100
555	2458	251200
642	2732	254500
1124	2259	255100
377	2787	257200
1982	2436	258100
1884	2629	260900
1101	2685	261500
1226	2648	263200
334	2981	263600
821	2356	264000
1934	2133	265300
1812	2574	266200
254	2505	267500
181	2874	267800
400	2097	269500
1651	2315	270300
84	2160	272800
267	2241	273200
1036	2846	273700
1610	2226	274000
1593	2097	277400
949	2069	277500
1527	2770	278800
158	2450	283000
136	2844	283700
665	2827	284000
380	2960	285800
1395	2442	286300
800	2112	286400
219	2315	288200
219	2538	292800
1564	2129	294400
983	2304	296200
200	2176	296500
1287	2708	296500
131	2944	296900
918	2280	298300
515	2178	299000
1641	2483	301100
1970	2175	303000
1305	2008	303000
178	2741	303900
1079	2879	304500
1885	2332	305200
1997	2728	307300
103	2418	309500
195	2629	310300
254	2929	311000
164	2259	313300
1866	2944	315200
1512	2549	316700
77	2028	318400
433	2517	320600
1885	2582	321900
584	2077	324000
491	2831	324400
1207	2582	325100
749	2608	325200
1775	2413	325300
1135	2593	331100
482	2356	331100
326	2214	332100
1011	2910	334600
965	2682	338000
224	2790	340300
844	2178	343300
1184	2950	344400
547	2977	345000
469	2854	346700
1745	2785	347100
423	2647	348000
512	2465	348100
679	2197	348500
160	2462	349500
1779	2403	353300
1375	2014	355200
1541	2561	358200
1135	2894	359900
966	2048	360300
1356	2078	364000
603	2028	365100
1580	2210	366200
229	2935	367500
702	2365	374200
983	2097	374900
867	2183	375100
1269	2925	378900
288	2629	379100
747	2720	380100
1687	2718	386000
723	2368	387000
131	2228	387600
