638	2116	200
1366	2645	200
1646	2094	200
1677	2214	200
1039	2152	200
332	2383	200
527	2670	200
101	2413	200
92	2587	200
1234	2273	200
1492	2627	200
1103	2632	200
1181	2531	300
1760	2091	300
211	2565	300
1979	2351	300
1911	2497	300
921	2495	300
1340	2652	300
350	2386	300
140	2933	300
120	2346	300
917	2852	300
955	2737	300
1981	2256	300
1296	2973	300
639	2595	300
1913	2317	300
1883	2282	300
1141	2249	300
756	2659	400
2	2290	400
1880	2490	400
1693	2862	400
1699	2372	400
349	2649	400
128	2935	400
1624	2248	400
1577	2927	400
1304	2252	400
1224	2262	400
1631	2877	400
152	2368	400
567	2837	400
1618	2648	400
1909	2636	400
556	2034	500
1775	2738	500
1632	2919	500
1362	2664	500
22	2326	500
1339	2300	500
184	2387	500
370	2671	500
622	2444	500
608	2298	600
261	2735	600
1211	2313	600
1201	2611	600
1716	2683	600
787	2959	600
1563	2655	600
1888	2246	600
830	2865	600
1896	2517	600
1237	2143	600
1798	2371	600
1140	2299	600
1724	2702	600
1421	2096	600
517	2359	600
444	2112	600
52	2086	600
1956	2805	600
1960	2395	600
180	2102	600
58	2518	600
731	2963	700
1363	2039	700
974	2356	700
1100	2222	700
1037	2481	700
1859	2613	700
1297	2486	700
408	2230	700
1483	2467	700
1595	2627	700
1460	2937	700
130	2195	700
1351	2268	700
1379	2676	700
465	2583	700
1012	2508	700
275	2302	800
1229	2390	800
403	2282	800
458	2544	800
1124	2883	800
1138	2844	800
346	2678	800
174	2220	800
1353	2560	800
1970	2002	800
906	2272	800
1474	2759	800
977	2380	800
1873	2617	800
1669	2681	800
1221	2461	800
1821	2661	800
633	2473	900
867	2342	900
1314	2313	900
1346	2865	900
434	2370	900
116	2680	900
710	2869	900
478	2892	900
270	2100	900
386	2590	900
1195	2065	900
839	2251	900
1657	2953	900
504	2485	900
521	2221	900
1419	2562	900
1385	2435	900
1403	2667	1000
1552	2017	1000
1081	2037	1000
632	2722	1000
127	2376	1000
1370	2863	1000
1708	2476	1000
1405	2945	1000
481	2696	1000
426	2670	1000
392	2458	1000
1245	2892	1000
1606	2917	1000
487	2165	1000
894	2641	1000
184	2813	1000
1683	2542	1000
1242	2684	1000
1150	2045	1000
1361	2592	1100
550	2375	1100
294	2123	1100
619	2552	1100
1490	2754	1100
772	2652	1100
268	2897	1100
1301	2800	1100
745	2194	1100
518	2952	1100
625	2027	1100
1009	2233	1100
969	2026	1100
1273	2381	1100
1515	2719	1100
726	2672	1200
1426	2883	1200
1034	2850	1200
901	2417	1200
1063	2747	1200
33	2881	1200
658	2114	1200
598	2285	1200
896	2627	1200
1801	2253	1200
1482	2088	1200
1679	2845	1200
1349	2010	1200
1442	2534	1300
1392	2669	1300
511	2128	1300
449	2914	1300
1390	2498	1300
1776	2410	1300
315	2770	1300
1398	2644	1300
313	2111	1300
1027	2015	1300
324	2491	1300
1094	2750	1400
442	2399	1400
1403	2559	1400
285	2735	1400
1685	2421	1400
1572	2690	1400
47	2227	1400
390	2448	1400
1650	2211	1400
1785	2901	1400
205	2470	1400
906	2871	1400
1398	2627	1400
1553	2359	1400
284	2200	1400
1143	2774	1400
722	2937	1400
959	2577	1400
1717	2855	1400
1195	2088	1400
1079	2671	1400
852	2938	1400
1236	2934	1400
472	2131	1500
1068	2207	1500
155	2678	1500
660	2831	1500
440	2616	1500
153	2733	1500
1116	2670	1500
1777	2827	1500
1881	2325	1500
107	2487	1500
902	2563	1500
450	2053	1500
240	2728	1500
122	2638	1500
406	2925	1500
1726	2298	1600
1093	2388	1600
623	2128	1600
1593	2796	1600
1327	2552	1600
426	2539	1600
1169	2759	1600
790	2770	1600
1344	2751	1600
45	2917	1600
1484	2993	1600
213	2986	1600
1718	2742	1700
483	2943	1700
785	2971	1700
67	2611	1700
1048	2893	1700
904	2678	1700
684	2704	1700
1163	2616	1700
1325	2257	1700
280	2171	1700
355	2351	1700
364	2224	1700
1965	2203	1700
415	2001	1700
960	2503	1700
792	2931	1700
1574	2151	1700
1001	2525	1700
531	2101	1700
754	2596	1700
839	2320	1700
1404	2449	1700
1119	2237	1700
1312	2315	1700
1146	2734	1800
401	2963	1800
849	2809	1800
200	2375	1800
1501	2550	1800
234	2070	1800
1687	2512	1800
109	2601	1800
358	2031	1800
1900	2877	1800
1202	2758	1800
1833	2715	1800
608	2159	1900
728	2069	1900
1944	2066	1900
850	2930	1900
860	2897	1900
355	2060	1900
408	2398	1900
1612	2472	1900
1623	2380	1900
874	2423	1900
558	2784	1900
246	2319	1900
1021	2942	1900
112	2223	1900
1010	2344	1900
1477	2358	1900
435	2767	1900
1566	2466	1900
1963	2948	2000
179	2531	2000
552	2150	2000
1742	2478	2000
1942	2594	2000
1640	2294	2000
1259	2361	2000
569	2085	2000
1823	2321	2000
526	2402	2000
1512	2839	2000
1599	2058	2000
1494	2277	2100
1178	2553	2100
49	2006	2100
899	2471	2100
436	2042	2100
137	2451	2100
204	2089	2100
746	2912	2100
1258	2160	2100
459	2744	2100
517	2260	2100
555	2241	2100
1526	2682	2100
1931	2079	2100
146	2323	2100
1758	2333	2100
701	2041	2200
1725	2218	2200
171	2828	2200
560	2720	2200
684	2139	2200
1794	2665	2200
1196	2156	2200
471	2662	2200
246	2511	2200
740	2371	2200
21	2181	2200
1422	2231	2200
290	2953	2200
794	2969	2200
1085	2103	2200
220	2592	2200
1337	2889	2200
1071	2476	2300
1066	2633	2300
1600	2912	2300
740	2446	2300
16	2291	2300
1630	2292	2300
1984	2697	2300
479	2121	2300
1200	2426	2400
618	2286	2400
779	2336	2400
847	2073	2400
446	2796	2400
185	2660	2400
257	2561	2400
802	2213	2400
653	2060	2400
837	2440	2400
569	2777	2400
1538	2029	2400
163	2455	2400
77	2390	2400
1702	2856	2500
437	2187	2500
533	2266	2500
287	2320	2500
1822	2363	2500
1625	2582	2500
1002	2568	2500
780	2643	2500
1503	2654	2500
187	2983	2600
1218	2764	2600
1124	2311	2600
1944	2169	2600
1735	2370	2600
1092	2307	2600
492	2203	2600
99	2219	2600
1902	2055	2600
1574	2642	2600
625	2555	2600
680	2624	2600
1983	2808	2600
1304	2163	2600
40	2268	2600
1559	2309	2600
1871	2813	2600
1095	2717	2600
1369	2237	2600
805	2688	2700
1147	2347	2700
1226	2817	2700
1992	2434	2700
82	2013	2700
298	2585	2700
677	2761	2700
1952	2259	2700
801	2954	2700
592	2315	2700
715	2425	2800
1003	2867	2800
1643	2066	2800
1445	2711	2800
711	2724	2800
439	2888	2800
545	2964	2800
1772	2906	2900
459	2486	2900
1766	2945	2900
1113	2560	2900
897	2748	2900
499	2770	2900
1019	2847	2900
694	2165	2900
1479	2188	2900
1663	2221	2900
10	2015	2900
126	2288	3000
1309	2077	3000
462	2062	3000
1481	2850	3000
863	2432	3000
1000	2522	3000
1850	2420	3000
1731	2709	3000
746	2569	3000
150	2567	3000
186	2814	3000
1447	2101	3000
566	2021	3000
1379	2728	3000
1189	2801	3000
15	2891	3000
685	2129	3000
1264	2934	3000
1974	2110	3000
1664	2954	3000
1755	2148	3100
596	2263	3100
1393	2430	3100
54	2883	3100
1501	2618	3100
1596	2863	3100
110	2645	3100
1508	2718	3100
697	2981	3100
464	2658	3100
1840	2914	3100
56	2870	3100
1017	2141	3100
388	2621	3100
327	2160	3100
898	2048	3100
143	2398	3100
149	2698	3100
141	2225	3100
1851	2880	3100
1680	2684	3100
831	2071	3100
1445	2000	3200
972	2177	3200
703	2119	3200
793	2153	3200
1989	2630	3200
571	2775	3200
1712	2684	3200
58	2350	3200
1829	2529	3300
1475	2418	3300
300	2182	3300
853	2604	3300
838	2447	3300
1784	2786	3300
1088	2559	3300
1603	2058	3300
840	2390	3300
90	2844	3400
449	2155	3400
233	2187	3400
1623	2724	3400
1233	2556	3400
1895	2223	3400
777	2504	3400
826	2032	3400
607	2240	3400
1064	2978	3400
540	2342	3500
841	2173	3500
108	2603	3500
1102	2693	3500
747	2948	3500
1302	2856	3500
1121	2863	3500
1283	2339	3500
1307	2776	3500
1050	2273	3500
822	2891	3500
1736	2509	3500
1729	2750	3600
1716	2816	3600
1417	2637	3600
897	2420	3600
373	2175	3600
232	2674	3600
147	2461	3600
961	2843	3600
813	2792	3600
1882	2855	3600
1376	2726	3600
111	2707	3600
1588	2973	3600
1485	2688	3700
296	2245	3700
1458	2991	3700
1861	2168	3700
1531	2763	3700
920	2658	3700
1055	2701	3700
872	2668	3700
1813	2806	3700
1866	2304	3700
224	2306	3700
115	2103	3700
1768	2834	3800
599	2995	3800
1560	2578	3800
1802	2406	3800
1904	2328	3800
1687	2496	3800
1307	2146	3800
323	2212	3800
1114	2966	3800
222	2322	3800
298	2005	3800
1758	2528	3800
931	2609	3900
413	2025	3900
7	2756	3900
1395	2740	3900
649	2904	3900
1535	2496	3900
702	2578	3900
396	2637	3900
798	2762	3900
1799	2535	3900
1435	2746	3900
1328	2810	3900
86	2156	3900
1516	2933	3900
165	2792	3900
1743	2403	3900
1084	2596	3900
77	2464	3900
547	2534	3900
1943	2059	3900
1755	2308	4000
1748	2352	4000
506	2025	4000
98	2007	4000
255	2158	4000
1850	2330	4000
1170	2258	4000
244	2748	4000
554	2516	4000
973	2847	4000
42	2241	4000
1550	2309	4000
951	2589	4000
1928	2933	4000
278	2582	4000
275	2422	4000
452	2848	4000
1049	2938	4000
907	2046	4000
1668	2690	4100
1159	2563	4100
1250	2222	4100
1999	2579	4100
1191	2472	4100
604	2113	4100
1358	2727	4100
786	2055	4100
559	2681	4100
1496	2610	4100
679	2005	4100
1891	2449	4100
868	2250	4100
1391	2771	4100
1485	2277	4200
216	2659	4200
1077	2718	4200
1301	2570	4200
429	2383	4200
1876	2167	4200
680	2824	4200
1131	2283	4200
419	2369	4200
629	2607	4200
53	2413	4200
999	2274	4200
18	2063	4200
509	2775	4200
1290	2315	4200
344	2643	4200
235	2934	4200
231	2922	4300
1682	2981	4300
682	2069	4300
929	2842	4300
799	2668	4300
181	2652	4300
1817	2912	4300
19	2829	4300
1534	2728	4300
1931	2826	4300
1752	2646	4300
1499	2500	4300
1958	2857	4300
952	2873	4300
1129	2201	4300
1613	2862	4400
342	2573	4400
730	2696	4400
1773	2036	4400
188	2513	4400
1791	2184	4400
6	2589	4400
965	2860	4400
1543	2385	4400
1579	2247	4500
1771	2431	4500
804	2442	4500
1145	2337	4500
4	2955	4500
39	2319	4500
996	2847	4500
386	2997	4500
1188	2101	4500
1222	2533	4500
1477	2789	4500
1936	2183	4600
710	2001	4600
327	2970	4600
544	2702	4600
950	2304	4600
734	2247	4700
821	2842	4700
264	2982	4700
541	2897	4700
1206	2901	4700
1792	2404	4700
236	2374	4700
1555	2036	4700
588	2908	4800
1552	2842	4800
1765	2156	4800
630	2345	4800
834	2980	4800
1448	2845	4800
1040	2905	4800
884	2358	4800
829	2508	4800
170	2128	4900
1401	2178	4900
946	2872	4900
1418	2870	4900
850	2679	4900
938	2928	4900
709	2328	4900
996	2567	4900
809	2161	4900
1902	2992	4900
254	2837	4900
1654	2840	4900
1410	2129	4900
1027	2308	4900
440	2620	5000
117	2418	5000
1193	2367	5000
1396	2501	5000
1705	2805	5000
230	2358	5000
57	2549	5000
1043	2550	5000
1356	2217	5100
919	2336	5100
326	2998	5100
601	2795	5100
1723	2242	5100
491	2988	5100
650	2310	5100
1991	2105	5100
1879	2474	5100
617	2327	5100
1993	2543	5100
1443	2405	5100
603	2402	5100
545	2130	5100
1230	2317	5100
1391	2944	5100
1816	2201	5100
1175	2883	5200
1218	2408	5200
875	2554	5200
558	2447	5200
78	2947	5200
628	2335	5200
134	2585	5200
131	2065	5200
104	2964	5200
877	2149	5300
1578	2465	5300
1182	2147	5300
796	2433	5300
119	2098	5300
590	2975	5300
99	2410	5300
1992	2895	5300
820	2721	5300
183	2737	5300
789	2753	5300
179	2550	5400
1923	2679	5400
761	2741	5400
1918	2947	5400
1278	2020	5500
1940	2882	5500
931	2196	5500
665	2844	5500
1848	2183	5500
1557	2564	5500
921	2616	5500
688	2803	5500
178	2194	5500
91	2174	5500
1185	2975	5500
913	2133	5500
291	2117	5500
779	2689	5500
1576	2214	5600
798	2783	5600
1246	2727	5600
335	2558	5600
237	2104	5600
68	2812	5600
781	2671	5600
1517	2973	5600
1082	2364	5700
1022	2084	5700
1042	2962	5700
1636	2190	5700
960	2838	5700
1262	2368	5700
105	2274	5700
196	2360	5700
1164	2016	5800
364	2244	5800
37	2098	5800
1364	2114	5800
1887	2172	5800
1007	2712	5800
681	2063	5800
1645	2782	5800
1305	2821	5800
507	2010	5800
1041	2723	5900
55	2835	5900
1862	2479	5900
259	2406	5900
1173	2649	5900
964	2505	5900
1176	2312	5900
1836	2861	5900
1706	2307	5900
1479	2051	5900
754	2223	5900
312	2021	5900
1629	2138	5900
163	2797	6000
116	2141	6000
609	2177	6000
1812	2289	6000
1078	2968	6000
735	2402	6000
1846	2314	6000
852	2638	6000
423	2867	6100
1343	2103	6100
1053	2349	6100
1738	2539	6100
1870	2162	6100
1922	2459	6100
993	2911	6100
1810	2600	6100
1072	2619	6100
1932	2528	6100
914	2980	6100
1466	2129	6100
226	2499	6200
987	2481	6200
1523	2373	6200
1556	2517	6200
1074	2339	6200
153	2506	6200
1966	2988	6200
438	2951	6200
1835	2225	6200
1281	2508	6200
1118	2766	6200
1002	2878	6200
69	2718	6300
707	2176	6300
1345	2598	6300
846	2783	6300
581	2278	6300
1272	2694	6300
1249	2254	6300
1910	2790	6300
202	2693	6300
1407	2228	6300
676	2093	6400
1194	2828	6400
922	2656	6400
1976	2539	6400
702	2470	6400
1272	2763	6400
1291	2254	6400
46	2790	6400
675	2429	6400
1793	2805	6400
1984	2615	6400
20	2974	6400
1657	2706	6400
806	2108	6400
43	2145	6500
265	2318	6500
56	2561	6500
709	2140	6500
1911	2861	6500
1006	2755	6500
753	2676	6500
783	2721	6500
825	2148	6600
1986	2311	6600
1839	2804	6600
1015	2527	6600
1550	2537	6600
1665	2950	6700
1854	2248	6700
1774	2238	6700
218	2176	6700
1647	2745	6700
1	2825	6700
1792	2907	6700
1985	2441	6700
1154	2936	6700
641	2582	6700
1225	2452	6700
460	2350	6700
600	2778	6800
1531	2349	6800
885	2893	6800
1782	2164	6800
363	2190	6800
88	2503	6800
730	2467	6800
1073	2165	6800
1186	2260	6800
1994	2086	6800
1837	2132	6800
998	2413	6800
1877	2251	6800
1619	2697	6800
1099	2032	6800
1335	2781	6800
1621	2302	6800
1136	2450	6800
1279	2329	6800
1511	2850	6900
289	2451	6900
864	2465	6900
805	2705	7000
565	2675	7000
1954	2745	7000
245	2512	7000
602	2653	7000
357	2508	7000
356	2334	7100
174	2417	7100
210	2050	7100
688	2503	7100
1527	2206	7100
820	2181	7100
1747	2540	7100
1494	2688	7200
747	2313	7200
1506	2984	7200
172	2246	7200
1032	2830	7200
1019	2588	7200
1901	2105	7200
1234	2741	7200
1565	2574	7200
654	2146	7200
1172	2368	7200
1815	2483	7200
89	2245	7300
1562	2173	7300
1214	2476	7300
942	2479	7300
189	2208	7300
1037	2311	7300
994	2134	7300
308	2363	7300
120	2362	7300
432	2873	7300
1540	2592	7300
1544	2849	7400
640	2421	7400
1921	2915	7400
836	2584	7400
1748	2565	7500
1824	2004	7500
1604	2053	7500
848	2335	7500
284	2996	7500
1786	2013	7500
1256	2750	7500
1950	2416	7600
1953	2981	7600
1596	2700	7600
1829	2222	7600
954	2097	7600
1208	2099	7600
1076	2161	7600
1024	2215	7600
1008	2162	7600
411	2618	7700
1525	2492	7700
330	2232	7700
374	2927	7700
112	2268	7700
1863	2456	7700
1033	2261	7800
915	2457	7800
1643	2191	7800
19	2999	7800
62	2739	7800
742	2464	7800
369	2116	7900
73	2235	7900
206	2772	7900
1772	2841	7900
1000	2078	7900
797	2046	7900
1915	2495	7900
244	2097	7900
1465	2370	7900
1975	2987	7900
1165	2575	7900
1978	2602	7900
817	2052	8000
1399	2034	8000
1388	2915	8000
924	2301	8000
1780	2183	8000
761	2134	8000
1465	2729	8000
418	2281	8000
1423	2381	8000
1973	2974	8000
23	2610	8000
1005	2940	8000
1517	2436	8000
519	2538	8000
1676	2794	8100
727	2683	8100
949	2068	8100
687	2139	8100
683	2665	8100
433	2423	8100
1918	2567	8100
331	2774	8100
595	2082	8100
1051	2671	8100
1971	2003	8100
1544	2730	8200
442	2124	8200
1513	2445	8200
319	2242	8200
1258	2140	8200
1536	2523	8200
1675	2824	8200
967	2400	8200
220	2250	8200
1048	2730	8300
136	2425	8300
1955	2732	8300
1224	2374	8300
274	2285	8300
1430	2702	8300
1231	2548	8300
277	2833	8400
1288	2465	8400
1831	2426	8400
1775	2191	8400
870	2480	8400
1662	2097	8400
799	2423	8400
1424	2905	8400
1088	2360	8400
1700	2464	8400
1820	2313	8500
1179	2963	8500
892	2756	8500
1986	2594	8500
64	2662	8500
1134	2640	8500
864	2991	8500
644	2736	8500
704	2353	8600
195	2823	8600
1912	2787	8600
979	2253	8600
384	2120	8600
485	2391	8600
748	2366	8600
1478	2437	8700
1283	2035	8700
63	2451	8700
500	2777	8700
1953	2377	8800
795	2604	8800
424	2724	8800
433	2367	8800
1518	2650	8800
1239	2344	8800
194	2875	8800
1665	2622	8900
1602	2625	8900
1366	2887	8900
664	2150	8900
1840	2752	8900
494	2871	8900
933	2145	8900
1860	2742	8900
1068	2879	9000
169	2519	9000
299	2946	9000
1067	2164	9000
1486	2607	9000
1499	2703	9000
940	2804	9000
982	2591	9000
1219	2082	9000
1402	2429	9000
758	2005	9000
1282	2935	9100
898	2919	9100
536	2369	9100
882	2989	9100
351	2961	9100
1372	2082	9100
685	2868	9100
701	2385	9100
1228	2067	9200
1046	2276	9200
280	2572	9200
628	2427	9200
1351	2543	9200
1463	2151	9200
611	2626	9200
496	2843	9200
367	2282	9300
615	2948	9300
971	2740	9300
160	2167	9300
1524	2369	9300
1930	2853	9300
510	2591	9300
337	2889	9300
1318	2484	9400
1856	2178	9400
1017	2680	9400
1439	2539	9400
1582	2505	9400
1794	2439	9400
1220	2939	9400
1148	2942	9400
1389	2644	9400
1123	2300	9400
624	2460	9400
182	2584	9400
1954	2754	9500
1608	2316	9500
1935	2961	9500
894	2785	9500
1740	2231	9500
991	2025	9500
1139	2249	9500
1491	2658	9600
516	2002	9600
328	2354	9600
696	2480	9600
39	2511	9600
1737	2838	9600
139	2428	9600
815	2300	9600
1638	2977	9600
123	2894	9700
1731	2992	9700
1920	2498	9700
1698	2811	9700
1527	2113	9700
1528	2708	9700
526	2630	9700
1667	2449	9700
1495	2796	9800
1490	2468	9800
1582	2515	9800
1962	2378	9800
755	2028	9800
958	2571	9800
393	2269	9800
1487	2432	9900
1847	2965	9900
178	2496	9900
777	2322	9900
1466	2920	9900
647	2985	10000
661	2725	10000
1412	2510	10000
1638	2263	10000
69	2054	10100
807	2375	10100
46	2120	10100
624	2107	10100
1125	2726	10100
242	2192	10200
1109	2158	10200
1635	2144	10200
1365	2992	10200
782	2190	10200
1450	2910	10200
828	2252	10200
1149	2676	10200
1235	2279	10200
1018	2444	10300
520	2606	10300
49	2918	10300
673	2248	10300
606	2913	10300
1853	2396	10300
1660	2080	10300
88	2803	10300
1483	2113	10300
1834	2031	10300
663	2413	10300
1937	2082	10300
849	2983	10400
1681	2689	10400
1853	2714	10400
1549	2158	10400
981	2134	10400
198	2345	10400
1016	2428	10400
612	2533	10400
1937	2023	10400
144	2475	10400
1832	2736	10400
542	2135	10400
1137	2355	10500
266	2984	10500
1612	2382	10500
1489	2183	10500
1934	2853	10500
698	2285	10500
745	2319	10500
288	2100	10500
1424	2294	10500
456	2499	10600
1836	2418	10600
1209	2244	10600
1315	2801	10600
1156	2717	10600
1889	2705	10600
329	2466	10600
1849	2944	10600
206	2189	10700
644	2103	10700
322	2284	10700
1308	2764	10700
1353	2907	10700
1011	2339	10700
763	2188	10700
476	2321	10700
975	2064	10700
84	2411	10700
1625	2599	10700
891	2614	10700
868	2592	10700
989	2973	10700
734	2006	10800
1670	2081	10800
1571	2450	10800
1551	2882	10900
1733	2777	10900
1669	2599	10900
167	2641	10900
1503	2767	10900
175	2736	10900
1795	2545	11000
1730	2375	11000
1867	2823	11000
1744	2690	11000
272	2926	11000
204	2451	11000
1912	2567	11000
1505	2852	11000
104	2130	11000
1181	2011	11100
303	2432	11100
100	2396	11100
123	2439	11100
1333	2337	11100
1130	2544	11200
448	2061	11200
901	2203	11200
1015	2294	11200
1678	2895	11200
1468	2924	11200
108	2576	11300
113	2556	11300
764	2932	11300
1422	2415	11300
463	2180	11300
519	2043	11300
613	2245	11400
110	2412	11400
1644	2478	11400
276	2396	11400
879	2799	11400
733	2653	11400
1319	2614	11400
884	2789	11400
463	2657	11400
1285	2990	11500
1562	2929	11500
774	2675	11500
1710	2033	11500
1688	2106	11500
1796	2992	11500
1695	2926	11500
154	2962	11500
765	2931	11500
522	2829	11500
23	2654	11500
984	2875	11500
1690	2178	11600
796	2343	11600
427	2365	11600
1630	2332	11600
142	2827	11700
1208	2239	11700
1694	2463	11700
502	2381	11700
470	2512	11800
335	2095	11800
617	2590	11800
1618	2186	11800
1567	2685	11800
1373	2241	11900
1569	2226	11900
963	2234	12000
314	2198	12000
883	2404	12000
1291	2203	12000
561	2976	12000
236	2262	12000
1257	2947	12000
1486	2899	12000
1519	2860	12000
1321	2768	12100
9	2237	12100
1378	2545	12200
1001	2151	12200
1615	2411	12200
980	2818	12200
1980	2659	12300
1277	2484	12300
314	2426	12300
854	2342	12300
835	2177	12300
1209	2224	12300
985	2283	12300
383	2167	12300
1910	2826	12300
1219	2599	12300
1183	2636	12300
1320	2170	12400
689	2011	12400
626	2982	12400
1270	2830	12400
177	2386	12400
48	2546	12400
1322	2839	12400
1215	2998	12500
994	2515	12500
1808	2166	12500
1746	2067	12500
1174	2749	12600
818	2903	12600
1522	2127	12600
534	2217	12700
1222	2921	12700
1266	2793	12800
1440	2922	12800
214	2105	12800
1205	2081	12800
145	2092	12800
297	2412	12900
1940	2012	12900
899	2621	12900
157	2095	12900
1960	2436	12900
1462	2568	12900
636	2606	13000
1767	2640	13000
1115	2505	13000
1779	2153	13000
880	2937	13000
1332	2335	13000
48	2639	13000
616	2232	13100
282	2028	13100
1238	2727	13100
1210	2186	13100
1441	2773	13100
1651	2599	13100
933	2608	13200
456	2020	13200
1029	2714	13200
1311	2701	13200
1591	2635	13200
827	2076	13200
381	2317	13200
1828	2263	13300
1770	2301	13300
1243	2256	13300
997	2963	13400
1941	2915	13400
122	2136	13400
893	2280	13400
1192	2208	13500
1003	2841	13500
410	2902	13500
1799	2523	13500
430	2487	13500
318	2310	13500
1841	2004	13500
916	2903	13500
1537	2806	13500
1514	2749	13500
856	2181	13500
1112	2286	13600
1254	2913	13600
1115	2787	13600
1364	2477	13600
808	2931	13600
612	2921	13600
1330	2490	13600
984	2435	13600
1945	2672	13700
1796	2303	13700
1930	2961	13700
1816	2006	13700
102	2982	13800
889	2634	13800
1701	2284	13800
1502	2713	13800
132	2467	13800
1715	2819	13800
833	2018	13800
1828	2672	13900
106	2006	13900
1507	2042	13900
803	2288	13900
305	2862	13900
1617	2989	13900
1580	2038	13900
732	2251	13900
1601	2653	13900
760	2173	14000
908	2448	14000
1005	2632	14000
452	2029	14000
148	2125	14100
652	2271	14100
1255	2478	14100
400	2038	14100
1841	2635	14100
1057	2577	14100
496	2986	14100
1431	2753	14100
490	2524	14200
1036	2209	14200
1798	2446	14200
1198	2057	14300
1436	2062	14300
1998	2098	14300
1783	2787	14300
1721	2382	14300
713	2633	14300
1231	2815	14300
1207	2401	14400
338	2529	14400
654	2900	14400
1271	2768	14400
1892	2520	14400
1013	2398	14500
1083	2941	14500
557	2427	14500
1278	2802	14600
707	2372	14600
957	2379	14600
457	2701	14600
537	2634	14600
970	2968	14600
767	2610	14600
995	2586	14600
676	2669	14700
1671	2248	14700
922	2373	14700
417	2941	14700
1636	2664	14700
1463	2642	14700
1245	2369	14700
1038	2231	14700
515	2132	14700
1252	2692	14700
947	2706	14700
502	2135	14700
1676	2229	14800
1967	2230	14800
1790	2261	14900
1478	2907	14900
1472	2402	14900
1905	2890	14900
1851	2384	15000
791	2340	15000
404	2138	15000
856	2717	15000
162	2765	15000
881	2426	15100
1602	2047	15100
71	2989	15100
1310	2058	15100
447	2330	15200
1265	2783	15200
1662	2748	15200
1244	2754	15300
347	2246	15300
1723	2976	15300
475	2076	15300
1047	2788	15400
368	2714	15400
60	2885	15400
1825	2506	15400
948	2166	15400
1619	2615	15400
939	2650	15400
607	2501	15400
1151	2415	15400
1543	2338	15400
1904	2709	15500
166	2335	15500
508	2687	15500
670	2444	15500
547	2731	15500
1589	2333	15500
243	2189	15600
1263	2529	15600
981	2497	15600
1938	2238	15700
375	2033	15700
690	2784	15700
1449	2345	15700
1061	2589	15700
895	2296	15700
1634	2412	15800
205	2244	15800
699	2410	15800
562	2748	15800
353	2488	15800
266	2677	15900
238	2453	15900
1979	2060	15900
254	2368	15900
668	2699	15900
83	2596	15900
1203	2340	15900
460	2518	15900
1614	2684	15900
229	2918	15900
1470	2412	16000
1952	2348	16000
1332	2665	16100
983	2769	16100
589	2408	16200
903	2683	16200
41	2861	16200
1142	2611	16200
570	2746	16200
564	2051	16200
1894	2821	16200
1558	2107	16200
50	2836	16300
1587	2810	16300
1186	2359	16300
833	2046	16300
911	2882	16400
1509	2246	16400
1956	2812	16400
345	2403	16400
1968	2807	16500
1593	2278	16500
1788	2598	16500
1697	2343	16500
1273	2056	16500
1734	2565	16600
1924	2261	16600
1977	2628	16600
949	2894	16700
103	2234	16700
1497	2477	16700
876	2179	16800
739	2275	16800
844	2956	16800
1692	2690	16900
1013	2647	16900
1152	2525	16900
86	2281	16900
1914	2485	16900
1614	2236	16900
1311	2035	17000
669	2498	17000
199	2267	17100
413	2663	17100
410	2196	17100
286	2709	17100
675	2994	17100
35	2280	17100
1446	2250	17100
1207	2978	17200
909	2869	17200
1787	2127	17200
1722	2798	17300
1299	2243	17300
1235	2452	17300
1925	2059	17300
626	2379	17400
68	2585	17400
1425	2047	17500
935	2084	17500
339	2184	17500
1872	2689	17600
1818	2188	17600
890	2367	17600
1444	2454	17600
1086	2781	17600
1126	2108	17600
1052	2753	17700
437	2441	17700
37	2190	17700
435	2666	17700
1437	2243	17800
1411	2283	17800
1469	2749	17800
479	2829	17800
826	2407	17800
552	2078	17900
1316	2807	17900
1804	2517	17900
186	2687	17900
489	2635	17900
646	2146	17900
455	2365	17900
1750	2324	17900
762	2287	18000
480	2836	18000
1409	2074	18000
1065	2752	18000
1054	2743	18000
887	2494	18100
63	2762	18100
860	2714	18100
549	2137	18100
1946	2858	18100
1839	2210	18100
344	2259	18100
1781	2317	18100
1620	2286	18200
1265	2762	18200
594	2519	18200
382	2325	18200
1295	2100	18200
474	2231	18200
657	2197	18200
0	2706	18200
720	2438	18200
1886	2859	18300
348	2126	18300
541	2529	18300
810	2704	18300
1368	2817	18300
414	2075	18300
814	2758	18300
1523	2656	18400
257	2745	18400
855	2780	18400
1355	2059	18400
535	2788	18500
394	2379	18500
524	2658	18500
87	2629	18500
299	2926	18500
1276	2670	18500
1241	2805	18500
451	2210	18500
1357	2661	18500
1419	2994	18500
997	2691	18600
1598	2257	18600
743	2478	18600
572	2056	18600
1127	2604	18700
215	2057	18800
249	2131	18800
1877	2193	18800
1400	2840	18800
782	2631	18900
256	2821	18900
514	2215	18900
1381	2142	18900
1961	2880	18900
1119	2822	18900
1041	2822	19000
743	2919	19000
378	2811	19000
812	2463	19000
333	2689	19000
712	2798	19100
1830	2693	19100
96	2199	19100
1586	2575	19100
1171	2341	19200
44	2118	19200
1377	2226	19200
824	2864	19300
1058	2032	19300
1827	2536	19400
194	2159	19400
837	2806	19400
1070	2840	19400
1120	2700	19500
1610	2209	19500
1590	2381	19500
1554	2138	19500
51	2794	19600
1374	2054	19600
1753	2858	19600
318	2687	19700
828	2055	19700
1144	2272	19700
1914	2202	19700
1661	2123	19800
1098	2646	19800
1538	2848	19800
914	2236	19800
1035	2469	19900
369	2957	19900
1433	2948	19900
1269	2826	19900
222	2782	19900
1655	2225	19900
591	2087	19900
1696	2012	20000
769	2216	20000
1133	2080	20000
253	2193	20000
1852	2768	20000
905	2115	20000
425	2918	20000
1137	2245	20100
96	2193	20100
1394	2593	20200
1949	2097	20200
1745	2338	20300
1919	2002	20300
530	2262	20300
420	2136	20300
124	2502	20300
1563	2397	20400
937	2061	20500
518	2209	20500
936	2270	20500
815	2456	20500
744	2886	20500
622	2422	20500
742	2597	20500
1299	2566	20600
1316	2069	20600
810	2746	20600
312	2299	20600
1843	2029	20600
384	2790	20700
567	2300	20700
483	2131	20800
1560	2952	20800
912	2715	20800
1906	2538	20800
1827	2145	20900
495	2312	20900
1988	2766	20900
316	2045	20900
858	2287	21000
568	2847	21000
428	2665	21000
310	2839	21000
1244	2468	21100
1454	2204	21100
341	2327	21100
1740	2443	21100
34	2265	21100
1296	2030	21100
1609	2288	21200
787	2655	21200
1590	2521	21200
260	2073	21200
264	2164	21300
1994	2546	21300
1132	2489	21400
1975	2459	21400
1961	2384	21400
1452	2383	21500
1177	2637	21500
1825	2733	21500
5	2161	21500
306	2509	21500
712	2677	21600
760	2430	21600
1443	2157	21600
991	2110	21700
41	2588	21800
859	2029	21800
1293	2329	21800
737	2353	21900
512	2534	21900
1470	2678	21900
1368	2710	21900
85	2403	21900
1568	2357	22000
1471	2717	22000
25	2608	22100
1859	2906	22100
208	2213	22100
336	2416	22100
100	2305	22200
1428	2214	22200
724	2359	22200
1989	2715	22200
1611	2117	22300
1441	2314	22300
1951	2985	22400
883	2287	22400
1570	2589	22400
822	2107	22400
585	2692	22400
158	2229	22500
1656	2347	22500
887	2656	22500
1805	2727	22500
1751	2120	22500
824	2076	22500
493	2656	22600
1074	2816	22600
692	2746	22600
14	2115	22600
1540	2250	22600
1414	2893	22700
1689	2072	22700
808	2089	22700
1732	2631	22700
522	2790	22700
593	2185	22900
1633	2242	22900
1473	2886	22900
1718	2170	22900
896	2325	23000
1875	2443	23000
366	2827	23100
1741	2225	23100
1564	2017	23200
1093	2998	23200
652	2417	23200
717	2696	23200
1545	2109	23200
1714	2394	23200
697	2734	23300
388	2471	23300
358	2086	23300
1140	2630	23300
465	2765	23300
409	2090	23300
846	2762	23400
1261	2214	23400
1958	2884	23400
1653	2731	23400
1725	2473	23500
1454	2526	23500
317	2442	23500
1026	2936	23500
637	2165	23500
878	2972	23500
302	2888	23500
1128	2919	23600
354	2125	23700
1303	2457	23700
705	2030	23700
1122	2037	23700
1689	2909	23700
1120	2216	23700
674	2211	23700
1907	2816	23700
328	2489	23700
1559	2537	23700
1284	2757	23800
1564	2915	23800
1533	2729	23800
1879	2063	23800
1522	2322	23800
587	2604	23900
380	2373	23900
1604	2516	24000
1890	2121	24000
151	2719	24100
407	2666	24100
1434	2942	24100
66	2044	24200
751	2273	24200
135	2323	24200
698	2254	24300
470	2744	24300
466	2832	24300
141	2485	24300
1886	2502	24300
980	2445	24400
1608	2471	24400
1548	2603	24500
990	2519	24500
223	2835	24600
1294	2271	24600
1354	2803	24600
1907	2683	24600
397	2270	24600
247	2167	24600
114	2087	24600
878	2628	24700
741	2639	24700
1260	2788	24800
1941	2017	24800
503	2089	24800
699	2219	24800
241	2557	24800
484	2608	24900
464	2560	24900
953	2407	24900
11	2488	24900
1855	2212	25000
1339	2623	25000
775	2680	25100
1389	2956	25100
213	2843	25100
3	2090	25100
218	2372	25200
678	2602	25200
2	2909	25300
1075	2616	25300
1263	2904	25300
1336	2628	25300
977	2163	25400
1626	2390	25400
1164	2841	25500
1639	2825	25500
1966	2472	25500
1384	2080	25500
65	2708	25500
319	2759	25600
1359	2701	25600
1707	2291	25600
1153	2387	25600
1387	2918	25700
1633	2098	25800
653	2074	25800
273	2737	25800
1568	2890	25900
18	2474	25900
1035	2238	26000
472	2943	26000
1607	2791	26000
1008	2053	26100
800	2896	26100
372	2521	26100
14	2855	26100
1166	2274	26200
1653	2534	26300
1639	2637	26300
1493	2392	26300
1416	2330	26400
1108	2530	26400
1269	2079	26400
1709	2202	26400
1418	2561	26500
838	2936	26500
725	2102	26500
505	2619	26600
1939	2267	26700
1069	2686	26700
508	2310	26700
385	2957	26700
1464	2962	26800
1060	2640	26800
13	2927	26800
1889	2958	26800
1995	2573	27000
1286	2530	27000
1764	2136	27000
412	2122	27000
36	2640	27100
1323	2315	27100
1790	2409	27200
723	2999	27200
225	2876	27200
1637	2135	27200
1982	2861	27300
819	2177	27300
867	2123	27400
671	2343	27400
992	2353	27500
646	2776	27500
311	2144	27600
70	2838	27600
16	2341	27600
806	2605	27600
1082	2711	27800
1488	2121	27800
1496	2753	27800
259	2791	27900
484	2851	28000
1442	2318	28000
1999	2009	28000
365	2441	28000
1020	2998	28100
1948	2885	28100
1449	2024	28100
1682	2295	28200
916	2728	28200
817	2058	28200
1090	2039	28200
1950	2422	28300
1842	2260	28300
187	2809	28400
1315	2551	28400
616	2541	28500
8	2008	28500
539	2263	28500
1838	2421	28800
1622	2866	28800
429	2836	28900
1899	2218	29000
26	2453	29000
461	2817	29000
1429	2180	29000
546	2389	29100
501	2394	29100
1298	2663	29200
359	2967	29200
1117	2377	29200
1155	2564	29200
561	2242	29200
1232	2510	29200
1167	2123	29300
546	2072	29300
766	2864	29300
195	2710	29400
998	2327	29400
1652	2083	29600
1997	2571	29600
1965	2830	29700
690	2892	29700
1878	2654	29700
400	2209	29800
1153	2813	29800
1062	2393	29900
145	2999	29900
1933	2986	29900
1374	2979	30100
944	2586	30100
1163	2205	30200
239	2557	30200
1261	2612	30400
173	2910	30400
926	2105	30400
451	2804	30400
172	2970	30500
398	2507	30500
1650	2303	30500
212	2784	30600
1808	2662	30600
1585	2394	30600
1324	2647	30700
450	2987	30700
757	2043	30700
614	2719	30800
525	2352	30800
1455	2144	30800
1373	2321	30900
1572	2243	31000
340	2282	31000
762	2404	31000
866	2949	31000
1934	2698	31000
1513	2818	31100
1064	2401	31100
1223	2061	31100
1575	2362	31100
136	2399	31200
431	2698	31200
1887	2448	31200
1160	2109	31200
1711	2059	31200
29	2502	31400
497	2164	31400
1761	2939	31400
27	2197	31400
861	2517	31500
1539	2966	31500
1621	2125	31700
1497	2114	31700
66	2290	31800
844	2022	31800
1298	2613	32000
156	2144	32000
1382	2851	32100
59	2305	32100
631	2354	32100
871	2699	32200
634	2492	32300
1920	2182	32300
1134	2831	32300
920	2541	32400
1054	2227	32400
33	2976	32400
1275	2764	32500
415	2869	32500
1719	2808	32500
1700	2597	32500
93	2778	32600
1309	2499	32600
1584	2140	32600
380	2870	32600
383	2770	32600
168	2723	32600
1327	2732	32700
1050	2153	32700
414	2895	32700
1835	2968	32700
627	2397	32800
660	2881	32800
1031	2666	32800
416	2564	32900
1199	2504	32900
1110	2536	33000
658	2477	33000
1857	2233	33000
1529	2706	33000
10	2469	33000
113	2440	33100
80	2215	33100
1229	2484	33100
1253	2399	33200
605	2584	33200
168	2457	33300
1122	2851	33300
1751	2179	33300
505	2223	33400
1928	2463	33400
1065	2674	33500
325	2240	33500
1868	2371	33500
1649	2480	33600
1110	2267	33700
1091	2148	33700
1508	2342	33700
635	2540	33700
1888	2343	33900
343	2305	33900
1223	2462	33900
662	2866	33900
584	2293	34100
1776	2219	34100
40	2076	34100
164	2207	34200
387	2095	34200
873	2038	34200
231	2393	34300
285	2352	34300
663	2607	34300
891	2014	34300
359	2745	34500
1097	2713	34600
909	2001	34600
928	2495	34700
1750	2395	34800
447	2764	34900
935	2044	34900
1610	2273	34900
687	2704	34900
1217	2096	34900
1053	2763	35000
1763	2391	35000
1399	2885	35100
1609	2052	35200
614	2893	35200
399	2491	35300
1867	2437	35300
775	2141	35300
1899	2473	35400
50	2817	35500
1383	2859	35500
1900	2543	35600
1583	2866	35600
1739	2662	35800
572	2994	35800
863	2675	35900
1769	2410	35900
1817	2569	35900
723	2829	35900
1649	2914	36100
681	2474	36100
548	2924	36100
1095	2181	36100
1410	2920	36100
293	2660	36200
289	2724	36200
1711	2545	36300
1350	2007	36300
1371	2114	36300
1923	2979	36400
1972	2171	36400
17	2910	36400
1890	2500	36400
468	2360	36400
543	2851	36600
966	2044	36600
630	2024	36600
1769	2219	36700
930	2092	36700
11	2384	36700
1266	2393	36800
735	2715	36800
271	2761	36800
1506	2318	36900
1762	2672	37000
1699	2176	37000
1401	2072	37000
1967	2600	37000
1038	2933	37000
126	2012	37100
1545	2626	37100
1437	2566	37400
604	2467	37400
606	2660	37500
445	2587	37500
1526	2994	37500
1785	2916	37600
1026	2447	37600
1187	2314	37600
1789	2890	37700
758	2681	37800
455	2695	37900
473	2605	37900
1363	2772	38000
1267	2050	38000
528	2442	38000
1697	2433	38100
1698	2301	38100
281	2547	38100
1802	2791	38200
1632	2679	38200
773	2814	38200
1436	2598	38300
1674	2935	38400
791	2638	38400
1409	2431	38500
968	2240	38500
95	2876	38500
1109	2494	38600
134	2812	38600
1834	2086	38700
286	2489	38800
1425	2625	38900
580	2814	38900
192	2100	38900
279	2040	38900
1112	2732	39000
537	2336	39000
1547	2514	39000
287	2251	39000
1658	2090	39000
945	2393	39200
12	2603	39200
642	2002	39200
148	2302	39300
1105	2901	39300
788	2611	39300
618	2091	39400
28	2492	39400
771	2832	39400
1338	2695	39500
1516	2443	39500
557	2989	39500
553	2879	39600
756	2388	39700
207	2850	39700
230	2789	39700
1352	2487	39800
1111	2353	39800
570	2966	39900
76	2525	39900
1924	2722	40000
1898	2133	40000
1493	2172	40100
651	2960	40100
1189	2438	40100
1837	2905	40100
1440	2047	40200
387	2049	40200
1288	2046	40300
553	2316	40400
574	2875	40400
1814	2094	40500
1346	2159	40600
1341	2926	40600
1709	2331	40600
639	2923	40600
695	2080	40800
185	2949	40900
771	2477	40900
1190	2462	41000
1713	2842	41100
1788	2062	41100
346	2744	41100
1212	2355	41200
334	2017	41200
696	2959	41200
1386	2050	41200
1349	2636	41200
189	2185	41300
1367	2854	41300
1745	2385	41500
1760	2286	41500
695	2811	41500
1144	2631	41500
475	2331	41500
301	2856	41600
402	2827	41600
265	2170	41800
477	2634	41800
1154	2447	41800
578	2755	41900
1922	2987	41900
240	2903	41900
1433	2226	42000
738	2423	42200
1306	2695	42200
1933	2843	42300
945	2793	42400
1998	2171	42400
1203	2638	42500
1704	2301	42600
953	2956	42600
917	2415	42600
159	2411	42700
1915	2871	42800
481	2854	42900
724	2899	42900
1240	2365	42900
1225	2279	42900
1809	2091	43000
1253	2490	43300
1938	2308	43300
672	2305	43400
1707	2551	43400
1949	2704	43500
1972	2572	43500
1547	2972	43600
765	2442	43600
377	2378	43600
1870	2307	43600
423	2042	43800
438	2239	43800
1810	2230	43800
160	2949	44000
1158	2686	44100
180	2279	44100
1317	2800	44200
1247	2341	44200
579	2195	44300
629	2899	44300
1127	2216	44400
85	2543	44400
83	2210	44500
1576	2856	44600
157	2558	44900
1973	2641	44900
623	2072	45000
1135	2421	45000
963	2673	45000
1089	2806	45000
648	2571	45000
458	2609	45100
151	2532	45100
751	2741	45100
494	2759	45100
1237	2424	45100
598	2254	45200
221	2077	45300
332	2836	45300
1052	2723	45500
219	2581	45500
726	2524	45500
74	2285	45500
862	2626	45500
1204	2007	45700
97	2476	45700
1743	2540	45700
1645	2703	45800
149	2853	45800
1461	2535	45900
262	2233	45900
1819	2014	46000
816	2081	46000
1607	2406	46100
1297	2458	46100
964	2588	46200
1648	2324	46300
1227	2425	46300
1428	2612	46300
167	2785	46400
320	2983	46500
1901	2367	46500
1276	2458	46600
1033	2409	46800
1254	2660	46800
1233	2440	46800
719	2143	46900
1869	2740	47000
555	2642	47000
1893	2605	47000
1701	2227	47100
212	2578	47100
1634	2788	47200
1926	2349	47200
228	2525	47200
1762	2606	47300
1413	2158	47300
1075	2205	47300
1130	2493	47400
1415	2453	47400
1362	2427	47400
403	2125	47500
1062	2222	47500
1917	2922	47500
1811	2398	47500
476	2777	47500
467	2119	47500
942	2618	47600
1345	2062	47600
13	2853	48100
1340	2307	48200
1858	2956	48200
1183	2010	48200
1874	2027	48300
52	2031	48300
1044	2639	48300
162	2583	48300
1408	2925	48500
1161	2131	48700
97	2493	48700
209	2463	48700
1106	2049	48800
1072	2166	48800
638	2957	48900
560	2419	48900
1092	2652	48900
692	2194	48900
161	2819	49000
1216	2880	49100
1783	2174	49200
418	2156	49200
1594	2275	49200
72	2568	49300
1023	2755	49500
1542	2283	49500
1343	2073	49500
293	2234	49600
1308	2330	49700
1063	2566	49800
1011	2035	49800
523	2966	49800
521	2344	49800
64	2500	49900
1720	2557	49900
94	2052	50000
1170	2743	50000
1036	2952	50000
1498	2917	50000
1722	2925	50100
941	2965	50100
1756	2516	50100
1951	2042	50200
1077	2930	50300
661	2744	50300
176	2197	50300
1326	2345	50400
193	2418	50500
1771	2074	50500
1089	2440	50500
1393	2154	50600
936	2179	50600
1382	2037	50700
1916	2178	50700
1546	2228	50700
330	2541	50800
1726	2532	51000
324	2908	51000
258	2830	51000
631	2489	51000
245	2496	51000
1216	2403	51000
1964	2739	51000
1413	2943	51100
1797	2621	51100
1797	2207	51200
974	2376	51200
1742	2511	51200
1616	2382	51200
621	2316	51400
1275	2012	51400
711	2424	51500
930	2999	51500
30	2023	51500
588	2364	51600
576	2576	51600
503	2494	51600
720	2801	51600
879	2377	51700
594	2128	51700
139	2810	51700
1838	2430	51800
1326	2751	51800
361	2329	52000
578	2513	52000
759	2111	52000
843	2152	52100
1997	2194	52100
1201	2545	52200
973	2588	52200
307	2591	52200
1191	2988	52300
165	2601	52300
1179	2691	52400
316	2657	52400
1583	2304	52600
1849	2818	52700
7	2334	52700
532	2710	52800
1744	2970	52800
133	2795	52800
1375	2824	52800
1380	2831	52900
1411	2664	52900
1824	2635	52900
855	2685	52900
1549	2089	53000
512	2731	53200
170	2519	53200
133	2137	53200
1921	2949	53300
491	2472	53300
320	2809	53400
1926	2763	53400
590	2633	53400
1852	2142	53500
1147	2887	53700
87	2882	53700
232	2579	53700
1462	2878	53700
1581	2471	53800
576	2492	53900
365	2858	53900
579	2826	53900
295	2802	54000
1313	2825	54000
1970	2846	54000
1175	2311	54100
419	2325	54100
303	2675	54200
853	2846	54200
396	2825	54200
301	2796	54400
1300	2631	54500
1818	2024	54500
1861	2679	54600
391	2453	54600
1192	2493	54600
587	2507	54600
427	2200	54600
1377	2007	54700
538	2862	54700
773	2572	54700
401	2691	55000
1361	2364	55000
1793	2812	55000
268	2409	55100
716	2347	55100
1868	2446	55100
292	2272	55200
1242	2954	55200
385	2116	55300
1884	2044	55300
379	2712	55300
26	2070	55400
1176	2099	55400
627	2077	55500
1190	2061	55500
979	2607	55500
1128	2470	55600
468	2606	55800
650	2270	55800
729	2828	56100
323	2630	56100
73	2760	56200
848	2292	56200
1640	2527	56200
1846	2391	56200
948	2555	56300
198	2024	56300
30	2483	56300
1525	2213	56400
1491	2560	56400
498	2649	56400
1672	2626	56400
1255	2931	56600
671	2433	56600
1982	2497	56700
43	2608	56800
1581	2621	56800
362	2550	56800
60	2863	56800
1206	2916	56800
794	2699	56800
1322	2531	56900
488	2811	56900
51	2609	57100
233	2901	57100
1314	2720	57200
300	2498	57300
92	2698	57300
1117	2807	57400
1159	2965	57500
715	2267	57600
532	2232	57600
975	2268	57600
583	2192	57700
258	2844	57700
101	2179	57700
121	2331	57700
563	2069	57800
1874	2784	57800
1873	2415	57800
199	2425	57900
1215	2778	57900
158	2609	57900
283	2073	57900
814	2460	58000
881	2198	58100
389	2929	58100
1348	2127	58100
1329	2174	58200
424	2120	58200
15	2249	58400
373	2735	58500
1184	2849	58600
649	2515	58600
1341	2946	58600
783	2133	58600
1500	2707	58600
825	2308	58800
813	2051	58800
1686	2676	58800
1239	2546	58800
117	2361	58900
1474	2928	59000
1324	2514	59000
1056	2872	59100
500	2008	59100
785	2760	59200
129	2573	59200
1375	2624	59200
1600	2569	59300
1145	2814	59300
1823	2212	59300
340	2357	59400
1770	2396	59400
448	2462	59500
173	2106	59500
61	2845	59500
904	2563	59600
304	2921	59700
875	2424	59700
1451	2795	59800
705	2833	60000
381	2173	60100
103	2673	60100
1980	2388	60200
727	2035	60200
1843	2848	60200
1765	2281	60400
621	2922	60600
1551	2629	60700
234	2613	60700
1815	2023	60700
927	2757	60900
954	2629	60900
1108	2523	60900
1480	2126	61000
1646	2297	61000
347	2160	61000
392	2486	61000
1250	2904	61100
1056	2935	61100
274	2600	61100
827	2540	61100
1847	2140	61200
564	2792	61200
390	2172	61300
1976	2916	61400
1300	2272	61400
1781	2389	61500
1987	2182	61600
345	2127	61600
1620	2593	61700
768	2988	61800
665	2424	61800
1199	2260	61900
611	2036	61900
1182	2834	62100
874	2668	62400
793	2642	62400
1081	2168	62500
490	2298	62500
1211	2295	62600
1768	2147	62600
1692	2756	62600
934	2961	62800
1171	2291	62800
1811	2647	62900
443	2996	62900
1484	2236	62900
295	2020	63000
556	2455	63000
1148	2081	63000
934	2320	63000
543	2943	63200
1677	2612	63200
1820	2526	63300
352	2942	63300
431	2587	63300
1020	2388	63400
1947	2955	63400
1814	2160	63500
471	2166	63500
1006	2513	63500
1084	2210	63500
854	2376	63600
261	2169	63600
1730	2854	63600
1268	2832	63600
866	2939	63700
1939	2536	63900
462	2598	63900
1259	2741	64000
968	2501	64100
252	2506	64200
1695	2461	64200
350	2101	64200
80	2195	64300
336	2739	64400
398	2881	64400
662	2974	64400
1728	2900	64500
370	2697	64500
1541	2828	64600
1674	2462	64600
1537	2579	64600
228	2031	64600
1906	2772	64700
1325	2152	64700
1690	2835	64700
830	2436	64800
596	2288	64800
1378	2083	64800
1394	2552	64800
1456	2729	65000
1271	2142	65000
150	2947	65100
341	2075	65100
910	2618	65200
356	2865	65200
1302	2050	65200
1185	2800	65300
1105	2916	65400
36	2903	65400
539	2597	65600
795	2799	65600
1280	2454	65600
47	2049	65700
221	2906	65800
1791	2513	65800
1126	2974	65800
1146	2807	65900
1113	2382	65900
593	2208	66100
1536	2530	66100
127	2356	66200
177	2900	66200
633	2218	66400
317	2373	66400
209	2174	66400
1558	2407	66400
548	2801	66500
843	2835	66600
1761	2687	66600
31	2712	66600
669	2218	66700
1898	2899	66700
71	2427	66800
672	2493	66900
1248	2289	66900
513	2348	67000
1247	2184	67000
1321	2653	67000
1512	2531	67100
840	2041	67200
731	2691	67200
436	2003	67200
1528	2088	67200
1678	2075	67300
196	2255	67400
803	2295	67400
789	2794	67400
648	2241	67400
527	2126	67500
1488	2504	67500
1763	2314	67500
310	2411	67700
1971	2561	67700
1241	2533	67700
1021	2695	67700
647	2018	67800
900	2488	67900
1372	2768	67900
24	2269	68000
1795	2083	68000
443	2326	68000
304	2533	68000
655	2581	68100
659	2960	68100
857	2108	68100
1116	2126	68200
1968	2981	68300
1955	2352	68300
22	2153	68300
480	2696	68400
613	2868	68500
263	2457	68500
1495	2913	68600
1292	2886	68600
125	2859	68700
1767	2846	68700
1648	2395	68800
1807	2512	69000
1985	2187	69000
371	2713	69000
1557	2430	69100
1132	2354	69100
1121	2700	69200
1754	2309	69500
1240	2866	69500
38	2400	69500
1894	2858	69700
106	2247	69800
1864	2707	69900
1087	2686	70200
238	2772	70300
1652	2091	70300
686	2820	70300
583	2198	70400
1974	2991	70400
736	2874	70400
1597	2247	70500
586	2293	70600
927	2663	70600
270	2036	70600
1598	2152	70600
1390	2927	70700
950	2407	70700
1577	2182	70800
1480	2563	70900
215	2849	71000
1962	2516	71000
1787	2520	71000
1448	2832	71000
425	2651	71100
530	2374	71100
253	2199	71100
859	2848	71100
1866	2032	71200
1694	2099	71300
1196	2281	71300
469	2142	71300
181	2965	71400
119	2552	71400
1532	2479	71500
132	2113	71500
924	2276	71600
1023	2458	71700
1416	2420	71800
719	2554	71800
1184	2057	71900
554	2053	72000
559	2005	72000
1166	2845	72000
1884	2798	72100
137	2397	72100
1014	2450	72100
563	2406	72200
858	2404	72200
908	2172	72200
763	2556	72300
1855	2321	72300
1656	2491	72400
1336	2924	72400
766	2617	72400
1592	2030	72500
788	2871	72500
1964	2357	72600
1200	2736	72600
1047	2243	72600
520	2419	72600
1661	2277	72700
1946	2821	72700
188	2374	72800
1453	2428	72900
1071	2787	73000
267	2266	73000
679	2585	73100
1058	2304	73100
1157	2575	73100
84	2839	73200
1779	2200	73200
961	2986	73200
978	2582	73200
111	2820	73200
1453	2910	73300
1202	2460	73300
615	2226	73400
1831	2198	73500
1354	2503	73500
255	2680	73600
1111	2376	73700
1804	2649	73700
1591	2004	73700
155	2799	73700
842	2536	73800
1476	2112	73800
1370	2912	73900
1848	2227	73900
1977	2378	73900
1668	2756	74000
1524	2258	74000
1878	2767	74100
605	2888	74100
708	2624	74100
1651	2681	74100
529	2941	74300
566	2299	74400
778	2779	74400
877	2148	74500
768	2951	74500
834	2400	74500
535	2730	74600
1864	2401	74700
493	2867	74700
482	2033	74700
1747	2122	74700
802	2154	74900
1236	2147	75100
1338	2363	75100
986	2575	75100
277	2030	75200
664	2334	75300
674	2303	75600
1724	2292	75600
214	2262	75700
152	2365	75700
169	2239	75900
1782	2439	75900
1125	2022	75900
1714	2584	76000
1131	2664	76100
1756	2341	76100
1780	2743	76200
823	2454	76200
1431	2766	76400
1151	2644	76400
1942	2791	76500
1774	2469	76600
322	2409	76700
378	2624	76700
1567	2195	76700
513	2259	76900
694	2702	77000
861	2669	77100
182	2888	77100
562	2420	77200
1530	2265	77200
1903	2852	77200
237	2475	77300
744	2459	77400
377	2755	77500
326	2481	77600
1319	2822	77600
870	2959	77600
1408	2798	77700
292	2803	77700
1492	2892	77700
193	2361	77800
1198	2849	78000
1556	2669	78000
360	2682	78300
1156	2104	78400
1597	2872	78500
1388	2959	78500
1539	2363	78600
913	2721	78600
1510	2479	78700
965	2793	78700
1732	2982	78700
1451	2579	78800
446	2070	78900
42	2571	78900
769	2869	79000
143	2628	79000
1773	2846	79000
1706	2441	79100
147	2780	79100
797	2502	79200
1578	2991	79200
1106	2095	79200
1249	2686	79200
636	2455	79400
1675	2501	79400
144	2104	79500
1016	2955	79600
131	2088	79900
1262	2038	80200
1800	2891	80200
492	2511	80400
1042	2558	80500
477	2874	80600
940	2555	80600
1696	2481	80700
1595	2644	80700
1876	2655	80800
1592	2833	81000
1313	2530	81000
227	2705	81000
885	2435	81100
1733	2291	81200
1565	2905	81300
1396	2240	81400
399	2614	81700
1197	2435	81700
1987	2094	81700
1066	2074	81800
1519	2654	81900
1679	2792	81900
1613	2486	82000
966	2290	82100
1945	2524	82200
772	2700	82200
1317	2570	82200
700	2712	82300
716	2887	82400
1384	2962	82400
1294	2694	82500
732	2320	82600
1169	2620	82700
1257	2951	82800
1686	2087	82900
1032	2647	83000
1348	2520	83000
1415	2070	83200
928	2507	83200
1350	2586	83300
1352	2213	83300
252	2733	83400
1860	2913	83500
290	2551	83500
1406	2707	83500
1929	2233	83700
728	2778	83900
976	2868	84100
926	2184	84100
1059	2454	84100
536	2258	84200
1909	2739	84300
1616	2437	84300
1603	2548	84400
489	2004	84400
580	2572	84400
76	2151	84600
1606	2574	84700
1720	2938	85100
1420	2542	85100
1091	2636	85300
632	2284	85400
915	2723	85400
1439	2709	85400
1660	2587	85400
1194	2808	85400
1387	2651	85500
516	2711	85700
1025	2217	85700
1704	2276	85900
1561	2527	86100
1766	2620	86400
550	2084	86400
1611	2692	86500
835	2713	86500
713	2895	86700
1963	2204	86800
1883	2357	86900
657	2387	87100
1875	2312	87100
229	2651	87200
250	2266	87300
1099	2482	87300
1601	2186	87500
886	2312	87600
405	2648	87600
1857	2199	87700
1264	2170	87900
842	2734	88000
1754	2537	88100
1476	2019	88300
895	2115	88400
1917	2497	88600
907	2149	88700
511	2860	88700
445	2569	88900
1913	2389	89200
454	2161	89200
453	2324	89300
395	2574	89300
485	2688	89400
1357	2535	89400
1644	2898	89500
780	2259	89500
486	2355	89600
62	2416	89800
1381	2215	89800
910	2192	89900
351	2339	89900
1458	2465	90100
1141	2880	90200
105	2386	90400
1369	2822	90500
1626	2041	90600
819	2799	90600
1502	2886	90600
0	2953	90600
1993	2751	90700
1532	2237	90800
1833	2197	90800
269	2065	91000
1268	2119	91100
1256	2773	91200
1457	2083	91200
498	2094	91200
1029	2544	91300
1039	2257	91300
1659	2109	91400
102	2732	91500
82	2230	91500
242	2279	91700
678	2802	91700
706	2769	91800
273	2020	91800
1594	2816	91800
1729	2657	91900
1507	2841	91900
21	2013	91900
25	2145	92000
531	2400	92000
1267	2747	92100
932	2386	92100
1282	2754	92200
478	2157	92400
800	2785	92400
130	2685	92500
1571	2444	92800
1786	2023	92900
1414	2276	93300
1365	2328	93400
1061	2206	93600
736	2211	93700
1708	2794	93800
774	2432	93900
821	2854	93900
1010	2221	94000
1489	2936	94300
525	2147	94400
128	2049	94700
1584	2392	95000
544	2937	95000
1102	2366	95100
1515	2491	95200
90	2354	95200
809	2193	95200
1024	2328	95200
38	2877	95300
1167	2277	95500
1080	2761	95500
1893	2775	95500
673	2740	96000
1043	2284	96000
31	2289	96000
1142	2205	96100
524	2541	96200
140	2617	96400
1220	2191	96500
366	2694	96800
482	2448	96800
1143	2087	96800
1152	2013	96900
792	2092	97000
1078	2119	97400
595	2924	97500
1882	2115	97500
582	2786	97500
1420	2040	97900
382	2776	98000
217	2132	98200
700	2509	98200
1432	2450	98200
315	2137	98300
201	2900	98300
1356	2874	98600
89	2408	98700
1204	2518	99000
1012	2786	99000
248	2708	99300
1895	2596	99500
911	2295	99700
325	2535	99800
523	2361	100400
1735	2033	100500
1417	2001	100600
1155	2347	100600
804	2703	100700
416	2154	100800
1238	2434	101200
1472	2896	101300
1328	2253	101300
912	2299	101400
34	2461	101500
992	2149	101600
17	2437	101600
542	2323	101800
499	2137	101900
1435	2896	102000
469	2780	102200
1446	2526	102300
1903	2623	102400
1022	2823	102500
601	2674	102700
1570	2206	102800
1136	2890	102800
227	2920	102900
635	2122	103200
9	2449	103300
1173	2297	103300
1830	2366	103400
74	2600	103500
708	2824	103500
1358	2874	103500
902	2747	103600
642	2495	103600
309	2324	103700
1844	2337	103700
1561	2294	103700
444	2019	103700
27	2774	103700
1118	2878	103900
334	2673	104000
900	2384	104000
704	2037	104300
1579	2872	104600
1067	2445	104600
1177	2544	104700
98	2889	105000
1172	2837	105000
1916	2823	105500
829	2266	105500
831	2436	106300
216	2408	106300
282	2623	106300
1459	2708	106300
1139	2891	106300
717	2428	106500
1158	2319	106600
1500	2549	106800
1759	2302	106900
1380	2021	107000
1599	2416	107100
118	2355	107400
1160	2661	107600
1521	2868	107800
411	2473	107800
1045	2634	107900
1467	2482	108000
1777	2629	108300
1789	2045	108500
409	2990	108600
1100	2904	108600
574	2865	108800
507	2015	108900
1959	2602	109100
164	2879	109100
1715	2162	109200
1863	2482	109300
670	2422	109400
1821	2109	109400
363	2894	109900
28	2487	110000
932	2527	110200
659	2761	110300
737	2149	110400
1670	2028	110500
506	2110	110800
124	2045	110900
1637	2323	111400
1457	2565	111800
1405	2526	112100
349	2297	112300
786	2252	112400
161	2162	112500
1376	2022	112500
757	2538	112800
305	2220	112800
892	2189	112800
1284	2663	113200
226	2742	113300
394	2547	113700
1427	2102	114000
296	2518	114300
95	2332	114800
309	2269	115000
1133	2558	115000
371	2819	115000
1813	2782	115000
1471	2786	115200
202	2366	115300
1210	2648	115300
360	2521	115600
862	2661	115700
586	2067	115800
1510	2573	115900
1683	2040	116000
1871	2387	116200
421	2800	116400
703	2648	116400
1221	2780	116700
20	2221	117000
146	2135	117000
1087	2092	117100
1514	2639	117400
1647	2011	117800
1392	2093	117800
752	2977	118100
1753	2819	118400
297	2524	118800
609	2377	118900
937	2795	118900
668	2085	118900
1672	2523	119000
1807	2725	119200
1330	2716	119500
208	2154	119600
832	2264	119700
1434	2907	120000
190	2217	120200
1079	2721	120300
241	2391	120400
1739	2898	120600
600	2316	121100
1149	2371	121100
1759	2057	121200
976	2414	121400
197	2249	121600
510	2562	122000
514	2668	122200
313	2110	122300
620	2499	122500
689	2155	122800
32	2520	123500
1347	2726	123800
1342	2348	124300
655	2995	124400
1305	2309	124600
321	2562	124800
1344	2146	125200
272	2211	125300
890	2392	125300
959	2542	125400
1988	2878	125800
1555	2187	125800
1044	2855	126100
201	2968	126700
1230	2389	127100
488	2216	127500
529	2951	127500
1482	2337	127800
453	2395	128000
1858	2804	128000
454	2297	128100
405	2186	128100
903	2275	128200
1896	2303	128400
420	2014	128500
406	2666	128600
1193	2474	128600
811	2771	129200
1897	2464	129600
776	2737	129900
1360	2932	130100
497	2894	130200
372	2682	130200
540	2356	130400
54	2731	131000
1826	2446	131000
811	2944	131200
1509	2150	131300
1228	2293	131500
988	2106	131500
129	2433	132000
971	2747	132100
888	2296	132100
748	2693	132900
1932	2615	132900
682	2220	133000
379	2509	133400
905	2953	133700
239	2116	134400
1331	2941	134500
1881	2617	134600
1467	2456	134700
571	2557	135000
767	2767	135000
1671	2833	135100
109	2009	135300
29	2111	135400
845	2310	135600
1290	2180	135800
125	2954	135900
871	2969	135900
235	2043	136100
551	2574	136300
1764	2014	136700
925	2591	136800
1303	2897	137000
8	2438	137000
337	2228	137900
1318	2255	138000
528	2504	138100
474	2443	138500
1605	2051	138700
6	2206	139200
61	2274	139200
1573	2757	139400
581	2818	140200
1713	2995	141000
1280	2528	141000
59	2258	141100
504	2202	141200
1406	2632	141300
667	2808	142100
1251	2333	142100
1691	2270	142200
1948	2455	142500
919	2547	142500
72	2452	142800
549	2867	143300
1629	2439	143400
1094	2773	143700
75	2370	143800
421	2570	144000
565	2016	144100
872	2946	144700
114	2362	144800
1214	2809	145000
641	2697	145600
367	2789	145700
1680	2192	145800
1385	2875	146100
1197	2532	147200
1277	2586	147800
538	2220	148200
428	2138	148300
461	2673	148500
938	2205	149000
749	2265	149200
348	2734	149700
1246	2434	149800
45	2331	149800
1286	2564	150300
1805	2434	150600
1174	2615	150600
1213	2067	150700
1741	2537	150800
1925	2336	151400
816	2837	151500
1520	2111	152000
706	2613	152400
987	2271	153100
958	2896	153100
1469	2438	153400
1028	2955	153500
620	2581	153700
988	2028	153700
1251	2528	154400
115	2985	155100
1212	2840	155200
1702	2570	156300
294	2930	156500
1809	2781	156800
1784	2133	157100
770	2993	157400
1018	2632	157700
1521	2129	157700
1070	2204	158100
417	2852	158100
634	2576	158700
501	2932	158800
1534	2021	158900
1429	2958	160900
1046	2885	161100
288	2562	163100
279	2685	163200
1103	2940	163700
1566	2256	163800
1504	2117	164200
1936	2743	164300
278	2096	164700
969	2716	164900
1085	2985	165700
823	2475	165900
1274	2779	166100
1832	2054	166400
1664	2859	167100
599	2990	167200
943	2601	167400
619	2171	167800
776	2025	169100
1880	2399	169400
166	2292	169800
1260	2730	170400
176	2212	170700
718	2774	171000
582	2779	172300
1905	2657	172500
1213	2293	172600
869	2289	172900
263	2136	173400
1285	2995	173900
1869	2612	173900
1057	2096	173900
1320	2738	174100
1728	2776	174200
397	2921	175200
955	2655	177600
121	2650	178000
1691	2383	178200
281	2379	179600
402	2694	179700
175	2018	180500
1978	2802	181700
412	2650	182100
957	2547	184100
1801	2810	185400
752	2419	185800
533	2884	187300
1605	2188	187900
1051	2857	188100
135	2056	189700
1693	2207	191200
1845	2265	192000
1587	2253	192900
1897	2597	193400
57	2940	193800
1162	2521	193800
781	2857	194300
841	2929	194500
374	2392	194900
407	2909	195000
1746	2909	195100
741	2008	195300
1040	2917	195500
283	2480	196300
970	2873	196300
725	2306	196700
851	2781	198000
1642	2256	198100
243	2093	198300
1655	2485	199000
1030	2348	199200
790	2121	199300
1475	2287	199500
1473	2813	200600
1138	2733	201500
1862	2452	201700
94	2010	202800
1505	2623	202800
393	2522	203300
1842	2322	203400
1580	2200	204500
466	2873	204500
1667	2306	204700
865	2729	205300
1426	2047	208400
1535	2378	208400
886	2099	209000
1227	2977	210200
1812	2065	210400
107	2838	211000
1059	2107	211000
1371	2556	211200
1187	2773	213300
1885	2820	213900
943	2009	215100
1569	2204	215500
929	2984	216200
70	2576	216600
1342	2414	216900
967	2877	217200
1642	2692	217500
1287	2716	217800
1083	2106	218700
686	2549	219700
225	2332	222100
91	2208	222300
142	2831	223800
1919	2711	224800
1703	2269	225100
1069	2224	225700
1427	2306	226200
585	2610	228600
1969	2201	228700
1444	2333	228700
1872	2929	232000
1226	2710	233200
1031	2925	236000
643	2601	237100
190	2445	237200
693	2889	238100
197	2779	238600
1749	2394	238800
1688	2911	240300
721	2834	241200
1383	2718	242700
643	2009	242800
589	2659	246000
1162	2682	247500
3	2414	249000
847	2602	254800
1423	2056	254900
918	2090	255300
677	2876	255900
1575	2346	260100
1014	2643	260500
404	2542	261900
203	2510	262800
311	2026	264400
939	2022	264600
1628	2093	264700
1455	2026	265400
1468	2143	265800
224	2719	266400
1983	2932	267600
441	2884	269700
1487	2494	271700
1658	2677	277500
1663	2296	278000
156	2026	280000
441	2857	280900
1232	2749	281200
1329	2239	281700
53	2079	283000
1622	2641	283700
1628	2944	287500
24	2078	288500
1757	2757	289200
1654	2052	290000
1959	2752	290800
603	2139	293500
851	2928	294700
1080	2960	295200
1334	2132	295800
1885	2549	296800
683	2876	298000
217	2202	298700
990	2793	300200
1927	2510	300300
1030	2815	303300
1004	2340	306200
1400	2622	306200
81	2362	306300
1359	2201	307200
1335	2620	312900
81	2346	314900
1712	2340	324500
995	2945	324600
1432	2643	324700
1337	2350	327200
610	2264	330600
584	2677	331300
1292	2459	333000
1957	2815	334200
784	2699	334300
118	2622	334400
1641	2581	334400
495	2264	334800
1287	2490	336000
391	2783	337800
1243	2902	338000
1310	2548	338900
271	2040	339500
430	2887	341800
1114	2244	343400
422	2199	345100
1150	2401	347600
308	2594	349000
1685	2264	354200
376	2117	356700
956	2275	358900
65	2332	364600
509	2920	365500
693	2228	367000
1421	2577	370800
1090	2189	371200
1703	2078	371400
338	2722	373000
667	2911	376300
972	2725	379200
