1455	2850	200
391	2150	200
1276	2678	200
498	2747	200
1847	2328	200
1555	2484	200
1672	2523	200
299	2709	200
630	2642	200
155	2881	200
488	2309	200
978	2628	200
939	2758	200
18	2386	200
1846	2837	200
1611	2654	200
73	2235	300
599	2859	300
1592	2159	300
618	2856	300
765	2037	300
204	2442	300
1461	2951	300
994	2151	300
193	2190	300
1868	2664	300
443	2095	300
827	2452	300
585	2324	300
701	2313	300
1626	2118	300
577	2707	300
295	2842	300
1730	2471	400
1470	2524	400
705	2576	400
601	2451	400
1354	2564	400
1584	2172	400
1632	2679	400
1912	2048	400
1879	2146	400
70	2441	400
1144	2272	400
58	2785	400
1558	2860	400
291	2835	400
1033	2908	500
29	2499	500
1884	2393	500
1955	2408	500
391	2034	500
870	2754	500
397	2439	500
580	2899	500
554	2615	500
225	2937	500
1657	2438	500
896	2868	500
183	2852	500
1427	2978	500
702	2864	600
915	2908	600
413	2494	600
1572	2401	600
340	2034	600
513	2565	600
1415	2164	600
1039	2897	600
1742	2480	600
1159	2489	600
1675	2507	600
95	2339	600
1618	2346	600
753	2548	600
1057	2087	600
1331	2653	600
1217	2932	600
959	2768	600
1408	2355	600
1298	2016	600
196	2963	700
849	2116	700
697	2948	700
721	2377	700
1982	2677	700
1572	2435	700
238	2070	700
877	2991	700
195	2404	700
1418	2979	700
866	2762	700
1267	2946	700
1991	2251	700
1811	2032	700
741	2546	700
767	2614	700
1671	2012	800
1830	2569	800
1976	2943	800
1633	2823	800
1844	2631	800
930	2120	800
1396	2199	800
714	2411	800
1891	2279	800
1410	2605	800
1414	2409	900
179	2247	900
1091	2148	900
1556	2796	900
382	2627	900
318	2351	900
1373	2273	900
975	2917	900
451	2996	900
475	2610	900
944	2510	900
999	2547	900
1755	2922	900
907	2282	900
731	2719	1000
726	2412	1000
1699	2317	1000
534	2945	1000
1382	2179	1000
1445	2846	1000
660	2678	1000
1138	2554	1000
438	2213	1000
384	2413	1000
109	2884	1000
1128	2782	1000
1993	2797	1000
784	2026	1000
350	2101	1000
141	2994	1000
989	2690	1000
1014	2948	1100
1049	2929	1100
1768	2030	1100
249	2844	1100
519	2093	1100
1263	2505	1100
626	2242	1100
1223	2752	1100
1817	2448	1100
86	2049	1100
724	2997	1100
1791	2291	1100
40	2782	1100
1565	2617	1100
1449	2384	1100
1992	2826	1100
1319	2654	1100
502	2261	1100
1322	2839	1100
1677	2089	1200
1020	2417	1200
660	2700	1200
59	2877	1200
1962	2858	1200
1369	2583	1200
24	2334	1300
941	2740	1300
1867	2404	1300
107	2535	1300
133	2686	1300
1717	2521	1300
1604	2101	1300
329	2609	1400
249	2566	1400
524	2998	1400
1880	2150	1400
1445	2678	1400
119	2658	1400
1234	2143	1400
1060	2640	1400
559	2082	1400
838	2268	1400
1741	2132	1400
826	2296	1400
1383	2717	1400
1978	2745	1500
128	2276	1500
664	2569	1500
774	2651	1500
1535	2271	1500
1053	2097	1500
1738	2496	1500
1514	2092	1500
1988	2809	1500
1960	2769	1500
1897	2056	1500
1869	2238	1600
1840	2959	1600
207	2550	1600
535	2267	1600
850	2316	1600
1308	2330	1600
929	2598	1600
1568	2756	1600
305	2722	1600
246	2578	1600
178	2882	1600
1523	2754	1600
157	2558	1600
1076	2233	1600
1007	2439	1600
658	2009	1600
658	2759	1600
1834	2880	1600
52	2407	1600
1391	2757	1600
577	2586	1600
1093	2238	1700
1508	2864	1700
1980	2350	1700
636	2950	1700
966	2406	1700
1598	2637	1700
1286	2176	1700
705	2473	1700
1184	2524	1700
1682	2420	1700
1036	2555	1700
562	2694	1700
173	2337	1700
149	2162	1700
1733	2403	1700
323	2321	1700
1219	2721	1700
1629	2510	1700
1883	2964	1700
1275	2923	1700
1666	2111	1700
411	2159	1800
694	2640	1800
1208	2028	1800
1238	2371	1800
1691	2911	1800
1042	2009	1800
1202	2958	1800
542	2648	1800
1890	2391	1800
573	2586	1800
1367	2883	1900
1884	2404	1900
1048	2730	1900
1524	2901	1900
379	2831	1900
1595	2213	1900
788	2257	1900
454	2542	1900
574	2792	1900
9	2968	1900
1974	2201	1900
316	2111	1900
1029	2637	2000
51	2609	2000
330	2373	2000
1297	2220	2000
272	2243	2000
479	2143	2000
646	2698	2000
580	2570	2000
1324	2180	2000
1810	2596	2000
755	2644	2000
1875	2666	2000
1903	2362	2000
1821	2584	2000
1679	2438	2000
759	2657	2000
1866	2625	2000
749	2612	2000
1018	2399	2100
1029	2723	2100
1299	2850	2100
1970	2535	2100
66	2823	2100
41	2621	2100
455	2369	2100
1753	2624	2100
799	2274	2100
198	2452	2100
1754	2136	2100
225	2634	2100
509	2608	2100
521	2657	2100
331	2313	2100
1034	2173	2200
830	2730	2200
1672	2901	2200
1365	2709	2200
1855	2903	2200
1614	2779	2200
1833	2304	2200
1377	2789	2200
337	2088	2200
290	2845	2200
326	2862	2300
442	2606	2300
297	2000	2300
690	2498	2300
142	2924	2300
558	2782	2300
1756	2459	2300
1962	2755	2300
831	2918	2300
0	2761	2300
1310	2566	2400
946	2872	2400
1634	2670	2400
1473	2378	2400
897	2748	2400
405	2961	2400
1874	2463	2400
676	2078	2500
1582	2406	2500
1405	2620	2500
928	2098	2500
1761	2907	2500
1450	2847	2500
562	2741	2500
502	2779	2500
1837	2583	2500
486	2896	2500
666	2240	2500
1715	2023	2500
1515	2765	2500
239	2990	2500
563	2672	2600
1318	2948	2600
229	2006	2600
935	2406	2600
627	2383	2600
90	2807	2600
1998	2565	2600
1451	2770	2600
1258	2243	2600
1464	2105	2600
186	2658	2600
1372	2931	2600
820	2681	2600
1498	2837	2600
1088	2562	2600
599	2397	2700
1926	2678	2700
1288	2738	2700
1706	2162	2700
1092	2901	2700
1097	2741	2700
1518	2980	2700
1874	2509	2700
559	2332	2700
575	2295	2700
1253	2221	2700
1519	2280	2700
1235	2269	2800
448	2795	2800
1023	2571	2800
1580	2958	2800
435	2661	2800
1330	2547	2800
534	2377	2900
1	2803	2900
1967	2038	2900
516	2611	2900
808	2224	2900
71	2976	2900
1587	2911	2900
42	2539	2900
1709	2617	2900
358	2130	2900
1496	2808	2900
1183	2775	2900
1603	2643	2900
1227	2719	3000
1745	2124	3000
218	2559	3000
401	2524	3000
1433	2208	3000
431	2800	3000
1568	2050	3000
746	2795	3000
1038	2285	3000
74	2254	3000
1577	2729	3000
653	2060	3000
1437	2055	3000
30	2374	3000
386	2143	3000
254	2405	3000
461	2428	3000
1444	2380	3000
1089	2999	3000
145	2958	3000
70	2903	3000
1357	2933	3000
1293	2940	3000
46	2681	3000
778	2778	3000
79	2785	3000
969	2022	3000
526	2355	3000
1129	2639	3000
1963	2430	3100
850	2244	3100
495	2621	3100
263	2174	3100
244	2976	3100
30	2514	3100
1413	2691	3200
1200	2908	3200
572	2938	3200
126	2263	3200
631	2126	3200
1585	2696	3200
1087	2027	3200
1479	2251	3200
1842	2024	3200
161	2119	3200
624	2200	3200
567	2589	3200
354	2739	3200
1214	2983	3300
785	2338	3300
615	2286	3300
314	2754	3300
143	2141	3300
437	2881	3300
1351	2200	3300
827	2268	3300
1787	2270	3300
1800	2121	3300
331	2358	3300
749	2508	3300
1729	2047	3400
219	2030	3400
1478	2175	3400
1359	2099	3400
576	2205	3400
1987	2970	3400
751	2418	3400
1054	2051	3400
1148	2231	3400
1061	2024	3400
1663	2597	3400
462	2123	3500
1283	2276	3500
1435	2191	3500
199	2506	3500
101	2351	3500
1801	2671	3500
1553	2540	3500
1960	2786	3500
1602	2348	3500
55	2689	3600
1003	2561	3600
103	2660	3600
536	2912	3600
458	2152	3600
594	2564	3600
618	2552	3600
1688	2106	3600
400	2200	3600
856	2121	3600
1027	2705	3600
1280	2145	3600
731	2264	3700
987	2518	3700
1041	2938	3700
803	2069	3700
1620	2945	3700
477	2683	3700
110	2419	3700
127	2442	3700
880	2941	3700
968	2530	3700
1751	2975	3700
791	2225	3700
184	2592	3700
1784	2960	3700
1030	2259	3700
182	2925	3700
1945	2760	3800
980	2111	3800
1077	2930	3800
1953	2981	3800
1531	2408	3800
1367	2861	3800
1107	2078	3800
843	2505	3800
739	2970	3800
1260	2243	3800
33	2591	3800
188	2140	3800
53	2167	3800
1594	2662	3800
350	2652	3800
1559	2892	3800
620	2934	3800
539	2124	3800
592	2761	3800
847	2991	3800
1579	2649	3900
1215	2526	3900
317	2949	3900
1108	2611	3900
1345	2927	3900
1739	2224	3900
699	2955	3900
786	2140	3900
648	2744	3900
351	2049	3900
611	2501	3900
913	2133	3900
612	2671	3900
905	2521	3900
1256	2129	3900
298	2436	3900
548	2483	3900
452	2785	3900
1517	2599	3900
588	2553	4000
206	2473	4000
1838	2389	4000
903	2683	4000
1069	2965	4000
245	2486	4000
447	2565	4000
154	2467	4000
1534	2378	4000
1994	2905	4000
855	2708	4000
1763	2792	4000
1049	2614	4000
235	2077	4000
851	2250	4100
1363	2094	4100
1198	2788	4100
100	2174	4100
1861	2862	4100
1782	2756	4100
169	2823	4100
680	2544	4100
682	2748	4100
428	2002	4100
1465	2939	4100
1196	2810	4100
1468	2194	4100
958	2515	4100
487	2233	4100
1061	2049	4100
161	2008	4100
290	2786	4100
486	2402	4100
668	2298	4100
35	2726	4100
1505	2557	4200
1308	2263	4200
332	2465	4200
1017	2870	4200
1836	2418	4200
1286	2205	4200
280	2287	4200
449	2914	4200
236	2724	4200
551	2225	4200
407	2365	4200
1516	2443	4200
597	2260	4200
62	2672	4300
1494	2103	4300
702	2862	4300
1207	2675	4300
765	2469	4300
297	2716	4300
1380	2080	4300
1032	2151	4300
1922	2881	4300
1259	2525	4300
165	2270	4300
125	2110	4300
961	2816	4300
368	2908	4400
1795	2173	4400
1814	2978	4400
974	2168	4400
156	2297	4400
1742	2465	4400
1006	2254	4400
1153	2436	4400
226	2654	4400
1924	2192	4500
997	2920	4500
801	2170	4500
729	2621	4500
482	2289	4500
339	2514	4500
461	2633	4500
1805	2727	4500
147	2079	4500
1391	2538	4500
285	2311	4600
1702	2423	4600
514	2180	4600
1379	2299	4600
1512	2934	4600
1676	2557	4700
1920	2714	4700
1117	2950	4700
712	2393	4700
1646	2093	4700
927	2818	4700
796	2246	4700
181	2972	4700
1070	2233	4700
1321	2434	4700
579	2143	4700
76	2268	4700
1051	2790	4700
1826	2934	4700
267	2023	4700
261	2017	4800
1320	2232	4800
1613	2942	4800
727	2370	4800
379	2989	4800
1154	2961	4800
828	2115	4800
1526	2597	4800
575	2358	4800
1898	2671	4800
303	2016	4800
1187	2414	4900
550	2059	4900
174	2271	4900
709	2972	4900
56	2752	4900
1394	2720	4900
1019	2472	4900
1300	2272	4900
1332	2628	4900
1434	2446	4900
967	2362	4900
383	2359	4900
1849	2822	4900
1941	2745	5000
69	2983	5000
330	2437	5000
221	2732	5000
1340	2776	5000
936	2520	5000
1221	2727	5000
855	2697	5000
1969	2973	5000
1485	2342	5100
462	2003	5100
153	2756	5100
41	2128	5100
1065	2674	5100
1792	2704	5100
1169	2812	5100
177	2698	5100
1733	2695	5100
1637	2454	5100
825	2103	5200
314	2867	5200
1674	2160	5200
802	2838	5200
1087	2310	5200
1273	2916	5200
1625	2685	5200
1064	2973	5200
190	2059	5300
1487	2879	5300
1155	2178	5300
388	2471	5300
1668	2035	5300
263	2604	5300
440	2982	5300
50	2927	5300
1368	2894	5300
153	2214	5300
174	2694	5300
1185	2354	5300
37	2140	5300
284	2804	5300
1126	2990	5300
899	2864	5400
931	2317	5400
1082	2493	5400
1771	2763	5400
5	2487	5400
499	2042	5400
763	2646	5400
1324	2291	5400
1396	2429	5400
1939	2241	5400
1442	2663	5500
1859	2453	5500
1299	2800	5500
1674	2062	5500
948	2555	5500
1751	2424	5500
770	2077	5500
991	2731	5600
493	2103	5600
332	2541	5600
335	2558	5600
610	2113	5600
1326	2646	5600
793	2086	5600
969	2136	5600
344	2029	5600
1722	2014	5600
104	2041	5700
1951	2985	5700
1697	2561	5700
1610	2404	5700
1142	2620	5700
1036	2870	5700
674	2567	5700
1497	2556	5700
53	2830	5700
691	2461	5700
1863	2090	5700
1758	2964	5700
1225	2667	5800
1525	2929	5800
616	2745	5800
1964	2833	5800
527	2700	5800
371	2497	5800
568	2787	5800
1078	2096	5800
134	2706	5800
913	2359	5800
1837	2026	5800
1891	2221	5800
847	2499	5900
93	2286	5900
1132	2183	5900
1577	2477	5900
341	2911	5900
1247	2380	5900
917	2956	5900
1923	2440	6000
1082	2174	6000
1566	2168	6000
673	2248	6000
1949	2799	6000
642	2713	6000
4	2658	6000
798	2467	6000
1560	2048	6000
1216	2504	6000
1569	2944	6000
1490	2967	6100
1211	2645	6100
1999	2044	6100
340	2150	6100
716	2863	6100
860	2312	6100
440	2191	6100
47	2900	6100
1189	2635	6100
14	2031	6100
1714	2265	6100
1981	2463	6100
1219	2697	6100
1932	2436	6100
1984	2582	6100
1337	2577	6100
148	2780	6100
159	2649	6100
348	2807	6200
1693	2316	6200
1489	2555	6200
319	2594	6200
544	2706	6200
1293	2623	6200
1950	2575	6200
750	2785	6200
464	2311	6300
937	2198	6300
1130	2347	6300
927	2581	6300
1180	2099	6300
532	2560	6300
1116	2230	6300
501	2009	6300
383	2413	6300
1462	2485	6300
1205	2866	6300
184	2638	6300
1471	2015	6300
965	2860	6300
1187	2902	6300
1325	2178	6400
1888	2246	6400
533	2939	6400
22	2038	6400
1295	2824	6400
720	2786	6400
588	2723	6400
950	2536	6400
1110	2716	6500
863	2278	6500
1374	2722	6500
1926	2711	6500
1947	2696	6500
1327	2673	6500
1282	2573	6500
1527	2206	6500
872	2274	6500
644	2277	6500
518	2175	6600
799	2083	6600
579	2413	6600
1576	2016	6600
1481	2236	6700
535	2863	6700
885	2904	6700
1533	2001	6700
916	2321	6700
412	2415	6700
57	2538	6700
1100	2479	6800
989	2918	6800
584	2437	6800
39	2028	6800
754	2365	6800
1459	2110	6800
1228	2692	6800
1031	2059	6800
1407	2528	6800
1343	2073	6800
519	2297	6900
1573	2971	6900
1100	2372	6900
221	2913	6900
1302	2214	6900
1954	2276	6900
1048	2569	6900
1780	2900	6900
1353	2602	6900
713	2926	6900
1172	2641	6900
345	2568	6900
995	2929	7000
887	2541	7000
214	2724	7000
1051	2359	7000
465	2340	7000
800	2262	7000
310	2737	7000
1095	2671	7000
725	2938	7000
1035	2557	7000
164	2691	7100
1229	2216	7100
1607	2882	7100
1719	2838	7100
17	2428	7100
1186	2857	7100
776	2067	7100
858	2158	7200
67	2216	7200
885	2900	7200
1825	2147	7200
878	2733	7200
719	2166	7200
140	2632	7200
43	2608	7200
1419	2237	7200
1519	2922	7200
1278	2059	7300
752	2524	7300
1986	2158	7300
1987	2033	7300
1113	2710	7300
82	2749	7300
344	2407	7300
1784	2045	7300
239	2767	7300
1872	2236	7300
1938	2967	7400
1941	2201	7400
1436	2336	7400
556	2887	7400
632	2979	7400
1979	2171	7400
694	2591	7400
244	2664	7400
1933	2993	7400
1651	2771	7400
1416	2263	7500
1133	2573	7500
790	2183	7500
398	2700	7500
1479	2642	7500
1134	2571	7500
848	2702	7500
1553	2384	7500
783	2826	7500
1827	2502	7500
394	2078	7600
7	2007	7600
1458	2179	7600
604	2836	7600
782	2002	7600
530	2004	7600
1315	2815	7600
1421	2582	7600
856	2790	7600
895	2819	7600
1590	2461	7600
901	2158	7700
806	2848	7700
852	2781	7700
12	2236	7700
556	2863	7700
1127	2530	7700
247	2167	7700
959	2876	7700
1392	2071	7700
1762	2650	7800
632	2904	7800
1924	2372	7800
1112	2517	7800
1921	2995	7800
673	2267	7800
772	2419	7800
1300	2371	7800
1411	2588	7800
21	2520	7800
307	2197	7800
1398	2917	7800
1645	2181	7800
1831	2457	7800
24	2433	7900
1790	2305	7900
1265	2913	7900
1802	2882	7900
1327	2066	7900
598	2203	7900
1798	2665	7900
1171	2635	7900
1467	2223	7900
764	2585	7900
1538	2407	7900
1889	2308	7900
1173	2236	7900
436	2649	8000
552	2492	8000
480	2762	8000
692	2283	8000
1439	2004	8000
522	2931	8000
166	2065	8000
824	2504	8000
504	2583	8000
202	2366	8000
115	2277	8000
1589	2043	8000
132	2172	8100
1336	2163	8100
1191	2028	8100
135	2755	8100
241	2256	8100
1330	2845	8100
1552	2839	8100
25	2532	8200
787	2311	8200
1255	2074	8200
256	2184	8200
0	2780	8200
1004	2822	8200
538	2672	8300
10	2841	8300
1788	2471	8300
355	2303	8300
1802	2694	8300
561	2989	8300
1516	2773	8300
884	2702	8300
1996	2284	8300
222	2843	8300
168	2794	8300
1716	2649	8400
846	2655	8400
349	2109	8400
1249	2374	8400
1900	2211	8400
1134	2378	8400
940	2910	8400
681	2083	8400
40	2452	8400
325	2501	8400
439	2934	8400
1726	2011	8400
1285	2526	8500
992	2469	8500
511	2196	8500
972	2831	8500
1764	2501	8500
943	2327	8500
1687	2486	8600
684	2725	8600
873	2511	8600
1694	2199	8600
1657	2845	8600
1643	2335	8700
1818	2251	8700
508	2413	8700
754	2153	8700
567	2368	8700
1862	2229	8700
899	2967	8800
460	2659	8800
1809	2364	8800
497	2050	8800
13	2729	8800
578	2924	8800
1013	2744	8800
27	2664	8800
1393	2822	8800
1094	2479	8900
219	2189	8900
1716	2006	8900
1278	2984	8900
1390	2714	8900
646	2537	8900
1877	2820	8900
871	2052	8900
1664	2991	9000
634	2216	9000
446	2802	9000
352	2254	9000
1190	2209	9000
528	2310	9000
171	2677	9100
1710	2182	9100
743	2151	9100
57	2769	9100
1763	2875	9100
1309	2293	9200
1748	2007	9200
1633	2560	9200
557	2831	9200
1536	2941	9200
1770	2811	9200
372	2262	9200
1484	2953	9200
1959	2290	9200
1005	2549	9200
425	2921	9200
980	2189	9300
1598	2825	9300
1854	2163	9300
217	2387	9300
213	2306	9300
230	2226	9300
98	2659	9400
1525	2317	9400
843	2312	9400
1201	2535	9400
1881	2919	9400
1163	2335	9400
32	2947	9400
131	2589	9400
884	2889	9400
1178	2825	9500
1648	2935	9500
1782	2169	9500
955	2692	9500
1504	2064	9500
194	2788	9500
361	2618	9500
1725	2343	9600
964	2239	9600
264	2495	9600
154	2914	9600
1929	2551	9600
1776	2955	9600
146	2843	9600
321	2848	9600
871	2822	9600
1746	2029	9600
608	2409	9700
357	2834	9700
942	2192	9700
1789	2756	9700
1687	2764	9700
470	2898	9700
954	2982	9700
1743	2114	9700
572	2667	9800
623	2196	9800
442	2349	9800
593	2176	9800
1394	2091	9800
1922	2630	9800
1373	2896	9800
1264	2718	9800
1244	2353	9900
102	2408	9900
737	2478	9900
301	2796	9900
482	2817	9900
857	2508	9900
918	2925	9900
984	2753	10000
281	2071	10000
1359	2503	10000
1662	2942	10000
601	2867	10000
1484	2980	10000
241	2138	10000
923	2090	10000
990	2234	10100
932	2101	10100
212	2996	10100
744	2112	10100
1628	2991	10100
647	2353	10200
1982	2084	10200
963	2232	10200
505	2027	10200
834	2415	10200
766	2993	10200
515	2022	10200
1959	2077	10200
420	2808	10200
1175	2959	10200
434	2729	10300
1749	2584	10300
1711	2677	10400
1452	2234	10400
286	2215	10400
467	2853	10400
1901	2083	10400
1152	2470	10400
1845	2895	10400
6	2110	10400
668	2968	10400
1943	2185	10400
220	2255	10500
919	2173	10500
669	2033	10500
1451	2872	10500
1370	2877	10500
1631	2953	10500
554	2119	10500
1866	2600	10500
1571	2360	10600
1041	2667	10600
1037	2288	10600
255	2554	10600
167	2262	10600
657	2299	10600
1338	2019	10600
633	2531	10600
362	2269	10700
1557	2909	10700
1282	2949	10700
1076	2272	10700
655	2789	10700
230	2944	10700
164	2739	10800
1878	2529	10800
1722	2116	10800
1839	2525	10800
1334	2165	10800
740	2633	10800
1407	2707	10800
1778	2613	10800
1303	2723	10900
396	2827	10900
1109	2879	10900
259	2481	10900
450	2004	10900
1844	2911	10900
1852	2186	10900
1933	2400	10900
836	2067	10900
1979	2710	11000
1824	2132	11000
11	2684	11000
1111	2531	11000
1958	2458	11100
624	2491	11100
1099	2575	11100
762	2108	11100
1708	2440	11200
807	2317	11200
861	2772	11200
338	2305	11200
478	2415	11200
402	2212	11200
1619	2724	11200
1602	2365	11200
1385	2159	11200
726	2396	11300
625	2919	11300
421	2533	11300
517	2806	11300
1028	2508	11300
597	2323	11300
991	2445	11300
1885	2948	11400
1429	2788	11400
584	2373	11400
91	2988	11400
1870	2163	11400
679	2005	11400
324	2054	11400
849	2705	11400
540	2440	11500
429	2814	11500
603	2036	11500
1118	2054	11500
1892	2687	11500
1404	2650	11600
677	2577	11600
600	2629	11700
7	2169	11700
266	2574	11700
374	2106	11700
710	2591	11700
434	2182	11700
1409	2686	11700
1240	2092	11700
1673	2344	11700
1829	2951	11800
782	2427	11800
1342	2197	11800
288	2888	11800
1852	2193	11800
16	2622	11800
385	2868	11800
1551	2012	11900
892	2379	11900
905	2895	11900
1247	2252	11900
353	2687	11900
1569	2742	11900
1677	2137	12000
1880	2865	12000
1771	2720	12000
1509	2558	12000
152	2619	12000
279	2706	12000
858	2791	12100
925	2507	12100
1803	2917	12100
800	2402	12100
1333	2231	12100
1952	2241	12100
935	2356	12200
1152	2829	12200
1422	2974	12200
1882	2046	12200
1441	2054	12200
1266	2862	12300
1848	2222	12300
1830	2218	12300
1055	2487	12300
719	2784	12300
1323	2969	12300
1425	2977	12400
1382	2985	12400
1155	2312	12400
406	2471	12400
630	2543	12400
1537	2961	12400
420	2813	12400
679	2944	12400
1181	2579	12500
1306	2746	12500
274	2194	12500
1464	2345	12600
1796	2002	12600
789	2225	12600
952	2490	12600
1136	2416	12600
1544	2057	12700
1206	2126	12700
1188	2187	12700
985	2497	12700
695	2824	12700
150	2028	12700
45	2405	12700
1397	2256	12700
967	2320	12700
278	2685	12700
1635	2189	12800
243	2020	12800
363	2763	12800
1623	2814	12800
147	2459	12800
1312	2333	12800
1736	2428	12900
675	2652	12900
85	2500	12900
1614	2261	12900
1262	2990	12900
841	2389	13000
1705	2292	13000
1539	2161	13000
1448	2884	13000
1901	2635	13000
1125	2081	13000
1789	2833	13100
587	2098	13100
199	2267	13100
1063	2665	13100
1728	2211	13100
839	2509	13100
1684	2789	13100
1124	2072	13200
206	2893	13200
541	2479	13200
117	2472	13200
503	2398	13200
287	2884	13200
1728	2832	13200
20	2107	13200
675	2537	13200
1897	2622	13200
102	2552	13300
639	2159	13300
669	2970	13300
853	2764	13300
1245	2646	13300
284	2787	13300
1871	2240	13300
407	2348	13300
1948	2338	13400
1102	2690	13400
1905	2039	13400
1207	2431	13400
471	2345	13400
333	2300	13400
1284	2293	13500
1294	2636	13500
1788	2128	13500
1390	2468	13500
293	2914	13500
237	2268	13500
1601	2768	13500
1446	2344	13500
1490	2061	13600
1613	2418	13600
738	2477	13600
315	2647	13600
986	2241	13600
432	2957	13600
1759	2302	13700
294	2238	13700
381	2902	13700
1768	2189	13700
347	2701	13700
1171	2516	13700
605	2654	13700
275	2422	13800
867	2061	13800
1968	2430	13800
537	2677	13800
937	2440	13800
596	2827	13800
389	2951	13800
1511	2379	13800
414	2439	13800
8	2458	13800
1469	2657	13800
1058	2032	13800
468	2781	13800
946	2003	13900
1454	2803	13900
758	2327	13900
1431	2688	13900
456	2073	13900
532	2907	14000
1105	2489	14000
1510	2083	14000
792	2224	14000
1158	2141	14000
1798	2427	14000
1627	2774	14000
1618	2186	14000
1277	2250	14000
748	2669	14000
185	2318	14100
1463	2141	14100
589	2526	14200
1358	2759	14200
496	2878	14200
1068	2037	14300
1532	2795	14300
419	2053	14300
650	2607	14300
1423	2815	14300
8	2032	14300
1404	2041	14400
495	2578	14400
1272	2512	14400
415	2869	14400
123	2658	14400
1292	2004	14400
1914	2996	14400
1772	2572	14500
1541	2109	14500
1775	2710	14500
1904	2211	14500
1731	2506	14600
256	2755	14600
111	2023	14600
324	2485	14600
990	2894	14700
301	2303	14700
1245	2797	14700
1443	2104	14700
1753	2132	14700
304	2446	14700
1331	2986	14700
6	2925	14700
413	2201	14700
1571	2546	14800
373	2330	14800
113	2160	14800
902	2946	14800
276	2513	14800
1145	2382	14800
1453	2113	14800
1233	2752	14800
862	2626	14800
1915	2503	14900
1238	2590	14900
626	2352	15000
543	2462	15000
1903	2527	15000
722	2510	15000
1679	2986	15000
707	2466	15100
1439	2184	15100
1259	2956	15100
1328	2488	15100
1899	2684	15100
1638	2546	15100
485	2561	15100
388	2128	15200
1965	2744	15200
819	2571	15200
213	2454	15200
1989	2715	15200
1506	2072	15300
1071	2988	15300
711	2434	15300
1594	2642	15300
776	2456	15300
522	2374	15400
52	2153	15400
1043	2277	15400
1064	2978	15400
1977	2695	15500
1873	2661	15500
1727	2820	15500
1416	2977	15600
390	2869	15600
637	2429	15600
1027	2365	15600
1856	2128	15700
1226	2009	15700
1283	2468	15800
1483	2113	15800
1340	2227	15800
595	2147	15800
247	2830	15800
1102	2173	15900
818	2378	15900
296	2245	16000
613	2518	16000
189	2176	16000
19	2285	16000
1423	2916	16000
175	2281	16000
1734	2286	16100
1681	2689	16100
1046	2714	16100
582	2015	16100
396	2131	16200
1804	2431	16200
1766	2204	16200
1115	2498	16200
570	2525	16200
163	2041	16300
1310	2844	16300
1971	2995	16300
1417	2904	16300
1936	2141	16300
515	2444	16300
645	2025	16300
565	2432	16400
1311	2182	16400
1073	2212	16400
869	2195	16400
1010	2112	16400
1908	2781	16400
1938	2609	16500
85	2662	16500
476	2682	16500
138	2387	16500
531	2845	16500
300	2795	16600
876	2647	16600
1600	2448	16600
1530	2932	16600
1147	2595	16600
227	2067	16700
1180	2503	16700
1453	2106	16700
844	2966	16700
1008	2801	16700
1989	2262	16700
424	2891	16700
760	2803	16800
87	2700	16800
1307	2698	16800
916	2441	16800
593	2205	16900
1011	2155	16900
981	2511	16900
1195	2712	16900
1630	2582	16900
780	2390	16900
1243	2064	16900
1843	2464	17000
893	2766	17000
108	2935	17000
1665	2833	17000
1731	2267	17000
1371	2113	17000
1545	2947	17000
1103	2644	17000
878	2163	17100
1780	2912	17100
197	2601	17100
1438	2921	17100
1122	2600	17100
546	2185	17100
1297	2733	17200
458	2877	17200
1072	2345	17200
1673	2905	17200
1119	2968	17200
591	2058	17200
365	2901	17300
993	2588	17300
822	2920	17300
309	2549	17300
48	2016	17300
106	2494	17400
908	2970	17400
216	2629	17500
744	2021	17500
1157	2920	17500
128	2579	17600
494	2100	17600
1635	2890	17600
1000	2011	17600
1472	2199	17700
156	2144	17800
1769	2998	17800
208	2484	17800
343	2897	17800
74	2764	17800
1122	2450	17800
260	2736	17800
1815	2960	17800
1296	2918	17800
670	2390	17900
698	2203	17900
1575	2871	17900
1449	2540	17900
1355	2595	18000
641	2502	18000
1135	2155	18000
88	2165	18000
650	2327	18000
510	2237	18000
689	2893	18100
910	2063	18100
1015	2101	18100
1865	2925	18100
1588	2771	18100
1628	2851	18200
652	2879	18200
728	2417	18200
1312	2876	18200
1913	2553	18300
1432	2595	18300
1644	2846	18300
1346	2874	18300
822	2778	18300
473	2793	18400
436	2006	18400
1760	2191	18400
813	2540	18400
1518	2449	18400
1549	2089	18500
91	2555	18500
137	2674	18500
1103	2527	18500
114	2021	18500
1387	2842	18600
346	2220	18600
378	2999	18600
1502	2225	18600
1707	2130	18700
769	2178	18800
204	2879	18800
873	2219	18800
1993	2543	18800
1118	2457	18800
475	2385	18800
549	2353	18900
859	2526	18900
123	2171	18900
1985	2184	18900
1821	2661	18900
1969	2757	18900
1316	2659	19000
343	2152	19000
1985	2898	19000
1167	2432	19100
1648	2828	19100
170	2168	19100
127	2469	19100
1807	2330	19100
1650	2217	19100
773	2899	19100
131	2368	19100
685	2308	19100
1667	2753	19100
160	2680	19200
1381	2801	19200
404	2840	19200
1179	2426	19200
831	2690	19300
1774	2636	19300
1542	2512	19300
392	2746	19300
1239	2031	19300
439	2612	19300
1388	2232	19400
80	2193	19400
1274	2639	19400
1268	2339	19400
583	2736	19400
656	2798	19400
687	2588	19500
466	2662	19500
65	2889	19500
1022	2205	19600
708	2751	19600
273	2906	19600
231	2557	19700
1693	2244	19700
735	2910	19700
494	2363	19700
212	2758	19700
953	2790	19700
258	2271	19800
1354	2885	19800
20	2482	19800
95	2188	19800
1952	2046	19800
106	2375	19900
1646	2020	19900
1902	2972	19900
1001	2608	19900
912	2058	19900
1463	2104	20000
570	2787	20000
1919	2102	20000
1096	2510	20000
1826	2684	20000
922	2018	20100
1885	2534	20200
904	2131	20200
586	2123	20200
869	2997	20200
872	2542	20200
619	2704	20300
832	2774	20300
243	2453	20400
564	2843	20400
1546	2761	20400
1615	2681	20400
1814	2693	20400
430	2574	20500
1466	2223	20500
1645	2880	20500
23	2868	20500
300	2392	20600
1125	2990	20600
1889	2280	20600
473	2196	20700
1047	2587	20700
444	2142	20700
539	2000	20800
1403	2559	20800
957	2603	20800
689	2435	20800
203	2043	20800
259	2418	20900
1737	2871	20900
703	2449	20900
215	2282	21000
1793	2040	21000
1638	2360	21100
268	2877	21100
448	2573	21100
1257	2325	21100
1857	2709	21100
31	2641	21100
1704	2105	21200
1604	2146	21200
1823	2682	21200
663	2826	21200
507	2868	21200
1275	2390	21200
15	2809	21200
1121	2174	21300
1857	2354	21300
1313	2132	21300
548	2333	21300
1203	2117	21300
272	2874	21500
1630	2142	21500
794	2920	21500
1755	2014	21500
1778	2249	21500
934	2270	21600
569	2121	21600
1447	2500	21600
1251	2545	21600
1584	2109	21700
900	2013	21700
883	2704	21800
1675	2898	21800
231	2688	21800
836	2456	21800
26	2303	21900
1045	2661	21900
1724	2135	21900
1425	2518	22000
609	2484	22000
1800	2790	22000
187	2860	22000
737	2047	22100
1685	2370	22100
1161	2328	22100
1953	2069	22200
1930	2947	22200
1372	2252	22200
1273	2815	22200
203	2094	22200
1426	2529	22300
1491	2834	22300
1067	2421	22300
228	2924	22300
68	2019	22300
1347	2584	22300
941	2506	22400
1486	2899	22400
1622	2475	22400
1683	2395	22400
1287	2408	22500
1524	2523	22500
530	2301	22500
1231	2475	22500
1530	2075	22500
785	2650	22600
1907	2155	22600
1353	2068	22600
496	2485	22600
399	2699	22600
1506	2572	22700
1544	2409	22700
68	2712	22700
607	2749	22700
983	2324	22700
1713	2437	22800
1075	2080	22800
988	2088	22800
1864	2300	22800
1427	2401	22800
1644	2388	22900
209	2919	23000
1972	2602	23100
1069	2125	23100
130	2301	23100
1329	2498	23100
1316	2791	23200
1820	2825	23200
348	2740	23200
1314	2885	23200
141	2490	23200
543	2042	23300
1554	2840	23300
1216	2391	23300
780	2873	23300
320	2536	23400
995	2559	23400
533	2631	23400
327	2542	23400
1195	2019	23400
926	2100	23500
369	2117	23500
1062	2536	23600
1160	2617	23700
251	2296	23700
623	2793	23800
1656	2587	23800
1317	2853	23800
1689	2108	23800
888	2848	23900
417	2861	23900
1191	2472	23900
360	2601	23900
1765	2857	23900
183	2443	23900
1289	2777	23900
1424	2584	24000
309	2757	24000
1253	2279	24000
840	2255	24200
136	2218	24200
938	2962	24200
71	2664	24200
1678	2233	24200
1845	2346	24200
1609	2360	24300
786	2301	24300
1588	2333	24400
1002	2766	24400
1864	2447	24400
1223	2680	24500
1777	2571	24500
1631	2980	24500
363	2720	24600
1269	2398	24600
1414	2057	24700
151	2392	24700
1581	2499	24700
867	2229	24900
205	2621	24900
1260	2367	25000
1910	2326	25000
1209	2783	25100
160	2752	25100
1997	2523	25100
1455	2800	25200
1210	2474	25200
1422	2076	25200
725	2667	25300
525	2139	25300
27	2292	25300
1765	2310	25300
753	2321	25300
1513	2410	25400
1783	2239	25400
54	2068	25400
1817	2367	25400
589	2286	25500
1862	2967	25600
845	2266	25600
1437	2554	25700
914	2886	25700
521	2455	25700
1495	2818	25800
1450	2632	25800
1001	2304	25800
423	2842	25800
362	2928	25900
35	2029	25900
854	2342	26000
1483	2289	26000
1736	2899	26000
657	2712	26000
1961	2127	26000
715	2576	26100
84	2410	26100
196	2711	26100
97	2476	26100
672	2493	26100
503	2183	26100
1498	2415	26100
552	2379	26200
1120	2392	26200
1617	2594	26200
500	2507	26200
1055	2915	26300
1050	2446	26300
613	2288	26400
1548	2828	26400
1475	2512	26400
4	2762	26400
1261	2354	26500
942	2372	26600
376	2109	26600
691	2483	26600
1831	2485	26600
952	2994	26700
911	2154	26800
121	2294	26800
1428	2462	26900
829	2475	26900
84	2170	27000
1608	2481	27000
1842	2049	27000
1343	2322	27000
1968	2559	27100
1523	2867	27100
1150	2322	27100
798	2275	27200
117	2285	27200
1695	2668	27200
973	2210	27200
982	2527	27200
1262	2117	27200
1074	2828	27300
1815	2045	27300
257	2006	27400
1593	2732	27400
1656	2034	27400
302	2300	27400
1758	2221	27400
28	2216	27500
1888	2155	27500
351	2394	27500
1762	2041	27600
647	2983	27600
1325	2825	27600
1101	2325	27800
508	2931	27800
1876	2206	27800
804	2744	27900
793	2112	27900
1855	2441	28000
734	2102	28000
766	2400	28000
1426	2356	28200
1573	2865	28200
775	2278	28400
815	2966	28400
900	2181	28400
359	2841	28500
1063	2427	28500
1605	2411	28600
1616	2266	28700
874	2187	28700
895	2008	28700
628	2040	28800
839	2933	28800
1647	2353	28900
1623	2570	28900
418	2206	28900
1754	2022	28900
1501	2057	29000
1130	2476	29000
100	2604	29100
1287	2998	29100
338	2505	29100
1915	2099	29100
262	2668	29100
318	2814	29100
1961	2857	29100
1747	2809	29100
574	2561	29100
1551	2734	29200
1119	2298	29200
536	2870	29300
1220	2439	29300
745	2743	29400
1761	2287	29400
505	2122	29400
261	2117	29400
1848	2743	29500
1315	2916	29500
99	2952	29600
1362	2641	29600
715	2586	29700
210	2865	29700
945	2417	29700
1712	2281	29700
1627	2295	29700
1992	2721	29800
292	2492	29900
136	2865	30000
1301	2423	30000
1311	2522	30000
1480	2887	30100
665	2137	30100
520	2827	30100
469	2551	30100
1080	2921	30100
1540	2538	30100
1688	2182	30200
378	2307	30200
1352	2801	30200
1178	2637	30400
542	2096	30500
180	2750	30600
538	2994	30700
1356	2235	30700
334	2232	30700
339	2858	30700
1927	2115	30700
685	2153	30700
1314	2803	30800
1777	2764	30800
1392	2228	31000
1701	2479	31000
215	2669	31200
1681	2683	31200
809	2325	31200
459	2486	31200
402	2976	31200
1510	2628	31200
894	2866	31200
902	2506	31300
1522	2013	31300
12	2035	31400
1011	2854	31400
264	2772	31400
1790	2904	31400
640	2414	31500
1804	2675	31500
1085	2736	31500
490	2396	31600
649	2930	31600
498	2563	31600
1703	2614	31600
1227	2264	31700
54	2602	31700
83	2458	31700
661	2069	31800
1690	2984	31800
1596	2670	31800
83	2032	31800
1074	2336	32000
1921	2914	32000
1415	2495	32000
1995	2392	32000
909	2591	32000
1274	2612	32000
586	2318	32100
177	2513	32200
1402	2964	32200
1692	2972	32300
1234	2120	32300
592	2780	32300
1860	2207	32400
1794	2204	32400
1139	2127	32400
1402	2455	32500
707	2553	32600
614	2887	32600
1250	2176	32600
523	2361	32600
1009	2811	32600
1990	2358	32600
1562	2614	32700
943	2607	32700
936	2127	32700
162	2056	32700
1021	2574	32800
499	2462	32800
1663	2905	32800
938	2154	33000
336	2264	33100
1341	2926	33100
1126	2767	33100
205	2529	33200
1983	2309	33200
64	2880	33200
1750	2973	33200
1110	2000	33300
410	2564	33300
1717	2895	33600
1949	2154	33700
654	2543	33700
1024	2082	33700
171	2828	33800
511	2793	33800
1263	2305	33800
1590	2964	33800
700	2497	33900
466	2500	33900
1217	2075	33900
493	2376	34000
491	2915	34000
224	2329	34000
716	2349	34100
1066	2398	34100
1139	2133	34100
1878	2605	34200
996	2611	34200
1691	2947	34200
367	2248	34300
1944	2796	34300
1704	2892	34300
945	2271	34400
185	2494	34600
1574	2975	34600
126	2069	34900
269	2641	34900
594	2885	35000
408	2374	35000
898	2870	35000
1632	2151	35000
1329	2912	35000
920	2242	35100
1230	2835	35100
1181	2246	35200
686	2954	35200
1988	2568	35200
862	2197	35300
1813	2759	35300
795	2080	35400
1123	2314	35400
417	2883	35500
557	2139	35500
470	2184	35500
308	2789	35500
80	2186	35500
1700	2302	35500
670	2657	35500
346	2733	35600
1720	2022	35600
609	2593	35700
140	2847	35700
970	2454	35700
640	2902	35800
1442	2030	35800
621	2388	35900
1349	2482	35900
1547	2089	36000
1723	2725	36000
1465	2631	36000
1344	2751	36000
1667	2750	36100
1388	2044	36100
133	2647	36100
756	2148	36300
506	2480	36300
1369	2777	36300
77	2250	36300
1701	2979	36400
96	2888	36400
248	2259	36400
779	2906	36500
115	2550	36500
1380	2645	36600
1850	2486	36700
1819	2873	36800
240	2371	36800
1713	2373	36900
481	2984	36900
1916	2347	37100
761	2048	37100
1887	2620	37100
200	2595	37200
1729	2478	37300
904	2827	37300
1890	2703	37300
704	2841	37400
14	2715	37400
387	2573	37500
1799	2156	37500
1015	2449	37600
124	2778	37600
1458	2985	37900
1940	2219	37900
1444	2252	37900
47	2305	38000
1944	2125	38000
1756	2079	38000
307	2626	38000
1338	2712	38100
104	2957	38200
283	2293	38200
1984	2521	38200
444	2315	38200
1726	2765	38300
688	2689	38400
1917	2998	38400
1940	2725	38400
996	2885	38500
455	2285	38500
1746	2726	38500
1132	2686	38600
992	2037	38800
1637	2306	39000
1146	2575	39000
1858	2081	39000
1605	2322	39100
457	2208	39200
506	2465	39200
1500	2425	39200
441	2046	39200
1951	2179	39300
471	2209	39400
1240	2829	39600
523	2319	39700
756	2406	39800
923	2447	39800
1494	2376	39900
280	2907	39900
1580	2956	39900
283	2397	40000
1502	2501	40000
747	2364	40100
1773	2593	40100
1395	2946	40100
1150	2411	40100
1489	2988	40200
421	2708	40200
1906	2735	40300
1067	2576	40400
1547	2783	40400
1395	2055	40400
1975	2507	40400
1436	2984	40500
42	2031	40500
1515	2011	40500
226	2081	40500
1659	2706	40600
1199	2323	40600
509	2956	40600
1913	2723	40700
1224	2120	40700
1990	2064	40700
1318	2124	40800
90	2496	40800
1401	2951	41000
1279	2843	41000
1696	2108	41200
492	2733	41200
1371	2810	41200
275	2248	41300
1363	2043	41300
865	2860	41400
1384	2837	41400
1131	2992	41500
635	2855	41600
1237	2310	41600
1743	2202	41600
1093	2502	41700
267	2381	41700
1281	2639	41700
1649	2572	41800
277	2971	41800
1309	2397	41800
1920	2033	41800
366	2608	41800
201	2878	41800
446	2732	41900
1624	2833	41900
422	2729	41900
1211	2962	42000
1265	2673	42000
692	2616	42000
474	2966	42000
983	2228	42000
1550	2544	42100
116	2183	42200
1233	2680	42200
870	2451	42300
571	2619	42300
282	2260	42300
460	2350	42400
1781	2935	42400
1254	2072	42500
427	2858	42600
1895	2482	42600
492	2220	42700
1721	2048	42700
671	2328	42700
170	2372	42800
739	2033	42800
1662	2472	42800
1114	2594	42800
1841	2615	42800
1375	2138	42800
639	2753	42900
1203	2902	42900
180	2794	43000
732	2601	43100
1030	2450	43300
1558	2794	43400
643	2210	43400
1276	2981	43500
672	2053	43500
1779	2038	43500
619	2287	43600
426	2055	43600
1820	2637	43700
934	2253	43700
195	2952	43800
868	2118	43800
1740	2460	43900
1174	2046	43900
1792	2190	44000
1819	2390	44000
342	2499	44100
1164	2739	44200
1948	2399	44200
323	2177	44200
1597	2604	44300
1031	2414	44400
1909	2775	44400
342	2276	44500
1981	2509	44500
1014	2052	44600
401	2734	44600
191	2344	44800
1046	2468	44900
1024	2434	44900
1140	2273	45000
1289	2583	45100
687	2633	45200
1545	2206	45200
1910	2782	45200
1212	2185	45300
449	2836	45300
1698	2051	45400
1321	2115	45400
1514	2107	45400
1893	2592	45400
804	2254	45500
1946	2751	45500
192	2052	45600
830	2435	45600
1608	2580	45600
1443	2166	45600
1911	2746	45600
1462	2878	45600
122	2562	45600
112	2038	45700
835	2516	45700
1629	2193	45700
1085	2623	45700
1068	2089	45800
901	2464	45900
696	2686	45900
783	2697	45900
1843	2157	46000
1162	2393	46200
403	2581	46200
1362	2676	46200
1269	2997	46300
328	2357	46400
390	2522	46400
92	2747	46400
655	2742	46400
437	2630	46600
1881	2544	46700
622	2728	46700
1699	2476	46800
627	2170	46800
152	2304	46800
260	2114	46900
748	2282	46900
354	2923	47000
265	2330	47000
476	2987	47000
99	2263	47100
892	2492	47100
1456	2325	47100
763	2797	47100
894	2290	47100
98	2977	47200
949	2060	47200
1342	2626	47300
801	2410	47400
1986	2148	47400
724	2195	47500
1059	2849	47500
393	2550	47600
1976	2341	47700
1994	2240	47700
777	2999	47800
1313	2624	47800
654	2797	47900
262	2709	48000
214	2215	48000
987	2977	48100
1399	2419	48100
924	2341	48100
1640	2627	48100
805	2157	48200
1849	2313	48200
621	2846	48200
265	2529	48200
720	2769	48200
211	2890	48300
1218	2191	48300
1366	2420	48400
1186	2024	48400
1642	2821	48400
1973	2996	48500
1661	2794	48600
803	2981	48600
540	2655	48600
1973	2223	48600
359	2478	48700
525	2831	48700
1389	2213	48700
1432	2760	48800
1555	2950	48800
1246	2303	48800
1705	2177	48900
931	2084	49000
1417	2979	49100
1582	2578	49200
1177	2593	49200
423	2322	49300
105	2063	49300
227	2456	49300
566	2597	49400
817	2311	49500
846	2722	49500
560	2319	49500
645	2935	49500
1376	2688	49600
61	2202	49600
369	2017	49700
210	2218	49900
1532	2556	49900
1834	2891	49900
1511	2492	50000
680	2105	50000
178	2219	50000
232	2122	50100
1928	2837	50100
1037	2245	50200
2	2010	50200
1091	2643	50400
815	2974	50500
879	2636	50600
555	2475	50600
377	2121	50700
1835	2553	50800
316	2135	50800
1208	2213	51000
1261	2398	51100
1978	2017	51200
113	2106	51200
520	2131	51300
774	2018	51300
1159	2230	51300
1664	2851	51300
893	2457	51500
600	2422	51800
865	2457	51800
1947	2175	51800
1133	2949	51800
1408	2259	51900
1235	2401	51900
1239	2858	52000
825	2376	52100
1931	2359	52100
43	2715	52100
1806	2202	52100
1676	2688	52200
1032	2743	52200
951	2253	52300
881	2760	52400
1304	2459	52500
791	2385	52500
310	2447	52600
211	2144	52700
1006	2203	52700
1493	2146	52700
175	2758	52700
1044	2015	52700
63	2055	52800
1833	2460	52800
130	2230	52900
479	2291	52900
1659	2634	52900
890	2653	52900
664	2730	53000
635	2618	53300
565	2655	53300
443	2326	53300
1574	2424	53400
1224	2203	53400
312	2615	53400
1166	2253	53400
1945	2466	53500
155	2630	53500
545	2780	53600
484	2532	53600
745	2222	53600
1105	2783	53700
187	2779	53700
1828	2856	53800
1256	2504	53800
1169	2139	53900
1918	2161	53900
948	2988	54100
1636	2068	54100
1712	2277	54100
1378	2208	54200
176	2548	54200
242	2264	54300
347	2093	54300
813	2384	54300
162	2622	54300
840	2534	54300
947	2808	54300
683	2590	54400
356	2918	54400
1182	2352	54500
1655	2773	54600
72	2968	54600
1193	2357	54800
1810	2497	54800
1715	2582	54900
1065	2480	55000
777	2307	55100
947	2528	55100
381	2414	55200
1255	2275	55300
1131	2175	55300
397	2607	55300
1346	2850	55400
1912	2578	55500
384	2424	55500
1689	2010	55600
1772	2718	55600
1385	2334	55700
1853	2722	55700
759	2237	55700
3	2466	55800
1925	2071	55800
1454	2645	55800
1823	2987	55800
1198	2433	55900
676	2517	56000
883	2363	56000
1563	2042	56000
932	2617	56000
201	2886	56100
1785	2432	56200
1735	2915	56200
373	2952	56300
1192	2204	56300
335	2500	56300
1018	2338	56500
560	2812	56500
292	2379	56600
1585	2939	56600
296	2450	56700
903	2859	56700
693	2545	56700
483	2282	56800
875	2037	56800
63	2783	56800
1954	2062	56900
994	2679	56900
1019	2511	56900
1146	2116	56900
271	2135	57000
464	2393	57100
364	2489	57100
974	2909	57200
1137	2735	57200
112	2194	57200
218	2929	57300
524	2134	57300
1624	2800	57300
1579	2928	57400
92	2563	57400
129	2061	57500
169	2560	57500
1237	2024	57500
1374	2655	57600
972	2976	57600
1447	2662	57600
1140	2097	57600
122	2534	57700
1775	2171	57800
1209	2489	57900
835	2140	57900
483	2422	58000
1281	2073	58000
1084	2296	58100
393	2928	58200
882	2474	58200
970	2438	58200
491	2487	58300
1975	2513	58500
1081	2070	58600
97	2347	58600
1301	2091	58600
795	2419	58600
232	2307	58600
811	2072	58600
1576	2532	58600
189	2389	58700
50	2336	58700
328	2863	58800
985	2746	58800
1225	2938	58900
1320	2955	58900
1708	2198	59000
1501	2409	59000
760	2476	59000
1106	2679	59100
608	2057	59200
1206	2357	59200
289	2955	59200
1052	2444	59200
1557	2983	59300
145	2426	59300
549	2841	59400
1548	2336	59400
21	2647	59500
429	2351	59600
1412	2329	59600
1980	2625	59700
242	2719	59800
345	2342	59800
19	2470	59900
1040	2081	59900
797	2137	60000
326	2168	60000
1917	2134	60000
1904	2832	60000
1430	2728	60000
1200	2753	60100
1534	2748	60100
1603	2148	60200
293	2854	60200
517	2082	60200
60	2513	60300
208	2799	60400
663	2088	60400
51	2196	60500
1564	2954	60500
224	2953	60500
1653	2250	60700
1182	2660	60700
1893	2638	60700
1918	2696	60800
598	2230	60800
1008	2096	60800
125	2025	60800
1972	2068	61000
924	2943	61000
1522	2181	61000
881	2466	61100
1097	2694	61100
1290	2145	61100
1783	2505	61200
1759	2691	61300
129	2229	61300
252	2668	61300
1111	2550	61400
1561	2601	61400
861	2495	61500
1653	2358	61600
1773	2484	61600
761	2239	61600
912	2416	61600
1086	2087	61600
365	2898	61700
821	2337	61900
571	2086	61900
253	2051	62100
1564	2651	62200
472	2462	62300
1488	2515	62300
282	2884	62300
1089	2307	62400
1368	2234	62500
82	2031	62500
1078	2653	62500
257	2531	62700
1636	2361	62700
66	2942	62900
1686	2692	62900
1496	2813	63000
1619	2215	63000
235	2290	63000
898	2900	63100
1304	2079	63100
336	2719	63200
805	2116	63200
1350	2923	63300
573	2039	63300
697	2124	63300
1589	2094	63400
109	2384	63400
1485	2015	63400
984	2750	63500
207	2928	63500
1760	2154	63600
1858	2767	63600
1720	2136	63600
1587	2810	63700
958	2596	63700
710	2634	63700
583	2329	63700
826	2625	63700
1550	2105	63800
1042	2051	63800
1957	2921	63800
2	2108	64000
797	2278	64000
490	2412	64000
1537	2260	64000
1769	2134	64100
368	2714	64200
1291	2417	64200
1658	2288	64300
882	2776	64300
78	2666	64300
1215	2355	64400
1115	2544	64500
31	2097	64500
1000	2765	64600
1197	2218	64600
322	2674	64600
5	2567	64600
1527	2961	64600
1184	2807	64700
696	2680	64700
1002	2809	64900
445	2251	64900
188	2516	64900
1565	2223	64900
1471	2342	64900
1591	2441	65100
1791	2180	65100
950	2157	65200
15	2568	65200
1452	2598	65300
1434	2371	65400
1230	2185	65500
778	2426	65500
1038	2470	65600
1271	2115	65600
1137	2430	65700
371	2725	65700
139	2533	65700
718	2064	65900
424	2880	65900
1012	2149	65900
1776	2704	66000
788	2258	66000
320	2356	66100
1807	2952	66100
1071	2239	66100
64	2891	66100
842	2496	66200
229	2754	66200
1606	2444	66200
910	2653	66300
833	2849	66300
781	2613	66400
1199	2260	66400
1500	2771	66500
1916	2192	66500
768	2861	66500
304	2036	66500
1709	2386	66500
33	2799	66700
1419	2819	66700
1512	2839	66700
807	2084	66800
9	2298	66900
730	2382	66900
578	2120	66900
977	2137	67000
1279	2801	67000
1626	2552	67100
1124	2017	67100
1056	2606	67300
1457	2019	67300
1670	2692	67300
1609	2739	67400
1294	2070	67400
887	2465	67400
163	2957	67500
1649	2598	67500
179	2639	67500
1113	2554	67500
842	2981	67600
1836	2942	67600
34	2405	67600
29	2851	67700
289	2696	67700
400	2646	67700
1824	2211	67800
49	2025	67900
1734	2052	68000
723	2829	68000
545	2691	68100
591	2416	68200
681	2274	68400
361	2855	68500
1033	2343	68500
1934	2156	68500
103	2731	68600
1023	2748	68600
286	2724	68600
1470	2734	68700
1386	2217	68700
787	2134	68800
1967	2741	68800
1741	2624	68800
1593	2802	69000
561	2420	69100
1735	2574	69100
1839	2596	69100
39	2369	69100
1250	2793	69200
1056	2493	69200
1072	2498	69200
762	2010	69300
1161	2448	69300
1151	2866	69300
1886	2425	69400
1406	2669	69400
1797	2496	69400
1958	2013	69500
1559	2642	69600
1700	2490	69700
1774	2546	69700
380	2445	69700
1168	2085	69700
1757	2333	69700
1487	2442	69800
1379	2676	69800
1668	2269	69900
110	2670	69900
45	2309	70000
1164	2636	70200
1671	2711	70200
1094	2604	70200
1210	2755	70200
988	2180	70200
270	2085	70200
638	2238	70300
1531	2763	70400
1319	2781	70400
168	2750	70500
553	2442	70600
148	2302	70700
1254	2798	70700
526	2518	71000
1786	2575	71000
504	2381	71000
408	2931	71300
925	2257	71300
135	2474	71400
1028	2745	71400
220	2534	71500
1828	2552	71500
653	2275	71500
1190	2345	71500
1923	2198	71600
1351	2491	71600
1499	2778	71600
481	2915	71800
747	2370	71800
824	2348	71800
723	2804	71900
374	2160	72100
450	2630	72300
1336	2220	72400
1302	2169	72500
914	2444	72600
1350	2848	72800
1634	2887	72800
1661	2229	72900
596	2338	72900
1075	2950	73000
419	2919	73000
1469	2562	73000
531	2433	73100
1902	2811	73100
1493	2026	73100
684	2361	73200
1552	2293	73300
752	2126	73300
489	2871	73300
144	2866	73300
1258	2874	73400
796	2770	73500
1370	2162	73500
703	2916	73500
678	2249	73500
1703	2389	73600
281	2421	73700
313	2761	73800
1083	2503	73900
73	2945	73900
223	2208	74000
1507	2532	74200
769	2412	74500
1894	2749	74600
1964	2169	74700
971	2946	74800
1895	2076	74800
1578	2805	75000
810	2791	75100
631	2943	75100
101	2814	75100
18	2993	75100
142	2177	75300
1900	2832	75400
1252	2386	75400
376	2172	75600
1616	2519	75600
908	2473	75600
1655	2076	75600
1412	2114	75800
768	2883	75900
814	2391	75900
1907	2854	76000
1660	2162	76000
65	2702	76000
821	2632	76100
1538	2922	76100
67	2430	76200
299	2082	76200
1480	2034	76300
981	2823	76300
176	2749	76300
808	2424	76400
954	2551	76400
1147	2760	76600
1996	2693	76600
86	2394	76600
1680	2875	76600
1835	2957	76800
1109	2047	76800
1868	2292	76800
915	2343	77000
274	2470	77000
216	2422	77200
636	2535	77200
302	2447	77400
961	2792	77500
410	2897	77600
1158	2122	77600
1430	2644	77700
582	2103	77800
553	2469	77800
1026	2493	77800
741	2360	77800
1214	2909	77900
860	2178	78100
1740	2231	78200
1570	2265	78200
432	2821	78300
1642	2455	78400
529	2340	78400
999	2400	78500
248	2355	78600
60	2341	78700
876	2520	78700
1785	2954	78800
738	2854	78800
612	2891	78800
469	2982	78900
784	2521	78900
1592	2433	79000
1376	2407	79000
1413	2669	79100
1610	2882	79100
1696	2010	79200
387	2949	79600
1060	2634	79600
1879	2652	79600
1607	2580	79800
1477	2742	79900
595	2427	80100
1909	2202	80100
118	2005	80200
501	2853	80200
1213	2025	80300
1039	2347	80300
1017	2930	80400
695	2937	80600
603	2292	80600
1543	2298	80900
1853	2451	80900
939	2281	81000
1244	2864	81300
315	2520	81400
94	2856	81500
157	2053	81600
1861	2356	81700
322	2480	81700
953	2681	81700
1911	2194	82000
568	2231	82000
159	2851	82100
1971	2060	82100
922	2651	82200
957	2235	82200
997	2056	82200
1026	2053	82300
1808	2309	82300
717	2894	82400
497	2971	82400
1197	2043	82400
897	2446	82400
451	2452	82400
1706	2624	82600
1047	2343	82800
1867	2437	82800
649	2027	82800
550	2373	83000
757	2607	83000
1323	2403	83000
1697	2061	83100
1488	2596	83100
891	2153	83100
1120	2850	83200
1702	2091	83300
137	2810	83500
1050	2361	83500
758	2806	83700
652	2316	83800
1854	2301	83800
427	2514	83800
353	2095	83800
364	2252	84000
1399	2670	84000
909	2420	84100
918	2509	84200
1173	2397	84200
172	2759	84200
1202	2426	84200
930	2224	84300
1695	2926	84300
712	2288	84400
1983	2210	84400
1148	2787	84400
1052	2454	84400
150	2369	84600
415	2522	84600
233	2156	84700
1066	2354	84800
1936	2104	85000
891	2308	85100
1389	2382	85100
1621	2502	85300
1058	2829	85400
926	2616	85600
852	2102	85700
541	2192	85700
814	2703	85800
367	2349	85900
1767	2593	85900
1660	2187	86000
255	2432	86200
1509	2892	86200
412	2187	86200
1305	2021	86300
661	2000	86900
1931	2133	86900
633	2839	87000
56	2062	87000
1242	2149	87000
1680	2940	87000
118	2944	87100
1495	2581	87100
463	2969	87100
1871	2627	87300
13	2522	87400
1138	2926	87500
971	2740	87500
1970	2258	87500
1229	2735	87600
845	2219	87600
295	2717	88000
1883	2788	88100
49	2102	88300
1591	2903	88300
268	2312	88700
1112	2078	88700
1757	2771	88700
1429	2769	89800
513	2720	89800
1474	2164	89800
678	2959	89900
743	2679	89900
1218	2388	90000
1929	2098	90000
728	2244	90100
1406	2844	90500
1808	2405	90500
1832	2269	90600
1508	2376	90800
558	2181	91000
1750	2757	91100
1997	2357	91400
158	2029	91500
1581	2909	91500
709	2635	91500
1600	2328	91700
158	2609	92000
94	2735	92200
1721	2369	92200
1478	2992	92200
1306	2741	92500
294	2464	92700
977	2844	92700
634	2945	92900
1129	2247	93000
622	2644	93000
236	2215	93100
1157	2056	93300
454	2698	93500
576	2099	93600
569	2458	93600
1460	2394	93600
690	2122	93700
399	2562	93800
62	2131	93900
1090	2065	93900
1435	2846	94000
1121	2412	94000
72	2774	94200
1723	2924	94300
1398	2966	94500
1937	2849	94700
1387	2179	94800
411	2587	94800
1517	2364	94800
1739	2166	95000
312	2119	95100
1410	2481	95200
108	2370	95300
1870	2740	95300
1766	2982	95300
514	2291	95300
1612	2337	95300
1092	2523	95400
1298	2478	95600
1054	2217	95700
848	2889	95700
1730	2560	95800
1043	2531	95900
287	2488	95900
425	2073	96100
581	2039	96500
1528	2910	96600
1482	2350	96600
810	2070	96700
222	2253	96700
1196	2674	96800
956	2161	96900
1925	2421	97100
563	2963	97100
1272	2319	97300
755	2728	97900
1596	2606	97900
1136	2058	98000
1177	2881	98100
704	2316	98200
474	2491	98300
1003	2792	98400
173	2910	98400
713	2668	98500
1956	2088	98500
1160	2138	98500
1767	2012	98600
190	2861	99000
1595	2382	99000
119	2042	99200
1486	2570	99300
1128	2543	99300
781	2375	99400
1317	2367	99700
1062	2014	99800
269	2676	99900
1620	2377	100000
426	2818	100400
1411	2511	100400
480	2541	100500
1194	2005	100600
1794	2799	100600
606	2572	101000
228	2097	101100
1378	2603	101100
1710	2556	101100
615	2565	101300
445	2563	101300
607	2514	101500
485	2855	101600
683	2633	101700
717	2927	102300
403	2818	102300
143	2857	102300
431	2473	102400
1053	2525	102400
477	2690	102500
674	2161	102500
1460	2133	102500
688	2772	102600
55	2683	103100
1267	2125	103100
1827	2278	103200
28	2235	103200
614	2563	103300
1079	2249	103500
1079	2410	103500
1887	2869	103500
1513	2249	103600
191	2905	103900
1563	2985	104000
1543	2455	104100
276	2274	104100
1088	2199	104200
1162	2798	104400
111	2461	104500
1865	2820	104600
1658	2605	104700
1285	2834	104800
1366	2423	105000
441	2849	105400
1540	2805	105500
682	2036	105600
1080	2717	105600
832	2592	105800
1606	2886	106000
1542	2319	106300
1504	2463	106500
949	2762	106700
192	2255	107000
911	2962	107500
1966	2110	107600
641	2954	107600
770	2290	107800
751	2580	108300
1801	2095	108300
1307	2537	108400
1546	2586	108500
1252	2993	109300
1352	2648	109600
317	2558	109700
1365	2125	109800
1732	2065	109900
1692	2811	110100
1492	2838	110100
1142	2869	110300
488	2152	110400
907	2629	110700
75	2585	111000
1163	2663	111100
551	2638	111200
1899	2090	111200
581	2425	111800
1747	2766	111900
149	2892	112000
975	2632	112000
182	2201	112100
528	2027	112200
651	2656	112300
1744	2007	112300
1193	2341	112300
1117	2080	112400
124	2013	112600
1612	2314	112700
1809	2135	112900
790	2244	113200
1428	2830	113600
487	2030	113600
1718	2297	114000
37	2516	114100
1433	2603	114200
416	2210	114300
853	2512	114900
1682	2989	115400
1383	2842	115500
1811	2515	115800
1403	2313	116100
26	2796	116100
288	2684	116200
1344	2838	116800
510	2340	116900
1694	2362	117000
1562	2463	117600
1284	2170	117800
809	2487	118100
729	2481	118400
1934	2917	118500
1684	2118	118700
1533	2611	118700
1752	2594	118700
1335	2300	118700
963	2598	118800
1856	2883	119000
1172	2590	119300
453	2612	119400
721	2742	119400
34	2751	119500
866	2445	119700
1561	2556	119800
3	2136	119900
1678	2989	119900
120	2346	120400
1044	2411	120400
921	2226	120800
1995	2243	120800
10	2047	120900
1084	2705	121400
1474	2813	121600
671	2448	121600
394	2517	121900
36	2172	122200
1601	2876	122700
1266	2222	122800
757	2332	123100
1377	2118	123300
700	2804	123600
1803	2156	123600
722	2932	123600
585	2228	123800
590	2731	123900
1107	2517	123900
1541	2620	124100
1847	2747	124100
1894	2548	124400
1822	2394	124800
1832	2035	125000
438	2152	125200
1872	2035	125300
1212	2835	125400
405	2062	125500
1440	2666	125700
1457	2321	125800
1	2645	125900
1886	2039	126100
1288	2576	126800
1477	2377	126900
1482	2259	127200
841	2603	127900
32	2265	128400
1749	2280	128700
457	2204	129000
828	2380	129100
1341	2806	129300
730	2200	129400
1381	2648	129500
1999	2995	129900
386	2784	129900
1292	2807	130000
114	2695	130100
711	2533	130300
1869	2464	130400
327	2395	130500
546	2456	130900
334	2995	130900
1098	2001	131100
472	2351	131400
1578	2538	131600
1928	2652	132100
1213	2835	132200
518	2992	132300
1816	2936	132300
1005	2737	132600
1384	2589	133100
1841	2871	133400
1424	2280	134800
251	2350	134900
240	2272	135000
1745	2716	135200
889	2836	135400
377	2515	135900
278	2768	136000
1040	2767	136100
1724	2001	136300
1914	2348	136300
965	2334	136400
982	2362	136400
1405	2217	137400
1786	2391	137600
1472	2777	137700
418	2323	137800
181	2874	139200
107	2824	139600
1481	2228	140100
167	2715	140200
1529	2638	140300
1185	2830	140500
1583	2320	140700
1665	2738	141500
1098	2364	142000
1096	2090	142100
638	2158	142300
1955	2763	142700
463	2129	142900
1441	2766	143200
735	2847	143300
955	2067	143900
917	2974	144400
864	2727	145100
198	2773	145100
1575	2258	145600
1669	2149	145600
349	2164	146300
1201	2937	146600
352	2036	147000
677	2890	147200
1144	2616	147300
321	2545	147400
1232	2008	147600
500	2776	147800
478	2119	148000
1104	2001	148200
844	2974	148200
659	2613	148300
1927	2380	149100
1241	2941	149900
311	2656	150200
1863	2736	150300
1241	2619	150800
1135	2467	150900
186	2171	151000
833	2923	152100
1882	2416	152300
1438	2703	152300
1114	2590	153100
1529	2592	154800
993	2847	155400
452	2600	156200
960	2315	156500
489	2824	156600
1440	2318	157000
1099	2705	157400
447	2423	158100
1905	2050	158300
1165	2687	158300
1236	2660	159200
319	2100	159500
868	2834	160400
1291	2643	160500
151	2747	161100
606	2352	162100
1497	2160	162600
1347	2386	163500
610	2817	163700
254	2491	164000
772	2943	164300
1991	2542	164700
389	2564	165400
1652	2367	165700
771	2395	165900
246	2222	166200
816	2076	166600
1906	2856	167100
920	2335	169000
1965	2643	169700
414	2332	169700
1296	2318	170000
1957	2717	170400
1956	2708	170700
58	2600	170900
59	2897	171000
637	2774	171000
1797	2672	171500
1335	2188	171700
422	2495	173900
1935	2007	174400
956	2713	174400
1268	2188	174900
1937	2045	176600
789	2385	176600
1337	2890	177400
1851	2294	177400
1554	2295	177500
859	2058	177900
61	2969	178800
313	2876	179600
966	2726	179800
1290	2241	180600
1892	2695	181300
1898	2270	181800
337	2708	182100
792	2104	182200
1446	2776	182400
1813	2395	182600
1143	2577	182700
1326	2482	184800
1583	2819	184800
93	2255	185300
277	2050	185300
976	2932	187200
89	2335	188700
1345	2820	188800
1641	2283	189000
1942	2791	191200
1192	2098	191600
1643	2242	192700
1639	2627	192900
252	2965	193100
566	2240	193200
806	2340	193200
750	2245	193900
1806	2114	194300
1179	2958	194600
202	2324	194700
11	2888	195500
960	2537	195600
89	2663	197600
734	2087	198100
590	2375	200000
1401	2209	200000
1838	2599	200000
25	2149	200300
355	2040	200300
194	2805	200400
38	2294	201700
944	2284	202400
708	2085	203500
1249	2434	206100
1123	2337	206100
305	2541	206200
1507	2656	207400
1549	2566	210300
1942	2659	210700
1805	2425	210800
1919	2294	211600
1277	2087	211600
1022	2599	211600
625	2912	212100
512	2352	212700
516	2599	213600
1764	2295	214500
380	2060	216500
1077	2468	217500
1090	2533	218700
1149	2731	218900
706	2145	219100
1271	2065	219300
879	2566	219800
665	2651	220000
1468	2166	220100
1539	2567	220500
811	2798	220800
416	2165	221300
121	2256	221900
643	2165	223000
656	2077	223400
303	2710	224500
453	2383	225300
951	2095	225300
1333	2460	225300
838	2936	225400
968	2589	225500
1669	2703	225800
1012	2207	227500
742	2320	228200
1877	2927	229600
1748	2965	229800
1503	2084	231000
1264	2660	231600
69	2743	232900
1652	2853	233400
77	2226	233500
659	2383	234400
1431	2726	235600
271	2111	235700
1010	2086	238500
1145	2209	238900
742	2819	239600
1221	2581	239900
1448	2540	240300
1349	2368	240300
605	2878	240400
837	2488	240500
979	2676	241300
165	2063	242500
764	2212	242700
1799	2530	243000
435	2256	244600
818	2474	244700
1393	2728	247300
1421	2438	249900
1536	2619	250500
79	2245	252900
1360	2242	257800
863	2207	260500
1816	2775	261900
395	2443	262100
544	2283	263500
732	2488	264500
527	2139	264700
512	2363	266400
1939	2157	266900
1725	2150	267100
864	2018	268200
75	2212	268700
1690	2567	271700
1073	2585	272100
979	2299	273000
356	2123	273900
1822	2265	273900
816	2530	276100
1409	2195	277800
976	2075	278100
1796	2665	279300
1499	2326	280200
998	2227	280400
1154	2930	283000
1183	2888	285500
465	2237	285900
428	2965	286000
1963	2962	287100
854	2758	287700
1232	2146	289400
1932	2548	290900
1651	2727	291600
44	2066	292700
564	2368	294500
341	2570	296500
1473	2539	298900
1004	2388	302600
358	2504	304800
1639	2258	305000
1034	2477	305600
1737	2615	307100
1998	2711	307800
662	2610	312400
823	2129	313300
430	2804	315400
87	2812	320500
888	2545	321900
172	2648	322100
44	2673	322300
642	2314	323300
1625	2018	325700
1977	2403	325700
1950	2130	325700
88	2085	326600
662	2138	331600
1611	2385	335500
1280	2130	336600
1156	2959	339500
1070	2585	340500
1141	2247	343400
1106	2867	344600
1521	2713	346100
1246	2040	346600
1175	2247	346800
1795	2164	349000
1685	2005	352400
395	2773	353700
1375	2610	355100
1231	2387	355700
740	2588	355800
820	2622	357600
1251	2145	358600
1127	2852	365000
1787	2063	368100
773	2802	370500
617	2896	370700
1295	2937	371000
78	2933	371300
116	2198	371300
308	2840	375500
906	2227	377600
1567	2190	379200
1599	2450	379800
1456	2314	384300
555	2387	390500
962	2613	393300
