927	2465	200
847	2480	200
1116	2220	200
421	2335	200
1446	2905	200
1628	2043	200
1383	2502	200
1207	2834	300
520	2216	300
126	2748	300
91	2787	300
1639	2507	300
1465	2601	300
65	2685	300
1512	2090	300
645	2767	300
1520	2990	300
1990	2336	300
829	2721	300
320	2308	400
51	2793	400
748	2334	400
1288	2762	400
462	2494	400
1020	2740	400
828	2424	400
289	2147	400
471	2776	400
1738	2262	400
925	2886	400
675	2815	400
1496	2808	400
967	2820	400
1605	2323	400
358	2241	400
44	2111	400
851	2250	400
1687	2799	500
1577	2477	500
1060	2503	500
1238	2633	500
319	2673	500
1808	2200	500
1372	2121	500
85	2384	500
742	2118	500
783	2115	500
1280	2241	500
344	2116	500
227	2835	500
202	2269	500
752	2566	600
1908	2067	600
1544	2094	600
403	2675	600
1235	2435	600
866	2044	600
56	2442	600
1634	2678	600
1394	2764	600
536	2900	600
379	2361	600
1777	2378	600
1721	2515	600
1448	2832	600
1078	2454	600
335	2782	600
969	2331	600
1724	2274	600
1153	2905	600
213	2381	600
542	2978	600
1759	2719	600
1147	2793	600
1477	2689	600
1891	2366	600
1198	2490	700
1665	2566	700
48	2145	700
1878	2372	700
1407	2761	700
589	2981	700
618	2620	700
210	2453	700
804	2722	700
33	2711	700
921	2171	700
63	2931	700
116	2795	700
746	2155	700
708	2555	700
99	2658	700
76	2784	700
217	2654	700
806	2259	700
1440	2925	700
545	2483	700
1697	2409	800
2	2471	800
159	2123	800
1261	2224	800
1184	2301	800
1138	2931	800
279	2989	800
166	2590	800
17	2933	800
83	2157	800
1700	2583	800
1814	2964	800
1831	2473	800
537	2984	900
1854	2131	900
1609	2052	900
623	2791	900
534	2982	900
113	2383	900
490	2587	900
949	2748	900
1876	2207	900
174	2694	900
568	2942	900
1875	2847	900
248	2153	900
1630	2040	900
386	2253	900
984	2306	900
970	2968	900
794	2158	900
453	2603	1000
1905	2432	1000
1701	2347	1000
1048	2794	1000
188	2844	1000
1163	2100	1000
1206	2496	1000
371	2319	1000
1839	2804	1000
1946	2001	1000
1143	2771	1000
1645	2359	1000
1988	2705	1000
1899	2973	1000
273	2017	1000
1164	2954	1000
1762	2950	1100
158	2176	1100
1744	2379	1100
787	2651	1100
449	2841	1100
1777	2486	1100
1195	2446	1100
1421	2786	1100
1679	2706	1100
11	2790	1100
572	2719	1100
840	2390	1100
1520	2995	1100
573	2586	1100
1309	2508	1100
1303	2409	1200
1425	2977	1200
332	2660	1200
1942	2827	1200
972	2704	1200
1771	2616	1200
1910	2166	1200
1614	2122	1200
344	2643	1200
1000	2366	1200
416	2545	1300
1781	2185	1300
413	2995	1300
1507	2457	1300
830	2576	1300
56	2795	1300
39	2231	1300
428	2633	1300
564	2104	1300
256	2797	1300
1845	2075	1300
1619	2461	1300
1449	2784	1300
1279	2549	1300
539	2264	1400
765	2879	1400
1260	2587	1400
551	2294	1400
1922	2749	1400
777	2843	1400
1273	2855	1400
52	2848	1400
1740	2605	1400
1722	2902	1400
1872	2603	1400
1109	2442	1500
541	2347	1500
1250	2178	1500
200	2927	1500
774	2016	1500
426	2506	1500
1046	2714	1500
1607	2907	1500
710	2713	1500
1340	2367	1500
1855	2903	1500
1580	2365	1500
916	2886	1500
1540	2138	1500
0	2528	1500
780	2765	1500
1641	2639	1500
1758	2845	1500
538	2532	1600
1945	2760	1600
1917	2732	1600
958	2725	1600
629	2253	1600
1871	2905	1600
1625	2087	1600
1933	2063	1600
900	2107	1600
504	2809	1600
1279	2329	1600
1410	2010	1600
1586	2766	1700
1980	2069	1700
326	2372	1700
1458	2851	1700
563	2965	1700
1366	2604	1700
643	2239	1700
897	2846	1700
1142	2713	1700
1497	2448	1700
1499	2936	1700
9	2386	1700
666	2240	1700
1630	2461	1700
855	2889	1700
1500	2575	1700
35	2990	1700
1727	2614	1700
493	2442	1800
1209	2740	1800
1018	2124	1800
484	2089	1800
36	2002	1800
1692	2140	1800
1907	2033	1800
419	2227	1800
687	2472	1800
1794	2926	1800
26	2783	1800
1779	2273	1800
1767	2987	1800
650	2810	1800
905	2096	1800
1810	2695	1800
45	2773	1800
162	2282	1800
1750	2834	1800
1626	2534	1900
1886	2018	1900
1111	2457	1900
127	2417	1900
1508	2691	1900
1916	2791	1900
728	2194	1900
948	2048	1900
1767	2165	1900
1398	2294	1900
167	2029	1900
1569	2088	1900
1035	2977	1900
1111	2011	1900
1470	2248	2000
1470	2963	2000
627	2042	2000
1382	2089	2000
1381	2953	2000
1834	2695	2000
45	2933	2000
1522	2504	2000
1494	2308	2000
831	2247	2000
920	2742	2100
524	2828	2100
1150	2278	2100
1998	2720	2100
205	2930	2100
937	2979	2100
1850	2330	2100
990	2128	2100
936	2042	2100
1038	2515	2100
212	2498	2100
1542	2203	2100
940	2942	2100
1550	2294	2100
508	2911	2100
161	2539	2100
290	2890	2100
1897	2021	2100
832	2638	2100
539	2559	2200
108	2935	2200
211	2379	2200
260	2123	2200
1433	2164	2200
1451	2795	2200
1267	2972	2200
660	2901	2200
491	2939	2200
1321	2521	2200
251	2129	2200
912	2390	2200
1005	2193	2200
1800	2296	2200
1318	2263	2200
1350	2030	2200
1110	2279	2300
767	2208	2300
1266	2529	2300
1068	2089	2300
492	2741	2300
1075	2885	2300
1620	2068	2300
293	2556	2300
696	2480	2300
1783	2544	2300
123	2616	2300
1837	2892	2300
754	2157	2300
461	2589	2300
1707	2682	2300
950	2536	2300
1100	2192	2400
1112	2735	2400
1951	2656	2400
1544	2730	2400
747	2191	2400
1531	2565	2400
1302	2738	2400
1260	2267	2400
1269	2398	2400
646	2776	2400
1606	2064	2400
384	2275	2400
366	2112	2400
773	2332	2400
988	2133	2400
1877	2323	2400
1960	2786	2400
762	2785	2400
1963	2255	2500
1980	2350	2500
1592	2057	2500
1788	2232	2500
1354	2257	2500
1556	2982	2500
1087	2686	2500
739	2551	2500
1565	2309	2500
639	2119	2500
1835	2559	2500
94	2030	2500
1198	2034	2600
1713	2998	2600
172	2150	2600
543	2278	2600
415	2713	2600
882	2626	2600
1140	2363	2600
468	2340	2600
849	2864	2600
729	2372	2700
406	2602	2700
221	2944	2700
334	2828	2700
1508	2718	2700
1211	2000	2700
1455	2150	2700
795	2678	2700
1353	2175	2700
1265	2171	2700
561	2624	2700
926	2303	2700
1877	2265	2700
1072	2558	2700
465	2821	2700
868	2430	2700
1428	2214	2800
100	2412	2800
26	2665	2800
374	2853	2800
1618	2083	2800
466	2411	2800
602	2051	2800
76	2891	2800
1791	2657	2800
1885	2344	2800
756	2069	2900
803	2349	2900
170	2406	2900
136	2965	2900
680	2662	2900
1295	2503	2900
1334	2109	2900
466	2646	2900
1396	2136	2900
1357	2666	2900
14	2241	2900
1240	2936	2900
321	2599	2900
1094	2277	3000
242	2667	3000
1229	2358	3000
1067	2730	3000
847	2841	3000
1832	2468	3000
1797	2740	3000
266	2356	3000
1170	2544	3000
378	2904	3000
1304	2755	3000
1007	2631	3000
120	2346	3000
152	2868	3000
1973	2974	3000
1099	2153	3000
1874	2509	3000
1469	2082	3000
241	2813	3000
1002	2015	3000
550	2025	3100
1967	2230	3100
1793	2728	3100
80	2510	3100
1756	2142	3100
1956	2133	3100
350	2122	3100
1251	2225	3100
122	2436	3100
1377	2226	3100
755	2324	3100
785	2057	3200
1230	2967	3200
1925	2689	3200
1266	2168	3200
1394	2349	3200
1074	2598	3200
376	2099	3200
363	2335	3200
1545	2503	3200
1430	2932	3200
1558	2076	3200
959	2889	3200
1963	2760	3300
1081	2148	3300
1761	2393	3300
264	2945	3300
1317	2182	3300
299	2060	3300
1695	2747	3300
1995	2943	3300
681	2162	3300
1492	2958	3300
135	2953	3300
1257	2661	3300
476	2130	3300
410	2609	3400
861	2796	3400
529	2871	3400
1073	2512	3400
1640	2523	3400
1993	2122	3400
1740	2475	3400
833	2092	3400
190	2906	3400
715	2159	3500
726	2606	3500
1950	2807	3500
589	2663	3500
1593	2742	3500
966	2907	3500
1682	2484	3500
1210	2341	3500
292	2591	3500
1246	2727	3500
1247	2326	3500
814	2107	3500
40	2782	3500
648	2514	3500
1424	2429	3500
230	2845	3500
634	2204	3600
1525	2689	3600
1750	2761	3600
1425	2238	3600
301	2733	3600
792	2345	3600
157	2870	3600
1420	2633	3600
559	2215	3600
1567	2446	3600
531	2547	3600
1369	2485	3600
947	2582	3600
1312	2577	3600
129	2723	3700
1941	2651	3700
1685	2869	3700
1501	2033	3700
527	2131	3700
1796	2140	3700
948	2919	3700
1474	2169	3700
1792	2673	3700
1221	2805	3700
429	2710	3700
917	2558	3700
337	2088	3700
673	2126	3800
665	2376	3800
1774	2778	3800
1053	2288	3800
1820	2948	3800
314	2397	3800
1721	2497	3800
488	2877	3800
1672	2530	3800
510	2225	3800
307	2676	3800
577	2834	3800
1573	2483	3900
1804	2874	3900
1911	2861	3900
431	2155	3900
1127	2555	3900
1070	2702	3900
1852	2768	3900
554	2142	3900
1984	2326	3900
500	2459	3900
978	2826	3900
425	2508	3900
1095	2717	3900
901	2148	4000
322	2478	4000
1416	2594	4000
604	2836	4000
1813	2448	4000
1304	2163	4000
478	2268	4000
400	2558	4000
139	2363	4000
372	2622	4000
1252	2839	4000
895	2650	4000
1157	2450	4000
1543	2237	4000
483	2873	4100
265	2311	4100
1665	2700	4100
13	2467	4100
1613	2203	4100
279	2371	4100
598	2273	4100
1032	2285	4100
723	2151	4100
894	2065	4100
766	2119	4100
1262	2491	4100
1969	2071	4100
797	2422	4200
1413	2807	4200
765	2440	4200
862	2901	4200
1450	2823	4200
1106	2209	4200
1021	2934	4200
1389	2941	4200
1570	2623	4200
569	2180	4200
884	2087	4200
1883	2681	4200
1059	2920	4200
1088	2821	4200
734	2059	4200
693	2228	4300
1181	2293	4300
513	2742	4300
866	2351	4300
1523	2743	4300
619	2720	4300
1301	2169	4300
869	2156	4300
630	2080	4300
286	2801	4300
1144	2005	4300
183	2059	4300
1355	2336	4300
714	2859	4300
242	2672	4400
1029	2860	4400
1768	2913	4400
726	2455	4400
906	2169	4400
262	2863	4400
1159	2670	4400
684	2664	4400
474	2405	4400
1332	2233	4400
184	2840	4400
224	2449	4400
290	2236	4400
1242	2540	4400
1058	2546	4400
614	2908	4500
887	2581	4500
1463	2679	4500
41	2231	4500
1341	2946	4500
1637	2063	4500
163	2298	4500
545	2296	4500
1121	2887	4600
801	2656	4600
1636	2371	4600
1605	2265	4600
657	2065	4600
815	2405	4600
1669	2252	4600
420	2436	4600
506	2991	4700
1211	2420	4700
346	2858	4700
1560	2048	4700
107	2325	4700
32	2028	4700
341	2335	4700
1493	2884	4700
1558	2102	4700
1339	2584	4700
1898	2201	4700
831	2071	4700
416	2295	4800
1178	2637	4800
1193	2961	4800
1246	2434	4800
30	2924	4800
1537	2832	4800
451	2122	4800
461	2997	4800
1842	2921	4800
744	2840	4800
776	2677	4800
1122	2348	4800
616	2471	4900
1926	2799	4900
761	2285	4900
530	2898	4900
1023	2142	4900
791	2225	4900
1498	2750	4900
1086	2888	4900
1391	2889	4900
955	2456	4900
1419	2012	5000
1113	2318	5000
1244	2569	5000
532	2287	5000
1348	2533	5000
1392	2689	5000
1481	2918	5000
1139	2790	5000
1200	2816	5000
89	2234	5100
373	2894	5100
375	2217	5100
719	2619	5100
1844	2266	5100
1362	2812	5100
318	2147	5100
1226	2710	5100
1023	2085	5100
1465	2188	5100
1251	2622	5100
976	2321	5100
356	2875	5100
573	2189	5200
159	2276	5200
1710	2690	5200
1441	2956	5200
1919	2627	5200
53	2830	5200
78	2623	5200
839	2320	5200
1040	2102	5200
832	2250	5200
758	2110	5200
479	2936	5200
1121	2908	5300
1952	2038	5300
594	2881	5300
594	2222	5300
1769	2894	5300
908	2339	5300
88	2535	5300
1025	2392	5300
1006	2725	5300
1070	2427	5300
1351	2369	5300
149	2053	5300
1667	2401	5300
81	2575	5300
1588	2043	5300
929	2471	5400
1390	2468	5400
1732	2926	5400
448	2870	5400
1817	2573	5400
998	2488	5400
1654	2197	5400
1661	2902	5400
1118	2015	5400
369	2072	5500
1905	2757	5500
1880	2964	5500
1766	2796	5500
1555	2002	5500
1169	2664	5500
595	2252	5500
1663	2056	5500
583	2504	5500
823	2046	5500
965	2493	5500
203	2306	5500
1062	2198	5600
1442	2286	5600
490	2267	5600
647	2103	5600
1743	2652	5600
1932	2932	5600
548	2960	5600
283	2639	5600
423	2342	5700
354	2566	5700
1455	2850	5700
769	2312	5700
1327	2091	5700
790	2179	5700
487	2512	5700
509	2157	5700
1376	2990	5700
1664	2991	5700
1343	2880	5700
825	2920	5800
204	2207	5800
1214	2476	5800
171	2343	5800
1048	2218	5800
1155	2564	5800
245	2846	5800
246	2472	5800
622	2045	5800
1806	2584	5800
750	2625	5800
596	2360	5900
931	2178	5900
1564	2451	5900
1923	2561	5900
971	2301	5900
1662	2673	5900
648	2374	5900
1670	2857	5900
384	2127	5900
214	2516	5900
239	2280	5900
1287	2030	5900
638	2229	6000
1532	2218	6000
1582	2203	6000
1325	2338	6000
50	2810	6000
1389	2441	6000
1221	2233	6000
679	2780	6000
1119	2479	6000
182	2839	6000
1414	2723	6100
1578	2818	6100
928	2091	6100
889	2339	6100
264	2759	6100
1206	2162	6100
1469	2681	6100
1449	2384	6100
176	2299	6100
1431	2415	6100
1978	2090	6100
1225	2264	6100
69	2578	6200
549	2554	6200
1192	2338	6200
1825	2814	6200
848	2812	6200
1042	2161	6200
872	2474	6200
1493	2653	6200
663	2332	6200
80	2648	6200
1212	2923	6200
1427	2473	6200
1948	2637	6300
1310	2388	6300
533	2810	6300
1655	2610	6300
1015	2022	6300
735	2896	6300
1874	2910	6300
1601	2932	6300
888	2625	6300
243	2913	6400
620	2721	6400
1077	2897	6400
103	2526	6400
1160	2751	6400
430	2505	6400
1991	2146	6400
341	2805	6400
1051	2121	6400
637	2240	6400
1604	2101	6400
1125	2809	6400
1318	2518	6400
915	2967	6500
1454	2364	6500
1986	2827	6500
1947	2570	6500
909	2507	6500
1255	2167	6500
628	2712	6500
1488	2608	6500
521	2562	6500
60	2152	6600
90	2506	6600
348	2316	6600
119	2572	6600
280	2748	6600
1776	2519	6600
193	2410	6600
1553	2500	6600
1819	2553	6700
877	2612	6700
1132	2931	6700
954	2989	6700
845	2289	6700
4	2428	6700
454	2051	6700
1706	2053	6700
1001	2896	6700
793	2153	6700
1421	2706	6700
165	2500	6700
1256	2568	6700
1004	2923	6700
1495	2577	6800
136	2039	6800
987	2388	6800
185	2802	6800
627	2992	6800
1063	2665	6800
1374	2829	6800
130	2215	6800
1168	2136	6800
1784	2023	6800
502	2816	6800
1175	2375	6900
1276	2700	6900
858	2998	6900
1867	2356	6900
1799	2213	6900
1983	2817	6900
1754	2503	6900
411	2850	7000
1854	2965	7000
1039	2979	7000
497	2125	7000
1105	2901	7000
1997	2212	7000
1600	2307	7000
1890	2460	7000
1873	2463	7000
1517	2789	7000
1579	2935	7100
946	2003	7100
1668	2576	7100
1288	2214	7100
1947	2410	7100
1199	2160	7100
1189	2727	7100
856	2127	7100
8	2013	7100
1050	2896	7100
574	2447	7100
1162	2299	7100
1787	2692	7100
1763	2391	7100
825	2775	7200
25	2636	7200
1624	2302	7200
1471	2103	7200
304	2177	7200
724	2079	7200
72	2779	7200
420	2395	7200
1044	2145	7300
1859	2655	7300
519	2189	7300
403	2034	7300
772	2004	7300
1133	2912	7300
1798	2233	7300
916	2626	7300
1330	2381	7300
396	2716	7400
936	2074	7400
1104	2205	7400
972	2486	7400
739	2448	7400
450	2513	7400
1253	2399	7400
1552	2117	7400
1480	2396	7500
258	2417	7500
1649	2674	7500
1258	2439	7500
14	2546	7500
1146	2221	7500
1355	2614	7500
219	2757	7500
538	2636	7600
1940	2360	7600
151	2887	7600
974	2406	7600
1936	2580	7600
1691	2106	7600
1563	2647	7600
1437	2755	7600
325	2132	7600
976	2226	7600
1300	2495	7700
902	2863	7700
1349	2013	7700
735	2402	7700
1705	2019	7700
1822	2899	7700
1833	2848	7700
239	2866	7700
961	2400	7700
1253	2699	7700
231	2568	7700
432	2119	7700
1964	2818	7800
513	2286	7800
1311	2893	7800
1176	2325	7800
1357	2443	7800
953	2608	7800
789	2821	7800
241	2527	7800
1273	2449	7800
1124	2350	7900
671	2714	7900
974	2244	7900
409	2655	7900
1921	2318	7900
101	2424	7900
299	2521	7900
1753	2617	7900
1460	2324	7900
1667	2261	7900
1356	2185	8000
1828	2068	8000
1104	2172	8000
713	2424	8000
451	2980	8000
1333	2574	8000
919	2693	8000
15	2736	8000
485	2198	8100
686	2016	8100
115	2502	8100
1748	2093	8100
581	2066	8100
1502	2256	8100
414	2708	8100
1010	2749	8100
1631	2135	8100
1747	2391	8100
1683	2236	8100
1137	2355	8100
261	2925	8200
1635	2297	8200
1951	2651	8200
1003	2276	8200
652	2700	8200
1944	2204	8200
408	2506	8200
642	2988	8200
723	2804	8200
1651	2685	8200
685	2605	8200
331	2638	8200
1055	2487	8300
1617	2763	8300
1336	2195	8300
1203	2644	8300
1885	2444	8300
407	2014	8300
592	2586	8300
1438	2502	8300
1291	2696	8400
351	2049	8400
1373	2013	8400
20	2450	8400
1126	2641	8400
271	2197	8400
507	2391	8400
1607	2696	8500
501	2339	8500
660	2640	8500
977	2724	8500
766	2916	8500
1628	2639	8500
106	2859	8600
588	2178	8600
1828	2464	8600
467	2653	8600
557	2292	8600
967	2542	8600
1330	2707	8600
1504	2375	8600
1004	2358	8700
69	2061	8700
98	2286	8700
1807	2330	8700
878	2755	8700
875	2194	8700
1765	2106	8700
1510	2328	8700
819	2262	8700
654	2953	8700
198	2447	8700
1239	2241	8700
776	2499	8700
1693	2054	8800
1711	2927	8800
1263	2952	8800
117	2206	8800
400	2223	8800
1950	2532	8900
1907	2522	8900
442	2301	8900
459	2799	8900
447	2711	8900
782	2098	8900
870	2674	8900
135	2516	8900
753	2525	8900
800	2321	8900
641	2671	8900
1889	2348	8900
87	2831	9000
1364	2999	9000
101	2190	9000
1975	2994	9000
1059	2348	9000
187	2723	9000
1953	2360	9100
464	2350	9100
1071	2529	9100
1501	2522	9100
246	2679	9100
142	2496	9100
1589	2855	9100
621	2629	9200
688	2611	9200
516	2242	9200
301	2060	9200
467	2448	9200
1857	2628	9200
1720	2822	9200
153	2733	9300
96	2976	9300
1089	2251	9300
1484	2369	9300
1597	2409	9400
1795	2377	9400
179	2984	9400
668	2707	9400
228	2403	9400
169	2939	9500
738	2161	9500
844	2515	9500
1009	2563	9500
678	2703	9500
207	2880	9500
303	2478	9600
55	2290	9600
1827	2145	9600
25	2807	9600
1037	2594	9600
1920	2477	9600
1439	2162	9600
1066	2428	9600
1210	2096	9600
1570	2661	9600
336	2302	9600
1782	2125	9700
1976	2162	9700
698	2858	9700
339	2085	9700
607	2525	9700
427	2032	9700
620	2426	9800
854	2276	9800
1708	2578	9800
392	2143	9800
1568	2432	9800
206	2297	9900
66	2629	9900
1386	2439	9900
891	2809	9900
1385	2381	9900
1978	2852	9900
1030	2355	10000
881	2124	10000
511	2389	10000
1775	2748	10000
870	2009	10000
1958	2806	10000
1858	2014	10000
58	2118	10000
1982	2951	10100
199	2965	10100
1541	2591	10100
683	2668	10100
1232	2392	10100
1704	2004	10100
1638	2734	10100
1319	2813	10100
1821	2909	10100
1378	2379	10200
1829	2679	10200
1743	2314	10200
1811	2548	10200
145	2180	10200
294	2691	10300
104	2279	10300
551	2501	10300
1089	2270	10300
16	2819	10300
443	2891	10300
1290	2769	10300
1599	2259	10300
1504	2852	10300
1676	2902	10400
1730	2883	10400
1182	2311	10400
1487	2469	10400
1817	2174	10400
394	2945	10400
342	2573	10400
625	2268	10400
1526	2622	10400
224	2698	10400
1763	2792	10400
313	2445	10400
1173	2649	10400
1107	2517	10500
105	2006	10500
1141	2391	10500
789	2466	10500
12	2003	10600
922	2561	10600
1643	2665	10600
13	2770	10600
1271	2863	10600
1234	2273	10600
1296	2193	10600
141	2916	10600
452	2088	10600
944	2592	10600
1689	2603	10600
644	2736	10600
1307	2662	10700
753	2056	10700
647	2502	10800
914	2101	10800
444	2403	10800
814	2086	10800
1214	2967	10900
462	2660	10900
1056	2433	10900
717	2421	10900
1674	2009	10900
37	2635	10900
1174	2571	10900
521	2355	10900
546	2683	10900
1727	2173	10900
731	2645	11000
1485	2688	11000
1788	2828	11000
155	2640	11000
501	2205	11000
166	2676	11000
73	2948	11100
1405	2091	11100
449	2383	11100
1283	2397	11100
879	2420	11100
1737	2937	11100
1673	2226	11100
1869	2862	11200
1201	2591	11200
580	2332	11200
507	2792	11200
446	2577	11200
1952	2862	11300
682	2764	11300
1802	2330	11300
1850	2740	11300
1370	2258	11300
1619	2687	11300
980	2586	11300
1621	2873	11400
1906	2534	11400
1772	2612	11400
126	2408	11400
1523	2383	11400
469	2423	11400
1949	2871	11400
95	2947	11400
19	2460	11400
1989	2765	11400
257	2062	11500
1148	2787	11500
192	2585	11500
1585	2567	11600
1773	2903	11600
1895	2750	11600
114	2622	11600
1774	2691	11700
1363	2918	11700
1790	2196	11700
232	2674	11700
1453	2567	11700
571	2475	11700
1515	2524	11700
67	2430	11800
343	2239	11800
1336	2489	11800
995	2352	11900
322	2743	11900
1327	2720	11900
172	2850	11900
1464	2027	11900
1842	2857	11900
1315	2815	11900
1172	2153	11900
444	2291	11900
106	2985	11900
1888	2243	12000
1868	2019	12000
1057	2005	12000
841	2603	12100
1568	2675	12100
1535	2050	12100
1972	2428	12100
1576	2669	12200
1725	2957	12200
59	2004	12200
149	2258	12200
1534	2712	12200
1561	2947	12200
544	2362	12200
999	2400	12200
919	2284	12200
1418	2573	12300
617	2687	12300
1015	2610	12300
1064	2447	12300
1205	2726	12300
784	2886	12400
1764	2022	12400
697	2625	12400
1494	2372	12500
854	2123	12500
1734	2286	12500
606	2408	12500
174	2746	12500
956	2055	12500
1984	2819	12500
197	2632	12500
349	2970	12600
876	2009	12600
1900	2187	12600
788	2423	12600
993	2823	12600
855	2895	12600
1337	2228	12600
1598	2313	12700
489	2751	12700
1686	2139	12700
1204	2735	12700
1638	2041	12800
1848	2470	12800
1077	2305	12800
1705	2005	12800
1529	2628	12800
639	2878	12800
682	2732	12900
24	2729	12900
985	2402	12900
838	2460	12900
412	2485	12900
1129	2649	12900
1962	2513	13000
1189	2434	13000
1248	2726	13000
296	2883	13000
1473	2746	13100
1622	2368	13100
934	2188	13100
1728	2449	13100
579	2281	13100
1499	2891	13100
1231	2444	13100
515	2395	13100
1091	2353	13200
821	2487	13200
1986	2659	13200
1234	2619	13200
1186	2710	13200
704	2736	13200
1187	2791	13300
779	2893	13300
1223	2179	13300
331	2781	13300
1784	2986	13300
367	2050	13400
388	2231	13400
1096	2632	13400
1046	2569	13500
394	2423	13500
736	2243	13500
1857	2687	13500
350	2980	13500
718	2789	13500
1281	2954	13600
294	2922	13600
460	2058	13600
1458	2426	13600
1644	2621	13600
932	2980	13600
1397	2808	13600
362	2867	13700
1230	2305	13700
905	2341	13700
1324	2454	13700
763	2980	13700
983	2890	13700
1113	2613	13800
134	2895	13800
1516	2059	13800
748	2550	13800
1343	2906	13800
1457	2379	13900
1197	2569	13900
598	2143	13900
1865	2632	13900
509	2365	13900
167	2031	13900
1627	2542	13900
1709	2864	13900
1549	2722	14000
709	2243	14000
986	2936	14000
1414	2983	14100
741	2158	14100
935	2471	14100
616	2232	14100
1620	2593	14100
132	2556	14100
1678	2083	14100
1622	2511	14100
570	2725	14100
312	2819	14100
1005	2737	14100
1029	2385	14200
1278	2373	14200
608	2246	14200
1	2257	14200
803	2827	14200
642	2325	14200
1299	2800	14200
1796	2303	14200
1233	2853	14200
1517	2895	14200
180	2736	14200
1146	2129	14200
1862	2688	14300
1120	2174	14300
1143	2020	14300
999	2875	14300
1671	2279	14400
670	2645	14400
1584	2517	14400
1224	2101	14400
1162	2031	14400
1096	2300	14400
148	2697	14400
229	2383	14500
492	2203	14500
1282	2752	14500
170	2922	14600
1766	2593	14600
1371	2035	14600
111	2023	14600
502	2964	14600
410	2967	14700
1600	2080	14700
837	2949	14700
1323	2849	14700
6	2077	14700
1438	2754	14800
1367	2560	14800
649	2949	14800
495	2861	14800
338	2470	14800
1196	2106	14800
581	2357	14800
552	2269	14800
1227	2216	14900
1353	2219	14900
1435	2763	14900
1751	2440	14900
1040	2996	14900
348	2700	15000
941	2972	15000
984	2940	15000
1866	2518	15000
1615	2717	15000
396	2216	15100
328	2647	15100
874	2211	15100
112	2260	15100
1635	2534	15200
556	2057	15200
590	2914	15200
786	2458	15200
764	2708	15200
270	2109	15300
1084	2223	15300
1846	2463	15300
664	2867	15400
364	2879	15400
160	2949	15400
315	2209	15400
1559	2530	15400
1045	2773	15400
1715	2296	15400
1853	2887	15500
702	2621	15500
1884	2038	15500
1053	2629	15500
1629	2838	15500
864	2769	15500
1939	2532	15600
463	2149	15600
259	2234	15600
1851	2520	15600
365	2227	15700
308	2726	15700
1925	2735	15700
1179	2158	15800
868	2007	15800
1433	2078	15800
422	2803	15800
633	2745	15800
1664	2851	15900
1909	2636	15900
28	2929	15900
1291	2404	15900
1914	2482	15900
722	2340	15900
275	2873	16000
1687	2097	16000
1308	2572	16000
1097	2194	16000
74	2831	16000
694	2624	16000
1464	2832	16000
1328	2049	16000
1733	2374	16000
1591	2777	16000
29	2003	16100
1903	2542	16100
230	2197	16200
1611	2456	16200
712	2560	16300
1582	2704	16300
1238	2989	16300
1510	2747	16300
236	2924	16300
578	2725	16300
118	2226	16300
65	2111	16400
202	2550	16400
1068	2179	16500
244	2987	16500
1559	2892	16500
651	2337	16500
1741	2256	16500
989	2973	16500
456	2437	16600
991	2669	16600
1648	2373	16600
1814	2246	16600
37	2303	16600
1958	2500	16600
361	2779	16600
1866	2263	16600
55	2835	16700
1149	2966	16700
1411	2810	16800
383	2413	16800
1067	2094	16900
1649	2044	16900
1475	2763	16900
75	2947	16900
194	2455	17000
1745	2360	17000
1650	2569	17000
934	2857	17000
340	2490	17100
894	2966	17100
907	2333	17100
877	2985	17200
1161	2131	17200
996	2213	17200
1375	2501	17200
353	2520	17200
579	2120	17200
1137	2734	17200
1696	2108	17300
1782	2066	17400
86	2955	17400
334	2995	17500
716	2248	17500
23	2798	17500
29	2985	17600
97	2688	17600
1217	2876	17700
437	2898	17800
27	2292	17800
1468	2374	17800
1663	2525	17800
161	2615	17800
1488	2407	17800
1864	2984	17800
830	2856	17900
1966	2917	17900
1131	2631	17900
1404	2298	17900
479	2790	17900
450	2898	18000
1292	2777	18000
486	2008	18000
778	2073	18000
1112	2538	18000
1071	2168	18100
1610	2219	18100
730	2567	18100
1007	2812	18100
1365	2060	18200
1959	2990	18200
57	2973	18200
1722	2409	18300
1215	2069	18300
354	2963	18300
1934	2579	18300
625	2151	18300
1554	2838	18300
1028	2201	18300
1897	2235	18300
811	2108	18400
463	2451	18400
1456	2164	18400
181	2863	18400
1344	2956	18400
144	2365	18400
1648	2935	18500
563	2039	18500
922	2469	18500
1997	2292	18500
962	2332	18500
46	2142	18500
486	2765	18500
1183	2608	18500
701	2562	18500
1938	2196	18600
260	2745	18600
437	2184	18600
674	2962	18600
1307	2053	18600
325	2898	18600
197	2300	18600
207	2906	18600
1870	2496	18700
1171	2063	18700
427	2739	18700
1590	2849	18700
1014	2545	18800
1955	2534	18800
1289	2547	18800
1680	2790	18800
1299	2856	18900
745	2829	18900
740	2431	18900
140	2955	18900
1818	2953	18900
1894	2525	18900
863	2731	18900
821	2598	19000
244	2210	19000
1818	2258	19000
603	2344	19000
1186	2533	19100
1702	2738	19200
963	2526	19200
1368	2147	19200
1688	2477	19200
1416	2802	19300
809	2893	19300
1098	2820	19300
1923	2214	19400
743	2829	19400
1338	2363	19400
412	2026	19400
1103	2336	19400
1404	2279	19400
865	2277	19400
705	2150	19500
171	2701	19500
342	2912	19500
366	2283	19500
940	2574	19500
1557	2637	19600
743	2285	19600
267	2333	19600
1647	2196	19700
327	2328	19700
165	2806	19700
1011	2437	19800
1965	2744	19800
1332	2805	19800
1824	2662	19800
1514	2024	19800
1491	2925	19800
1913	2767	19800
206	2756	19900
1358	2438	19900
124	2478	20000
1036	2141	20000
981	2472	20000
1640	2627	20000
1145	2028	20000
21	2327	20000
1285	2069	20100
285	2295	20200
1772	2084	20200
655	2461	20200
506	2959	20300
836	2649	20300
1118	2753	20300
3	2456	20300
424	2488	20400
1297	2224	20500
284	2405	20500
399	2429	20500
370	2445	20500
820	2520	20500
1858	2202	20500
797	2302	20600
189	2421	20600
132	2701	20600
1101	2817	20600
1961	2549	20600
762	2977	20600
829	2717	20600
689	2772	20700
1770	2370	20700
1514	2354	20700
1975	2459	20700
1119	2878	20700
1039	2470	20800
956	2668	20800
1604	2969	20800
675	2610	20800
577	2586	20800
1564	2149	20900
359	2457	20900
333	2173	20900
1666	2315	20900
1298	2149	21000
1970	2620	21000
692	2823	21000
1472	2630	21000
1017	2907	21100
1275	2355	21100
1167	2353	21200
809	2205	21200
658	2370	21200
142	2096	21200
817	2108	21200
1943	2614	21200
1476	2321	21300
865	2983	21300
288	2320	21400
953	2407	21400
601	2062	21500
1902	2943	21500
1105	2885	21500
1749	2641	21500
1608	2861	21600
630	2307	21600
209	2617	21600
61	2500	21600
1546	2538	21600
1944	2565	21700
738	2928	21700
788	2272	21700
1672	2892	21700
1243	2808	21700
480	2428	21800
1719	2817	21800
390	2392	21800
680	2080	21800
112	2703	21800
1786	2291	21800
1228	2025	21800
1171	2454	21900
849	2750	21900
1945	2255	22000
683	2709	22000
711	2975	22000
1185	2686	22000
859	2245	22000
1693	2047	22100
1489	2442	22100
1998	2593	22100
185	2915	22100
1987	2747	22100
414	2233	22100
286	2083	22100
1347	2405	22100
324	2547	22100
1426	2382	22200
1632	2853	22200
385	2750	22200
750	2599	22200
1069	2844	22300
1991	2105	22300
691	2135	22300
154	2009	22400
1114	2371	22400
1321	2195	22400
1974	2995	22400
316	2315	22400
194	2606	22500
1760	2099	22500
1107	2874	22500
1249	2741	22500
480	2074	22600
530	2132	22600
1798	2728	22600
690	2829	22600
1264	2029	22600
111	2986	22800
389	2929	23000
1152	2322	23000
926	2489	23000
856	2830	23000
722	2256	23000
1707	2539	23000
436	2872	23000
1761	2128	23100
559	2096	23100
1787	2193	23100
1095	2070	23100
587	2564	23200
1596	2227	23200
1300	2109	23200
448	2477	23200
1358	2362	23200
983	2236	23200
353	2024	23200
311	2150	23300
127	2183	23300
1910	2596	23300
1569	2446	23300
62	2562	23300
168	2908	23500
775	2743	23500
470	2420	23500
1830	2066	23500
225	2634	23500
517	2646	23500
1863	2531	23500
1615	2540	23500
927	2841	23600
1286	2679	23600
1190	2652	23600
1165	2775	23700
1215	2998	23700
1026	2166	23800
720	2346	23800
1764	2610	23800
1051	2024	23800
162	2657	23800
995	2929	23900
512	2613	23900
1031	2602	23900
1519	2798	24000
1543	2479	24100
1052	2176	24100
1773	2001	24100
570	2319	24100
1446	2199	24100
1656	2396	24200
828	2190	24200
1320	2560	24300
140	2607	24300
1720	2395	24300
1566	2414	24400
525	2552	24400
1090	2818	24400
1123	2966	24400
1526	2225	24400
497	2552	24500
1423	2539	24500
961	2875	24500
187	2983	24500
63	2230	24600
1930	2955	24600
1412	2808	24600
1979	2926	24700
1987	2211	24700
1881	2900	24700
1786	2717	24700
544	2438	24800
10	2342	24800
636	2416	24900
1880	2435	24900
73	2012	24900
1616	2418	24900
986	2407	24900
1280	2739	24900
1011	2541	25000
1841	2539	25000
1305	2130	25000
826	2263	25000
163	2650	25000
1611	2375	25000
1606	2331	25200
600	2058	25200
1939	2422	25300
1017	2696	25300
1731	2844	25300
1902	2458	25300
562	2378	25300
1413	2532	25400
1917	2764	25400
560	2000	25400
123	2098	25400
798	2686	25400
143	2891	25400
597	2115	25500
458	2887	25600
495	2696	25600
1	2338	25600
1074	2674	25600
1247	2600	25600
1573	2296	25600
1297	2741	25700
751	2497	25700
703	2386	25700
635	2779	25700
1915	2078	25800
247	2814	25900
1115	2307	25900
846	2561	26000
470	2948	26100
1532	2794	26100
1580	2896	26100
184	2838	26100
274	2680	26200
68	2626	26200
1969	2839	26200
368	2447	26300
952	2119	26300
238	2278	26400
93	2419	26400
1931	2181	26400
900	2695	26400
1799	2567	26500
979	2710	26500
157	2307	26500
895	2298	26500
566	2387	26600
824	2196	26700
1977	2582	26700
298	2111	26800
1213	2492	26900
5	2836	26900
1643	2783	26900
1200	2381	26900
867	2061	27000
1830	2357	27000
1549	2037	27000
503	2398	27000
1122	2403	27000
673	2865	27100
1803	2081	27100
258	2148	27200
7	2796	27200
1717	2082	27200
249	2963	27300
713	2431	27300
272	2164	27400
1631	2474	27400
64	2322	27500
1677	2137	27600
99	2382	27600
1094	2983	27600
699	2393	27700
1013	2619	27700
164	2158	27900
867	2276	27900
24	2397	27900
1660	2507	27900
764	2932	27900
237	2482	27900
1820	2420	28000
377	2143	28000
1360	2823	28000
1752	2272	28100
881	2416	28200
540	2897	28200
997	2010	28200
834	2104	28400
1791	2282	28400
1478	2356	28500
254	2804	28500
982	2838	28500
85	2504	28600
982	2510	28600
496	2401	28600
552	2940	28600
1085	2198	28700
1831	2011	28700
374	2870	28800
82	2285	28800
1306	2177	28800
943	2413	28800
141	2429	28800
1657	2582	28800
714	2985	28900
556	2159	28900
1378	2913	28900
924	2881	28900
883	2418	28900
977	2310	28900
1167	2561	29000
1511	2935	29000
499	2074	29000
1946	2112	29000
1505	2536	29000
251	2605	29000
653	2616	29200
1985	2513	29200
1554	2840	29200
844	2642	29300
1659	2947	29300
1633	2866	29300
703	2617	29400
1712	2504	29400
1158	2722	29500
309	2473	29500
1683	2890	29500
373	2097	29600
1294	2052	29700
259	2594	29700
1022	2951	29700
1255	2814	29800
133	2647	29900
144	2157	29900
566	2562	30000
436	2859	30000
1035	2238	30100
291	2117	30100
204	2353	30100
1082	2618	30100
305	2141	30100
1739	2722	30200
253	2275	30200
274	2322	30200
777	2274	30300
759	2120	30300
1759	2971	30300
804	2037	30400
711	2489	30400
1752	2768	30400
1135	2836	30500
265	2481	30700
1393	2618	30700
1560	2919	30700
71	2112	30700
631	2670	30800
679	2687	30800
1989	2008	30800
1816	2400	30800
1216	2095	30800
314	2478	30900
1685	2970	31000
1341	2195	31000
401	2041	31000
1277	2191	31100
1904	2328	31100
130	2975	31100
1879	2653	31100
863	2315	31100
807	2611	31200
740	2489	31200
1736	2584	31200
1762	2566	31300
1241	2899	31300
1026	2127	31400
558	2680	31400
1190	2314	31400
468	2485	31400
1479	2993	31500
1099	2641	31500
1239	2221	31600
1642	2719	31700
1164	2743	31700
1521	2006	31700
665	2016	31900
287	2653	31900
42	2283	32000
1610	2175	32100
1723	2212	32100
371	2254	32100
914	2969	32100
1540	2592	32100
1462	2779	32100
1869	2038	32200
440	2645	32200
445	2543	32200
476	2715	32200
281	2433	32400
1399	2152	32400
548	2780	32400
216	2288	32500
249	2248	32500
1636	2989	32500
1757	2571	32500
820	2092	32500
1726	2483	32500
357	2108	32600
1646	2164	32600
1785	2885	32600
878	2458	32600
1136	2765	32600
1849	2324	32600
1935	2160	32700
523	2134	32700
1436	2570	32700
115	2754	32700
801	2084	32700
285	2545	32900
1429	2834	32900
215	2093	32900
1650	2144	32900
231	2883	32900
1843	2058	32900
31	2574	33000
1175	2852	33000
1827	2249	33100
377	2036	33100
235	2456	33100
1385	2547	33100
257	2084	33300
347	2772	33300
1527	2795	33400
1771	2098	33400
503	2975	33500
494	2427	33500
404	2774	33500
951	2584	33500
835	2045	33500
1623	2394	33600
395	2076	33600
1658	2446	33600
1462	2809	33600
1402	2235	33600
1668	2856	33700
1994	2585	33700
213	2816	33700
88	2484	33900
912	2518	33900
1696	2350	34100
263	2881	34100
1735	2598	34100
1261	2741	34100
1024	2335	34100
617	2780	34100
944	2324	34100
380	2992	34200
838	2558	34200
1621	2490	34300
48	2954	34300
303	2718	34300
1979	2125	34300
1016	2271	34300
1313	2309	34400
271	2005	34400
1197	2144	34500
1957	2252	34500
1208	2958	34600
954	2371	34600
532	2658	34700
1834	2024	34700
1971	2373	34800
1272	2948	34900
1079	2798	34900
612	2090	34900
407	2202	35000
818	2134	35000
139	2065	35000
1369	2938	35100
805	2103	35200
899	2414	35200
1522	2384	35200
1380	2618	35300
1403	2416	35300
58	2030	35300
226	2336	35300
96	2811	35400
1093	2583	35400
1819	2971	35500
606	2655	35500
234	2093	35500
1141	2792	35500
1432	2007	35600
994	2213	35600
455	2028	35600
661	2378	35700
624	2407	35700
1892	2018	35700
1058	2348	35700
1503	2909	35800
890	2551	35800
8	2402	35800
540	2305	35900
1014	2295	35900
447	2882	36000
591	2444	36000
634	2565	36100
930	2036	36100
962	2708	36100
823	2807	36200
1346	2800	36200
1315	2459	36200
826	2518	36300
1043	2123	36400
391	2865	36500
398	2670	36500
77	2199	36500
921	2552	36600
1426	2588	36600
1323	2940	36600
220	2971	36600
774	2376	36700
277	2453	36700
386	2857	36700
549	2042	36800
233	2904	36800
1887	2551	36900
1572	2719	36900
1093	2041	36900
1387	2070	36900
712	2494	37000
652	2316	37100
1420	2664	37100
1317	2869	37100
1717	2876	37100
668	2429	37100
872	2438	37200
18	2978	37200
1825	2167	37400
1224	2777	37400
176	2031	37400
1990	2692	37400
737	2397	37600
904	2621	37700
1406	2016	37700
715	2950	37800
214	2628	37800
1188	2346	37800
267	2986	37800
347	2144	37900
433	2211	37900
268	2080	38000
1884	2862	38100
893	2245	38100
572	2971	38200
591	2344	38200
1242	2077	38200
842	2388	38400
1271	2439	38400
255	2506	38400
970	2008	38400
1445	2361	38500
1346	2587	38500
153	2060	38500
1996	2549	38500
586	2090	38600
1852	2702	38900
756	2998	39000
892	2172	39000
491	2472	39000
1165	2145	39100
903	2437	39100
1447	2200	39100
1016	2177	39100
992	2522	39200
622	2130	39200
1274	2373	39300
1837	2530	39300
638	2308	39400
1968	2732	39400
1254	2149	39400
523	2694	39400
1571	2583	39500
741	2221	39500
1953	2052	39600
1241	2533	39600
1466	2254	39600
1943	2250	39700
729	2304	39800
632	2957	39800
478	2104	39800
1927	2780	39800
1319	2527	39800
151	2897	39900
898	2417	39900
1876	2440	40000
38	2599	40000
67	2021	40100
512	2318	40100
1742	2207	40100
500	2994	40100
721	2692	40100
1483	2519	40300
558	2993	40300
707	2492	40400
1082	2637	40400
352	2037	40400
363	2337	40500
355	2137	40600
252	2098	40600
833	2260	40700
938	2728	40900
1153	2138	40900
677	2481	41000
1272	2012	41000
32	2231	41000
1602	2715	41000
311	2094	41100
1354	2338	41100
1861	2224	41100
1314	2831	41200
1841	2615	41200
1296	2006	41200
1678	2801	41300
781	2170	41400
472	2039	41500
1270	2678	41500
1548	2468	41600
1748	2865	41600
771	2684	41600
1084	2151	41800
1276	2131	41900
904	2419	42000
186	2242	42100
1108	2900	42100
1992	2461	42200
624	2608	42200
1843	2715	42200
747	2430	42300
382	2495	42300
943	2190	42300
0	2334	42300
91	2268	42400
555	2830	42400
145	2657	42400
1679	2843	42500
270	2495	42600
1103	2199	42600
686	2376	42700
975	2239	42900
1901	2163	42900
662	2271	42900
425	2671	42900
122	2317	43000
554	2600	43200
1235	2964	43300
1268	2934	43300
694	2495	43400
1968	2545	43500
1539	2077	43500
1745	2734	43600
229	2003	43600
103	2552	43600
1836	2213	43600
346	2085	43600
30	2359	43600
22	2536	43600
514	2819	43700
1530	2438	43700
941	2126	43800
399	2707	43800
269	2287	43900
609	2112	43900
1815	2180	43900
15	2745	43900
178	2858	44000
896	2617	44200
1383	2073	44300
1021	2661	44400
561	2100	44500
687	2746	44500
947	2082	44600
1384	2698	44700
516	2100	44800
584	2389	44900
529	2002	44900
1454	2846	45000
484	2462	45000
802	2854	45100
1344	2782	45100
1927	2960	45100
524	2232	45200
33	2673	45200
611	2631	45200
635	2277	45200
1632	2999	45400
1381	2105	45400
1703	2468	45500
236	2310	45500
582	2260	45500
1091	2825	45600
205	2778	45600
535	2211	45700
339	2858	45700
355	2844	45800
459	2097	45800
431	2874	45800
1929	2702	45800
1555	2212	45800
959	2731	45800
1033	2908	45900
1590	2876	45900
1732	2140	46000
107	2624	46000
728	2378	46000
359	2011	46100
119	2915	46100
1954	2957	46100
1267	2865	46100
1322	2293	46100
370	2889	46200
302	2027	46400
1088	2758	46600
575	2208	46600
672	2979	46800
938	2708	46800
254	2151	46800
1423	2615	46900
381	2067	47300
1047	2218	47300
1581	2729	47300
1937	2281	47300
658	2155	47400
1521	2786	47400
439	2623	47500
1312	2639	47500
736	2962	47700
1466	2319	47700
1929	2427	47700
719	2322	47800
659	2771	47900
330	2602	48000
289	2431	48000
1409	2398	48000
1960	2706	48000
569	2546	48000
1065	2147	48100
1546	2735	48200
1644	2419	48300
173	2404	48500
603	2444	48500
1410	2977	48500
320	2229	48700
1063	2783	48700
64	2273	48700
209	2386	48700
911	2288	48800
1212	2358	48900
626	2926	49000
732	2934	49000
628	2634	49300
1326	2329	49300
942	2904	49400
1682	2620	49400
1751	2879	49400
1126	2726	49400
1491	2259	49500
707	2072	49600
853	2704	49600
178	2085	49600
1651	2111	49600
1482	2847	49600
1305	2597	49600
1102	2918	49600
1789	2453	49700
1815	2422	49800
520	2716	49800
1265	2742	49800
391	2972	49800
1729	2033	49800
1475	2154	49800
1586	2788	49900
390	2114	49900
1985	2146	49900
706	2118	49900
674	2884	50000
657	2590	50000
525	2914	50100
1472	2390	50100
356	2400	50100
1529	2516	50200
691	2474	50200
1515	2425	50200
1406	2018	50200
1229	2923	50300
1823	2548	50300
793	2056	50300
316	2731	50300
1428	2762	50400
859	2450	50400
277	2756	50500
62	2317	50500
118	2295	50600
210	2913	50700
952	2822	50700
517	2411	50900
1098	2075	50900
393	2984	50900
1970	2464	51000
1882	2843	51000
677	2311	51000
902	2972	51100
196	2302	51200
945	2529	51200
1209	2330	51200
661	2184	51200
685	2129	51300
1572	2553	51400
1715	2682	51500
1218	2216	51600
278	2115	51600
1124	2010	51600
678	2260	51800
840	2630	51800
504	2401	51800
1402	2021	51800
1310	2636	51900
1805	2591	51900
1749	2280	51900
1204	2199	52000
1775	2720	52100
1375	2751	52100
1335	2845	52100
1924	2222	52200
421	2727	52200
1669	2020	52300
1479	2186	52400
28	2352	52500
1741	2340	52500
1360	2868	52500
288	2592	52500
1507	2011	52600
1811	2032	52600
61	2092	52600
1666	2731	52600
1134	2486	52700
1314	2846	52700
906	2100	52700
1780	2268	52700
1932	2774	52700
1505	2848	52700
1020	2244	52800
696	2833	52900
1090	2357	53000
701	2387	53000
1252	2300	53000
327	2747	53100
1716	2875	53200
1218	2645	53300
1328	2323	53300
1130	2667	53400
1692	2055	53400
1256	2883	53500
901	2224	53500
1444	2063	53500
1851	2911	53500
835	2968	53500
98	2068	53600
510	2436	53600
1593	2171	53700
727	2842	53700
300	2730	53700
786	2755	53700
1574	2220	53900
1855	2001	53900
1629	2840	53900
1150	2214	54000
1848	2952	54000
1290	2327	54000
1853	2457	54100
1258	2357	54100
518	2113	54100
295	2070	54100
190	2880	54100
1471	2688	54200
1415	2757	54200
1698	2957	54200
269	2165	54200
1704	2507	54300
1724	2006	54300
1977	2876	54300
1365	2733	54400
1618	2961	54400
759	2291	54400
1730	2568	54400
1597	2342	54500
897	2364	54500
234	2137	54600
1847	2587	54700
308	2574	54700
395	2102	54700
1348	2899	54800
733	2579	54800
612	2541	54900
1139	2872	54900
1645	2924	55000
571	2605	55000
1576	2297	55300
109	2551	55300
1530	2362	55300
541	2723	55400
1744	2067	55400
610	2774	55400
401	2583	55400
1965	2931	55500
1675	2885	55500
1545	2512	55500
53	2359	55500
195	2560	55600
464	2010	55600
1316	2298	55700
693	2655	55800
607	2749	55800
565	2959	56000
775	2721	56000
632	2035	56000
968	2555	56000
1038	2642	56000
1603	2058	56000
1864	2473	56000
93	2621	56100
494	2702	56100
666	2283	56100
203	2940	56100
1769	2097	56200
1174	2170	56200
475	2916	56200
20	2475	56300
903	2541	56400
1055	2598	56400
1714	2206	56400
1513	2663	56500
1967	2220	56500
1142	2824	56500
333	2250	56500
553	2148	56600
146	2027	56600
81	2699	56700
697	2029	56700
1166	2683	56700
398	2050	56800
557	2694	56800
1232	2884	56800
50	2633	56900
1397	2527	56900
721	2193	56900
1437	2163	57000
298	2685	57000
1132	2163	57100
1134	2704	57200
1352	2427	57200
1509	2678	57300
1160	2002	57300
1738	2001	57300
1800	2483	57300
465	2466	57300
1906	2228	57300
1349	2514	57400
221	2091	57600
619	2593	57800
1747	2792	57800
1525	2761	57900
705	2432	58000
1531	2204	58000
1822	2533	58000
637	2283	58000
1847	2267	58100
1871	2542	58100
1030	2012	58100
992	2033	58200
1835	2716	58300
446	2538	58300
1924	2667	58400
1804	2867	58400
1892	2991	58400
1524	2758	58500
1289	2816	58500
841	2071	58500
553	2388	58600
1733	2600	58600
1976	2670	58700
1050	2548	58700
565	2991	58800
1025	2140	58800
1202	2329	58800
1372	2380	58900
310	2684	59000
907	2528	59000
104	2707	59100
1456	2944	59200
1277	2364	59200
496	2261	59200
1833	2259	59200
1599	2925	59200
77	2208	59200
155	2901	59300
1513	2981	59400
613	2208	59500
16	2837	59500
725	2978	59500
843	2361	59600
1393	2604	59700
219	2432	59700
1172	2056	59700
887	2089	59800
1758	2197	59800
1909	2575	60000
1441	2782	60000
871	2235	60000
477	2893	60100
1032	2036	60100
201	2095	60100
1729	2522	60200
720	2049	60200
734	2463	60300
781	2571	60400
349	2869	60500
83	2365	60600
1726	2399	60600
1298	2451	60700
1739	2230	60700
1655	2022	60700
800	2630	60700
1131	2418	60800
718	2895	60800
1896	2738	60900
1399	2301	60900
1633	2280	60900
1823	2032	60900
458	2714	61000
438	2497	61000
84	2437	61100
1708	2061	61100
364	2647	61100
966	2175	61100
1794	2759	61100
667	2648	61200
1136	2129	61200
1236	2660	61300
1702	2818	61400
610	2820	61400
409	2408	61500
1044	2353	61500
560	2799	61500
177	2053	61500
1840	2062	61700
1250	2035	61700
1617	2154	61700
1128	2543	61700
1033	2261	61700
1878	2308	61800
1382	2581	61900
562	2640	61900
1445	2763	62000
1921	2613	62100
70	2235	62100
1100	2313	62200
689	2144	62200
1561	2320	62200
1054	2549	62200
1701	2057	62300
1789	2576	62300
92	2912	62300
874	2856	62400
1205	2798	62400
599	2859	62500
1006	2271	62600
152	2641	62600
987	2038	62800
915	2452	62900
1790	2035	62900
508	2520	62900
164	2775	62900
156	2517	63000
784	2871	63000
1468	2514	63000
228	2291	63000
1882	2049	63100
1883	2082	63100
1400	2007	63200
910	2386	63200
306	2110	63200
336	2422	63300
1386	2970	63300
1027	2277	63300
1207	2918	63300
41	2642	63400
998	2127	63500
505	2804	63500
980	2693	63500
1370	2563	63600
564	2993	63600
1379	2139	63600
1641	2577	63600
1037	2802	63700
702	2419	63700
1574	2230	63700
578	2511	63800
1408	2072	63800
822	2116	63900
300	2094	63900
335	2956	63900
1379	2363	64100
1810	2514	64100
1188	2454	64100
605	2077	64100
46	2326	64200
1391	2445	64200
1839	2254	64400
1931	2413	64400
1002	2753	64400
426	2440	64500
247	2167	64600
1145	2177	64600
351	2346	64800
1405	2944	64900
1219	2018	64900
1407	2538	65000
1480	2152	65000
432	2822	65000
1477	2236	65000
1325	2257	65100
949	2882	65100
40	2956	65100
1845	2820	65100
340	2399	65100
659	2445	65200
1283	2729	65300
134	2789	65400
1862	2103	65500
1047	2794	65500
945	2168	65500
1589	2978	65500
148	2490	65500
129	2878	65600
871	2625	65600
778	2229	65900
1942	2349	65900
1222	2847	66000
794	2920	66100
1342	2390	66100
1592	2557	66200
779	2161	66200
1396	2892	66200
283	2651	66200
238	2581	66400
100	2897	66400
928	2944	66400
128	2487	66400
514	2837	66400
1231	2344	66400
1547	2039	66500
846	2469	66500
626	2665	66500
240	2634	66500
763	2294	66500
1757	2327	66500
752	2950	66600
534	2796	66600
1008	2004	66600
1954	2902	66700
137	2167	66700
555	2040	66700
1603	2029	66700
1110	2699	66800
1474	2945	66800
1257	2934	66800
1598	2124	66900
1429	2761	66900
442	2152	66900
1219	2986	66900
1859	2171	67000
389	2352	67100
1193	2055	67100
1922	2777	67100
1447	2482	67100
1792	2882	67200
220	2553	67200
1993	2916	67200
477	2867	67300
44	2685	67400
296	2568	67400
199	2126	67500
1237	2215	67500
1185	2036	67500
147	2326	67500
727	2494	67600
1768	2453	67600
880	2564	67600
1972	2664	67600
913	2017	67700
369	2245	67800
1149	2065	67900
1502	2136	67900
1886	2120	67900
645	2124	68000
933	2249	68000
614	2435	68000
1797	2907	68100
851	2173	68100
1677	2093	68200
875	2184	68200
1168	2941	68200
1654	2845	68200
853	2486	68400
1138	2733	68400
827	2974	68400
1879	2474	68500
1495	2669	68500
1553	2806	68500
1956	2443	68600
43	2546	68600
671	2412	68700
304	2028	68700
1713	2629	68800
988	2110	68900
749	2508	69000
1706	2367	69100
1657	2528	69100
1387	2115	69100
1000	2189	69100
787	2656	69100
1694	2019	69200
1223	2554	69400
1384	2265	69400
1524	2705	69400
42	2240	69500
43	2180	69500
1778	2612	69500
1551	2862	69600
667	2510	69600
380	2554	69800
664	2772	69800
418	2601	69800
430	2510	69900
383	2181	69900
716	2963	70000
313	2771	70000
997	2304	70100
328	2398	70100
911	2052	70200
582	2354	70200
1937	2120	70200
1731	2066	70300
499	2044	70500
302	2684	70600
1117	2734	70700
275	2399	70800
1836	2404	70800
498	2970	70900
382	2728	70900
1013	2254	71000
1434	2271	71200
1434	2886	71200
345	2460	71200
1760	2352	71300
1417	2870	71300
72	2758	71300
1390	2205	71600
22	2304	71700
457	2078	71800
1191	2452	71900
958	2143	72000
1366	2618	72100
326	2536	72100
879	2000	72200
1398	2501	72200
595	2676	72200
615	2599	72200
585	2693	72200
746	2370	72300
519	2757	72400
49	2433	72500
749	2079	72600
114	2597	72600
1087	2166	72700
1459	2773	72700
543	2873	72800
1254	2451	72900
1500	2699	72900
102	2923	73100
1101	2648	73200
1595	2942	73300
1024	2960	73300
785	2159	73400
1337	2656	73400
137	2783	73400
1756	2724	73500
985	2319	73500
757	2118	73500
1676	2860	73800
1292	2749	73800
1373	2619	73900
1306	2868	73900
822	2245	73900
1725	2649	74000
651	2252	74100
1452	2351	74200
810	2141	74200
899	2791	74400
813	2449	74400
1085	2414	74500
1302	2581	74500
724	2040	74500
1578	2738	74600
857	2499	74700
456	2842	74800
1765	2394	74800
1627	2888	74800
21	2769	74800
1534	2634	74900
120	2135	75000
452	2299	75100
312	2837	75200
1392	2693	75200
709	2962	75500
1435	2154	75600
1316	2650	76200
1183	2450	76200
1179	2968	76300
417	2393	76400
1612	2642	76500
1244	2714	76600
655	2020	76600
1156	2070	76900
1626	2297	77000
1380	2604	77300
1896	2914	77400
338	2952	77600
1409	2160	77600
1236	2494	77700
372	2815	77900
1419	2764	78000
124	2729	78100
1688	2853	78100
978	2960	78300
1840	2084	78500
1237	2686	78500
94	2481	78600
621	2288	78700
1642	2261	78700
116	2183	78900
782	2169	78900
773	2812	78900
580	2337	78900
725	2095	78900
861	2982	79000
971	2943	79000
1078	2855	79100
31	2475	79100
215	2137	79200
1894	2994	79200
1120	2573	79700
744	2888	79800
408	2050	79900
36	2523	79900
933	2376	79900
1432	2191	80000
218	2677	80100
963	2044	80300
276	2267	80300
864	2327	80300
950	2304	80300
11	2806	80500
929	2232	80600
252	2616	80700
1125	2401	80700
1793	2624	80900
1571	2008	81000
1988	2821	81000
710	2512	81100
1476	2630	81100
1995	2458	81200
133	2744	81200
698	2496	81200
1519	2848	81700
1536	2607	81800
1450	2868	81800
460	2715	81900
654	2105	82100
1436	2410	82200
1422	2309	82200
469	2272	82300
590	2042	82600
1117	2041	82700
1473	2694	82800
587	2165	82900
60	2396	83000
1719	2626	83100
1860	2088	83100
1992	2040	83200
1367	2519	83300
388	2139	83300
1584	2874	83400
1891	2189	83400
177	2513	83500
1623	2179	83600
969	2064	83600
102	2358	83700
307	2590	83900
1700	2785	84100
731	2606	84200
839	2888	84300
1424	2815	84300
1225	2559	84400
813	2855	84500
415	2484	84600
1487	2316	85000
576	2172	85000
306	2847	85200
1670	2921	85800
1518	2200	85900
1913	2644	86000
1158	2037	86100
708	2903	86100
1350	2481	86100
57	2771	86200
1182	2828	86400
1227	2716	86500
87	2000	86500
1865	2300	86500
1941	2660	86500
1130	2672	86700
193	2570	86800
730	2113	86800
791	2240	87100
1281	2073	87200
790	2825	87200
1575	2320	87200
457	2690	87300
1511	2487	87400
989	2890	87400
1518	2482	87700
70	2021	87700
89	2349	87900
518	2219	88000
1106	2596	88000
1723	2292	88100
1552	2781	88100
262	2668	88200
1870	2797	88200
1001	2280	88400
128	2343	88600
1324	2105	88600
1395	2207	88700
47	2589	89000
1442	2594	89400
1634	2396	89400
498	2709	89700
1152	2993	90100
586	2541	90200
792	2183	90400
196	2455	90500
862	2640	90800
287	2051	90800
1698	2745	90900
1770	2928	91000
886	2247	91000
991	2366	91000
1400	2191	91100
575	2614	91200
754	2086	91400
109	2265	91600
1690	2160	91700
309	2684	91700
1962	2969	92100
641	2043	92200
1888	2962	92600
885	2752	92600
168	2246	92700
97	2766	92800
1018	2416	93000
1964	2850	93000
175	2200	93000
435	2505	93000
1889	2403	93000
1156	2571	93000
755	2692	93100
669	2904	93200
1062	2116	93500
1431	2414	93500
1912	2081	93700
1816	2095	93900
1734	2068	94000
946	2954	94400
780	2968	94400
1916	2415	94500
305	2497	94500
248	2739	94500
1049	2255	94700
1003	2872	95000
531	2306	95100
1418	2943	95200
292	2019	95200
131	2314	95600
191	2201	95600
876	2825	95800
1680	2872	95800
805	2643	96000
990	2588	96100
1588	2671	96400
1637	2849	96500
1542	2404	96700
237	2996	96700
158	2342	96800
75	2623	97000
783	2911	97100
1263	2793	97300
1930	2607	97500
1612	2515	97800
39	2974	97900
54	2861	98000
1624	2316	98400
1049	2760	98800
1893	2620	98800
1716	2595	98800
812	2182	98900
424	2166	99000
125	2942	99300
1709	2329	99400
276	2881	99700
891	2553	99800
695	2239	99900
917	2223	100100
1492	2175	100300
393	2595	100600
1415	2756	101000
1061	2589	101000
1551	2244	101200
1009	2328	101200
10	2176	101500
7	2982	101500
1795	2732	101600
799	2182	101700
1983	2933	101700
1275	2760	101800
280	2526	101900
816	2854	102000
352	2345	102100
1999	2570	102500
1170	2406	102800
1904	2563	102800
1334	2712	103000
443	2270	103200
1806	2253	103200
405	2266	103300
1102	2730	103400
1412	2117	103600
1957	2508	103800
487	2154	103900
1163	2325	104600
751	2141	104700
732	2661	104800
1482	2337	105100
1485	2116	105400
240	2712	105600
1872	2839	105600
169	2219	105900
181	2439	106000
515	2317	106100
1080	2441	106200
1735	2351	106400
493	2183	107100
454	2727	107200
9	2900	107300
1481	2218	107500
930	2724	107600
1928	2929	107800
278	2911	107800
121	2395	108000
1778	2062	108100
182	2247	108300
973	2555	108900
1581	2578	109000
768	2266	109000
981	2939	109300
1694	2590	109300
585	2284	109400
669	2161	109600
485	2643	109700
898	2406	110100
1147	2952	110300
885	2174	110900
1591	2022	111000
1176	2988	111100
798	2596	111200
256	2724	111600
1893	2659	112200
1489	2556	112200
1374	2596	112200
1340	2698	112200
483	2246	112400
522	2209	112400
1497	2752	112800
1467	2099	113100
268	2662	113400
49	2611	114000
1703	2683	114200
358	2221	114300
1653	2043	114400
1451	2394	114600
293	2701	114700
884	2017	114900
47	2106	115000
1681	2802	115200
688	2433	115400
1674	2556	115400
1541	2505	115400
1901	2563	115600
819	2969	115600
1550	2501	115600
592	2269	115600
52	2031	116000
1269	2345	116100
439	2737	116300
360	2351	116600
1697	2493	116800
597	2671	116800
1496	2117	116800
1301	2272	117100
361	2758	117100
923	2842	117400
191	2133	118000
1294	2894	118100
742	2087	118100
121	2387	118100
1684	2133	118300
1072	2223	118400
1286	2220	118600
27	2212	119000
1191	2609	119100
602	2955	119400
1912	2592	119700
1066	2526	120200
245	2257	120300
385	2493	120300
192	2966	121000
1660	2187	121100
218	2499	121300
1359	2313	121400
1133	2370	121700
1594	2701	122100
1846	2767	122200
910	2537	122300
1609	2894	122600
843	2877	122800
1268	2188	123000
1308	2915	123400
1926	2831	123700
1949	2627	124100
1144	2585	124300
662	2368	124500
1999	2410	124600
795	2939	125100
799	2759	125200
1933	2600	126100
1363	2435	126200
706	2017	126300
618	2464	126400
1903	2075	126400
681	2258	127200
95	2075	127400
1498	2864	127500
319	2711	127700
472	2469	127800
1123	2648	127800
1326	2864	127800
281	2794	128100
1914	2996	128100
272	2869	128400
1527	2394	128400
1646	2576	128600
1097	2511	128700
1069	2992	129000
1807	2244	129200
1557	2192	129300
105	2632	129300
1512	2769	129400
1961	2910	129400
1154	2251	129900
6	2509	129900
649	2580	130000
1936	2919	130100
1691	2997	130300
1057	2585	130300
1881	2101	131200
1948	2192	131400
1583	2087	131500
147	2849	131700
979	2589	131900
1575	2081	131900
601	2465	132000
1548	2906	132100
201	2706	132700
1109	2949	132800
365	2912	133000
1333	2202	133400
423	2061	133900
1503	2138	134200
535	2155	134400
1563	2814	134500
59	2174	134500
1673	2638	134900
1278	2293	135000
760	2564	135000
332	2311	135400
699	2128	135500
405	2156	136300
387	2537	136300
1027	2076	136300
893	2072	136500
357	2210	137200
1083	2607	137200
1602	2387	137200
455	2369	137600
1178	2192	137800
1361	2430	138000
640	2999	138000
473	2491	138400
315	2275	138700
802	2579	138800
160	2580	138900
291	2441	139800
767	2905	139900
1585	2113	140000
886	2071	140400
1533	2498	141600
1533	2784	141700
924	2248	142400
232	2074	142900
1151	2654	143400
297	2238	144400
255	2879	144500
1342	2136	144500
392	2262	145100
156	2078	145200
1461	2690	145400
636	2237	145500
235	2375	145700
1457	2099	145800
223	2535	145900
208	2313	146700
935	2234	146900
1681	2572	147200
1714	2927	147400
1595	2866	147400
2	2025	147500
653	2899	147700
676	2247	148300
704	2309	148600
188	2992	149500
811	2025	149600
226	2677	151100
858	2415	151600
113	2825	152100
937	2930	152200
1042	2412	153200
1539	2910	153800
1056	2611	154400
1785	2877	154500
567	2369	155000
445	2367	155300
588	2305	155500
670	2606	155700
253	2186	155900
1293	2852	155900
1594	2421	156400
994	2746	156900
1562	2227	157400
960	2109	157800
1287	2789	158000
131	2652	158400
1779	2830	158700
78	2921	159400
1034	2927	160600
1608	2229	162000
1695	2579	162300
609	2751	162400
1821	2138	162500
295	2540	163000
700	2951	163400
1080	2941	163500
1653	2020	163500
1377	2321	163900
1613	2048	164000
511	2415	164100
411	2800	164400
1601	2774	164900
810	2919	165800
1662	2711	166100
1490	2172	167900
1838	2921	167900
440	2557	168100
1809	2917	168300
429	2209	168600
1395	2691	169300
1401	2361	169600
975	2667	171300
1861	2417	171600
74	2165	172100
1359	2672	172400
1659	2973	172700
1217	2843	172800
605	2540	172900
417	2128	174100
526	2134	175800
1403	2822	177000
453	2756	177600
1898	2531	177700
1711	2915	177900
852	2909	178000
186	2287	178100
1311	2178	178300
68	2817	179200
860	2672	179700
1639	2187	179800
223	2988	180100
1919	2523	180400
1108	2917	182400
837	2580	182700
321	2663	183400
1459	2937	183500
175	2027	184200
1873	2237	185800
768	2181	188400
1157	2643	188400
796	2803	189000
1661	2860	189600
923	2465	190700
611	2418	192100
212	2509	192300
1486	2537	193600
1955	2228	195000
1345	2343	195000
583	2384	195000
1755	2498	196700
824	2290	196900
918	2290	197400
17	2773	198600
857	2677	199500
1019	2104	201000
1844	2156	201300
1647	2290	202800
1863	2201	203000
1887	2811	203600
1935	2776	203800
1043	2578	204700
1226	2975	204800
593	2544	205100
1671	2597	206600
1427	2835	207300
737	2718	207800
1248	2299	208000
217	2813	208100
1034	2519	208500
150	2110	208500
1516	2476	209200
138	2007	209200
1356	2484	211600
860	2476	211800
1565	2014	212800
1076	2535	213700
84	2842	213900
883	2631	214400
1052	2766	214900
474	2996	216200
1467	2067	216700
1684	2443	217200
869	2266	219100
1196	2997	219200
672	2930	219300
1127	2132	219300
770	2683	221600
1388	2467	222500
973	2917	223300
1448	2188	223300
1028	2531	224300
183	2476	226400
1285	2389	228100
1045	2937	228900
522	2776	229200
852	2937	229500
964	2537	234300
1010	2402	234400
189	2836	234500
1754	2871	234500
324	2615	235100
1890	2866	237400
1233	2999	237800
1776	2408	238700
834	2186	243700
882	2263	245900
1849	2781	246500
1031	2389	246900
615	2663	247100
1361	2813	247300
1875	2079	248100
1245	2835	248900
1249	2345	251300
850	2793	252900
1528	2933	254700
1216	2832	256600
925	2139	257300
816	2690	260900
939	2498	264800
1388	2770	266400
1461	2535	266400
1368	2431	268500
717	2289	268900
584	2602	269600
1222	2413	269600
1192	2644	271400
1812	2275	271700
1061	2421	272200
1813	2801	275800
623	2491	277800
1856	2544	278300
1086	2505	278400
282	2638	279000
284	2938	279300
1928	2364	279600
1899	2362	279900
817	2210	280500
1444	2146	283800
173	2048	284300
1614	2938	285200
433	2709	285800
1801	2543	287000
54	2470	287700
596	2785	289600
812	2759	291300
769	2778	293100
1755	2910	293900
1075	2187	294500
1911	2529	294600
918	2102	295500
1073	2113	297900
179	2253	298700
1981	2251	300300
66	2210	304300
143	2784	306900
1019	2186	307200
939	2443	310200
211	2565	310800
1981	2270	314400
1537	2601	315700
34	2081	316500
368	2595	316500
1812	2411	316600
1154	2270	317900
1329	2752	319800
1966	2543	321000
890	2811	321200
1064	2595	322200
261	2981	324000
297	2047	325500
222	2466	326200
1203	2767	328000
1081	2168	329400
1220	2289	332200
1829	2368	332200
932	2938	333400
376	2803	333700
282	2781	334200
968	2217	335500
1652	2293	340200
1284	2676	341000
1920	2860	341300
1780	2787	343100
1262	2930	345700
19	2032	346300
263	2222	348200
362	2772	351000
957	2517	353600
110	2768	356100
1331	2976	356700
1547	2126	357500
317	2206	357700
1443	2356	361000
200	2206	363300
807	2803	365300
684	2125	366300
1135	2343	367900
640	2778	370200
1114	2882	370300
568	2202	379700
1710	2854	381700
1439	2341	382000
957	2854	383300
1737	2909	386100
888	2377	386300
