389	2535	200
1354	2338	200
447	2593	200
434	2696	200
1249	2326	200
761	2497	200
1300	2871	200
1066	2335	200
558	2782	200
319	2512	200
18	2986	200
725	2719	200
793	2010	200
656	2067	200
1433	2944	300
903	2336	300
1861	2578	300
1417	2930	300
1142	2204	300
618	2098	300
853	2670	300
1365	2301	300
1190	2223	300
1834	2458	300
1195	2332	300
855	2895	300
780	2630	300
427	2031	300
509	2157	300
1515	2130	300
163	2298	300
1795	2191	400
995	2173	400
1511	2236	400
1201	2492	400
483	2524	400
107	2803	400
1456	2257	400
768	2213	400
1902	2783	400
1013	2326	400
466	2186	400
1645	2281	400
144	2896	400
1410	2245	400
1774	2388	500
765	2037	500
727	2816	500
233	2312	500
408	2354	500
419	2174	500
31	2910	500
134	2165	500
741	2969	500
542	2438	500
900	2775	500
591	2355	500
1974	2025	500
572	2672	600
1062	2047	600
1225	2553	600
227	2072	600
707	2723	600
1129	2677	600
1923	2827	600
803	2349	600
929	2234	600
519	2050	600
210	2506	600
257	2754	600
1390	2468	600
1936	2949	600
1947	2410	600
1731	2946	600
1632	2141	600
925	2530	600
1315	2449	600
1421	2768	600
1423	2819	600
1686	2641	600
1903	2300	600
1715	2359	600
432	2873	600
3	2014	600
984	2284	600
1027	2015	700
220	2464	700
1626	2663	700
245	2882	700
1454	2611	700
736	2517	700
1584	2701	700
1371	2752	700
117	2446	700
604	2810	700
1879	2635	700
1026	2323	700
149	2114	700
435	2839	700
1530	2889	700
822	2502	700
1085	2391	700
705	2850	800
1490	2794	800
1425	2862	800
1825	2147	800
1006	2184	800
74	2486	800
1613	2907	800
454	2339	800
1241	2190	800
461	2955	800
1765	2911	800
504	2122	800
1736	2737	800
951	2549	800
370	2681	800
1204	2071	800
1734	2191	900
1367	2602	900
362	2468	900
1608	2372	900
174	2746	900
969	2225	900
1154	2806	900
248	2087	900
1906	2297	900
115	2249	1000
1790	2897	1000
1250	2317	1000
343	2988	1000
1948	2825	1000
1301	2055	1000
289	2814	1000
374	2854	1000
799	2759	1000
198	2919	1000
1794	2427	1000
1486	2327	1000
955	2828	1000
62	2968	1000
573	2577	1000
416	2545	1100
1285	2998	1100
1284	2818	1100
1167	2827	1100
1390	2714	1100
252	2945	1100
449	2383	1100
1704	2751	1100
1616	2190	1100
17	2337	1100
143	2642	1100
819	2184	1100
1473	2177	1100
700	2588	1100
166	2966	1100
405	2270	1100
76	2458	1100
1528	2840	1100
308	2671	1100
399	2452	1100
1369	2698	1100
1883	2315	1100
180	2550	1100
1296	2071	1100
697	2545	1200
547	2613	1200
207	2872	1200
1102	2875	1200
54	2621	1200
1436	2044	1200
1643	2992	1200
1346	2800	1200
739	2448	1200
467	2233	1200
1935	2275	1200
1152	2642	1200
514	2143	1200
551	2501	1200
986	2546	1200
905	2845	1200
847	2018	1200
1081	2137	1300
1938	2967	1300
1164	2432	1300
1090	2050	1300
449	2042	1300
664	2865	1300
305	2578	1300
1766	2242	1300
375	2668	1300
709	2874	1300
1555	2846	1300
173	2382	1300
1966	2028	1300
788	2634	1300
109	2253	1300
989	2528	1300
747	2711	1400
756	2288	1400
1921	2465	1400
1596	2004	1400
809	2853	1400
433	2182	1400
64	2784	1400
862	2002	1400
1328	2899	1400
130	2876	1400
1994	2344	1400
1334	2135	1400
1663	2994	1400
11	2843	1400
507	2353	1400
1661	2218	1400
200	2683	1500
1107	2928	1500
346	2203	1500
1083	2213	1500
711	2335	1500
392	2326	1500
723	2741	1500
580	2520	1500
1877	2869	1500
1499	2314	1500
21	2790	1500
1239	2600	1500
331	2905	1500
361	2940	1500
1273	2978	1500
1157	2778	1500
6	2499	1500
1513	2297	1600
1091	2054	1600
238	2070	1600
1354	2620	1600
1881	2751	1600
897	2694	1600
848	2633	1600
874	2953	1600
379	2444	1600
1021	2588	1600
31	2589	1600
763	2543	1600
1424	2132	1600
732	2820	1600
851	2822	1600
23	2290	1600
1932	2346	1600
1865	2456	1600
251	2657	1600
881	2014	1600
769	2825	1700
1998	2350	1700
55	2835	1700
540	2442	1700
1607	2287	1700
619	2091	1700
429	2394	1700
1437	2563	1700
325	2022	1700
1045	2632	1700
1605	2549	1700
1392	2510	1700
521	2008	1700
220	2360	1700
344	2365	1700
1228	2990	1700
436	2677	1700
1762	2264	1800
1838	2603	1800
553	2069	1800
942	2476	1800
1261	2248	1800
1577	2817	1800
1623	2310	1800
197	2808	1800
856	2079	1800
175	2504	1800
82	2403	1800
538	2971	1900
647	2376	1900
349	2035	1900
142	2378	1900
862	2713	1900
1896	2169	1900
719	2782	1900
386	2024	1900
566	2815	1900
1172	2896	1900
476	2813	1900
666	2344	1900
1125	2654	1900
1655	2537	1900
1821	2781	1900
1893	2852	1900
102	2358	1900
539	2760	2000
263	2267	2000
1415	2913	2000
1276	2700	2000
963	2410	2000
1556	2217	2000
948	2942	2000
466	2270	2000
1575	2937	2000
1680	2601	2000
1786	2546	2000
789	2237	2000
1684	2067	2000
641	2023	2000
1743	2550	2000
1033	2015	2100
1192	2176	2100
1955	2098	2100
215	2050	2100
717	2084	2100
625	2183	2100
390	2172	2100
424	2024	2100
890	2884	2100
1669	2681	2100
1051	2079	2100
337	2671	2100
441	2721	2100
1523	2954	2200
102	2208	2200
1254	2234	2200
885	2307	2200
299	2946	2200
99	2219	2200
1351	2415	2200
1622	2596	2200
461	2156	2200
579	2121	2200
1123	2852	2200
517	2806	2200
1078	2279	2200
145	2695	2200
574	2693	2200
290	2769	2200
950	2605	2200
194	2057	2300
1828	2263	2300
869	2729	2300
1332	2083	2300
598	2514	2300
1381	2648	2300
1918	2482	2300
659	2322	2300
517	2880	2300
871	2255	2300
1621	2964	2300
1413	2469	2400
452	2998	2400
721	2144	2400
128	2003	2400
93	2012	2400
1211	2420	2400
897	2748	2400
1483	2914	2400
1985	2187	2400
923	2632	2400
1348	2327	2400
1526	2597	2400
1432	2592	2400
1546	2599	2400
512	2318	2500
280	2311	2500
699	2175	2500
1999	2579	2500
497	2762	2500
418	2914	2500
1381	2811	2500
1985	2513	2500
1989	2036	2500
882	2283	2500
444	2145	2500
510	2562	2500
8	2407	2500
502	2779	2500
1431	2116	2500
868	2430	2500
1504	2925	2500
867	2054	2600
1926	2288	2600
1878	2862	2600
702	2239	2600
1378	2492	2600
1785	2419	2600
1799	2574	2600
1300	2591	2600
555	2749	2600
1389	2405	2600
1539	2589	2600
559	2899	2600
1663	2630	2600
526	2866	2600
1427	2940	2600
939	2779	2600
1505	2837	2600
1653	2228	2600
638	2793	2700
516	2620	2700
1224	2525	2700
827	2540	2700
800	2262	2700
134	2932	2700
420	2387	2700
1339	2632	2700
162	2130	2700
1937	2149	2700
539	2637	2800
1774	2259	2800
1676	2793	2800
774	2432	2800
1649	2044	2800
301	2060	2800
424	2394	2800
1226	2009	2800
1318	2052	2900
899	2766	2900
51	2902	2900
1905	2445	2900
682	2629	2900
330	2560	2900
1769	2861	2900
247	2424	2900
684	2823	2900
808	2323	2900
926	2665	2900
1857	2975	2900
1565	2256	2900
407	2076	2900
1835	2385	2900
207	2247	3000
1056	2246	3000
1854	2887	3000
1597	2159	3000
636	2645	3000
1386	2800	3000
1158	2470	3000
1662	2219	3000
1226	2729	3000
1199	2275	3000
1306	2596	3000
254	2081	3000
75	2193	3000
1098	2265	3000
20	2076	3000
893	2925	3000
546	2883	3000
1383	2499	3000
614	2873	3100
1768	2295	3100
1442	2565	3100
462	2745	3100
941	2267	3100
1936	2198	3100
1748	2992	3100
1556	2205	3100
1060	2624	3100
956	2172	3100
568	2231	3100
1894	2474	3100
1398	2758	3100
872	2932	3100
1898	2411	3100
1819	2923	3100
918	2726	3100
1111	2276	3100
599	2003	3200
1842	2703	3200
1449	2367	3200
744	2548	3200
468	2237	3200
1109	2047	3300
640	2602	3300
790	2155	3300
157	2743	3300
894	2365	3300
1496	2781	3300
544	2771	3300
72	2705	3300
176	2360	3300
243	2757	3400
1214	2529	3400
153	2060	3400
132	2752	3400
1131	2361	3400
1792	2428	3400
488	2441	3400
474	2405	3400
397	2413	3400
1587	2955	3400
579	2525	3400
1084	2458	3400
288	2395	3400
1586	2103	3400
1644	2879	3500
520	2711	3500
787	2762	3500
1501	2343	3500
433	2033	3500
1479	2174	3500
33	2720	3500
681	2474	3500
998	2413	3500
121	2638	3500
465	2237	3500
333	2438	3500
1388	2677	3600
599	2179	3600
462	2612	3600
846	2214	3600
1211	2349	3600
1325	2564	3600
1038	2038	3600
1131	2266	3600
1007	2812	3600
1922	2715	3600
395	2692	3600
1670	2327	3600
1205	2773	3600
612	2133	3600
639	2938	3600
217	2767	3600
707	2479	3700
1880	2850	3700
1829	2988	3700
97	2803	3700
1196	2810	3700
576	2817	3700
244	2799	3700
503	2724	3700
986	2403	3700
722	2395	3700
1837	2815	3700
1231	2597	3700
1865	2726	3700
1589	2786	3700
670	2296	3700
1838	2078	3800
774	2636	3800
97	2535	3800
347	2850	3800
1751	2354	3800
1704	2507	3800
954	2283	3800
1448	2186	3800
1928	2102	3800
548	2197	3800
1323	2130	3800
399	2568	3800
1778	2290	3800
1778	2117	3800
585	2689	3800
1391	2890	3800
242	2873	3900
1207	2334	3900
208	2564	3900
1982	2560	3900
1563	2770	3900
746	2587	3900
1372	2733	3900
0	2279	3900
1240	2695	3900
1583	2363	3900
1683	2774	3900
1388	2006	4000
126	2565	4000
430	2988	4000
1270	2571	4000
1450	2519	4000
1453	2853	4000
555	2085	4000
1822	2616	4000
1631	2953	4000
45	2692	4000
111	2282	4000
1866	2299	4000
603	2087	4000
1355	2638	4000
493	2867	4100
1310	2963	4100
615	2481	4100
1772	2077	4100
128	2816	4100
1820	2216	4100
257	2561	4100
1087	2167	4100
1163	2989	4100
1610	2319	4100
1007	2673	4100
1114	2289	4100
1893	2017	4100
124	2018	4100
965	2061	4100
922	2016	4200
204	2376	4200
1229	2235	4200
589	2481	4200
1132	2700	4200
1470	2131	4200
747	2420	4200
719	2027	4200
692	2283	4200
1493	2233	4200
165	2095	4200
1467	2369	4200
742	2728	4200
1567	2088	4200
25	2636	4200
1049	2614	4300
364	2931	4300
745	2580	4300
495	2952	4300
1169	2091	4300
518	2696	4300
363	2783	4300
879	2844	4300
834	2268	4300
1186	2275	4300
486	2625	4300
1279	2993	4300
219	2250	4300
840	2124	4400
1626	2526	4400
200	2375	4400
1921	2612	4400
1834	2180	4400
1174	2013	4400
789	2860	4400
1690	2493	4500
1944	2517	4500
807	2835	4500
477	2062	4500
1691	2710	4500
1271	2768	4500
177	2053	4500
1277	2682	4500
94	2534	4500
203	2855	4500
1494	2536	4600
1716	2336	4600
621	2882	4600
383	2024	4600
784	2212	4600
1673	2402	4600
358	2459	4600
125	2456	4600
1322	2549	4600
1597	2229	4700
1986	2287	4700
1803	2808	4700
389	2317	4800
1299	2756	4800
898	2478	4800
1	2000	4800
1804	2863	4800
426	2396	4800
885	2105	4800
1688	2367	4800
1614	2779	4800
1518	2101	4800
1823	2597	4800
577	2890	4800
1343	2531	4800
1729	2277	4900
991	2731	4900
994	2478	4900
1313	2881	4900
1042	2160	4900
1763	2331	4900
550	2232	5000
119	2175	5000
135	2801	5000
1347	2064	5000
1540	2193	5000
776	2509	5000
1526	2903	5000
1749	2443	5000
1925	2340	5000
453	2689	5000
1832	2618	5100
532	2802	5100
892	2433	5100
536	2080	5100
1584	2084	5100
431	2211	5100
1032	2571	5100
1801	2997	5100
1746	2934	5100
691	2697	5100
1289	2547	5100
320	2605	5100
326	2356	5200
1840	2541	5200
652	2740	5200
1366	2606	5200
1336	2163	5200
1855	2987	5200
981	2804	5200
844	2942	5200
753	2664	5200
1833	2866	5200
1519	2466	5200
633	2391	5200
1018	2416	5300
1275	2360	5300
600	2388	5300
1067	2164	5300
1314	2216	5300
347	2453	5300
1739	2141	5300
1063	2220	5300
1618	2146	5300
1153	2436	5300
1242	2384	5300
1564	2462	5400
1861	2356	5400
1324	2215	5400
16	2516	5400
1540	2820	5400
668	2056	5400
1485	2342	5500
1926	2330	5500
920	2742	5500
801	2451	5500
870	2424	5500
1106	2442	5500
1714	2472	5500
236	2489	5500
479	2013	5500
379	2292	5500
1402	2583	5500
1755	2348	5500
1179	2308	5600
1795	2944	5600
261	2613	5600
1943	2576	5600
1968	2007	5600
156	2066	5600
113	2033	5600
1509	2448	5600
1394	2694	5600
428	2427	5600
711	2709	5600
1089	2275	5600
485	2993	5600
1843	2058	5700
1506	2232	5700
67	2235	5700
524	2742	5700
327	2303	5700
1811	2974	5700
1444	2461	5700
1819	2739	5700
919	2528	5700
365	2227	5800
1632	2722	5800
447	2704	5800
14	2181	5800
1882	2282	5800
1202	2107	5800
468	2813	5800
211	2599	5800
29	2089	5900
328	2807	5900
1924	2196	5900
1998	2732	5900
362	2714	5900
205	2580	5900
236	2230	5900
70	2021	5900
531	2521	5900
27	2634	5900
978	2805	5900
147	2876	5900
1500	2130	5900
918	2067	5900
1974	2649	5900
1280	2964	5900
762	2128	6000
689	2935	6000
30	2830	6000
1875	2161	6000
37	2439	6000
284	2369	6000
240	2402	6000
1096	2666	6000
306	2118	6000
1726	2772	6100
1490	2192	6100
1742	2167	6100
1341	2665	6100
530	2184	6100
1753	2258	6100
1465	2623	6100
504	2527	6100
1758	2960	6100
1800	2546	6100
849	2793	6200
1405	2352	6200
627	2541	6200
491	2519	6200
39	2787	6200
319	2590	6200
932	2877	6200
1914	2026	6200
1342	2715	6200
919	2584	6200
1003	2276	6300
1374	2979	6300
1944	2379	6300
464	2318	6300
1744	2690	6300
672	2573	6300
1108	2881	6300
272	2972	6300
666	2625	6300
61	2843	6300
24	2164	6400
649	2080	6400
1263	2505	6400
643	2535	6400
1196	2480	6400
1258	2972	6400
770	2456	6400
1628	2780	6400
25	2691	6400
852	2984	6400
1827	2469	6500
1104	2817	6500
499	2752	6500
160	2351	6500
1097	2378	6500
1208	2617	6500
1752	2551	6500
607	2056	6500
1889	2608	6500
1000	2849	6500
1831	2306	6500
854	2426	6600
416	2263	6600
1403	2614	6600
985	2316	6600
1802	2139	6600
186	2812	6600
13	2914	6600
1631	2063	6600
1883	2046	6600
944	2293	6600
1978	2025	6600
1312	2890	6600
409	2170	6700
281	2164	6700
1647	2222	6700
234	2111	6700
100	2178	6700
1531	2068	6700
993	2446	6700
562	2177	6700
1939	2788	6700
833	2149	6700
446	2738	6800
946	2912	6800
1682	2349	6800
1267	2125	6800
1475	2097	6800
1514	2143	6800
617	2665	6800
455	2482	6800
1931	2082	6800
1248	2585	6800
1275	2464	6800
464	2894	6900
172	2243	6900
953	2695	6900
336	2101	6900
267	2023	6900
901	2406	7000
1016	2446	7000
1510	2243	7000
278	2483	7000
1755	2280	7000
1282	2468	7100
1590	2279	7100
657	2363	7100
773	2685	7100
1048	2912	7200
233	2505	7200
1970	2535	7200
1732	2926	7200
1808	2231	7200
1321	2140	7200
629	2703	7200
1057	2436	7200
1217	2075	7200
914	2980	7200
486	2344	7200
152	2475	7200
404	2789	7200
1181	2649	7300
1579	2003	7300
1244	2912	7300
380	2686	7300
928	2423	7300
420	2937	7300
96	2265	7300
783	2384	7300
1256	2353	7300
1747	2457	7300
1110	2416	7400
1711	2909	7400
1598	2152	7400
1976	2700	7400
1158	2679	7400
150	2001	7400
1728	2652	7400
780	2765	7400
1971	2656	7500
1478	2621	7500
391	2563	7500
346	2012	7500
1232	2932	7500
1934	2551	7500
1057	2510	7500
1992	2019	7500
158	2108	7600
1693	2417	7600
1917	2134	7600
1771	2171	7600
1761	2823	7600
1577	2106	7600
611	2523	7600
1146	2539	7600
273	2934	7600
815	2839	7600
456	2059	7600
1667	2849	7600
701	2948	7700
1872	2918	7700
1940	2732	7700
1074	2927	7700
921	2711	7700
1311	2810	7700
64	2092	7700
6	2502	7700
1809	2173	7700
669	2448	7800
448	2440	7800
649	2930	7800
373	2594	7800
924	2648	7800
1719	2523	7800
1430	2436	7800
1538	2363	7800
978	2197	7800
53	2790	7800
1404	2547	7800
1638	2390	7800
1052	2196	7900
1227	2887	7900
483	2034	7900
394	2431	7900
739	2573	7900
408	2830	7900
1038	2470	7900
1618	2328	7900
298	2197	7900
1553	2880	7900
1655	2210	7900
1412	2300	7900
592	2849	7900
1298	2170	8000
106	2985	8000
1373	2254	8000
522	2354	8000
1324	2733	8000
1981	2193	8000
354	2716	8100
803	2420	8100
487	2165	8100
869	2467	8100
42	2368	8100
282	2623	8100
961	2521	8100
35	2925	8100
584	2742	8200
1047	2261	8200
1788	2927	8200
63	2651	8200
1668	2747	8200
1983	2917	8200
1529	2768	8200
940	2661	8200
1994	2548	8200
240	2363	8200
1357	2921	8200
141	2381	8200
624	2386	8200
1052	2864	8300
126	2481	8300
413	2016	8300
454	2646	8300
19	2958	8300
288	2666	8300
1874	2857	8300
83	2891	8300
435	2820	8300
49	2990	8300
463	2494	8400
887	2373	8400
1161	2563	8400
557	2831	8400
1514	2121	8400
260	2491	8400
1913	2324	8400
10	2827	8500
1433	2071	8500
1068	2566	8500
1135	2928	8500
469	2423	8500
786	2195	8500
936	2252	8500
1928	2064	8500
1074	2935	8600
863	2494	8600
1726	2522	8600
63	2674	8600
1054	2795	8600
138	2692	8600
1910	2398	8600
1309	2671	8600
1895	2650	8600
571	2920	8600
1356	2492	8700
1302	2913	8700
199	2357	8700
570	2907	8700
845	2446	8700
1737	2339	8700
1891	2282	8700
829	2721	8700
668	2455	8700
767	2208	8700
823	2991	8700
2	2232	8800
1458	2249	8800
1184	2131	8800
1025	2646	8800
310	2502	8800
854	2409	8900
1299	2357	8900
1791	2449	8900
1741	2210	8900
1530	2315	8900
1457	2071	8900
218	2559	9000
285	2526	9000
247	2770	9000
1121	2243	9000
653	2335	9000
1767	2187	9000
131	2520	9000
1218	2604	9100
1830	2453	9100
1650	2863	9100
1269	2744	9100
1451	2949	9100
1255	2252	9100
1463	2958	9100
1326	2104	9100
241	2654	9100
1703	2094	9200
684	2134	9200
828	2709	9200
1756	2142	9200
1420	2932	9200
443	2936	9200
1251	2903	9200
620	2639	9200
1725	2391	9200
354	2672	9300
1586	2450	9300
221	2093	9300
922	2278	9300
484	2123	9300
1562	2835	9300
36	2901	9300
1920	2105	9300
1259	2289	9300
1630	2005	9300
720	2697	9300
324	2101	9300
1907	2370	9400
560	2981	9400
1527	2955	9400
135	2449	9400
221	2226	9500
1679	2329	9500
817	2029	9500
573	2250	9500
1002	2688	9600
1213	2313	9600
545	2965	9600
828	2628	9600
1539	2910	9600
1220	2024	9600
1657	2434	9600
678	2684	9600
336	2056	9600
1147	2938	9600
1648	2293	9600
1937	2073	9600
73	2595	9700
748	2669	9700
671	2343	9700
1942	2629	9700
1560	2319	9700
1188	2258	9700
27	2109	9700
1630	2681	9700
313	2586	9700
1059	2691	9800
264	2701	9800
821	2927	9800
1291	2680	9800
91	2080	9800
1023	2142	9800
1805	2727	9800
1801	2188	9800
1591	2513	9900
1146	2715	9900
179	2531	9900
294	2308	10000
1782	2796	10000
1075	2901	10000
1474	2763	10000
390	2884	10000
307	2702	10000
548	2685	10000
1642	2306	10000
646	2174	10100
764	2165	10100
979	2997	10100
1247	2474	10100
1482	2065	10100
1815	2483	10100
46	2733	10100
324	2237	10100
1603	2518	10100
1481	2391	10100
1788	2044	10200
1133	2305	10200
1824	2980	10200
1331	2601	10200
814	2717	10200
104	2298	10300
1581	2979	10300
1776	2658	10300
1317	2982	10300
1594	2869	10300
286	2303	10300
1304	2755	10300
112	2958	10300
471	2104	10300
1625	2333	10300
1602	2414	10300
1960	2269	10300
334	2581	10400
1869	2131	10400
621	2594	10400
1127	2001	10400
1533	2947	10400
421	2805	10400
551	2136	10400
385	2076	10400
884	2771	10400
345	2447	10400
689	2560	10500
1401	2389	10500
1971	2995	10500
1708	2222	10500
422	2803	10500
1166	2666	10500
1349	2458	10500
1709	2122	10500
983	2274	10500
230	2366	10500
1303	2298	10600
1745	2659	10600
1796	2169	10600
1678	2495	10600
1870	2215	10600
1347	2102	10600
1189	2079	10600
23	2839	10600
1457	2789	10600
1487	2137	10700
1671	2807	10700
1353	2802	10700
1933	2978	10700
1305	2031	10700
1892	2018	10700
731	2422	10800
726	2672	10800
1241	2520	10800
1521	2509	10800
1763	2457	10800
1387	2201	10800
1165	2018	10800
801	2373	10900
1710	2084	10900
250	2933	10900
439	2857	10900
1996	2961	10900
267	2149	10900
1200	2498	11000
1173	2875	11000
1112	2352	11000
153	2125	11000
528	2345	11000
174	2266	11000
1910	2092	11000
1946	2555	11000
663	2439	11000
566	2112	11000
1251	2138	11000
1469	2615	11000
593	2951	11100
807	2564	11100
1802	2718	11100
733	2367	11100
85	2075	11100
224	2438	11100
1414	2779	11100
1000	2274	11100
1852	2434	11200
1797	2981	11300
618	2408	11300
108	2560	11300
882	2898	11300
1463	2166	11300
1673	2065	11300
1722	2072	11300
831	2528	11300
1862	2568	11400
1953	2645	11400
909	2154	11400
782	2856	11400
400	2974	11400
950	2348	11400
241	2781	11400
1436	2836	11500
277	2066	11500
123	2856	11500
523	2428	11500
323	2987	11500
1672	2002	11500
1333	2692	11500
580	2585	11500
967	2320	11500
161	2777	11500
81	2459	11500
765	2417	11600
556	2873	11600
199	2524	11600
1535	2497	11600
168	2269	11600
216	2406	11700
1656	2524	11700
342	2544	11700
1024	2946	11700
287	2953	11700
96	2320	11700
895	2792	11700
1423	2282	11800
368	2218	11900
359	2246	11900
1056	2618	11900
1374	2440	11900
450	2916	11900
1932	2582	11900
1968	2604	12000
843	2154	12000
936	2710	12000
1758	2043	12000
1908	2078	12100
1760	2007	12100
258	2244	12100
378	2776	12100
414	2665	12100
183	2280	12100
900	2717	12100
1030	2518	12200
1946	2256	12200
839	2820	12200
271	2960	12200
314	2867	12300
708	2544	12300
498	2487	12300
761	2470	12300
1443	2460	12300
910	2993	12300
1252	2839	12300
1099	2605	12300
1508	2827	12400
1787	2253	12400
1657	2706	12400
1864	2584	12400
1809	2430	12400
1004	2377	12500
442	2957	12500
1592	2730	12500
713	2607	12500
445	2795	12500
675	2387	12500
826	2575	12500
226	2683	12500
1350	2481	12600
652	2887	12600
216	2404	12600
798	2451	12600
50	2467	12600
1073	2548	12600
635	2618	12700
1938	2902	12700
1053	2594	12700
696	2167	12700
601	2351	12700
1945	2412	12800
996	2853	12800
782	2570	12800
932	2146	12800
1154	2999	12800
686	2788	12800
1296	2789	12800
265	2572	12900
1112	2690	12900
439	2549	12900
1859	2731	13000
541	2476	13000
243	2286	13000
279	2727	13000
318	2911	13000
1810	2924	13000
1309	2088	13000
1147	2609	13000
513	2572	13100
1201	2352	13100
930	2916	13100
70	2441	13100
582	2500	13100
213	2855	13100
1781	2479	13200
211	2944	13200
623	2389	13200
619	2134	13200
985	2846	13200
1145	2382	13200
37	2805	13200
225	2240	13200
952	2057	13200
1118	2014	13200
367	2469	13300
231	2108	13300
727	2247	13300
26	2352	13300
751	2574	13300
1659	2759	13300
1446	2626	13300
1833	2368	13300
712	2318	13400
1694	2199	13400
758	2413	13400
833	2073	13400
436	2006	13400
715	2159	13500
733	2653	13500
1462	2753	13500
1110	2950	13600
1771	2711	13600
1159	2163	13600
1010	2368	13600
1189	2876	13600
443	2143	13600
969	2429	13600
705	2690	13700
264	2257	13700
1674	2370	13700
1143	2402	13700
1153	2510	13700
86	2509	13700
1637	2119	13700
778	2103	13700
311	2126	13800
1454	2364	13800
99	2907	13800
1737	2646	13800
1139	2908	13800
1646	2189	13900
508	2354	13900
412	2758	13900
1018	2622	13900
1570	2161	14000
1845	2233	14000
1764	2021	14000
678	2040	14000
992	2042	14100
626	2091	14100
798	2437	14100
675	2626	14100
139	2847	14100
51	2185	14200
89	2295	14200
1053	2791	14200
171	2893	14200
1037	2660	14200
1735	2854	14200
225	2702	14200
1697	2192	14300
1225	2185	14300
945	2557	14300
642	2627	14300
1159	2489	14300
791	2610	14300
1064	2401	14300
1233	2246	14400
470	2100	14400
1362	2427	14400
910	2114	14400
725	2381	14400
122	2385	14400
1227	2041	14500
534	2364	14500
119	2311	14500
32	2113	14500
1622	2896	14500
700	2028	14500
53	2826	14500
1933	2454	14500
223	2611	14600
1620	2350	14600
205	2679	14600
101	2633	14600
1927	2790	14600
616	2232	14700
1197	2490	14700
332	2656	14700
594	2507	14700
286	2755	14700
1518	2878	14700
1846	2705	14700
58	2641	14700
1647	2498	14800
342	2490	14800
1620	2871	14800
1114	2273	14800
1376	2117	14800
805	2498	14900
1230	2602	14900
1368	2861	14900
1553	2500	14900
1651	2366	14900
311	2453	15000
597	2438	15000
767	2358	15000
1635	2689	15000
987	2052	15100
1542	2725	15100
792	2252	15100
667	2727	15100
254	2567	15100
1044	2996	15100
916	2903	15100
1377	2118	15100
1337	2250	15100
1330	2425	15100
1077	2930	15200
1924	2176	15200
1611	2767	15200
249	2566	15300
1722	2116	15300
750	2020	15300
171	2433	15300
98	2663	15300
338	2930	15300
902	2943	15400
1927	2082	15400
1027	2342	15500
1543	2609	15500
359	2875	15500
92	2341	15500
1619	2889	15500
1580	2331	15500
1562	2909	15600
1860	2742	15600
1719	2627	15600
1151	2661	15600
1977	2079	15600
1775	2735	15700
340	2070	15700
1687	2378	15700
1468	2474	15700
1117	2486	15800
1140	2283	15800
655	2197	15800
977	2631	15900
631	2096	15900
1171	2986	15900
1298	2508	15900
1290	2586	15900
1011	2810	16000
830	2970	16000
284	2285	16000
825	2450	16000
458	2490	16100
1867	2660	16100
1439	2700	16100
1238	2708	16100
1583	2087	16100
1203	2199	16100
583	2993	16100
914	2821	16100
1571	2657	16100
581	2066	16200
1595	2627	16200
1113	2410	16300
529	2199	16300
663	2631	16300
1070	2727	16300
552	2401	16300
1035	2259	16400
285	2572	16400
1674	2392	16400
1133	2080	16400
518	2939	16400
1629	2109	16400
693	2263	16400
980	2833	16400
1780	2325	16500
1198	2221	16500
636	2957	16600
968	2505	16600
938	2495	16600
1822	2712	16600
1724	2888	16600
1523	2750	16600
259	2578	16700
637	2240	16700
972	2799	16700
1925	2528	16700
1059	2045	16800
1429	2761	16900
1666	2334	16900
1593	2818	17000
1125	2294	17000
1519	2076	17000
401	2224	17100
1283	2392	17100
1088	2638	17100
229	2179	17200
1636	2763	17200
872	2708	17200
865	2609	17200
915	2061	17300
1458	2859	17300
1082	2606	17300
438	2941	17300
293	2214	17300
564	2662	17300
1369	2122	17300
945	2222	17400
992	2573	17400
22	2273	17400
1332	2768	17400
756	2565	17500
1664	2915	17500
489	2838	17500
1558	2466	17500
1566	2015	17600
915	2983	17600
1177	2258	17600
1063	2724	17600
864	2639	17600
296	2471	17700
1810	2180	17700
465	2860	17700
881	2485	17700
1699	2688	17800
406	2798	17800
403	2126	17800
514	2826	17800
1700	2622	17800
792	2686	17900
981	2285	17900
1326	2662	17900
1727	2293	17900
1187	2116	17900
1223	2351	18000
1248	2520	18000
1705	2664	18000
358	2374	18000
82	2546	18000
794	2657	18000
997	2129	18000
1419	2430	18000
320	2128	18100
1267	2060	18100
533	2156	18100
1327	2673	18200
876	2351	18200
1464	2795	18200
1101	2917	18200
1413	2734	18300
196	2264	18300
1284	2552	18300
627	2410	18300
1270	2120	18300
1706	2270	18300
191	2443	18300
595	2681	18300
1849	2886	18300
349	2569	18400
1399	2307	18400
802	2976	18400
1963	2124	18500
1183	2148	18500
377	2744	18500
378	2900	18500
1021	2028	18500
1525	2324	18500
704	2908	18500
606	2377	18600
170	2766	18600
519	2992	18600
1115	2776	18600
1456	2495	18600
105	2251	18600
531	2801	18600
16	2969	18600
1729	2867	18700
1072	2209	18700
1050	2036	18700
676	2011	18800
1573	2761	18800
1850	2316	18800
724	2322	18800
1728	2104	18800
1828	2545	18900
1949	2629	18900
1015	2210	18900
1958	2460	18900
1244	2498	19000
1687	2271	19000
1368	2382	19000
157	2784	19000
505	2776	19000
421	2215	19000
283	2985	19000
593	2835	19100
1660	2312	19100
1317	2495	19100
1555	2530	19100
1334	2774	19100
1012	2833	19100
1122	2308	19200
1649	2598	19200
214	2115	19200
664	2904	19300
1247	2032	19300
187	2192	19400
229	2754	19400
1365	2195	19400
1363	2011	19400
479	2380	19500
1222	2684	19500
596	2404	19600
113	2587	19600
1868	2292	19600
934	2260	19600
1080	2509	19600
1665	2039	19700
1215	2660	19700
1765	2955	19700
703	2021	19800
1375	2892	19800
1357	2400	19800
1683	2706	19800
1043	2488	19800
38	2508	19800
1617	2371	19900
165	2543	19900
1180	2084	20000
796	2473	20000
88	2152	20000
1502	2325	20000
272	2747	20000
1061	2921	20000
1311	2752	20100
561	2530	20100
569	2036	20100
797	2887	20200
877	2278	20200
189	2760	20200
1685	2503	20200
1075	2764	20200
1582	2372	20200
628	2083	20200
384	2323	20200
1430	2138	20200
775	2841	20300
1532	2468	20300
1472	2702	20300
217	2828	20300
1204	2538	20400
703	2824	20400
397	2190	20400
325	2501	20400
1805	2676	20600
80	2362	20600
18	2801	20600
1831	2849	20600
824	2608	20600
1603	2659	20600
275	2221	20600
353	2908	20600
196	2716	20700
1297	2012	20700
1660	2606	20700
1793	2685	20700
602	2884	20700
547	2020	20800
787	2207	20800
1134	2000	20800
917	2415	20800
412	2698	20800
1355	2429	20800
1716	2576	20900
748	2334	20900
877	2851	20900
1915	2803	20900
1509	2573	20900
33	2590	20900
1681	2433	21000
296	2239	21000
376	2542	21000
1499	2460	21000
1472	2321	21000
1418	2305	21100
784	2225	21100
406	2128	21200
1193	2211	21200
380	2252	21200
1076	2634	21200
351	2127	21200
1498	2158	21200
472	2506	21300
270	2523	21300
1798	2590	21300
1237	2398	21300
576	2106	21400
578	2596	21400
1237	2281	21400
448	2305	21500
352	2578	21500
471	2540	21500
1219	2019	21500
206	2334	21600
280	2175	21600
1461	2696	21600
825	2353	21600
1643	2050	21700
598	2326	21700
720	2855	21700
198	2268	21800
34	2294	21800
1589	2707	21800
1150	2445	21800
779	2569	21900
543	2070	21900
434	2939	21900
1245	2053	21900
1864	2011	21900
159	2859	22000
1608	2511	22000
786	2163	22000
1988	2064	22000
947	2895	22000
1198	2675	22000
161	2821	22000
606	2286	22100
949	2633	22100
683	2840	22100
1216	2095	22100
749	2133	22100
1806	2059	22100
740	2361	22200
617	2335	22200
1600	2556	22200
392	2749	22200
1701	2587	22300
1445	2530	22300
1001	2596	22300
679	2005	22300
1443	2202	22300
79	2977	22300
1407	2366	22300
1754	2654	22400
278	2019	22400
982	2822	22400
1498	2868	22400
1128	2270	22500
71	2987	22500
1195	2402	22500
1239	2181	22500
893	2290	22500
141	2719	22500
1272	2361	22700
95	2257	22700
602	2211	22700
15	2447	22700
19	2166	22800
73	2929	22900
1235	2062	22900
1693	2037	22900
166	2190	22900
1554	2562	22900
1979	2818	23000
586	2598	23100
446	2207	23200
846	2931	23300
11	2110	23300
1162	2848	23300
1495	2228	23400
728	2496	23400
990	2802	23400
557	2720	23400
1813	2253	23400
1784	2855	23400
634	2295	23500
316	2111	23500
293	2397	23500
1917	2746	23500
628	2805	23500
894	2785	23500
1733	2023	23500
1327	2812	23600
172	2970	23600
137	2686	23600
5	2802	23700
525	2147	23700
470	2764	23700
674	2257	23700
1460	2161	23700
1362	2840	23800
1951	2872	23900
1294	2238	23900
1345	2206	23900
1144	2591	23900
816	2533	23900
1512	2959	23900
190	2300	24000
1274	2934	24000
607	2878	24000
1282	2236	24100
643	2216	24100
321	2903	24100
906	2989	24200
1450	2206	24300
804	2784	24300
1667	2274	24300
1827	2039	24400
1909	2123	24400
871	2797	24400
1394	2748	24500
1723	2361	24500
300	2556	24500
574	2011	24500
1773	2187	24600
1039	2511	24700
1008	2662	24700
78	2661	24700
1482	2585	24800
1093	2304	24800
1609	2069	24900
1731	2396	24900
101	2812	24900
525	2647	24900
811	2019	24900
152	2575	24900
976	2043	24900
1141	2940	24900
1182	2295	25000
332	2995	25000
520	2204	25000
1707	2008	25000
1243	2886	25000
1513	2731	25100
1212	2098	25100
1069	2373	25100
795	2606	25100
1619	2315	25100
180	2447	25100
1681	2893	25200
1652	2587	25200
274	2200	25200
1422	2773	25200
879	2203	25300
1447	2053	25300
1906	2663	25400
123	2570	25400
667	2138	25400
1604	2777	25400
1766	2856	25500
476	2255	25500
1532	2714	25600
1145	2097	25600
1295	2892	25600
57	2886	25600
1257	2661	25800
859	2170	25800
10	2879	25900
1071	2825	25900
193	2593	25900
1392	2436	25900
1876	2557	26000
753	2712	26000
1516	2773	26100
1036	2870	26200
127	2155	26200
1793	2005	26200
1712	2550	26200
1218	2637	26300
1246	2570	26300
1987	2182	26300
1404	2274	26300
1069	2451	26400
83	2695	26400
745	2679	26500
529	2135	26500
1058	2691	26500
1004	2565	26600
929	2572	26600
1315	2801	26600
1992	2362	26700
344	2785	26700
77	2682	26700
361	2499	26800
1187	2767	26800
868	2255	26800
1888	2003	26900
523	2418	26900
837	2051	26900
1152	2194	26900
683	2728	26900
1034	2062	27000
1216	2558	27000
230	2706	27000
907	2615	27000
1571	2304	27000
209	2132	27100
1557	2185	27200
1972	2814	27200
59	2209	27200
770	2726	27200
781	2115	27200
1654	2043	27300
184	2905	27300
938	2421	27400
1385	2298	27400
977	2826	27500
1754	2294	27500
1359	2941	27600
194	2923	27700
1283	2343	27700
1264	2837	27700
440	2882	27800
1438	2880	27800
1559	2429	27800
1269	2678	27900
571	2475	27900
1149	2664	28000
829	2380	28100
511	2967	28200
467	2063	28200
1178	2699	28300
1890	2996	28300
710	2542	28400
1338	2273	28400
648	2407	28400
841	2313	28500
1845	2653	28500
1500	2057	28500
980	2577	28500
1587	2156	28600
431	2884	28700
1032	2120	28800
1851	2959	28800
998	2439	28900
1230	2072	29000
1744	2850	29000
44	2005	29000
979	2188	29000
1759	2469	29100
218	2484	29200
1017	2766	29200
1904	2162	29200
143	2369	29200
1364	2253	29200
43	2963	29300
958	2200	29300
1872	2576	29400
159	2246	29400
565	2137	29400
1258	2055	29400
1588	2960	29400
1740	2017	29400
852	2909	29500
587	2171	29500
699	2311	29500
47	2949	29500
193	2590	29500
341	2607	29500
1990	2300	29500
1316	2740	29600
857	2896	29600
1990	2689	29600
714	2077	29700
409	2508	29700
459	2131	29800
588	2553	29900
590	2992	29900
688	2976	30000
1965	2678	30100
1363	2693	30100
931	2609	30200
946	2897	30200
1185	2724	30200
1943	2918	30300
948	2325	30300
1376	2883	30300
1901	2146	30400
1633	2956	30400
120	2644	30400
148	2454	30400
939	2306	30400
1341	2512	30500
178	2200	30500
1918	2974	30500
1964	2302	30500
1777	2287	30600
921	2171	30600
1749	2589	30600
1010	2153	30700
374	2914	30800
1098	2320	30800
1545	2542	30800
44	2585	30800
876	2345	30900
503	2220	30900
763	2186	30900
275	2761	31000
690	2829	31000
1850	2287	31000
415	2099	31000
1206	2844	31100
339	2916	31100
1591	2112	31100
1672	2713	31200
943	2533	31200
1601	2272	31200
1912	2773	31200
1080	2133	31200
1095	2991	31300
201	2860	31500
1628	2483	31500
1343	2499	31500
266	2099	31600
694	2901	31600
889	2816	31800
1534	2898	31800
1461	2939	32000
1868	2831	32000
1897	2848	32000
1659	2272	32100
1426	2219	32200
1761	2673	32200
116	2155	32300
1616	2966	32300
1026	2309	32400
1973	2153	32400
77	2834	32400
1957	2639	32400
1265	2946	32600
1786	2403	32600
387	2198	32700
1842	2127	32700
112	2166	32800
81	2374	32800
1124	2660	32900
181	2301	32900
1185	2571	32900
1940	2286	33000
886	2472	33100
1527	2156	33100
1093	2532	33100
49	2090	33200
348	2807	33200
1955	2408	33200
114	2299	33200
1852	2644	33200
1902	2628	33300
1305	2032	33300
1725	2435	33300
1393	2433	33500
714	2649	33500
509	2643	33500
1641	2020	33500
734	2683	33600
549	2462	33600
103	2745	33600
487	2676	33600
1303	2218	33600
1997	2444	33700
145	2643	33700
1738	2184	33800
1015	2225	33800
357	2020	33800
1471	2447	33900
1320	2330	34000
371	2141	34000
501	2400	34000
1707	2374	34000
791	2765	34100
1666	2669	34200
24	2569	34200
970	2425	34200
1844	2658	34300
381	2503	34400
1541	2242	34400
404	2822	34400
1578	2851	34500
1089	2323	34500
80	2272	34600
1194	2324	34600
1386	2747	34700
1756	2449	34700
718	2144	34800
1156	2384	34900
1419	2173	34900
1382	2201	34900
485	2341	35000
125	2726	35000
228	2504	35100
760	2595	35200
351	2703	35200
660	2901	35300
1652	2556	35300
546	2090	35500
608	2529	35600
1848	2493	35600
870	2198	35600
1996	2832	35600
84	2435	35700
393	2336	35700
1549	2224	35800
1569	2671	35900
187	2864	36000
1229	2559	36000
329	2683	36000
757	2118	36100
685	2170	36100
1361	2699	36200
1593	2552	36300
1760	2604	36500
1525	2559	36500
1692	2945	36500
1416	2068	36500
250	2847	36500
1136	2010	36500
1814	2261	36600
1717	2980	36700
1980	2030	36800
1438	2188	36800
651	2115	36800
1194	2078	36800
738	2551	36900
307	2840	36900
1475	2382	37000
1420	2708	37100
475	2381	37100
1136	2583	37100
832	2822	37100
855	2876	37100
1175	2767	37100
1477	2682	37100
252	2477	37200
567	2081	37200
1740	2934	37200
54	2219	37300
426	2070	37300
1986	2139	37300
613	2330	37400
1951	2025	37400
255	2709	37400
934	2049	37400
712	2894	37500
1123	2017	37500
892	2893	37600
169	2405	37600
1803	2666	37600
1839	2804	37700
1629	2634	37700
7	2599	37800
1792	2418	37800
1939	2241	37800
26	2690	37900
1966	2588	38000
120	2434	38000
1694	2888	38100
1155	2349	38300
167	2390	38300
176	2464	38300
1698	2051	38400
943	2327	38400
967	2888	38400
1126	2990	38500
1997	2987	38600
1128	2314	38600
995	2595	38600
1579	2370	38700
836	2857	38700
590	2856	38800
1689	2072	38900
1736	2110	38900
1602	2280	38900
508	2743	39000
30	2345	39100
723	2749	39100
1750	2960	39100
1407	2973	39200
1048	2897	39300
1163	2242	39300
1040	2048	39400
1028	2107	39400
1784	2697	39500
1958	2463	39600
497	2207	39700
818	2838	39700
1522	2543	39700
759	2964	39700
1025	2551	39800
456	2531	39800
1989	2031	39900
1442	2412	40000
329	2375	40000
630	2053	40000
558	2027	40000
69	2244	40100
1969	2059	40100
1950	2734	40200
122	2813	40200
1144	2292	40300
808	2127	40300
1440	2798	40400
1070	2774	40400
129	2753	40400
343	2941	40500
1012	2577	40500
908	2854	40600
1572	2401	40700
1086	2193	40700
255	2628	40800
960	2701	40900
1548	2883	40900
206	2669	40900
202	2336	41000
813	2306	41000
1403	2595	41000
796	2035	41100
609	2032	41100
735	2031	41100
425	2991	41100
370	2082	41200
1536	2947	41300
105	2832	41300
650	2710	41400
167	2539	41400
303	2089	41400
1455	2615	41400
1358	2434	41500
1980	2798	41600
586	2935	41600
455	2974	41600
219	2586	41600
1759	2675	41700
298	2685	41700
826	2475	41700
1289	2697	41700
1484	2543	41800
1477	2834	41800
1441	2086	41900
861	2217	42000
482	2405	42000
1335	2638	42000
334	2541	42200
1342	2539	42200
1884	2791	42300
760	2723	42300
1288	2125	42300
1402	2539	42300
982	2682	42300
98	2526	42400
677	2043	42400
1547	2497	42500
309	2161	42500
1076	2109	42600
1692	2756	42700
724	2806	42700
749	2411	42700
644	2086	42800
806	2029	42800
1770	2343	42900
873	2139	42900
1426	2621	43000
494	2055	43000
810	2784	43200
1635	2918	43200
1292	2136	43400
323	2892	43400
1379	2847	43400
209	2441	43500
1678	2517	43600
1798	2512	43600
1415	2874	43700
42	2153	43700
256	2943	43800
333	2707	43800
1730	2245	43900
771	2119	43900
697	2263	44000
736	2379	44000
1614	2269	44000
1929	2339	44100
327	2755	44200
438	2988	44300
1600	2653	44300
1116	2743	44300
1837	2112	44300
302	2832	44300
68	2746	44400
1711	2984	44700
957	2191	44700
246	2536	44700
315	2467	44700
312	2513	44700
1658	2133	44700
1548	2090	44700
889	2247	44800
222	2221	44800
913	2959	44800
673	2039	45000
716	2039	45100
1979	2552	45100
848	2673	45200
741	2516	45200
575	2208	45200
4	2397	45400
1870	2220	45400
108	2062	45500
287	2251	45500
629	2999	45600
1718	2613	45600
1856	2951	45700
1161	2396	45700
1723	2694	45700
1271	2083	45700
856	2780	45700
776	2110	45800
1680	2284	45900
1732	2195	46000
40	2260	46000
605	2781	46000
1079	2411	46000
556	2150	46100
356	2857	46100
1535	2515	46200
1094	2864	46300
860	2493	46300
154	2503	46300
1338	2443	46300
1304	2121	46300
527	2686	46400
1931	2790	46400
111	2359	46400
189	2637	46500
391	2396	46800
912	2087	46800
9	2688	46800
473	2414	46900
1073	2444	47000
1816	2456	47000
959	2534	47000
308	2088	47100
740	2831	47200
423	2409	47300
146	2328	47300
1281	2107	47300
545	2761	47400
1474	2989	47400
1505	2029	47400
1273	2547	47500
1770	2962	47600
698	2680	47600
1816	2531	47600
1592	2261	47700
1029	2885	47800
1901	2328	47800
533	2729	47900
1814	2772	48000
612	2411	48000
1757	2201	48000
620	2494	48100
1853	2962	48200
360	2729	48200
1909	2137	48300
1224	2600	48300
148	2978	48300
1058	2045	48300
730	2911	48400
418	2160	48400
1871	2387	48400
1213	2205	48500
1291	2470	48500
1610	2097	48600
1961	2251	48600
1171	2978	48600
477	2677	48700
1155	2732	48700
1254	2175	48700
410	2159	48800
127	2383	48800
1165	2691	48900
1841	2513	49100
1829	2941	49400
1060	2976	49400
290	2584	49400
132	2310	49500
28	2313	49600
512	2894	49600
1604	2821	49600
1696	2605	49600
778	2868	50000
721	2297	50100
1217	2346	50100
659	2826	50200
1222	2040	50200
61	2384	50200
1434	2151	50300
1440	2030	50400
766	2521	50400
1221	2083	50500
706	2118	50500
1567	2847	50600
1236	2906	50600
927	2207	50700
1221	2759	50800
76	2722	50900
146	2063	50900
559	2322	51000
1319	2429	51000
1055	2206	51300
554	2010	51300
970	2454	51300
1741	2537	51400
906	2640	51600
186	2911	51600
764	2676	51600
1764	2824	51600
926	2633	51700
1961	2953	51700
1212	2144	51800
232	2655	51800
268	2310	51800
182	2117	51900
1173	2269	52000
1435	2266	52000
1638	2129	52000
1366	2000	52100
1372	2877	52200
1084	2194	52200
355	2830	52300
8	2291	52300
1051	2936	52300
1308	2356	52400
1321	2708	52400
1956	2188	52400
1107	2035	52500
744	2444	52600
1302	2874	52700
930	2858	52700
1575	2387	52700
1421	2362	52700
595	2439	52900
997	2630	52900
1779	2157	53100
259	2907	53200
989	2340	53200
1702	2286	53300
195	2927	53300
14	2262	53300
1129	2006	53300
587	2350	53400
1220	2413	53400
1122	2922	53500
1646	2093	53500
494	2140	53500
213	2315	53500
1047	2401	53600
650	2394	53600
1476	2088	53800
718	2663	53900
301	2874	53900
4	2745	53900
371	2415	53900
496	2964	54000
1325	2364	54100
709	2913	54100
1791	2819	54100
1574	2725	54200
773	2332	54200
1563	2424	54300
1585	2465	54400
1210	2877	54400
94	2046	54400
1431	2168	54500
235	2959	54500
1393	2893	54600
1425	2047	54700
1104	2106	54700
1825	2658	54800
1287	2250	54900
1242	2843	54900
1970	2317	55000
1993	2425	55000
1715	2819	55100
677	2333	55100
688	2624	55200
815	2290	55200
1844	2147	55500
1067	2875	55600
1886	2566	55600
743	2807	55600
1486	2533	55700
534	2313	55800
1720	2116	55800
1568	2494	56000
661	2288	56100
277	2144	56100
1238	2140	56100
292	2620	56200
661	2496	56300
1031	2348	56300
1697	2794	56300
730	2394	56400
475	2719	56400
1288	2674	56500
377	2678	56500
22	2113	56500
175	2843	56500
7	2226	56600
1656	2034	56700
1164	2636	56700
1274	2641	56800
1323	2971	56800
1290	2639	56800
1444	2483	56900
21	2936	56900
1860	2738	57000
1999	2155	57000
820	2684	57000
779	2392	57100
1329	2312	57100
843	2713	57100
492	2744	57100
1637	2547	57100
1320	2998	57200
1702	2377	57200
883	2373	57200
799	2635	57200
874	2582	57300
513	2594	57400
85	2362	57400
173	2266	57500
1969	2293	57500
1391	2615	57600
185	2814	57800
1449	2400	57800
1915	2154	57900
777	2979	57900
510	2592	57900
226	2375	58000
927	2762	58000
984	2488	58000
1049	2723	58000
891	2602	58100
923	2017	58100
1005	2769	58100
1137	2069	58200
1717	2667	58200
469	2640	58300
1794	2591	58400
641	2333	58400
1462	2794	58400
388	2621	58500
1695	2242	58500
1186	2310	58500
1382	2985	58500
1826	2991	58600
830	2243	58800
133	2949	58800
1253	2980	58800
292	2338	58900
1855	2838	58900
1476	2461	58900
345	2463	58900
1887	2853	59000
850	2478	59300
831	2340	59300
847	2107	59400
1064	2473	59500
1398	2698	59500
820	2040	59500
1488	2554	59500
838	2558	59500
67	2559	59700
1395	2814	59700
68	2134	59700
578	2920	59700
1781	2723	59800
1207	2669	59900
1800	2403	60000
182	2883	60000
84	2608	60000
1142	2431	60100
651	2461	60100
1546	2890	60100
316	2462	60200
1595	2523	60200
1706	2900	60300
975	2256	60300
1679	2706	60300
1544	2150	60300
1044	2650	60400
949	2593	60500
567	2567	60500
1669	2899	60500
1009	2320	60500
1137	2052	60700
794	2013	60700
1380	2419	60800
947	2328	60900
1312	2046	60900
1534	2254	61000
811	2728	61000
1627	2251	61000
501	2367	61100
1397	2632	61100
549	2111	61300
1891	2221	61300
575	2358	61400
156	2408	61500
1624	2228	61500
441	2380	61500
223	2564	61600
637	2937	61600
771	2648	61600
858	2356	61700
106	2067	61700
1219	2728	61800
1491	2848	61800
1065	2829	61900
1520	2348	62000
552	2965	62000
56	2851	62200
656	2925	62200
394	2204	62500
1331	2502	62600
414	2763	62700
1009	2265	62700
1014	2848	62700
1507	2491	62700
142	2139	62900
788	2109	63000
1149	2712	63000
802	2339	63100
1895	2996	63100
1266	2952	63200
1411	2097	63200
1818	2186	63200
1356	2377	63300
440	2288	63400
962	2333	63400
955	2117	63400
738	2646	63500
228	2687	63500
1776	2147	63700
814	2775	63800
935	2108	63900
1645	2514	63900
1708	2557	64000
1262	2809	64100
1037	2735	64200
1102	2164	64300
423	2736	64300
1664	2656	64400
1358	2644	64400
369	2990	64400
1113	2311	64500
87	2486	64500
1434	2910	64500
104	2455	64500
511	2168	64600
1181	2074	64600
480	2206	64600
1640	2482	64600
1019	2804	64600
164	2045	64600
522	2631	64700
248	2597	64700
1429	2734	64700
1954	2435	64800
411	2772	64800
1167	2879	64900
500	2187	65000
1745	2129	65000
1984	2145	65000
1859	2297	65100
863	2462	65200
1182	2093	65300
1405	2517	65400
1099	2837	65400
1952	2788	65400
530	2858	65500
313	2445	65500
1139	2201	65600
1636	2171	65700
1686	2029	65700
291	2614	65700
1061	2961	65800
496	2675	65900
1016	2443	66000
1432	2562	66000
968	2431	66100
1559	2294	66100
662	2208	66100
1250	2825	66200
1815	2889	66300
1127	2213	66400
1511	2491	66500
1071	2317	66600
1397	2337	66600
1588	2771	66600
1328	2322	66800
1797	2100	66900
149	2653	66900
1140	2177	67000
190	2769	67000
1409	2345	67100
888	2998	67200
841	2094	67300
1278	2581	67300
562	2299	67300
473	2280	67300
582	2687	67400
1118	2902	67400
834	2919	67700
1111	2090	67800
1653	2066	67900
1573	2034	68100
365	2970	68100
818	2626	68100
130	2895	68200
1954	2608	68400
1024	2818	68400
1684	2985	68400
1148	2262	68500
1941	2108	68600
1988	2102	68600
1905	2586	68700
1512	2016	68700
1452	2647	68800
1879	2759	68800
1459	2325	68900
1863	2059	68900
662	2358	68900
810	2180	69100
804	2743	69100
1249	2281	69100
1319	2026	69100
260	2236	69200
1416	2091	69300
1949	2704	69300
1231	2212	69300
1554	2592	69300
183	2308	69300
314	2277	69300
239	2836	69400
1847	2033	69400
898	2787	69400
1651	2973	69400
1524	2713	69500
1675	2892	69600
1866	2177	69600
368	2522	69600
1775	2068	69700
12	2940	69700
1733	2149	69800
1884	2030	69900
1682	2420	70000
1352	2160	70000
341	2830	70000
991	2915	70100
1959	2567	70100
271	2366	70100
36	2764	70200
1373	2898	70300
890	2211	70400
131	2616	70400
1734	2944	70400
1507	2192	70400
1191	2885	70500
289	2214	70500
990	2658	70600
506	2933	70600
1867	2791	70700
1857	2631	70800
1880	2965	70900
1246	2628	70900
1340	2142	70900
1654	2461	70900
676	2693	70900
493	2277	70900
1083	2001	71000
1789	2228	71000
274	2158	71100
959	2046	71200
1412	2584	71300
1259	2319	71500
1209	2791	71600
310	2601	71600
1668	2972	71700
693	2545	71800
1789	2833	71800
1830	2126	71800
873	2718	71800
1116	2571	71800
115	2859	71800
1448	2114	71900
1162	2922	71900
232	2745	72000
1469	2445	72000
824	2435	72000
1094	2196	72100
1564	2111	72200
492	2678	72200
1277	2834	72200
1379	2933	72200
867	2851	72300
644	2996	72300
1119	2688	72400
1285	2052	72500
1945	2007	72600
640	2951	72600
1934	2423	72600
1903	2905	72600
116	2579	72700
1371	2854	72700
1826	2554	72700
1143	2548	72800
793	2390	72800
1897	2922	73100
181	2233	73200
1882	2425	73200
71	2321	73400
140	2852	73400
279	2888	73400
1952	2740	73400
561	2486	73500
1772	2044	73600
276	2142	73600
963	2047	73800
1105	2162	73900
417	2183	74000
1470	2316	74000
355	2724	74000
816	2151	74000
86	2151	74100
40	2460	74100
1043	2601	74100
983	2340	74200
28	2007	74300
1538	2977	74300
687	2389	74400
32	2273	74400
851	2430	74400
1091	2766	74500
1446	2212	74500
34	2654	74600
1333	2809	74800
1712	2347	74800
746	2033	74900
505	2900	74900
140	2933	74900
369	2828	74900
450	2121	75000
451	2026	75000
38	2249	75100
1948	2507	75200
1435	2823	75400
403	2357	75500
526	2368	75500
1292	2501	75600
1400	2048	75600
1908	2603	75700
1278	2836	75900
537	2370	75900
164	2376	75900
702	2471	76100
1885	2613	76100
866	2710	76200
428	2512	76200
384	2127	76200
1378	2421	76300
147	2895	76300
1209	2393	76400
631	2969	76400
1119	2860	76400
859	2656	76500
861	2205	76500
695	2986	76700
671	2730	77000
1634	2041	77100
845	2428	77100
686	2241	77200
1135	2035	77400
937	2651	77600
797	2740	77600
734	2375	77700
253	2623	77800
924	2652	77800
402	2022	77900
853	2506	78000
29	2657	78000
1790	2912	78200
672	2448	78300
1625	2023	78300
192	2036	78400
1240	2085	78400
1183	2920	78400
626	2234	78500
937	2841	78600
604	2480	78600
1006	2858	78800
1481	2276	78800
1886	2073	78800
1035	2388	79000
1359	2935	79000
1101	2113	79000
1279	2786	79000
46	2877	79100
107	2312	79200
458	2544	79300
1959	2081	79300
866	2647	79400
713	2140	79400
1808	2289	79500
581	2833	79600
245	2100	79600
543	2125	79600
999	2265	79600
685	2508	79600
957	2534	79700
988	2641	79800
1272	2616	80000
976	2771	80000
973	2627	80100
1689	2828	80200
1695	2796	80300
538	2969	80300
1823	2321	80400
1670	2999	80400
838	2463	80400
55	2909	80500
1503	2886	80600
1264	2414	80600
1495	2073	80600
904	2734	80700
875	2870	80700
1721	2389	80700
295	2684	80800
444	2819	80800
1615	2277	80800
231	2793	80900
1330	2302	80900
1874	2845	81000
694	2338	81100
1549	2450	81200
1082	2760	81300
925	2271	81400
1633	2153	81600
1701	2172	81800
268	2647	82200
262	2635	82500
179	2276	82500
234	2731	82600
481	2001	82600
1585	2612	82700
1661	2522	82700
321	2510	82800
453	2576	82900
262	2301	83000
52	2058	83000
1824	2667	83100
1995	2314	83200
1253	2667	83200
52	2575	83200
1293	2908	83400
691	2329	83400
1471	2463	83500
340	2506	83600
819	2004	83800
1521	2151	83900
909	2431	84000
813	2786	84100
1353	2836	84200
516	2338	84300
1130	2865	84400
1205	2809	84500
1878	2536	84600
654	2662	84600
45	2809	84600
1890	2223	84600
56	2054	84800
920	2862	84900
1739	2722	84900
1561	2048	84900
1871	2022	85000
312	2824	85100
759	2145	85100
1011	2480	85200
800	2916	85200
1179	2922	85400
1301	2796	85500
905	2095	85500
246	2862	85700
139	2365	85700
655	2292	85900
1295	2240	86000
1578	2842	86200
366	2821	86200
331	2199	86200
762	2259	86300
750	2915	86500
1978	2859	86600
752	2399	86600
660	2764	86600
1541	2204	86800
137	2214	86800
92	2104	86800
1876	2222	86800
413	2554	87300
1710	2364	87400
339	2262	87400
1531	2735	87500
62	2537	87500
356	2845	87700
1975	2799	87800
1642	2786	87900
1524	2002	88100
411	2522	88100
933	2291	88200
1199	2009	88300
964	2103	88300
1030	2659	88600
912	2321	88600
1956	2997	89200
1757	2016	89200
1169	2234	89300
1777	2478	89300
971	2972	89400
242	2150	89500
917	2086	89600
1807	2882	89700
1560	2289	89800
1875	2910	89900
117	2113	90100
1452	2655	90300
827	2736	90400
961	2648	90500
1033	2920	90600
251	2296	90600
999	2774	90800
635	2249	91000
805	2618	91100
1318	2360	91500
367	2675	91500
388	2823	91600
728	2393	92000
1877	2961	92000
1066	2709	92100
658	2260	92100
1065	2198	92200
1930	2049	92300
281	2569	92300
87	2012	92500
1115	2900	92500
203	2538	92700
1615	2867	92700
1762	2716	92800
603	2583	92900
222	2302	92900
1445	2371	93000
1268	2395	93100
382	2617	93200
1783	2519	93300
544	2889	93300
1605	2395	93500
1068	2045	93500
1811	2741	93600
1375	2881	93700
600	2259	93900
647	2651	93900
1485	2015	94000
1488	2278	94000
1858	2064	94100
1174	2636	94100
1699	2699	94100
89	2526	94200
366	2777	94200
1713	2183	94300
1607	2316	94400
410	2229	94500
1570	2009	94500
1528	2138	94500
1316	2788	94500
1804	2796	94800
1148	2515	94800
648	2291	94800
817	2785	94900
952	2923	95200
1572	2261	95700
754	2956	95700
836	2845	95700
1005	2135	95700
657	2977	95800
592	2218	95800
634	2191	96100
1892	2880	96100
1203	2135	96400
806	2977	96400
1232	2635	96600
880	2555	96800
124	2997	96900
1466	2466	97300
1840	2581	97400
1976	2230	97500
1408	2906	97600
1887	2182	97600
1517	2534	97600
1310	2532	97600
472	2670	97700
1854	2057	97700
1506	2906	97800
589	2672	97900
422	2154	98200
382	2917	98200
565	2060	98300
1480	2670	98300
1821	2122	98300
1329	2216	98600
584	2738	98700
887	2762	98700
1849	2527	98900
1957	2432	98900
1566	2414	99300
622	2537	99500
769	2507	99700
1843	2069	100100
328	2931	100200
79	2475	100200
883	2995	100700
715	2229	100700
954	2898	100900
1612	2048	100900
658	2049	100900
1779	2643	100900
133	2209	101000
1096	2808	101000
1439	2680	101100
781	2082	101100
1580	2426	101100
1907	2392	101400
1013	2721	101500
987	2716	101600
1929	2620	101700
1441	2415	101900
928	2640	102000
758	2428	102200
654	2176	102700
170	2651	102900
1516	2852	102900
1552	2318	103100
65	2583	103300
208	2217	103500
1529	2975	103500
916	2212	103600
239	2372	103700
907	2453	103900
611	2921	104000
708	2490	104300
335	2037	104300
1453	2099	104300
1206	2203	104500
1028	2650	104600
608	2753	104600
857	2365	104800
1	2412	104900
1582	2511	104900
670	2532	105200
639	2441	105500
227	2025	105800
1743	2347	105800
400	2515	105800
1262	2452	105900
1714	2947	106000
402	2881	106000
1215	2645	106300
583	2119	106300
95	2863	106400
291	2984	106500
425	2432	106500
1172	2866	106700
60	2879	106900
15	2954	107000
460	2158	107100
795	2604	107300
1307	2829	107300
350	2178	107700
1796	2800	107700
1349	2180	107900
1097	2815	108300
1599	2798	108400
1400	2256	108400
1813	2623	108600
1621	2145	108800
1858	2102	108900
1335	2132	109000
1941	2906	109100
1503	2026	109100
568	2319	109200
610	2452	109300
103	2397	109800
322	2314	109800
491	2480	110000
669	2668	110200
754	2466	110300
1900	2309	110400
1387	2278	110400
972	2258	110500
1703	2226	110700
482	2861	110800
1863	2527	110800
832	2789	111200
1210	2811	111400
1977	2096	111400
698	2167	111600
1581	2042	111700
474	2588	111800
1257	2081	111900
821	2816	112100
315	2028	112400
1001	2299	112500
790	2579	112800
1408	2245	112800
1738	2858	113100
1533	2617	113500
899	2383	113700
1180	2962	113800
1983	2617	113800
1389	2861	114100
177	2173	114300
269	2785	114500
184	2592	114500
1339	2452	114500
276	2303	114700
560	2068	115300
297	2230	115500
1459	2589	115700
1487	2123	115900
1417	2014	115900
692	2956	116000
1100	2485	116000
1676	2536	116100
335	2417	116200
1746	2837	116200
57	2527	116300
1293	2717	116500
1547	2285	116600
1346	2670	116800
1188	2505	116800
1233	2714	117000
1348	2533	117000
572	2637	117200
1634	2296	117200
457	2519	117200
1913	2226	117300
1987	2962	117400
1930	2260	117600
118	2148	118100
971	2055	118300
783	2166	118300
1039	2372	118600
682	2100	118800
1942	2419	118900
1973	2956	119000
1480	2800	119100
1601	2075	119100
809	2701	119200
489	2824	119200
1479	2168	119600
357	2577	119700
1178	2479	119900
951	2337	119900
1552	2511	120200
1935	2209	121000
1965	2744	121100
956	2160	121400
178	2971	121800
1888	2668	122100
1468	2200	122300
1494	2239	122600
212	2951	122600
1484	2095	122800
432	2730	123300
1617	2976	123300
524	2738	123500
1176	2002	123700
294	2128	123700
1121	2301	123800
109	2467	124000
1190	2750	124100
1705	2332	124300
363	2442	124400
1280	2096	124800
481	2213	124900
622	2834	125200
269	2866	125300
1984	2359	125300
1197	2544	125700
521	2422	126000
554	2390	126100
244	2022	126200
1627	2644	126300
766	2811	126300
1008	2119	126300
249	2123	126500
1399	2105	126500
732	2337	126500
1609	2385	126800
964	2643	126900
0	2455	127100
704	2650	127400
1768	2408	127800
735	2518	127800
614	2150	128200
1835	2813	128400
674	2863	128900
1120	2952	129200
1042	2172	129200
726	2484	129300
1964	2965	129400
1641	2915	129500
1106	2783	130300
613	2393	130600
121	2808	130800
1497	2307	130900
204	2054	131100
136	2399	131100
1087	2680	131100
1818	2114	131700
1014	2715	131700
1208	2917	132000
1688	2400	132300
1234	2725	132800
488	2225	132900
393	2006	133300
350	2864	133400
114	2344	133700
188	2747	134100
1268	2472	134400
528	2783	134500
1314	2982	134800
1748	2563	134900
1923	2355	135000
1017	2383	135000
459	2419	135000
129	2196	135000
752	2739	135400
653	2552	135400
1972	2612	135900
1700	2416	135900
1384	2120	136700
1536	2472	137100
1565	2555	137300
1100	2245	138400
338	2342	138700
1184	2645	138800
306	2148	139600
1383	2717	139700
1497	2105	139800
1023	2777	139800
1256	2450	139800
1090	2570	140500
597	2869	140700
1550	2878	141100
295	2040	141400
401	2089	142300
1515	2667	142900
680	2267	143300
1542	2231	143300
1501	2730	143800
975	2555	143800
742	2702	143900
1751	2398	144700
717	2928	144800
958	2971	144900
941	2034	145600
1993	2538	145900
553	2575	146000
1967	2120	146100
452	2330	146200
1046	2042	147400
1455	2538	148400
596	2406	148500
1953	2248	148600
632	2476	148600
673	2296	149900
1483	2795	150100
1411	2418	150200
282	2869	150400
1785	2704	150500
1214	2753	150800
679	2899	150900
1046	2794	151100
163	2178	151500
1255	2655	152000
904	2399	152200
270	2961	152400
1427	2558	152700
1132	2230	153000
1735	2829	153200
1306	2129	153200
965	2983	153700
633	2954	154100
1557	2553	154300
616	2074	154600
812	2542	154700
974	2931	155400
886	2947	156200
1134	2476	156900
1522	2558	156900
191	2065	157200
237	2202	157800
407	2342	158700
1281	2891	159200
1130	2904	159600
1202	2891	159900
913	2842	161200
304	2203	161500
303	2224	161700
1920	2307	161800
535	2227	161900
1869	2704	162000
1385	2455	162600
1747	2331	162700
202	2693	163200
1041	2904	163400
931	2938	163600
1963	2385	163600
1200	2557	164200
1276	2607	164400
304	2844	164800
1767	2994	165800
1561	2705	166800
1492	2202	168400
1460	2737	168600
1950	2126	168900
185	2674	168900
302	2707	169300
1360	2231	169600
317	2309	169800
1428	2244	170000
1245	2950	170100
1313	2132	170400
901	2404	173400
933	2407	173400
144	2065	173800
1508	2291	174000
168	2954	174100
1160	2568	175300
1724	2937	176000
224	2707	177000
1377	2115	177200
90	2238	178000
911	2058	178500
1807	2957	178600
1817	2051	180100
755	2485	180500
237	2027	180700
1598	2479	180900
1234	2254	181200
1352	2051	181600
1720	2185	182000
1510	2195	182300
12	2347	182500
1223	2309	183000
564	2176	183600
1350	2464	184100
731	2008	185800
1730	2967	188600
1105	2792	188700
1544	2865	189400
1396	2799	189600
1193	2423	192500
442	2496	192700
1478	2655	193900
1639	2756	198200
902	2652	198600
348	2674	199500
993	2418	203200
601	2870	203300
309	2737	203400
1308	2952	205100
1599	2030	205400
3	2568	205800
478	2178	207100
1576	2374	208900
865	2938	209800
844	2574	210100
680	2524	210200
1079	2891	210500
646	2553	210900
451	2698	213100
1370	2152	214600
195	2598	215800
445	2782	216600
50	2009	216700
201	2797	217300
1156	2500	217500
585	2918	218100
162	2459	218900
47	2397	221300
615	2484	222000
1799	2942	223400
2	2074	223800
1847	2182	224200
1576	2459	225100
1690	2077	226300
772	2004	226300
1361	2174	227600
256	2652	228700
1889	2223	229500
1340	2755	229700
1820	2000	229800
1406	2304	231400
430	2503	232000
751	2942	232100
136	2739	232500
1551	2967	232500
1467	2285	232600
696	2442	232800
1168	2077	233900
1904	2792	234500
1040	2705	234700
1650	2477	235000
1841	2626	235400
594	2751	235700
850	2787	236900
93	2846	238300
785	2885	240900
1848	2168	241200
1019	2515	241900
1782	2169	244200
849	2995	244900
1117	2136	245800
1520	2485	248700
1489	2038	254400
1029	2124	254500
1351	2086	254500
785	2152	254600
609	2158	254600
160	2870	257200
238	2244	258400
48	2923	259300
1297	2787	263600
1336	2489	265700
1002	2699	266200
1081	2963	266900
1414	2550	267000
372	2943	267700
460	2868	271100
300	2919	272900
1092	2248	273000
1384	2489	273200
1191	2124	274500
550	2074	276500
88	2235	278300
188	2238	278800
500	2994	279000
757	2148	280600
385	2518	281400
895	2162	283800
66	2496	284100
1752	2640	287700
729	2751	288600
737	2725	288900
1170	2099	290700
860	2183	291800
911	2778	292500
502	2719	294700
1853	2477	295500
1447	2950	296500
1773	2994	297900
535	2970	298400
1138	2841	299300
1675	2240	300100
490	2399	301500
1054	2722	301600
1551	2902	301600
1041	2865	302300
1639	2357	302700
1493	2733	304400
822	2284	306300
74	2136	306600
840	2885	307800
842	2021	310000
322	2540	310100
1085	2897	310600
563	2919	313700
507	2619	315900
66	2393	320100
966	2493	322100
1995	2268	323600
1839	2497	324500
1380	2629	327300
1900	2580	327800
1286	2532	329100
490	2739	329200
953	2013	330100
17	2488	331400
1286	2304	331800
563	2268	332800
1896	2756	332900
1899	2598	333300
1473	2659	339100
387	2465	340100
588	2758	345300
1464	2782	345900
317	2580	355600
630	2950	356800
1050	2112	363000
1873	2210	365800
1568	2566	366600
1658	2284	367700
1665	2422	367800
1873	2416	370400
935	2239	373200
839	2488	373800
638	2894	375300
1727	2381	376800
632	2248	379500
1947	2541	382900
1409	2593	383800
1437	2238	385000
1962	2986	388700
253	2776	391500
353	2775	391500
498	2227	394600
942	2412	396400
