89	2481	200
634	2007	200
252	2125	200
774	2841	200
795	2624	200
1972	2512	200
50	2854	200
878	2163	200
1798	2616	200
723	2107	200
479	2782	200
1290	2282	200
1969	2531	200
1884	2471	300
1485	2529	300
1311	2770	300
99	2472	300
236	2665	300
323	2905	300
253	2127	300
147	2801	300
1078	2449	300
515	2822	300
950	2536	300
399	2750	300
1525	2295	300
572	2667	400
779	2918	400
1592	2893	400
1790	2476	400
712	2404	400
498	2970	400
411	2730	400
660	2629	400
941	2844	400
993	2382	400
936	2729	400
1991	2811	400
1818	2162	400
551	2064	400
161	2119	400
427	2112	400
1460	2937	400
1448	2188	400
201	2980	400
1030	2238	400
1722	2568	500
106	2745	500
1788	2128	500
601	2656	500
1560	2557	500
113	2106	500
1987	2587	500
710	2099	500
694	2530	500
1993	2698	500
1441	2122	500
1333	2588	500
1467	2837	500
248	2641	500
961	2693	500
141	2622	500
757	2445	500
541	2192	600
493	2356	600
219	2834	600
1564	2581	600
586	2802	600
207	2872	600
423	2249	600
1853	2979	600
581	2171	600
26	2675	600
349	2433	600
174	2496	600
1861	2862	600
1345	2696	600
1698	2912	600
450	2670	600
1852	2953	600
1219	2483	600
1119	2597	600
833	2023	600
521	2765	600
1035	2920	600
756	2259	600
863	2077	600
1869	2778	700
987	2659	700
600	2350	700
899	2072	700
1318	2052	700
1768	2526	700
1573	2566	700
115	2426	700
388	2406	700
1976	2248	700
782	2570	700
113	2970	700
1902	2357	700
1354	2484	700
1380	2885	700
969	2064	700
1078	2474	700
1895	2122	700
1274	2201	700
213	2547	700
1198	2057	800
565	2089	800
413	2842	800
1276	2203	800
795	2898	800
457	2951	800
1585	2161	800
377	2380	800
719	2122	800
1188	2119	800
1224	2630	800
955	2300	800
1996	2306	800
1819	2124	800
1099	2360	800
591	2659	800
231	2280	800
995	2735	800
1400	2693	800
1330	2298	800
1762	2968	900
1729	2722	900
729	2128	900
458	2258	900
1353	2287	900
1341	2709	900
1570	2161	900
1984	2434	900
955	2692	900
420	2138	900
250	2899	900
741	2221	900
1869	2691	900
1567	2508	900
980	2144	1000
1744	2164	1000
1596	2396	1000
1706	2912	1000
1639	2212	1000
1025	2551	1000
319	2664	1000
386	2024	1000
896	2996	1000
1747	2015	1000
881	2753	1000
847	2502	1000
1085	2353	1100
697	2235	1100
1828	2629	1100
108	2044	1100
380	2651	1100
1374	2244	1100
448	2912	1100
1478	2472	1100
1435	2704	1100
418	2854	1100
1420	2233	1100
1232	2648	1100
1381	2551	1100
384	2275	1100
284	2223	1100
1669	2780	1100
724	2260	1100
135	2521	1100
1786	2322	1100
1992	2005	1100
1035	2148	1200
472	2827	1200
1708	2505	1200
426	2844	1200
1017	2244	1200
1782	2060	1200
1510	2863	1200
1660	2824	1200
1097	2626	1200
1338	2283	1200
1875	2567	1200
1052	2385	1200
1726	2566	1300
858	2518	1300
431	2690	1300
1483	2836	1300
1771	2814	1300
346	2419	1300
1066	2335	1300
533	2911	1300
455	2223	1300
1140	2153	1300
1334	2702	1300
1601	2805	1300
1326	2202	1300
806	2368	1300
298	2895	1300
436	2859	1400
1511	2935	1400
1105	2396	1400
160	2870	1400
711	2488	1400
1295	2530	1400
1144	2616	1400
738	2648	1400
82	2657	1400
1834	2790	1400
754	2600	1400
82	2407	1400
77	2638	1400
1957	2297	1400
1717	2786	1400
910	2779	1400
1289	2135	1400
965	2014	1400
1350	2399	1400
1872	2918	1400
1980	2388	1500
892	2433	1500
355	2733	1500
424	2270	1500
1149	2590	1500
482	2156	1500
1765	2911	1500
720	2845	1500
1637	2454	1500
183	2256	1500
1080	2509	1500
1281	2717	1500
805	2766	1600
756	2518	1600
1385	2334	1600
1211	2981	1600
1771	2554	1600
513	2732	1600
861	2800	1600
133	2424	1600
777	2345	1600
975	2294	1600
845	2966	1600
1914	2797	1600
1629	2706	1600
120	2274	1600
46	2040	1600
1002	2609	1600
832	2250	1600
1670	2509	1600
235	2443	1600
230	2890	1600
663	2681	1600
1410	2990	1600
84	2170	1600
356	2736	1700
1856	2825	1700
669	2468	1700
921	2593	1700
1887	2339	1700
1258	2172	1700
1365	2709	1700
1930	2161	1700
1324	2755	1700
1240	2790	1700
1342	2177	1700
1347	2463	1700
1822	2899	1700
1984	2483	1700
659	2826	1700
1673	2087	1700
620	2133	1700
1162	2058	1700
1487	2342	1800
1291	2578	1800
1940	2894	1800
1547	2827	1800
1394	2100	1800
1127	2178	1800
360	2487	1800
690	2829	1800
1306	2596	1800
1464	2540	1800
1883	2333	1800
196	2734	1900
903	2745	1900
1578	2833	1900
1055	2770	1900
1545	2853	1900
146	2162	1900
914	2994	1900
947	2685	1900
1256	2129	1900
182	2025	1900
596	2058	2000
54	2718	2000
1037	2464	2000
1836	2337	2000
658	2467	2000
27	2712	2000
559	2826	2000
1818	2114	2000
1538	2363	2000
372	2444	2000
344	2129	2000
1303	2192	2100
296	2998	2100
1691	2042	2100
172	2217	2100
1437	2844	2100
1065	2480	2100
1340	2513	2100
470	2846	2100
654	2573	2100
371	2942	2100
1307	2543	2100
1070	2838	2100
1358	2702	2100
387	2999	2100
1733	2296	2100
1443	2662	2100
1347	2933	2100
271	2534	2100
1103	2726	2100
1863	2293	2100
538	2788	2200
1878	2998	2200
721	2189	2200
991	2742	2200
1716	2336	2200
676	2928	2200
1020	2388	2200
708	2564	2200
66	2907	2200
233	2877	2200
1300	2165	2200
968	2712	2200
1709	2797	2200
1205	2365	2200
1899	2584	2200
813	2323	2200
1469	2302	2200
1319	2614	2200
28	2803	2300
606	2020	2300
1748	2191	2300
774	2207	2300
1314	2154	2300
949	2764	2300
808	2470	2300
687	2139	2300
1812	2028	2300
1360	2588	2300
1736	2589	2300
771	2274	2300
778	2715	2300
1952	2605	2300
572	2606	2400
899	2998	2400
854	2794	2400
1597	2887	2400
996	2487	2400
467	2126	2400
383	2424	2400
1013	2374	2400
1805	2702	2400
1352	2251	2400
1655	2387	2400
240	2676	2400
32	2567	2400
176	2240	2400
923	2737	2400
749	2077	2400
1588	2818	2400
785	2950	2500
1429	2576	2500
1665	2965	2500
1135	2035	2500
1907	2477	2500
698	2220	2500
1833	2641	2500
239	2491	2500
1559	2415	2500
79	2365	2500
35	2632	2500
783	2040	2500
222	2449	2500
180	2015	2500
1337	2889	2500
1229	2735	2600
1192	2825	2600
518	2128	2600
1159	2224	2600
1138	2827	2600
1675	2187	2600
1918	2847	2600
1918	2405	2600
35	2029	2600
231	2793	2600
1566	2568	2700
1049	2614	2700
1363	2757	2700
195	2861	2700
532	2560	2700
1254	2311	2700
904	2858	2700
1901	2126	2700
426	2163	2700
1561	2503	2700
998	2327	2700
1928	2933	2700
1095	2997	2700
1326	2500	2700
1243	2584	2700
668	2765	2700
73	2760	2800
396	2948	2800
1327	2286	2800
698	2489	2800
1632	2027	2800
578	2151	2800
944	2584	2800
1200	2522	2800
1408	2990	2800
983	2315	2800
1253	2964	2900
409	2613	2900
587	2379	2900
469	2066	2900
19	2958	2900
1706	2999	2900
37	2488	2900
1125	2102	2900
1805	2320	2900
1821	2726	2900
267	2681	2900
1960	2940	2900
1404	2957	2900
1407	2094	2900
1067	2757	3000
1495	2742	3000
1387	2906	3000
1181	2336	3000
1827	2991	3000
479	2403	3000
341	2427	3000
1959	2475	3000
783	2252	3000
635	2457	3000
121	2654	3000
1661	2457	3100
1519	2793	3100
974	2478	3100
1308	2330	3100
1593	2833	3100
1209	2879	3100
1445	2100	3100
505	2174	3100
848	2631	3100
1791	2516	3100
703	2815	3100
1839	2153	3100
400	2200	3100
45	2917	3100
1143	2685	3100
75	2193	3100
1482	2402	3100
111	2381	3100
1740	2245	3100
354	2734	3200
626	2352	3200
195	2108	3200
445	2776	3200
845	2911	3200
1600	2884	3200
496	2849	3200
354	2716	3300
1124	2718	3300
762	2883	3300
281	2093	3300
1828	2882	3300
860	2564	3300
1497	2448	3300
96	2265	3300
740	2065	3300
662	2304	3300
1939	2536	3300
1581	2478	3400
553	2791	3400
1807	2417	3400
69	2983	3400
257	2561	3400
1524	2080	3400
1714	2955	3400
1174	2291	3400
1468	2180	3400
439	2520	3400
1846	2527	3400
1369	2980	3400
122	2595	3400
1110	2524	3500
182	2683	3500
1415	2913	3500
1270	2678	3500
60	2885	3500
1075	2591	3500
1777	2700	3500
430	2099	3500
378	2345	3500
461	2266	3500
1045	2917	3500
1784	2697	3500
1079	2110	3500
638	2414	3500
864	2297	3500
1235	2875	3600
249	2740	3600
1297	2678	3600
1998	2377	3600
696	2480	3600
379	2831	3600
351	2911	3600
1349	2741	3600
358	2130	3600
1891	2819	3600
1602	2072	3700
750	2464	3700
705	2772	3700
1003	2435	3700
665	2050	3700
727	2370	3700
1584	2379	3700
100	2476	3700
730	2372	3700
1325	2257	3700
1804	2800	3700
990	2710	3700
1492	2080	3700
46	2403	3700
1422	2868	3700
657	2402	3700
1236	2067	3700
913	2671	3700
1096	2888	3700
613	2464	3800
1840	2613	3800
931	2825	3800
459	2744	3800
1272	2694	3800
643	2389	3800
300	2468	3800
1949	2378	3800
1474	2759	3800
244	2371	3800
1222	2666	3800
165	2540	3800
1843	2659	3800
1406	2013	3800
633	2343	3800
1520	2318	3900
296	2072	3900
1433	2191	3900
1445	2645	3900
1106	2558	3900
879	2700	3900
809	2339	3900
1246	2926	3900
262	2551	3900
979	2921	3900
791	2923	3900
1892	2040	3900
984	2306	3900
1653	2944	3900
1909	2148	4000
600	2922	4000
1265	2959	4000
1345	2410	4000
1249	2879	4000
1463	2048	4000
948	2804	4000
814	2322	4000
1273	2855	4000
309	2918	4000
933	2639	4000
164	2342	4100
132	2451	4100
263	2227	4100
1766	2272	4100
1132	2214	4100
1565	2627	4100
1798	2759	4100
989	2890	4100
900	2322	4100
320	2010	4100
324	2255	4100
156	2669	4200
1436	2915	4200
787	2147	4200
47	2347	4200
1775	2074	4200
1395	2563	4200
631	2254	4200
289	2975	4200
133	2830	4200
53	2115	4200
1424	2797	4200
184	2026	4200
385	2661	4200
1992	2685	4200
1865	2888	4200
1757	2045	4200
785	2455	4300
512	2731	4300
1924	2261	4300
208	2803	4300
1359	2185	4300
4	2660	4300
1577	2467	4300
318	2655	4300
270	2871	4300
571	2086	4300
1749	2896	4300
515	2358	4300
691	2386	4300
361	2986	4300
1500	2422	4300
468	2923	4300
1774	2103	4400
994	2952	4400
1032	2224	4400
1947	2710	4400
1931	2055	4400
1245	2980	4400
1335	2774	4400
1619	2195	4400
1449	2540	4400
573	2834	4400
577	2366	4400
1624	2669	4500
464	2175	4500
389	2312	4500
782	2169	4500
375	2701	4500
810	2273	4500
1582	2139	4500
1967	2924	4500
1991	2140	4500
315	2345	4500
1619	2082	4500
1554	2021	4500
1031	2029	4500
1129	2649	4500
463	2045	4500
1789	2576	4600
1271	2096	4600
786	2514	4600
609	2903	4600
819	2749	4600
466	2251	4600
1661	2775	4700
1948	2409	4700
860	2897	4700
1071	2637	4700
317	2345	4700
1835	2595	4700
759	2615	4700
249	2524	4800
506	2016	4800
1336	2514	4800
764	2932	4800
1305	2749	4800
838	2323	4800
58	2299	4800
1337	2771	4800
290	2693	4800
836	2059	4800
1574	2578	4900
1859	2814	4900
1344	2309	4900
1313	2504	4900
214	2582	4900
1851	2687	4900
1657	2274	4900
1667	2819	4900
1102	2603	5000
1442	2796	5000
1547	2137	5000
397	2910	5000
691	2986	5000
589	2977	5100
1456	2492	5100
1578	2453	5100
875	2931	5100
1723	2036	5100
1529	2665	5100
1038	2619	5100
482	2623	5100
1351	2504	5100
1040	2868	5100
1754	2441	5100
967	2346	5100
986	2615	5100
163	2873	5100
640	2602	5200
281	2576	5200
1742	2376	5200
892	2164	5200
394	2556	5200
1210	2635	5200
1424	2892	5200
475	2758	5200
607	2525	5200
1673	2402	5200
1583	2785	5200
1602	2466	5300
1187	2602	5300
446	2856	5300
594	2564	5300
264	2205	5300
101	2351	5300
960	2503	5300
474	2919	5300
1618	2582	5300
95	2947	5300
535	2943	5400
1760	2492	5400
103	2995	5400
664	2863	5400
1967	2085	5400
1063	2755	5400
724	2394	5400
39	2231	5400
1346	2246	5500
1744	2433	5500
1825	2874	5500
1007	2190	5500
1704	2751	5500
886	2941	5500
387	2795	5500
161	2739	5500
62	2719	5500
1167	2089	5600
1436	2437	5600
119	2565	5600
171	2927	5600
1919	2325	5600
1258	2033	5600
1050	2283	5600
1527	2213	5600
617	2055	5600
1247	2215	5600
1468	2539	5600
740	2633	5600
822	2384	5600
1287	2259	5700
1917	2068	5700
1042	2033	5700
1114	2446	5700
567	2231	5700
1988	2609	5700
574	2779	5700
484	2462	5800
329	2154	5800
1867	2907	5800
1169	2292	5800
1514	2115	5800
722	2320	5800
1522	2323	5800
826	2086	5800
465	2387	5800
1703	2928	5900
1979	2125	5900
1311	2155	5900
990	2579	5900
154	2914	5900
60	2881	5900
1479	2104	5900
607	2296	5900
1290	2707	5900
496	2269	6000
1676	2519	6000
1403	2313	6000
1580	2348	6000
1659	2320	6000
895	2056	6000
1383	2717	6000
1636	2762	6100
1541	2982	6100
755	2644	6100
1707	2969	6100
923	2201	6100
582	2880	6100
229	2867	6200
1266	2196	6200
1649	2310	6200
754	2348	6200
1398	2294	6200
129	2849	6200
1774	2469	6300
7	2191	6300
29	2018	6300
1769	2907	6300
798	2042	6300
1161	2126	6300
1616	2446	6300
1340	2392	6300
880	2289	6300
1616	2266	6300
1498	2157	6300
1683	2774	6300
36	2377	6400
292	2495	6400
745	2194	6400
471	2936	6400
1177	2824	6400
193	2266	6400
1009	2768	6400
827	2095	6400
216	2532	6500
1963	2317	6500
775	2018	6500
1416	2594	6500
110	2897	6500
1792	2472	6500
1587	2966	6500
109	2113	6500
1421	2811	6500
120	2367	6500
1727	2689	6500
336	2416	6500
1296	2761	6500
1697	2269	6600
136	2246	6600
660	2694	6600
495	2196	6600
1999	2927	6600
1087	2703	6600
1095	2533	6600
1696	2922	6600
1543	2923	6600
497	2465	6700
199	2301	6700
314	2561	6700
299	2517	6700
272	2060	6700
1026	2275	6700
76	2956	6700
1941	2613	6800
1155	2825	6800
223	2611	6800
1634	2858	6800
402	2620	6800
1193	2423	6800
1292	2537	6800
557	2728	6800
1084	2157	6800
1496	2022	6800
1864	2769	6800
1183	2864	6900
867	2957	6900
1213	2078	6900
748	2490	6900
1316	2791	6900
527	2744	6900
1097	2831	6900
890	2367	6900
1522	2993	6900
583	2051	6900
1399	2637	7000
956	2962	7000
1423	2777	7000
228	2636	7000
399	2229	7000
1775	2234	7100
628	2233	7100
953	2157	7100
162	2719	7100
202	2603	7100
303	2636	7200
332	2655	7200
653	2992	7200
1825	2506	7200
173	2156	7200
177	2617	7200
1397	2574	7200
1448	2051	7200
1289	2528	7200
1262	2491	7200
468	2614	7200
159	2391	7200
1428	2807	7300
322	2244	7300
1403	2364	7300
142	2626	7300
1070	2728	7300
1679	2400	7300
9	2597	7300
1086	2362	7300
1558	2860	7300
51	2054	7400
206	2577	7400
1986	2594	7400
373	2720	7400
440	2881	7400
1483	2009	7400
501	2853	7400
530	2004	7400
873	2151	7400
341	2628	7400
1813	2653	7400
862	2881	7500
1486	2161	7500
1877	2843	7500
1438	2880	7500
1641	2297	7500
825	2129	7500
877	2639	7500
24	2011	7600
1921	2003	7600
1016	2266	7600
433	2884	7600
1728	2186	7600
1526	2177	7600
177	2136	7600
1835	2553	7600
1022	2915	7700
347	2618	7700
143	2166	7700
844	2289	7700
1852	2653	7700
679	2708	7700
1154	2540	7700
22	2575	7700
260	2284	7700
1225	2430	7800
748	2425	7800
870	2397	7800
1	2901	7800
272	2039	7800
1472	2344	7800
114	2360	7800
1658	2017	7800
585	2610	7800
1945	2216	7900
1494	2902	7900
1888	2044	7900
1579	2401	7900
1693	2148	7900
1426	2232	7900
1053	2330	7900
948	2319	7900
1380	2897	7900
1735	2009	7900
1550	2537	7900
1767	2184	7900
603	2344	7900
732	2549	7900
641	2302	7900
298	2761	7900
707	2909	8000
423	2061	8000
929	2842	8000
1556	2066	8000
1650	2569	8000
598	2470	8000
157	2900	8000
1087	2936	8000
564	2104	8000
16	2241	8000
20	2032	8000
1447	2146	8000
184	2225	8000
131	2017	8000
303	2089	8100
1218	2091	8100
126	2098	8100
1739	2048	8100
1023	2151	8100
134	2780	8100
1717	2582	8100
1275	2583	8100
605	2610	8100
162	2819	8100
911	2131	8200
157	2680	8200
1753	2537	8200
467	2747	8200
1372	2327	8200
125	2067	8200
989	2118	8200
1615	2954	8200
731	2046	8300
1225	2409	8300
417	2519	8300
1770	2211	8300
1857	2427	8300
569	2786	8300
1015	2146	8300
1100	2568	8400
1968	2204	8400
170	2239	8400
169	2823	8400
448	2440	8400
1977	2801	8400
444	2615	8400
1406	2991	8400
90	2686	8500
1797	2417	8500
1692	2517	8500
1929	2066	8500
1324	2459	8500
1088	2026	8500
1873	2280	8500
1727	2839	8500
1137	2352	8600
1418	2743	8600
123	2926	8600
318	2351	8600
488	2210	8600
764	2708	8600
21	2008	8600
987	2355	8600
715	2334	8700
1014	2068	8700
1995	2714	8700
1029	2476	8700
372	2630	8700
432	2886	8700
44	2226	8700
48	2867	8700
1713	2393	8800
1955	2098	8800
966	2316	8800
153	2814	8800
1371	2817	8800
414	2413	8800
683	2083	8800
637	2132	8800
70	2441	8800
1221	2019	8800
1877	2820	8800
1376	2375	8800
1427	2872	8900
28	2242	8900
1439	2670	8900
1633	2640	8900
1533	2823	8900
422	2109	9000
1409	2851	9000
364	2120	9000
85	2188	9000
1879	2582	9000
1890	2133	9000
1279	2329	9000
1920	2211	9100
503	2926	9100
866	2351	9100
848	2292	9100
183	2677	9100
1849	2118	9100
369	2793	9100
1609	2791	9200
1940	2408	9200
509	2852	9200
1248	2534	9200
1180	2009	9300
110	2507	9300
33	2593	9300
488	2053	9300
916	2136	9300
507	2447	9300
1274	2737	9300
713	2169	9400
492	2486	9400
1145	2028	9400
407	2695	9400
733	2869	9500
124	2322	9500
310	2247	9500
1461	2523	9600
1530	2805	9600
1018	2237	9700
359	2561	9700
236	2398	9700
1001	2092	9700
1651	2088	9700
435	2443	9700
43	2778	9700
1425	2148	9800
599	2276	9800
123	2060	9800
1328	2549	9800
1933	2063	9800
1680	2649	9800
538	2041	9900
1074	2859	9900
1580	2600	9900
1642	2279	9900
1172	2365	9900
1730	2809	10000
1003	2061	10000
26	2738	10000
53	2687	10000
361	2386	10000
1552	2684	10000
345	2985	10000
260	2499	10000
462	2828	10100
315	2870	10100
288	2939	10100
1302	2945	10200
1261	2376	10200
581	2673	10200
623	2915	10200
689	2383	10200
928	2976	10200
394	2379	10200
595	2439	10200
1754	2132	10200
1837	2101	10200
1712	2891	10200
1755	2116	10200
817	2058	10200
1772	2003	10300
1710	2217	10300
1493	2521	10300
1787	2113	10300
147	2786	10300
851	2358	10300
952	2968	10400
1971	2859	10400
447	2097	10400
137	2214	10400
897	2378	10400
150	2627	10400
1695	2233	10400
1099	2390	10400
1366	2963	10500
652	2203	10500
1844	2748	10500
1985	2897	10500
1060	2713	10500
1946	2905	10500
1997	2001	10500
96	2937	10500
1875	2847	10500
124	2636	10500
1356	2078	10600
518	2232	10600
1682	2711	10600
1612	2515	10600
1915	2634	10600
568	2956	10600
291	2375	10600
840	2131	10700
769	2930	10700
1185	2506	10700
1116	2220	10700
1301	2631	10700
1640	2941	10700
548	2082	10700
1728	2550	10700
1285	2785	10700
614	2105	10800
1850	2069	10800
890	2727	10800
872	2768	10800
1530	2876	10800
1217	2916	10800
1651	2434	10800
636	2349	10900
1965	2486	10900
930	2374	10900
1589	2542	10900
555	2180	10900
693	2111	11000
4	2655	11000
1668	2970	11000
1131	2746	11000
64	2936	11000
454	2634	11000
1801	2024	11000
1484	2758	11000
1928	2463	11000
1889	2766	11000
1431	2793	11000
1860	2259	11000
1814	2693	11000
200	2084	11100
592	2669	11100
471	2209	11100
934	2727	11100
555	2008	11100
1845	2461	11100
368	2908	11100
1916	2410	11200
627	2975	11200
1132	2121	11200
1329	2498	11200
1259	2139	11200
1432	2672	11300
613	2420	11300
801	2149	11300
63	2724	11300
761	2273	11300
1039	2555	11300
188	2004	11300
1599	2390	11300
311	2070	11400
464	2404	11400
887	2959	11400
1439	2486	11400
1269	2215	11400
1123	2405	11400
441	2721	11400
509	2032	11400
1890	2985	11400
185	2842	11500
1233	2743	11500
514	2215	11500
528	2870	11500
1152	2924	11500
451	2369	11500
1614	2993	11500
1005	2774	11500
1696	2605	11500
320	2308	11500
1361	2340	11500
1689	2602	11600
497	2995	11600
1563	2037	11600
766	2886	11600
970	2422	11600
1880	2893	11700
1375	2484	11700
499	2480	11700
1481	2736	11800
308	2087	11800
823	2086	11800
1303	2479	11900
1470	2678	11900
1677	2865	11900
1170	2544	11900
650	2506	11900
1587	2601	11900
466	2646	11900
504	2726	11900
962	2588	11900
1414	2893	12000
1411	2472	12000
1203	2574	12000
1764	2429	12000
959	2118	12000
1427	2284	12100
55	2173	12100
87	2137	12100
1417	2505	12100
1368	2373	12100
1116	2783	12100
1076	2265	12100
1240	2122	12100
1126	2934	12100
196	2716	12200
943	2601	12200
1516	2081	12200
548	2195	12200
57	2315	12200
1454	2235	12300
525	2228	12300
1344	2996	12300
10	2636	12300
1647	2775	12400
1674	2061	12400
849	2356	12400
616	2373	12400
1688	2836	12400
1384	2187	12400
1914	2892	12400
1784	2876	12400
1571	2031	12400
1943	2781	12400
159	2985	12400
1310	2238	12500
1905	2959	12500
108	2835	12500
151	2349	12500
1765	2857	12500
1981	2340	12500
1270	2844	12600
335	2183	12600
1836	2108	12600
1896	2171	12600
1636	2658	12600
1362	2184	12600
198	2662	12600
301	2039	12700
1880	2850	12700
1954	2743	12700
1983	2556	12700
1271	2328	12700
835	2374	12700
78	2081	12700
1320	2175	12800
1069	2946	12800
1121	2943	12800
1946	2903	12800
751	2219	12900
1490	2037	12900
1384	2617	12900
1672	2001	12900
1391	2895	12900
210	2946	13000
1435	2720	13000
533	2810	13000
932	2309	13000
1321	2461	13000
1874	2081	13000
1746	2017	13000
1635	2538	13000
1318	2399	13100
151	2216	13100
522	2580	13100
1189	2096	13100
838	2779	13100
1588	2043	13100
829	2073	13100
1745	2237	13200
726	2338	13200
747	2204	13200
699	2552	13200
1801	2270	13200
744	2021	13200
1224	2444	13200
896	2268	13200
175	2891	13200
1572	2772	13300
1719	2937	13300
286	2434	13300
1800	2546	13300
1147	2723	13400
379	2626	13400
884	2585	13400
1357	2443	13400
1581	2754	13500
717	2185	13500
534	2379	13500
604	2213	13500
1462	2331	13500
1859	2465	13600
716	2341	13600
804	2183	13600
924	2714	13600
1542	2704	13600
1501	2211	13600
813	2411	13600
1205	2290	13600
1491	2263	13700
926	2169	13700
1392	2250	13700
1412	2510	13700
878	2220	13800
1548	2084	13900
1568	2301	13900
280	2762	13900
689	2468	14000
842	2744	14000
316	2675	14000
1921	2598	14000
627	2541	14000
491	2696	14000
1882	2801	14000
820	2181	14000
251	2241	14000
1283	2872	14100
1910	2049	14100
225	2941	14100
164	2450	14100
1204	2315	14100
1212	2791	14200
1905	2742	14200
958	2184	14200
1309	2671	14200
942	2054	14300
67	2492	14300
1238	2439	14300
1892	2359	14300
294	2766	14400
1936	2141	14400
580	2840	14400
421	2439	14400
9	2821	14400
1041	2124	14500
615	2097	14500
494	2431	14500
1714	2428	14500
1981	2726	14500
1248	2676	14500
313	2030	14500
24	2928	14600
1473	2496	14600
1489	2141	14600
1009	2328	14600
1594	2806	14600
1047	2887	14700
1916	2696	14700
618	2242	14700
1649	2042	14700
333	2306	14700
1638	2450	14700
381	2909	14700
1648	2984	14700
194	2730	14800
289	2541	14800
1502	2080	14800
1922	2321	14800
312	2650	14800
57	2438	14800
1043	2059	14800
1573	2267	14900
1788	2337	14900
1182	2171	14900
584	2883	14900
136	2301	14900
908	2477	14900
1518	2474	14900
345	2391	14900
562	2497	15000
856	2403	15000
179	2816	15000
107	2312	15100
690	2498	15100
773	2327	15100
83	2608	15100
655	2030	15100
2	2621	15200
803	2882	15200
1211	2204	15200
963	2453	15200
1113	2494	15200
1060	2212	15200
1962	2749	15200
563	2050	15300
181	2423	15300
1777	2412	15300
13	2668	15300
419	2114	15300
865	2968	15300
276	2514	15400
1411	2382	15400
1559	2892	15400
915	2938	15500
1066	2810	15500
874	2140	15500
839	2820	15500
1806	2832	15500
1093	2450	15500
1142	2421	15600
349	2164	15600
1034	2179	15600
664	2182	15600
258	2207	15600
1169	2763	15600
1488	2715	15600
1382	2867	15700
489	2361	15800
1499	2202	15800
677	2944	15800
215	2850	15900
632	2222	15900
255	2851	15900
1141	2329	15900
1515	2777	15900
1288	2818	16000
92	2652	16000
700	2418	16000
651	2966	16000
85	2668	16000
1989	2548	16000
362	2875	16100
1617	2976	16100
1364	2487	16100
1731	2303	16100
1373	2092	16100
602	2820	16100
1216	2460	16100
326	2288	16200
761	2679	16200
706	2954	16200
1625	2586	16300
1647	2261	16400
1986	2288	16400
1117	2963	16400
1935	2281	16400
112	2285	16400
237	2787	16400
1941	2318	16500
105	2193	16500
94	2534	16500
1750	2577	16500
1378	2191	16600
395	2294	16600
1084	2452	16600
675	2815	16600
621	2330	16700
59	2476	16700
580	2708	16700
1350	2052	16700
1430	2165	16800
706	2445	16800
928	2169	16900
1077	2198	17000
376	2951	17000
1036	2183	17000
218	2430	17100
1913	2984	17100
816	2156	17100
1779	2166	17100
337	2005	17100
1037	2420	17200
1244	2493	17200
636	2012	17200
1738	2670	17200
844	2773	17200
11	2520	17200
1711	2809	17300
543	2070	17300
1329	2829	17300
1226	2275	17300
557	2838	17300
68	2197	17300
1088	2225	17300
106	2044	17400
1419	2699	17400
1440	2393	17500
552	2401	17500
1089	2281	17500
567	2632	17500
1348	2589	17500
1815	2681	17500
2	2471	17600
390	2265	17600
985	2974	17600
1257	2418	17600
1507	2816	17600
1878	2350	17700
1676	2128	17700
252	2144	17800
1389	2319	17800
1156	2608	17800
1280	2282	17800
1494	2414	17800
406	2990	17800
1906	2111	17900
1926	2224	17900
792	2326	17900
366	2004	17900
758	2666	17900
776	2954	17900
830	2150	18000
1620	2286	18000
879	2725	18000
898	2107	18000
1882	2079	18000
1590	2630	18000
306	2110	18000
1416	2894	18100
763	2573	18100
1151	2363	18100
266	2915	18200
234	2807	18200
604	2810	18200
817	2031	18200
1126	2290	18200
1277	2592	18200
1968	2981	18300
957	2078	18300
937	2580	18300
1631	2400	18300
891	2491	18300
1143	2586	18300
228	2608	18300
1117	2203	18400
1660	2751	18400
30	2826	18400
678	2384	18400
1041	2595	18500
1284	2147	18500
1299	2690	18500
1810	2262	18500
1773	2626	18500
1444	2960	18500
412	2229	18500
1335	2199	18600
907	2366	18700
1091	2862	18700
1374	2580	18700
365	2799	18700
132	2037	18700
828	2590	18700
1038	2107	18700
188	2142	18700
732	2395	18700
211	2250	18700
1466	2102	18800
480	2480	18900
1536	2289	18900
13	2251	18900
1107	2421	19000
1740	2643	19000
245	2412	19100
327	2747	19100
570	2596	19100
95	2324	19100
1312	2818	19100
1004	2071	19200
669	2435	19200
198	2790	19200
1543	2387	19200
1432	2760	19200
190	2293	19200
854	2722	19300
317	2784	19300
222	2758	19300
912	2240	19400
1052	2387	19400
1446	2641	19500
1622	2974	19500
1611	2485	19500
861	2217	19600
1885	2562	19600
1653	2599	19600
1480	2057	19700
798	2310	19700
1323	2296	19700
1973	2158	19700
230	2315	19700
1743	2343	19700
203	2236	19700
449	2598	19800
1902	2563	19800
889	2106	19900
1763	2758	19900
650	2167	20000
925	2987	20000
56	2477	20100
1731	2354	20100
1796	2768	20100
677	2304	20100
1953	2131	20200
821	2988	20200
1911	2139	20200
630	2642	20200
32	2773	20200
73	2338	20300
750	2420	20300
1048	2875	20300
33	2976	20300
1199	2870	20300
287	2648	20300
481	2134	20500
981	2206	20500
1221	2702	20500
652	2963	20600
885	2637	20600
297	2989	20600
31	2955	20600
278	2681	20700
1198	2432	20800
1471	2249	20800
1886	2462	20800
915	2887	20800
674	2556	20800
498	2448	20800
378	2680	20800
1008	2698	20800
278	2895	20800
1094	2479	20800
1204	2789	20800
1778	2090	20800
949	2287	20900
1163	2674	20900
1072	2285	20900
806	2848	20900
942	2902	21000
590	2874	21000
513	2570	21100
1317	2160	21100
820	2079	21100
1713	2350	21200
542	2739	21200
973	2919	21300
540	2244	21400
268	2714	21400
1339	2110	21400
1908	2929	21500
442	2154	21500
1220	2428	21500
397	2601	21500
1104	2869	21500
203	2302	21600
1830	2733	21700
1006	2496	21700
1843	2355	21700
1990	2781	21700
363	2125	21800
1785	2885	21800
1451	2211	21800
1733	2525	21800
1230	2176	21900
1231	2112	21900
460	2299	21900
1044	2278	21900
971	2227	22000
1194	2984	22000
596	2031	22100
1388	2906	22200
1458	2462	22200
850	2198	22200
688	2312	22200
1069	2647	22200
1184	2950	22300
616	2572	22300
1900	2877	22300
319	2197	22300
685	2245	22300
1309	2077	22300
1024	2664	22400
575	2199	22400
1012	2533	22400
353	2456	22400
100	2505	22500
1511	2473	22500
1949	2036	22500
47	2979	22600
736	2423	22600
41	2511	22600
1101	2941	22600
628	2648	22600
25	2086	22600
560	2012	22700
1876	2448	22700
332	2660	22700
1909	2920	22700
1212	2481	22800
1190	2511	22800
1793	2590	22800
781	2586	22800
1090	2639	22900
1776	2823	22900
947	2332	22900
1256	2608	22900
1496	2415	23100
465	2331	23100
1762	2873	23100
218	2971	23200
1121	2587	23200
1007	2748	23200
766	2968	23200
649	2478	23400
1829	2219	23400
383	2729	23400
64	2049	23400
629	2910	23400
1517	2895	23400
1028	2671	23400
122	2760	23400
1112	2421	23500
778	2600	23500
1824	2474	23500
1519	2654	23500
1814	2306	23500
1691	2310	23600
1610	2316	23600
18	2142	23600
1966	2937	23600
235	2293	23600
1214	2529	23700
812	2127	23700
1930	2847	23700
1444	2687	23800
1293	2329	23800
1156	2766	23800
1971	2276	23900
1178	2430	23900
623	2988	23900
818	2650	23900
307	2363	23900
1893	2767	24000
337	2685	24000
1412	2890	24000
115	2867	24000
520	2216	24200
1639	2713	24300
1862	2606	24400
1952	2659	24400
1655	2385	24400
1405	2257	24500
1720	2280	24500
128	2473	24600
1535	2273	24600
912	2548	24600
23	2201	24600
1912	2200	24700
791	2614	24700
727	2084	24800
1134	2184	24800
478	2210	24800
1873	2485	24800
633	2159	24800
1520	2494	24900
5	2696	24900
978	2439	24900
1903	2767	24900
715	2849	24900
88	2982	25000
1073	2530	25000
1122	2866	25000
1278	2802	25100
1623	2351	25100
1837	2821	25100
789	2753	25100
302	2684	25100
483	2432	25200
326	2417	25200
517	2460	25200
364	2230	25300
1206	2635	25300
517	2792	25300
1122	2715	25300
256	2635	25400
139	2153	25400
1164	2089	25400
1232	2884	25500
1569	2599	25600
217	2102	25700
635	2168	25800
709	2962	25800
1732	2759	25800
1168	2712	25800
140	2644	25800
1562	2735	25900
919	2928	25900
1799	2623	25900
1591	2903	25900
200	2025	26100
1283	2284	26200
1372	2607	26200
1977	2079	26200
1964	2422	26300
647	2013	26300
1455	2425	26400
18	2573	26400
1961	2857	26400
1549	2145	26500
1972	2746	26500
880	2773	26500
421	2932	26500
1937	2297	26500
1241	2840	26600
829	2278	26600
311	2043	26700
1809	2593	26700
1962	2374	26700
719	2662	26700
1827	2013	26700
1729	2794	26800
834	2210	26800
608	2964	26900
619	2311	26900
1397	2987	26900
21	2180	26900
443	2558	27000
656	2017	27000
1485	2409	27100
1269	2489	27100
917	2852	27100
1343	2006	27100
1394	2378	27200
1603	2546	27200
1296	2771	27200
519	2834	27300
862	2885	27300
938	2759	27300
1539	2910	27300
541	2479	27400
1896	2673	27400
270	2530	27400
1098	2884	27400
1502	2987	27500
1823	2031	27500
1179	2722	27600
197	2362	27600
855	2771	27700
34	2917	27800
74	2989	27900
1443	2314	27900
363	2733	28000
558	2024	28000
1268	2806	28000
1583	2471	28100
1644	2744	28100
348	2679	28100
224	2193	28100
1280	2707	28100
508	2215	28200
1601	2233	28200
1354	2507	28300
481	2854	28300
1811	2085	28300
1701	2887	28400
242	2858	28400
459	2069	28400
907	2707	28400
589	2007	28500
307	2087	28500
851	2822	28500
1618	2063	28700
1642	2777	28700
1323	2525	28800
1870	2004	28900
943	2910	28900
582	2133	28900
163	2101	28900
588	2002	29000
145	2784	29000
566	2821	29000
1244	2222	29100
5	2410	29100
1970	2389	29100
1947	2579	29100
909	2495	29100
325	2617	29100
646	2953	29100
1110	2740	29200
1120	2254	29200
739	2962	29200
800	2749	29200
1064	2499	29200
524	2259	29300
960	2634	29300
19	2262	29300
1188	2142	29300
625	2309	29300
678	2880	29300
6	2460	29400
1586	2391	29400
1488	2866	29500
1745	2948	29600
305	2931	29600
876	2035	29600
1560	2305	29700
408	2424	29700
1544	2218	29800
300	2061	29800
1160	2064	29800
1481	2473	29900
666	2321	29900
227	2684	29900
1563	2451	30000
1119	2821	30000
1858	2280	30000
544	2932	30100
1057	2075	30100
1806	2940	30100
1592	2772	30200
1887	2033	30200
92	2751	30200
80	2585	30200
524	2263	30400
674	2701	30400
1529	2398	30400
1186	2281	30400
1377	2585	30400
1656	2938	30500
1705	2292	30500
40	2260	30500
1059	2181	30500
1516	2090	30500
1923	2018	30600
1234	2804	30700
1904	2999	30700
559	2571	30700
407	2657	30700
165	2411	30700
1773	2001	30800
1111	2906	30900
684	2097	31000
916	2064	31100
847	2123	31100
1182	2731	31200
1158	2558	31200
1737	2138	31300
1604	2886	31300
220	2000	31300
1131	2512	31400
936	2812	31400
1512	2767	31400
986	2801	31400
1924	2499	31400
614	2002	31500
1735	2939	31500
833	2181	31500
1817	2999	31600
209	2511	31600
1951	2995	31700
1074	2003	31700
1000	2973	31700
416	2559	31900
416	2208	31900
10	2778	32000
1700	2058	32000
243	2093	32100
1799	2156	32100
1884	2621	32200
556	2493	32300
1761	2068	32300
415	2389	32300
699	2674	32300
932	2482	32300
17	2588	32300
1499	2500	32300
1864	2843	32300
1862	2723	32400
1393	2545	32400
1108	2389	32400
1844	2335	32400
1061	2904	32400
1956	2508	32500
837	2307	32600
451	2223	32600
767	2436	32600
1368	2572	32700
768	2487	32700
1951	2663	32800
765	2198	32800
1627	2610	32800
1525	2559	32900
328	2965	32900
1920	2943	32900
950	2116	32900
117	2927	33100
373	2704	33100
1437	2678	33100
1606	2210	33100
940	2363	33100
1014	2732	33200
36	2242	33200
1904	2392	33200
384	2784	33200
566	2101	33200
1086	2808	33200
1976	2152	33300
1527	2854	33300
1932	2706	33300
1243	2300	33300
477	2789	33400
790	2376	33500
1092	2901	33500
926	2060	33500
564	2703	33500
1874	2677	33500
1978	2062	33600
1542	2720	33600
579	2717	33600
1534	2291	33700
1794	2542	33700
1051	2533	33700
137	2506	33800
722	2510	33800
1183	2705	33900
718	2071	33900
186	2631	33900
1685	2817	34100
972	2194	34100
1974	2147	34200
1019	2987	34300
1189	2811	34300
1659	2138	34300
79	2990	34300
502	2006	34400
1022	2437	34500
1908	2611	34500
531	2547	34500
1040	2860	34500
393	2689	34500
840	2629	34800
855	2889	34800
1576	2170	35000
1024	2413	35100
796	2949	35300
1105	2243	35300
941	2137	35300
392	2166	35300
946	2651	35400
255	2326	35600
16	2282	35600
1082	2637	35800
1450	2896	35800
344	2778	35800
1322	2456	35800
305	2807	35900
1613	2942	35900
1193	2747	35900
144	2625	35900
1317	2962	36000
953	2452	36000
644	2454	36000
673	2160	36100
857	2848	36200
1678	2055	36300
620	2880	36300
1934	2265	36400
428	2272	36500
625	2482	36500
134	2055	36500
1075	2109	36600
0	2135	36700
1165	2045	36700
277	2945	36900
977	2571	36900
1315	2504	37000
1404	2047	37000
1795	2317	37100
229	2123	37100
630	2038	37100
781	2628	37100
752	2479	37100
168	2247	37100
87	2827	37200
355	2554	37200
1370	2254	37200
1732	2664	37300
995	2796	37400
316	2738	37400
1945	2313	37500
1838	2929	37600
1600	2869	37600
911	2963	37700
611	2325	37800
168	2159	37800
714	2397	37900
1447	2547	37900
310	2159	37900
1235	2872	38000
752	2192	38100
988	2671	38100
1438	2359	38400
1726	2850	38500
920	2175	38500
771	2367	38500
793	2112	38500
1353	2732	38600
351	2812	38700
1179	2794	38800
1848	2388	38800
1465	2395	38900
887	2145	39000
1605	2589	39000
1049	2923	39000
1000	2236	39200
972	2604	39200
224	2346	39200
1376	2677	39200
1756	2811	39300
827	2209	39300
869	2327	39300
978	2616	39400
0	2916	39400
334	2016	39400
1725	2383	39500
711	2830	39500
984	2438	39500
1364	2099	39600
111	2786	39600
491	2410	39700
619	2234	39800
25	2721	39800
952	2547	39800
215	2057	39900
94	2676	39900
1831	2940	40000
432	2978	40000
93	2532	40100
1804	2039	40100
98	2147	40200
1173	2370	40200
155	2604	40300
544	2708	40300
1847	2865	40400
226	2654	40500
1150	2040	40500
1217	2135	40500
403	2130	40500
241	2277	40500
649	2754	40600
42	2715	40600
239	2102	40600
1005	2199	40700
1838	2370	40900
1625	2628	41000
103	2318	41100
1214	2557	41200
788	2616	41200
1832	2442	41300
1556	2172	41300
1657	2367	41300
158	2466	41500
1568	2949	41500
1780	2347	41600
72	2994	41600
1220	2955	41700
1130	2227	41800
1058	2241	41800
877	2145	41900
3	2375	41900
743	2578	42100
906	2096	42100
1816	2253	42100
1159	2725	42200
1011	2770	42300
258	2841	42500
1628	2043	42500
610	2467	42600
1761	2732	42700
510	2136	42700
1227	2203	42800
1523	2123	42900
1854	2341	42900
1245	2015	42900
908	2618	43000
1555	2901	43000
1252	2610	43000
1666	2959	43100
1856	2930	43100
590	2665	43200
1402	2707	43300
1631	2668	43400
1054	2448	43500
562	2640	43500
1831	2188	43600
723	2790	43800
588	2105	43900
1593	2453	43900
1692	2756	43900
1824	2980	43900
661	2532	44000
264	2817	44000
959	2019	44000
104	2719	44000
1881	2418	44200
1264	2117	44200
904	2050	44300
119	2581	44300
1910	2782	44300
1300	2871	44400
1177	2751	44500
1716	2468	44600
393	2839	44600
502	2343	44600
1990	2878	44700
906	2926	44700
1452	2710	44800
1255	2992	44800
1385	2849	44900
186	2074	45000
1752	2961	45000
104	2682	45000
577	2577	45000
1630	2840	45100
1960	2832	45100
197	2193	45200
1163	2552	45400
273	2067	45400
1590	2444	45500
1051	2359	45600
81	2112	45600
902	2440	45700
1321	2845	45700
1210	2537	45800
1630	2960	45800
1603	2023	45800
238	2612	45900
523	2763	45900
858	2175	46000
967	2774	46000
1504	2502	46200
1609	2404	46200
1475	2028	46200
554	2573	46200
1147	2338	46300
1395	2865	46300
50	2275	46300
1421	2140	46400
1553	2458	46400
1369	2527	46400
1195	2586	46500
1826	2888	46500
1118	2015	46500
480	2134	46600
822	2792	46600
486	2092	46700
1166	2822	46700
1759	2858	46800
99	2560	46800
1927	2992	46800
265	2068	46900
647	2991	46900
1085	2249	47000
1440	2232	47000
1453	2927	47000
1301	2674	47000
1871	2728	47100
863	2073	47200
1742	2931	47500
245	2901	47500
1391	2916	47500
1567	2030	47600
402	2523	47700
1332	2115	47700
772	2258	47800
966	2337	47800
1679	2653	47900
191	2395	48000
612	2966	48100
519	2742	48200
1621	2807	48300
685	2643	48300
939	2202	48300
1102	2236	48300
353	2443	48400
883	2560	48500
1223	2752	48500
194	2218	48600
382	2080	48600
1521	2362	48900
857	2263	48900
991	2073	49000
1036	2027	49100
1219	2542	49100
259	2763	49200
1419	2765	49200
1830	2874	49300
1707	2719	49300
1033	2743	49400
1614	2449	49500
686	2130	49500
728	2356	49600
152	2365	49600
980	2111	49700
274	2924	49800
654	2449	49800
1675	2903	49800
240	2075	49800
721	2944	49800
536	2912	49900
1063	2085	49900
1251	2597	49900
494	2371	50000
1817	2795	50000
1912	2369	50000
1400	2761	50100
199	2949	50200
1623	2424	50200
1429	2093	50400
1201	2286	50400
1184	2012	50500
875	2376	50500
583	2188	50500
1757	2073	50500
797	2267	50700
263	2938	50800
1564	2311	50800
981	2190	50800
999	2668	50800
1167	2342	50900
1298	2731	50900
1065	2037	50900
1042	2503	50900
573	2093	51000
1197	2218	51000
1958	2997	51100
1332	2088	51100
1973	2837	51100
597	2051	51100
982	2021	51200
280	2658	51300
864	2991	51300
1059	2023	51400
1146	2450	51400
693	2833	51500
206	2366	51500
1207	2938	51500
1013	2958	51500
83	2076	51600
839	2727	51700
1320	2518	51800
221	2526	51800
424	2260	51900
1341	2486	51900
1893	2509	51900
1513	2883	52000
1794	2427	52100
1746	2798	52100
1452	2579	52200
634	2977	52300
883	2316	52400
293	2467	52400
304	2153	52400
1331	2362	52500
149	2516	52700
1697	2875	52800
977	2879	52800
1128	2253	52800
1157	2522	52800
1304	2826	52900
1811	2755	52900
639	2893	52900
275	2050	53000
599	2502	53000
865	2682	53000
1965	2120	53100
408	2812	53100
299	2756	53200
1741	2813	53200
632	2971	53400
1094	2192	53500
367	2045	53600
490	2484	53600
946	2018	53700
561	2535	53700
1328	2921	53700
1959	2369	53800
97	2196	53900
1331	2808	54000
1157	2014	54000
939	2500	54000
1044	2426	54000
370	2143	54200
516	2503	54300
637	2324	54300
412	2750	54300
474	2623	54400
951	2649	54400
1386	2647	54500
1604	2978	54600
1319	2760	54600
910	2400	54700
301	2800	54800
1709	2501	54800
1654	2071	54800
704	2891	54800
716	2126	54900
1643	2036	54900
411	2218	55000
1645	2134	55000
1196	2307	55000
37	2830	55000
1626	2798	55000
207	2284	55100
1206	2652	55100
1365	2096	55200
1667	2490	55300
1570	2213	55300
254	2933	55400
1195	2666	55500
1690	2762	55600
523	2640	55600
576	2495	55600
243	2834	55800
1068	2342	55900
212	2285	55900
1939	2116	55900
903	2802	56000
1802	2141	56000
646	2251	56000
1641	2077	56000
1834	2695	56100
476	2734	56200
1715	2056	56200
1135	2205	56300
204	2130	56300
867	2047	56400
1879	2845	56400
118	2538	56400
1596	2243	56500
905	2653	56600
868	2712	56800
75	2300	56800
173	2623	56900
42	2866	56900
1840	2656	57000
418	2134	57000
153	2554	57100
1898	2549	57100
704	2391	57100
368	2343	57200
1569	2673	57300
1958	2186	57300
668	2699	57300
999	2334	57300
1402	2282	57300
545	2612	57400
1457	2808	57500
670	2046	57500
1750	2819	57700
1048	2935	57700
1512	2456	57700
1704	2824	57800
350	2908	57800
1523	2276	57900
927	2800	58000
1782	2874	58000
449	2663	58100
1841	2813	58100
800	2741	58100
1418	2155	58200
680	2271	58200
1813	2805	58200
1375	2507	58300
574	2622	58300
1162	2052	58400
992	2435	58400
146	2114	58500
1148	2644	58600
830	2935	58800
521	2699	58800
739	2033	59000
30	2459	59000
648	2905	59000
921	2286	59100
271	2666	59100
429	2784	59200
40	2394	59200
1703	2011	59300
1870	2142	59300
1515	2279	59300
1532	2457	59500
1575	2065	59500
1467	2158	59500
1322	2090	59700
1282	2168	59800
682	2408	59800
330	2316	59800
1202	2133	59800
1113	2003	59900
681	2392	59900
148	2094	60100
1652	2591	60200
1415	2246	60300
1690	2167	60300
927	2039	60300
386	2458	60400
1137	2976	60500
1907	2770	60500
1800	2023	60600
1298	2883	60700
1096	2961	60700
1006	2412	60800
166	2840	60800
1123	2847	60800
391	2863	60900
1510	2182	60900
1841	2905	61000
309	2603	61000
1987	2943	61100
1455	2566	61200
529	2177	61200
362	2269	61300
1045	2773	61300
1267	2214	61500
1237	2703	61500
1390	2457	61600
737	2931	61600
1796	2088	61700
1763	2268	61700
1508	2851	61800
1538	2206	61800
1273	2886	61800
1423	2279	61800
1943	2611	61900
1867	2565	62100
439	2899	62100
210	2647	62200
72	2993	62400
591	2355	62600
1032	2725	62600
1242	2906	62600
1610	2437	62900
510	2617	62900
1166	2692	63000
796	2493	63100
356	2150	63200
259	2197	63200
14	2116	63200
744	2324	63300
1865	2692	63300
475	2323	63300
15	2908	63300
924	2569	63400
734	2878	63500
1325	2492	63500
283	2170	63600
189	2185	63600
679	2932	63600
90	2724	63700
797	2566	63800
1479	2174	64000
478	2053	64000
167	2221	64000
1521	2808	64100
1897	2221	64100
185	2988	64200
1498	2452	64300
1684	2235	64400
608	2772	64500
1611	2864	64600
777	2174	64700
1469	2777	64700
1011	2155	64800
1558	2491	64800
51	2305	64900
1471	2353	65200
1895	2460	65200
998	2782	65300
547	2360	65400
152	2785	65400
492	2271	65500
437	2635	65500
1233	2155	65600
644	2832	65600
963	2833	65700
31	2428	65700
1857	2890	65800
731	2788	65900
1617	2593	65900
1826	2567	65900
760	2364	66100
611	2178	66100
62	2236	66100
898	2619	66200
1779	2619	66400
889	2205	66500
1883	2615	66500
257	2276	66600
1845	2427	66600
675	2501	66600
172	2556	66800
1267	2121	66800
23	2737	66800
1414	2973	66800
713	2664	66900
1191	2173	67000
1950	2070	67100
149	2119	67200
725	2237	67300
1615	2402	67300
954	2272	67400
1082	2227	67500
1871	2838	67500
1174	2181	67500
6	2384	67500
176	2548	67500
1263	2564	67600
532	2764	67600
917	2032	67600
314	2983	67800
543	2669	67900
1650	2714	67900
1171	2514	68000
571	2721	68000
463	2426	68000
1553	2997	68200
639	2734	68200
1251	2501	68400
997	2355	68600
116	2451	68600
979	2549	68600
1237	2558	68700
435	2293	68700
705	2964	68700
1173	2828	68800
284	2369	68800
1628	2546	68800
1964	2612	68900
339	2419	68900
1282	2561	69000
1903	2509	69000
1164	2722	69100
1327	2371	69100
1589	2082	69100
1944	2066	69200
187	2957	69300
396	2237	69400
1293	2247	69400
701	2947	69500
655	2005	69500
522	2451	69600
130	2392	69600
805	2967	69700
268	2419	69800
1810	2958	69800
1755	2536	69900
1791	2501	69900
15	2334	70000
1120	2440	70100
1390	2493	70200
485	2609	70200
1792	2560	70300
1348	2601	70300
1898	2921	70300
503	2517	70400
558	2104	70400
1637	2247	70400
1181	2745	70500
746	2347	70500
725	2255	70600
1263	2688	70600
1420	2118	70600
333	2438	70600
1346	2301	70700
1509	2569	70700
681	2513	70800
313	2005	70800
1743	2006	70800
476	2716	70900
1029	2484	70900
1046	2688	70900
138	2917	70900
20	2852	70900
308	2110	71000
1141	2006	71000
80	2538	71100
1789	2425	71200
1139	2435	71200
1200	2705	71300
127	2532	71400
1517	2333	71400
1422	2309	71500
325	2187	71500
821	2842	71600
1249	2571	71600
1012	2359	71700
1786	2252	71800
179	2891	71800
275	2524	71900
1847	2946	71900
116	2580	71900
1352	2646	72000
772	2271	72100
1386	2946	72200
1480	2432	72300
1227	2969	72300
145	2394	72300
1366	2524	72400
1209	2679	72400
1752	2113	72400
414	2992	72400
1686	2662	72400
888	2538	72400
148	2577	72600
1772	2494	72700
881	2873	72700
1165	2145	72800
1927	2665	72900
819	2741	72900
807	2295	73000
126	2036	73000
1993	2550	73000
974	2754	73100
602	2727	73100
1654	2789	73100
1185	2167	73200
1668	2477	73300
1693	2920	73300
919	2011	73400
1853	2347	73400
702	2141	73400
683	2517	73500
86	2051	73500
542	2994	73500
615	2091	73600
391	2182	73600
447	2640	73700
91	2498	73800
1486	2213	73800
483	2057	73900
1821	2021	73900
885	2222	74000
401	2882	74000
1983	2106	74000
1054	2904	74100
129	2986	74200
520	2349	74300
1546	2592	74300
971	2349	74400
673	2217	74400
988	2067	74400
922	2422	74600
1764	2415	74600
241	2527	74600
138	2919	74700
1695	2510	74700
935	2054	74800
1247	2085	74800
1747	2908	74800
1276	2969	74900
1358	2019	75000
624	2755	75000
549	2663	75200
443	2703	75200
247	2470	75200
43	2691	75200
156	2490	75300
1683	2346	75300
935	2930	75400
1460	2358	75400
905	2779	75400
277	2352	75500
709	2551	75500
1539	2780	75500
324	2873	75500
1579	2736	75600
1677	2756	75600
209	2447	75600
338	2543	75700
1152	2303	75800
1315	2162	75800
1803	2339	75900
736	2160	75900
112	2829	75900
1514	2687	75900
1260	2246	76000
514	2489	76000
68	2871	76100
1705	2763	76200
1008	2268	76200
526	2954	76300
1197	2730	76400
1708	2930	76400
1849	2510	76400
1425	2920	76400
375	2339	76500
1178	2229	76600
1056	2505	76700
265	2176	76700
667	2904	76700
490	2271	76700
900	2717	76700
794	2738	76800
1829	2446	76900
1724	2358	76900
1751	2196	77000
444	2333	77000
1046	2555	77100
1254	2465	77200
1072	2555	77300
536	2904	77300
624	2459	77300
41	2209	77600
585	2022	77600
487	2585	77600
504	2692	77700
1531	2856	77800
365	2700	77800
86	2806	77800
1671	2241	77900
876	2752	78000
267	2771	78100
1823	2221	78200
1079	2087	78200
1330	2528	78200
1262	2860	78300
1889	2076	78300
1360	2728	78400
1294	2144	78600
91	2829	78600
1149	2780	78600
575	2078	78600
420	2320	78700
1457	2138	78800
1055	2084	78900
835	2088	78900
141	2993	79000
456	2988	79100
1700	2481	79200
508	2398	79200
894	2405	79200
914	2622	79200
757	2798	79200
1027	2500	79300
970	2788	79300
1295	2065	79400
1154	2024	79400
1933	2805	79500
762	2613	79600
1017	2975	79600
1288	2043	79600
287	2953	79700
1464	2411	79700
1935	2114	79700
63	2679	79800
1901	2152	79800
853	2583	79800
202	2918	79800
290	2697	79900
1407	2690	80100
1537	2495	80400
1199	2260	80400
297	2069	80500
244	2431	80500
1140	2641	80500
1039	2372	80600
1057	2676	80600
213	2146	80600
1938	2388	80700
810	2330	80700
1694	2881	80800
1129	2520	80800
1586	2985	80800
1151	2190	80900
1313	2996	81000
1982	2925	81100
462	2185	81100
956	2747	81100
286	2768	81200
1027	2202	81200
431	2267	81300
189	2939	81300
552	2531	81300
52	2390	81400
419	2162	81500
763	2474	81500
77	2846	81500
969	2136	81600
1584	2433	81700
1260	2396	81800
850	2027	82200
659	2607	82400
1015	2527	82400
1544	2730	82600
1608	2285	82600
135	2646	82600
175	2816	82800
1305	2741	82900
1291	2851	83100
527	2799	83100
1528	2272	83200
61	2888	83300
1373	2361	83300
784	2177	83400
1466	2654	83400
1776	2373	83500
128	2684	83500
872	2972	83600
609	2187	83600
102	2683	83700
256	2652	83700
445	2440	83700
1815	2070	83700
348	2686	83900
246	2294	83900
405	2806	83900
1255	2972	84000
1531	2944	84100
1261	2239	84100
1846	2146	84200
1190	2447	84300
204	2046	84400
1299	2179	84500
1104	2113	84500
118	2789	84500
472	2137	84700
458	2248	84900
1926	2725	84900
1304	2607	84900
160	2174	85000
1004	2761	85000
453	2179	85100
1888	2835	85100
1548	2618	85100
897	2100	85300
837	2836	85300
1430	2871	85300
1803	2853	85300
834	2053	85300
874	2513	85400
565	2278	85500
1680	2857	85500
1034	2011	85600
401	2417	85800
780	2361	85800
369	2753	85800
525	2570	85900
808	2975	85900
437	2652	85900
1606	2053	85900
1756	2140	86200
640	2337	86300
1678	2960	86300
779	2603	86300
381	2971	86400
208	2242	86400
367	2278	86400
1379	2056	86500
1310	2368	86600
340	2612	86600
601	2502	86800
493	2103	87000
130	2513	87000
1216	2997	87000
1632	2198	87200
549	2598	87200
1851	2143	87200
352	2273	87300
142	2831	87300
983	2075	87400
1948	2430	87500
902	2254	87500
1398	2511	87500
1881	2642	87500
707	2753	87700
653	2552	87700
1413	2034	87800
101	2655	87800
8	2804	87800
537	2059	87800
1900	2824	87900
1532	2261	88100
109	2289	88100
433	2795	88100
1923	2639	88200
441	2008	88200
1215	2796	88200
610	2307	88300
1001	2314	88300
1302	2111	88500
794	2675	88500
322	2598	88600
1533	2373	88600
759	2542	88600
1118	2277	88600
747	2981	88700
605	2797	88700
516	2634	88800
143	2571	88900
1526	2429	88900
1043	2438	89000
823	2536	89200
1196	2836	89300
1719	2961	89300
1621	2841	89500
1698	2569	89500
1125	2331	89500
1021	2899	89600
370	2008	89600
1807	2989	89700
598	2729	89700
1355	2909	89700
84	2798	89700
1229	2878	89800
1493	2646	90000
1025	2795	90200
1186	2680	90300
1669	2960	90300
385	2482	90300
1202	2520	90300
1768	2599	90400
809	2701	90400
170	2578	90600
187	2047	90700
1363	2889	90700
734	2781	90800
139	2206	90800
1349	2180	90800
1850	2989	90900
618	2377	91000
1954	2752	91000
1652	2109	91100
551	2713	91100
842	2799	91200
535	2587	91200
238	2490	91300
765	2027	91300
563	2965	91500
1780	2979	91500
684	2497	91500
67	2257	91700
294	2014	91900
1766	2831	92100
59	2396	92300
1956	2030	92400
350	2454	92400
1974	2397	92500
1442	2189	92600
1684	2352	92900
717	2752	93000
1359	2828	93300
648	2813	93300
1646	2878	93300
506	2397	93600
1605	2857	93700
266	2437	93900
1478	2579	94000
1153	2633	94000
1357	2456	94000
1917	2176	94100
1490	2914	94100
1351	2996	94100
201	2331	94300
728	2469	94400
540	2862	94400
346	2341	94400
743	2239	94600
1026	2900	94700
1484	2268	94700
1241	2972	94800
682	2894	95000
799	2853	95000
1797	2288	95100
1062	2651	95300
569	2381	95300
1607	2600	95300
81	2291	95300
1816	2649	95400
661	2481	95500
166	2590	95500
856	2049	95500
1808	2515	95600
1819	2595	95700
1144	2197	95900
710	2951	96200
641	2973	96200
1030	2368	96400
1595	2982	96400
422	2591	96500
742	2535	96600
1802	2380	96600
461	2810	96600
1453	2494	96700
1724	2822	96800
1572	2964	96900
803	2052	97000
1133	2596	97000
997	2046	97100
1540	2611	97200
775	2656	97300
1503	2436	97300
216	2675	97500
78	2090	97600
1470	2248	98000
247	2541	98000
1562	2757	98100
180	2940	98100
1855	2803	98200
193	2219	98500
1989	2240	98500
1285	2864	98600
338	2183	98600
1083	2178	98700
282	2127	98800
1734	2054	98900
597	2395	99000
539	2909	99300
852	2667	99400
69	2356	99400
1985	2377	99500
1597	2587	99600
181	2160	99800
1180	2939	99800
233	2869	100100
276	2434	100200
485	2860	100200
1666	2738	100300
1936	2380	100300
826	2691	100300
965	2837	100300
1139	2802	100400
405	2281	100400
1150	2143	100400
695	2466	100600
696	2812	100600
1491	2848	100700
1561	2371	100700
790	2718	101000
1734	2902	101000
1334	2019	101200
114	2605	101500
870	2016	101500
807	2257	101500
1681	2178	101500
1175	2925	101600
1574	2380	101600
39	2632	101700
697	2599	101800
945	2238	101800
1787	2127	101800
1545	2701	101900
849	2103	102000
746	2979	102300
1338	2512	102300
336	2525	102300
1500	2788	102500
1316	2404	102500
1130	2264	102900
1265	2856	103000
1473	2230	103100
665	2182	103300
1513	2602	103600
347	2949	103700
801	2123	103800
1294	2125	104000
335	2543	104000
930	2354	104000
410	2132	104100
773	2936	104100
733	2877	104100
505	2104	104500
1685	2035	104600
429	2680	104800
1252	2482	104900
1790	2243	105000
1891	2041	105100
1963	2629	105300
760	2313	105300
56	2970	105400
1213	2706	105400
1541	2544	105600
968	2250	105800
1577	2900	105900
217	2661	106000
12	2553	106000
667	2900	106200
1738	2120	106400
246	2776	106500
473	2672	106600
1607	2348	106700
107	2205	107200
1080	2081	107400
617	2115	107600
1134	2620	107800
8	2348	107900
76	2642	108000
1253	2279	108000
768	2099	108100
1207	2913	108200
1793	2838	108200
1868	2535	108500
17	2534	108600
1218	2097	108900
1067	2735	108900
1758	2721	108900
1925	2436	109000
804	2543	109300
587	2863	109400
893	2625	109400
1362	2109	109600
1656	2850	109700
1944	2172	109900
1953	2399	110000
745	2645	110100
342	2688	110500
584	2731	110600
1725	2745	110700
895	2079	110700
1378	2965	110900
1279	2737	110900
730	2555	111000
846	2605	111200
962	2628	111300
1979	2144	111400
1969	2401	111500
251	2592	111500
869	2428	111600
1474	2431	111700
663	2332	111800
1662	2919	111900
1585	2921	112300
274	2952	112400
1622	2190	112400
1687	2496	112500
455	2550	112500
409	2462	112800
327	2419	113100
1172	2568	113200
484	2651	113300
1686	2314	113300
708	2688	113700
1753	2713	113900
428	2065	114100
873	2670	114400
1957	2508	114400
526	2818	114700
74	2069	115000
792	2879	115100
1223	2835	115200
29	2794	115300
866	2607	115600
377	2488	115700
450	2151	115900
1194	2463	115900
976	2189	116000
1839	2206	116400
1138	2814	116500
718	2226	116800
389	2106	116900
1246	2783	116900
1392	2340	117000
1670	2767	117000
1996	2298	117100
1938	2103	117200
1068	2010	117200
629	2143	117400
592	2041	117400
1107	2267	117600
1688	2307	117700
788	2328	118400
626	2235	118500
470	2638	118700
1487	2010	119000
1769	2176	119000
1234	2958	119000
1665	2945	119100
593	2809	119200
98	2453	119200
61	2567	119500
787	2856	119700
638	2902	119800
214	2063	119800
1988	2868	119900
612	2955	120000
89	2288	120100
1718	2028	120100
1906	2945	120200
292	2620	120500
288	2009	120600
1644	2408	120700
105	2953	120700
359	2168	121000
1929	2172	121000
1715	2539	121300
392	2619	121800
330	2108	122000
1091	2469	122100
499	2394	122300
859	2256	122300
631	2776	122400
703	2739	122600
1955	2570	122700
1250	2711	122800
545	2399	122900
1866	2584	122900
825	2032	122900
1064	2261	123000
1461	2100	123200
1535	2924	123400
234	2841	123800
735	2001	124400
1566	2557	124500
1083	2325	124600
672	2372	125300
477	2226	125300
1475	2974	125500
1356	2436	125800
302	2336	126000
1002	2868	126500
1408	2705	126500
339	2341	126700
579	2252	127300
323	2813	127900
1982	2149	128000
824	2256	128000
1071	2545	128400
1723	2228	128400
961	2332	128400
1343	2329	128600
531	2750	128600
1739	2942	128800
227	2159	128900
1062	2656	129000
1449	2186	129000
753	2091	129300
1081	2239	130000
38	2304	130000
1371	2951	130200
595	2328	130300
1454	2421	130400
178	2942	130400
918	2000	130400
1961	2589	130900
1387	2149	131000
404	2633	131400
586	2859	131500
556	2305	131500
975	2498	131700
1462	2385	132300
1634	2012	132500
7	2913	132700
1629	2075	132800
576	2523	132900
1158	2488	132900
1565	2022	133000
97	2414	133200
117	2914	133700
1018	2948	134000
1504	2925	134400
71	2700	134600
1710	2243	134800
1674	2705	135000
1860	2007	135300
1010	2624	135500
58	2796	135500
1399	2545	135600
737	2469	135800
1127	2325	136100
1268	2961	136400
993	2823	136800
1389	2804	137100
1627	2661	137100
1056	2105	137600
371	2048	137800
671	2372	138600
1355	2545	138700
1783	2466	138700
343	2922	138800
334	2925	138900
1103	2515	139300
1537	2620	139700
1176	2025	140300
934	2454	140400
954	2431	141100
45	2515	141200
254	2022	142300
846	2368	142800
489	2539	142800
1741	2119	143000
603	2245	143100
1970	2370	143300
1155	2154	144800
1382	2967	144900
1010	2898	145400
1112	2189	145500
1575	2633	145700
1312	2226	146600
469	2756	147200
380	2238	147300
758	2195	147700
550	2170	147700
1073	2165	148000
828	2674	148000
767	2843	148200
1441	2095	149100
1208	2108	149300
226	2661	149300
886	2324	149500
1722	2249	149800
1643	2645	150000
920	2518	150100
973	2173	150300
1546	2416	150300
1998	2105	150400
169	2382	150400
295	2020	150600
1866	2300	152500
374	2861	153100
958	2645	153300
1524	2982	153400
882	2303	154000
1702	2523	154500
852	2606	154600
52	2308	154600
352	2230	155900
1550	2212	157200
343	2350	157600
814	2252	157600
901	2414	157700
1033	2914	158500
66	2565	159000
1161	2083	159100
530	2521	159100
1413	2882	160000
1308	2718	160500
714	2016	161700
427	2695	162000
937	2442	162800
882	2230	163200
1664	2256	163300
205	2922	163700
1145	2974	164000
93	2554	164400
1222	2508	164800
831	2071	165100
1555	2212	165200
776	2445	165200
453	2164	165500
568	2314	165600
1633	2497	166000
1795	2948	168000
321	2317	168000
1111	2062	168000
853	2553	168500
815	2837	168700
1508	2762	169200
1919	2312	169400
741	2848	169600
340	2425	170200
1832	2754	170700
1108	2179	171200
1648	2029	171200
500	2321	171300
1528	2091	171500
1050	2382	172800
1994	2007	172900
1176	2683	173300
1128	2384	173900
1662	2219	174500
1591	2063	175200
815	2158	175200
1645	2310	175300
1534	2056	176100
1848	2360	177000
1671	2592	177200
269	2354	177400
992	2775	177600
178	2048	177800
1751	2442	178700
1153	2512	178700
487	2706	179700
1089	2877	180100
71	2412	180900
191	2186	181600
1401	2283	181700
1250	2803	183100
1477	2736	183600
1646	2781	185600
560	2002	185600
1405	2295	185600
1450	2405	186600
1426	2562	188200
1759	2034	189700
452	2644	191500
1	2258	191800
48	2149	192700
780	2539	193900
1230	2673	194800
14	2000	194900
1433	2740	195300
1297	2865	195600
1842	2253	196400
680	2507	197200
512	2406	200000
382	2776	200600
1431	2957	202300
929	2861	203200
1100	2998	203400
1047	2002	206500
784	2429	207500
1712	2816	208800
836	2386	209000
793	2695	209300
415	2929	209700
951	2253	209700
1540	2935	210700
651	2748	211000
1393	2809	211400
901	2934	211900
1915	2083	212100
1868	2295	214700
1842	2458	214800
1925	2839	215500
331	2283	216300
237	2223	216300
547	2390	217900
676	2618	220600
539	2409	221200
438	2473	222300
1284	2171	222300
553	2214	222600
688	2035	223200
400	2158	223500
495	2442	223600
537	2299	224100
622	2303	225400
456	2020	226200
312	2381	226600
1228	2769	227300
486	2361	227400
1239	2029	227400
1598	2934	227900
1228	2843	234700
446	2304	235000
1620	2228	236000
985	2446	237200
1758	2013	237400
1950	2576	239700
127	2733	241400
155	2194	241700
395	2596	243000
1275	2416	243300
102	2025	243700
1994	2977	244100
376	2947	245400
933	2308	246400
144	2723	246500
1446	2575	247000
65	2375	247100
1239	2787	249500
1133	2544	249600
27	2132	250600
174	2321	252200
1858	2485	255700
1109	2038	255900
964	2072	257800
1720	2485	258400
211	2199	258800
1277	2416	259800
1463	2952	260200
285	2299	260800
694	2165	262400
3	2677	263700
248	2575	264600
1367	2828	265800
818	2381	266400
622	2354	268400
1090	2426	269000
1016	2335	270800
1721	2896	271000
1571	2131	273800
561	2929	274200
1367	2044	275100
529	2429	277900
1106	2418	280400
1638	2010	282600
88	2544	286000
242	2034	286500
1081	2862	286900
645	2861	286900
1278	2168	288800
1833	2575	288900
1897	2583	289200
457	2817	289300
1203	2415	290500
1114	2896	293900
1187	2565	294500
1098	2521	295900
1401	2748	297300
1489	2830	301100
1215	2757	301700
12	2583	303200
1899	2820	308400
434	2150	309000
205	2117	309800
54	2393	311200
1778	2201	311700
1208	2173	313100
1428	2121	313600
1781	2020	313700
1031	2787	314100
1201	2591	317000
1417	2364	318300
1507	2967	319100
789	2338	320200
1599	2308	322700
167	2000	323000
1109	2095	328000
1053	2952	329800
438	2683	334600
578	2120	337300
357	2769	338200
1379	2291	339200
1682	2258	340200
1287	2263	342100
219	2445	344000
621	2562	345100
1115	2667	345200
1410	2047	345900
1598	2290	347000
645	2042	348100
1594	2274	352700
726	2723	359700
1503	2401	360200
570	2627	362200
1885	2594	371300
1551	2984	371300
1409	2724	372900
1809	2378	381000
554	2815	382200
1748	2740	383300
1231	2407	385500
1238	2845	392700
994	2319	399000
