1762	2159	200
1921	2042	200
1020	2882	200
643	2713	200
1556	2217	200
1101	2325	200
1678	2427	200
1186	2024	200
270	2193	200
1441	2751	200
744	2321	200
1361	2059	200
1978	2311	300
1656	2887	300
1130	2479	300
695	2825	300
769	2152	300
498	2211	300
1024	2665	300
834	2102	300
1914	2294	300
517	2260	300
15	2329	300
476	2056	300
1122	2308	300
1355	2614	300
38	2110	300
677	2663	400
1276	2678	400
1283	2033	400
963	2802	400
1721	2151	400
1911	2472	400
360	2869	400
1258	2211	400
236	2709	400
454	2265	400
559	2975	400
466	2309	400
166	2197	400
479	2121	400
1784	2855	400
1141	2426	400
1722	2116	500
513	2091	500
50	2044	500
1340	2635	500
1479	2662	500
816	2213	500
764	2589	500
732	2808	500
838	2329	500
839	2324	500
1043	2384	500
10	2608	500
1205	2365	500
1611	2767	500
1730	2072	600
901	2879	600
747	2803	600
1416	2408	600
1867	2572	600
1346	2863	600
396	2901	600
938	2217	600
1595	2200	600
1313	2617	600
95	2869	600
869	2394	600
874	2051	600
1554	2542	600
1712	2249	600
1305	2777	600
152	2661	600
794	2778	600
1393	2255	600
1187	2654	600
852	2822	600
456	2726	600
714	2859	600
701	2430	700
1503	2493	700
539	2385	700
545	2566	700
1440	2998	700
1820	2535	700
1830	2863	700
1677	2844	700
1827	2214	700
745	2862	700
1687	2203	700
343	2178	700
1456	2421	700
1695	2668	700
1144	2434	700
325	2987	700
1874	2808	700
282	2188	700
978	2461	700
953	2107	700
766	2056	700
369	2837	700
1085	2353	800
849	2054	800
1593	2818	800
1254	2234	800
87	2486	800
426	2489	800
1132	2398	800
1639	2624	800
418	2854	800
514	2724	800
1315	2146	800
917	2460	800
80	2274	800
1499	2936	800
1637	2986	800
741	2046	800
1558	2116	800
1757	2717	800
1495	2043	900
632	2967	900
1029	2261	900
1884	2372	900
1856	2176	900
1782	2060	900
232	2351	900
318	2413	900
667	2477	900
494	2591	900
869	2156	900
1381	2953	900
1464	2543	900
240	2676	900
1931	2005	900
1274	2508	900
1968	2923	1000
229	2872	1000
249	2950	1000
850	2478	1000
1643	2526	1000
898	2194	1000
173	2519	1000
374	2729	1000
178	2588	1000
948	2200	1000
397	2899	1000
1984	2539	1000
979	2921	1000
1222	2133	1000
622	2031	1000
531	2146	1000
917	2809	1000
919	2075	1000
741	2221	1000
686	2045	1000
48	2639	1000
55	2822	1100
1943	2689	1100
1814	2893	1100
127	2089	1100
867	2198	1100
1056	2730	1100
221	2738	1100
1032	2203	1100
246	2580	1100
469	2926	1100
37	2514	1100
1798	2805	1100
146	2549	1100
145	2695	1100
1245	2537	1100
443	2993	1100
1898	2322	1100
678	2013	1100
1432	2923	1100
1406	2707	1100
704	2229	1200
1963	2923	1200
1037	2998	1200
1401	2370	1200
921	2673	1200
525	2526	1200
342	2174	1200
972	2846	1200
1723	2664	1200
583	2540	1200
770	2925	1200
1522	2549	1200
801	2293	1200
1322	2123	1200
644	2426	1200
1110	2012	1300
614	2667	1300
796	2618	1300
1867	2410	1300
391	2039	1300
887	2656	1300
1847	2863	1300
1523	2573	1300
660	2898	1300
1769	2472	1300
135	2142	1300
1989	2374	1300
959	2890	1300
572	2490	1400
1041	2637	1400
729	2072	1400
541	2714	1400
186	2431	1400
132	2155	1400
1409	2424	1400
1193	2392	1400
1163	2805	1400
1051	2115	1400
738	2940	1400
1304	2826	1400
1146	2031	1400
1501	2587	1500
1896	2874	1500
470	2831	1500
1007	2371	1500
482	2519	1500
339	2755	1500
1639	2187	1500
1536	2933	1500
53	2082	1500
1890	2891	1500
894	2153	1500
1256	2180	1500
1200	2011	1600
1906	2742	1600
1403	2553	1600
1916	2476	1600
1250	2909	1600
765	2167	1600
1850	2203	1600
1066	2147	1600
1409	2762	1600
649	2979	1600
488	2624	1600
4	2810	1600
1900	2105	1600
478	2900	1600
1334	2937	1600
658	2186	1600
1841	2916	1600
622	2023	1600
1835	2610	1600
182	2984	1600
519	2577	1600
1632	2305	1700
1371	2206	1700
300	2772	1700
687	2746	1700
379	2831	1700
1065	2351	1700
808	2354	1700
19	2804	1700
471	2369	1700
1259	2319	1700
1358	2646	1700
969	2387	1700
1973	2475	1700
1858	2014	1700
420	2138	1700
1883	2302	1700
1778	2934	1700
520	2948	1800
606	2234	1800
200	2062	1800
990	2802	1800
1647	2867	1800
338	2406	1800
113	2752	1800
875	2931	1800
372	2765	1800
1622	2010	1800
976	2840	1800
1629	2395	1800
1567	2510	1800
1198	2425	1800
1181	2954	1800
1363	2236	1800
1110	2041	1900
718	2834	1900
889	2611	1900
363	2874	1900
1196	2770	1900
736	2733	1900
160	2442	1900
1357	2253	1900
1787	2666	1900
162	2296	1900
291	2654	1900
1309	2088	1900
283	2717	1900
537	2078	2000
512	2541	2000
423	2502	2000
185	2655	2000
897	2203	2000
495	2952	2000
1917	2410	2000
1979	2660	2000
1731	2946	2000
153	2310	2000
1751	2514	2000
1545	2773	2000
1813	2323	2000
1080	2081	2000
1958	2806	2000
16	2381	2000
1586	2775	2000
1648	2006	2000
202	2236	2000
1938	2015	2100
1745	2481	2100
1774	2047	2100
239	2798	2100
106	2383	2100
1020	2349	2100
416	2216	2100
1531	2286	2100
994	2151	2100
1983	2099	2100
1550	2537	2100
253	2601	2100
1128	2782	2100
1393	2385	2100
483	2422	2200
987	2263	2200
553	2158	2200
419	2904	2200
956	2811	2200
820	2681	2200
1422	2974	2200
435	2081	2200
1289	2306	2200
1774	2388	2300
1100	2723	2300
275	2425	2300
676	2850	2300
702	2239	2300
809	2099	2300
418	2939	2300
786	2733	2300
8	2525	2300
1326	2980	2300
1123	2910	2300
1498	2157	2300
1950	2469	2300
871	2455	2300
1361	2538	2300
84	2717	2300
1819	2606	2400
1285	2977	2400
12	2284	2400
172	2169	2400
132	2836	2400
1090	2506	2400
459	2224	2400
954	2036	2400
906	2002	2400
993	2810	2400
262	2083	2400
387	2367	2400
1449	2400	2400
1619	2461	2400
1728	2101	2400
1895	2202	2400
439	2888	2400
1227	2971	2500
129	2849	2500
1646	2094	2500
1124	2372	2500
137	2660	2500
199	2125	2500
926	2439	2500
279	2585	2500
580	2589	2500
1332	2702	2500
1870	2924	2500
723	2273	2500
238	2432	2600
1147	2168	2600
25	2018	2600
1999	2383	2600
1859	2814	2600
380	2207	2600
1220	2810	2600
1239	2086	2600
1459	2632	2600
679	2040	2600
1216	2540	2600
81	2023	2600
1657	2845	2600
1800	2964	2600
1157	2238	2600
216	2158	2700
51	2860	2700
1367	2471	2700
543	2207	2700
810	2862	2700
963	2147	2700
1555	2530	2700
1735	2770	2700
956	2477	2700
694	2591	2700
827	2491	2700
241	2387	2700
1992	2895	2700
1033	2277	2800
296	2388	2800
136	2034	2800
782	2616	2800
1265	2066	2800
1876	2033	2800
252	2439	2800
256	2700	2800
1375	2028	2800
1349	2032	2800
1130	2609	2900
1577	2033	2900
280	2658	2900
1668	2169	2900
1306	2511	2900
1177	2187	2900
958	2749	2900
784	2987	2900
1801	2359	2900
1823	2399	2900
1119	2597	2900
77	2058	2900
1343	2426	2900
721	2757	3000
1356	2295	3000
1785	2530	3000
276	2799	3000
233	2396	3000
960	2620	3000
1929	2759	3000
117	2911	3000
499	2498	3000
773	2215	3000
759	2302	3000
180	2983	3000
754	2157	3000
336	2070	3100
1235	2343	3100
1954	2573	3100
795	2898	3100
688	2484	3100
264	2421	3100
1090	2066	3100
272	2972	3100
1976	2419	3100
909	2199	3100
1527	2556	3100
1962	2749	3100
968	2429	3100
1375	2627	3100
1189	2628	3100
1199	2127	3100
1791	2924	3100
958	2374	3100
451	2527	3100
1724	2706	3100
1280	2532	3100
1094	2457	3100
1392	2390	3100
483	2034	3200
821	2232	3200
221	2030	3200
796	2935	3200
205	2356	3200
1075	2824	3200
1324	2924	3200
588	2237	3200
1963	2682	3200
1626	2344	3200
261	2842	3200
1727	2839	3200
1425	2883	3300
647	2149	3300
614	2730	3300
860	2824	3300
1620	2720	3300
1258	2423	3300
474	2555	3300
15	2457	3300
1832	2276	3400
608	2267	3400
1211	2338	3400
712	2388	3400
1417	2529	3400
1365	2740	3400
529	2429	3400
1927	2165	3400
675	2994	3400
1412	2542	3400
1143	2332	3400
1172	2475	3400
950	2355	3400
1860	2977	3500
453	2538	3500
1621	2851	3500
1250	2529	3500
1282	2561	3500
142	2036	3500
1306	2319	3500
1114	2533	3500
1226	2270	3500
304	2348	3500
1866	2625	3500
404	2395	3500
1494	2766	3600
97	2860	3600
49	2397	3600
904	2338	3600
1272	2069	3600
1269	2665	3600
1189	2272	3600
1448	2400	3600
1922	2184	3600
225	2937	3600
1615	2954	3600
1725	2343	3700
1436	2579	3700
1688	2487	3700
299	2126	3700
1825	2946	3700
1617	2989	3700
1206	2513	3700
286	2521	3700
624	2268	3700
1534	2292	3700
791	2026	3700
1146	2575	3700
756	2344	3700
1207	2144	3800
945	2722	3800
682	2408	3800
126	2732	3800
729	2466	3800
929	2175	3800
935	2861	3800
1435	2640	3800
1188	2513	3800
193	2266	3800
222	2122	3800
1663	2143	3800
1467	2974	3800
521	2031	3800
1754	2064	3800
1754	2905	3800
1408	2288	3900
1318	2629	3900
1703	2538	3900
627	2851	3900
1109	2879	3900
1415	2334	3900
28	2377	3900
1547	2376	3900
743	2220	3900
1327	2242	3900
876	2884	3900
1497	2729	3900
1307	2162	3900
405	2188	3900
1324	2681	3900
1499	2806	3900
1882	2969	3900
780	2259	3900
83	2536	3900
1303	2409	3900
1519	2485	3900
1391	2358	4000
676	2164	4000
493	2544	4000
527	2963	4000
1452	2179	4000
1985	2530	4000
424	2380	4000
1446	2065	4000
1680	2391	4000
1869	2432	4100
915	2730	4100
1426	2128	4100
1772	2025	4100
1953	2330	4100
1074	2683	4100
1541	2257	4100
688	2495	4100
674	2729	4100
284	2223	4100
1714	2009	4100
1857	2812	4100
763	2452	4100
1446	2501	4100
1534	2065	4100
1841	2279	4100
52	2643	4100
893	2568	4100
1197	2159	4200
265	2128	4200
1288	2297	4200
493	2089	4200
277	2093	4200
1483	2836	4200
690	2829	4200
71	2361	4200
1575	2441	4200
628	2759	4200
1373	2548	4200
955	2767	4200
1627	2395	4200
1322	2293	4200
907	2045	4200
1500	2070	4300
369	2793	4300
1838	2448	4300
1674	2480	4300
1353	2472	4300
1193	2863	4300
384	2470	4300
1610	2048	4300
954	2283	4300
1259	2348	4300
1045	2324	4300
1990	2727	4300
1406	2302	4300
1535	2807	4400
677	2250	4400
1921	2541	4400
342	2912	4400
772	2604	4400
1120	2897	4400
684	2134	4400
587	2982	4400
1386	2060	4400
1650	2392	4400
977	2354	4400
1756	2615	4400
321	2321	4400
1872	2906	4400
661	2524	4500
1184	2248	4500
63	2167	4500
1115	2919	4500
1199	2784	4500
855	2960	4500
955	2584	4500
1457	2226	4600
748	2577	4600
1320	2128	4600
462	2817	4600
768	2519	4600
617	2830	4600
1352	2853	4600
326	2316	4700
1155	2713	4700
1954	2867	4700
1808	2463	4700
896	2014	4700
1657	2582	4700
1058	2023	4700
1293	2300	4700
737	2103	4800
858	2316	4800
931	2529	4800
1726	2401	4800
810	2741	4800
1949	2764	4800
119	2594	4800
1463	2829	4800
1474	2616	4800
1793	2165	4800
890	2186	4800
1756	2516	4800
791	2225	4800
290	2438	4800
1002	2116	4900
830	2267	4900
1414	2269	4900
1087	2743	4900
1445	2645	4900
745	2578	4900
462	2370	4900
790	2167	4900
1249	2744	4900
853	2700	4900
1492	2027	4900
1370	2392	4900
1058	2086	4900
1462	2485	4900
176	2021	4900
1891	2381	4900
1102	2918	4900
1316	2524	5000
613	2330	5000
1426	2175	5000
579	2121	5000
939	2449	5000
988	2997	5000
1418	2440	5100
1398	2892	5100
1852	2346	5100
1273	2719	5100
900	2891	5100
146	2384	5100
72	2485	5100
1626	2058	5100
1164	2707	5100
1701	2825	5200
1053	2069	5200
1107	2185	5200
549	2451	5200
761	2686	5200
680	2824	5200
1524	2001	5200
1660	2698	5200
1233	2281	5200
1706	2114	5200
1264	2029	5200
1279	2792	5200
1429	2788	5200
572	2672	5300
1905	2534	5300
1971	2232	5300
305	2791	5300
1433	2205	5300
116	2442	5300
1365	2301	5300
610	2467	5300
197	2280	5300
271	2118	5300
1129	2006	5400
1354	2313	5400
898	2862	5400
518	2560	5400
1918	2405	5400
1063	2215	5400
1242	2166	5400
509	2368	5400
1846	2415	5400
333	2648	5400
1968	2682	5400
615	2235	5500
1081	2198	5500
1509	2468	5500
1399	2096	5500
280	2594	5500
1420	2233	5500
800	2177	5500
166	2402	5500
777	2053	5500
240	2510	5500
726	2948	5600
1908	2828	5600
652	2807	5600
1218	2976	5600
1218	2420	5600
1760	2732	5600
1970	2620	5600
74	2378	5600
1134	2136	5600
1232	2233	5600
140	2857	5600
230	2978	5600
278	2684	5600
944	2781	5600
1044	2639	5600
409	2373	5700
664	2569	5700
1260	2243	5700
1807	2704	5700
1788	2318	5700
1267	2171	5700
1794	2570	5700
1640	2405	5700
523	2292	5700
1154	2999	5700
521	2575	5700
1645	2092	5700
1047	2699	5800
200	2185	5800
1366	2412	5800
416	2629	5800
938	2945	5800
1374	2743	5800
92	2970	5800
1777	2378	5800
848	2266	5800
1148	2463	5800
1150	2077	5800
1214	2875	5900
601	2167	5900
1674	2867	5900
1006	2283	5900
1465	2601	5900
1871	2441	5900
1826	2671	5900
706	2443	5900
659	2684	5900
1602	2605	5900
1945	2338	6000
774	2494	6000
904	2000	6000
1182	2208	6000
1302	2656	6000
24	2468	6000
902	2747	6000
1234	2285	6000
1580	2891	6000
22	2515	6000
1570	2921	6000
1851	2133	6000
0	2111	6000
863	2373	6100
842	2137	6100
103	2762	6100
1299	2756	6100
335	2096	6100
123	2992	6100
1679	2648	6100
1203	2813	6100
1614	2306	6100
989	2577	6100
1557	2529	6200
1523	2244	6200
438	2696	6200
528	2275	6200
1168	2212	6200
214	2924	6200
1603	2259	6200
636	2000	6300
1592	2850	6300
795	2604	6300
330	2370	6300
26	2554	6300
1089	2127	6300
569	2516	6300
566	2765	6300
1992	2721	6300
1937	2991	6300
356	2438	6300
1387	2959	6400
992	2198	6400
1564	2020	6400
1436	2383	6400
946	2336	6400
299	2563	6400
853	2513	6400
80	2774	6400
1667	2986	6400
1099	2444	6400
190	2090	6400
196	2012	6500
1854	2971	6500
1455	2576	6500
349	2164	6500
1223	2442	6500
793	2641	6500
1842	2488	6500
986	2403	6500
1747	2775	6500
1560	2406	6600
522	2870	6600
319	2371	6600
1812	2955	6600
302	2820	6600
1543	2592	6600
1392	2599	6600
1941	2375	6700
143	2345	6700
1738	2858	6700
1336	2747	6700
1765	2394	6700
1537	2127	6700
111	2734	6700
345	2499	6700
1540	2839	6700
231	2245	6800
472	2963	6800
1732	2945	6800
713	2992	6800
437	2184	6800
1010	2177	6800
893	2414	6800
362	2569	6900
1944	2796	6900
892	2448	6900
1039	2152	6900
481	2370	6900
1190	2870	6900
174	2497	6900
1300	2551	6900
1919	2187	6900
1247	2121	6900
1381	2876	6900
161	2279	6900
237	2485	6900
1335	2395	6900
563	2827	7000
1022	2471	7000
846	2651	7000
1219	2876	7000
1505	2605	7000
472	2807	7100
1999	2674	7100
1283	2914	7100
347	2800	7100
562	2511	7100
654	2105	7100
888	2058	7100
463	2675	7100
1183	2103	7200
1338	2153	7200
65	2332	7200
1679	2582	7200
496	2119	7200
822	2880	7200
354	2455	7200
1938	2922	7300
1276	2950	7300
1046	2667	7300
1037	2393	7300
990	2437	7300
687	2219	7300
1163	2570	7300
1008	2652	7300
1591	2815	7300
1672	2022	7300
1466	2076	7300
1427	2247	7300
1815	2681	7300
585	2090	7300
1740	2848	7400
25	2985	7400
207	2914	7400
204	2137	7400
556	2943	7400
1574	2679	7400
708	2627	7400
1710	2160	7400
1631	2051	7400
1402	2021	7400
423	2880	7400
1405	2673	7500
711	2171	7500
225	2362	7500
1450	2574	7500
800	2459	7500
758	2790	7500
1895	2705	7500
1602	2180	7500
1048	2061	7600
1836	2861	7600
1474	2989	7600
1717	2516	7600
192	2402	7600
134	2607	7600
1195	2671	7600
645	2813	7600
1598	2976	7700
293	2451	7700
1542	2741	7700
656	2443	7700
3	2654	7800
1212	2518	7800
1173	2603	7800
134	2712	7800
1791	2296	7800
895	2739	7800
1980	2288	7900
1951	2985	7900
584	2232	7900
1113	2068	7900
1581	2198	7900
1907	2084	7900
157	2743	7900
153	2424	7900
1210	2454	7900
1344	2652	7900
1149	2574	7900
147	2230	7900
385	2110	7900
1228	2677	7900
406	2393	8000
803	2645	8000
464	2748	8000
561	2204	8000
1902	2142	8000
1397	2256	8000
1805	2212	8000
269	2805	8000
1252	2781	8000
1438	2391	8000
1889	2180	8000
1126	2605	8000
1662	2139	8100
1038	2619	8100
526	2596	8100
1811	2008	8100
574	2792	8100
836	2508	8100
1564	2234	8200
128	2123	8200
553	2718	8200
244	2831	8200
1561	2869	8200
287	2832	8200
401	2158	8300
1819	2968	8300
359	2435	8300
249	2963	8300
1548	2468	8300
1596	2943	8300
1267	2946	8300
247	2841	8300
421	2428	8300
763	2958	8300
551	2751	8300
1749	2231	8300
1816	2293	8300
1861	2089	8400
1282	2816	8400
1263	2178	8400
1083	2951	8400
943	2380	8400
1140	2641	8400
182	2925	8400
1854	2963	8500
1142	2713	8500
1649	2318	8500
1887	2838	8500
114	2153	8500
833	2991	8500
635	2284	8500
431	2035	8600
1810	2285	8600
1223	2498	8600
1755	2837	8700
1708	2930	8700
1796	2328	8700
802	2503	8700
1966	2933	8700
815	2852	8700
1641	2636	8700
154	2448	8800
119	2658	8800
351	2703	8800
1104	2257	8800
1161	2709	8800
187	2723	8900
1862	2192	8900
1041	2760	8900
980	2150	8900
1665	2669	8900
1428	2376	8900
458	2152	8900
211	2035	8900
1847	2243	8900
233	2154	8900
828	2631	8900
1967	2571	8900
609	2630	8900
131	2899	8900
624	2504	8900
1899	2614	8900
1689	2471	9000
207	2375	9000
561	2976	9000
276	2858	9000
198	2993	9000
1447	2940	9000
919	2538	9000
899	2108	9100
705	2144	9100
506	2018	9100
902	2489	9100
1008	2053	9100
1486	2446	9100
497	2814	9200
805	2647	9200
1468	2143	9200
304	2319	9200
641	2302	9200
309	2247	9200
1014	2330	9300
364	2220	9300
341	2327	9300
61	2806	9300
281	2522	9300
1027	2277	9400
1924	2988	9400
1632	2080	9400
558	2345	9400
1291	2791	9400
717	2433	9400
391	2913	9400
1563	2651	9400
739	2949	9400
1035	2879	9500
1789	2144	9500
328	2844	9500
431	2421	9500
1748	2093	9500
113	2949	9500
928	2100	9500
1561	2503	9500
754	2809	9500
592	2436	9500
1303	2473	9500
1346	2334	9600
323	2022	9600
370	2991	9600
1614	2693	9600
1653	2007	9700
1012	2445	9700
1772	2959	9700
1761	2175	9700
530	2262	9700
33	2871	9700
1758	2761	9700
1720	2753	9700
697	2518	9800
7	2944	9800
541	2347	9800
560	2720	9800
1770	2258	9800
428	2633	9800
564	2452	9800
1506	2290	9900
1113	2526	9900
1055	2927	9900
1019	2787	9900
1238	2631	9900
650	2830	9900
1328	2921	9900
1831	2986	9900
685	2129	9900
645	2592	9900
14	2483	9900
1410	2643	9900
1490	2544	10000
1046	2967	10000
60	2261	10000
1073	2570	10000
1868	2501	10000
53	2195	10000
588	2719	10000
448	2561	10100
819	2515	10100
198	2558	10100
1068	2037	10200
1356	2078	10200
367	2844	10200
1453	2467	10200
1304	2252	10200
20	2891	10200
1413	2691	10300
403	2669	10300
593	2312	10300
787	2894	10300
619	2763	10300
1698	2543	10300
1009	2083	10300
1599	2304	10300
47	2988	10400
1307	2698	10400
494	2759	10400
568	2555	10400
548	2628	10400
1498	2116	10400
1278	2745	10500
1142	2352	10500
1327	2694	10500
703	2454	10500
983	2528	10500
281	2366	10500
1598	2338	10600
100	2979	10600
610	2213	10600
681	2700	10600
1855	2634	10600
1537	2961	10600
1484	2095	10600
288	2692	10600
486	2259	10600
1404	2298	10600
1699	2909	10700
1552	2170	10700
619	2694	10700
1397	2644	10700
1447	2646	10700
64	2107	10700
313	2932	10700
1003	2935	10800
908	2339	10800
1323	2886	10800
1231	2444	10800
1865	2584	10800
1521	2820	10800
1099	2304	10800
442	2159	10900
1955	2297	10900
1766	2874	10900
468	2929	10900
105	2528	10900
1312	2855	10900
823	2697	10900
1778	2677	10900
1385	2236	10900
1437	2783	11000
99	2337	11000
366	2670	11000
1333	2847	11000
510	2638	11000
23	2090	11000
297	2349	11100
1063	2521	11100
882	2153	11100
1845	2346	11100
62	2575	11100
83	2368	11100
399	2610	11100
460	2360	11100
1035	2047	11200
946	2683	11200
689	2343	11200
536	2829	11200
1888	2182	11200
872	2646	11200
1151	2348	11200
1630	2607	11200
1909	2018	11300
170	2196	11300
1314	2000	11300
830	2243	11300
365	2564	11300
1016	2911	11300
856	2715	11300
412	2104	11300
1118	2491	11300
36	2154	11400
256	2513	11400
1675	2001	11400
1377	2932	11400
1056	2667	11500
1077	2860	11500
788	2856	11500
1329	2507	11500
1443	2956	11500
1570	2253	11500
1423	2819	11500
1712	2457	11500
32	2200	11600
1460	2623	11600
1575	2002	11600
1515	2264	11600
1230	2828	11700
589	2393	11700
511	2072	11700
870	2836	11700
490	2004	11700
429	2161	11700
1606	2256	11700
1567	2708	11700
1103	2653	11700
201	2753	11700
290	2779	11700
863	2995	11800
640	2828	11800
365	2204	11800
501	2339	11800
1059	2238	11800
1410	2342	11800
1052	2592	11800
901	2388	12000
872	2051	12000
1067	2035	12100
1848	2183	12100
99	2418	12100
1600	2367	12100
320	2047	12200
710	2187	12200
295	2426	12200
473	2984	12300
549	2841	12300
1508	2718	12300
1875	2256	12300
306	2596	12300
1952	2015	12400
1158	2578	12400
1097	2378	12400
1654	2638	12400
507	2922	12400
1941	2717	12500
590	2424	12500
1601	2332	12500
1290	2483	12500
734	2493	12600
29	2037	12600
1926	2678	12600
218	2553	12600
1578	2016	12600
1995	2772	12600
1437	2665	12600
427	2032	12600
1670	2509	12600
1049	2929	12600
1681	2078	12700
257	2462	12700
1732	2217	12700
1502	2617	12700
86	2253	12700
324	2929	12700
189	2559	12800
798	2651	12800
1135	2160	12800
1810	2470	12800
909	2869	12800
667	2962	12800
1991	2303	12800
18	2095	12800
78	2463	12800
476	2957	12800
1844	2190	12900
1473	2626	12900
1528	2292	12900
1634	2057	13000
1454	2982	13000
1060	2361	13000
1496	2064	13000
46	2315	13000
356	2366	13000
1064	2282	13000
775	2959	13100
1797	2163	13100
936	2024	13100
1728	2386	13100
997	2130	13100
573	2189	13100
696	2244	13200
646	2102	13200
724	2687	13200
691	2845	13200
1749	2129	13200
1597	2054	13300
263	2125	13300
1936	2244	13300
929	2572	13300
1763	2705	13300
44	2390	13300
1576	2016	13400
1748	2094	13400
1620	2711	13400
1773	2764	13400
480	2810	13400
764	2446	13400
773	2252	13400
666	2402	13400
16	2547	13400
1928	2460	13400
634	2216	13500
897	2486	13500
208	2476	13500
1255	2055	13500
719	2540	13500
543	2424	13600
1105	2620	13600
358	2145	13600
1383	2705	13600
1740	2990	13700
110	2159	13700
740	2019	13700
639	2650	13700
806	2263	13700
1432	2682	13800
1270	2827	13800
533	2955	13800
932	2454	13800
1946	2210	13800
124	2613	13800
1730	2621	13900
922	2651	13900
1650	2772	13900
648	2497	13900
235	2110	13900
1988	2499	14000
1513	2287	14100
1840	2074	14100
1456	2035	14100
1209	2038	14100
317	2961	14100
395	2917	14100
1865	2767	14100
1337	2088	14100
1957	2842	14100
1504	2232	14200
411	2908	14200
1016	2106	14200
1736	2253	14200
528	2520	14200
1088	2490	14200
831	2727	14200
122	2225	14300
776	2509	14300
1062	2342	14300
170	2505	14400
1291	2718	14400
1009	2439	14400
812	2928	14400
1514	2695	14400
156	2586	14500
1000	2849	14500
1940	2349	14500
1178	2430	14600
1455	2150	14600
1742	2376	14600
133	2931	14600
1542	2194	14600
1120	2881	14600
1779	2642	14600
1839	2641	14600
597	2411	14600
387	2701	14700
392	2749	14700
241	2225	14700
1319	2797	14700
1763	2750	14700
215	2844	14800
447	2593	14800
788	2257	14800
1061	2049	14800
1219	2582	14800
1278	2598	14900
1573	2150	14900
484	2462	14900
973	2027	14900
1889	2922	14900
1088	2464	14900
1588	2889	14900
1581	2277	15000
1878	2245	15000
506	2985	15000
1585	2927	15000
777	2251	15000
579	2458	15000
1743	2549	15000
220	2173	15100
464	2271	15100
438	2951	15100
449	2318	15100
1329	2027	15100
1897	2340	15100
1634	2865	15200
1982	2044	15200
184	2225	15200
881	2622	15300
56	2480	15300
1176	2027	15300
692	2337	15300
1202	2122	15300
742	2321	15300
1562	2071	15300
1287	2007	15400
1646	2586	15400
1033	2011	15400
717	2421	15400
1777	2741	15400
123	2335	15400
552	2586	15500
1451	2451	15500
1783	2619	15500
1353	2382	15500
750	2445	15500
977	2724	15600
1618	2832	15600
441	2600	15600
343	2209	15700
1127	2713	15700
1510	2668	15700
1136	2402	15700
1898	2613	15700
1277	2813	15700
586	2234	15800
1880	2269	15800
702	2404	15800
1881	2523	15800
1362	2590	15800
222	2558	15800
413	2074	15900
1091	2791	15900
1793	2327	15900
383	2380	15900
136	2422	16000
720	2761	16000
1504	2531	16100
1036	2578	16100
1579	2872	16200
403	2150	16200
785	2269	16200
215	2913	16200
59	2001	16200
1475	2497	16200
625	2309	16200
1590	2615	16200
324	2255	16200
942	2760	16300
861	2144	16300
1215	2581	16300
1613	2580	16300
427	2868	16300
1164	2964	16300
762	2110	16300
1628	2297	16300
841	2803	16400
1284	2534	16400
913	2859	16400
446	2581	16400
1192	2312	16400
1300	2100	16400
906	2441	16500
789	2331	16500
357	2842	16500
473	2290	16600
560	2620	16600
883	2382	16600
1623	2442	16600
1305	2240	16600
1894	2969	16600
1939	2070	16700
492	2496	16700
1159	2783	16700
597	2247	16700
1996	2832	16700
485	2705	16700
638	2103	16800
1445	2604	16800
1668	2246	16800
253	2666	16800
191	2857	16800
1871	2002	16800
291	2557	16900
1828	2235	16900
1888	2160	16900
1507	2794	16900
1689	2602	17000
70	2429	17000
868	2689	17000
226	2078	17100
1442	2593	17100
1197	2699	17200
2	2290	17200
1481	2649	17200
634	2364	17200
879	2163	17200
447	2091	17200
865	2908	17200
596	2785	17300
1565	2523	17300
1161	2140	17300
609	2749	17300
474	2896	17300
524	2287	17500
1050	2896	17500
397	2589	17500
44	2599	17500
329	2822	17600
1684	2128	17700
13	2949	17700
231	2605	17800
126	2235	17800
1545	2210	17800
486	2032	17800
1693	2718	17900
7	2735	17900
674	2701	17900
1845	2940	18000
1975	2095	18000
1407	2218	18100
151	2412	18100
459	2470	18100
177	2104	18100
602	2320	18100
603	2728	18100
159	2502	18100
1158	2080	18200
924	2454	18200
975	2644	18200
1877	2447	18200
758	2181	18200
124	2322	18200
381	2557	18300
1072	2776	18300
1738	2799	18300
1015	2112	18300
1512	2508	18300
163	2609	18400
1354	2637	18400
1682	2208	18400
446	2818	18400
981	2626	18400
1093	2130	18500
715	2622	18500
860	2897	18500
539	2595	18600
422	2487	18600
1663	2273	18600
432	2980	18600
877	2639	18600
1676	2837	18700
581	2738	18700
626	2377	18700
1776	2418	18700
660	2262	18700
396	2530	18700
1628	2077	18700
841	2885	18800
266	2418	18800
1786	2843	18800
1330	2063	18800
1925	2813	18800
1477	2075	18800
1690	2505	18900
1912	2919	18900
845	2413	18900
943	2120	18900
1431	2592	18900
1512	2067	18900
69	2478	19000
1607	2098	19000
103	2042	19000
466	2980	19000
353	2013	19000
982	2138	19000
1005	2300	19000
433	2341	19100
345	2750	19100
1755	2793	19200
1529	2195	19200
214	2230	19200
1853	2353	19300
587	2205	19300
42	2512	19300
1904	2053	19300
1959	2231	19300
1430	2138	19300
1965	2254	19400
1737	2002	19400
1106	2540	19400
1873	2947	19400
121	2839	19400
912	2878	19400
314	2859	19500
1211	2420	19500
980	2576	19500
1493	2970	19500
1469	2333	19500
1801	2120	19500
1458	2608	19600
1339	2117	19600
632	2667	19700
1979	2894	19700
960	2242	19700
792	2024	19700
1961	2133	19700
165	2792	19700
1245	2001	19800
1969	2906	19800
739	2752	19900
1125	2996	19900
111	2425	19900
937	2544	20000
1051	2005	20000
77	2052	20000
1028	2997	20000
1069	2214	20100
1372	2428	20100
248	2321	20100
1552	2726	20200
804	2686	20200
1493	2341	20200
1734	2393	20300
1311	2817	20300
1538	2676	20300
213	2063	20300
511	2602	20400
1882	2821	20400
164	2131	20500
1535	2050	20500
492	2686	20500
294	2750	20500
168	2249	20500
1635	2690	20600
1771	2134	20600
1605	2270	20600
1162	2596	20600
965	2983	20600
39	2642	20700
1998	2545	20800
375	2423	20800
1733	2715	20800
961	2832	20800
1691	2413	20900
1439	2755	20900
1926	2950	21000
334	2883	21100
1439	2744	21100
928	2136	21100
1042	2811	21100
1331	2838	21100
377	2715	21100
1431	2168	21100
649	2829	21200
1930	2933	21200
1154	2936	21200
1905	2358	21200
1442	2748	21300
986	2715	21300
1471	2608	21300
507	2499	21300
410	2559	21400
1750	2075	21400
1418	2912	21400
500	2142	21400
976	2197	21400
1665	2050	21500
965	2753	21500
1532	2722	21500
1048	2904	21500
683	2191	21500
130	2079	21500
30	2755	21500
1904	2500	21500
728	2704	21600
1188	2747	21600
1803	2113	21600
1001	2273	21600
167	2821	21600
1853	2103	21700
1478	2316	21700
1711	2185	21700
212	2222	21700
5	2962	21700
1601	2771	21700
1382	2276	21800
581	2796	21800
352	2744	21800
1735	2939	21800
1918	2737	21800
899	2557	21900
1034	2433	21900
1683	2274	21900
1669	2895	21900
1231	2304	21900
289	2526	22000
505	2223	22000
1891	2819	22000
779	2522	22000
332	2612	22100
1105	2352	22100
54	2372	22200
757	2742	22200
1026	2323	22200
75	2653	22200
1707	2777	22200
1597	2688	22300
311	2554	22300
22	2512	22300
102	2545	22400
308	2728	22400
82	2964	22500
1666	2789	22500
381	2108	22600
422	2084	22600
1480	2163	22700
1191	2560	22700
843	2312	22700
554	2700	22700
1625	2964	22700
1892	2639	22700
11	2260	22800
895	2583	22800
267	2315	22800
1236	2842	22800
712	2879	22900
1160	2644	22900
1311	2927	23000
88	2627	23000
468	2562	23000
1031	2798	23100
1551	2950	23100
1635	2735	23100
618	2694	23100
806	2355	23100
301	2756	23200
716	2604	23200
1607	2271	23200
1025	2004	23200
1273	2547	23200
155	2711	23400
106	2683	23500
797	2675	23500
552	2093	23600
576	2696	23600
386	2993	23600
1962	2630	23600
685	2231	23600
298	2344	23600
709	2668	23700
1589	2779	23700
920	2748	23800
1592	2164	23800
1527	2601	23800
937	2440	23900
100	2507	23900
515	2797	23900
439	2117	23900
1729	2902	24000
1833	2873	24000
1703	2059	24100
1685	2611	24100
618	2286	24100
1133	2904	24100
746	2392	24100
1994	2240	24100
1583	2899	24100
1666	2801	24100
1553	2278	24100
1244	2192	24200
66	2389	24200
1301	2926	24200
1050	2804	24200
1262	2415	24200
1471	2229	24300
1252	2492	24300
34	2774	24300
40	2947	24400
186	2738	24500
818	2387	24500
1184	2740	24600
1260	2227	24600
534	2856	24600
1420	2953	24600
239	2148	24700
1454	2205	24700
17	2113	24700
1529	2082	24700
725	2849	24700
633	2736	24700
1835	2938	24800
1388	2397	24800
1434	2996	24900
574	2306	24900
1253	2788	24900
303	2600	24900
1560	2222	25000
1652	2217	25000
630	2776	25000
1704	2987	25000
510	2399	25000
187	2688	25100
409	2995	25100
1433	2982	25100
1021	2942	25100
1590	2657	25100
322	2353	25200
508	2830	25200
149	2303	25200
181	2876	25200
783	2086	25200
811	2671	25200
410	2909	25300
1624	2043	25300
1057	2292	25300
721	2944	25400
1713	2560	25400
782	2098	25400
1317	2182	25400
368	2986	25400
43	2037	25500
433	2258	25500
1910	2695	25600
1717	2777	25600
8	2546	25600
1292	2987	25600
616	2726	25700
1886	2675	25800
1045	2270	25800
550	2201	25900
1081	2573	25900
878	2496	25900
376	2182	25900
307	2193	25900
1221	2759	25900
450	2291	25900
213	2135	25900
1369	2331	25900
600	2659	26000
285	2235	26000
1655	2877	26000
616	2201	26100
1643	2068	26100
1946	2773	26100
826	2450	26100
995	2071	26200
1817	2949	26200
1538	2596	26200
425	2391	26200
346	2898	26300
1556	2945	26300
623	2389	26400
1531	2069	26400
1185	2665	26400
939	2815	26500
1516	2415	26500
1289	2693	26500
807	2760	26600
1617	2616	26600
1424	2146	26600
1596	2227	26700
1739	2102	26700
120	2706	26700
235	2509	26700
407	2482	26700
1928	2331	26700
376	2339	26800
731	2691	26800
571	2922	26800
555	2755	26900
441	2608	26900
426	2163	27000
1171	2845	27000
1780	2178	27100
1984	2241	27100
27	2725	27100
277	2043	27200
89	2417	27300
1877	2275	27300
1858	2797	27300
971	2125	27400
1901	2142	27400
183	2493	27400
26	2066	27600
582	2314	27600
33	2763	27700
1640	2737	27800
1823	2638	27800
970	2532	27800
1029	2152	27900
1710	2800	27900
1237	2224	27900
715	2464	28000
781	2997	28000
1284	2834	28200
1239	2525	28200
1421	2702	28300
1241	2574	28400
1775	2431	28500
1502	2941	28500
1799	2835	28500
21	2181	28500
974	2478	28600
465	2739	28600
1584	2433	28700
1702	2594	28700
371	2085	28700
910	2101	28700
537	2295	28800
1804	2126	28800
1321	2333	28800
1367	2745	28900
302	2300	28900
923	2270	29100
1863	2531	29200
1022	2602	29200
866	2351	29200
996	2325	29300
900	2273	29300
1321	2960	29300
1935	2003	29400
1208	2835	29400
1491	2350	29500
283	2073	29500
525	2068	29500
318	2823	29500
1095	2684	29500
1419	2562	29500
1734	2883	29600
1204	2690	29600
760	2295	29600
344	2355	29700
171	2336	29700
1944	2738	29700
255	2310	29700
1781	2072	29800
1573	2576	29800
503	2220	29800
707	2983	29900
733	2206	29900
1217	2712	30000
17	2289	30000
320	2288	30100
931	2406	30100
1713	2471	30100
430	2941	30100
1246	2937	30100
1526	2886	30100
223	2295	30200
90	2220	30200
631	2881	30200
47	2714	30300
1111	2806	30300
1644	2566	30400
767	2071	30400
844	2010	30400
1934	2188	30400
370	2073	30400
361	2957	30600
1487	2636	30700
1987	2569	30700
1716	2683	30700
1746	2661	30700
1368	2519	30800
1873	2415	30800
399	2938	30800
1517	2889	30800
436	2293	30800
115	2308	30900
1384	2307	30900
1795	2597	31000
1910	2141	31000
1342	2877	31200
734	2108	31300
1539	2380	31300
223	2433	31400
1660	2162	31400
467	2051	31400
1818	2928	31400
1960	2284	31400
210	2554	31500
1390	2345	31500
1017	2038	31700
824	2778	31700
1520	2097	31800
1379	2132	31800
849	2688	31900
1299	2576	31900
834	2200	31900
642	2178	31900
1507	2229	31900
285	2250	32000
1256	2568	32000
1661	2902	32100
1194	2492	32100
1102	2618	32100
1593	2020	32100
540	2766	32200
1691	2567	32200
974	2930	32300
272	2126	32300
848	2087	32300
1559	2491	32300
11	2314	32300
1247	2458	32400
704	2794	32400
1662	2560	32500
711	2946	32500
844	2996	32500
1848	2406	32600
1977	2241	32600
998	2966	32600
1811	2374	32600
172	2246	32700
999	2063	32700
1297	2740	32800
1802	2069	32800
1066	2410	32800
1023	2744	32800
1485	2875	32800
292	2856	32900
1170	2096	33000
352	2354	33000
854	2550	33100
884	2708	33100
1233	2754	33200
1859	2552	33300
315	2024	33300
512	2042	33400
350	2384	33400
1932	2771	33400
448	2507	33500
799	2233	33500
1244	2174	33600
596	2360	33600
242	2606	33700
1520	2389	33800
1194	2397	33800
1664	2228	33800
112	2695	33800
1112	2856	33900
414	2552	33900
1274	2067	33900
927	2335	34000
1658	2848	34000
1697	2550	34100
50	2745	34100
665	2486	34200
1993	2104	34200
709	2083	34300
1559	2892	34300
206	2893	34400
1711	2466	34400
681	2670	34400
727	2569	34500
1809	2364	34500
89	2271	34600
497	2020	34600
1981	2751	34600
605	2482	34600
1031	2148	34700
1961	2488	34700
137	2894	34900
158	2621	35100
161	2615	35100
1466	2956	35100
839	2820	35100
46	2333	35100
608	2453	35200
941	2248	35200
859	2029	35200
415	2176	35300
1246	2362	35300
1078	2615	35300
1268	2978	35300
1156	2750	35300
1376	2148	35300
1036	2080	35400
259	2787	35400
983	2438	35400
394	2796	35500
465	2416	35500
1288	2656	35600
1490	2089	35600
35	2456	35600
1005	2006	35600
693	2389	35800
1089	2488	35800
1039	2564	36000
1699	2825	36000
350	2202	36000
933	2308	36000
1757	2073	36100
1147	2654	36100
1582	2139	36200
598	2709	36200
1137	2097	36300
211	2893	36300
570	2319	36300
724	2166	36300
217	2456	36300
1923	2080	36400
1112	2257	36400
637	2653	36500
670	2785	36500
206	2436	36500
316	2077	36600
665	2496	36600
312	2539	36600
1686	2299	36600
673	2734	36700
1676	2793	36800
671	2904	36800
1541	2423	36800
1167	2920	36900
1152	2223	36900
1806	2761	36900
1138	2465	37000
520	2490	37100
368	2282	37100
1261	2985	37200
70	2905	37200
629	2921	37200
329	2929	37300
1790	2347	37300
668	2819	37300
813	2888	37400
1549	2686	37500
1411	2871	37600
821	2579	37700
1813	2919	37700
1468	2571	37700
1255	2465	37900
1281	2775	37900
442	2968	38100
1272	2382	38100
390	2265	38100
949	2942	38100
679	2685	38100
752	2041	38300
1124	2017	38300
189	2909	38300
1308	2748	38300
1786	2107	38300
575	2786	38300
158	2317	38400
1210	2101	38400
1680	2997	38500
1501	2243	38600
375	2182	38600
1700	2363	38600
757	2818	38700
413	2731	38700
653	2266	38700
444	2532	38700
1670	2934	38700
197	2064	38900
826	2355	39000
419	2967	39100
716	2645	39100
1204	2735	39200
1731	2171	39200
767	2803	39300
1915	2136	39300
1737	2441	39300
1500	2691	39300
984	2973	39400
1298	2780	39400
1654	2399	39500
565	2462	39600
1444	2254	39600
564	2323	39700
1021	2589	39700
1010	2459	39700
1931	2975	39700
1232	2953	39800
815	2456	39800
1417	2621	39900
498	2427	39900
346	2262	39900
934	2853	39900
163	2968	40000
378	2958	40000
87	2903	40000
509	2775	40000
348	2827	40100
1951	2018	40200
1359	2951	40300
1326	2558	40300
1837	2449	40300
1213	2885	40600
775	2375	40600
1268	2411	40600
49	2531	40700
1481	2618	40700
1444	2428	40700
1217	2607	40700
1054	2305	40900
722	2467	40900
957	2099	41000
383	2458	41000
970	2291	41000
801	2375	41300
56	2867	41300
69	2440	41300
269	2434	41300
1347	2797	41300
1183	2766	41400
1240	2181	41400
1072	2543	41500
288	2653	41500
1804	2517	41600
1422	2956	41600
347	2160	41700
227	2201	41800
477	2769	41800
452	2365	41800
407	2852	41800
1385	2119	41800
1414	2453	41900
599	2795	41900
1630	2702	41900
332	2297	42000
864	2833	42000
1652	2668	42200
1781	2466	42300
1751	2254	42300
1949	2286	42400
663	2992	42400
723	2642	42400
825	2015	42500
1827	2566	42600
274	2919	42600
1715	2819	42600
1505	2557	42800
108	2611	42900
24	2970	43000
1351	2804	43000
12	2343	43100
746	2341	43100
1384	2140	43200
991	2656	43300
149	2162	43300
258	2038	43400
1974	2954	43400
1452	2795	43500
1647	2480	43500
1909	2376	43600
1861	2920	43600
67	2593	43600
293	2841	43600
1313	2941	43700
1054	2931	43800
1696	2148	43800
664	2550	43900
1917	2371	43900
1878	2505	44000
1201	2495	44000
653	2590	44100
76	2285	44100
905	2697	44200
440	2497	44300
787	2660	44400
889	2603	44400
286	2215	44400
96	2274	44400
344	2450	44400
1690	2196	44500
1461	2379	44500
1275	2969	44500
1759	2218	44600
445	2928	44700
947	2893	44800
1907	2915	44800
1767	2634	44800
1608	2372	44900
1342	2527	44900
1762	2490	45000
1144	2685	45000
1332	2607	45000
987	2659	45100
930	2670	45200
36	2396	45400
1287	2581	45500
701	2071	45600
1070	2040	45600
1706	2701	45600
144	2626	45700
627	2070	45700
950	2450	45800
412	2886	45800
143	2979	46000
966	2791	46000
753	2455	46000
867	2573	46100
1395	2016	46100
1771	2019	46100
1443	2974	46100
98	2173	46200
1159	2903	46200
1610	2619	46200
542	2815	46200
54	2998	46300
1076	2673	46300
392	2326	46300
1519	2268	46300
1482	2124	46400
30	2826	46400
1053	2640	46500
1141	2502	46500
73	2606	46600
1038	2048	46600
774	2214	46800
1220	2155	46800
400	2348	46800
1843	2037	46900
1720	2723	46900
1644	2214	46900
554	2241	46900
1040	2555	46900
641	2008	46900
1350	2358	46900
1678	2477	47000
1790	2714	47100
1988	2342	47100
1425	2365	47200
1129	2611	47200
238	2469	47300
1371	2754	47300
646	2369	47300
1509	2800	47400
1824	2892	47400
884	2040	47400
1530	2657	47700
481	2176	47800
1269	2827	47800
1671	2408	47900
1913	2185	47900
530	2898	47900
654	2449	47900
169	2787	48000
578	2571	48000
862	2495	48000
984	2218	48100
876	2567	48200
669	2603	48300
1167	2038	48400
1825	2171	48400
1116	2783	48400
993	2823	48400
1388	2090	48500
1394	2271	48500
1830	2357	48500
1336	2903	48500
6	2447	48500
21	2013	48500
771	2467	48600
1887	2265	48800
1709	2294	48800
836	2067	48900
571	2180	49000
881	2464	49100
379	2361	49100
1374	2451	49300
478	2652	49300
328	2913	49500
535	2988	49500
1098	2423	49500
994	2619	49600
327	2328	49600
1128	2703	49700
1355	2822	49800
1884	2017	49800
1133	2258	49800
1428	2055	49900
1025	2635	49900
171	2492	50000
1568	2016	50200
870	2762	50200
1698	2114	50200
547	2883	50400
846	2859	50400
885	2096	50400
1609	2678	50500
577	2913	50500
142	2262	50500
1515	2734	50600
219	2077	50600
1266	2505	50600
1098	2838	50600
779	2736	50700
1508	2158	50800
880	2312	50800
247	2762	50800
835	2768	50800
1013	2558	50800
317	2703	50800
1086	2597	50900
1840	2731	51000
1986	2787	51000
167	2340	51100
1343	2693	51100
599	2179	51300
355	2398	51400
210	2972	51500
1083	2696	51500
129	2699	51600
335	2635	51600
1201	2484	51600
583	2999	51600
480	2830	51700
865	2409	51800
1677	2807	51800
1733	2121	51800
263	2034	51900
1496	2132	51900
1842	2166	51900
697	2716	52000
604	2379	52000
1796	2301	52000
62	2873	52000
1843	2432	52200
1624	2972	52200
408	2496	52300
1127	2352	52300
1977	2539	52500
1323	2104	52500
840	2416	52500
514	2354	52600
542	2449	52600
18	2309	52600
1015	2994	52600
1004	2344	52700
84	2991	52700
556	2865	52700
1190	2305	52700
1879	2241	52700
1358	2386	52700
85	2936	52700
434	2325	52800
1364	2666	52800
1571	2971	52900
1637	2693	52900
1366	2479	53000
879	2248	53000
1179	2785	53000
1955	2660	53100
661	2785	53200
2	2598	53200
1390	2979	53300
402	2989	53300
227	2726	53500
1876	2487	53500
289	2068	53500
1546	2889	53500
551	2877	53600
1770	2754	53700
1920	2480	53800
916	2846	53800
417	2998	53900
1062	2766	54000
35	2632	54100
1860	2263	54200
428	2066	54200
733	2258	54200
854	2473	54300
1547	2432	54300
590	2398	54300
37	2254	54300
1350	2534	54400
1213	2803	54400
1451	2710	54400
1372	2328	54400
388	2704	54500
185	2042	54700
1611	2584	54800
1341	2554	54800
1121	2000	54900
672	2722	54900
1237	2724	54900
1692	2125	55000
799	2953	55000
485	2536	55000
388	2356	55100
558	2003	55100
595	2631	55100
351	2961	55100
1864	2719	55100
912	2221	55100
252	2876	55200
1013	2223	55300
850	2860	55400
175	2260	55400
1055	2084	55700
819	2512	55700
966	2194	55800
866	2383	55800
13	2743	55800
1479	2367	55800
726	2606	55900
255	2190	55900
1344	2900	55900
228	2076	55900
1927	2702	56000
670	2131	56100
1249	2521	56100
1092	2279	56100
1111	2792	56100
940	2143	56200
837	2049	56300
548	2272	56300
300	2341	56400
538	2381	56400
1974	2435	56500
1198	2788	56600
224	2095	56700
1604	2105	56700
1043	2980	56700
727	2970	56800
1511	2850	56800
1	2553	56800
620	2278	56800
1225	2353	56900
1416	2417	56900
76	2470	56900
1116	2903	56900
1092	2916	56900
708	2624	57100
914	2105	57100
212	2239	57200
1224	2296	57200
458	2412	57300
1458	2600	57400
117	2106	57400
925	2377	57500
341	2591	57500
1809	2216	57600
1196	2213	57600
1310	2675	57600
359	2954	57700
1692	2334	57700
1792	2942	57700
633	2618	57800
877	2073	57800
45	2853	57800
714	2647	57900
1850	2907	58100
738	2761	58100
224	2491	58100
630	2662	58200
1526	2765	58200
594	2952	58300
1600	2543	58300
1857	2082	58300
1688	2962	58400
471	2102	58400
1759	2973	58500
503	2310	58500
631	2897	58500
73	2948	58600
1378	2763	58600
576	2951	58600
1187	2168	58600
295	2502	58600
856	2403	58700
243	2131	58800
179	2284	58800
1982	2318	58900
1135	2164	58900
577	2039	58900
1894	2046	58900
1965	2514	59000
1077	2930	59100
1026	2452	59100
1942	2382	59100
1901	2539	59100
1642	2890	59100
93	2137	59200
742	2948	59200
626	2364	59300
1405	2871	59300
1069	2469	59400
378	2367	59400
823	2657	59400
93	2669	59500
1012	2508	59500
133	2870	59600
184	2026	59600
546	2649	59700
559	2826	59700
1569	2923	59900
638	2902	60100
310	2677	60100
1798	2989	60100
1869	2137	60300
5	2477	60300
1976	2283	60300
1073	2551	60300
1658	2990	60400
690	2305	60400
663	2335	60400
1027	2011	60500
600	2263	60500
1591	2549	60500
1018	2012	60600
647	2494	60600
310	2443	60700
847	2600	60700
1334	2172	60800
691	2474	60800
1449	2500	60800
814	2013	60800
891	2877	60900
72	2983	60900
128	2006	61100
1318	2364	61100
1726	2587	61100
582	2260	61200
1485	2794	61200
1266	2017	61300
436	2123	61400
728	2404	61400
1933	2582	61500
1462	2938	61700
1408	2882	61900
508	2252	61900
1103	2172	61900
1530	2648	61900
953	2843	61900
750	2373	62000
805	2959	62000
515	2026	62100
1551	2678	62200
3	2758	62300
1913	2062	62300
1396	2941	62300
1638	2691	62300
1011	2603	62400
188	2709	62400
1011	2176	62500
1100	2473	62600
98	2124	62600
862	2484	62600
374	2927	62600
673	2865	62700
195	2170	62700
338	2183	62800
95	2199	62900
1032	2907	63100
1587	2942	63100
740	2098	63200
330	2854	63200
179	2435	63300
469	2060	63300
675	2112	63300
1084	2636	63300
1138	2469	63400
1837	2815	63400
452	2330	63500
360	2199	63600
1483	2655	63600
429	2394	63600
658	2666	63600
591	2716	63700
1229	2226	63700
1399	2967	63700
1799	2553	63700
382	2503	63700
698	2085	63700
874	2698	63700
1294	2130	63800
1495	2972	63900
1836	2952	63900
1030	2304	64000
1849	2659	64100
1940	2882	64200
1948	2492	64200
725	2282	64400
1752	2320	64400
1002	2157	64600
621	2007	64600
1862	2174	64700
1669	2721	64700
234	2228	64800
1082	2988	64800
573	2780	64900
1060	2065	64900
1704	2670	64900
141	2916	64900
496	2146	64900
1253	2425	65000
1340	2897	65100
557	2429	65100
1228	2934	65500
32	2151	65500
430	2617	65500
1242	2993	65500
1349	2864	65500
926	2328	65600
1831	2779	65600
382	2379	65700
504	2249	65700
1550	2251	65800
812	2646	65800
555	2681	65800
707	2331	65800
940	2571	65900
1000	2699	66000
1656	2034	66100
1137	2139	66200
570	2326	66200
1566	2466	66300
1378	2871	66300
1115	2003	66300
896	2994	66300
151	2479	66500
518	2602	66500
1765	2567	66500
1997	2711	66700
1818	2114	66700
1741	2026	66700
1030	2778	66800
9	2758	66800
1989	2008	66800
803	2943	66900
1286	2535	66900
1739	2452	66900
565	2841	67000
941	2740	67000
1983	2484	67000
837	2106	67000
1487	2566	67000
1387	2025	67100
1694	2501	67200
1407	2973	67300
1767	2028	67400
845	2574	67400
205	2704	67500
915	2622	67600
606	2109	67700
828	2335	67700
1470	2547	67700
1532	2054	67800
1864	2237	67900
1783	2151	68000
829	2780	68100
1049	2597	68200
1741	2021	68200
888	2732	68300
1687	2882	68300
1585	2556	68300
475	2249	68300
776	2925	68400
311	2310	68400
1464	2251	68500
181	2439	68600
1156	2902	68700
671	2061	68800
389	2781	68800
1177	2751	68800
1421	2165	68800
1448	2303	68800
1296	2280	68800
718	2534	68900
1401	2817	68900
406	2047	69000
1308	2732	69000
643	2352	69000
58	2019	69000
248	2221	69000
1200	2277	69100
1492	2714	69100
1753	2580	69100
1132	2631	69100
74	2048	69100
642	2209	69100
694	2327	69100
798	2149	69200
168	2457	69200
840	2046	69200
1773	2242	69300
1160	2256	69300
228	2956	69300
1761	2437	69400
499	2961	69400
1093	2778	69500
1829	2523	69500
1817	2752	69500
1006	2419	69500
502	2229	69500
945	2730	69600
268	2896	69600
769	2313	69700
371	2326	69700
1061	2413	69700
952	2789	69900
639	2672	70100
1902	2768	70100
489	2533	70100
1302	2814	70300
1548	2800	70400
1935	2498	70500
479	2458	70500
1563	2055	70600
1380	2191	70600
1341	2992	70600
1271	2932	70600
389	2099	70700
1510	2772	70700
92	2487	70900
390	2320	70900
470	2419	71000
908	2696	71100
1241	2446	71100
999	2135	71100
127	2920	71300
1936	2544	71300
1106	2652	71300
517	2996	71300
672	2347	71400
1899	2062	71400
174	2085	71400
64	2843	71400
1923	2680	71700
784	2527	71700
502	2880	71700
421	2926	71800
1139	2329	71800
736	2747	71900
1967	2143	71900
405	2940	72000
699	2371	72100
1776	2048	72100
755	2623	72100
1566	2584	72200
414	2814	72200
495	2222	72200
4	2955	72300
1716	2677	72400
1875	2644	72400
1868	2065	72400
1879	2474	72400
1574	2285	72400
1214	2794	72500
1725	2918	72500
1085	2174	72600
1297	2248	72600
584	2802	72600
1587	2446	72600
85	2999	72600
1262	2268	72600
531	2119	72800
538	2547	73000
1701	2476	73100
91	2523	73100
1707	2516	73100
51	2054	73200
1685	2059	73300
487	2361	73400
910	2386	73500
1673	2873	73500
1832	2435	73600
1071	2770	73600
1524	2537	73600
1424	2112	73700
1309	2029	73700
794	2308	73800
361	2056	73800
236	2521	73900
1702	2658	74000
1465	2917	74000
1514	2141	74300
952	2801	74300
1555	2901	74400
786	2768	74400
1993	2886	74400
669	2448	74500
500	2768	74500
1411	2763	74600
1667	2875	74600
975	2624	74700
1114	2510	74700
1924	2347	74900
1695	2563	74900
1554	2022	74900
1787	2186	74900
1743	2916	75000
1578	2669	75100
1604	2474	75200
985	2511	75200
1633	2548	75200
792	2784	75300
751	2337	75400
1071	2213	75400
279	2172	75400
1074	2123	75500
395	2601	75500
9	2168	75700
875	2870	75900
948	2588	76000
635	2300	76200
1314	2173	76200
232	2674	76200
39	2746	76200
155	2901	76300
1382	2914	76400
703	2474	76400
882	2765	76400
1186	2120	76600
1415	2043	76700
105	2056	76700
314	2647	76900
175	2314	76900
1577	2276	77000
340	2978	77000
148	2366	77000
1782	2563	77100
1815	2932	77100
755	2840	77400
1251	2052	77500
1380	2136	77600
201	2464	77700
42	2283	77700
327	2926	78300
1880	2849	78400
278	2687	78600
1018	2734	78700
1991	2400	78700
1525	2118	79000
598	2307	79100
766	2957	79200
104	2788	79200
1957	2613	79200
1441	2774	79300
1497	2701	79400
1659	2009	79500
516	2377	79600
243	2716	79800
118	2109	79800
1599	2444	79900
851	2818	79900
1294	2450	80000
490	2635	80000
1264	2088	80100
6	2275	80100
822	2613	80100
122	2294	80200
752	2012	80300
237	2112	80300
591	2131	80400
1068	2015	80400
1697	2473	80400
1627	2294	80500
148	2438	80600
887	2207	80600
1404	2014	80600
1896	2100	80800
1472	2627	80800
1402	2583	80800
1494	2793	81000
684	2019	81100
1165	2045	81100
1641	2092	81100
1562	2535	81200
333	2657	81200
1065	2795	81300
682	2417	81400
1828	2250	81400
264	2246	81400
1364	2186	81700
1315	2306	81700
1603	2130	81800
589	2316	81800
107	2118	81800
802	2379	81800
936	2784	81900
1265	2633	82000
1694	2634	82000
411	2875	82100
1370	2004	82100
1152	2896	82300
1856	2579	82400
689	2918	82600
199	2865	82700
322	2192	82700
1087	2710	82700
1075	2981	82700
785	2850	83100
998	2315	83200
1109	2194	83300
445	2114	83300
1870	2333	83300
1212	2716	83500
765	2462	83500
457	2495	83700
1881	2476	83800
398	2191	84000
1997	2720	84200
698	2326	84200
1117	2965	84400
1721	2746	84500
1240	2790	84600
1396	2617	84700
384	2724	84800
266	2337	84800
1511	2269	85000
1651	2445	85000
112	2141	85100
1803	2289	85200
605	2852	85300
1419	2672	85500
659	2687	85500
1814	2218	85700
1915	2191	85800
110	2973	85900
432	2122	86000
696	2931	86100
1263	2776	86400
625	2900	86400
1715	2855	86400
1683	2623	86500
437	2533	86600
585	2397	86800
1235	2918	87300
71	2694	87300
55	2760	87400
1922	2901	87400
1851	2936	87400
1812	2911	87600
1745	2864	87700
157	2244	87800
109	2447	87800
962	2407	87800
892	2962	87900
501	2770	87900
620	2092	87900
761	2741	88300
1386	2563	88300
202	2119	88400
1747	2643	88500
1047	2622	88700
1671	2417	88700
1919	2905	88700
1383	2329	88900
1122	2643	89100
1143	2585	89300
1331	2937	89500
1209	2578	89600
268	2580	89800
209	2774	89800
1379	2676	89800
1985	2396	90000
1753	2680	90000
1608	2017	90100
699	2325	90100
835	2733	90100
52	2342	90200
747	2885	90200
1925	2758	90300
1131	2565	90300
695	2688	90400
193	2591	90400
1506	2170	90500
156	2094	90500
602	2265	90500
1613	2737	90700
79	2664	91000
533	2106	91300
188	2296	91400
522	2588	91600
130	2140	91700
244	2640	91800
220	2124	91900
1238	2812	92000
339	2721	92000
1042	2928	92400
1606	2555	92400
650	2398	92600
260	2278	92600
1693	2349	92700
312	2512	92800
968	2905	93100
1395	2039	93200
454	2838	93300
86	2188	94000
1348	2684	94000
1301	2301	94100
1357	2113	94100
145	2141	94200
1893	2808	94500
75	2692	94500
135	2230	94500
362	2550	94600
1286	2062	94600
216	2524	94800
807	2313	94900
924	2698	94900
1339	2324	95000
191	2359	95100
1631	2101	95200
1722	2157	95300
1594	2411	95500
1460	2840	95700
1981	2463	95800
154	2427	96100
1150	2149	96200
1108	2981	96200
162	2140	96300
1470	2381	96400
1933	2648	96500
1780	2209	96900
424	2359	96900
544	2340	96900
1937	2149	97500
1362	2551	97600
229	2935	97800
1155	2981	97800
1708	2478	97900
817	2097	97900
1391	2431	98000
1675	2396	98000
487	2720	98100
1966	2692	98300
450	2240	98400
808	2224	98800
861	2786	99000
927	2087	99300
1852	2275	99300
1824	2064	99300
1136	2184	99400
1807	2680	99900
971	2965	100000
1174	2032	100000
301	2334	100100
1173	2872	100300
617	2252	100400
832	2727	100800
1987	2935	100900
1959	2129	101000
1576	2039	101200
31	2866	101200
1104	2169	101500
88	2028	101800
885	2401	102000
891	2527	102000
1994	2291	102000
1863	2336	102100
203	2247	102100
601	2224	102200
1203	2758	102300
1569	2682	102300
457	2673	102500
160	2498	102500
1795	2138	102600
118	2311	102700
1475	2907	102900
334	2288	103000
997	2259	103100
852	2614	103100
911	2663	103100
1482	2173	103300
1117	2050	103300
1543	2809	103500
1463	2680	103500
992	2011	103700
336	2577	103900
947	2436	103900
1325	2773	103900
282	2400	104400
23	2934	104600
402	2590	104700
886	2692	105000
1170	2162	105100
1434	2010	105100
780	2568	105100
1572	2522	105200
1533	2044	105400
996	2437	105700
562	2085	105800
234	2851	105900
1131	2087	106000
1064	2908	106200
1975	2999	106200
1052	2723	106400
964	2044	106700
1960	2282	106900
942	2637	106900
748	2483	107600
1317	2427	107700
713	2207	107900
972	2548	108000
1890	2219	108100
1281	2322	108200
1325	2210	108400
847	2322	108500
1484	2309	108500
1222	2488	108500
989	2851	108700
63	2155	108800
1912	2323	108800
859	2088	108900
1312	2411	108900
313	2899	109000
315	2784	109100
903	2925	109400
1648	2808	109700
1175	2798	110000
440	2378	110000
1752	2233	110100
756	2058	110200
1589	2820	110200
1207	2436	110700
961	2845	110800
1971	2579	110900
196	2041	111100
1572	2366	111100
1094	2202	111400
1174	2868	111400
1797	2645	112200
1024	2783	112200
1900	2251	112400
415	2084	112600
377	2403	112600
851	2020	112800
108	2531	112800
254	2861	112800
1724	2874	113000
586	2572	113000
1838	2872	113000
820	2215	113000
297	2862	113600
292	2226	113900
1095	2687	113900
651	2360	114000
1829	2835	114100
680	2981	114300
1435	2831	114500
1942	2472	114500
1298	2189	114600
1227	2050	115100
604	2503	115100
1330	2135	115200
719	2958	115400
1206	2004	115900
115	2868	116100
1618	2447	116100
925	2982	116200
401	2971	116300
434	2009	116300
306	2626	116500
1645	2278	116600
1179	2873	116800
566	2279	116900
1794	2551	117300
1403	2535	117600
1472	2028	117700
453	2059	118000
1995	2468	118100
1215	2087	118200
1789	2786	118500
1990	2736	119000
1359	2336	119000
930	2799	119100
973	2824	119200
1001	2642	119300
1216	2520	119800
1684	2350	120100
1440	2356	120100
957	2118	120400
991	2494	120900
1369	2661	120900
575	2093	121100
1175	2977	121200
1275	2532	121900
1775	2358	122000
1126	2245	122000
1121	2943	122200
1476	2226	122400
1488	2076	123000
60	2881	123100
96	2623	123100
529	2725	123100
1953	2728	123200
979	2133	123200
1491	2109	123300
1224	2374	123300
1176	2776	123700
813	2117	123900
816	2917	124100
394	2030	124200
1208	2405	124300
744	2821	124500
1945	2286	124500
628	2570	124700
355	2812	124700
771	2771	125500
1800	2045	125700
284	2804	125700
693	2493	125800
1623	2710	125900
246	2746	126500
1833	2483	126500
636	2965	126900
165	2324	127000
219	2373	127100
1885	2707	127100
615	2250	127500
1469	2960	127500
1348	2857	128200
781	2880	128300
916	2548	128400
1345	2847	128400
435	2504	128800
1221	2083	129000
662	2360	129300
91	2835	129400
935	2866	129400
934	2847	129400
97	2930	129500
1489	2947	129500
40	2407	129500
176	2583	129800
594	2405	129900
1821	2391	129900
1886	2789	130300
640	2614	130400
1956	2443	130400
1839	2177	130600
59	2537	131600
985	2640	131600
913	2647	131700
363	2690	132000
1134	2100	132000
905	2960	132100
386	2958	132400
1070	2685	132500
1588	2063	132600
613	2659	132700
1450	2009	133700
1480	2079	133900
519	2834	134100
1149	2823	134800
104	2887	135400
254	2866	135700
1413	2031	135900
1234	2679	136100
1929	2320	136200
1518	2202	136300
1934	2556	136500
1162	2145	136600
1180	2199	137000
1653	2616	137100
1920	2912	137300
1140	2664	137800
532	2593	137900
595	2658	138000
705	2786	138600
1816	2914	139100
1750	2727	140300
1586	2974	140300
373	2910	141700
275	2264	142000
1285	2798	142100
1019	2219	142400
544	2821	142500
557	2846	142700
94	2599	142900
1347	2562	143100
1243	2769	143500
722	2771	143800
886	2933	144000
45	2847	144000
491	2197	144800
1389	2219	144900
1978	2109	145000
833	2995	145100
838	2076	145200
65	2272	145400
1615	2067	145500
621	2581	145500
790	2155	146100
366	2799	146200
1766	2706	146600
536	2345	146600
298	2408	147100
1866	2010	147300
567	2966	148600
1185	2079	149100
1373	2664	149100
1539	2120	149300
907	2944	149400
652	2965	150500
116	2710	150600
829	2189	150800
261	2780	151900
1522	2384	152100
824	2444	152200
138	2978	152300
31	2861	152600
326	2418	152800
194	2889	153000
1192	2910	154000
94	2390	154500
1477	2706	155800
242	2968	156100
1230	2745	156200
475	2268	156300
1067	2169	157000
385	2828	158700
1764	2445	158900
1040	2737	159000
1768	2228	159700
933	2868	160100
177	2777	160200
962	2947	160800
125	2888	161500
120	2075	162000
1473	2363	162200
217	2460	162200
1633	2846	162400
449	2212	162600
1718	2029	162700
1171	2346	162900
827	2900	163400
1609	2518	164500
1834	2475	165100
1096	2504	165100
1651	2350	165400
1970	2881	165800
818	2892	166700
1225	2192	167000
1412	2022	167100
995	2430	167700
1947	2854	168100
443	2166	168400
1736	2729	168500
1638	2524	168600
666	2197	168900
1169	2115	168900
169	2139	169000
1243	2649	169000
1521	2135	169100
1672	2542	170300
516	2242	171900
209	2274	172300
1571	2264	172400
79	2511	173400
1467	2636	173400
1295	2853	175500
944	2984	176300
700	2437	178300
720	2346	182000
323	2542	182200
1964	2111	183700
152	2475	184500
1802	2486	185000
109	2888	186600
1007	2410	186700
759	2008	189000
855	2966	191100
1892	2092	191400
321	2518	191700
1820	2210	191800
491	2132	192000
607	2340	192300
273	2689	192500
398	2805	193800
1939	2552	195100
1558	2129	195900
890	2211	195900
1248	2434	197300
1758	2272	198100
1705	2419	198900
1400	2350	199500
1649	2212	200400
1792	2190	200700
1429	2719	202100
489	2725	202500
267	2966	203600
1328	2156	204100
1612	2201	205900
1622	2625	206000
420	2399	209000
1718	2414	209200
101	2170	209900
467	2945	210900
296	2196	211600
218	2773	213000
789	2661	213400
1086	2839	213900
922	2055	214100
1345	2556	214200
57	2878	214600
1536	2781	217000
309	2890	217100
547	2287	218100
1673	2455	218500
373	2952	219300
316	2494	219900
1768	2552	220700
1337	2023	220900
540	2837	221500
550	2802	222300
1605	2236	223100
1277	2672	223400
1742	2465	223700
1806	2390	225100
1612	2175	225300
192	2184	225300
1457	2690	226400
1119	2255	227600
1251	2728	228800
1101	2156	229200
648	2907	229800
1271	2082	230800
28	2885	233900
1595	2588	236900
1333	2113	237100
1319	2650	237700
274	2662	237900
27	2533	237900
1625	2237	238300
592	2944	239600
932	2303	239900
1335	2460	241100
1947	2939	242400
580	2359	242800
768	2939	243300
14	2887	248500
1377	2514	249200
567	2315	250500
607	2264	251500
1616	2857	254200
1822	2769	256000
1168	2917	258300
1108	2154	259200
1746	2081	259400
1568	2834	259600
1872	2649	261600
760	2339	262300
1785	2154	262500
864	2228	262700
183	2108	265900
1594	2855	265900
1958	2117	266000
911	2052	268600
1248	2266	269300
1459	2456	269500
1290	2887	270300
107	2689	272400
1044	2189	275700
1153	2632	276500
1855	2711	276800
825	2920	277000
1320	2612	279600
68	2407	281100
731	2086	283100
1096	2081	284700
66	2097	285800
1805	2289	286400
1080	2504	288300
873	2739	288900
655	2238	289400
1059	2575	289900
1705	2858	290700
1943	2205	291800
337	2833	293100
1849	2414	294700
526	2725	298300
58	2134	298500
1621	2735	300500
778	2969	300600
603	2052	301100
1486	2823	302700
1352	2628	304200
545	2238	304500
41	2840	306200
180	2610	306400
1616	2005	306700
393	2565	306800
873	2416	306900
461	2156	307200
349	2453	308400
372	2145	309300
1906	2311	309900
147	2697	312700
981	2515	312800
1788	2332	315100
1727	2767	316800
251	2625	317000
1582	2404	319500
611	2910	321600
683	2193	323000
1003	2033	323600
629	2671	324000
949	2190	327700
918	2122	329000
1719	2289	330500
1972	2368	330700
273	2430	331500
1808	2280	334000
1169	2005	335200
1557	2183	336700
1659	2314	344000
1948	2984	344500
455	2739	345400
451	2858	345700
131	2975	348100
1723	2091	351500
1996	2500	352400
657	2906	355700
1427	2890	356000
1023	2403	358000
1584	2736	358700
1642	2697	360400
208	2239	363500
772	2420	364500
868	2595	369400
34	2280	369500
