0 1 109 0 0 3
0 1 59 34 0 3
0 1 38 26 0 0
0 1 81 22 1 2
0 1 60 43 1 0
0 1 19 18 1 0
0 1 29 7 1 2
0 1 87 21 0 2
0 1 96 34 1 1
0 1 50 28 1 3
0 1 49 9 1 1
0 1 34 45 1 3
0 1 53 37 1 4
0 1 42 6 0 0
0 1 18 14 0 0
0 1 135 49 1 0
0 1 89 51 0 4
0 1 46 10 0 3
0 1 46 47 1 2
0 1 68 46 0 3
0 1 123 36 1 1
0 1 125 31 0 4
0 1 64 1 0 3
0 1 35 50 0 1
0 1 132 50 1 3
0 1 137 15 0 1
0 1 66 54 1 4
0 1 21 0 0 1
0 1 3 3 0 0
0 1 135 25 0 4
0 1 66 21 0 3
0 1 43 23 1 4
0 1 6 17 1 0
0 1 112 0 0 4
0 1 65 7 0 1
0 1 91 55 1 4
0 1 33 9 0 3
0 1 39 22 1 4
0 1 99 40 1 2
0 1 31 11 0 3
0 1 19 27 0 0
0 1 11 19 0 0
0 1 14 18 1 3
0 1 9 10 0 2
0 1 59 45 1 2
0 1 70 25 0 0
0 1 33 29 1 4
0 1 11 30 1 4
0 1 105 2 1 1
0 1 75 34 1 2
0 1 129 48 1 4
0 1 86 53 1 4
0 1 45 38 1 3
0 1 39 35 0 3
0 1 88 52 0 0
0 1 105 44 0 1
0 1 30 5 0 0
0 1 40 16 1 0
0 1 109 53 1 2
0 1 61 32 1 1
0 1 27 20 1 1
0 1 71 13 0 4
0 1 100 12 0 4
0 1 65 14 1 3
0 1 64 39 1 3
0 1 84 27 1 4
0 1 72 31 0 1
0 1 49 54 0 0
0 1 98 39 0 4
0 1 8 8 1 4
0 1 97 22 0 1
0 1 128 45 0 0
0 1 52 54 0 3
0 1 17 7 0 0
0 1 90 35 1 1
0 1 115 1 1 2
0 1 133 41 1 3
0 1 91 12 0 1
0 1 90 19 0 3
0 1 99 27 0 2
0 1 113 4 0 4
0 1 107 33 1 4
0 1 74 36 0 2
0 1 56 48 1 0
0 1 54 37 0 1
0 1 63 38 1 0
0 1 50 37 0 2
0 1 110 42 0 0
0 1 12 26 1 1
0 1 121 2 0 2
0 1 83 48 0 1
0 1 1 31 1 0
0 1 16 46 0 0
0 1 41 18 1 2
0 1 25 23 1 2
0 1 67 52 1 4
0 1 34 47 0 1
0 1 120 44 0 4
0 1 89 20 1 4
0 1 45 30 0 0
0 1 5 44 1 0
0 1 58 11 1 2
0 1 127 38 0 2
0 1 15 42 1 1
0 1 69 4 0 0
0 1 6 13 0 1
0 1 106 43 1 2
0 1 127 32 1 3
0 1 68 30 1 1
0 1 111 28 0 4
0 1 87 16 1 1
0 1 108 42 1 2
0 1 55 7 0 4
0 1 133 8 0 2
0 1 24 36 1 3
0 1 98 24 1 1
0 1 125 53 1 0
0 1 112 23 1 1
0 1 139 21 0 1
0 1 80 37 1 0
0 1 27 51 0 3
0 1 76 1 0 0
0 1 51 26 0 4
0 1 78 21 0 0
0 1 63 52 0 3
0 1 20 30 0 3
0 1 44 14 0 2
0 1 114 15 0 2
0 1 26 3 0 1
0 1 5 44 0 2
0 1 96 43 0 3
0 1 101 29 0 2
0 1 22 51 1 0
0 1 9 25 1 1
0 1 17 15 1 0
0 1 94 39 1 0
0 1 22 40 0 1
0 1 20 17 1 2
0 1 108 2 0 0
0 1 21 40 1 0
0 1 37 31 1 3
0 1 57 49 1 1
0 1 102 14 1 4
0 1 48 16 0 4
0 1 7 3 0 4
0 1 70 12 1 3
0 1 126 36 0 4
0 1 80 2 0 4
0 1 95 40 1 4
0 1 30 32 1 0
0 1 136 27 0 1
0 1 0 6 1 1
0 1 18 6 1 2
0 1 138 5 0 4
0 1 104 8 0 1
0 1 119 53 1 1
0 1 84 41 0 0
0 1 28 5 1 2
0 1 82 24 0 0
0 1 119 54 0 1
0 1 110 3 1 2
0 1 10 11 0 1
0 1 47 51 1 1
0 1 82 38 1 4
0 1 92 35 0 4
0 1 123 1 0 4
0 1 48 37 1 3
0 1 111 33 1 0
0 1 75 26 0 2
0 1 126 49 1 3
0 1 58 55 0 0
0 1 4 41 0 2
0 1 56 36 0 0
0 1 15 44 0 3
0 1 134 10 1 0
0 1 55 54 1 2
0 1 121 17 1 3
0 1 73 25 0 2
0 1 69 9 1 0
0 1 77 23 0 0
0 1 36 49 0 2
0 1 60 41 0 1
0 1 97 46 1 2
0 1 134 19 0 4
0 1 92 8 1 3
0 1 13 48 0 3
0 1 36 45 1 1
0 1 128 11 1 0
0 1 23 5 0 1
0 1 107 15 0 4
0 1 106 55 0 1
0 1 16 24 1 4
0 1 88 18 1 1
0 1 122 46 1 4
0 1 54 0 1 0
0 1 116 3 0 3
0 1 31 13 1 3
0 1 117 39 0 1
0 1 38 25 1 3
0 1 47 41 0 4
0 1 26 10 1 1
0 1 124 55 0 2
0 1 78 19 1 2
0 1 7 7 1 3
0 1 35 48 1 2
0 1 130 20 1 3
0 1 10 24 1 3
0 1 95 9 0 4
0 1 139 4 1 2
0 1 93 17 0 1
0 1 104 33 1 1
0 1 8 16 0 2
0 1 52 47 1 0
0 1 72 12 1 0
0 1 77 31 1 2
0 1 122 34 0 0
0 1 113 33 1 3
0 1 136 50 1 2
0 1 117 19 1 1
0 1 2 0 1 2
0 1 29 47 0 4
0 1 12 30 0 2
0 1 100 39 1 2
0 1 103 33 0 2
0 1 4 1 1 1
0 1 118 22 1 3
0 1 0 15 0 3
0 1 129 53 0 3
0 1 1 29 0 1
0 1 76 50 1 0
0 1 101 40 1 3
0 1 115 43 0 1
0 1 124 42 1 3
0 1 79 17 0 4
0 1 44 35 1 2
0 1 102 22 0 0
0 1 73 23 1 3
0 1 137 18 1 4
0 1 132 55 0 3
0 1 32 35 0 0
0 1 114 28 1 1
0 1 43 14 0 1
0 1 138 12 1 2
0 1 62 27 0 3
0 1 2 32 0 2
0 1 131 47 1 3
0 1 41 4 0 1
0 1 13 29 1 3
0 1 85 20 1 0
0 1 86 45 0 4
0 1 51 52 1 2
0 1 25 51 0 2
0 1 85 20 0 2
0 1 37 13 0 0
0 1 23 6 1 4
0 1 67 46 0 1
0 1 94 38 0 1
0 1 71 21 1 4
0 1 14 5 0 3
0 1 40 32 0 4
0 1 62 26 1 3
0 1 93 34 1 4
0 1 103 16 1 3
0 1 57 49 0 4
0 1 81 24 0 2
0 1 53 11 0 4
0 1 130 42 0 4
0 1 131 50 0 4
0 1 32 2 1 3
0 1 118 8 0 0
0 1 28 43 0 4
0 1 83 13 1 2
0 1 42 9 1 2
0 1 116 52 1 1
0 1 3 6 1 3
0 1 74 28 1 2
0 1 79 10 1 4
0 1 24 29 0 0
0 1 61 4 0 3
0 1 120 28 1 0
