0 1 74 38 0 0
0 1 30 40 0 0
0 1 17 42 1 3
0 1 93 55 1 2
0 1 66 22 1 0
0 1 18 11 1 0
0 1 67 36 0 0
0 1 85 49 1 2
0 1 59 53 1 4
0 1 19 54 0 0
0 1 53 34 0 1
0 1 6 16 1 1
0 1 41 15 0 4
0 1 108 9 0 4
0 1 89 1 1 0
0 1 113 30 0 2
0 1 27 1 1 3
0 1 32 44 1 0
0 1 63 13 1 0
0 1 17 13 0 2
0 1 104 40 0 2
0 1 107 6 1 2
0 1 31 10 0 1
0 1 83 46 0 1
0 1 116 39 1 4
0 1 28 47 0 1
0 1 128 8 0 3
0 1 84 31 1 0
0 1 139 31 0 2
0 1 97 37 0 3
0 1 90 48 1 2
0 1 59 40 0 3
0 1 124 33 0 0
0 1 132 48 0 4
0 1 54 54 1 3
0 1 87 45 0 4
0 1 120 26 1 3
0 1 13 39 1 0
0 1 84 51 0 2
0 1 29 44 0 2
0 1 30 35 1 1
0 1 61 33 1 4
0 1 123 4 1 3
0 1 63 3 0 0
0 1 98 23 0 4
0 1 29 24 1 2
0 1 45 38 1 3
0 1 133 28 0 0
0 1 45 3 0 4
0 1 51 20 1 1
0 1 135 29 1 4
0 1 83 27 1 3
0 1 68 39 0 1
0 1 89 2 0 4
0 1 4 8 1 0
0 1 79 19 0 1
0 1 92 46 0 2
0 1 130 20 1 3
0 1 33 19 1 4
0 1 82 25 0 0
0 1 64 50 1 2
0 1 138 5 1 0
0 1 48 45 0 1
0 1 110 6 1 4
0 1 122 12 0 1
0 1 96 21 1 3
0 1 116 28 0 3
0 1 21 25 1 2
0 1 122 24 1 3
0 1 33 53 0 2
0 1 73 31 0 4
0 1 118 14 0 1
0 1 94 41 1 1
0 1 70 9 0 3
0 1 133 35 1 4
0 1 81 16 1 0
0 1 78 26 1 1
0 1 117 0 0 3
0 1 61 55 0 4
0 1 7 24 1 0
0 1 23 49 0 3
0 1 68 43 1 1
0 1 51 32 0 3
0 1 99 37 1 1
0 1 91 7 1 0
0 1 20 18 0 4
0 1 39 0 1 2
0 1 128 21 1 0
0 1 44 32 0 0
0 1 124 27 1 4
0 1 4 26 0 0
0 1 40 35 0 2
0 1 114 4 1 2
0 1 2 15 0 0
0 1 43 29 0 1
0 1 35 7 1 4
0 1 14 42 0 1
0 1 77 46 1 4
0 1 110 20 0 2
0 1 86 17 0 2
0 1 69 54 0 2
0 1 58 51 0 3
0 1 64 12 0 2
0 1 75 16 1 4
0 1 46 30 1 4
0 1 120 55 0 3
0 1 38 37 1 4
0 1 23 41 1 3
0 1 87 17 1 3
0 1 60 10 1 2
0 1 100 52 1 1
0 1 16 45 1 2
0 1 113 39 1 2
0 1 65 12 1 3
0 1 31 5 1 2
0 1 134 7 0 3
0 1 107 27 0 0
0 1 95 52 0 4
0 1 11 12 1 0
0 1 16 43 0 0
0 1 115 22 0 1
0 1 131 21 1 4
0 1 5 34 0 3
0 1 123 14 0 2
0 1 47 19 1 2
0 1 24 8 1 1
0 1 72 36 1 4
0 1 24 4 0 0
0 1 48 23 1 0
0 1 34 17 0 1
0 1 12 5 0 1
0 1 94 34 0 0
0 1 18 53 0 1
0 1 14 7 1 2
0 1 138 31 0 1
0 1 88 18 1 2
0 1 62 30 1 3
0 1 127 29 1 3
0 1 104 5 1 3
0 1 62 27 0 1
0 1 114 39 0 3
0 1 10 32 0 4
0 1 112 52 0 0
0 1 66 50 0 3
0 1 102 43 0 4
0 1 44 21 1 1
0 1 36 26 0 2
0 1 11 31 0 3
0 1 26 30 1 1
0 1 126 1 0 1
0 1 10 6 1 0
0 1 99 15 0 3
0 1 57 51 0 4
0 1 76 47 0 3
0 1 36 29 1 2
0 1 19 41 1 2
0 1 3 17 0 0
0 1 38 34 0 4
0 1 22 3 0 3
0 1 74 9 1 1
0 1 34 41 1 0
0 1 101 42 0 4
0 1 103 18 0 1
0 1 50 45 1 3
0 1 129 11 1 3
0 1 77 1 0 2
0 1 52 38 0 4
0 1 95 52 1 3
0 1 42 47 0 4
0 1 8 20 0 4
0 1 5 38 1 1
0 1 56 25 1 4
0 1 42 19 1 3
0 1 49 14 1 3
0 1 126 40 1 1
0 1 118 23 1 3
0 1 125 54 0 4
0 1 80 27 0 2
0 1 27 13 0 3
0 1 108 50 1 4
0 1 50 30 0 0
0 1 134 48 1 1
0 1 37 25 1 3
0 1 86 14 1 4
0 1 92 10 1 0
0 1 25 24 0 4
0 1 20 55 1 1
0 1 2 2 1 3
0 1 58 11 1 1
0 1 71 47 1 0
0 1 25 10 1 3
0 1 13 32 0 1
0 1 121 3 0 2
0 1 103 33 1 2
0 1 39 54 0 1
0 1 121 37 1 2
0 1 21 46 0 3
0 1 139 21 1 2
0 1 119 16 0 2
0 1 1 51 1 1
0 1 55 55 1 0
0 1 72 47 0 2
0 1 109 42 0 0
0 1 69 0 1 1
0 1 137 20 1 0
0 1 78 8 0 4
0 1 8 53 1 3
0 1 49 50 0 1
0 1 111 4 1 4
0 1 73 43 1 2
0 1 135 43 0 3
0 1 15 40 1 4
0 1 22 38 1 2
0 1 0 34 0 2
0 1 101 16 1 3
0 1 137 11 0 4
0 1 60 9 0 2
0 1 88 6 0 3
0 1 98 49 1 0
0 1 82 28 1 1
0 1 37 18 0 3
0 1 93 41 0 4
0 1 9 23 1 1
0 1 26 14 0 0
0 1 65 44 0 1
0 1 127 23 0 2
0 1 3 7 1 1
0 1 131 22 0 3
0 1 132 3 1 1
0 1 28 13 1 1
0 1 35 17 0 4
0 1 129 11 0 2
0 1 80 42 1 2
0 1 6 19 0 0
0 1 136 0 1 0
0 1 52 52 1 2
0 1 117 49 1 4
0 1 119 13 1 4
0 1 15 9 0 0
0 1 109 0 1 4
0 1 76 8 1 2
0 1 90 49 0 1
0 1 136 28 0 4
0 1 67 6 1 1
0 1 57 2 1 2
0 1 0 15 1 2
0 1 12 2 1 1
0 1 91 36 0 3
0 1 105 25 0 1
0 1 125 35 1 0
0 1 7 44 0 3
0 1 56 22 0 2
0 1 70 22 1 4
0 1 96 5 0 4
0 1 71 4 0 1
0 1 46 26 0 4
0 1 112 53 1 0
0 1 40 44 1 4
0 1 54 33 0 3
0 1 55 10 0 4
0 1 100 18 0 0
0 1 43 48 1 0
0 1 47 48 0 3
0 1 102 12 1 4
0 1 32 50 0 0
0 1 1 33 0 1
0 1 53 2 1 0
0 1 85 36 0 2
0 1 106 28 1 2
0 1 79 45 1 0
0 1 115 15 1 1
0 1 9 46 0 0
0 1 130 51 0 0
0 1 81 36 0 1
0 1 97 35 1 3
0 1 106 1 0 4
0 1 105 32 1 2
0 1 111 29 0 0
0 1 41 24 1 1
0 1 75 37 0 0
