0 1 90 52 1 1
0 1 41 38 0 4
0 1 27 43 1 1
0 1 131 30 1 3
0 1 7 23 0 1
0 1 38 40 1 2
0 1 95 32 1 3
0 1 1 4 0 1
0 1 62 54 0 2
0 1 102 41 1 3
0 1 51 23 0 0
0 1 49 1 1 2
0 1 101 29 1 4
0 1 120 27 0 2
0 1 4 50 0 1
0 1 36 41 0 2
0 1 105 42 1 1
0 1 46 9 1 4
0 1 117 5 0 3
0 1 39 35 1 4
0 1 2 18 0 0
0 1 32 26 0 0
0 1 112 45 1 0
0 1 1 36 1 2
0 1 83 32 0 1
0 1 116 34 0 3
0 1 71 19 0 0
0 1 100 27 1 4
0 1 118 10 0 3
0 1 131 52 0 0
0 1 124 26 1 1
0 1 24 41 0 0
0 1 128 13 1 3
0 1 96 15 0 4
0 1 135 55 1 2
0 1 28 46 0 2
0 1 109 23 1 3
0 1 57 17 1 4
0 1 23 21 1 0
0 1 51 5 1 4
0 1 114 37 0 2
0 1 111 28 1 4
0 1 20 11 0 2
0 1 23 18 0 2
0 1 81 8 0 4
0 1 38 35 0 2
0 1 85 6 0 3
0 1 25 3 0 3
0 1 56 7 1 2
0 1 46 0 0 2
0 1 103 45 0 4
0 1 55 41 1 1
0 1 35 3 0 4
0 1 3 13 1 2
0 1 70 14 0 2
0 1 118 31 1 3
0 1 41 18 1 3
0 1 33 45 1 3
0 1 10 28 0 1
0 1 78 24 1 2
0 1 25 40 1 4
0 1 26 51 0 2
0 1 115 16 1 1
0 1 110 36 0 0
0 1 37 49 1 2
0 1 111 16 0 3
0 1 28 44 1 1
0 1 106 19 1 1
0 1 87 38 1 2
0 1 102 17 0 0
0 1 66 21 0 1
0 1 135 8 0 3
0 1 63 25 0 3
0 1 65 22 1 2
0 1 58 6 1 4
0 1 4 0 1 1
0 1 97 47 0 4
0 1 139 14 0 1
0 1 68 4 0 3
0 1 45 27 1 1
0 1 10 48 1 1
0 1 19 2 0 1
0 1 138 33 0 4
0 1 20 34 1 0
0 1 72 2 1 4
0 1 112 13 0 0
0 1 133 55 0 0
0 1 13 24 0 0
0 1 77 21 1 4
0 1 109 9 0 2
0 1 132 34 1 1
0 1 9 4 0 4
0 1 71 12 1 4
0 1 125 53 0 1
0 1 114 17 1 1
0 1 104 15 1 3
0 1 35 22 1 1
0 1 11 40 1 0
0 1 122 30 0 2
0 1 79 23 1 2
0 1 7 18 1 1
0 1 3 50 0 2
0 1 138 44 1 0
0 1 88 31 1 0
0 1 64 31 0 1
0 1 15 33 0 3
0 1 99 9 0 1
0 1 53 15 1 0
0 1 68 48 1 0
0 1 47 7 0 4
0 1 93 6 1 0
0 1 16 47 0 3
0 1 73 34 1 2
0 1 47 16 1 2
0 1 115 50 0 4
0 1 43 47 0 0
0 1 76 7 1 1
0 1 81 8 1 0
0 1 136 43 1 3
0 1 90 35 0 0
0 1 50 51 1 0
0 1 0 53 0 2
0 1 93 45 0 1
0 1 8 39 0 0
0 1 45 49 0 3
0 1 98 36 1 1
0 1 117 43 1 2
0 1 72 30 0 0
0 1 64 33 1 2
0 1 42 10 0 1
0 1 88 5 0 2
0 1 98 15 0 2
0 1 119 10 0 4
0 1 79 44 0 4
0 1 11 54 0 0
0 1 18 13 1 1
0 1 54 1 0 4
0 1 134 11 0 1
0 1 62 51 1 3
0 1 101 29 0 3
0 1 2 11 1 3
0 1 129 1 1 1
0 1 107 3 1 2
0 1 116 21 1 2
0 1 80 55 0 4
0 1 36 27 1 3
0 1 60 25 0 0
0 1 16 46 1 0
0 1 49 6 0 2
0 1 44 0 1 3
0 1 40 37 0 4
0 1 66 12 1 1
0 1 128 26 0 3
0 1 0 12 1 2
0 1 70 46 1 1
0 1 75 38 0 3
0 1 123 51 1 1
0 1 73 6 0 1
0 1 126 20 1 4
0 1 124 46 0 3
0 1 50 20 0 0
0 1 39 48 0 2
0 1 26 43 1 0
0 1 86 39 0 1
0 1 133 53 1 4
0 1 84 10 0 0
0 1 6 49 0 4
0 1 19 4 1 2
0 1 85 54 1 4
0 1 86 46 1 4
0 1 21 52 0 4
0 1 130 31 0 2
0 1 48 49 0 1
0 1 8 24 1 1
0 1 82 7 1 0
0 1 99 55 1 3
0 1 34 5 0 0
0 1 139 8 1 2
0 1 27 14 0 4
0 1 82 22 0 3
0 1 110 4 1 0
0 1 53 30 0 4
0 1 29 48 0 3
0 1 80 28 1 2
0 1 127 11 1 4
0 1 91 35 0 3
0 1 13 50 1 0
0 1 6 3 1 1
0 1 107 9 0 3
0 1 94 2 1 0
0 1 95 29 0 0
0 1 22 42 0 3
0 1 121 8 1 1
0 1 83 7 1 3
0 1 129 29 0 2
0 1 56 1 0 0
0 1 105 30 0 1
0 1 74 37 0 1
0 1 130 49 1 0
0 1 32 42 1 4
0 1 121 40 0 1
0 1 5 12 1 3
0 1 69 26 1 2
0 1 136 38 0 0
0 1 100 54 0 1
0 1 65 12 0 0
0 1 69 40 0 3
0 1 96 23 1 4
0 1 122 10 1 2
0 1 89 47 0 2
0 1 104 36 0 3
0 1 14 47 0 1
0 1 126 17 0 3
0 1 59 44 1 2
0 1 87 28 0 3
0 1 54 25 1 2
0 1 17 39 0 3
0 1 55 37 0 0
0 1 21 54 1 3
0 1 137 32 1 2
0 1 31 52 0 3
0 1 108 25 1 1
0 1 30 32 0 0
0 1 5 16 0 4
0 1 119 41 1 4
0 1 52 21 1 3
0 1 108 0 0 0
0 1 17 53 1 3
0 1 44 20 0 3
0 1 92 52 0 2
0 1 42 20 1 1
0 1 12 1 0 3
0 1 113 31 1 4
0 1 58 32 0 4
0 1 29 43 1 4
0 1 103 45 1 2
0 1 67 26 0 4
0 1 43 19 1 4
0 1 30 22 1 0
0 1 57 2 0 3
0 1 61 27 0 0
0 1 78 19 0 2
0 1 34 33 1 1
0 1 12 19 1 3
0 1 60 14 1 3
0 1 89 3 1 0
0 1 14 13 1 4
0 1 22 24 1 4
0 1 74 38 1 1
0 1 91 53 1 0
0 1 63 35 1 1
0 1 24 39 1 4
0 1 52 9 0 0
0 1 77 34 0 4
0 1 59 17 0 2
0 1 92 24 1 3
0 1 137 42 0 0
0 1 94 29 0 1
0 1 31 48 1 4
0 1 37 37 0 3
0 1 33 25 0 4
0 1 120 44 1 3
0 1 18 18 0 4
0 1 75 14 1 0
0 1 123 20 0 2
0 1 127 28 0 0
0 1 9 36 1 4
0 1 132 11 0 0
0 1 125 15 1 1
0 1 134 2 1 2
0 1 15 55 1 1
0 1 97 16 1 0
0 1 84 51 1 4
0 1 40 39 1 2
0 1 67 50 1 3
0 1 76 22 0 4
0 1 61 0 1 4
0 1 48 33 1 0
0 1 113 5 0 1
0 1 106 42 0 2
