0 1 9 5 1 2
0 1 101 55 1 1
0 1 138 8 1 3
0 1 133 23 1 3
0 1 43 16 1 1
0 1 135 40 1 3
0 1 138 55 0 0
0 1 93 42 0 2
0 1 80 34 1 1
0 1 28 2 1 1
0 1 105 3 1 0
0 1 46 16 0 2
0 1 28 52 0 4
0 1 45 42 1 3
0 1 111 6 1 4
0 1 13 27 0 3
0 1 39 28 0 2
0 1 30 3 1 3
0 1 47 8 0 0
0 1 22 30 1 3
0 1 31 6 0 1
0 1 100 17 1 1
0 1 109 37 1 1
0 1 53 45 1 3
0 1 8 18 1 1
0 1 3 24 0 0
0 1 23 20 0 3
0 1 38 33 0 0
0 1 123 5 1 4
0 1 91 11 1 2
0 1 5 26 0 3
0 1 100 35 0 1
0 1 58 4 0 4
0 1 94 44 0 2
0 1 40 31 0 2
0 1 73 30 1 0
0 1 36 54 1 2
0 1 119 12 0 1
0 1 85 54 1 3
0 1 39 43 1 3
0 1 15 19 1 3
0 1 29 31 0 4
0 1 41 44 0 0
0 1 102 33 1 2
0 1 72 12 0 2
0 1 74 21 1 4
0 1 136 38 1 1
0 1 68 39 1 1
0 1 66 29 0 2
0 1 91 14 0 4
0 1 49 8 1 1
0 1 96 23 0 0
0 1 87 17 0 4
0 1 120 1 1 0
0 1 46 7 1 1
0 1 83 53 0 3
0 1 6 31 0 0
0 1 27 25 0 0
0 1 48 47 1 4
0 1 2 41 1 0
0 1 95 21 1 3
0 1 134 2 0 4
0 1 139 9 0 0
0 1 20 10 1 4
0 1 84 48 1 2
0 1 90 49 0 4
0 1 0 25 0 1
0 1 26 20 1 1
0 1 134 40 1 4
0 1 13 18 1 0
0 1 130 10 1 0
0 1 90 3 1 4
0 1 59 0 1 4
0 1 86 34 1 2
0 1 14 11 0 0
0 1 34 1 1 1
0 1 62 9 1 3
0 1 36 4 0 3
0 1 98 22 1 0
0 1 85 6 0 2
0 1 63 29 0 3
0 1 8 39 0 2
0 1 32 37 1 3
0 1 124 14 0 0
0 1 40 0 1 2
0 1 44 13 1 1
0 1 73 27 0 4
0 1 137 51 1 2
0 1 99 6 1 0
0 1 1 28 0 0
0 1 131 24 1 2
0 1 126 26 0 1
0 1 14 45 1 1
0 1 77 33 0 4
0 1 114 40 0 0
0 1 56 32 1 4
0 1 33 18 1 3
0 1 69 49 0 0
0 1 75 5 1 3
0 1 128 41 1 3
0 1 130 52 0 0
0 1 54 34 1 3
0 1 78 55 1 4
0 1 88 16 1 3
0 1 94 15 1 3
0 1 64 38 1 2
0 1 104 22 1 4
0 1 37 12 0 4
0 1 9 32 0 1
0 1 57 40 0 2
0 1 110 49 1 2
0 1 43 11 0 1
0 1 87 10 1 2
0 1 115 22 1 1
0 1 114 10 1 3
0 1 61 43 0 2
0 1 55 35 1 2
0 1 60 0 1 1
0 1 35 1 1 2
0 1 59 48 0 3
0 1 102 27 0 1
0 1 92 9 0 1
0 1 38 4 1 1
0 1 95 18 0 4
0 1 18 30 0 2
0 1 70 15 0 4
0 1 19 20 1 0
0 1 116 0 0 0
0 1 51 44 0 4
0 1 106 47 1 1
0 1 86 47 0 2
0 1 131 47 0 0
0 1 51 33 1 1
0 1 107 2 1 0
0 1 3 26 1 2
0 1 24 50 1 3
0 1 79 7 1 2
0 1 96 50 1 2
0 1 49 48 0 4
0 1 107 19 0 2
0 1 101 32 0 0
0 1 65 2 0 3
0 1 89 36 1 1
0 1 77 50 1 1
0 1 115 30 0 4
0 1 104 51 0 4
0 1 16 46 0 4
0 1 132 24 1 4
0 1 50 46 0 3
0 1 42 44 0 1
0 1 122 13 1 2
0 1 118 50 1 4
0 1 25 15 0 0
0 1 116 32 1 3
0 1 61 16 1 4
0 1 139 3 1 1
0 1 81 19 1 1
0 1 126 31 1 3
0 1 71 53 1 1
0 1 82 42 0 1
0 1 31 1 1 4
0 1 63 37 1 0
0 1 103 17 0 0
0 1 83 38 1 0
0 1 75 27 0 2
0 1 119 16 1 0
0 1 64 43 0 4
0 1 58 46 1 2
0 1 35 44 0 3
0 1 45 10 0 1
0 1 19 24 0 1
0 1 123 50 0 0
0 1 29 17 1 2
0 1 136 8 0 4
0 1 111 13 0 0
0 1 68 55 0 2
0 1 21 23 0 1
0 1 109 26 0 4
0 1 53 7 0 3
0 1 70 14 1 3
0 1 16 31 1 1
0 1 48 8 0 2
0 1 118 19 0 4
0 1 105 21 0 2
0 1 79 51 0 1
0 1 56 7 0 4
0 1 84 23 0 4
0 1 88 20 0 2
0 1 122 23 0 2
0 1 129 54 0 4
0 1 27 13 1 3
0 1 60 53 0 0
0 1 22 36 0 4
0 1 10 30 0 1
0 1 133 43 0 1
0 1 99 51 0 0
0 1 89 34 0 4
0 1 11 9 1 2
0 1 62 39 0 4
0 1 97 28 0 4
0 1 17 4 1 2
0 1 67 29 1 4
0 1 112 38 0 4
0 1 12 48 1 1
0 1 108 53 1 2
0 1 52 46 0 0
0 1 76 42 0 0
0 1 92 41 1 2
0 1 120 52 0 3
0 1 41 36 1 3
0 1 127 4 0 0
0 1 125 45 0 0
0 1 80 28 0 3
0 1 4 25 1 4
0 1 129 29 1 0
0 1 10 39 1 0
0 1 21 15 1 1
0 1 72 25 1 3
0 1 5 32 1 2
0 1 7 45 1 4
0 1 127 7 1 0
0 1 97 22 1 2
0 1 76 35 1 4
0 1 69 14 1 1
0 1 0 12 1 0
0 1 34 19 0 0
0 1 113 45 1 2
0 1 55 48 0 0
0 1 57 5 1 0
0 1 113 35 0 3
0 1 47 33 1 3
0 1 128 55 0 3
0 1 15 34 0 0
0 1 78 18 0 2
0 1 93 36 1 0
0 1 66 21 1 1
0 1 11 41 0 4
0 1 110 47 0 3
0 1 74 49 0 1
0 1 135 13 0 4
0 1 117 40 1 1
0 1 7 54 0 1
0 1 65 53 1 4
0 1 132 14 0 2
0 1 23 24 1 3
0 1 4 2 0 2
0 1 24 12 0 3
0 1 26 38 0 3
0 1 112 43 1 0
0 1 6 21 1 0
0 1 2 37 0 2
0 1 121 52 1 1
0 1 117 22 0 3
0 1 71 35 0 0
0 1 1 42 1 4
0 1 106 41 0 1
0 1 17 26 0 0
0 1 42 46 1 1
0 1 124 5 1 1
0 1 50 15 1 2
0 1 121 28 0 1
0 1 44 6 0 3
0 1 25 29 1 1
0 1 108 1 0 3
0 1 30 9 0 4
0 1 20 11 0 4
0 1 12 11 0 3
0 1 32 49 0 3
0 1 103 25 1 2
0 1 52 27 1 0
0 1 37 37 1 4
0 1 137 54 0 0
0 1 98 52 0 2
0 1 33 39 0 3
0 1 54 36 0 2
0 1 67 3 0 2
0 1 18 0 1 3
0 1 125 17 1 3
0 1 81 20 0 4
0 1 82 51 1 3
