0 1 35 15 1 0
0 1 50 43 1 2
0 1 33 45 0 3
0 1 83 5 1 4
0 1 41 54 0 1
0 1 94 1 1 4
0 1 73 41 1 3
0 1 90 4 1 2
0 1 132 30 1 2
0 1 138 37 1 2
0 1 112 16 1 4
0 1 100 19 0 4
0 1 22 33 1 2
0 1 19 32 1 0
0 1 113 26 0 3
0 1 5 39 1 4
0 1 40 22 1 2
0 1 115 47 0 3
0 1 60 48 1 4
0 1 120 53 1 2
0 1 16 52 0 3
0 1 117 29 1 4
0 1 81 52 1 0
0 1 120 6 0 0
0 1 99 8 1 1
0 1 118 20 0 1
0 1 51 27 1 0
0 1 82 14 0 2
0 1 46 23 0 0
0 1 103 0 1 1
0 1 67 38 0 2
0 1 114 28 0 0
0 1 75 40 0 4
0 1 88 4 0 1
0 1 2 36 1 0
0 1 20 38 1 0
0 1 23 35 0 1
0 1 72 16 1 1
0 1 45 18 1 4
0 1 61 29 0 1
0 1 135 18 0 0
0 1 14 2 1 4
0 1 44 47 0 4
0 1 70 13 1 3
0 1 64 34 1 3
0 1 38 21 0 3
0 1 53 24 1 0
0 1 7 9 1 4
0 1 40 3 0 2
0 1 136 42 0 4
0 1 131 27 0 2
0 1 104 19 0 3
0 1 102 16 0 0
0 1 103 32 0 1
0 1 96 9 0 0
0 1 119 10 1 0
0 1 36 49 1 2
0 1 74 44 1 0
0 1 137 31 1 1
0 1 95 12 0 0
0 1 34 37 0 1
0 1 51 11 0 2
0 1 121 2 1 3
0 1 39 45 0 4
0 1 76 46 0 4
0 1 107 14 1 1
0 1 68 6 1 1
0 1 19 41 0 1
0 1 12 25 1 1
0 1 32 0 1 2
0 1 93 28 1 2
0 1 131 19 1 2
0 1 129 26 1 0
0 1 42 29 1 0
0 1 115 43 1 3
0 1 86 32 0 2
0 1 97 49 0 1
0 1 130 50 1 2
0 1 44 50 1 1
0 1 58 31 1 2
0 1 59 28 0 3
0 1 55 7 1 0
0 1 124 5 1 1
0 1 106 51 1 2
0 1 136 23 1 2
0 1 10 55 1 3
0 1 86 20 1 2
0 1 126 25 1 4
0 1 23 23 1 1
0 1 74 11 0 1
0 1 128 55 0 4
0 1 30 39 0 3
0 1 111 4 0 3
0 1 87 12 1 3
0 1 58 47 0 0
0 1 105 43 0 4
0 1 27 13 1 2
0 1 80 38 1 4
0 1 63 46 1 2
0 1 85 35 1 0
0 1 2 33 0 0
0 1 134 9 0 2
0 1 67 35 1 3
0 1 39 55 1 2
0 1 101 48 0 3
0 1 124 52 0 1
0 1 122 22 0 4
0 1 121 34 0 2
0 1 3 14 1 4
0 1 49 11 0 3
0 1 98 31 0 0
0 1 84 8 0 0
0 1 4 23 0 3
0 1 72 46 0 1
0 1 54 17 1 4
0 1 12 47 0 1
0 1 69 15 0 3
0 1 87 24 0 2
0 1 127 51 1 3
0 1 29 4 0 4
0 1 117 43 0 1
0 1 89 6 0 4
0 1 133 2 0 2
0 1 123 53 1 4
0 1 92 7 0 2
0 1 1 42 1 1
0 1 78 20 1 4
0 1 70 13 0 0
0 1 125 2 0 1
0 1 68 41 0 0
0 1 14 10 0 4
0 1 59 44 1 3
0 1 13 15 0 1
0 1 7 32 0 3
0 1 91 13 0 1
0 1 31 54 0 2
0 1 134 55 1 1
0 1 8 50 0 3
0 1 125 27 1 4
0 1 81 5 0 2
0 1 62 26 0 2
0 1 52 5 0 3
0 1 109 3 0 4
0 1 48 39 1 0
0 1 122 44 1 4
0 1 35 36 0 2
0 1 105 7 1 4
0 1 97 23 1 4
0 1 18 21 1 4
0 1 28 22 0 1
0 1 104 10 1 1
0 1 139 1 0 2
0 1 8 9 1 3
0 1 79 19 0 0
0 1 31 40 1 1
0 1 24 25 1 0
0 1 57 3 0 0
0 1 93 22 0 3
0 1 50 8 0 4
0 1 30 36 1 1
0 1 101 46 1 0
0 1 108 1 0 0
0 1 92 7 1 3
0 1 9 24 0 3
0 1 49 25 1 3
0 1 28 18 1 1
0 1 75 21 1 0
0 1 21 51 0 1
0 1 0 20 1 0
0 1 27 10 0 3
0 1 47 30 0 3
0 1 90 0 0 0
0 1 20 25 0 2
0 1 52 24 1 4
0 1 11 17 1 1
0 1 129 33 0 1
0 1 24 42 0 0
0 1 79 37 1 4
0 1 119 45 0 2
0 1 0 53 0 3
0 1 137 19 0 1
0 1 46 12 1 2
0 1 77 36 1 3
0 1 42 21 0 1
0 1 78 42 0 3
0 1 5 37 0 3
0 1 37 41 0 2
0 1 25 52 1 2
0 1 85 11 0 4
0 1 3 44 0 1
0 1 132 16 0 3
0 1 114 11 1 0
0 1 111 31 1 3
0 1 106 55 0 0
0 1 102 49 1 3
0 1 16 30 1 4
0 1 21 47 1 2
0 1 63 43 0 0
0 1 82 49 1 0
0 1 110 37 1 0
0 1 139 26 1 1
0 1 56 28 1 4
0 1 1 33 0 4
0 1 94 35 0 4
0 1 17 41 0 4
0 1 18 30 0 1
0 1 100 16 1 2
0 1 61 39 1 2
0 1 83 30 0 0
0 1 133 54 1 3
0 1 98 50 1 0
0 1 113 38 1 1
0 1 37 38 1 3
0 1 13 15 1 4
0 1 107 9 0 1
0 1 25 29 0 2
0 1 95 18 1 3
0 1 109 48 1 2
0 1 33 26 1 4
0 1 45 50 0 4
0 1 66 54 1 4
0 1 55 5 0 0
0 1 65 14 1 3
0 1 123 33 0 3
0 1 130 28 0 1
0 1 32 51 0 4
0 1 118 54 1 0
0 1 138 8 0 2
0 1 110 39 0 1
0 1 127 12 0 4
0 1 48 48 0 1
0 1 71 51 0 0
0 1 71 53 1 0
0 1 4 34 1 4
0 1 26 15 0 2
0 1 41 45 1 1
0 1 62 49 1 4
0 1 38 24 1 1
0 1 15 0 0 4
0 1 96 29 1 3
0 1 36 14 0 0
0 1 76 6 1 2
0 1 34 40 1 2
0 1 84 17 1 3
0 1 54 10 0 2
0 1 108 42 1 2
0 1 65 17 0 0
0 1 112 36 0 4
0 1 17 2 1 0
0 1 6 22 1 0
0 1 47 0 1 3
0 1 43 31 0 4
0 1 116 32 1 4
0 1 60 7 0 1
0 1 56 6 0 3
0 1 66 46 0 3
0 1 77 40 0 0
0 1 135 48 1 0
0 1 88 35 1 2
0 1 9 40 1 3
0 1 15 13 1 4
0 1 10 18 0 2
0 1 99 12 0 1
0 1 26 17 1 2
0 1 80 1 0 3
0 1 91 44 1 2
0 1 116 27 0 1
0 1 53 1 0 1
0 1 128 3 1 1
0 1 57 34 1 0
0 1 6 8 0 3
0 1 89 4 1 0
0 1 64 34 0 1
0 1 22 52 0 4
0 1 126 21 0 2
0 1 29 45 1 0
0 1 69 27 1 3
0 1 11 3 0 3
0 1 73 20 0 3
0 1 43 53 1 1
