0 1 96 37 1 2
0 1 102 24 0 3
0 1 3 35 0 3
0 1 49 10 0 4
0 1 99 13 1 1
0 1 104 11 0 1
0 1 50 15 0 2
0 1 92 18 1 2
0 1 94 48 0 3
0 1 63 25 0 3
0 1 15 35 1 1
0 1 41 38 0 3
0 1 135 49 1 3
0 1 112 5 0 4
0 1 6 37 0 3
0 1 130 21 1 4
0 1 22 55 1 2
0 1 86 27 0 2
0 1 80 22 1 1
0 1 106 9 1 2
0 1 126 2 1 0
0 1 56 8 0 1
0 1 30 16 1 2
0 1 107 13 0 0
0 1 121 19 0 3
0 1 47 24 1 1
0 1 66 45 0 3
0 1 5 39 0 1
0 1 31 14 1 4
0 1 27 48 1 2
0 1 93 6 1 3
0 1 136 7 0 0
0 1 79 32 0 4
0 1 41 50 1 2
0 1 7 40 1 1
0 1 128 41 0 2
0 1 83 25 0 4
0 1 120 29 0 0
0 1 55 46 1 0
0 1 61 51 1 3
0 1 82 3 0 3
0 1 2 5 1 0
0 1 72 12 1 3
0 1 128 51 1 2
0 1 25 27 0 4
0 1 51 14 1 3
0 1 58 52 0 0
0 1 87 23 1 2
0 1 84 18 0 1
0 1 31 31 0 4
0 1 23 8 1 0
0 1 82 1 1 3
0 1 89 20 0 4
0 1 101 30 0 1
0 1 23 27 0 3
0 1 132 45 1 4
0 1 48 26 1 3
0 1 131 0 0 2
0 1 29 19 1 4
0 1 35 55 1 1
0 1 78 24 0 2
0 1 118 53 0 1
0 1 103 32 1 3
0 1 15 19 0 2
0 1 18 43 0 3
0 1 99 32 0 0
0 1 105 43 1 0
0 1 51 31 0 3
0 1 53 22 0 3
0 1 110 39 0 2
0 1 116 42 1 4
0 1 64 46 0 3
0 1 40 15 1 4
0 1 81 4 0 2
0 1 114 13 1 3
0 1 9 8 0 2
0 1 62 26 0 0
0 1 16 52 1 4
0 1 119 53 0 0
0 1 109 1 1 0
0 1 63 7 1 3
0 1 29 47 0 4
0 1 42 2 1 4
0 1 2 34 0 2
0 1 97 33 0 1
0 1 125 4 0 0
0 1 65 4 0 1
0 1 88 33 0 4
0 1 101 44 1 1
0 1 113 21 1 1
0 1 48 7 0 2
0 1 108 45 0 1
0 1 34 19 0 1
0 1 10 20 0 1
0 1 13 37 0 1
0 1 25 17 1 4
0 1 138 6 1 0
0 1 43 52 0 3
0 1 139 33 0 3
0 1 75 41 1 1
0 1 54 36 1 0
0 1 39 17 1 1
0 1 115 23 1 3
0 1 90 21 0 2
0 1 20 50 0 3
0 1 32 51 1 0
0 1 127 3 0 1
0 1 139 38 1 2
0 1 46 39 0 4
0 1 98 23 1 4
0 1 112 36 1 2
0 1 103 37 0 4
0 1 120 36 1 3
0 1 34 34 1 4
0 1 26 28 1 2
0 1 122 48 0 0
0 1 64 44 1 3
0 1 9 29 1 3
0 1 11 52 1 2
0 1 43 1 1 4
0 1 133 53 0 3
0 1 21 35 1 2
0 1 134 4 1 3
0 1 117 42 1 2
0 1 45 49 1 1
0 1 57 0 1 0
0 1 39 11 0 2
0 1 127 49 1 2
0 1 47 43 0 4
0 1 130 54 0 3
0 1 111 29 0 4
0 1 74 47 1 1
0 1 28 0 1 1
0 1 0 12 0 1
0 1 16 4 0 4
0 1 85 30 0 4
0 1 1 22 1 4
0 1 107 33 1 0
0 1 100 16 0 3
0 1 73 55 1 0
0 1 114 30 0 0
0 1 53 34 1 3
0 1 96 38 0 0
0 1 68 10 0 0
0 1 91 27 1 1
0 1 69 35 1 4
0 1 19 51 0 1
0 1 66 36 1 1
0 1 106 29 0 1
0 1 116 42 0 0
0 1 62 50 1 4
0 1 118 24 1 0
0 1 44 40 0 0
0 1 73 31 0 2
0 1 57 5 0 2
0 1 74 38 0 1
0 1 76 2 1 1
0 1 105 27 0 0
0 1 124 20 0 3
0 1 124 1 1 2
0 1 68 28 1 3
0 1 126 42 0 3
0 1 133 40 1 3
0 1 42 15 0 1
0 1 109 32 0 1
0 1 98 9 0 1
0 1 76 49 0 4
0 1 11 48 0 4
0 1 36 23 0 0
0 1 33 21 1 3
0 1 78 8 1 4
0 1 85 30 1 3
0 1 50 43 1 2
0 1 108 22 1 0
0 1 60 47 0 2
0 1 113 6 0 4
0 1 33 6 0 2
0 1 0 35 1 0
0 1 71 7 0 1
0 1 111 39 1 0
0 1 80 11 0 3
0 1 36 9 1 4
0 1 35 21 0 0
0 1 72 28 0 0
0 1 77 6 1 1
0 1 32 18 0 3
0 1 83 15 1 0
0 1 8 55 1 3
0 1 4 16 0 4
0 1 27 17 0 2
0 1 137 0 1 4
0 1 131 40 1 4
0 1 20 54 1 2
0 1 40 2 0 2
0 1 81 9 1 0
0 1 22 54 0 0
0 1 10 14 1 2
0 1 86 3 1 0
0 1 52 24 1 4
0 1 61 34 0 1
0 1 70 26 1 1
0 1 91 46 0 2
0 1 115 34 0 0
0 1 13 20 1 0
0 1 93 45 0 0
0 1 17 54 0 4
0 1 117 40 0 2
0 1 14 30 1 2
0 1 67 44 0 4
0 1 67 10 1 2
0 1 24 54 1 1
0 1 137 26 0 2
0 1 95 44 0 0
0 1 121 46 1 4
0 1 129 49 0 0
0 1 37 19 0 0
0 1 5 31 1 0
0 1 87 13 0 4
0 1 55 5 0 3
0 1 17 38 1 4
0 1 56 16 1 1
0 1 12 42 1 1
0 1 100 47 1 3
0 1 94 55 1 4
0 1 52 14 0 1
0 1 44 11 1 0
0 1 79 32 1 2
0 1 135 41 0 0
0 1 122 28 1 1
0 1 77 33 0 2
0 1 110 16 1 0
0 1 3 12 1 2
0 1 97 50 1 1
0 1 30 48 0 1
0 1 28 18 0 0
0 1 38 36 0 4
0 1 60 8 1 3
0 1 24 28 0 4
0 1 59 17 1 0
0 1 8 50 0 0
0 1 37 5 1 1
0 1 134 52 0 1
0 1 138 45 0 2
0 1 49 14 1 0
0 1 119 25 1 0
0 1 7 12 0 4
0 1 21 3 0 2
0 1 71 20 1 2
0 1 65 43 1 1
0 1 14 31 0 1
0 1 69 15 0 3
0 1 45 1 0 1
0 1 19 9 1 3
0 1 46 12 1 0
0 1 104 18 1 4
0 1 26 23 0 1
0 1 1 41 0 3
0 1 59 47 0 0
0 1 123 0 1 3
0 1 18 10 1 1
0 1 58 26 1 4
0 1 38 7 1 4
0 1 54 53 0 4
0 1 136 41 1 4
0 1 75 13 0 2
0 1 12 3 0 4
0 1 125 10 1 3
0 1 102 46 1 1
0 1 95 25 1 2
0 1 89 51 1 4
0 1 70 17 0 3
0 1 90 25 1 1
0 1 84 29 1 2
0 1 6 2 1 3
0 1 129 44 1 2
0 1 123 39 0 3
0 1 132 53 0 2
0 1 88 22 1 2
0 1 92 11 0 4
0 1 4 37 1 0
