0 1 71 8 0 0
0 1 6 14 0 4
0 1 72 20 0 2
0 1 105 5 1 4
0 1 18 53 0 4
0 1 111 13 1 4
0 1 89 40 1 4
0 1 23 52 0 0
0 1 120 21 0 2
0 1 82 50 1 1
0 1 137 6 0 1
0 1 17 17 0 4
0 1 87 32 1 4
0 1 11 10 1 1
0 1 14 13 0 3
0 1 133 26 1 2
0 1 98 4 0 3
0 1 67 51 0 1
0 1 135 1 1 2
0 1 114 36 0 3
0 1 57 38 0 4
0 1 48 0 1 2
0 1 51 42 1 4
0 1 23 1 1 0
0 1 43 33 0 4
0 1 91 34 1 3
0 1 47 42 0 0
0 1 57 39 1 1
0 1 91 55 0 0
0 1 21 49 0 4
0 1 5 55 0 2
0 1 82 45 0 4
0 1 111 50 0 4
0 1 43 3 1 1
0 1 5 37 1 3
0 1 21 8 1 2
0 1 135 20 0 4
0 1 34 35 0 4
0 1 44 12 0 3
0 1 8 40 1 2
0 1 93 27 0 1
0 1 99 45 1 2
0 1 24 20 1 1
0 1 76 13 0 0
0 1 52 22 0 3
0 1 120 37 1 2
0 1 28 24 1 3
0 1 116 29 0 1
0 1 110 43 0 0
0 1 9 5 1 3
0 1 100 48 0 2
0 1 87 52 0 4
0 1 83 28 1 1
0 1 0 41 1 0
0 1 130 34 1 0
0 1 133 18 0 1
0 1 84 35 0 3
0 1 53 37 0 1
0 1 7 46 0 3
0 1 100 46 1 2
0 1 112 38 0 1
0 1 128 3 0 0
0 1 3 7 0 2
0 1 122 2 0 3
0 1 119 55 1 4
0 1 78 19 1 2
0 1 29 8 1 1
0 1 83 16 0 0
0 1 63 10 0 4
0 1 30 2 0 1
0 1 80 53 0 2
0 1 132 49 1 2
0 1 58 14 0 1
0 1 124 12 0 0
0 1 27 25 1 4
0 1 14 30 1 1
0 1 67 52 1 1
0 1 64 25 0 1
0 1 45 9 1 4
0 1 104 31 1 4
0 1 108 30 0 4
0 1 88 15 1 0
0 1 62 27 1 3
0 1 18 48 1 3
0 1 125 13 1 2
0 1 10 3 0 3
0 1 11 11 0 0
0 1 130 9 0 2
0 1 29 15 0 3
0 1 61 22 1 1
0 1 7 18 1 4
0 1 102 11 1 1
0 1 46 54 0 1
0 1 90 32 0 2
0 1 138 46 1 1
0 1 46 31 1 0
0 1 110 39 1 4
0 1 113 27 0 2
0 1 134 4 1 2
0 1 25 44 1 4
0 1 108 43 1 3
0 1 27 5 0 1
0 1 54 12 1 1
0 1 132 32 0 0
0 1 34 17 1 1
0 1 112 6 1 0
0 1 38 35 0 1
0 1 103 36 0 4
0 1 58 40 1 0
0 1 17 3 1 2
0 1 22 33 1 1
0 1 6 0 1 0
0 1 60 54 1 3
0 1 119 7 0 4
0 1 92 6 0 4
0 1 86 18 1 2
0 1 4 34 0 4
0 1 32 51 1 4
0 1 61 28 0 4
0 1 49 48 1 0
0 1 94 44 0 3
0 1 50 44 1 1
0 1 69 47 1 1
0 1 19 12 1 2
0 1 49 16 0 2
0 1 117 22 1 0
0 1 113 4 1 4
0 1 89 9 0 3
0 1 65 26 0 3
0 1 52 29 1 4
0 1 0 29 0 2
0 1 62 26 0 4
0 1 103 54 1 0
0 1 60 23 0 1
0 1 41 47 0 3
0 1 65 25 1 3
0 1 122 23 1 3
0 1 118 10 0 0
0 1 69 43 0 4
0 1 127 9 1 1
0 1 13 24 1 2
0 1 139 9 1 0
0 1 12 26 0 1
0 1 68 48 0 4
0 1 44 49 1 1
0 1 40 34 0 1
0 1 32 15 0 2
0 1 35 36 1 1
0 1 88 24 0 0
0 1 25 7 0 3
0 1 37 23 1 0
0 1 115 21 1 1
0 1 84 32 1 3
0 1 126 52 0 2
0 1 80 10 1 3
0 1 4 11 1 2
0 1 73 18 0 3
0 1 36 38 1 2
0 1 3 24 1 1
0 1 33 13 1 1
0 1 92 18 1 0
0 1 68 15 1 1
0 1 79 45 0 1
0 1 10 47 1 4
0 1 8 2 0 4
0 1 66 50 0 3
0 1 106 23 0 2
0 1 64 17 1 0
0 1 139 16 0 3
0 1 38 39 1 2
0 1 136 26 1 0
0 1 1 0 1 1
0 1 138 14 0 0
0 1 2 33 1 3
0 1 19 55 0 1
0 1 56 19 1 4
0 1 31 31 0 2
0 1 81 19 0 0
0 1 93 1 1 4
0 1 42 53 1 1
0 1 36 4 0 1
0 1 16 39 0 3
0 1 66 30 1 2
0 1 40 53 1 0
0 1 35 52 0 3
0 1 107 31 1 1
0 1 99 44 0 0
0 1 51 15 0 4
0 1 13 50 0 2
0 1 76 11 1 3
0 1 9 0 0 3
0 1 109 25 1 2
0 1 118 2 1 2
0 1 129 29 1 3
0 1 33 38 0 3
0 1 97 4 0 0
0 1 47 49 1 0
0 1 137 25 1 0
0 1 96 40 0 1
0 1 20 3 1 4
0 1 96 42 1 1
0 1 16 45 1 0
0 1 94 17 1 2
0 1 39 28 0 0
0 1 48 41 0 2
0 1 109 42 0 3
0 1 95 41 0 3
0 1 79 54 1 2
0 1 63 51 1 2
0 1 106 16 1 1
0 1 22 8 0 3
0 1 77 44 0 2
0 1 37 43 0 1
0 1 128 29 1 0
0 1 78 46 0 4
0 1 12 42 1 2
0 1 97 28 1 2
0 1 134 39 0 0
0 1 73 19 1 1
0 1 75 35 0 0
0 1 2 36 0 2
0 1 1 10 0 2
0 1 90 55 1 3
0 1 95 48 1 1
0 1 55 21 0 3
0 1 114 28 1 3
0 1 59 45 0 3
0 1 107 30 0 3
0 1 56 20 0 0
0 1 70 27 1 0
0 1 116 6 1 3
0 1 15 8 0 4
0 1 20 6 0 2
0 1 70 5 0 2
0 1 42 33 0 2
0 1 125 14 0 3
0 1 117 27 0 4
0 1 59 19 1 3
0 1 50 23 0 4
0 1 74 30 0 0
0 1 121 22 0 4
0 1 115 40 0 3
0 1 71 7 1 1
0 1 15 31 1 3
0 1 55 35 1 2
0 1 129 41 0 1
0 1 86 51 0 0
0 1 127 37 0 4
0 1 26 50 0 0
0 1 124 43 1 2
0 1 81 38 1 0
0 1 45 32 0 1
0 1 75 20 1 3
0 1 136 47 0 2
0 1 30 53 1 3
0 1 126 12 1 4
0 1 105 49 0 3
0 1 102 14 0 2
0 1 101 0 0 4
0 1 98 11 1 4
0 1 104 41 0 4
0 1 77 17 1 3
0 1 85 5 0 0
0 1 31 51 1 3
0 1 72 7 1 0
0 1 74 46 1 0
0 1 123 21 1 0
0 1 28 33 0 0
0 1 39 16 1 4
0 1 123 47 0 0
0 1 121 2 1 0
0 1 53 24 1 4
0 1 131 22 1 2
0 1 24 21 0 4
0 1 41 1 1 3
0 1 131 1 0 1
0 1 101 36 1 0
0 1 26 34 1 2
0 1 54 37 0 0
0 1 85 54 1 4
