0 1 30 37 0 3
0 1 56 39 0 3
0 1 89 21 1 3
0 1 110 55 0 1
0 1 82 49 1 0
0 1 103 41 0 3
0 1 128 40 1 3
0 1 37 26 1 3
0 1 96 4 0 0
0 1 130 13 1 3
0 1 82 2 0 4
0 1 42 35 1 4
0 1 112 38 1 0
0 1 64 50 0 2
0 1 0 20 0 2
0 1 48 12 0 1
0 1 31 30 0 2
0 1 73 29 0 4
0 1 75 47 1 0
0 1 94 23 0 2
0 1 76 39 1 4
0 1 84 0 0 1
0 1 78 7 1 4
0 1 16 8 0 0
0 1 127 55 0 3
0 1 49 45 0 1
0 1 80 24 0 4
0 1 108 43 0 0
0 1 124 16 0 4
0 1 111 29 1 2
0 1 5 49 0 4
0 1 97 30 1 1
0 1 43 53 0 1
0 1 34 9 0 3
0 1 132 1 1 1
0 1 84 3 1 3
0 1 51 44 0 1
0 1 26 46 1 4
0 1 25 32 0 3
0 1 138 17 0 1
0 1 40 3 0 1
0 1 90 44 1 0
0 1 9 25 1 3
0 1 91 42 0 1
0 1 64 54 1 3
0 1 119 51 1 1
0 1 88 36 1 0
0 1 93 37 0 0
0 1 133 18 0 3
0 1 116 24 0 2
0 1 106 4 0 1
0 1 41 6 0 1
0 1 24 22 1 3
0 1 122 27 1 1
0 1 27 47 1 3
0 1 100 46 0 0
0 1 115 8 0 2
0 1 131 54 1 1
0 1 8 40 0 4
0 1 11 19 1 3
0 1 135 14 0 3
0 1 95 10 1 1
0 1 37 30 0 0
0 1 6 15 1 2
0 1 126 28 1 0
0 1 7 28 0 3
0 1 12 15 1 1
0 1 22 11 0 2
0 1 117 2 0 0
0 1 87 20 0 1
0 1 28 6 0 4
0 1 4 47 0 4
0 1 114 31 1 2
0 1 92 5 0 4
0 1 15 5 1 2
0 1 50 48 0 2
0 1 27 47 0 2
0 1 122 44 0 3
0 1 104 19 1 2
0 1 69 35 1 3
0 1 49 48 1 0
0 1 8 53 1 3
0 1 30 16 1 2
0 1 72 26 1 2
0 1 102 27 0 2
0 1 5 2 1 1
0 1 19 11 0 1
0 1 83 7 1 2
0 1 47 33 0 0
0 1 105 6 0 2
0 1 65 50 0 3
0 1 3 9 0 1
0 1 67 31 0 0
0 1 60 20 1 0
0 1 34 38 1 3
0 1 104 53 0 0
0 1 62 23 0 0
0 1 33 40 0 0
0 1 13 1 1 3
0 1 125 32 1 0
0 1 33 42 1 0
0 1 125 18 0 0
0 1 76 51 0 0
0 1 71 4 1 3
0 1 48 23 1 3
0 1 130 33 0 1
0 1 115 45 1 3
0 1 78 5 0 0
0 1 134 3 1 0
0 1 135 52 1 4
0 1 124 33 1 3
0 1 17 41 1 1
0 1 118 21 1 1
0 1 112 52 0 2
0 1 51 34 1 3
0 1 126 27 0 4
0 1 14 27 0 0
0 1 3 39 1 0
0 1 53 50 0 1
0 1 21 13 1 4
0 1 87 37 1 2
0 1 77 52 1 3
0 1 52 9 0 2
0 1 120 28 1 1
0 1 38 38 0 2
0 1 16 45 1 0
0 1 61 13 1 1
0 1 45 12 0 2
0 1 25 10 1 4
0 1 132 8 0 4
0 1 74 16 1 1
0 1 39 36 0 3
0 1 58 18 1 4
0 1 98 26 0 0
0 1 18 38 1 4
0 1 71 36 0 2
0 1 113 3 0 4
0 1 60 54 0 2
0 1 54 34 0 1
0 1 133 48 1 1
0 1 89 24 0 0
0 1 92 32 1 1
0 1 72 31 0 3
0 1 86 7 1 3
0 1 109 13 1 0
0 1 20 29 0 0
0 1 68 14 1 2
0 1 23 12 0 0
0 1 93 22 1 4
0 1 102 55 1 2
0 1 36 49 0 3
0 1 121 39 0 2
0 1 118 25 0 0
0 1 44 36 0 4
0 1 129 25 1 2
0 1 68 8 0 1
0 1 107 24 1 1
0 1 32 1 1 0
0 1 1 30 1 4
0 1 56 43 1 4
0 1 96 54 1 4
0 1 55 14 1 0
0 1 62 32 1 4
0 1 47 0 1 3
0 1 137 20 0 3
0 1 127 37 1 4
0 1 29 35 1 0
0 1 57 41 1 2
0 1 11 21 0 0
0 1 10 5 1 1
0 1 2 39 0 1
0 1 79 27 0 3
0 1 45 0 1 4
0 1 73 40 1 2
0 1 4 32 1 2
0 1 65 0 1 0
0 1 17 18 0 1
0 1 121 37 1 1
0 1 46 28 0 4
0 1 107 11 0 4
0 1 70 4 1 2
0 1 14 10 1 3
0 1 38 26 1 1
0 1 29 44 0 2
0 1 21 15 0 3
0 1 59 55 0 0
0 1 77 46 0 1
0 1 81 48 0 4
0 1 9 35 0 1
0 1 105 52 1 0
0 1 137 53 1 4
0 1 101 30 0 3
0 1 19 16 1 3
0 1 123 13 0 2
0 1 110 1 1 2
0 1 66 54 0 0
0 1 134 23 0 1
0 1 136 42 1 4
0 1 139 34 1 4
0 1 106 25 1 4
0 1 35 43 1 2
0 1 66 17 1 3
0 1 81 12 1 4
0 1 12 51 0 2
0 1 86 10 0 2
0 1 35 16 0 0
0 1 1 23 0 4
0 1 90 17 0 2
0 1 44 19 1 1
0 1 94 2 1 3
0 1 136 34 0 0
0 1 39 55 1 4
0 1 109 22 0 2
0 1 10 31 0 4
0 1 85 10 1 0
0 1 119 4 0 4
0 1 98 51 1 4
0 1 116 31 1 1
0 1 80 50 1 4
0 1 123 40 1 1
0 1 2 5 1 3
0 1 28 29 1 1
0 1 113 43 1 1
0 1 114 22 0 0
0 1 23 46 1 2
0 1 40 11 1 0
0 1 13 0 0 2
0 1 139 14 0 1
0 1 99 15 1 4
0 1 67 42 1 2
0 1 75 3 0 2
0 1 63 17 0 4
0 1 18 9 0 4
0 1 100 53 1 2
0 1 6 7 0 1
0 1 91 20 1 4
0 1 43 7 1 0
0 1 7 19 1 4
0 1 88 29 0 3
0 1 54 21 1 4
0 1 26 14 0 4
0 1 63 45 1 4
0 1 129 38 0 1
0 1 46 49 1 1
0 1 128 35 0 2
0 1 99 9 0 0
0 1 79 34 1 2
0 1 22 48 1 3
0 1 117 45 1 2
0 1 83 18 0 2
0 1 57 2 0 2
0 1 59 24 1 3
0 1 70 36 0 1
0 1 55 12 0 3
0 1 61 50 0 0
0 1 95 49 0 2
0 1 53 22 1 1
0 1 131 47 0 1
0 1 20 11 1 3
0 1 97 6 0 0
0 1 41 6 1 3
0 1 0 46 1 3
0 1 120 51 0 3
0 1 15 26 0 4
0 1 36 43 1 3
0 1 85 52 0 1
0 1 74 15 0 0
0 1 101 41 1 4
0 1 58 44 0 4
0 1 111 42 0 3
0 1 69 33 0 4
0 1 24 1 0 4
0 1 32 28 0 2
0 1 138 8 1 3
0 1 31 25 1 1
0 1 52 21 1 2
0 1 103 33 1 2
0 1 108 41 1 0
0 1 50 17 1 0
0 1 42 19 0 0
