0 1 133 50 0 4
0 1 3 29 0 2
0 1 120 44 0 1
0 1 104 32 1 4
0 1 71 36 0 2
0 1 55 53 1 3
0 1 133 34 1 3
0 1 96 46 1 0
0 1 86 33 0 4
0 1 61 24 0 1
0 1 14 23 1 3
0 1 46 16 1 0
0 1 136 3 0 3
0 1 76 42 1 4
0 1 134 21 1 1
0 1 12 43 1 2
0 1 98 47 0 4
0 1 26 6 0 0
0 1 128 27 0 3
0 1 45 25 1 0
0 1 83 19 0 4
0 1 91 7 0 4
0 1 91 9 1 2
0 1 106 52 0 0
0 1 15 8 0 1
0 1 75 22 1 0
0 1 100 29 1 3
0 1 112 55 0 1
0 1 4 25 0 2
0 1 101 48 1 1
0 1 39 31 0 4
0 1 42 20 1 2
0 1 81 3 1 1
0 1 125 8 1 4
0 1 99 26 0 0
0 1 54 54 0 4
0 1 34 37 1 4
0 1 18 48 0 3
0 1 11 18 1 3
0 1 79 14 0 0
0 1 29 32 1 1
0 1 47 1 1 1
0 1 89 0 0 3
0 1 10 38 1 0
0 1 102 49 1 0
0 1 19 51 1 4
0 1 51 38 0 3
0 1 75 42 0 1
0 1 93 24 1 3
0 1 111 5 1 1
0 1 73 4 0 1
0 1 62 7 0 3
0 1 62 55 1 4
0 1 16 50 1 0
0 1 127 11 1 2
0 1 117 14 0 3
0 1 72 39 0 1
0 1 95 11 1 3
0 1 17 24 0 2
0 1 7 40 0 4
0 1 68 30 0 1
0 1 100 55 0 3
0 1 51 45 1 3
0 1 79 17 1 2
0 1 84 50 1 3
0 1 5 45 1 1
0 1 113 27 0 2
0 1 20 36 0 1
0 1 98 9 1 3
0 1 99 41 1 0
0 1 119 34 1 1
0 1 61 20 1 1
0 1 42 12 0 1
0 1 123 50 1 1
0 1 49 41 0 4
0 1 81 17 0 3
0 1 50 9 1 1
0 1 24 2 1 2
0 1 60 33 0 1
0 1 120 46 1 1
0 1 6 16 0 4
0 1 128 1 1 2
0 1 69 2 1 1
0 1 20 52 1 2
0 1 102 38 0 1
0 1 94 15 1 1
0 1 104 15 0 2
0 1 139 53 0 2
0 1 87 47 0 0
0 1 0 26 1 4
0 1 41 54 0 1
0 1 108 30 0 3
0 1 136 44 1 4
0 1 36 21 0 2
0 1 137 4 1 2
0 1 54 14 1 4
0 1 76 42 0 3
0 1 45 2 0 4
0 1 105 22 0 3
0 1 77 46 0 4
0 1 28 13 1 1
0 1 40 19 0 0
0 1 12 3 0 2
0 1 112 31 1 3
0 1 55 51 0 3
0 1 80 49 1 1
0 1 18 6 1 1
0 1 0 12 0 0
0 1 77 35 1 0
0 1 130 12 1 2
0 1 53 28 0 4
0 1 139 5 1 0
0 1 138 25 0 3
0 1 124 27 0 4
0 1 83 53 1 0
0 1 70 13 0 0
0 1 122 16 0 1
0 1 26 21 1 4
0 1 57 43 0 4
0 1 116 32 1 2
0 1 23 54 0 2
0 1 1 39 0 0
0 1 64 4 1 4
0 1 105 18 1 0
0 1 115 3 0 0
0 1 2 22 0 2
0 1 29 53 0 1
0 1 48 46 1 3
0 1 43 48 1 2
0 1 90 54 1 3
0 1 53 18 1 2
0 1 9 51 0 2
0 1 25 47 0 3
0 1 135 8 0 0
0 1 63 23 1 1
0 1 134 21 0 0
0 1 78 28 1 1
0 1 46 23 0 0
0 1 21 37 0 3
0 1 114 37 0 1
0 1 31 10 1 2
0 1 37 11 1 0
0 1 121 47 0 2
0 1 131 10 1 3
0 1 94 1 0 3
0 1 108 42 1 2
0 1 96 34 0 4
0 1 10 32 0 0
0 1 49 19 1 1
0 1 22 36 1 0
0 1 25 52 1 3
0 1 103 7 1 1
0 1 59 26 1 3
0 1 132 31 1 1
0 1 124 4 1 3
0 1 5 31 0 0
0 1 58 8 0 2
0 1 68 0 1 1
0 1 119 39 0 4
0 1 35 0 1 4
0 1 130 16 0 3
0 1 101 9 0 4
0 1 85 29 1 1
0 1 30 30 0 0
0 1 132 2 0 3
0 1 113 35 1 3
0 1 43 48 0 4
0 1 35 14 0 2
0 1 93 27 0 0
0 1 69 48 0 0
0 1 33 1 0 0
0 1 88 55 0 2
0 1 67 41 0 3
0 1 14 53 0 4
0 1 107 10 1 0
0 1 125 38 0 4
0 1 32 13 0 4
0 1 65 40 0 2
0 1 137 36 0 4
0 1 47 10 0 1
0 1 3 16 1 2
0 1 39 29 1 0
0 1 41 13 1 3
0 1 19 44 0 2
0 1 44 0 0 0
0 1 110 35 0 2
0 1 82 19 0 3
0 1 109 17 1 1
0 1 16 31 0 2
0 1 2 39 1 2
0 1 126 33 0 2
0 1 82 11 1 1
0 1 1 13 1 2
0 1 92 44 1 3
0 1 118 44 1 0
0 1 58 43 1 1
0 1 86 22 1 4
0 1 84 15 0 3
0 1 110 34 1 0
0 1 63 36 0 3
0 1 17 1 1 4
0 1 66 14 0 1
0 1 74 35 1 1
0 1 97 15 1 4
0 1 37 20 0 3
0 1 31 52 0 4
0 1 97 28 0 0
0 1 23 17 1 4
0 1 87 35 1 4
0 1 72 8 1 3
0 1 8 2 0 0
0 1 38 28 1 2
0 1 15 33 1 0
0 1 123 5 0 4
0 1 48 30 0 4
0 1 80 5 0 3
0 1 22 51 0 1
0 1 78 39 0 3
0 1 70 40 1 0
0 1 106 45 1 4
0 1 27 50 0 2
0 1 71 18 1 4
0 1 74 17 0 0
0 1 33 25 1 1
0 1 50 5 0 2
0 1 65 24 1 0
0 1 11 47 0 1
0 1 127 49 0 3
0 1 21 52 1 1
0 1 73 28 1 3
0 1 114 49 1 4
0 1 95 11 0 4
0 1 118 18 0 1
0 1 107 3 0 4
0 1 64 20 0 0
0 1 52 41 1 1
0 1 57 12 1 3
0 1 27 12 1 4
0 1 60 26 1 2
0 1 38 7 0 2
0 1 32 45 1 2
0 1 28 40 0 1
0 1 52 7 0 0
0 1 4 27 1 1
0 1 121 22 1 1
0 1 85 40 0 3
0 1 117 33 1 3
0 1 88 41 1 2
0 1 111 30 0 2
0 1 109 9 0 0
0 1 59 42 0 0
0 1 116 38 0 2
0 1 56 25 0 4
0 1 92 24 0 4
0 1 90 43 0 3
0 1 131 21 0 3
0 1 40 15 1 0
0 1 67 54 1 0
0 1 129 20 1 4
0 1 138 23 1 2
0 1 34 32 0 3
0 1 44 6 1 4
0 1 115 43 1 0
0 1 135 45 1 0
0 1 24 37 0 2
0 1 9 55 1 0
0 1 36 6 1 2
0 1 13 37 0 0
0 1 8 49 1 2
0 1 56 51 1 0
0 1 129 23 0 4
0 1 7 0 1 2
0 1 126 6 1 3
0 1 89 4 1 0
0 1 13 46 1 2
0 1 103 34 0 2
0 1 66 19 1 2
0 1 122 10 1 4
0 1 6 26 1 1
0 1 30 29 1 4
