0 1 24 55 1 2
0 1 134 0 1 2
0 1 84 53 1 2
0 1 36 7 0 2
0 1 1 1 1 1
0 1 89 35 0 2
0 1 65 44 1 0
0 1 50 42 1 3
0 1 135 41 0 2
0 1 134 23 0 3
0 1 129 54 1 4
0 1 97 6 1 0
0 1 124 51 0 4
0 1 85 54 1 2
0 1 128 27 1 4
0 1 33 40 1 2
0 1 57 32 0 1
0 1 71 7 1 0
0 1 38 34 1 2
0 1 9 10 0 2
0 1 15 24 1 0
0 1 19 27 1 1
0 1 30 43 0 3
0 1 51 41 1 4
0 1 23 42 0 4
0 1 50 27 0 0
0 1 126 33 0 1
0 1 60 49 0 0
0 1 58 6 0 4
0 1 103 48 1 3
0 1 76 20 0 1
0 1 97 2 0 2
0 1 25 39 0 3
0 1 18 21 1 4
0 1 66 45 0 3
0 1 69 14 0 4
0 1 56 3 0 2
0 1 88 18 1 4
0 1 132 48 0 2
0 1 116 25 1 1
0 1 138 50 1 1
0 1 34 41 1 1
0 1 24 31 0 2
0 1 18 38 0 0
0 1 11 43 0 1
0 1 14 31 0 4
0 1 8 10 0 4
0 1 26 47 1 0
0 1 123 45 0 1
0 1 79 28 1 1
0 1 120 40 1 3
0 1 29 40 1 1
0 1 5 26 0 4
0 1 137 36 1 1
0 1 82 4 0 3
0 1 58 51 1 3
0 1 46 26 0 2
0 1 27 9 0 3
0 1 137 37 0 2
0 1 111 29 1 1
0 1 49 5 0 4
0 1 59 49 0 4
0 1 86 11 1 1
0 1 104 8 0 2
0 1 43 19 0 1
0 1 90 21 0 3
0 1 9 9 1 2
0 1 80 28 0 3
0 1 51 50 0 2
0 1 86 38 0 2
0 1 56 14 1 1
0 1 133 30 1 1
0 1 113 32 1 4
0 1 6 44 0 4
0 1 85 15 0 4
0 1 122 17 1 0
0 1 25 12 1 4
0 1 42 25 1 2
0 1 32 42 1 2
0 1 70 35 0 1
0 1 112 25 1 3
0 1 117 53 0 3
0 1 47 5 1 2
0 1 99 22 0 4
0 1 91 0 0 3
0 1 100 3 0 0
0 1 96 29 0 0
0 1 2 33 1 3
0 1 120 17 0 4
0 1 22 3 1 4
0 1 61 11 1 4
0 1 33 34 0 3
0 1 31 52 1 3
0 1 130 24 0 2
0 1 136 51 1 2
0 1 40 29 1 2
0 1 22 37 0 4
0 1 94 20 1 3
0 1 49 7 1 3
0 1 21 47 1 4
0 1 17 13 1 3
0 1 135 36 1 4
0 1 127 46 1 4
0 1 5 20 1 0
0 1 43 16 1 4
0 1 81 49 1 1
0 1 94 18 0 3
0 1 98 4 0 4
0 1 12 16 1 0
0 1 62 48 0 0
0 1 76 14 1 2
0 1 110 54 0 1
0 1 100 46 1 2
0 1 3 15 0 2
0 1 124 36 1 2
0 1 92 1 1 2
0 1 104 12 1 0
0 1 116 22 0 2
0 1 91 31 1 3
0 1 108 22 1 0
0 1 129 13 0 2
0 1 64 39 0 1
0 1 53 4 0 2
0 1 15 8 0 3
0 1 62 55 1 1
0 1 19 39 0 0
0 1 101 24 0 4
0 1 7 17 0 3
0 1 7 15 1 0
0 1 44 19 0 4
0 1 31 46 0 0
0 1 89 9 1 1
0 1 102 30 1 2
0 1 115 43 1 4
0 1 106 26 1 3
0 1 36 1 1 4
0 1 93 7 0 4
0 1 121 34 1 4
0 1 40 10 0 3
0 1 121 42 0 1
0 1 64 37 1 3
0 1 123 52 1 2
0 1 122 45 0 0
0 1 20 2 0 3
0 1 60 54 1 0
0 1 28 36 0 3
0 1 20 46 1 1
0 1 42 43 0 0
0 1 73 30 0 0
0 1 45 18 1 1
0 1 136 45 0 2
0 1 16 53 1 0
0 1 130 1 1 0
0 1 119 15 0 3
0 1 99 19 1 3
0 1 83 23 1 2
0 1 37 2 0 1
0 1 4 38 0 3
0 1 69 13 1 4
0 1 52 37 0 1
0 1 10 20 0 2
0 1 128 19 0 2
0 1 127 55 0 4
0 1 14 21 1 0
0 1 16 29 0 3
0 1 117 28 1 0
0 1 28 12 1 2
0 1 32 55 0 3
0 1 55 12 0 1
0 1 84 18 0 2
0 1 101 51 1 1
0 1 125 8 0 0
0 1 87 0 0 0
0 1 41 38 1 4
0 1 30 44 1 1
0 1 44 45 1 4
0 1 27 11 1 2
0 1 13 16 0 1
0 1 139 32 1 2
0 1 71 16 0 3
0 1 72 8 1 4
0 1 114 0 1 4
0 1 83 53 0 1
0 1 73 29 1 4
0 1 48 31 0 1
0 1 68 5 0 3
0 1 82 17 1 1
0 1 105 13 1 0
0 1 118 34 1 0
0 1 114 15 0 1
0 1 103 35 0 0
0 1 45 16 0 2
0 1 75 12 0 3
0 1 2 27 0 2
0 1 93 47 1 1
0 1 1 23 0 4
0 1 6 23 1 1
0 1 75 43 1 2
0 1 138 6 0 3
0 1 4 32 1 3
0 1 37 8 1 1
0 1 68 53 1 4
0 1 0 50 1 4
0 1 111 24 0 3
0 1 112 9 0 4
0 1 131 23 0 0
0 1 74 32 1 0
0 1 113 54 0 3
0 1 131 33 1 0
0 1 79 40 0 4
0 1 46 49 1 3
0 1 11 26 1 0
0 1 107 28 1 4
0 1 3 33 1 4
0 1 92 30 0 4
0 1 81 52 0 0
0 1 107 52 0 4
0 1 118 52 0 1
0 1 139 33 0 2
0 1 17 1 0 3
0 1 109 47 0 2
0 1 108 41 0 0
0 1 132 30 1 3
0 1 47 11 0 0
0 1 102 39 0 2
0 1 21 22 0 1
0 1 35 5 1 0
0 1 34 48 0 4
0 1 115 42 0 0
0 1 48 3 1 1
0 1 67 41 0 3
0 1 10 22 1 3
0 1 23 50 1 0
0 1 109 9 1 0
0 1 63 21 1 1
0 1 74 13 0 1
0 1 66 19 1 0
0 1 54 31 0 0
0 1 119 6 1 2
0 1 96 35 1 3
0 1 59 14 1 0
0 1 87 3 1 3
0 1 41 28 0 2
0 1 95 38 1 1
0 1 95 24 0 1
0 1 55 5 1 1
0 1 110 14 1 3
0 1 29 36 0 0
0 1 126 6 1 1
0 1 53 17 1 2
0 1 8 18 1 0
0 1 98 2 1 0
0 1 105 44 0 2
0 1 133 20 0 4
0 1 70 35 1 4
0 1 54 34 1 1
0 1 65 4 0 1
0 1 61 44 0 3
0 1 77 4 1 0
0 1 78 0 1 1
0 1 72 51 0 0
0 1 26 10 0 1
0 1 52 11 1 3
0 1 39 39 0 4
0 1 80 7 1 1
0 1 88 37 0 0
0 1 57 49 1 2
0 1 12 25 0 4
0 1 67 2 1 4
0 1 35 47 0 3
0 1 63 21 0 2
0 1 39 27 1 3
0 1 0 40 0 0
0 1 125 46 1 3
0 1 13 50 1 3
0 1 77 48 0 1
0 1 78 25 0 0
0 1 90 26 1 1
0 1 38 10 0 0
0 1 106 55 0 0
