0 1 113 20 1 0
0 1 78 13 0 3
0 1 87 23 1 0
0 1 75 41 0 4
0 1 25 43 1 2
0 1 34 55 1 1
0 1 0 52 1 3
0 1 80 54 1 4
0 1 4 51 0 4
0 1 19 7 1 0
0 1 27 53 0 4
0 1 72 8 1 2
0 1 42 34 0 2
0 1 121 5 0 4
0 1 4 3 1 1
0 1 100 31 0 4
0 1 110 37 1 0
0 1 62 12 0 0
0 1 45 27 1 3
0 1 24 0 1 3
0 1 67 25 1 3
0 1 76 0 0 1
0 1 80 38 0 2
0 1 86 2 0 0
0 1 46 31 1 3
0 1 131 22 0 0
0 1 117 28 0 1
0 1 40 53 0 0
0 1 54 19 0 3
0 1 122 52 1 4
0 1 134 30 0 2
0 1 95 49 0 0
0 1 97 44 1 1
0 1 49 38 0 1
0 1 35 19 1 0
0 1 69 40 0 3
0 1 3 52 0 2
0 1 23 42 0 1
0 1 32 36 1 3
0 1 5 0 1 4
0 1 90 19 0 1
0 1 23 32 1 4
0 1 125 36 0 1
0 1 83 15 1 3
0 1 9 24 0 4
0 1 6 11 1 2
0 1 8 35 1 4
0 1 124 16 0 3
0 1 75 9 1 4
0 1 37 4 1 4
0 1 65 45 1 1
0 1 127 46 1 0
0 1 59 21 0 1
0 1 119 41 0 3
0 1 103 54 0 2
0 1 115 12 1 2
0 1 94 4 1 2
0 1 51 47 0 0
0 1 92 36 1 2
0 1 50 40 0 2
0 1 31 25 1 2
0 1 8 10 0 3
0 1 71 33 0 0
0 1 77 37 0 1
0 1 66 24 1 3
0 1 101 34 1 0
0 1 27 26 1 3
0 1 108 4 1 0
0 1 117 2 1 3
0 1 103 31 1 0
0 1 83 49 0 4
0 1 81 35 1 1
0 1 61 14 1 0
0 1 129 25 1 0
0 1 87 30 0 3
0 1 71 30 1 0
0 1 60 34 1 1
0 1 84 9 0 3
0 1 74 8 1 4
0 1 93 42 1 3
0 1 113 31 0 1
0 1 78 39 1 3
0 1 26 1 0 1
0 1 62 50 1 1
0 1 34 18 0 2
0 1 13 44 0 0
0 1 122 3 0 3
0 1 25 51 0 3
0 1 131 49 1 1
0 1 12 50 1 0
0 1 53 3 0 4
0 1 50 55 1 0
0 1 29 43 1 3
0 1 41 5 0 0
0 1 129 47 0 3
0 1 73 39 0 4
0 1 132 29 0 0
0 1 76 36 1 0
0 1 91 29 0 3
0 1 12 26 0 2
0 1 94 25 0 1
0 1 102 22 0 1
0 1 21 5 1 2
0 1 57 47 0 2
0 1 58 28 1 4
0 1 40 1 1 4
0 1 7 17 0 3
0 1 112 40 0 0
0 1 37 1 0 3
0 1 13 24 1 0
0 1 64 39 1 2
0 1 70 22 0 3
0 1 33 33 0 2
0 1 105 6 0 4
0 1 15 45 1 4
0 1 82 51 1 0
0 1 67 48 0 2
0 1 105 10 1 2
0 1 17 1 1 0
0 1 138 5 1 1
0 1 111 38 0 4
0 1 72 15 0 1
0 1 100 10 1 1
0 1 97 17 0 1
0 1 109 23 0 1
0 1 20 55 1 3
0 1 118 28 0 2
0 1 106 12 0 1
0 1 85 21 1 4
0 1 43 18 0 4
0 1 24 23 0 4
0 1 45 14 0 1
0 1 110 45 0 0
0 1 56 20 1 1
0 1 90 48 1 3
0 1 104 46 1 2
0 1 68 20 0 2
0 1 36 19 1 4
0 1 130 8 1 3
0 1 136 6 1 3
0 1 39 37 0 2
0 1 15 51 0 1
0 1 18 32 1 1
0 1 132 43 1 4
0 1 30 9 1 0
0 1 79 7 0 2
0 1 125 47 1 1
0 1 64 27 0 1
0 1 29 11 0 3
0 1 79 39 1 1
0 1 26 11 1 4
0 1 1 15 1 0
0 1 73 49 1 2
0 1 18 38 0 3
0 1 126 18 0 1
0 1 134 13 1 2
0 1 101 16 0 1
0 1 136 46 0 4
0 1 31 6 0 1
0 1 21 13 0 0
0 1 54 17 1 4
0 1 93 7 0 1
0 1 52 22 1 2
0 1 10 42 1 2
0 1 127 3 0 0
0 1 139 43 0 0
0 1 0 41 0 1
0 1 52 30 0 4
0 1 99 26 0 0
0 1 36 2 0 2
0 1 116 52 1 0
0 1 68 16 1 2
0 1 63 53 0 1
0 1 44 54 0 0
0 1 137 29 1 2
0 1 38 30 1 1
0 1 115 35 0 3
0 1 116 21 0 0
0 1 91 17 1 0
0 1 2 32 0 2
0 1 107 33 1 3
0 1 99 36 1 4
0 1 135 13 1 4
0 1 69 50 1 4
0 1 104 9 0 2
0 1 108 25 0 4
0 1 130 3 0 2
0 1 14 6 1 2
0 1 17 0 0 2
0 1 60 11 0 1
0 1 81 0 0 0
0 1 7 40 1 1
0 1 123 48 1 1
0 1 56 11 0 0
0 1 14 6 0 0
0 1 66 22 0 4
0 1 47 15 0 4
0 1 120 4 0 1
0 1 5 20 0 3
0 1 30 34 0 3
0 1 28 35 0 2
0 1 1 41 0 2
0 1 11 15 1 2
0 1 43 32 1 3
0 1 32 31 0 2
0 1 55 55 1 2
0 1 133 23 0 2
0 1 20 18 0 0
0 1 119 5 1 3
0 1 98 14 1 3
0 1 48 2 0 4
0 1 38 54 0 1
0 1 89 14 0 2
0 1 98 26 0 1
0 1 86 33 1 4
0 1 106 18 1 3
0 1 109 1 1 2
0 1 10 37 0 4
0 1 96 44 1 4
0 1 112 8 1 0
0 1 118 45 1 2
0 1 59 53 1 2
0 1 33 29 1 1
0 1 55 44 0 2
0 1 46 12 0 3
0 1 137 46 0 1
0 1 41 27 1 0
0 1 126 48 1 4
0 1 114 53 0 3
0 1 16 33 1 1
0 1 28 49 1 3
0 1 128 26 1 4
0 1 65 17 0 2
0 1 133 24 1 1
0 1 58 47 0 4
0 1 70 21 1 3
0 1 88 43 0 1
0 1 120 41 1 0
0 1 95 55 1 4
0 1 124 40 1 4
0 1 22 42 1 0
0 1 35 10 0 0
0 1 48 38 1 0
0 1 44 44 1 3
0 1 111 27 1 2
0 1 9 2 1 1
0 1 82 50 0 2
0 1 2 34 1 4
0 1 51 16 1 0
0 1 88 27 1 4
0 1 57 42 1 4
0 1 42 32 1 0
0 1 3 28 1 3
0 1 39 23 1 3
0 1 107 8 0 1
0 1 123 16 0 4
0 1 19 20 0 4
0 1 49 10 1 4
0 1 121 54 1 3
0 1 138 24 0 2
0 1 61 21 0 2
0 1 77 39 1 0
0 1 135 12 0 4
0 1 84 14 1 4
0 1 22 45 0 3
0 1 47 37 1 3
0 1 63 7 1 4
0 1 11 51 0 2
0 1 85 50 0 3
0 1 89 46 1 3
0 1 128 4 0 3
0 1 74 35 0 0
0 1 102 7 1 3
0 1 16 48 0 0
0 1 53 9 1 1
0 1 114 28 1 0
0 1 139 29 1 4
0 1 6 19 0 2
0 1 92 13 0 1
0 1 96 52 0 1
