0 1 121 31 0 0
0 1 51 47 0 2
0 1 49 26 1 2
0 1 135 45 0 4
0 1 60 36 0 0
0 1 52 2 0 3
0 1 6 37 1 2
0 1 46 44 0 3
0 1 103 38 1 0
0 1 111 12 0 2
0 1 45 39 1 4
0 1 13 32 1 1
0 1 119 18 1 1
0 1 52 11 1 3
0 1 113 0 0 0
0 1 128 5 0 0
0 1 50 33 1 0
0 1 119 23 0 3
0 1 120 53 1 2
0 1 20 33 1 3
0 1 130 16 1 0
0 1 69 13 0 4
0 1 75 24 0 3
0 1 1 50 0 4
0 1 0 51 0 4
0 1 133 18 1 4
0 1 135 37 1 4
0 1 21 7 1 0
0 1 12 51 0 0
0 1 113 20 1 1
0 1 0 8 1 0
0 1 56 14 1 1
0 1 61 48 0 3
0 1 137 55 1 3
0 1 63 40 0 4
0 1 108 35 1 0
0 1 43 10 0 1
0 1 87 20 1 0
0 1 54 28 0 1
0 1 21 25 0 4
0 1 106 5 0 1
0 1 115 32 0 4
0 1 9 1 1 2
0 1 96 41 0 1
0 1 8 51 1 3
0 1 28 24 1 1
0 1 124 55 1 4
0 1 22 8 1 2
0 1 23 40 0 1
0 1 86 1 0 0
0 1 123 21 1 3
0 1 98 12 1 1
0 1 31 52 1 3
0 1 16 23 0 4
0 1 82 21 0 4
0 1 76 3 1 4
0 1 73 25 0 3
0 1 55 17 1 0
0 1 103 24 0 4
0 1 78 47 0 3
0 1 32 44 1 2
0 1 24 2 1 2
0 1 60 22 1 0
0 1 31 47 0 0
0 1 111 43 1 2
0 1 54 29 1 2
0 1 19 49 1 4
0 1 112 35 1 4
0 1 88 54 0 0
0 1 3 15 1 0
0 1 76 28 0 0
0 1 89 43 1 0
0 1 39 3 0 2
0 1 71 0 1 2
0 1 81 42 0 4
0 1 79 42 0 2
0 1 56 48 0 0
0 1 13 24 0 2
0 1 110 1 0 3
0 1 4 34 0 4
0 1 14 9 0 4
0 1 99 14 0 2
0 1 27 11 1 4
0 1 102 16 1 4
0 1 11 4 0 4
0 1 122 5 0 3
0 1 55 30 0 0
0 1 115 42 1 1
0 1 3 41 0 2
0 1 100 6 1 0
0 1 26 3 1 1
0 1 47 9 0 1
0 1 30 19 1 0
0 1 36 14 0 3
0 1 112 30 0 1
0 1 88 48 1 1
0 1 67 39 0 3
0 1 36 19 1 2
0 1 138 8 1 4
0 1 53 11 0 0
0 1 28 51 0 1
0 1 131 31 0 1
0 1 64 48 1 2
0 1 48 0 0 4
0 1 26 27 0 0
0 1 12 49 1 2
0 1 45 19 0 1
0 1 42 7 1 4
0 1 7 26 1 0
0 1 90 29 1 3
0 1 2 9 1 3
0 1 27 25 0 0
0 1 34 35 1 3
0 1 35 13 0 3
0 1 84 6 0 2
0 1 93 46 1 2
0 1 2 22 0 3
0 1 79 34 1 1
0 1 61 50 1 2
0 1 30 29 0 1
0 1 68 15 1 2
0 1 127 54 0 3
0 1 66 27 0 2
0 1 91 40 1 3
0 1 98 31 0 2
0 1 124 2 0 4
0 1 29 2 1 1
0 1 49 45 0 3
0 1 127 55 1 2
0 1 118 50 1 3
0 1 57 4 0 3
0 1 62 52 1 4
0 1 71 27 0 1
0 1 24 54 0 2
0 1 89 3 0 3
0 1 107 49 1 3
0 1 48 36 1 4
0 1 63 17 1 4
0 1 106 34 1 2
0 1 70 45 1 1
0 1 29 28 0 2
0 1 75 50 1 0
0 1 38 5 1 4
0 1 59 38 0 3
0 1 4 12 1 3
0 1 69 38 1 4
0 1 68 10 0 3
0 1 19 23 0 2
0 1 1 40 1 2
0 1 133 13 0 2
0 1 16 3 1 0
0 1 17 8 0 3
0 1 116 6 0 3
0 1 83 39 0 1
0 1 77 17 1 1
0 1 126 37 0 0
0 1 9 32 0 3
0 1 105 31 0 3
0 1 100 20 0 2
0 1 85 30 1 3
0 1 7 6 0 4
0 1 18 16 0 3
0 1 120 44 0 4
0 1 70 21 0 0
0 1 92 1 0 1
0 1 80 38 1 2
0 1 129 8 0 1
0 1 37 25 1 1
0 1 73 18 1 0
0 1 91 33 0 2
0 1 37 47 0 4
0 1 93 33 0 4
0 1 126 53 1 1
0 1 20 54 0 1
0 1 65 20 0 3
0 1 136 53 1 4
0 1 38 0 0 1
0 1 97 30 1 4
0 1 85 51 0 2
0 1 114 36 1 1
0 1 58 47 1 1
0 1 77 4 0 2
0 1 129 23 1 1
0 1 42 11 0 2
0 1 83 32 1 2
0 1 17 17 1 2
0 1 96 43 1 3
0 1 58 48 0 4
0 1 33 0 0 3
0 1 101 27 1 3
0 1 81 28 1 3
0 1 5 41 1 0
0 1 50 37 0 1
0 1 128 15 1 4
0 1 90 52 0 2
0 1 74 52 0 0
0 1 25 49 0 1
0 1 39 10 1 2
0 1 64 36 0 3
0 1 67 7 1 3
0 1 104 45 0 0
0 1 125 41 1 4
0 1 87 19 0 3
0 1 132 19 1 4
0 1 122 46 1 0
0 1 59 26 1 4
0 1 22 13 0 1
0 1 65 9 1 0
0 1 131 15 1 1
0 1 44 39 0 0
0 1 33 15 1 3
0 1 11 46 1 4
0 1 136 32 0 0
0 1 123 14 0 0
0 1 130 44 0 1
0 1 109 31 0 4
0 1 116 37 1 3
0 1 97 7 0 1
0 1 94 50 1 1
0 1 18 30 1 2
0 1 109 18 1 2
0 1 110 22 1 2
0 1 101 4 0 0
0 1 108 22 0 1
0 1 10 43 1 1
0 1 72 27 1 4
0 1 47 42 1 3
0 1 15 22 1 4
0 1 46 46 1 3
0 1 82 21 1 2
0 1 99 5 1 2
0 1 132 12 0 0
0 1 138 42 0 0
0 1 25 52 1 1
0 1 40 34 1 3
0 1 105 44 1 0
0 1 35 49 1 0
0 1 134 35 1 2
0 1 118 55 0 0
0 1 117 36 1 2
0 1 10 53 0 0
0 1 44 54 1 4
0 1 14 2 1 0
0 1 117 29 0 0
0 1 80 17 0 3
0 1 137 4 0 1
0 1 6 10 0 0
0 1 8 20 0 4
0 1 94 13 0 0
0 1 23 18 1 3
0 1 62 7 0 2
0 1 5 45 0 2
0 1 57 16 1 2
0 1 95 23 0 0
0 1 51 53 1 3
0 1 72 6 0 1
0 1 125 46 0 1
0 1 92 40 1 0
0 1 74 14 1 4
0 1 40 28 0 4
0 1 43 1 1 4
0 1 34 34 0 0
0 1 66 10 1 4
0 1 107 55 0 1
0 1 32 26 0 1
0 1 41 35 1 1
0 1 78 29 1 4
0 1 139 21 1 1
0 1 84 39 1 2
0 1 41 38 0 1
0 1 15 26 0 3
0 1 104 25 1 2
0 1 53 16 1 1
0 1 121 33 1 1
0 1 95 41 1 3
0 1 86 9 1 2
0 1 134 24 0 0
0 1 102 12 0 4
0 1 139 43 0 4
0 1 114 11 0 1
