0 1 76 45 1 4
0 1 11 53 0 4
0 1 21 42 1 4
0 1 44 5 1 2
0 1 62 25 1 1
0 1 20 46 0 3
0 1 126 32 1 2
0 1 39 30 1 3
0 1 23 19 0 3
0 1 83 47 1 3
0 1 49 38 1 2
0 1 91 6 1 2
0 1 6 36 0 0
0 1 78 0 0 2
0 1 99 39 0 0
0 1 97 9 0 4
0 1 124 49 0 2
0 1 117 4 0 1
0 1 102 47 0 2
0 1 17 54 1 4
0 1 86 33 0 3
0 1 60 51 0 1
0 1 9 44 0 2
0 1 8 27 1 4
0 1 108 24 1 2
0 1 30 43 0 1
0 1 43 38 0 1
0 1 69 11 1 2
0 1 54 3 1 4
0 1 122 54 1 2
0 1 26 20 0 0
0 1 84 4 0 0
0 1 23 48 1 4
0 1 33 31 1 0
0 1 89 22 0 1
0 1 19 51 0 0
0 1 6 45 1 2
0 1 15 15 0 2
0 1 21 16 0 3
0 1 32 39 0 3
0 1 136 37 1 2
0 1 55 52 0 1
0 1 92 8 0 0
0 1 47 35 0 0
0 1 121 45 1 0
0 1 71 49 1 0
0 1 131 14 1 2
0 1 4 50 0 1
0 1 36 14 1 3
0 1 68 52 1 3
0 1 103 40 1 3
0 1 34 26 1 2
0 1 106 24 0 4
0 1 83 21 0 2
0 1 40 50 1 3
0 1 13 18 0 3
0 1 55 27 1 1
0 1 130 46 1 2
0 1 115 29 0 1
0 1 67 15 1 4
0 1 128 2 1 4
0 1 75 21 1 3
0 1 38 28 1 0
0 1 22 23 1 4
0 1 95 22 0 2
0 1 88 2 1 3
0 1 80 10 0 1
0 1 135 34 0 1
0 1 90 7 1 0
0 1 101 48 1 1
0 1 79 29 1 3
0 1 112 55 1 4
0 1 119 21 0 0
0 1 64 31 1 4
0 1 52 34 0 0
0 1 5 24 0 1
0 1 56 33 1 2
0 1 29 12 0 4
0 1 98 1 1 1
0 1 4 41 1 3
0 1 25 10 0 3
0 1 87 29 1 4
0 1 48 32 0 3
0 1 103 12 0 2
0 1 127 25 0 4
0 1 89 13 1 2
0 1 73 39 0 2
0 1 45 16 0 1
0 1 12 19 0 2
0 1 85 4 0 4
0 1 91 36 0 2
0 1 123 52 1 4
0 1 86 10 1 2
0 1 98 17 0 3
0 1 1 23 0 1
0 1 105 8 1 3
0 1 14 13 1 0
0 1 14 30 0 4
0 1 96 44 0 4
0 1 53 22 1 4
0 1 74 55 0 2
0 1 137 11 0 3
0 1 36 2 0 1
0 1 10 20 1 3
0 1 41 18 1 4
0 1 111 55 0 0
0 1 82 41 0 2
0 1 136 7 0 1
0 1 33 22 0 3
0 1 48 8 1 2
0 1 107 52 0 2
0 1 15 26 1 4
0 1 106 28 1 1
0 1 59 28 1 3
0 1 130 35 0 2
0 1 63 38 0 4
0 1 20 5 1 0
0 1 107 39 1 4
0 1 26 5 1 3
0 1 132 20 0 4
0 1 65 32 0 1
0 1 7 50 1 0
0 1 109 34 0 2
0 1 47 1 1 0
0 1 139 43 0 3
0 1 84 0 1 3
0 1 24 54 1 1
0 1 58 36 1 4
0 1 32 31 1 1
0 1 3 6 0 3
0 1 7 25 0 3
0 1 116 13 0 3
0 1 85 35 1 1
0 1 27 40 0 0
0 1 66 9 1 2
0 1 59 18 0 2
0 1 138 50 0 4
0 1 78 37 1 3
0 1 43 2 1 0
0 1 101 0 0 4
0 1 72 20 1 1
0 1 74 35 1 3
0 1 18 0 0 1
0 1 61 45 1 3
0 1 54 54 0 0
0 1 57 51 0 3
0 1 111 37 1 0
0 1 68 42 0 0
0 1 31 33 0 4
0 1 73 42 1 3
0 1 2 40 0 2
0 1 58 19 0 1
0 1 120 39 1 1
0 1 60 9 1 0
0 1 53 33 0 0
0 1 61 19 0 0
0 1 81 11 0 0
0 1 72 47 0 1
0 1 108 26 0 3
0 1 41 44 0 0
0 1 10 24 0 0
0 1 71 15 0 3
0 1 132 29 1 0
0 1 42 13 1 4
0 1 37 48 0 0
0 1 93 42 0 1
0 1 40 34 0 3
0 1 131 51 0 2
0 1 31 30 1 1
0 1 117 21 1 4
0 1 77 21 0 1
0 1 139 32 1 0
0 1 5 3 1 0
0 1 95 30 1 2
0 1 17 25 0 0
0 1 66 28 0 2
0 1 80 44 1 1
0 1 120 30 0 0
0 1 3 12 1 3
0 1 16 9 0 1
0 1 76 32 0 4
0 1 121 6 0 4
0 1 35 8 1 1
0 1 134 45 1 1
0 1 65 43 1 2
0 1 37 44 1 3
0 1 56 41 0 0
0 1 27 23 1 0
0 1 77 53 1 3
0 1 114 23 0 3
0 1 70 14 0 4
0 1 9 17 1 0
0 1 109 17 1 1
0 1 100 49 1 4
0 1 102 27 1 0
0 1 79 6 0 1
0 1 34 36 0 3
0 1 12 53 1 2
0 1 75 4 0 2
0 1 94 31 0 3
0 1 133 4 1 3
0 1 104 5 0 4
0 1 63 54 1 3
0 1 112 49 0 1
0 1 97 28 1 4
0 1 122 26 0 1
0 1 87 7 0 3
0 1 133 37 0 4
0 1 127 47 1 0
0 1 30 27 1 2
0 1 8 37 0 1
0 1 90 43 0 4
0 1 25 35 1 4
0 1 124 7 1 2
0 1 129 42 0 2
0 1 119 53 1 0
0 1 113 5 1 1
0 1 39 11 0 4
0 1 134 43 0 0
0 1 125 15 1 0
0 1 138 34 1 4
0 1 0 52 0 0
0 1 51 46 0 1
0 1 93 40 1 4
0 1 104 48 1 3
0 1 114 33 1 1
0 1 28 23 0 2
0 1 125 46 0 4
0 1 46 12 1 1
0 1 38 3 0 3
0 1 135 2 1 2
0 1 70 31 1 2
0 1 29 10 1 4
0 1 0 38 1 0
0 1 126 0 0 0
0 1 44 16 0 2
0 1 18 26 1 0
0 1 110 38 1 3
0 1 24 41 0 4
0 1 88 3 0 2
0 1 123 14 0 1
0 1 113 55 0 1
0 1 67 27 0 3
0 1 62 53 0 1
0 1 110 13 0 1
0 1 49 16 0 4
0 1 35 48 0 2
0 1 81 24 1 3
0 1 105 9 0 3
0 1 19 15 1 1
0 1 57 17 1 4
0 1 50 20 1 2
0 1 116 11 1 1
0 1 50 10 0 0
0 1 46 41 0 1
0 1 52 50 1 2
0 1 96 1 1 4
0 1 42 22 0 0
0 1 137 36 1 1
0 1 118 29 1 2
0 1 2 40 1 1
0 1 94 7 1 4
0 1 64 1 0 2
0 1 13 17 1 2
0 1 51 49 1 3
0 1 128 16 0 0
0 1 129 1 1 3
0 1 99 6 1 0
0 1 45 18 1 0
0 1 100 46 0 0
0 1 16 25 1 2
0 1 11 12 1 0
0 1 69 51 0 4
0 1 1 14 1 0
0 1 92 18 1 1
0 1 82 3 1 1
0 1 118 8 0 4
0 1 28 55 1 3
0 1 115 19 1 4
0 1 22 47 0 4
