0 1 85 13 1 2
0 1 105 21 0 4
0 1 99 52 1 4
0 1 131 3 0 1
0 1 135 0 1 4
0 1 42 9 1 3
0 1 110 15 0 0
0 1 4 17 1 1
0 1 42 44 0 0
0 1 38 47 0 3
0 1 33 30 1 1
0 1 88 19 0 0
0 1 67 35 1 1
0 1 117 37 1 0
0 1 121 36 1 4
0 1 109 39 0 0
0 1 45 3 0 3
0 1 77 22 1 1
0 1 110 14 1 3
0 1 139 11 0 2
0 1 91 25 1 2
0 1 103 7 0 3
0 1 7 48 1 0
0 1 65 55 0 3
0 1 66 54 1 2
0 1 1 2 1 3
0 1 130 50 0 4
0 1 37 33 1 0
0 1 100 11 1 1
0 1 27 20 1 1
0 1 107 43 0 2
0 1 60 10 0 2
0 1 25 31 0 3
0 1 78 41 0 0
0 1 29 2 0 2
0 1 44 40 1 1
0 1 60 46 1 0
0 1 19 12 0 0
0 1 40 54 1 1
0 1 32 16 0 0
0 1 90 19 1 1
0 1 134 38 0 0
0 1 50 25 0 4
0 1 93 22 0 3
0 1 97 52 1 0
0 1 76 8 0 2
0 1 50 5 1 0
0 1 15 48 0 2
0 1 14 1 1 1
0 1 104 51 1 3
0 1 127 23 1 4
0 1 33 24 0 2
0 1 120 40 1 0
0 1 107 25 1 0
0 1 76 39 1 2
0 1 136 29 1 0
0 1 88 6 1 3
0 1 103 35 1 3
0 1 78 14 1 4
0 1 56 1 1 3
0 1 108 18 1 2
0 1 79 45 1 4
0 1 71 4 1 3
0 1 121 42 0 3
0 1 54 27 0 4
0 1 3 8 1 1
0 1 22 37 1 3
0 1 59 48 1 3
0 1 113 46 1 1
0 1 52 32 0 2
0 1 34 44 0 4
0 1 84 50 0 3
0 1 41 46 1 3
0 1 74 1 1 4
0 1 122 53 1 0
0 1 45 31 1 1
0 1 28 41 0 2
0 1 55 31 0 2
0 1 46 29 0 4
0 1 96 44 1 3
0 1 100 28 0 2
0 1 26 0 0 0
0 1 65 9 1 4
0 1 69 12 0 1
0 1 17 47 1 0
0 1 80 17 0 3
0 1 138 47 0 1
0 1 92 49 0 1
0 1 23 45 0 1
0 1 119 42 1 2
0 1 5 9 0 1
0 1 12 43 0 4
0 1 9 45 1 3
0 1 48 17 1 0
0 1 53 8 0 0
0 1 133 26 0 1
0 1 34 6 1 2
0 1 30 21 1 1
0 1 128 29 0 2
0 1 19 40 1 4
0 1 127 32 0 4
0 1 0 5 1 3
0 1 112 50 0 2
0 1 57 2 1 0
0 1 119 2 0 1
0 1 27 13 0 4
0 1 73 42 0 0
0 1 31 15 0 3
0 1 58 43 0 0
0 1 70 10 1 1
0 1 90 1 0 2
0 1 72 6 1 4
0 1 35 3 1 2
0 1 117 20 0 2
0 1 9 38 0 1
0 1 67 35 0 2
0 1 133 34 1 1
0 1 8 27 0 2
0 1 71 22 0 0
0 1 98 34 0 3
0 1 118 28 0 0
0 1 115 4 0 2
0 1 81 31 1 0
0 1 40 7 0 0
0 1 58 7 1 4
0 1 6 53 0 4
0 1 13 7 1 1
0 1 129 5 1 1
0 1 75 36 0 0
0 1 16 21 0 3
0 1 68 51 0 2
0 1 114 20 1 0
0 1 84 23 1 0
0 1 21 40 0 2
0 1 47 30 0 0
0 1 105 18 1 3
0 1 102 18 0 0
0 1 28 9 1 0
0 1 95 30 1 2
0 1 18 55 0 1
0 1 111 7 0 2
0 1 39 0 0 1
0 1 10 53 1 1
0 1 113 32 0 0
0 1 51 29 0 1
0 1 23 37 1 2
0 1 61 49 0 2
0 1 63 8 1 3
0 1 53 41 1 1
0 1 44 24 0 0
0 1 120 41 0 3
0 1 38 42 1 1
0 1 129 10 0 0
0 1 126 22 0 4
0 1 10 11 0 0
0 1 137 16 0 3
0 1 25 12 1 3
0 1 21 36 1 3
0 1 122 28 0 3
0 1 106 0 0 3
0 1 5 14 1 2
0 1 4 14 0 1
0 1 86 43 1 3
0 1 56 1 0 0
0 1 41 5 0 2
0 1 97 50 0 1
0 1 83 23 1 2
0 1 20 39 0 3
0 1 124 24 1 1
0 1 2 27 1 1
0 1 87 47 0 2
0 1 52 49 1 0
0 1 93 34 1 4
0 1 74 25 0 3
0 1 92 54 1 4
0 1 108 55 0 2
0 1 30 10 0 4
0 1 29 51 1 4
0 1 85 13 0 1
0 1 57 38 0 2
0 1 86 49 0 3
0 1 18 14 1 0
0 1 77 41 0 4
0 1 73 6 1 1
0 1 36 26 0 2
0 1 66 52 0 2
0 1 14 26 0 3
0 1 132 23 0 1
0 1 13 3 0 4
0 1 49 55 0 4
0 1 131 11 1 4
0 1 46 5 1 4
0 1 95 15 0 4
0 1 64 26 0 0
0 1 109 39 1 4
0 1 98 35 1 0
0 1 16 46 1 4
0 1 7 40 0 3
0 1 63 16 0 2
0 1 6 42 1 4
0 1 1 32 0 1
0 1 138 38 1 4
0 1 20 12 1 4
0 1 3 19 0 4
0 1 54 27 1 3
0 1 123 19 0 3
0 1 136 52 0 3
0 1 79 53 0 3
0 1 51 24 1 3
0 1 15 50 1 0
0 1 64 32 1 3
0 1 87 20 1 3
0 1 61 52 1 1
0 1 112 4 1 4
0 1 36 48 1 1
0 1 89 9 0 2
0 1 91 10 0 3
0 1 8 13 1 0
0 1 11 24 1 4
0 1 82 11 0 3
0 1 111 21 1 2
0 1 101 51 1 0
0 1 75 4 1 0
0 1 135 15 0 1
0 1 82 36 1 2
0 1 2 33 0 2
0 1 115 16 1 1
0 1 26 38 1 3
0 1 12 36 1 1
0 1 24 34 0 0
0 1 62 2 0 4
0 1 49 37 1 1
0 1 130 54 1 3
0 1 116 45 1 2
0 1 126 3 1 0
0 1 55 23 1 3
0 1 35 45 0 0
0 1 70 17 0 4
0 1 89 28 1 4
0 1 31 46 1 2
0 1 124 26 0 4
0 1 102 18 1 1
0 1 81 27 0 0
0 1 125 6 1 0
0 1 101 15 0 2
0 1 0 0 0 2
0 1 39 17 1 2
0 1 17 43 0 1
0 1 43 33 1 4
0 1 72 33 0 3
0 1 116 12 0 2
0 1 139 44 1 2
0 1 132 28 1 1
0 1 118 16 1 4
0 1 24 53 1 2
0 1 99 30 0 3
0 1 80 20 1 4
0 1 11 49 0 4
0 1 96 48 0 4
0 1 94 33 1 1
0 1 106 30 1 4
0 1 69 39 1 1
0 1 48 22 0 2
0 1 123 44 1 1
0 1 32 37 1 4
0 1 134 8 1 4
0 1 104 4 0 1
0 1 68 47 1 4
0 1 47 25 1 1
0 1 22 18 0 4
0 1 128 19 1 2
0 1 114 13 0 3
0 1 125 54 0 0
0 1 59 34 0 2
0 1 37 55 0 0
0 1 83 51 0 1
0 1 94 29 0 3
0 1 137 31 1 4
0 1 43 21 0 0
0 1 62 35 1 4
