0 1 122 33 0 0
0 1 82 54 1 1
0 1 44 41 0 1
0 1 45 21 0 3
0 1 135 48 1 3
0 1 33 39 1 3
0 1 96 20 0 1
0 1 116 5 0 2
0 1 92 17 1 3
0 1 58 1 0 0
0 1 97 23 1 4
0 1 37 45 1 4
0 1 90 9 1 0
0 1 23 8 1 3
0 1 124 38 1 1
0 1 7 18 0 0
0 1 1 53 0 1
0 1 127 15 1 2
0 1 133 3 0 1
0 1 56 11 0 0
0 1 106 29 1 1
0 1 18 27 1 1
0 1 109 44 1 1
0 1 61 51 1 1
0 1 98 34 0 1
0 1 62 14 1 3
0 1 57 6 0 0
0 1 75 55 1 0
0 1 59 16 1 4
0 1 50 34 1 0
0 1 80 36 1 1
0 1 103 10 1 1
0 1 16 5 0 1
0 1 131 46 1 2
0 1 6 11 1 3
0 1 130 8 1 4
0 1 137 2 1 0
0 1 127 32 0 2
0 1 91 31 0 2
0 1 60 37 0 1
0 1 83 13 0 4
0 1 43 43 1 1
0 1 95 49 1 3
0 1 107 28 1 2
0 1 0 16 0 3
0 1 45 52 1 4
0 1 59 35 0 0
0 1 26 15 0 0
0 1 93 50 1 4
0 1 25 26 1 3
0 1 109 51 0 4
0 1 68 47 1 2
0 1 126 12 1 2
0 1 19 31 1 0
0 1 9 20 0 0
0 1 28 32 1 0
0 1 104 37 0 4
0 1 65 12 1 4
0 1 128 40 1 0
0 1 51 33 0 3
0 1 139 24 0 1
0 1 100 19 0 1
0 1 90 3 0 4
0 1 101 6 1 1
0 1 138 0 0 4
0 1 13 14 1 0
0 1 46 43 1 0
0 1 26 43 1 4
0 1 74 53 1 2
0 1 10 53 1 0
0 1 96 17 1 1
0 1 111 38 1 3
0 1 118 29 0 2
0 1 15 27 1 2
0 1 63 9 0 1
0 1 123 50 0 3
0 1 120 17 0 2
0 1 132 30 1 1
0 1 60 7 1 0
0 1 19 47 0 3
0 1 108 18 0 3
0 1 2 4 1 4
0 1 27 13 0 1
0 1 69 55 1 3
0 1 105 15 0 4
0 1 88 12 1 0
0 1 84 14 0 2
0 1 39 51 0 3
0 1 55 47 0 4
0 1 67 6 1 2
0 1 42 4 0 3
0 1 58 48 1 1
0 1 40 36 0 0
0 1 24 52 1 3
0 1 71 2 0 3
0 1 10 18 0 2
0 1 99 27 1 3
0 1 49 36 0 2
0 1 134 19 1 3
0 1 107 36 0 3
0 1 104 15 1 3
0 1 11 25 1 4
0 1 34 42 1 0
0 1 41 54 1 0
0 1 12 40 0 4
0 1 132 45 0 3
0 1 66 22 0 1
0 1 8 31 1 1
0 1 101 2 0 4
0 1 66 17 1 4
0 1 131 37 0 3
0 1 79 49 1 1
0 1 83 29 1 4
0 1 48 19 0 2
0 1 124 1 0 3
0 1 116 42 1 4
0 1 21 20 0 2
0 1 86 2 0 1
0 1 53 28 0 4
0 1 119 35 1 3
0 1 113 42 1 2
0 1 85 45 1 1
0 1 54 33 0 2
0 1 31 21 1 4
0 1 74 23 0 1
0 1 56 24 1 2
0 1 86 50 1 0
0 1 88 0 0 0
0 1 87 46 1 1
0 1 46 40 0 3
0 1 102 13 1 0
0 1 115 39 0 2
0 1 129 34 0 2
0 1 27 1 1 4
0 1 113 50 0 2
0 1 11 7 0 3
0 1 5 11 0 4
0 1 64 38 0 0
0 1 77 30 0 3
0 1 35 18 1 1
0 1 122 9 1 4
0 1 78 55 1 4
0 1 57 35 1 4
0 1 49 26 1 0
0 1 63 47 1 0
0 1 110 10 1 2
0 1 115 9 1 3
0 1 30 37 1 2
0 1 81 25 1 0
0 1 112 20 0 3
0 1 85 48 0 0
0 1 134 33 0 1
0 1 36 49 1 2
0 1 24 41 0 3
0 1 16 27 1 4
0 1 136 32 0 1
0 1 75 33 0 4
0 1 1 5 1 3
0 1 119 23 0 2
0 1 61 10 0 3
0 1 52 45 1 2
0 1 139 28 1 0
0 1 100 42 1 3
0 1 95 4 0 0
0 1 32 44 0 2
0 1 94 39 1 4
0 1 135 46 0 3
0 1 76 7 1 2
0 1 42 34 1 3
0 1 35 35 0 2
0 1 89 16 0 2
0 1 15 40 0 1
0 1 73 4 1 2
0 1 44 22 1 0
0 1 114 6 1 3
0 1 72 9 0 2
0 1 98 52 1 0
0 1 68 3 0 3
0 1 2 39 0 0
0 1 114 26 0 2
0 1 47 51 1 0
0 1 120 16 1 1
0 1 129 32 1 4
0 1 137 44 0 0
0 1 28 29 0 0
0 1 22 7 0 4
0 1 9 7 1 1
0 1 106 8 0 0
0 1 23 38 0 2
0 1 54 37 1 0
0 1 38 40 0 2
0 1 55 54 1 3
0 1 4 0 0 1
0 1 89 52 1 2
0 1 103 14 0 4
0 1 136 20 1 4
0 1 21 26 1 1
0 1 3 44 1 3
0 1 108 25 1 3
0 1 30 22 0 2
0 1 133 0 1 2
0 1 111 53 0 3
0 1 17 29 0 3
0 1 14 21 1 0
0 1 97 5 0 4
0 1 37 0 0 3
0 1 78 43 0 2
0 1 32 12 1 1
0 1 6 44 0 4
0 1 110 28 0 1
0 1 33 14 0 1
0 1 0 8 1 2
0 1 117 53 1 4
0 1 102 48 0 4
0 1 92 2 0 2
0 1 51 10 1 0
0 1 73 11 0 2
0 1 20 1 0 2
0 1 82 55 0 1
0 1 41 25 0 1
0 1 126 3 0 2
0 1 14 13 0 2
0 1 70 19 1 0
0 1 72 30 1 0
0 1 128 49 0 4
0 1 118 38 1 4
0 1 18 24 0 4
0 1 29 28 0 3
0 1 117 50 0 1
0 1 76 26 0 4
0 1 69 32 0 3
0 1 36 43 0 3
0 1 130 6 0 4
0 1 13 22 0 4
0 1 20 12 1 3
0 1 125 8 1 1
0 1 22 46 1 4
0 1 105 25 1 2
0 1 53 18 1 4
0 1 91 54 1 4
0 1 138 24 1 0
0 1 77 48 1 2
0 1 39 52 1 1
0 1 7 27 1 0
0 1 31 42 0 1
0 1 84 30 1 2
0 1 38 41 1 4
0 1 112 46 1 0
0 1 34 49 0 0
0 1 79 4 0 1
0 1 94 35 0 1
0 1 12 10 1 4
0 1 48 55 1 2
0 1 3 36 0 4
0 1 93 31 0 3
0 1 87 15 0 1
0 1 5 23 1 3
0 1 81 51 0 2
0 1 17 16 1 0
0 1 43 31 0 4
0 1 4 34 1 4
0 1 50 41 0 2
0 1 99 11 0 1
0 1 70 13 0 3
0 1 29 21 1 1
0 1 123 21 1 2
0 1 62 1 0 1
0 1 64 22 1 3
0 1 125 5 0 0
0 1 121 17 1 0
0 1 8 24 0 3
0 1 67 45 0 0
0 1 52 54 0 2
0 1 71 3 1 0
0 1 80 19 0 4
0 1 121 23 0 0
0 1 40 39 1 1
0 1 47 30 0 4
0 1 65 47 0 1
0 1 25 41 0 0
