0 1 98 48 1 2
0 1 7 1 0 4
0 1 29 26 1 3
0 1 78 2 0 3
0 1 80 41 0 3
0 1 73 14 1 2
0 1 43 44 1 0
0 1 100 28 0 0
0 1 38 33 0 1
0 1 89 29 1 1
0 1 83 42 0 1
0 1 93 52 1 2
0 1 31 31 0 3
0 1 32 38 1 2
0 1 97 54 1 1
0 1 5 35 1 0
0 1 87 34 1 0
0 1 3 32 0 0
0 1 23 16 0 3
0 1 126 29 0 4
0 1 84 7 0 0
0 1 62 18 0 0
0 1 77 46 1 3
0 1 90 44 0 2
0 1 58 30 1 3
0 1 109 39 1 2
0 1 53 53 1 0
0 1 18 11 1 0
0 1 21 36 0 0
0 1 79 25 0 1
0 1 119 15 0 4
0 1 49 52 1 3
0 1 133 5 0 3
0 1 9 25 0 4
0 1 114 35 0 4
0 1 63 6 1 3
0 1 123 10 0 0
0 1 126 3 1 4
0 1 27 19 1 1
0 1 24 45 1 3
0 1 1 12 0 1
0 1 6 3 1 2
0 1 134 40 1 4
0 1 39 38 0 1
0 1 24 18 0 1
0 1 86 47 0 4
0 1 85 51 0 0
0 1 57 7 0 1
0 1 26 49 0 3
0 1 0 36 1 3
0 1 16 46 1 0
0 1 112 18 1 3
0 1 45 4 0 4
0 1 34 43 0 2
0 1 80 21 1 4
0 1 4 3 1 0
0 1 107 0 0 2
0 1 47 32 1 2
0 1 120 20 1 0
0 1 88 24 0 2
0 1 23 47 1 0
0 1 104 22 1 3
0 1 88 38 1 0
0 1 65 17 1 0
0 1 117 51 0 1
0 1 120 20 0 3
0 1 10 31 0 2
0 1 28 23 0 3
0 1 20 27 1 4
0 1 3 17 1 4
0 1 92 41 1 4
0 1 52 37 1 0
0 1 61 26 0 1
0 1 13 55 0 4
0 1 124 49 1 4
0 1 100 34 1 1
0 1 28 4 1 1
0 1 102 8 1 3
0 1 130 13 1 1
0 1 72 43 1 0
0 1 60 40 1 3
0 1 75 9 1 2
0 1 16 9 0 1
0 1 82 2 0 1
0 1 33 2 0 4
0 1 40 33 1 4
0 1 109 29 0 0
0 1 96 50 1 0
0 1 63 15 0 2
0 1 70 6 1 2
0 1 35 0 0 0
0 1 12 23 1 4
0 1 92 5 0 1
0 1 106 38 0 3
0 1 101 17 1 3
0 1 15 37 1 4
0 1 30 15 1 1
0 1 84 54 1 3
0 1 55 52 0 1
0 1 121 47 0 1
0 1 110 50 0 1
0 1 51 44 1 3
0 1 29 22 0 4
0 1 115 31 0 1
0 1 39 13 1 3
0 1 76 23 0 1
0 1 106 0 1 4
0 1 56 8 0 1
0 1 74 24 1 4
0 1 107 54 1 4
0 1 43 16 0 4
0 1 14 24 0 3
0 1 127 12 1 4
0 1 71 4 1 3
0 1 30 43 0 4
0 1 116 35 1 3
0 1 138 34 1 3
0 1 25 45 0 4
0 1 128 22 1 1
0 1 94 48 0 4
0 1 102 30 0 4
0 1 69 21 0 0
0 1 139 42 0 0
0 1 125 13 1 2
0 1 26 40 1 0
0 1 41 26 0 2
0 1 95 14 1 1
0 1 75 1 0 1
0 1 117 38 1 4
0 1 64 35 0 2
0 1 132 50 0 4
0 1 11 10 0 4
0 1 136 41 1 1
0 1 129 46 1 4
0 1 99 36 1 1
0 1 50 3 1 3
0 1 36 49 1 2
0 1 127 22 0 2
0 1 72 21 0 1
0 1 40 1 0 2
0 1 57 53 1 4
0 1 54 27 1 3
0 1 2 36 1 4
0 1 14 9 1 3
0 1 81 32 1 1
0 1 44 54 0 0
0 1 52 19 0 0
0 1 11 37 1 1
0 1 15 40 0 2
0 1 12 21 0 3
0 1 56 50 1 2
0 1 42 33 0 0
0 1 112 42 0 4
0 1 71 29 0 3
0 1 139 37 1 3
0 1 91 39 0 0
0 1 81 47 0 3
0 1 25 26 1 4
0 1 138 7 0 4
0 1 27 29 0 2
0 1 128 39 0 4
0 1 135 52 0 4
0 1 76 23 1 0
0 1 125 7 0 2
0 1 130 31 0 4
0 1 62 16 1 1
0 1 94 49 1 1
0 1 93 5 0 2
0 1 48 44 0 4
0 1 17 17 0 1
0 1 54 30 0 1
0 1 118 6 0 0
0 1 35 33 1 3
0 1 21 28 1 3
0 1 8 27 1 0
0 1 59 55 1 0
0 1 77 10 0 3
0 1 58 1 0 3
0 1 66 6 1 1
0 1 60 19 0 3
0 1 61 53 1 2
0 1 119 18 1 4
0 1 111 20 1 4
0 1 91 0 1 3
0 1 86 8 1 0
0 1 114 39 1 3
0 1 131 14 0 3
0 1 99 37 0 2
0 1 10 30 1 0
0 1 124 5 0 4
0 1 110 13 1 0
0 1 47 12 0 3
0 1 96 39 0 1
0 1 37 25 1 3
0 1 108 41 0 0
0 1 133 27 1 1
0 1 46 11 1 4
0 1 53 17 0 2
0 1 122 13 1 4
0 1 129 42 0 3
0 1 135 19 1 2
0 1 22 43 1 1
0 1 5 43 0 3
0 1 2 15 0 3
0 1 51 9 0 0
0 1 69 53 1 1
0 1 1 30 1 2
0 1 137 28 0 1
0 1 45 51 1 3
0 1 19 2 0 2
0 1 18 19 0 4
0 1 37 15 0 0
0 1 13 53 1 3
0 1 65 1 0 0
0 1 20 10 0 1
0 1 82 55 1 1
0 1 42 18 1 2
0 1 95 25 0 0
0 1 89 4 0 0
0 1 33 51 1 4
0 1 113 34 0 4
0 1 98 12 0 2
0 1 118 45 1 1
0 1 19 55 1 3
0 1 116 48 0 0
0 1 78 45 1 0
0 1 111 48 0 1
0 1 55 11 1 2
0 1 36 32 0 3
0 1 113 28 1 2
0 1 68 36 0 2
0 1 67 44 1 1
0 1 9 8 1 4
0 1 50 24 0 0
0 1 121 11 1 1
0 1 7 42 1 2
0 1 64 10 1 2
0 1 41 34 1 2
0 1 68 32 1 4
0 1 105 40 0 1
0 1 122 23 0 2
0 1 67 2 0 0
0 1 101 50 0 3
0 1 108 45 1 2
0 1 8 26 0 0
0 1 103 20 0 1
0 1 79 24 1 1
0 1 49 54 0 2
0 1 32 55 0 2
0 1 87 14 0 4
0 1 46 16 0 0
0 1 136 31 0 0
0 1 48 16 1 2
0 1 104 35 0 1
0 1 74 21 0 2
0 1 17 7 1 3
0 1 0 5 0 0
0 1 131 46 1 1
0 1 44 8 1 2
0 1 6 46 0 2
0 1 83 4 1 2
0 1 66 52 0 0
0 1 137 48 1 3
0 1 73 47 0 2
0 1 34 3 1 1
0 1 90 14 1 0
0 1 103 22 1 0
0 1 105 28 1 4
0 1 97 27 0 2
0 1 132 33 1 2
0 1 59 25 0 2
0 1 38 51 1 2
0 1 115 11 1 3
0 1 70 6 0 4
0 1 22 49 0 0
0 1 31 41 1 2
0 1 85 12 1 0
0 1 4 9 0 4
0 1 123 20 1 2
0 1 134 0 0 1
