0 1 56 46 1 3
0 1 124 23 0 3
0 1 87 44 1 4
0 1 90 11 1 3
0 1 56 47 0 2
0 1 12 26 0 1
0 1 40 18 0 3
0 1 103 55 1 2
0 1 106 2 0 4
0 1 86 45 1 0
0 1 110 33 1 1
0 1 73 12 0 0
0 1 102 5 1 4
0 1 29 52 1 3
0 1 120 22 1 2
0 1 93 13 1 4
0 1 95 4 1 4
0 1 109 38 0 4
0 1 6 54 1 2
0 1 115 48 1 1
0 1 83 3 1 4
0 1 111 35 1 4
0 1 87 17 0 3
0 1 35 24 1 0
0 1 88 35 0 0
0 1 45 10 0 1
0 1 3 13 0 2
0 1 20 16 1 4
0 1 15 21 0 2
0 1 20 27 0 0
0 1 25 48 1 3
0 1 32 54 1 1
0 1 31 19 1 1
0 1 39 1 0 2
0 1 5 25 0 2
0 1 123 2 1 1
0 1 99 18 0 2
0 1 105 17 1 0
0 1 83 45 0 3
0 1 4 12 0 1
0 1 92 41 1 4
0 1 104 34 0 4
0 1 37 13 0 0
0 1 100 26 1 3
0 1 16 26 1 2
0 1 1 9 1 2
0 1 23 43 1 0
0 1 46 8 1 4
0 1 122 53 1 3
0 1 133 14 1 2
0 1 94 24 0 2
0 1 127 4 0 0
0 1 17 16 0 1
0 1 76 1 0 1
0 1 14 0 0 1
0 1 118 34 1 1
0 1 70 51 0 1
0 1 9 41 1 3
0 1 125 42 1 3
0 1 75 51 0 3
0 1 68 31 1 2
0 1 107 40 0 0
0 1 74 49 1 0
0 1 2 32 0 0
0 1 14 19 1 4
0 1 69 6 1 3
0 1 82 50 0 0
0 1 59 9 1 1
0 1 114 14 0 1
0 1 48 47 0 3
0 1 15 36 1 1
0 1 135 21 0 0
0 1 112 37 1 4
0 1 7 32 0 1
0 1 65 39 1 4
0 1 52 35 1 1
0 1 59 39 0 3
0 1 37 44 1 2
0 1 132 47 1 4
0 1 124 52 1 1
0 1 93 17 0 4
0 1 92 28 0 2
0 1 98 34 1 2
0 1 79 25 0 4
0 1 43 30 0 4
0 1 125 7 0 1
0 1 48 55 1 3
0 1 26 10 1 3
0 1 13 49 1 1
0 1 89 27 1 4
0 1 60 36 1 3
0 1 47 10 0 0
0 1 84 50 1 1
0 1 30 20 1 2
0 1 50 32 0 3
0 1 109 33 1 0
0 1 126 42 1 1
0 1 78 26 1 0
0 1 129 1 0 3
0 1 80 35 0 2
0 1 60 29 0 1
0 1 90 41 0 2
0 1 0 23 1 4
0 1 32 34 0 3
0 1 55 5 1 1
0 1 21 44 0 1
0 1 22 36 1 0
0 1 85 41 0 0
0 1 139 21 1 4
0 1 110 20 0 4
0 1 2 15 1 0
0 1 3 2 1 2
0 1 51 27 0 1
0 1 29 47 0 0
0 1 137 55 1 0
0 1 62 53 0 0
0 1 63 46 0 1
0 1 131 8 0 2
0 1 117 7 0 3
0 1 53 54 0 3
0 1 35 6 0 2
0 1 111 22 0 3
0 1 19 37 0 0
0 1 77 0 0 3
0 1 13 46 0 2
0 1 57 29 0 2
0 1 120 45 0 4
0 1 31 30 0 0
0 1 78 14 0 4
0 1 86 48 0 0
0 1 108 31 1 0
0 1 44 52 0 4
0 1 68 1 0 0
0 1 97 40 0 1
0 1 18 45 1 2
0 1 8 30 1 1
0 1 99 22 1 0
0 1 136 23 1 1
0 1 23 11 0 1
0 1 115 38 0 0
0 1 102 49 0 3
0 1 5 4 1 2
0 1 95 18 0 1
0 1 46 16 0 0
0 1 8 39 0 2
0 1 76 5 1 0
0 1 7 7 1 4
0 1 85 43 1 2
0 1 69 15 0 4
0 1 61 41 1 1
0 1 66 32 0 2
0 1 103 54 0 4
0 1 79 51 1 4
0 1 119 9 1 3
0 1 112 28 0 0
0 1 136 28 0 1
0 1 17 6 1 1
0 1 11 43 1 4
0 1 105 48 0 4
0 1 54 0 0 0
0 1 64 25 0 1
0 1 128 23 1 2
0 1 101 50 1 4
0 1 104 22 1 4
0 1 61 37 0 3
0 1 53 38 1 3
0 1 57 46 1 4
0 1 25 40 0 3
0 1 72 30 1 2
0 1 6 24 0 3
0 1 81 19 0 3
0 1 82 35 1 3
0 1 91 9 1 0
0 1 138 7 1 0
0 1 71 55 1 1
0 1 43 27 1 3
0 1 66 53 1 1
0 1 22 17 0 1
0 1 28 8 0 0
0 1 101 8 0 1
0 1 16 3 0 1
0 1 130 26 1 4
0 1 51 10 1 2
0 1 26 24 0 1
0 1 52 3 0 3
0 1 117 25 1 3
0 1 27 38 0 1
0 1 34 54 0 0
0 1 38 27 1 2
0 1 130 5 0 2
0 1 116 28 0 4
0 1 12 29 1 3
0 1 67 31 0 4
0 1 49 14 0 3
0 1 40 21 1 3
0 1 30 2 0 3
0 1 118 39 0 0
0 1 50 44 1 3
0 1 0 30 0 3
0 1 89 44 0 0
0 1 70 5 1 3
0 1 41 33 0 2
0 1 42 50 0 2
0 1 132 46 0 0
0 1 80 0 1 4
0 1 21 33 1 3
0 1 98 40 0 2
0 1 100 18 0 0
0 1 38 11 0 2
0 1 63 13 1 3
0 1 77 15 1 1
0 1 54 3 1 0
0 1 19 2 1 0
0 1 113 36 0 4
0 1 114 20 1 3
0 1 128 3 0 2
0 1 58 20 0 1
0 1 47 13 1 1
0 1 94 28 1 3
0 1 97 51 1 2
0 1 121 7 1 2
0 1 116 21 1 1
0 1 73 34 1 0
0 1 65 52 0 0
0 1 10 42 0 2
0 1 72 38 0 2
0 1 36 25 0 0
0 1 131 53 1 2
0 1 41 12 1 4
0 1 24 19 0 0
0 1 127 43 1 1
0 1 28 4 1 3
0 1 122 29 0 4
0 1 24 31 1 1
0 1 36 14 1 0
0 1 75 37 1 2
0 1 11 45 0 1
0 1 9 6 0 4
0 1 44 18 1 4
0 1 107 1 1 4
0 1 129 8 1 3
0 1 119 12 0 3
0 1 81 43 1 3
0 1 134 16 1 3
0 1 88 11 1 4
0 1 96 36 1 2
0 1 126 31 0 3
0 1 84 12 0 2
0 1 42 42 1 4
0 1 39 15 1 2
0 1 34 11 1 0
0 1 10 52 1 2
0 1 18 37 0 1
0 1 62 42 1 0
0 1 108 0 0 2
0 1 139 49 0 2
0 1 121 40 0 4
0 1 55 39 0 1
0 1 113 22 1 1
0 1 64 32 1 4
0 1 33 23 0 0
0 1 135 9 1 4
0 1 74 24 0 4
0 1 67 47 1 1
0 1 91 33 0 4
0 1 33 51 1 0
0 1 71 10 0 4
0 1 137 4 0 1
0 1 45 17 1 2
0 1 96 16 0 2
0 1 27 49 1 4
0 1 49 50 1 3
0 1 123 20 0 0
0 1 1 29 0 0
0 1 106 6 1 0
0 1 4 53 1 4
0 1 58 15 1 3
0 1 133 48 0 2
0 1 134 55 0 4
0 1 138 19 0 2
