0 1 126 20 1 0
0 1 103 26 0 1
0 1 25 54 1 0
0 1 40 49 0 2
0 1 97 50 0 4
0 1 24 18 1 4
0 1 63 14 1 1
0 1 139 37 1 1
0 1 88 27 1 3
0 1 16 15 0 1
0 1 96 7 1 0
0 1 91 45 1 2
0 1 4 51 1 3
0 1 65 25 1 0
0 1 32 9 0 1
0 1 56 52 0 0
0 1 7 0 1 1
0 1 43 38 1 2
0 1 28 2 1 1
0 1 137 8 0 1
0 1 118 5 1 2
0 1 1 17 1 0
0 1 36 34 0 2
0 1 102 11 1 4
0 1 21 30 0 4
0 1 60 32 1 2
0 1 49 47 0 4
0 1 61 43 1 0
0 1 3 23 1 3
0 1 129 53 0 4
0 1 69 23 1 0
0 1 131 4 0 0
0 1 48 42 1 4
0 1 75 34 0 0
0 1 117 18 1 1
0 1 50 35 0 4
0 1 116 1 0 2
0 1 13 39 0 2
0 1 117 29 0 4
0 1 85 51 0 1
0 1 60 31 0 0
0 1 52 36 1 0
0 1 47 15 1 4
0 1 128 10 1 2
0 1 45 3 0 0
0 1 103 31 1 3
0 1 74 37 0 0
0 1 137 24 1 4
0 1 38 40 1 0
0 1 79 46 1 0
0 1 135 48 0 0
0 1 14 4 1 1
0 1 92 3 1 2
0 1 82 35 0 3
0 1 93 22 0 0
0 1 122 46 0 1
0 1 115 12 1 0
0 1 18 15 0 3
0 1 124 26 1 3
0 1 81 32 0 0
0 1 107 13 0 0
0 1 51 33 0 4
0 1 136 45 1 3
0 1 47 33 0 2
0 1 101 4 1 3
0 1 75 0 1 4
0 1 61 46 0 2
0 1 64 21 0 1
0 1 86 10 0 3
0 1 104 12 1 2
0 1 56 19 1 4
0 1 42 20 0 3
0 1 3 55 0 0
0 1 6 28 0 4
0 1 54 8 1 0
0 1 113 54 1 1
0 1 68 2 1 3
0 1 55 9 1 0
0 1 85 16 1 4
0 1 8 29 0 3
0 1 71 53 1 0
0 1 19 48 1 3
0 1 26 16 0 3
0 1 109 25 0 3
0 1 46 7 1 3
0 1 57 19 1 3
0 1 120 48 0 2
0 1 30 44 1 4
0 1 108 47 1 1
0 1 31 13 0 1
0 1 125 41 1 0
0 1 70 19 1 1
0 1 92 9 0 4
0 1 109 38 1 3
0 1 90 42 0 3
0 1 74 38 1 4
0 1 36 17 1 2
0 1 131 26 1 4
0 1 73 14 1 0
0 1 6 28 1 2
0 1 130 10 0 0
0 1 121 53 0 3
0 1 0 22 1 1
0 1 46 36 0 2
0 1 17 5 1 1
0 1 59 37 1 2
0 1 22 23 1 2
0 1 23 1 0 4
0 1 88 6 0 4
0 1 86 13 1 4
0 1 64 3 1 4
0 1 121 33 1 0
0 1 80 40 0 2
0 1 106 43 0 4
0 1 7 31 0 2
0 1 29 27 1 2
0 1 63 48 0 4
0 1 11 21 0 0
0 1 73 24 0 0
0 1 84 27 0 1
0 1 16 29 1 1
0 1 34 36 1 3
0 1 78 8 1 3
0 1 48 50 0 1
0 1 70 28 0 0
0 1 76 8 1 2
0 1 118 14 0 2
0 1 98 55 0 1
0 1 9 20 0 2
0 1 128 21 0 3
0 1 82 50 1 2
0 1 138 20 0 4
0 1 10 39 0 3
0 1 26 14 1 3
0 1 12 18 0 0
0 1 125 26 0 2
0 1 34 54 0 3
0 1 132 12 0 3
0 1 62 3 0 3
0 1 127 11 1 0
0 1 67 6 1 0
0 1 35 45 1 4
0 1 99 32 1 3
0 1 21 46 1 4
0 1 97 1 1 3
0 1 124 26 0 0
0 1 19 43 0 1
0 1 67 54 0 4
0 1 119 35 0 1
0 1 29 22 0 3
0 1 112 41 1 3
0 1 94 27 1 4
0 1 40 11 1 1
0 1 93 35 1 0
0 1 123 40 0 3
0 1 111 30 0 1
0 1 87 34 0 1
0 1 28 35 0 2
0 1 78 38 0 1
0 1 33 8 0 4
0 1 51 52 1 1
0 1 122 18 1 3
0 1 133 4 1 2
0 1 39 42 1 1
0 1 100 0 1 0
0 1 81 42 1 0
0 1 89 1 1 1
0 1 72 43 0 3
0 1 80 2 1 0
0 1 135 15 1 0
0 1 87 49 1 3
0 1 1 52 0 2
0 1 13 10 1 1
0 1 20 0 0 3
0 1 101 40 0 1
0 1 95 2 0 2
0 1 72 6 1 2
0 1 134 36 0 4
0 1 112 44 0 3
0 1 15 30 0 3
0 1 22 39 0 0
0 1 62 5 1 3
0 1 110 13 1 2
0 1 65 49 0 4
0 1 106 28 1 3
0 1 104 24 0 2
0 1 133 44 0 0
0 1 24 6 0 3
0 1 90 52 1 3
0 1 136 53 0 1
0 1 68 45 0 0
0 1 105 49 1 1
0 1 58 16 1 1
0 1 27 18 0 2
0 1 110 55 0 3
0 1 39 23 0 1
0 1 33 33 1 3
0 1 49 55 1 2
0 1 127 44 0 1
0 1 105 9 0 2
0 1 113 44 0 2
0 1 53 19 1 0
0 1 11 30 1 0
0 1 84 43 1 2
0 1 50 17 1 3
0 1 0 13 0 3
0 1 99 53 0 2
0 1 41 5 1 0
0 1 89 47 0 3
0 1 4 46 0 3
0 1 120 16 1 0
0 1 116 17 1 4
0 1 5 24 1 3
0 1 77 14 1 4
0 1 18 11 1 2
0 1 102 3 0 1
0 1 123 45 1 1
0 1 119 25 1 4
0 1 76 30 0 2
0 1 66 6 1 1
0 1 37 47 0 2
0 1 43 5 0 4
0 1 15 2 1 4
0 1 30 42 0 2
0 1 35 31 0 1
0 1 66 38 0 0
0 1 134 12 1 4
0 1 111 11 1 3
0 1 130 21 1 2
0 1 17 32 0 1
0 1 129 23 1 4
0 1 91 51 0 2
0 1 2 16 1 2
0 1 52 34 0 4
0 1 138 54 1 2
0 1 9 29 1 0
0 1 31 41 1 4
0 1 55 33 0 1
0 1 2 24 0 1
0 1 94 25 0 2
0 1 44 25 0 1
0 1 69 17 0 1
0 1 107 51 1 4
0 1 42 10 1 4
0 1 139 39 0 4
0 1 132 47 1 0
0 1 5 51 0 0
0 1 100 4 0 4
0 1 44 20 1 1
0 1 58 7 0 4
0 1 126 22 0 2
0 1 10 39 1 1
0 1 77 50 0 3
0 1 59 12 0 1
0 1 45 55 1 4
0 1 41 34 0 3
0 1 71 7 0 1
0 1 37 27 1 0
0 1 83 1 0 0
0 1 38 21 0 4
0 1 8 41 1 2
0 1 95 37 1 3
0 1 114 49 1 0
0 1 23 15 1 2
0 1 96 0 0 2
0 1 57 48 0 1
0 1 114 28 0 1
0 1 98 32 1 4
0 1 14 50 0 0
0 1 27 52 1 4
0 1 83 22 1 4
0 1 20 9 1 3
0 1 115 37 0 4
0 1 53 7 0 2
0 1 12 19 1 2
0 1 32 40 1 4
0 1 79 31 0 4
0 1 54 29 0 2
0 1 25 41 0 1
0 1 108 36 0 1
