0 1 111 13 1 1
0 1 64 51 0 1
0 1 121 10 0 0
0 1 93 42 1 2
0 1 88 44 0 4
0 1 18 3 0 1
0 1 45 19 1 3
0 1 118 54 0 4
0 1 4 46 0 1
0 1 137 2 0 1
0 1 50 41 1 4
0 1 58 1 0 0
0 1 85 34 1 4
0 1 104 16 0 2
0 1 35 26 1 3
0 1 94 8 1 0
0 1 137 0 1 0
0 1 38 12 0 3
0 1 9 30 0 3
0 1 96 33 1 1
0 1 25 55 1 0
0 1 89 47 1 0
0 1 73 35 0 3
0 1 54 21 0 0
0 1 77 48 0 2
0 1 31 50 0 3
0 1 46 46 0 2
0 1 128 6 0 3
0 1 20 52 1 1
0 1 126 49 0 0
0 1 90 30 1 0
0 1 75 25 1 0
0 1 29 39 0 4
0 1 126 20 1 4
0 1 5 38 1 4
0 1 8 48 1 0
0 1 51 0 0 1
0 1 120 43 1 0
0 1 61 29 1 0
0 1 34 22 0 4
0 1 85 1 0 1
0 1 79 17 1 1
0 1 49 40 1 2
0 1 101 42 0 0
0 1 26 24 1 1
0 1 101 34 1 1
0 1 24 37 0 2
0 1 78 5 0 3
0 1 75 28 0 3
0 1 21 15 1 0
0 1 69 20 1 2
0 1 113 27 0 2
0 1 24 37 1 1
0 1 14 44 1 1
0 1 130 29 0 4
0 1 117 16 0 4
0 1 53 12 1 0
0 1 55 55 0 3
0 1 14 10 0 2
0 1 99 4 0 0
0 1 33 52 0 3
0 1 130 48 1 1
0 1 0 23 0 2
0 1 27 53 1 1
0 1 119 35 1 0
0 1 63 4 1 3
0 1 59 31 0 3
0 1 134 47 1 4
0 1 119 15 0 1
0 1 97 52 0 4
0 1 12 8 0 2
0 1 22 16 1 1
0 1 36 24 0 0
0 1 108 27 0 0
0 1 110 3 1 0
0 1 7 8 1 1
0 1 118 32 1 4
0 1 62 14 0 0
0 1 104 13 1 0
0 1 129 17 1 0
0 1 30 26 0 0
0 1 58 11 1 0
0 1 72 39 1 0
0 1 132 34 1 0
0 1 128 53 1 4
0 1 30 47 1 3
0 1 70 36 0 2
0 1 65 9 1 4
0 1 68 20 0 3
0 1 48 21 0 2
0 1 98 40 0 4
0 1 15 14 1 4
0 1 66 39 0 2
0 1 135 31 1 1
0 1 99 11 1 1
0 1 29 33 1 3
0 1 6 54 0 3
0 1 31 7 1 1
0 1 117 23 1 0
0 1 127 24 0 4
0 1 111 25 0 3
0 1 28 42 1 4
0 1 139 32 0 3
0 1 136 16 1 0
0 1 2 9 1 3
0 1 42 35 0 4
0 1 138 3 0 2
0 1 17 28 0 4
0 1 2 32 0 1
0 1 15 2 0 0
0 1 55 0 1 2
0 1 51 33 1 0
0 1 49 8 0 4
0 1 41 18 0 3
0 1 120 53 0 2
0 1 123 2 0 2
0 1 109 11 0 4
0 1 22 41 0 0
0 1 89 15 0 4
0 1 67 13 1 3
0 1 136 14 0 2
0 1 61 40 0 1
0 1 114 7 0 0
0 1 19 38 0 2
0 1 56 45 1 3
0 1 71 48 0 3
0 1 84 49 0 1
0 1 115 50 1 4
0 1 48 19 1 0
0 1 88 27 1 3
0 1 124 17 1 3
0 1 20 16 0 3
0 1 129 45 0 1
0 1 112 37 0 3
0 1 109 39 1 1
0 1 44 6 1 4
0 1 100 49 1 4
0 1 132 6 0 1
0 1 50 14 0 3
0 1 107 4 1 2
0 1 116 11 0 3
0 1 10 28 0 0
0 1 47 38 1 3
0 1 40 51 1 3
0 1 5 32 0 2
0 1 91 34 1 2
0 1 33 19 1 2
0 1 36 41 1 2
0 1 26 21 0 1
0 1 6 36 1 4
0 1 78 18 1 4
0 1 16 27 0 1
0 1 21 40 0 0
0 1 87 1 0 2
0 1 97 45 1 2
0 1 122 31 1 2
0 1 86 46 1 3
0 1 19 7 1 2
0 1 76 22 1 1
0 1 92 35 0 2
0 1 47 41 0 1
0 1 81 43 1 4
0 1 27 54 0 0
0 1 57 6 1 0
0 1 25 23 0 3
0 1 91 42 0 3
0 1 134 7 0 3
0 1 32 7 0 4
0 1 79 18 0 2
0 1 139 39 1 3
0 1 23 31 1 4
0 1 23 54 0 1
0 1 4 50 1 0
0 1 135 10 0 4
0 1 60 13 0 2
0 1 131 50 0 1
0 1 74 12 1 1
0 1 73 18 1 1
0 1 64 48 1 4
0 1 96 34 0 3
0 1 110 8 0 3
0 1 68 21 1 4
0 1 125 41 0 3
0 1 125 15 1 2
0 1 56 5 0 0
0 1 100 36 0 0
0 1 12 33 1 4
0 1 72 32 0 0
0 1 86 36 0 1
0 1 133 45 0 4
0 1 46 47 1 1
0 1 116 46 1 0
0 1 83 11 0 2
0 1 133 26 1 1
0 1 60 0 1 4
0 1 59 38 1 1
0 1 37 29 1 2
0 1 102 26 0 2
0 1 92 55 1 1
0 1 57 52 0 2
0 1 90 15 0 3
0 1 80 9 1 0
0 1 71 37 1 4
0 1 9 10 1 3
0 1 63 53 0 0
0 1 34 23 1 1
0 1 84 4 1 1
0 1 38 5 1 2
0 1 77 4 1 4
0 1 53 17 0 2
0 1 95 53 0 3
0 1 1 44 0 2
0 1 107 52 0 0
0 1 106 47 0 2
0 1 123 45 1 0
0 1 94 3 0 4
0 1 7 24 0 3
0 1 131 12 1 4
0 1 3 9 0 2
0 1 81 22 0 0
0 1 1 51 1 4
0 1 70 27 1 4
0 1 93 25 0 1
0 1 18 25 1 2
0 1 3 44 1 3
0 1 35 25 0 4
0 1 13 2 1 3
0 1 39 30 0 1
0 1 42 21 1 3
0 1 76 51 0 2
0 1 16 54 1 2
0 1 95 37 1 0
0 1 0 22 1 2
0 1 8 6 0 2
0 1 11 50 0 2
0 1 80 55 0 2
0 1 43 38 1 0
0 1 112 23 1 4
0 1 108 18 1 0
0 1 62 19 1 4
0 1 17 51 1 0
0 1 122 17 0 4
0 1 82 3 1 3
0 1 52 20 1 1
0 1 83 12 1 2
0 1 124 28 0 1
0 1 28 36 0 3
0 1 41 30 1 2
0 1 13 35 0 1
0 1 54 33 1 2
0 1 138 1 1 4
0 1 127 43 1 1
0 1 106 24 1 2
0 1 69 28 0 2
0 1 121 44 1 0
0 1 105 31 1 0
0 1 43 2 0 4
0 1 45 40 0 3
0 1 40 0 0 3
0 1 82 30 0 4
0 1 103 1 1 3
0 1 98 13 1 4
0 1 32 43 1 2
0 1 74 14 0 1
0 1 103 42 0 1
0 1 65 55 0 4
0 1 39 9 1 1
0 1 66 19 1 1
0 1 102 49 1 3
0 1 115 26 0 4
0 1 105 20 0 0
0 1 37 29 0 3
0 1 11 46 1 4
0 1 52 10 0 1
0 1 67 22 0 3
0 1 44 5 0 1
0 1 87 5 1 4
0 1 113 29 1 1
0 1 114 43 1 3
0 1 10 49 1 2
