0 1 45 50 0 3
0 1 57 51 1 0
0 1 16 27 1 4
0 1 39 6 1 0
0 1 6 39 1 1
0 1 28 26 1 3
0 1 10 14 0 2
0 1 114 13 1 1
0 1 20 21 0 0
0 1 105 48 0 4
0 1 100 49 1 1
0 1 33 36 1 1
0 1 122 54 0 3
0 1 65 16 1 2
0 1 83 28 1 4
0 1 119 29 0 4
0 1 71 27 1 3
0 1 76 51 1 2
0 1 32 19 1 3
0 1 28 22 0 3
0 1 85 34 0 2
0 1 55 53 1 2
0 1 12 50 1 0
0 1 37 53 0 1
0 1 103 27 1 0
0 1 63 20 0 2
0 1 21 4 1 0
0 1 13 47 0 3
0 1 99 46 1 4
0 1 61 35 1 1
0 1 30 47 0 4
0 1 74 13 1 0
0 1 18 44 1 1
0 1 53 14 1 0
0 1 57 25 0 2
0 1 36 32 0 1
0 1 139 5 0 1
0 1 98 52 0 0
0 1 89 7 0 2
0 1 69 34 0 1
0 1 42 12 1 1
0 1 62 22 1 2
0 1 13 31 1 1
0 1 52 12 0 2
0 1 137 33 1 1
0 1 19 46 0 3
0 1 79 5 0 4
0 1 15 55 0 4
0 1 68 10 0 4
0 1 134 41 0 1
0 1 2 11 1 4
0 1 37 23 1 3
0 1 4 42 0 4
0 1 139 38 1 0
0 1 56 4 1 4
0 1 22 17 0 0
0 1 126 30 1 0
0 1 78 30 0 1
0 1 35 14 1 3
0 1 43 19 1 0
0 1 41 7 1 1
0 1 51 37 1 1
0 1 114 7 0 4
0 1 17 43 0 2
0 1 8 15 0 4
0 1 29 44 0 2
0 1 96 23 1 1
0 1 75 3 1 4
0 1 9 11 1 2
0 1 59 36 1 2
0 1 129 17 0 2
0 1 5 52 0 1
0 1 82 42 0 2
0 1 4 20 1 1
0 1 27 38 0 3
0 1 43 20 0 4
0 1 120 9 1 1
0 1 7 41 1 0
0 1 44 43 1 4
0 1 66 53 0 3
0 1 10 16 1 0
0 1 118 52 1 4
0 1 45 24 1 1
0 1 109 0 0 4
0 1 3 21 0 1
0 1 105 31 1 2
0 1 127 44 0 0
0 1 90 2 0 1
0 1 2 54 0 4
0 1 102 32 1 0
0 1 137 25 0 3
0 1 15 42 1 0
0 1 95 38 0 4
0 1 75 55 0 1
0 1 138 46 1 1
0 1 92 28 0 1
0 1 77 19 0 1
0 1 30 49 1 0
0 1 73 28 1 3
0 1 22 15 1 0
0 1 14 47 1 0
0 1 99 8 0 2
0 1 11 9 0 2
0 1 33 38 0 1
0 1 44 54 0 2
0 1 98 36 1 4
0 1 66 3 1 3
0 1 112 10 1 0
0 1 128 19 0 2
0 1 5 31 1 3
0 1 1 37 0 2
0 1 36 28 1 2
0 1 65 55 0 2
0 1 121 45 1 1
0 1 63 48 1 3
0 1 133 35 0 3
0 1 35 6 0 4
0 1 103 27 0 1
0 1 67 0 1 3
0 1 46 18 1 2
0 1 127 18 1 4
0 1 54 25 0 0
0 1 111 7 0 3
0 1 34 1 0 2
0 1 17 45 1 0
0 1 93 29 1 2
0 1 126 39 0 2
0 1 40 5 1 0
0 1 9 10 0 1
0 1 77 49 1 4
0 1 58 44 1 3
0 1 79 33 1 2
0 1 130 11 1 1
0 1 68 41 1 2
0 1 130 51 0 3
0 1 88 1 0 4
0 1 55 1 0 1
0 1 52 31 1 0
0 1 56 17 0 1
0 1 81 50 1 1
0 1 21 26 0 4
0 1 31 13 1 3
0 1 108 48 0 0
0 1 106 45 0 2
0 1 74 23 0 4
0 1 47 16 1 3
0 1 76 39 0 3
0 1 59 15 0 3
0 1 41 13 0 4
0 1 113 13 1 2
0 1 27 29 1 0
0 1 49 35 0 0
0 1 50 21 0 2
0 1 61 40 0 4
0 1 133 38 1 2
0 1 24 30 0 2
0 1 86 6 0 2
0 1 97 28 1 0
0 1 50 8 1 3
0 1 18 29 0 1
0 1 24 2 1 2
0 1 117 51 1 1
0 1 95 40 1 1
0 1 108 42 1 3
0 1 51 45 0 3
0 1 70 22 1 4
0 1 116 24 0 4
0 1 23 30 0 4
0 1 32 32 0 3
0 1 132 43 1 3
0 1 131 24 1 0
0 1 67 2 0 3
0 1 109 3 1 2
0 1 58 9 0 3
0 1 136 32 0 4
0 1 40 46 0 0
0 1 104 18 1 0
0 1 86 12 1 3
0 1 60 11 1 0
0 1 49 35 1 4
0 1 16 16 0 1
0 1 60 45 0 4
0 1 87 5 0 2
0 1 112 16 0 4
0 1 80 29 0 3
0 1 48 51 1 4
0 1 20 47 1 2
0 1 124 8 1 4
0 1 93 25 0 4
0 1 48 52 0 2
0 1 80 49 1 2
0 1 129 55 1 3
0 1 118 39 0 4
0 1 3 2 1 4
0 1 81 21 0 4
0 1 106 50 1 4
0 1 64 3 0 0
0 1 34 2 1 0
0 1 121 34 0 0
0 1 101 24 0 2
0 1 104 0 0 0
0 1 25 26 1 2
0 1 54 33 1 3
0 1 71 25 0 1
0 1 120 33 0 0
0 1 8 23 1 0
0 1 11 48 1 2
0 1 38 41 1 3
0 1 85 31 1 4
0 1 90 12 1 0
0 1 119 32 1 2
0 1 84 9 0 4
0 1 138 23 0 2
0 1 117 40 0 2
0 1 128 7 1 0
0 1 116 21 1 3
0 1 96 0 0 1
0 1 124 40 0 0
0 1 115 41 1 4
0 1 42 15 0 2
0 1 132 39 0 0
0 1 12 26 0 1
0 1 29 22 1 1
0 1 0 36 0 0
0 1 134 49 1 3
0 1 110 54 0 1
0 1 25 6 0 3
0 1 26 53 1 0
0 1 107 10 0 2
0 1 110 20 1 3
0 1 64 40 1 3
0 1 69 44 1 4
0 1 38 34 0 4
0 1 115 22 0 0
0 1 47 55 0 0
0 1 123 30 0 3
0 1 91 19 1 4
0 1 19 48 1 1
0 1 101 0 1 2
0 1 136 9 1 0
0 1 72 42 1 1
0 1 135 12 1 4
0 1 125 1 0 3
0 1 6 17 0 4
0 1 84 18 1 1
0 1 102 1 0 0
0 1 72 54 0 0
0 1 39 8 0 1
0 1 0 3 1 1
0 1 92 37 1 0
0 1 73 37 0 4
0 1 97 4 0 2
0 1 135 4 0 3
0 1 125 14 1 4
0 1 62 43 0 0
0 1 83 36 0 3
0 1 131 27 0 2
0 1 53 6 0 1
0 1 123 35 1 2
0 1 91 47 0 1
0 1 26 46 0 2
0 1 111 34 1 3
0 1 7 50 0 2
0 1 100 53 0 4
0 1 94 33 1 4
0 1 31 15 0 1
0 1 1 10 1 3
0 1 122 11 1 3
0 1 87 18 1 3
0 1 113 20 0 0
0 1 78 4 1 1
0 1 14 43 0 1
0 1 70 8 0 0
0 1 94 52 0 3
0 1 23 24 1 3
0 1 107 14 1 1
0 1 46 37 0 3
0 1 89 17 1 3
0 1 82 5 1 3
0 1 88 26 1 0
