0 1 12 22 0 0
0 1 15 49 0 0
0 1 23 15 0 0
0 1 48 29 0 0
0 1 50 44 0 0
0 1 51 48 0 0
0 1 55 22 0 0
0 1 98 41 0 0
0 1 102 8 0 0
0 1 107 31 0 0
0 1 9 21 0 0
0 1 23 15 0 0
0 1 35 10 0 0
0 1 48 45 0 0
0 1 92 1 0 0
0 1 111 34 0 0
0 1 141 0 0 0
0 1 2 36 0 0
0 1 12 29 0 0
0 1 57 47 0 0
0 1 70 34 0 0
0 1 74 47 0 0
0 1 104 37 0 0
0 1 115 33 0 0
0 1 121 21 0 0
0 1 138 41 0 0
0 1 25 26 0 0
0 1 33 47 0 0
0 1 67 27 0 0
0 1 104 37 0 0
0 1 2 28 0 0
0 1 16 45 0 0
0 1 18 14 0 0
0 1 47 6 0 0
0 1 53 3 0 0
0 1 108 13 0 0
0 1 123 2 0 0
0 1 142 40 0 0
0 1 7 35 0 0
0 1 86 33 0 0
0 1 84 19 0 0
0 1 118 34 0 0
0 1 14 48 0 0
0 1 36 8 0 0
0 1 40 2 0 0
0 1 72 44 0 0
0 1 35 21 0 0
0 1 47 25 0 0
0 1 65 16 0 0
0 1 120 40 0 0
0 1 5 39 0 0
0 1 41 16 0 0
0 1 87 36 0 0
0 1 110 12 0 0
0 1 20 47 0 0
0 1 145 19 0 0
0 1 32 12 0 0
0 1 134 24 0 0
0 1 21 33 0 0
0 1 27 30 0 0
0 1 49 46 0 0
0 1 16 0 0 0
0 1 98 19 0 0
0 1 23 4 0 0
0 1 103 35 0 0
0 1 37 33 0 0
0 1 44 20 0 0
0 1 79 34 0 0
0 1 80 8 0 0
0 1 141 6 0 0
0 1 73 25 0 0
0 1 0 5 0 0
0 1 90 10 0 0
0 1 3 18 0 0
0 1 13 22 0 0
0 1 64 1 0 0
0 1 57 4 0 0
0 1 122 4 0 0
0 1 83 11 0 0
0 1 33 49 0 0
0 1 46 39 0 0
0 1 56 20 0 0
0 1 149 11 0 0
0 1 31 17 0 0
0 1 124 47 0 0
0 1 81 2 0 0
0 1 89 17 0 0
0 1 120 19 0 0
0 1 148 20 0 0
0 1 131 2 0 0
0 1 88 20 0 0
0 1 136 7 0 0
0 1 147 32 0 0
0 1 119 32 0 0
0 1 126 0 0 0
0 1 37 43 0 0
0 1 38 39 0 0
0 1 139 28 0 0
0 1 97 10 0 0
0 1 148 15 0 0
0 1 10 14 0 0
0 1 140 13 0 0
0 1 129 40 0 0
0 1 81 1 0 0
0 1 70 0 0 0
0 1 78 11 0 0
0 1 32 44 0 0
0 1 21 37 0 0
0 1 48 36 0 0
0 1 59 35 0 0
0 1 107 12 0 0
0 1 6 41 0 0
0 1 119 36 0 0
0 1 73 33 0 0
0 1 61 38 0 0
0 1 85 33 0 0
0 1 88 38 0 0
0 1 1 7 0 0
0 1 95 32 0 0
0 1 121 6 0 0
0 1 31 28 0 0
0 1 30 1 0 0
0 1 85 5 0 0
0 1 130 12 0 0
0 1 114 25 0 0
0 1 19 24 0 0
0 1 3 16 0 0
0 1 66 15 0 0
0 1 17 24 0 0
0 1 84 9 0 0
0 1 7 4 0 0
0 1 136 23 0 0
0 1 6 35 0 0
0 1 132 23 0 0
0 1 67 44 0 0
0 1 96 16 0 0
0 1 63 28 0 0
0 1 112 21 0 0
0 1 53 7 0 0
0 1 102 39 0 0
0 1 125 46 0 0
0 1 26 5 0 0
0 1 56 1 0 0
0 1 111 30 0 0
0 1 45 48 0 0
0 1 139 13 0 0
0 1 69 8 0 0
0 1 18 49 0 0
0 1 91 4 0 0
0 1 50 14 0 0
0 1 100 4 0 0
0 1 105 17 0 0
0 1 126 3 0 0
0 1 110 32 0 0
0 1 97 29 0 0
0 1 10 32 0 0
0 1 127 9 0 0
0 1 94 31 0 0
0 1 11 27 0 0
0 1 123 42 0 0
0 1 142 26 0 0
0 1 142 26 0 0
0 1 64 37 0 0
0 1 103 49 0 0
0 1 66 45 0 0
0 1 76 19 0 0
0 1 71 40 0 0
0 1 51 6 0 0
0 1 137 37 0 0
0 1 122 5 0 0
0 1 93 45 0 0
0 1 34 39 0 0
0 1 15 3 0 0
0 1 5 22 0 0
0 1 99 41 0 0
0 1 24 23 0 0
0 1 77 17 0 0
0 1 1 18 0 0
0 1 93 13 0 0
0 1 24 26 0 0
0 1 43 8 0 0
0 1 54 41 0 0
0 1 90 5 0 0
0 1 68 24 0 0
0 1 106 21 0 0
0 1 61 15 0 0
0 1 101 40 0 0
0 1 130 19 0 0
0 1 8 2 0 0
0 1 14 1 0 0
0 1 82 6 0 0
