0 1 61 4 0 0
0 1 64 48 0 0
0 1 76 12 0 0
0 1 88 20 0 0
0 1 103 41 0 0
0 1 105 36 0 0
0 1 124 22 0 0
0 1 128 16 0 0
0 1 131 16 0 0
0 1 23 7 0 0
0 1 36 30 0 0
0 1 124 22 0 0
0 1 28 23 0 0
0 1 40 43 0 0
0 1 45 26 0 0
0 1 62 11 0 0
0 1 98 6 0 0
0 1 105 32 0 0
0 1 121 29 0 0
0 1 129 37 0 0
0 1 137 35 0 0
0 1 146 14 0 0
0 1 2 36 0 0
0 1 18 23 0 0
0 1 19 38 0 0
0 1 64 18 0 0
0 1 100 48 0 0
0 1 1 17 0 0
0 1 35 32 0 0
0 1 53 15 0 0
0 1 70 42 0 0
0 1 103 18 0 0
0 1 76 11 0 0
0 1 92 31 0 0
0 1 112 30 0 0
0 1 122 13 0 0
0 1 0 7 0 0
0 1 26 44 0 0
0 1 51 8 0 0
0 1 121 45 0 0
0 1 122 27 0 0
0 1 146 27 0 0
0 1 50 15 0 0
0 1 51 8 0 0
0 1 148 0 0 0
0 1 98 22 0 0
0 1 20 38 0 0
0 1 3 6 0 0
0 1 6 42 0 0
0 1 46 32 0 0
0 1 57 25 0 0
0 1 63 17 0 0
0 1 141 2 0 0
0 1 8 29 0 0
0 1 85 21 0 0
0 1 46 46 0 0
0 1 1 34 0 0
0 1 66 17 0 0
0 1 16 19 0 0
0 1 32 31 0 0
0 1 44 11 0 0
0 1 114 14 0 0
0 1 134 46 0 0
0 1 38 34 0 0
0 1 60 48 0 0
0 1 79 10 0 0
0 1 100 29 0 0
0 1 52 28 0 0
0 1 75 49 0 0
0 1 148 4 0 0
0 1 112 31 0 0
0 1 13 28 0 0
0 1 136 24 0 0
0 1 23 44 0 0
0 1 79 21 0 0
0 1 36 46 0 0
0 1 149 3 0 0
0 1 86 9 0 0
0 1 48 27 0 0
0 1 144 46 0 0
0 1 111 9 0 0
0 1 61 38 0 0
0 1 39 9 0 0
0 1 9 28 0 0
0 1 31 35 0 0
0 1 88 19 0 0
0 1 33 34 0 0
0 1 9 19 0 0
0 1 107 14 0 0
0 1 137 21 0 0
0 1 55 15 0 0
0 1 133 29 0 0
0 1 115 38 0 0
0 1 104 47 0 0
0 1 49 40 0 0
0 1 99 39 0 0
0 1 5 14 0 0
0 1 21 36 0 0
0 1 144 34 0 0
0 1 127 45 0 0
0 1 35 30 0 0
0 1 117 25 0 0
0 1 47 22 0 0
0 1 116 32 0 0
0 1 48 15 0 0
0 1 43 25 0 0
0 1 125 21 0 0
0 1 142 16 0 0
0 1 24 10 0 0
0 1 21 46 0 0
0 1 27 22 0 0
0 1 12 29 0 0
0 1 74 28 0 0
0 1 25 3 0 0
0 1 37 46 0 0
0 1 135 19 0 0
0 1 120 7 0 0
0 1 83 33 0 0
0 1 80 3 0 0
0 1 47 39 0 0
0 1 33 5 0 0
0 1 3 7 0 0
0 1 90 33 0 0
0 1 41 36 0 0
0 1 27 2 0 0
0 1 116 17 0 0
0 1 141 48 0 0
0 1 10 23 0 0
0 1 99 30 0 0
0 1 104 48 0 0
0 1 84 20 0 0
0 1 136 3 0 0
0 1 17 2 0 0
0 1 42 37 0 0
0 1 128 27 0 0
0 1 102 8 0 0
0 1 56 31 0 0
0 1 12 1 0 0
0 1 129 7 0 0
0 1 123 4 0 0
0 1 77 31 0 0
0 1 54 17 0 0
0 1 19 38 0 0
0 1 117 18 0 0
0 1 87 2 0 0
0 1 71 40 0 0
0 1 72 31 0 0
0 1 11 29 0 0
0 1 63 20 0 0
0 1 110 37 0 0
0 1 67 19 0 0
0 1 130 47 0 0
0 1 138 44 0 0
0 1 125 25 0 0
0 1 85 44 0 0
0 1 20 11 0 0
0 1 30 30 0 0
0 1 127 13 0 0
0 1 49 9 0 0
0 1 51 21 0 0
0 1 133 33 0 0
0 1 147 14 0 0
0 1 123 6 0 0
0 1 132 42 0 0
0 1 29 5 0 0
0 1 82 42 0 0
0 1 110 43 0 0
0 1 73 24 0 0
0 1 0 1 0 0
0 1 95 20 0 0
0 1 38 18 0 0
0 1 34 43 0 0
0 1 120 23 0 0
0 1 114 32 0 0
0 1 147 16 0 0
0 1 60 35 0 0
0 1 13 18 0 0
0 1 44 49 0 0
0 1 11 25 0 0
0 1 69 23 0 0
0 1 10 33 0 0
0 1 111 36 0 0
0 1 139 12 0 0
0 1 30 43 0 0
0 1 109 19 0 0
0 1 71 43 0 0
0 1 52 32 0 0
0 1 95 9 0 0
0 1 109 43 0 0
0 1 101 2 0 0
0 1 22 39 0 0
0 1 86 12 0 0
0 1 59 24 0 0
0 1 39 20 0 0
