0 1 9 28 0 0
0 1 48 38 0 0
0 1 65 48 0 0
0 1 83 10 0 0
0 1 104 7 0 0
0 1 124 10 0 0
0 1 128 19 0 0
0 1 14 14 0 0
0 1 19 7 0 0
0 1 52 16 0 0
0 1 77 29 0 0
0 1 83 37 0 0
0 1 145 5 0 0
0 1 20 42 0 0
0 1 74 48 0 0
0 1 93 22 0 0
0 1 100 16 0 0
0 1 105 13 0 0
0 1 144 20 0 0
0 1 147 8 0 0
0 1 69 30 0 0
0 1 72 31 0 0
0 1 82 48 0 0
0 1 100 16 0 0
0 1 117 10 0 0
0 1 39 4 0 0
0 1 56 9 0 0
0 1 57 39 0 0
0 1 120 30 0 0
0 1 97 18 0 0
0 1 115 16 0 0
0 1 7 8 0 0
0 1 21 38 0 0
0 1 125 11 0 0
0 1 17 23 0 0
0 1 32 31 0 0
0 1 89 35 0 0
0 1 105 27 0 0
0 1 109 2 0 0
0 1 111 19 0 0
0 1 129 32 0 0
0 1 146 39 0 0
0 1 62 34 0 0
0 1 85 22 0 0
0 1 43 17 0 0
0 1 81 47 0 0
0 1 92 17 0 0
0 1 6 35 0 0
0 1 6 1 0 0
0 1 38 49 0 0
0 1 87 33 0 0
0 1 90 5 0 0
0 1 31 18 0 0
0 1 72 42 0 0
0 1 50 3 0 0
0 1 115 45 0 0
0 1 139 24 0 0
0 1 28 38 0 0
0 1 140 2 0 0
0 1 53 39 0 0
0 1 96 25 0 0
0 1 27 37 0 0
0 1 110 35 0 0
0 1 128 10 0 0
0 1 119 2 0 0
0 1 91 18 0 0
0 1 139 36 0 0
0 1 141 36 0 0
0 1 141 0 0 0
0 1 29 42 0 0
0 1 82 47 0 0
0 1 53 15 0 0
0 1 149 18 0 0
0 1 49 43 0 0
0 1 68 44 0 0
0 1 26 28 0 0
0 1 33 11 0 0
0 1 143 36 0 0
0 1 32 15 0 0
0 1 114 36 0 0
0 1 22 9 0 0
0 1 84 23 0 0
0 1 101 22 0 0
0 1 4 1 0 0
0 1 66 47 0 0
0 1 55 37 0 0
0 1 43 19 0 0
0 1 85 29 0 0
0 1 28 10 0 0
0 1 20 34 0 0
0 1 10 14 0 0
0 1 126 10 0 0
0 1 50 4 0 0
0 1 39 45 0 0
0 1 45 44 0 0
0 1 59 24 0 0
0 1 102 11 0 0
0 1 37 38 0 0
0 1 23 9 0 0
0 1 148 8 0 0
0 1 130 11 0 0
0 1 114 33 0 0
0 1 22 36 0 0
0 1 87 13 0 0
0 1 106 18 0 0
0 1 0 25 0 0
0 1 35 48 0 0
0 1 64 1 0 0
0 1 133 21 0 0
0 1 102 30 0 0
0 1 48 6 0 0
0 1 23 33 0 0
0 1 91 5 0 0
0 1 25 26 0 0
0 1 11 43 0 0
0 1 24 23 0 0
0 1 70 15 0 0
0 1 94 35 0 0
0 1 9 3 0 0
0 1 136 49 0 0
0 1 18 22 0 0
0 1 15 26 0 0
0 1 65 44 0 0
0 1 67 27 0 0
0 1 10 16 0 0
0 1 63 20 0 0
0 1 42 40 0 0
0 1 86 40 0 0
0 1 133 49 0 0
0 1 148 3 0 0
0 1 101 31 0 0
0 1 5 35 0 0
0 1 120 32 0 0
0 1 49 32 0 0
0 1 36 37 0 0
0 1 131 23 0 0
0 1 3 4 0 0
0 1 104 29 0 0
0 1 46 3 0 0
0 1 42 23 0 0
0 1 103 28 0 0
0 1 0 21 0 0
0 1 89 38 0 0
0 1 116 5 0 0
0 1 68 2 0 0
0 1 58 19 0 0
0 1 113 22 0 0
0 1 70 17 0 0
0 1 58 14 0 0
0 1 59 24 0 0
0 1 26 21 0 0
0 1 112 22 0 0
0 1 142 40 0 0
0 1 5 40 0 0
0 1 90 3 0 0
0 1 30 31 0 0
0 1 143 0 0 0
0 1 130 14 0 0
0 1 8 42 0 0
0 1 2 33 0 0
0 1 98 21 0 0
0 1 45 15 0 0
0 1 123 39 0 0
0 1 51 2 0 0
0 1 98 40 0 0
0 1 119 47 0 0
0 1 136 46 0 0
0 1 146 38 0 0
0 1 60 29 0 0
0 1 51 34 0 0
0 1 112 2 0 0
0 1 122 32 0 0
0 1 34 23 0 0
0 1 37 46 0 0
0 1 2 31 0 0
0 1 75 30 0 0
0 1 127 48 0 0
0 1 57 13 0 0
0 1 40 47 0 0
0 1 1 1 0 0
0 1 138 29 0 0
0 1 54 5 0 0
0 1 100 48 0 0
0 1 73 34 0 0
0 1 108 40 0 0
0 1 140 41 0 0
0 1 78 30 0 0
0 1 12 41 0 0
0 1 21 20 0 0
0 1 18 7 0 0
0 1 145 47 0 0
0 1 109 15 0 0
0 1 66 49 0 0
0 1 76 24 0 0
0 1 137 12 0 0
0 1 103 20 0 0
0 1 127 32 0 0
0 1 44 34 0 0
0 1 35 46 0 0
