0 1 2 10 0 0
0 1 16 16 0 0
0 1 16 15 0 0
0 1 19 21 0 0
0 1 25 3 0 0
0 1 30 18 0 0
0 1 50 16 0 0
0 1 54 6 0 0
0 1 65 1 0 0
0 1 75 18 0 0
0 1 82 9 0 0
0 1 86 9 0 0
0 1 91 36 0 0
0 1 110 48 0 0
0 1 132 41 0 0
0 1 138 11 0 0
0 1 147 26 0 0
0 1 32 20 0 0
0 1 75 18 0 0
0 1 94 14 0 0
0 1 118 8 0 0
0 1 15 21 0 0
0 1 39 20 0 0
0 1 47 23 0 0
0 1 71 32 0 0
0 1 81 4 0 0
0 1 86 35 0 0
0 1 124 30 0 0
0 1 31 5 0 0
0 1 67 18 0 0
0 1 121 36 0 0
0 1 147 6 0 0
0 1 34 7 0 0
0 1 41 38 0 0
0 1 133 33 0 0
0 1 5 4 0 0
0 1 18 26 0 0
0 1 122 37 0 0
0 1 11 22 0 0
0 1 26 45 0 0
0 1 37 26 0 0
0 1 48 19 0 0
0 1 100 47 0 0
0 1 103 23 0 0
0 1 45 49 0 0
0 1 115 18 0 0
0 1 124 44 0 0
0 1 21 7 0 0
0 1 46 39 0 0
0 1 27 29 0 0
0 1 97 28 0 0
0 1 33 11 0 0
0 1 46 5 0 0
0 1 56 32 0 0
0 1 78 21 0 0
0 1 145 38 0 0
0 1 131 2 0 0
0 1 20 31 0 0
0 1 146 24 0 0
0 1 90 27 0 0
0 1 148 41 0 0
0 1 48 0 0 0
0 1 31 22 0 0
0 1 108 8 0 0
0 1 6 48 0 0
0 1 52 49 0 0
0 1 19 32 0 0
0 1 15 19 0 0
0 1 105 42 0 0
0 1 50 44 0 0
0 1 35 19 0 0
0 1 141 28 0 0
0 1 6 30 0 0
0 1 65 31 0 0
0 1 34 17 0 0
0 1 29 45 0 0
0 1 76 3 0 0
0 1 106 44 0 0
0 1 81 35 0 0
0 1 139 8 0 0
0 1 85 46 0 0
0 1 55 25 0 0
0 1 129 2 0 0
0 1 139 0 0 0
0 1 61 4 0 0
0 1 89 40 0 0
0 1 25 47 0 0
0 1 36 26 0 0
0 1 9 14 0 0
0 1 120 10 0 0
0 1 43 41 0 0
0 1 8 10 0 0
0 1 7 6 0 0
0 1 53 12 0 0
0 1 75 2 0 0
0 1 99 1 0 0
0 1 42 23 0 0
0 1 128 15 0 0
0 1 117 21 0 0
0 1 7 16 0 0
0 1 21 38 0 0
0 1 109 46 0 0
0 1 123 27 0 0
0 1 88 14 0 0
0 1 97 15 0 0
0 1 61 6 0 0
0 1 111 17 0 0
0 1 107 31 0 0
0 1 72 12 0 0
0 1 91 7 0 0
0 1 64 19 0 0
0 1 38 0 0 0
0 1 49 45 0 0
0 1 17 48 0 0
0 1 122 33 0 0
0 1 2 38 0 0
0 1 23 4 0 0
0 1 63 42 0 0
0 1 93 10 0 0
0 1 79 33 0 0
0 1 120 37 0 0
0 1 96 39 0 0
0 1 28 14 0 0
0 1 119 46 0 0
0 1 73 16 0 0
0 1 66 12 0 0
0 1 90 35 0 0
0 1 125 44 0 0
0 1 119 40 0 0
0 1 87 1 0 0
0 1 109 47 0 0
0 1 76 32 0 0
0 1 70 49 0 0
0 1 14 34 0 0
0 1 136 3 0 0
0 1 83 0 0 0
0 1 92 24 0 0
0 1 70 23 0 0
0 1 78 22 0 0
0 1 77 2 0 0
0 1 54 31 0 0
0 1 126 3 0 0
0 1 95 5 0 0
0 1 58 16 0 0
0 1 105 41 0 0
0 1 87 48 0 0
0 1 66 1 0 0
0 1 40 7 0 0
0 1 117 20 0 0
0 1 49 31 0 0
0 1 24 47 0 0
0 1 45 34 0 0
0 1 69 39 0 0
0 1 74 20 0 0
0 1 136 9 0 0
0 1 126 33 0 0
0 1 55 20 0 0
0 1 115 9 0 0
0 1 127 34 0 0
0 1 80 47 0 0
0 1 88 0 0 0
0 1 104 23 0 0
0 1 53 18 0 0
0 1 96 48 0 0
0 1 12 43 0 0
0 1 89 29 0 0
0 1 24 44 0 0
0 1 68 16 0 0
0 1 42 46 0 0
0 1 148 13 0 0
0 1 118 39 0 0
0 1 23 3 0 0
0 1 29 45 0 0
0 1 72 12 0 0
0 1 130 39 0 0
0 1 111 7 0 0
0 1 134 45 0 0
0 1 71 43 0 0
0 1 121 13 0 0
0 1 62 49 0 0
0 1 129 2 0 0
0 1 58 25 0 0
0 1 43 27 0 0
0 1 44 48 0 0
0 1 125 4 0 0
0 1 59 20 0 0
0 1 22 32 0 0
0 1 37 41 0 0
0 1 51 27 0 0
0 1 38 1 0 0
0 1 60 49 0 0
0 1 140 46 0 0
0 1 1 40 0 0
0 1 35 42 0 0
0 1 108 6 0 0
0 1 134 10 0 0
0 1 114 22 0 0
0 1 0 32 0 0
0 1 13 23 0 0
0 1 63 27 0 0
0 1 130 36 0 0
0 1 40 36 0 0
0 1 101 29 0 0
0 1 84 9 0 0
0 1 92 24 0 0
0 1 143 13 0 0
0 1 98 41 0 0
0 1 9 13 0 0
0 1 133 13 0 0
0 1 142 13 0 0
0 1 135 43 0 0
0 1 149 12 0 0
0 1 4 5 0 0
0 1 102 36 0 0
0 1 5 31 0 0
0 1 132 7 0 0
