0 1 12 29 0 0
0 1 19 48 0 0
0 1 22 34 0 0
0 1 25 20 0 0
0 1 27 37 0 0
0 1 32 9 0 0
0 1 63 6 0 0
0 1 66 45 0 0
0 1 115 26 0 0
0 1 116 1 0 0
0 1 137 17 0 0
0 1 13 38 0 0
0 1 32 34 0 0
0 1 83 7 0 0
0 1 95 2 0 0
0 1 116 1 0 0
0 1 137 17 0 0
0 1 146 13 0 0
0 1 2 39 0 0
0 1 5 5 0 0
0 1 6 18 0 0
0 1 11 46 0 0
0 1 39 1 0 0
0 1 89 33 0 0
0 1 92 29 0 0
0 1 93 38 0 0
0 1 104 12 0 0
0 1 104 5 0 0
0 1 129 27 0 0
0 1 143 23 0 0
0 1 2 39 0 0
0 1 6 18 0 0
0 1 15 14 0 0
0 1 26 12 0 0
0 1 49 30 0 0
0 1 92 29 0 0
0 1 143 15 0 0
0 1 26 41 0 0
0 1 48 30 0 0
0 1 74 22 0 0
0 1 85 32 0 0
0 1 108 39 0 0
0 1 119 18 0 0
0 1 119 24 0 0
0 1 41 8 0 0
0 1 138 47 0 0
0 1 139 3 0 0
0 1 24 17 0 0
0 1 35 32 0 0
0 1 36 20 0 0
0 1 50 20 0 0
0 1 13 42 0 0
0 1 108 19 0 0
0 1 3 26 0 0
0 1 14 41 0 0
0 1 72 49 0 0
0 1 6 22 0 0
0 1 33 18 0 0
0 1 35 2 0 0
0 1 57 4 0 0
0 1 59 41 0 0
0 1 128 3 0 0
0 1 56 27 0 0
0 1 141 45 0 0
0 1 79 45 0 0
0 1 117 22 0 0
0 1 32 43 0 0
0 1 86 10 0 0
0 1 107 8 0 0
0 1 54 39 0 0
0 1 68 43 0 0
0 1 68 6 0 0
0 1 50 37 0 0
0 1 75 4 0 0
0 1 90 6 0 0
0 1 16 44 0 0
0 1 48 36 0 0
0 1 64 15 0 0
0 1 98 29 0 0
0 1 47 40 0 0
0 1 142 23 0 0
0 1 77 33 0 0
0 1 148 31 0 0
0 1 91 9 0 0
0 1 80 20 0 0
0 1 14 16 0 0
0 1 70 28 0 0
0 1 23 15 0 0
0 1 107 6 0 0
0 1 80 32 0 0
0 1 1 46 0 0
0 1 100 23 0 0
0 1 39 11 0 0
0 1 123 35 0 0
0 1 71 40 0 0
0 1 60 12 0 0
0 1 1 41 0 0
0 1 9 43 0 0
0 1 10 15 0 0
0 1 76 15 0 0
0 1 131 13 0 0
0 1 61 35 0 0
0 1 10 13 0 0
0 1 40 8 0 0
0 1 18 36 0 0
0 1 18 36 0 0
0 1 67 45 0 0
0 1 84 46 0 0
0 1 7 49 0 0
0 1 120 47 0 0
0 1 100 4 0 0
0 1 17 35 0 0
0 1 52 4 0 0
0 1 82 7 0 0
0 1 95 42 0 0
0 1 113 11 0 0
0 1 33 34 0 0
0 1 122 40 0 0
0 1 141 10 0 0
0 1 73 43 0 0
0 1 139 3 0 0
0 1 65 25 0 0
0 1 19 44 0 0
0 1 42 26 0 0
0 1 16 17 0 0
0 1 82 36 0 0
0 1 60 22 0 0
0 1 110 10 0 0
0 1 127 26 0 0
0 1 137 37 0 0
0 1 46 5 0 0
0 1 121 42 0 0
0 1 17 31 0 0
0 1 135 49 0 0
0 1 4 4 0 0
0 1 4 21 0 0
0 1 29 8 0 0
0 1 145 7 0 0
0 1 118 21 0 0
0 1 71 18 0 0
0 1 44 23 0 0
0 1 114 10 0 0
0 1 111 11 0 0
0 1 46 31 0 0
0 1 73 1 0 0
0 1 101 24 0 0
0 1 138 0 0 0
0 1 23 35 0 0
0 1 113 40 0 0
0 1 37 29 0 0
0 1 102 17 0 0
0 1 72 2 0 0
0 1 15 11 0 0
0 1 28 28 0 0
0 1 18 33 0 0
0 1 42 33 0 0
0 1 70 14 0 0
0 1 22 16 0 0
0 1 64 12 0 0
0 1 51 14 0 0
0 1 125 0 0 0
0 1 52 23 0 0
0 1 37 24 0 0
0 1 149 17 0 0
0 1 8 11 0 0
0 1 47 48 0 0
0 1 65 2 0 0
0 1 122 9 0 0
0 1 142 16 0 0
0 1 109 19 0 0
0 1 20 36 0 0
0 1 136 6 0 0
0 1 147 21 0 0
0 1 124 43 0 0
0 1 93 0 0 0
0 1 130 41 0 0
0 1 77 26 0 0
0 1 24 31 0 0
0 1 11 49 0 0
0 1 81 38 0 0
0 1 61 14 0 0
0 1 57 13 0 0
0 1 51 40 0 0
0 1 134 16 0 0
0 1 78 5 0 0
0 1 5 18 0 0
0 1 21 8 0 0
0 1 53 33 0 0
0 1 114 47 0 0
0 1 102 44 0 0
0 1 96 35 0 0
0 1 105 35 0 0
0 1 96 39 0 0
0 1 126 27 0 0
0 1 58 16 0 0
0 1 41 44 0 0
0 1 2 48 0 0
0 1 27 37 0 0
0 1 123 30 0 0
0 1 89 45 0 0
0 1 74 31 0 0
0 1 132 28 0 0
0 1 62 36 0 0
0 1 140 42 0 0
0 1 55 7 0 0
0 1 99 37 0 0
0 1 53 21 0 0
0 1 98 30 0 0
0 1 87 22 0 0
0 1 78 42 0 0
0 1 88 14 0 0
0 1 103 24 0 0
0 1 149 16 0 0
0 1 94 15 0 0
0 1 144 7 0 0
0 1 69 28 0 0
0 1 111 19 0 0
