0 1 9 0 0 0
0 1 23 40 0 0
0 1 29 33 0 0
0 1 35 20 0 0
0 1 53 38 0 0
0 1 65 25 0 0
0 1 105 20 0 0
0 1 112 17 0 0
0 1 121 19 0 0
0 1 132 8 0 0
0 1 141 32 0 0
0 1 3 8 0 0
0 1 7 9 0 0
0 1 9 0 0 0
0 1 17 32 0 0
0 1 21 42 0 0
0 1 24 3 0 0
0 1 56 5 0 0
0 1 60 48 0 0
0 1 65 25 0 0
0 1 69 9 0 0
0 1 122 17 0 0
0 1 147 43 0 0
0 1 42 47 0 0
0 1 42 10 0 0
0 1 50 9 0 0
0 1 63 43 0 0
0 1 64 29 0 0
0 1 66 8 0 0
0 1 79 46 0 0
0 1 84 41 0 0
0 1 87 43 0 0
0 1 102 25 0 0
0 1 110 27 0 0
0 1 116 3 0 0
0 1 119 23 0 0
0 1 140 42 0 0
0 1 79 25 0 0
0 1 84 41 0 0
0 1 139 33 0 0
0 1 0 26 0 0
0 1 39 7 0 0
0 1 89 17 0 0
0 1 93 5 0 0
0 1 137 18 0 0
0 1 15 5 0 0
0 1 74 28 0 0
0 1 91 39 0 0
0 1 149 27 0 0
0 1 40 5 0 0
0 1 53 41 0 0
0 1 122 15 0 0
0 1 94 19 0 0
0 1 55 8 0 0
0 1 137 2 0 0
0 1 8 30 0 0
0 1 121 4 0 0
0 1 10 46 0 0
0 1 37 43 0 0
0 1 90 42 0 0
0 1 5 10 0 0
0 1 51 1 0 0
0 1 118 12 0 0
0 1 88 23 0 0
0 1 92 47 0 0
0 1 130 14 0 0
0 1 40 39 0 0
0 1 41 6 0 0
0 1 45 33 0 0
0 1 74 36 0 0
0 1 100 29 0 0
0 1 105 37 0 0
0 1 72 21 0 0
0 1 77 47 0 0
0 1 54 28 0 0
0 1 110 30 0 0
0 1 63 44 0 0
0 1 8 2 0 0
0 1 68 49 0 0
0 1 103 2 0 0
0 1 79 6 0 0
0 1 49 46 0 0
0 1 101 18 0 0
0 1 47 11 0 0
0 1 143 38 0 0
0 1 27 13 0 0
0 1 14 45 0 0
0 1 57 11 0 0
0 1 32 20 0 0
0 1 39 48 0 0
0 1 127 32 0 0
0 1 15 16 0 0
0 1 87 48 0 0
0 1 22 22 0 0
0 1 64 31 0 0
0 1 92 0 0 0
0 1 68 39 0 0
0 1 108 24 0 0
0 1 146 37 0 0
0 1 38 24 0 0
0 1 11 42 0 0
0 1 76 36 0 0
0 1 111 21 0 0
0 1 86 14 0 0
0 1 146 49 0 0
0 1 85 40 0 0
0 1 96 37 0 0
0 1 88 44 0 0
0 1 43 22 0 0
0 1 116 15 0 0
0 1 91 6 0 0
0 1 47 41 0 0
0 1 102 2 0 0
0 1 127 10 0 0
0 1 21 40 0 0
0 1 123 49 0 0
0 1 3 33 0 0
0 1 4 34 0 0
0 1 111 23 0 0
0 1 97 11 0 0
0 1 46 22 0 0
0 1 73 38 0 0
0 1 104 13 0 0
0 1 113 20 0 0
0 1 1 30 0 0
0 1 133 33 0 0
0 1 31 23 0 0
0 1 106 14 0 0
0 1 140 3 0 0
0 1 142 36 0 0
0 1 129 12 0 0
0 1 123 35 0 0
0 1 145 0 0 0
0 1 28 16 0 0
0 1 6 44 0 0
0 1 138 31 0 0
0 1 2 3 0 0
0 1 36 6 0 0
0 1 134 24 0 0
0 1 131 45 0 0
0 1 18 18 0 0
0 1 78 41 0 0
0 1 126 5 0 0
0 1 59 27 0 0
0 1 77 43 0 0
0 1 20 36 0 0
0 1 135 7 0 0
0 1 27 31 0 0
0 1 120 7 0 0
0 1 143 42 0 0
0 1 130 42 0 0
0 1 25 30 0 0
0 1 80 21 0 0
0 1 90 34 0 0
0 1 139 11 0 0
0 1 12 39 0 0
0 1 131 37 0 0
0 1 104 13 0 0
0 1 20 17 0 0
0 1 54 36 0 0
0 1 69 28 0 0
0 1 4 9 0 0
0 1 16 12 0 0
0 1 34 46 0 0
0 1 34 16 0 0
0 1 35 28 0 0
0 1 30 26 0 0
0 1 124 34 0 0
0 1 75 15 0 0
0 1 33 45 0 0
0 1 99 45 0 0
0 1 24 16 0 0
0 1 0 4 0 0
0 1 46 47 0 0
0 1 86 43 0 0
0 1 101 45 0 0
0 1 22 11 0 0
0 1 99 37 0 0
0 1 2 39 0 0
0 1 67 14 0 0
0 1 61 31 0 0
0 1 89 22 0 0
0 1 14 46 0 0
0 1 103 12 0 0
0 1 43 25 0 0
0 1 85 26 0 0
0 1 119 32 0 0
0 1 33 34 0 0
0 1 70 48 0 0
0 1 136 26 0 0
0 1 117 30 0 0
0 1 26 29 0 0
0 1 60 24 0 0
0 1 95 9 0 0
0 1 98 27 0 0
0 1 117 35 0 0
0 1 61 29 0 0
0 1 97 24 0 0
0 1 55 36 0 0
0 1 83 21 0 0
0 1 138 5 0 0
0 1 149 48 0 0
0 1 23 33 0 0
0 1 45 26 0 0
0 1 129 38 0 0
0 1 144 23 0 0
0 1 16 47 0 0
