0 1 2 11 0 0
0 1 4 9 0 0
0 1 17 2 0 0
0 1 24 11 0 0
0 1 25 13 0 0
0 1 49 1 0 0
0 1 57 21 0 0
0 1 85 46 0 0
0 1 93 49 0 0
0 1 107 17 0 0
0 1 131 17 0 0
0 1 136 20 0 0
0 1 143 38 0 0
0 1 7 3 0 0
0 1 57 24 0 0
0 1 58 34 0 0
0 1 79 37 0 0
0 1 131 17 0 0
0 1 149 29 0 0
0 1 19 22 0 0
0 1 54 27 0 0
0 1 63 42 0 0
0 1 67 19 0 0
0 1 70 18 0 0
0 1 76 29 0 0
0 1 79 23 0 0
0 1 116 3 0 0
0 1 129 4 0 0
0 1 32 38 0 0
0 1 39 31 0 0
0 1 49 11 0 0
0 1 72 26 0 0
0 1 94 20 0 0
0 1 116 3 0 0
0 1 123 49 0 0
0 1 137 18 0 0
0 1 146 13 0 0
0 1 5 40 0 0
0 1 116 6 0 0
0 1 59 33 0 0
0 1 83 26 0 0
0 1 119 45 0 0
0 1 15 27 0 0
0 1 77 49 0 0
0 1 144 36 0 0
0 1 38 27 0 0
0 1 42 19 0 0
0 1 62 45 0 0
0 1 71 24 0 0
0 1 73 14 0 0
0 1 138 20 0 0
0 1 5 42 0 0
0 1 12 48 0 0
0 1 3 6 0 0
0 1 14 25 0 0
0 1 95 44 0 0
0 1 61 41 0 0
0 1 101 28 0 0
0 1 65 17 0 0
0 1 78 33 0 0
0 1 64 12 0 0
0 1 99 0 0 0
0 1 109 4 0 0
0 1 23 46 0 0
0 1 75 26 0 0
0 1 143 49 0 0
0 1 121 10 0 0
0 1 148 2 0 0
0 1 60 20 0 0
0 1 103 43 0 0
0 1 34 12 0 0
0 1 100 1 0 0
0 1 102 12 0 0
0 1 33 30 0 0
0 1 113 30 0 0
0 1 1 36 0 0
0 1 51 46 0 0
0 1 68 46 0 0
0 1 78 18 0 0
0 1 61 48 0 0
0 1 80 3 0 0
0 1 6 20 0 0
0 1 107 19 0 0
0 1 86 8 0 0
0 1 68 5 0 0
0 1 50 26 0 0
0 1 108 0 0 0
0 1 137 49 0 0
0 1 14 33 0 0
0 1 115 27 0 0
0 1 14 33 0 0
0 1 140 17 0 0
0 1 55 45 0 0
0 1 52 15 0 0
0 1 98 13 0 0
0 1 44 34 0 0
0 1 112 41 0 0
0 1 90 23 0 0
0 1 136 30 0 0
0 1 74 22 0 0
0 1 57 18 0 0
0 1 28 1 0 0
0 1 129 32 0 0
0 1 93 16 0 0
0 1 98 22 0 0
0 1 9 40 0 0
0 1 36 43 0 0
0 1 123 9 0 0
0 1 63 44 0 0
0 1 43 13 0 0
0 1 130 47 0 0
0 1 52 36 0 0
0 1 86 40 0 0
0 1 6 6 0 0
0 1 76 21 0 0
0 1 12 8 0 0
0 1 45 12 0 0
0 1 30 47 0 0
0 1 97 35 0 0
0 1 27 42 0 0
0 1 114 44 0 0
0 1 72 35 0 0
0 1 44 49 0 0
0 1 97 4 0 0
0 1 31 3 0 0
0 1 37 33 0 0
0 1 73 2 0 0
0 1 0 32 0 0
0 1 127 10 0 0
0 1 117 47 0 0
0 1 84 47 0 0
0 1 65 6 0 0
0 1 69 7 0 0
0 1 22 4 0 0
0 1 11 10 0 0
0 1 104 32 0 0
0 1 46 39 0 0
0 1 84 27 0 0
0 1 134 28 0 0
0 1 127 42 0 0
0 1 124 9 0 0
0 1 115 40 0 0
0 1 28 28 0 0
0 1 38 14 0 0
0 1 1 29 0 0
0 1 47 15 0 0
0 1 110 26 0 0
0 1 100 3 0 0
0 1 89 47 0 0
0 1 111 34 0 0
0 1 131 34 0 0
0 1 122 39 0 0
0 1 96 35 0 0
0 1 145 35 0 0
0 1 74 35 0 0
0 1 48 18 0 0
0 1 58 48 0 0
0 1 7 48 0 0
0 1 147 23 0 0
0 1 29 11 0 0
0 1 59 0 0 0
0 1 16 45 0 0
0 1 26 37 0 0
0 1 112 42 0 0
0 1 18 39 0 0
0 1 60 27 0 0
0 1 51 2 0 0
0 1 91 25 0 0
0 1 87 5 0 0
0 1 121 40 0 0
0 1 138 44 0 0
0 1 105 15 0 0
0 1 126 28 0 0
0 1 21 4 0 0
0 1 53 38 0 0
0 1 16 32 0 0
0 1 133 30 0 0
0 1 135 46 0 0
0 1 48 7 0 0
0 1 35 15 0 0
0 1 81 8 0 0
0 1 104 45 0 0
0 1 25 6 0 0
0 1 132 41 0 0
0 1 147 0 0 0
0 1 26 5 0 0
0 1 117 31 0 0
0 1 13 22 0 0
0 1 3 11 0 0
0 1 139 30 0 0
0 1 24 25 0 0
0 1 87 36 0 0
0 1 83 5 0 0
0 1 27 13 0 0
0 1 19 8 0 0
0 1 41 34 0 0
0 1 120 26 0 0
0 1 142 0 0 0
