0 1 3 32 0 0
0 1 12 34 0 0
0 1 31 41 0 0
0 1 40 5 0 0
0 1 41 14 0 0
0 1 53 49 0 0
0 1 63 24 0 0
0 1 79 46 0 0
0 1 82 4 0 0
0 1 85 11 0 0
0 1 86 22 0 0
0 1 88 7 0 0
0 1 89 47 0 0
0 1 93 28 0 0
0 1 130 18 0 0
0 1 146 42 0 0
0 1 6 46 0 0
0 1 13 8 0 0
0 1 29 4 0 0
0 1 42 11 0 0
0 1 47 9 0 0
0 1 72 21 0 0
0 1 93 38 0 0
0 1 93 2 0 0
0 1 135 13 0 0
0 1 139 30 0 0
0 1 1 20 0 0
0 1 30 32 0 0
0 1 69 49 0 0
0 1 75 27 0 0
0 1 117 33 0 0
0 1 132 17 0 0
0 1 145 12 0 0
0 1 17 18 0 0
0 1 36 6 0 0
0 1 131 24 0 0
0 1 145 12 0 0
0 1 95 16 0 0
0 1 114 23 0 0
0 1 9 41 0 0
0 1 24 5 0 0
0 1 33 49 0 0
0 1 95 16 0 0
0 1 109 22 0 0
0 1 64 10 0 0
0 1 119 39 0 0
0 1 143 0 0 0
0 1 139 6 0 0
0 1 40 45 0 0
0 1 29 21 0 0
0 1 35 30 0 0
0 1 80 35 0 0
0 1 98 42 0 0
0 1 10 39 0 0
0 1 55 25 0 0
0 1 77 29 0 0
0 1 84 15 0 0
0 1 90 7 0 0
0 1 7 40 0 0
0 1 28 22 0 0
0 1 7 40 0 0
0 1 116 31 0 0
0 1 5 24 0 0
0 1 14 35 0 0
0 1 142 0 0 0
0 1 56 21 0 0
0 1 73 24 0 0
0 1 31 14 0 0
0 1 140 48 0 0
0 1 144 13 0 0
0 1 16 24 0 0
0 1 141 25 0 0
0 1 57 36 0 0
0 1 44 14 0 0
0 1 38 36 0 0
0 1 18 44 0 0
0 1 23 8 0 0
0 1 25 47 0 0
0 1 102 44 0 0
0 1 43 43 0 0
0 1 69 9 0 0
0 1 77 20 0 0
0 1 48 9 0 0
0 1 141 5 0 0
0 1 67 47 0 0
0 1 99 8 0 0
0 1 82 45 0 0
0 1 80 0 0 0
0 1 27 26 0 0
0 1 43 36 0 0
0 1 138 31 0 0
0 1 121 26 0 0
0 1 146 15 0 0
0 1 146 15 0 0
0 1 54 6 0 0
0 1 64 26 0 0
0 1 22 11 0 0
0 1 52 31 0 0
0 1 78 6 0 0
0 1 81 13 0 0
0 1 71 17 0 0
0 1 5 35 0 0
0 1 116 43 0 0
0 1 123 1 0 0
0 1 18 34 0 0
0 1 8 22 0 0
0 1 126 19 0 0
0 1 53 19 0 0
0 1 96 19 0 0
0 1 129 9 0 0
0 1 65 16 0 0
0 1 34 48 0 0
0 1 30 27 0 0
0 1 15 29 0 0
0 1 76 48 0 0
0 1 87 1 0 0
0 1 127 46 0 0
0 1 32 15 0 0
0 1 91 41 0 0
0 1 110 41 0 0
0 1 26 17 0 0
0 1 32 39 0 0
0 1 25 35 0 0
0 1 72 1 0 0
0 1 148 34 0 0
0 1 130 2 0 0
0 1 122 1 0 0
0 1 112 36 0 0
0 1 125 3 0 0
0 1 118 18 0 0
0 1 49 16 0 0
0 1 117 39 0 0
0 1 83 23 0 0
0 1 92 16 0 0
0 1 10 37 0 0
0 1 47 43 0 0
0 1 113 15 0 0
0 1 70 27 0 0
0 1 126 47 0 0
0 1 110 32 0 0
0 1 45 37 0 0
0 1 35 30 0 0
0 1 34 2 0 0
0 1 106 18 0 0
0 1 39 21 0 0
0 1 11 43 0 0
0 1 109 38 0 0
0 1 28 40 0 0
0 1 62 5 0 0
0 1 15 32 0 0
0 1 132 3 0 0
0 1 36 25 0 0
0 1 127 32 0 0
0 1 19 30 0 0
0 1 46 13 0 0
0 1 136 36 0 0
0 1 112 21 0 0
0 1 2 11 0 0
0 1 12 9 0 0
0 1 106 6 0 0
0 1 137 9 0 0
0 1 120 13 0 0
0 1 94 20 0 0
0 1 88 17 0 0
0 1 46 14 0 0
0 1 57 49 0 0
0 1 147 49 0 0
0 1 89 20 0 0
0 1 51 29 0 0
0 1 62 39 0 0
0 1 13 23 0 0
0 1 119 24 0 0
0 1 58 27 0 0
0 1 59 25 0 0
0 1 21 17 0 0
0 1 85 38 0 0
0 1 121 10 0 0
0 1 4 7 0 0
0 1 50 19 0 0
0 1 91 11 0 0
0 1 21 29 0 0
0 1 83 8 0 0
0 1 55 8 0 0
0 1 54 10 0 0
0 1 84 47 0 0
0 1 148 23 0 0
0 1 27 10 0 0
0 1 66 36 0 0
0 1 94 45 0 0
0 1 49 18 0 0
0 1 60 16 0 0
0 1 86 10 0 0
0 1 44 20 0 0
0 1 16 2 0 0
0 1 97 48 0 0
0 1 37 33 0 0
0 1 124 34 0 0
0 1 79 37 0 0
0 1 61 33 0 0
0 1 100 18 0 0
