0 1 20 0 0 0
0 1 50 26 0 0
0 1 58 34 0 0
0 1 64 10 0 0
0 1 78 23 0 0
0 1 81 45 0 0
0 1 92 20 0 0
0 1 94 2 0 0
0 1 95 4 0 0
0 1 99 17 0 0
0 1 104 16 0 0
0 1 105 37 0 0
0 1 106 28 0 0
0 1 131 49 0 0
0 1 136 7 0 0
0 1 141 7 0 0
0 1 146 13 0 0
0 1 70 5 0 0
0 1 99 17 0 0
0 1 122 19 0 0
0 1 128 1 0 0
0 1 129 11 0 0
0 1 132 46 0 0
0 1 133 6 0 0
0 1 135 39 0 0
0 1 4 0 0 0
0 1 13 18 0 0
0 1 19 27 0 0
0 1 35 25 0 0
0 1 60 8 0 0
0 1 61 5 0 0
0 1 136 32 0 0
0 1 4 0 0 0
0 1 60 8 0 0
0 1 97 20 0 0
0 1 43 41 0 0
0 1 52 8 0 0
0 1 63 27 0 0
0 1 142 24 0 0
0 1 33 11 0 0
0 1 59 6 0 0
0 1 94 8 0 0
0 1 147 39 0 0
0 1 30 48 0 0
0 1 66 33 0 0
0 1 86 36 0 0
0 1 75 34 0 0
0 1 88 25 0 0
0 1 20 44 0 0
0 1 93 39 0 0
0 1 131 25 0 0
0 1 20 44 0 0
0 1 6 40 0 0
0 1 9 23 0 0
0 1 22 30 0 0
0 1 47 47 0 0
0 1 52 48 0 0
0 1 77 24 0 0
0 1 83 26 0 0
0 1 4 13 0 0
0 1 66 46 0 0
0 1 51 10 0 0
0 1 88 19 0 0
0 1 8 43 0 0
0 1 48 38 0 0
0 1 49 9 0 0
0 1 71 15 0 0
0 1 125 31 0 0
0 1 139 47 0 0
0 1 98 33 0 0
0 1 12 27 0 0
0 1 53 49 0 0
0 1 71 28 0 0
0 1 59 9 0 0
0 1 100 6 0 0
0 1 143 44 0 0
0 1 145 31 0 0
0 1 51 33 0 0
0 1 3 19 0 0
0 1 82 29 0 0
0 1 93 21 0 0
0 1 19 3 0 0
0 1 29 29 0 0
0 1 112 9 0 0
0 1 102 32 0 0
0 1 89 38 0 0
0 1 34 22 0 0
0 1 67 4 0 0
0 1 89 35 0 0
0 1 40 18 0 0
0 1 74 23 0 0
0 1 57 0 0 0
0 1 31 28 0 0
0 1 58 7 0 0
0 1 68 40 0 0
0 1 11 1 0 0
0 1 11 22 0 0
0 1 82 45 0 0
0 1 82 45 0 0
0 1 63 0 0 0
0 1 57 38 0 0
0 1 41 21 0 0
0 1 130 42 0 0
0 1 116 18 0 0
0 1 24 31 0 0
0 1 21 15 0 0
0 1 113 9 0 0
0 1 8 1 0 0
0 1 69 3 0 0
0 1 18 18 0 0
0 1 108 45 0 0
0 1 61 37 0 0
0 1 77 29 0 0
0 1 121 24 0 0
0 1 90 11 0 0
0 1 102 36 0 0
0 1 22 37 0 0
0 1 38 16 0 0
0 1 87 42 0 0
0 1 101 14 0 0
0 1 92 21 0 0
0 1 97 2 0 0
0 1 5 43 0 0
0 1 65 43 0 0
0 1 35 12 0 0
0 1 107 9 0 0
0 1 126 14 0 0
0 1 124 6 0 0
0 1 76 23 0 0
0 1 95 27 0 0
0 1 115 48 0 0
0 1 28 4 0 0
0 1 103 20 0 0
0 1 40 36 0 0
0 1 138 25 0 0
0 1 144 48 0 0
0 1 36 26 0 0
0 1 119 1 0 0
0 1 30 30 0 0
0 1 36 27 0 0
0 1 32 30 0 0
0 1 109 30 0 0
0 1 74 13 0 0
0 1 9 25 0 0
0 1 80 36 0 0
0 1 42 47 0 0
0 1 79 23 0 0
0 1 0 31 0 0
0 1 17 25 0 0
0 1 84 34 0 0
0 1 123 24 0 0
0 1 125 7 0 0
0 1 39 7 0 0
0 1 15 6 0 0
0 1 75 41 0 0
0 1 76 40 0 0
0 1 111 7 0 0
0 1 5 37 0 0
0 1 83 34 0 0
0 1 44 35 0 0
0 1 91 21 0 0
0 1 116 31 0 0
0 1 134 16 0 0
0 1 141 43 0 0
0 1 118 22 0 0
0 1 23 43 0 0
0 1 101 14 0 0
0 1 96 14 0 0
0 1 7 38 0 0
0 1 67 11 0 0
0 1 119 31 0 0
0 1 62 45 0 0
0 1 10 48 0 0
0 1 60 29 0 0
0 1 146 40 0 0
0 1 68 32 0 0
0 1 56 9 0 0
0 1 31 35 0 0
0 1 2 37 0 0
0 1 14 6 0 0
0 1 138 46 0 0
0 1 109 13 0 0
0 1 78 32 0 0
0 1 65 16 0 0
0 1 48 5 0 0
0 1 16 2 0 0
0 1 53 46 0 0
0 1 103 2 0 0
0 1 32 46 0 0
0 1 148 20 0 0
0 1 73 20 0 0
0 1 43 15 0 0
0 1 73 17 0 0
0 1 127 1 0 0
0 1 123 40 0 0
0 1 56 16 0 0
0 1 23 19 0 0
0 1 118 24 0 0
0 1 1 36 0 0
0 1 147 47 0 0
0 1 132 13 0 0
0 1 39 34 0 0
0 1 47 21 0 0
