0 1 0 4 0 0
0 1 5 42 0 0
0 1 6 22 0 0
0 1 13 40 0 0
0 1 13 33 0 0
0 1 31 49 0 0
0 1 50 39 0 0
0 1 53 16 0 0
0 1 60 48 0 0
0 1 71 42 0 0
0 1 72 40 0 0
0 1 82 20 0 0
0 1 87 13 0 0
0 1 90 47 0 0
0 1 104 15 0 0
0 1 105 44 0 0
0 1 110 10 0 0
0 1 138 28 0 0
0 1 140 35 0 0
0 1 1 44 0 0
0 1 90 4 0 0
0 1 100 18 0 0
0 1 28 18 0 0
0 1 43 28 0 0
0 1 46 32 0 0
0 1 57 26 0 0
0 1 59 30 0 0
0 1 62 36 0 0
0 1 80 39 0 0
0 1 109 48 0 0
0 1 142 16 0 0
0 1 49 6 0 0
0 1 77 6 0 0
0 1 93 15 0 0
0 1 113 3 0 0
0 1 114 25 0 0
0 1 77 6 0 0
0 1 113 3 0 0
0 1 10 11 0 0
0 1 14 21 0 0
0 1 91 21 0 0
0 1 125 41 0 0
0 1 21 5 0 0
0 1 60 41 0 0
0 1 32 29 0 0
0 1 63 24 0 0
0 1 106 8 0 0
0 1 117 44 0 0
0 1 121 32 0 0
0 1 4 21 0 0
0 1 47 32 0 0
0 1 83 36 0 0
0 1 111 48 0 0
0 1 12 11 0 0
0 1 115 33 0 0
0 1 0 37 0 0
0 1 58 12 0 0
0 1 79 38 0 0
0 1 70 42 0 0
0 1 48 43 0 0
0 1 61 13 0 0
0 1 131 27 0 0
0 1 139 36 0 0
0 1 147 16 0 0
0 1 147 40 0 0
0 1 106 14 0 0
0 1 12 27 0 0
0 1 11 24 0 0
0 1 88 14 0 0
0 1 35 31 0 0
0 1 95 19 0 0
0 1 110 31 0 0
0 1 43 25 0 0
0 1 78 28 0 0
0 1 103 35 0 0
0 1 116 12 0 0
0 1 8 0 0 0
0 1 138 31 0 0
0 1 92 5 0 0
0 1 123 30 0 0
0 1 51 49 0 0
0 1 112 0 0 0
0 1 2 24 0 0
0 1 72 31 0 0
0 1 39 20 0 0
0 1 86 14 0 0
0 1 68 23 0 0
0 1 7 43 0 0
0 1 29 17 0 0
0 1 144 39 0 0
0 1 148 26 0 0
0 1 39 4 0 0
0 1 134 41 0 0
0 1 5 4 0 0
0 1 121 20 0 0
0 1 36 9 0 0
0 1 30 9 0 0
0 1 91 40 0 0
0 1 29 10 0 0
0 1 99 49 0 0
0 1 82 16 0 0
0 1 122 21 0 0
0 1 66 38 0 0
0 1 104 21 0 0
0 1 120 5 0 0
0 1 1 49 0 0
0 1 128 13 0 0
0 1 27 9 0 0
0 1 145 3 0 0
0 1 33 15 0 0
0 1 23 34 0 0
0 1 118 23 0 0
0 1 4 35 0 0
0 1 24 45 0 0
0 1 24 49 0 0
0 1 67 10 0 0
0 1 92 0 0 0
0 1 35 46 0 0
0 1 136 7 0 0
0 1 7 22 0 0
0 1 15 25 0 0
0 1 97 5 0 0
0 1 130 48 0 0
0 1 25 13 0 0
0 1 48 14 0 0
0 1 128 41 0 0
0 1 129 47 0 0
0 1 79 31 0 0
0 1 10 32 0 0
0 1 108 32 0 0
0 1 54 44 0 0
0 1 2 26 0 0
0 1 14 7 0 0
0 1 45 7 0 0
0 1 117 23 0 0
0 1 21 34 0 0
0 1 8 40 0 0
0 1 98 5 0 0
0 1 34 8 0 0
0 1 85 19 0 0
0 1 126 23 0 0
0 1 81 1 0 0
0 1 136 11 0 0
0 1 75 40 0 0
0 1 101 46 0 0
0 1 49 45 0 0
0 1 140 25 0 0
0 1 137 18 0 0
0 1 146 43 0 0
0 1 76 42 0 0
0 1 9 7 0 0
0 1 119 46 0 0
0 1 47 38 0 0
0 1 42 27 0 0
0 1 19 38 0 0
0 1 86 49 0 0
0 1 129 33 0 0
0 1 141 37 0 0
0 1 23 48 0 0
0 1 57 0 0 0
0 1 137 46 0 0
0 1 111 24 0 0
0 1 31 37 0 0
0 1 97 34 0 0
0 1 20 19 0 0
0 1 55 35 0 0
0 1 68 6 0 0
0 1 28 29 0 0
0 1 108 16 0 0
0 1 16 3 0 0
0 1 107 37 0 0
0 1 139 17 0 0
0 1 145 12 0 0
0 1 98 41 0 0
0 1 105 39 0 0
0 1 93 13 0 0
0 1 90 47 0 0
0 1 144 38 0 0
0 1 69 14 0 0
0 1 94 30 0 0
0 1 36 9 0 0
0 1 37 33 0 0
0 1 16 2 0 0
0 1 126 27 0 0
0 1 65 21 0 0
0 1 125 12 0 0
0 1 119 25 0 0
0 1 3 7 0 0
0 1 78 31 0 0
0 1 9 27 0 0
0 1 55 10 0 0
0 1 112 17 0 0
0 1 99 24 0 0
0 1 88 20 0 0
0 1 41 0 0 0
0 1 45 1 0 0
