0 1 13 9 0 0
0 1 31 34 0 0
0 1 40 1 0 0
0 1 41 23 0 0
0 1 46 0 0 0
0 1 87 46 0 0
0 1 96 15 0 0
0 1 116 48 0 0
0 1 134 46 0 0
0 1 135 33 0 0
0 1 138 36 0 0
0 1 18 6 0 0
0 1 40 1 0 0
0 1 62 19 0 0
0 1 66 36 0 0
0 1 76 31 0 0
0 1 110 28 0 0
0 1 15 29 0 0
0 1 20 26 0 0
0 1 29 7 0 0
0 1 67 38 0 0
0 1 88 37 0 0
0 1 92 49 0 0
0 1 98 22 0 0
0 1 101 16 0 0
0 1 102 47 0 0
0 1 114 42 0 0
0 1 131 22 0 0
0 1 14 48 0 0
0 1 15 29 0 0
0 1 28 46 0 0
0 1 37 16 0 0
0 1 43 17 0 0
0 1 4 24 0 0
0 1 44 35 0 0
0 1 50 19 0 0
0 1 88 3 0 0
0 1 106 43 0 0
0 1 120 1 0 0
0 1 140 17 0 0
0 1 5 49 0 0
0 1 1 29 0 0
0 1 18 11 0 0
0 1 79 49 0 0
0 1 83 34 0 0
0 1 108 17 0 0
0 1 129 16 0 0
0 1 7 26 0 0
0 1 48 21 0 0
0 1 68 26 0 0
0 1 77 1 0 0
0 1 80 8 0 0
0 1 81 6 0 0
0 1 86 4 0 0
0 1 121 41 0 0
0 1 13 19 0 0
0 1 43 25 0 0
0 1 0 17 0 0
0 1 3 38 0 0
0 1 64 7 0 0
0 1 72 5 0 0
0 1 78 32 0 0
0 1 8 45 0 0
0 1 11 25 0 0
0 1 125 19 0 0
0 1 63 5 0 0
0 1 72 42 0 0
0 1 47 39 0 0
0 1 91 15 0 0
0 1 146 9 0 0
0 1 33 12 0 0
0 1 141 28 0 0
0 1 94 27 0 0
0 1 59 48 0 0
0 1 125 30 0 0
0 1 93 19 0 0
0 1 20 22 0 0
0 1 65 15 0 0
0 1 60 13 0 0
0 1 122 7 0 0
0 1 30 30 0 0
0 1 48 1 0 0
0 1 81 39 0 0
0 1 70 42 0 0
0 1 34 27 0 0
0 1 69 27 0 0
0 1 17 32 0 0
0 1 57 9 0 0
0 1 86 14 0 0
0 1 111 15 0 0
0 1 36 8 0 0
0 1 107 48 0 0
0 1 82 24 0 0
0 1 19 33 0 0
0 1 75 32 0 0
0 1 9 25 0 0
0 1 117 4 0 0
0 1 100 11 0 0
0 1 95 3 0 0
0 1 83 17 0 0
0 1 14 42 0 0
0 1 148 29 0 0
0 1 100 11 0 0
0 1 30 13 0 0
0 1 124 29 0 0
0 1 103 36 0 0
0 1 84 31 0 0
0 1 145 26 0 0
0 1 71 24 0 0
0 1 52 9 0 0
0 1 80 41 0 0
0 1 123 37 0 0
0 1 79 39 0 0
0 1 33 47 0 0
0 1 55 20 0 0
0 1 57 44 0 0
0 1 113 40 0 0
0 1 93 46 0 0
0 1 40 28 0 0
0 1 76 10 0 0
0 1 87 41 0 0
0 1 111 0 0 0
0 1 142 7 0 0
0 1 26 2 0 0
0 1 116 10 0 0
0 1 119 24 0 0
0 1 60 42 0 0
0 1 132 10 0 0
0 1 24 34 0 0
0 1 38 5 0 0
0 1 149 22 0 0
0 1 91 21 0 0
0 1 29 21 0 0
0 1 143 11 0 0
0 1 124 32 0 0
0 1 123 42 0 0
0 1 69 23 0 0
0 1 32 26 0 0
0 1 74 5 0 0
0 1 21 12 0 0
0 1 140 25 0 0
0 1 68 39 0 0
0 1 94 19 0 0
0 1 44 46 0 0
0 1 53 11 0 0
0 1 1 12 0 0
0 1 41 35 0 0
0 1 118 25 0 0
0 1 99 1 0 0
0 1 114 13 0 0
0 1 37 20 0 0
0 1 89 20 0 0
0 1 99 5 0 0
0 1 120 2 0 0
0 1 144 10 0 0
0 1 136 33 0 0
0 1 107 2 0 0
0 1 130 40 0 0
0 1 7 29 0 0
0 1 46 44 0 0
0 1 24 22 0 0
0 1 73 26 0 0
0 1 36 18 0 0
0 1 26 31 0 0
0 1 96 45 0 0
0 1 128 30 0 0
0 1 129 12 0 0
0 1 132 16 0 0
0 1 82 33 0 0
0 1 9 24 0 0
0 1 16 35 0 0
0 1 92 16 0 0
0 1 10 28 0 0
0 1 90 31 0 0
0 1 45 24 0 0
0 1 42 4 0 0
0 1 105 39 0 0
0 1 11 41 0 0
0 1 19 16 0 0
0 1 61 47 0 0
0 1 23 47 0 0
0 1 89 38 0 0
0 1 139 28 0 0
0 1 84 36 0 0
0 1 49 23 0 0
0 1 27 45 0 0
0 1 54 17 0 0
0 1 137 20 0 0
0 1 97 39 0 0
0 1 144 49 0 0
