0 1 0 2 0 0
0 1 7 12 0 0
0 1 41 20 0 0
0 1 68 47 0 0
0 1 80 25 0 0
0 1 86 11 0 0
0 1 129 25 0 0
0 1 148 14 0 0
0 1 9 45 0 0
0 1 34 38 0 0
0 1 38 27 0 0
0 1 45 4 0 0
0 1 58 8 0 0
0 1 64 0 0 0
0 1 65 49 0 0
0 1 135 42 0 0
0 1 1 43 0 0
0 1 16 38 0 0
0 1 20 27 0 0
0 1 22 45 0 0
0 1 23 6 0 0
0 1 52 3 0 0
0 1 59 8 0 0
0 1 61 17 0 0
0 1 69 21 0 0
0 1 83 10 0 0
0 1 125 48 0 0
0 1 142 13 0 0
0 1 149 8 0 0
0 1 46 7 0 0
0 1 69 21 0 0
0 1 71 6 0 0
0 1 95 47 0 0
0 1 98 40 0 0
0 1 120 1 0 0
0 1 63 4 0 0
0 1 96 2 0 0
0 1 108 20 0 0
0 1 113 38 0 0
0 1 122 1 0 0
0 1 123 37 0 0
0 1 144 37 0 0
0 1 6 22 0 0
0 1 32 38 0 0
0 1 40 16 0 0
0 1 47 34 0 0
0 1 100 44 0 0
0 1 113 38 0 0
0 1 123 37 0 0
0 1 13 17 0 0
0 1 39 40 0 0
0 1 58 42 0 0
0 1 66 31 0 0
0 1 120 39 0 0
0 1 49 29 0 0
0 1 80 43 0 0
0 1 143 20 0 0
0 1 37 16 0 0
0 1 52 30 0 0
0 1 85 15 0 0
0 1 110 9 0 0
0 1 106 25 0 0
0 1 7 46 0 0
0 1 35 0 0 0
0 1 59 41 0 0
0 1 24 30 0 0
0 1 35 0 0 0
0 1 35 36 0 0
0 1 67 5 0 0
0 1 139 18 0 0
0 1 93 9 0 0
0 1 8 32 0 0
0 1 17 24 0 0
0 1 50 26 0 0
0 1 0 43 0 0
0 1 142 32 0 0
0 1 104 29 0 0
0 1 124 37 0 0
0 1 128 24 0 0
0 1 74 9 0 0
0 1 26 39 0 0
0 1 27 9 0 0
0 1 5 8 0 0
0 1 14 35 0 0
0 1 126 7 0 0
0 1 51 2 0 0
0 1 109 30 0 0
0 1 76 10 0 0
0 1 3 26 0 0
0 1 108 19 0 0
0 1 134 24 0 0
0 1 12 22 0 0
0 1 32 22 0 0
0 1 63 46 0 0
0 1 93 27 0 0
0 1 114 34 0 0
0 1 125 21 0 0
0 1 122 22 0 0
0 1 73 49 0 0
0 1 116 13 0 0
0 1 61 18 0 0
0 1 30 12 0 0
0 1 92 39 0 0
0 1 110 19 0 0
0 1 20 31 0 0
0 1 42 38 0 0
0 1 78 36 0 0
0 1 87 45 0 0
0 1 101 29 0 0
0 1 89 30 0 0
0 1 138 33 0 0
0 1 134 0 0 0
0 1 97 18 0 0
0 1 117 48 0 0
0 1 140 29 0 0
0 1 77 23 0 0
0 1 21 18 0 0
0 1 98 27 0 0
0 1 83 23 0 0
0 1 102 6 0 0
0 1 41 18 0 0
0 1 82 4 0 0
0 1 2 37 0 0
0 1 22 33 0 0
0 1 1 2 0 0
0 1 139 3 0 0
0 1 31 25 0 0
0 1 48 14 0 0
0 1 29 23 0 0
0 1 33 34 0 0
0 1 9 24 0 0
0 1 107 9 0 0
0 1 116 22 0 0
0 1 56 3 0 0
0 1 30 39 0 0
0 1 10 2 0 0
0 1 95 11 0 0
0 1 106 35 0 0
0 1 127 9 0 0
0 1 146 12 0 0
0 1 34 15 0 0
0 1 68 12 0 0
0 1 38 49 0 0
0 1 62 33 0 0
0 1 36 28 0 0
0 1 137 29 0 0
0 1 27 36 0 0
0 1 2 8 0 0
0 1 55 40 0 0
0 1 24 35 0 0
0 1 33 48 0 0
0 1 37 19 0 0
0 1 109 49 0 0
0 1 74 35 0 0
0 1 43 46 0 0
0 1 124 34 0 0
0 1 56 42 0 0
0 1 13 0 0 0
0 1 107 21 0 0
0 1 49 48 0 0
0 1 96 42 0 0
0 1 90 19 0 0
0 1 136 22 0 0
0 1 103 26 0 0
0 1 12 10 0 0
0 1 123 39 0 0
0 1 99 26 0 0
0 1 140 48 0 0
0 1 131 6 0 0
0 1 73 32 0 0
0 1 65 40 0 0
0 1 113 20 0 0
0 1 11 37 0 0
0 1 8 13 0 0
0 1 5 32 0 0
0 1 36 47 0 0
0 1 3 29 0 0
0 1 127 2 0 0
0 1 77 35 0 0
0 1 130 32 0 0
0 1 25 24 0 0
0 1 89 16 0 0
0 1 55 23 0 0
0 1 86 11 0 0
0 1 143 28 0 0
0 1 78 26 0 0
0 1 28 19 0 0
0 1 105 45 0 0
0 1 112 44 0 0
0 1 130 43 0 0
0 1 144 43 0 0
0 1 15 24 0 0
0 1 145 14 0 0
0 1 75 15 0 0
0 1 40 16 0 0
0 1 99 46 0 0
0 1 42 46 0 0
0 1 85 25 0 0
