0 1 16 18 0 0
0 1 36 40 0 0
0 1 38 26 0 0
0 1 47 39 0 0
0 1 61 8 0 0
0 1 75 33 0 0
0 1 76 16 0 0
0 1 85 26 0 0
0 1 122 31 0 0
0 1 134 17 0 0
0 1 136 6 0 0
0 1 140 29 0 0
0 1 11 7 0 0
0 1 69 44 0 0
0 1 71 15 0 0
0 1 79 14 0 0
0 1 93 15 0 0
0 1 94 36 0 0
0 1 111 47 0 0
0 1 118 24 0 0
0 1 23 25 0 0
0 1 25 18 0 0
0 1 49 2 0 0
0 1 55 1 0 0
0 1 96 22 0 0
0 1 103 21 0 0
0 1 128 11 0 0
0 1 132 24 0 0
0 1 137 19 0 0
0 1 3 41 0 0
0 1 35 29 0 0
0 1 80 20 0 0
0 1 89 26 0 0
0 1 97 27 0 0
0 1 103 21 0 0
0 1 129 0 0 0
0 1 11 47 0 0
0 1 22 11 0 0
0 1 48 44 0 0
0 1 78 28 0 0
0 1 87 29 0 0
0 1 135 1 0 0
0 1 54 24 0 0
0 1 104 43 0 0
0 1 1 8 0 0
0 1 52 20 0 0
0 1 100 32 0 0
0 1 4 45 0 0
0 1 23 35 0 0
0 1 101 45 0 0
0 1 99 6 0 0
0 1 28 35 0 0
0 1 75 20 0 0
0 1 28 35 0 0
0 1 31 39 0 0
0 1 37 4 0 0
0 1 60 34 0 0
0 1 43 46 0 0
0 1 126 47 0 0
0 1 137 22 0 0
0 1 110 39 0 0
0 1 123 4 0 0
0 1 130 1 0 0
0 1 73 1 0 0
0 1 105 20 0 0
0 1 32 12 0 0
0 1 85 23 0 0
0 1 79 18 0 0
0 1 127 31 0 0
0 1 115 5 0 0
0 1 20 18 0 0
0 1 39 2 0 0
0 1 140 32 0 0
0 1 146 5 0 0
0 1 109 13 0 0
0 1 106 5 0 0
0 1 4 41 0 0
0 1 138 42 0 0
0 1 24 31 0 0
0 1 139 17 0 0
0 1 145 2 0 0
0 1 84 46 0 0
0 1 113 9 0 0
0 1 70 12 0 0
0 1 40 14 0 0
0 1 91 24 0 0
0 1 63 30 0 0
0 1 28 0 0 0
0 1 129 28 0 0
0 1 2 7 0 0
0 1 122 3 0 0
0 1 145 38 0 0
0 1 101 37 0 0
0 1 106 49 0 0
0 1 64 42 0 0
0 1 13 22 0 0
0 1 141 46 0 0
0 1 148 32 0 0
0 1 111 38 0 0
0 1 147 2 0 0
0 1 43 13 0 0
0 1 68 28 0 0
0 1 46 29 0 0
0 1 5 44 0 0
0 1 82 0 0 0
0 1 41 3 0 0
0 1 135 25 0 0
0 1 36 19 0 0
0 1 65 15 0 0
0 1 108 33 0 0
0 1 50 13 0 0
0 1 108 41 0 0
0 1 114 0 0 0
0 1 13 5 0 0
0 1 76 19 0 0
0 1 120 46 0 0
0 1 142 19 0 0
0 1 92 12 0 0
0 1 33 49 0 0
0 1 72 7 0 0
0 1 136 28 0 0
0 1 144 4 0 0
0 1 8 1 0 0
0 1 65 25 0 0
0 1 25 16 0 0
0 1 115 3 0 0
0 1 83 30 0 0
0 1 41 6 0 0
0 1 83 30 0 0
0 1 93 8 0 0
0 1 14 43 0 0
0 1 133 26 0 0
0 1 88 21 0 0
0 1 91 24 0 0
0 1 84 25 0 0
0 1 24 24 0 0
0 1 63 44 0 0
0 1 58 33 0 0
0 1 32 36 0 0
0 1 130 10 0 0
0 1 100 44 0 0
0 1 62 15 0 0
0 1 6 48 0 0
0 1 95 21 0 0
0 1 72 48 0 0
0 1 55 11 0 0
0 1 117 36 0 0
0 1 78 48 0 0
0 1 103 33 0 0
0 1 39 13 0 0
0 1 114 16 0 0
0 1 68 36 0 0
0 1 134 37 0 0
0 1 47 9 0 0
0 1 62 43 0 0
0 1 98 40 0 0
0 1 121 46 0 0
0 1 124 17 0 0
0 1 59 10 0 0
0 1 113 23 0 0
0 1 44 48 0 0
0 1 42 35 0 0
0 1 99 45 0 0
0 1 58 43 0 0
0 1 71 7 0 0
0 1 105 11 0 0
0 1 0 45 0 0
0 1 132 27 0 0
0 1 92 32 0 0
0 1 18 38 0 0
0 1 138 3 0 0
0 1 88 11 0 0
0 1 38 12 0 0
0 1 90 41 0 0
0 1 125 15 0 0
0 1 125 3 0 0
0 1 57 33 0 0
0 1 69 30 0 0
0 1 12 10 0 0
0 1 19 26 0 0
0 1 116 19 0 0
0 1 77 36 0 0
0 1 45 6 0 0
0 1 89 9 0 0
0 1 26 7 0 0
0 1 22 19 0 0
0 1 34 1 0 0
0 1 42 37 0 0
0 1 102 30 0 0
0 1 21 37 0 0
0 1 149 29 0 0
0 1 127 16 0 0
0 1 73 29 0 0
0 1 86 5 0 0
0 1 131 8 0 0
0 1 10 35 0 0
0 1 81 42 0 0
0 1 14 10 0 0
0 1 59 28 0 0
0 1 29 41 0 0
0 1 10 37 0 0
0 1 104 47 0 0
0 1 110 43 0 0
0 1 9 0 0 0
0 1 56 14 0 0
0 1 45 20 0 0
0 1 7 10 0 0
0 1 48 22 0 0
0 1 87 5 0 0
0 1 61 7 0 0
0 1 26 20 0 0
0 1 15 22 0 0
0 1 74 26 0 0
0 1 98 40 0 0
0 1 66 35 0 0
0 1 143 42 0 0
