0 1 0 27 0 0
0 1 3 12 0 0
0 1 19 3 0 0
0 1 20 37 0 0
0 1 38 8 0 0
0 1 42 6 0 0
0 1 44 17 0 0
0 1 58 29 0 0
0 1 68 36 0 0
0 1 78 41 0 0
0 1 87 31 0 0
0 1 89 14 0 0
0 1 101 28 0 0
0 1 107 48 0 0
0 1 127 22 0 0
0 1 130 21 0 0
0 1 134 18 0 0
0 1 143 23 0 0
0 1 149 32 0 0
0 1 73 32 0 0
0 1 136 8 0 0
0 1 16 42 0 0
0 1 22 10 0 0
0 1 31 46 0 0
0 1 36 46 0 0
0 1 52 44 0 0
0 1 104 32 0 0
0 1 126 13 0 0
0 1 112 24 0 0
0 1 117 22 0 0
0 1 141 22 0 0
0 1 7 28 0 0
0 1 14 8 0 0
0 1 64 43 0 0
0 1 65 6 0 0
0 1 87 24 0 0
0 1 82 40 0 0
0 1 133 19 0 0
0 1 31 23 0 0
0 1 32 1 0 0
0 1 40 24 0 0
0 1 41 8 0 0
0 1 122 27 0 0
0 1 134 41 0 0
0 1 92 42 0 0
0 1 114 49 0 0
0 1 39 16 0 0
0 1 59 49 0 0
0 1 84 42 0 0
0 1 127 31 0 0
0 1 10 28 0 0
0 1 48 44 0 0
0 1 128 48 0 0
0 1 9 45 0 0
0 1 140 29 0 0
0 1 9 45 0 0
0 1 51 42 0 0
0 1 21 5 0 0
0 1 63 7 0 0
0 1 120 45 0 0
0 1 35 32 0 0
0 1 61 43 0 0
0 1 80 0 0 0
0 1 89 25 0 0
0 1 125 14 0 0
0 1 105 41 0 0
0 1 37 21 0 0
0 1 19 36 0 0
0 1 66 17 0 0
0 1 91 34 0 0
0 1 13 33 0 0
0 1 29 3 0 0
0 1 122 10 0 0
0 1 49 25 0 0
0 1 21 35 0 0
0 1 117 16 0 0
0 1 110 4 0 0
0 1 8 12 0 0
0 1 81 4 0 0
0 1 137 11 0 0
0 1 90 5 0 0
0 1 142 14 0 0
0 1 46 33 0 0
0 1 83 26 0 0
0 1 149 0 0 0
0 1 149 0 0 0
0 1 109 1 0 0
0 1 80 20 0 0
0 1 7 12 0 0
0 1 3 4 0 0
0 1 85 11 0 0
0 1 146 9 0 0
0 1 92 46 0 0
0 1 131 38 0 0
0 1 54 37 0 0
0 1 147 38 0 0
0 1 115 19 0 0
0 1 18 5 0 0
0 1 27 16 0 0
0 1 100 2 0 0
0 1 143 49 0 0
0 1 20 7 0 0
0 1 70 25 0 0
0 1 68 40 0 0
0 1 115 9 0 0
0 1 71 30 0 0
0 1 118 3 0 0
0 1 45 20 0 0
0 1 129 18 0 0
0 1 90 18 0 0
0 1 139 21 0 0
0 1 113 27 0 0
0 1 55 1 0 0
0 1 38 34 0 0
0 1 70 49 0 0
0 1 11 5 0 0
0 1 88 5 0 0
0 1 40 15 0 0
0 1 85 35 0 0
0 1 94 17 0 0
0 1 126 10 0 0
0 1 123 39 0 0
0 1 66 16 0 0
0 1 42 26 0 0
0 1 88 42 0 0
0 1 57 45 0 0
0 1 118 11 0 0
0 1 114 32 0 0
0 1 74 48 0 0
0 1 75 24 0 0
0 1 28 9 0 0
0 1 5 24 0 0
0 1 5 2 0 0
0 1 101 19 0 0
0 1 0 28 0 0
0 1 132 37 0 0
0 1 54 19 0 0
0 1 62 42 0 0
0 1 53 20 0 0
0 1 15 24 0 0
0 1 37 35 0 0
0 1 91 26 0 0
0 1 6 38 0 0
0 1 81 28 0 0
0 1 26 8 0 0
0 1 145 7 0 0
0 1 106 21 0 0
0 1 95 0 0 0
0 1 130 16 0 0
0 1 96 17 0 0
0 1 65 0 0 0
0 1 98 48 0 0
0 1 108 43 0 0
0 1 32 39 0 0
0 1 44 46 0 0
0 1 22 36 0 0
0 1 2 31 0 0
0 1 4 40 0 0
0 1 125 45 0 0
0 1 33 4 0 0
0 1 15 44 0 0
0 1 14 34 0 0
0 1 64 6 0 0
0 1 121 43 0 0
0 1 105 46 0 0
0 1 24 41 0 0
0 1 30 39 0 0
0 1 116 0 0 0
0 1 50 25 0 0
0 1 95 38 0 0
0 1 84 18 0 0
0 1 135 27 0 0
0 1 11 47 0 0
0 1 72 37 0 0
0 1 74 3 0 0
0 1 93 2 0 0
0 1 55 36 0 0
0 1 28 47 0 0
0 1 86 30 0 0
0 1 4 18 0 0
0 1 79 23 0 0
0 1 23 48 0 0
0 1 144 3 0 0
0 1 67 21 0 0
0 1 108 7 0 0
0 1 113 49 0 0
0 1 61 29 0 0
0 1 144 46 0 0
0 1 107 13 0 0
0 1 104 23 0 0
0 1 49 17 0 0
0 1 67 35 0 0
0 1 137 12 0 0
