0 1 11 15 0 0
0 1 41 9 0 0
0 1 50 17 0 0
0 1 55 44 0 0
0 1 57 10 0 0
0 1 58 47 0 0
0 1 63 11 0 0
0 1 64 43 0 0
0 1 84 40 0 0
0 1 90 20 0 0
0 1 94 36 0 0
0 1 100 23 0 0
0 1 108 20 0 0
0 1 127 38 0 0
0 1 138 10 0 0
0 1 147 6 0 0
0 1 1 30 0 0
0 1 2 9 0 0
0 1 2 42 0 0
0 1 38 46 0 0
0 1 43 29 0 0
0 1 53 43 0 0
0 1 63 11 0 0
0 1 69 47 0 0
0 1 90 12 0 0
0 1 94 4 0 0
0 1 112 24 0 0
0 1 127 38 0 0
0 1 138 10 0 0
0 1 8 48 0 0
0 1 43 25 0 0
0 1 46 46 0 0
0 1 72 32 0 0
0 1 80 28 0 0
0 1 87 13 0 0
0 1 109 17 0 0
0 1 131 33 0 0
0 1 143 24 0 0
0 1 22 1 0 0
0 1 47 31 0 0
0 1 78 43 0 0
0 1 119 25 0 0
0 1 131 33 0 0
0 1 4 42 0 0
0 1 5 24 0 0
0 1 20 21 0 0
0 1 34 29 0 0
0 1 44 12 0 0
0 1 31 20 0 0
0 1 34 49 0 0
0 1 47 28 0 0
0 1 89 11 0 0
0 1 3 31 0 0
0 1 24 30 0 0
0 1 37 14 0 0
0 1 66 16 0 0
0 1 139 11 0 0
0 1 7 40 0 0
0 1 45 44 0 0
0 1 80 21 0 0
0 1 75 33 0 0
0 1 140 39 0 0
0 1 19 42 0 0
0 1 29 49 0 0
0 1 109 21 0 0
0 1 118 5 0 0
0 1 114 1 0 0
0 1 146 17 0 0
0 1 13 41 0 0
0 1 101 37 0 0
0 1 14 39 0 0
0 1 101 37 0 0
0 1 115 3 0 0
0 1 137 9 0 0
0 1 71 5 0 0
0 1 103 34 0 0
0 1 111 26 0 0
0 1 92 35 0 0
0 1 27 16 0 0
0 1 32 19 0 0
0 1 86 41 0 0
0 1 1 3 0 0
0 1 5 36 0 0
0 1 81 9 0 0
0 1 70 27 0 0
0 1 74 6 0 0
0 1 76 33 0 0
0 1 121 27 0 0
0 1 142 34 0 0
0 1 116 5 0 0
0 1 15 13 0 0
0 1 22 47 0 0
0 1 146 15 0 0
0 1 29 30 0 0
0 1 91 16 0 0
0 1 61 2 0 0
0 1 14 45 0 0
0 1 113 22 0 0
0 1 131 43 0 0
0 1 110 19 0 0
0 1 100 4 0 0
0 1 48 0 0 0
0 1 79 25 0 0
0 1 17 27 0 0
0 1 35 19 0 0
0 1 81 22 0 0
0 1 75 14 0 0
0 1 148 42 0 0
0 1 54 5 0 0
0 1 15 2 0 0
0 1 128 41 0 0
0 1 101 5 0 0
0 1 55 20 0 0
0 1 140 28 0 0
0 1 88 36 0 0
0 1 64 29 0 0
0 1 30 1 0 0
0 1 26 6 0 0
0 1 63 25 0 0
0 1 93 28 0 0
0 1 102 17 0 0
0 1 9 4 0 0
0 1 27 5 0 0
0 1 42 29 0 0
0 1 16 45 0 0
0 1 87 4 0 0
0 1 66 47 0 0
0 1 86 16 0 0
0 1 65 28 0 0
0 1 73 31 0 0
0 1 141 14 0 0
0 1 52 17 0 0
0 1 102 23 0 0
0 1 145 28 0 0
0 1 125 15 0 0
0 1 120 37 0 0
0 1 103 11 0 0
0 1 82 0 0 0
0 1 60 10 0 0
0 1 113 45 0 0
0 1 79 45 0 0
0 1 133 20 0 0
0 1 77 7 0 0
0 1 59 37 0 0
0 1 115 31 0 0
0 1 129 7 0 0
0 1 3 3 0 0
0 1 95 8 0 0
0 1 49 46 0 0
0 1 122 45 0 0
0 1 122 8 0 0
0 1 135 37 0 0
0 1 38 7 0 0
0 1 126 39 0 0
0 1 33 0 0 0
0 1 49 2 0 0
0 1 10 15 0 0
0 1 119 20 0 0
0 1 12 36 0 0
0 1 42 43 0 0
0 1 132 16 0 0
0 1 19 48 0 0
0 1 39 49 0 0
0 1 23 0 0 0
0 1 25 42 0 0
0 1 17 6 0 0
0 1 104 49 0 0
0 1 77 1 0 0
0 1 62 47 0 0
0 1 85 3 0 0
0 1 26 6 0 0
0 1 132 42 0 0
0 1 92 27 0 0
0 1 149 37 0 0
0 1 54 40 0 0
0 1 143 14 0 0
0 1 40 23 0 0
0 1 133 44 0 0
0 1 51 32 0 0
0 1 147 35 0 0
0 1 61 8 0 0
0 1 21 17 0 0
0 1 130 40 0 0
0 1 144 4 0 0
0 1 9 13 0 0
0 1 67 4 0 0
0 1 134 1 0 0
0 1 98 45 0 0
0 1 32 27 0 0
0 1 106 49 0 0
0 1 28 41 0 0
