0 1 23 39 0 0
0 1 35 9 0 0
0 1 64 24 0 0
0 1 69 20 0 0
0 1 73 49 0 0
0 1 74 42 0 0
0 1 77 30 0 0
0 1 78 36 0 0
0 1 87 6 0 0
0 1 93 15 0 0
0 1 109 29 0 0
0 1 110 5 0 0
0 1 121 5 0 0
0 1 121 35 0 0
0 1 122 25 0 0
0 1 126 28 0 0
0 1 129 46 0 0
0 1 131 43 0 0
0 1 3 11 0 0
0 1 22 0 0 0
0 1 31 14 0 0
0 1 44 35 0 0
0 1 66 34 0 0
0 1 101 32 0 0
0 1 128 46 0 0
0 1 130 33 0 0
0 1 9 45 0 0
0 1 19 44 0 0
0 1 28 23 0 0
0 1 114 32 0 0
0 1 19 28 0 0
0 1 112 26 0 0
0 1 142 39 0 0
0 1 20 25 0 0
0 1 25 4 0 0
0 1 48 44 0 0
0 1 48 44 0 0
0 1 55 9 0 0
0 1 80 0 0 0
0 1 90 16 0 0
0 1 92 23 0 0
0 1 107 6 0 0
0 1 48 22 0 0
0 1 31 41 0 0
0 1 15 12 0 0
0 1 34 43 0 0
0 1 59 14 0 0
0 1 62 42 0 0
0 1 119 16 0 0
0 1 62 42 0 0
0 1 52 40 0 0
0 1 89 7 0 0
0 1 44 31 0 0
0 1 124 14 0 0
0 1 111 15 0 0
0 1 139 8 0 0
0 1 4 38 0 0
0 1 8 29 0 0
0 1 76 43 0 0
0 1 24 41 0 0
0 1 56 41 0 0
0 1 60 47 0 0
0 1 64 37 0 0
0 1 66 36 0 0
0 1 106 10 0 0
0 1 102 26 0 0
0 1 120 36 0 0
0 1 138 18 0 0
0 1 1 10 0 0
0 1 38 0 0 0
0 1 83 17 0 0
0 1 23 5 0 0
0 1 53 8 0 0
0 1 131 47 0 0
0 1 90 11 0 0
0 1 72 25 0 0
0 1 74 34 0 0
0 1 19 22 0 0
0 1 116 42 0 0
0 1 99 38 0 0
0 1 149 18 0 0
0 1 57 19 0 0
0 1 94 1 0 0
0 1 136 32 0 0
0 1 91 49 0 0
0 1 65 31 0 0
0 1 21 17 0 0
0 1 68 2 0 0
0 1 143 33 0 0
0 1 109 24 0 0
0 1 36 36 0 0
0 1 4 32 0 0
0 1 118 4 0 0
0 1 61 3 0 0
0 1 117 8 0 0
0 1 136 18 0 0
0 1 5 21 0 0
0 1 53 29 0 0
0 1 32 16 0 0
0 1 104 11 0 0
0 1 82 24 0 0
0 1 12 38 0 0
0 1 45 16 0 0
0 1 98 28 0 0
0 1 127 48 0 0
0 1 71 11 0 0
0 1 149 32 0 0
0 1 41 40 0 0
0 1 144 22 0 0
0 1 65 2 0 0
0 1 99 13 0 0
0 1 33 44 0 0
0 1 50 35 0 0
0 1 58 31 0 0
0 1 88 46 0 0
0 1 113 0 0 0
0 1 119 48 0 0
0 1 110 18 0 0
0 1 118 48 0 0
0 1 60 21 0 0
0 1 13 15 0 0
0 1 133 12 0 0
0 1 12 20 0 0
0 1 3 47 0 0
0 1 18 25 0 0
0 1 116 40 0 0
0 1 101 17 0 0
0 1 127 27 0 0
0 1 37 33 0 0
0 1 145 3 0 0
0 1 79 40 0 0
0 1 15 8 0 0
0 1 89 12 0 0
0 1 84 49 0 0
0 1 112 46 0 0
0 1 6 34 0 0
0 1 25 15 0 0
0 1 47 32 0 0
0 1 42 5 0 0
0 1 11 19 0 0
0 1 132 22 0 0
0 1 76 4 0 0
0 1 102 16 0 0
0 1 115 41 0 0
0 1 36 42 0 0
0 1 40 40 0 0
0 1 63 0 0 0
0 1 6 30 0 0
0 1 94 38 0 0
0 1 86 3 0 0
0 1 67 12 0 0
0 1 120 1 0 0
0 1 130 23 0 0
0 1 80 44 0 0
0 1 57 0 0 0
0 1 7 19 0 0
0 1 72 5 0 0
0 1 75 44 0 0
0 1 17 37 0 0
0 1 81 22 0 0
0 1 92 39 0 0
0 1 27 30 0 0
0 1 37 20 0 0
0 1 49 43 0 0
0 1 5 29 0 0
0 1 147 33 0 0
0 1 133 12 0 0
0 1 144 15 0 0
0 1 54 24 0 0
0 1 14 6 0 0
0 1 52 40 0 0
0 1 26 27 0 0
0 1 70 8 0 0
0 1 93 19 0 0
0 1 82 42 0 0
0 1 97 2 0 0
0 1 11 46 0 0
0 1 87 14 0 0
0 1 113 2 0 0
0 1 124 4 0 0
0 1 143 17 0 0
0 1 147 33 0 0
0 1 75 24 0 0
0 1 20 28 0 0
0 1 27 4 0 0
0 1 86 20 0 0
0 1 51 49 0 0
0 1 100 38 0 0
0 1 61 5 0 0
0 1 125 41 0 0
0 1 55 22 0 0
0 1 84 28 0 0
0 1 71 12 0 0
0 1 134 26 0 0
0 1 14 27 0 0
0 1 35 17 0 0
0 1 49 4 0 0
