0 1 7 11 0 0
0 1 19 15 0 0
0 1 28 47 0 0
0 1 44 26 0 0
0 1 48 25 0 0
0 1 56 7 0 0
0 1 61 49 0 0
0 1 68 0 0 0
0 1 86 23 0 0
0 1 89 8 0 0
0 1 98 39 0 0
0 1 103 37 0 0
0 1 119 34 0 0
0 1 130 47 0 0
0 1 134 44 0 0
0 1 135 31 0 0
0 1 141 35 0 0
0 1 28 3 0 0
0 1 34 2 0 0
0 1 44 26 0 0
0 1 80 14 0 0
0 1 103 41 0 0
0 1 112 38 0 0
0 1 141 35 0 0
0 1 11 29 0 0
0 1 23 27 0 0
0 1 36 33 0 0
0 1 42 42 0 0
0 1 84 12 0 0
0 1 146 36 0 0
0 1 20 32 0 0
0 1 40 25 0 0
0 1 51 36 0 0
0 1 104 47 0 0
0 1 147 16 0 0
0 1 5 10 0 0
0 1 112 44 0 0
0 1 114 46 0 0
0 1 117 37 0 0
0 1 132 43 0 0
0 1 114 33 0 0
0 1 131 48 0 0
0 1 29 19 0 0
0 1 84 12 0 0
0 1 100 31 0 0
0 1 138 24 0 0
0 1 34 29 0 0
0 1 3 49 0 0
0 1 116 22 0 0
0 1 0 29 0 0
0 1 45 5 0 0
0 1 139 47 0 0
0 1 23 16 0 0
0 1 50 2 0 0
0 1 102 21 0 0
0 1 15 36 0 0
0 1 94 24 0 0
0 1 100 23 0 0
0 1 120 9 0 0
0 1 55 9 0 0
0 1 127 16 0 0
0 1 115 3 0 0
0 1 133 4 0 0
0 1 110 40 0 0
0 1 15 42 0 0
0 1 135 23 0 0
0 1 56 27 0 0
0 1 46 33 0 0
0 1 26 15 0 0
0 1 26 30 0 0
0 1 70 35 0 0
0 1 30 18 0 0
0 1 118 44 0 0
0 1 126 28 0 0
0 1 2 28 0 0
0 1 148 32 0 0
0 1 121 27 0 0
0 1 81 34 0 0
0 1 62 13 0 0
0 1 53 31 0 0
0 1 120 10 0 0
0 1 120 10 0 0
0 1 47 0 0 0
0 1 87 0 0 0
0 1 127 8 0 0
0 1 86 7 0 0
0 1 89 26 0 0
0 1 24 16 0 0
0 1 12 17 0 0
0 1 136 39 0 0
0 1 14 43 0 0
0 1 70 35 0 0
0 1 81 30 0 0
0 1 132 2 0 0
0 1 16 11 0 0
0 1 123 24 0 0
0 1 111 40 0 0
0 1 3 1 0 0
0 1 50 42 0 0
0 1 82 2 0 0
0 1 31 0 0 0
0 1 88 35 0 0
0 1 4 14 0 0
0 1 59 12 0 0
0 1 125 32 0 0
0 1 99 49 0 0
0 1 74 7 0 0
0 1 142 20 0 0
0 1 8 44 0 0
0 1 104 9 0 0
0 1 143 36 0 0
0 1 13 18 0 0
0 1 17 4 0 0
0 1 92 4 0 0
0 1 91 18 0 0
0 1 106 44 0 0
0 1 67 6 0 0
0 1 102 13 0 0
0 1 60 18 0 0
0 1 106 14 0 0
0 1 11 29 0 0
0 1 52 45 0 0
0 1 113 39 0 0
0 1 52 20 0 0
0 1 105 48 0 0
0 1 93 25 0 0
0 1 129 19 0 0
0 1 133 2 0 0
0 1 146 12 0 0
0 1 113 1 0 0
0 1 14 48 0 0
0 1 55 32 0 0
0 1 93 25 0 0
0 1 39 40 0 0
0 1 48 3 0 0
0 1 40 27 0 0
0 1 128 43 0 0
0 1 41 7 0 0
0 1 64 23 0 0
0 1 94 32 0 0
0 1 65 1 0 0
0 1 6 10 0 0
0 1 145 48 0 0
0 1 108 33 0 0
0 1 109 23 0 0
0 1 76 31 0 0
0 1 125 20 0 0
0 1 137 10 0 0
0 1 2 21 0 0
0 1 121 5 0 0
0 1 138 34 0 0
0 1 47 9 0 0
0 1 75 42 0 0
0 1 140 43 0 0
0 1 32 15 0 0
0 1 76 47 0 0
0 1 69 22 0 0
0 1 111 38 0 0
0 1 25 16 0 0
0 1 148 26 0 0
0 1 39 34 0 0
0 1 129 4 0 0
0 1 79 1 0 0
0 1 32 43 0 0
0 1 25 34 0 0
0 1 37 20 0 0
0 1 78 48 0 0
0 1 36 37 0 0
0 1 80 44 0 0
0 1 144 9 0 0
0 1 58 22 0 0
0 1 91 13 0 0
0 1 143 38 0 0
0 1 69 22 0 0
0 1 22 36 0 0
0 1 85 35 0 0
0 1 19 37 0 0
0 1 90 4 0 0
0 1 142 11 0 0
0 1 134 12 0 0
0 1 95 18 0 0
0 1 61 21 0 0
0 1 83 27 0 0
0 1 64 14 0 0
0 1 139 8 0 0
0 1 73 27 0 0
0 1 62 38 0 0
0 1 63 2 0 0
0 1 149 18 0 0
0 1 54 42 0 0
0 1 96 49 0 0
0 1 82 41 0 0
0 1 137 19 0 0
0 1 27 39 0 0
0 1 83 42 0 0
0 1 22 32 0 0
0 1 9 13 0 0
0 1 57 15 0 0
0 1 147 17 0 0
0 1 29 19 0 0
0 1 38 19 0 0
0 1 119 41 0 0
0 1 136 1 0 0
0 1 88 3 0 0
0 1 68 28 0 0
