0 1 15 35 0 0
0 1 18 42 0 0
0 1 41 37 0 0
0 1 51 27 0 0
0 1 53 22 0 0
0 1 73 29 0 0
0 1 83 3 0 0
0 1 85 0 0 0
0 1 98 42 0 0
0 1 99 25 0 0
0 1 108 23 0 0
0 1 123 49 0 0
0 1 127 32 0 0
0 1 139 38 0 0
0 1 5 27 0 0
0 1 6 40 0 0
0 1 72 27 0 0
0 1 98 42 0 0
0 1 101 4 0 0
0 1 138 29 0 0
0 1 139 38 0 0
0 1 12 36 0 0
0 1 29 28 0 0
0 1 36 26 0 0
0 1 37 12 0 0
0 1 65 9 0 0
0 1 84 24 0 0
0 1 116 12 0 0
0 1 137 7 0 0
0 1 145 16 0 0
0 1 24 22 0 0
0 1 36 29 0 0
0 1 140 21 0 0
0 1 7 34 0 0
0 1 18 43 0 0
0 1 39 19 0 0
0 1 58 43 0 0
0 1 131 5 0 0
0 1 134 41 0 0
0 1 91 49 0 0
0 1 132 29 0 0
0 1 86 45 0 0
0 1 82 18 0 0
0 1 126 15 0 0
0 1 143 31 0 0
0 1 102 23 0 0
0 1 17 27 0 0
0 1 32 4 0 0
0 1 52 30 0 0
0 1 77 33 0 0
0 1 114 46 0 0
0 1 141 5 0 0
0 1 67 31 0 0
0 1 76 43 0 0
0 1 8 49 0 0
0 1 125 19 0 0
0 1 4 3 0 0
0 1 123 47 0 0
0 1 110 23 0 0
0 1 4 3 0 0
0 1 110 23 0 0
0 1 131 35 0 0
0 1 2 18 0 0
0 1 38 22 0 0
0 1 54 7 0 0
0 1 87 2 0 0
0 1 107 15 0 0
0 1 1 42 0 0
0 1 47 41 0 0
0 1 47 37 0 0
0 1 134 7 0 0
0 1 59 22 0 0
0 1 105 2 0 0
0 1 48 1 0 0
0 1 114 8 0 0
0 1 127 32 0 0
0 1 35 36 0 0
0 1 96 25 0 0
0 1 135 21 0 0
0 1 56 22 0 0
0 1 145 7 0 0
0 1 100 11 0 0
0 1 116 1 0 0
0 1 128 37 0 0
0 1 53 3 0 0
0 1 43 14 0 0
0 1 44 11 0 0
0 1 102 38 0 0
0 1 69 31 0 0
0 1 21 4 0 0
0 1 49 15 0 0
0 1 38 39 0 0
0 1 17 21 0 0
0 1 109 27 0 0
0 1 146 45 0 0
0 1 147 47 0 0
0 1 30 13 0 0
0 1 59 28 0 0
0 1 97 11 0 0
0 1 82 37 0 0
0 1 52 30 0 0
0 1 120 8 0 0
0 1 2 25 0 0
0 1 93 17 0 0
0 1 124 17 0 0
0 1 113 0 0 0
0 1 117 46 0 0
0 1 105 5 0 0
0 1 33 13 0 0
0 1 26 41 0 0
0 1 83 49 0 0
0 1 40 45 0 0
0 1 42 23 0 0
0 1 80 25 0 0
0 1 147 30 0 0
0 1 63 4 0 0
0 1 29 11 0 0
0 1 22 21 0 0
0 1 28 8 0 0
0 1 126 9 0 0
0 1 41 28 0 0
0 1 86 14 0 0
0 1 70 26 0 0
0 1 96 46 0 0
0 1 45 32 0 0
0 1 64 10 0 0
0 1 132 9 0 0
0 1 16 44 0 0
0 1 43 26 0 0
0 1 25 12 0 0
0 1 0 39 0 0
0 1 79 40 0 0
0 1 136 32 0 0
0 1 54 14 0 0
0 1 118 0 0 0
0 1 140 3 0 0
0 1 122 2 0 0
0 1 122 2 0 0
0 1 65 48 0 0
0 1 34 6 0 0
0 1 13 19 0 0
0 1 58 9 0 0
0 1 56 4 0 0
0 1 22 21 0 0
0 1 55 24 0 0
0 1 20 18 0 0
0 1 50 15 0 0
0 1 57 45 0 0
0 1 88 16 0 0
0 1 119 41 0 0
0 1 61 13 0 0
0 1 76 46 0 0
0 1 11 36 0 0
0 1 115 17 0 0
0 1 92 17 0 0
0 1 40 11 0 0
0 1 146 8 0 0
0 1 11 20 0 0
0 1 42 39 0 0
0 1 3 17 0 0
0 1 94 47 0 0
0 1 78 24 0 0
0 1 75 49 0 0
0 1 10 20 0 0
0 1 119 9 0 0
0 1 129 37 0 0
0 1 95 44 0 0
0 1 27 10 0 0
0 1 138 6 0 0
0 1 109 18 0 0
0 1 3 33 0 0
0 1 130 47 0 0
0 1 104 47 0 0
0 1 46 6 0 0
0 1 62 44 0 0
0 1 100 40 0 0
0 1 142 1 0 0
0 1 80 30 0 0
0 1 71 10 0 0
0 1 19 5 0 0
0 1 98 30 0 0
0 1 62 29 0 0
0 1 51 36 0 0
0 1 67 13 0 0
0 1 75 44 0 0
0 1 20 40 0 0
0 1 15 3 0 0
0 1 141 44 0 0
0 1 106 22 0 0
0 1 144 0 0 0
0 1 69 12 0 0
0 1 89 39 0 0
0 1 0 31 0 0
0 1 66 43 0 0
0 1 107 35 0 0
0 1 44 33 0 0
0 1 21 21 0 0
0 1 19 6 0 0
0 1 121 11 0 0
0 1 108 32 0 0
0 1 32 20 0 0
0 1 5 25 0 0
0 1 4 7 0 0
0 1 37 38 0 0
0 1 63 39 0 0
0 1 103 10 0 0
0 1 118 35 0 0
0 1 48 29 0 0
0 1 12 35 0 0
0 1 8 35 0 0
0 1 16 45 0 0
0 1 84 23 0 0
0 1 55 8 0 0
0 1 125 37 0 0
0 1 26 24 0 0
0 1 74 12 0 0
0 1 112 46 0 0
0 1 61 1 0 0
0 1 90 36 0 0
0 1 74 13 0 0
0 1 95 0 0 0
0 1 120 48 0 0
0 1 115 39 0 0
0 1 14 10 0 0
0 1 139 48 0 0
0 1 106 48 0 0
0 1 79 33 0 0
