739	2793	200
2043	3038	200
2043	2699	200
2116	2695	200
854	3223	200
1527	3173	200
2413	2874	200
1993	2738	200
552	3286	200
2233	3436	200
466	3392	200
2399	2974	200
875	2639	200
1879	3141	200
2199	2979	200
503	2565	200
1996	2804	200
1651	3420	200
2435	2854	200
384	3305	200
293	2523	200
1291	2816	200
2047	2612	200
870	2863	200
1717	3315	200
217	2782	200
1251	2741	200
789	2786	200
1004	2766	200
412	2846	300
2048	2611	300
1471	2573	300
1289	3308	300
2246	3404	300
2101	3121	300
1827	3209	300
494	2957	300
1639	3181	300
1924	3496	300
1267	2864	300
993	2785	300
2470	2726	300
2489	3129	300
1915	2977	300
2089	3164	300
167	3311	300
359	2540	300
1525	2500	300
1865	2813	300
2229	3322	300
1640	3159	300
1641	2624	300
423	2724	300
41	3359	300
1537	2546	300
165	2505	300
1387	3213	300
1165	2664	300
591	2580	300
908	3105	400
1964	2723	400
44	2943	400
1244	2647	400
422	3046	400
1859	3155	400
265	3273	400
1347	2833	400
1469	2993	400
1795	3145	400
1348	2699	400
1339	2826	400
225	2731	400
1585	2729	400
197	2545	400
1379	2867	400
2021	2976	400
1431	3179	400
1121	2955	400
1783	3114	400
1231	2934	400
866	3248	400
526	3389	400
320	3448	400
441	3216	400
1256	3388	400
825	2558	400
1942	3279	400
890	2879	400
1338	2542	400
2095	2684	400
1357	2799	400
1433	3069	400
607	3316	400
421	3028	400
2383	2920	400
1731	2645	400
1711	3073	400
538	3231	400
2418	3214	400
917	2827	500
1823	3371	500
1359	2852	500
2231	2912	500
2182	2817	500
1864	3254	500
1519	3086	500
601	3008	500
1193	3201	500
239	2545	500
950	3269	500
1271	3066	500
2102	3368	500
826	3204	500
1212	3219	500
510	3248	500
28	3323	500
679	3242	500
1842	2986	500
530	3347	500
1654	2867	500
876	3413	500
1201	2730	500
1011	2989	500
737	2999	500
1001	2555	500
1934	3446	500
598	2612	500
2456	3243	500
2251	2748	500
215	2691	500
2062	2562	500
775	2952	500
1486	3371	600
1632	3241	600
1728	2656	600
180	2877	600
118	3123	600
1097	2643	600
1562	2689	600
1870	3167	600
32	2693	600
1323	2988	600
1680	2533	600
1636	3290	600
1023	3220	600
507	2892	600
266	3287	600
2363	2991	600
1331	2902	600
1487	2799	600
2121	2743	600
221	3397	600
1074	3461	600
148	3382	600
310	2857	600
256	3493	600
1130	3077	600
971	3450	600
2195	2923	700
228	2787	700
2044	3038	700
435	2790	700
2499	3176	700
2283	3459	700
1878	3485	700
378	2948	700
961	3278	700
2458	3309	700
614	3323	700
2208	2661	700
1879	3033	700
2129	2792	700
449	3150	700
0	2602	700
765	2507	700
600	2720	700
940	3261	700
2031	2979	700
1353	2583	700
1349	2582	700
2212	2863	700
1761	2914	700
1596	3473	700
1696	2865	700
1797	3094	700
2211	2905	700
1125	3077	700
445	3480	700
2118	2949	700
518	3231	700
141	3361	700
1004	3091	700
2154	2606	700
1114	2933	800
2480	2589	800
2272	3082	800
2297	2921	800
2014	3458	800
2166	3242	800
136	2613	800
346	3386	800
1538	3081	800
334	3151	800
441	2884	800
1416	2828	800
1998	2604	800
1421	2763	800
1003	2732	800
1338	3382	800
152	2608	800
69	2706	800
1777	2650	800
1247	3207	800
2047	3169	800
1911	3484	800
1531	2818	800
1895	3159	800
1391	2550	800
276	3478	800
1533	3430	900
434	2515	900
397	2593	900
1062	2943	900
1354	3125	900
1866	3253	900
159	2681	900
1937	3454	900
895	2569	900
471	3324	900
342	2581	900
1115	2948	900
1457	2880	900
46	3294	900
200	2520	900
1400	2876	900
464	2942	900
1705	2686	900
88	2930	900
1982	3455	900
1392	3486	900
2188	2763	900
1334	3388	900
1829	2578	900
1117	2665	900
340	3416	900
1016	2841	900
1217	3473	900
2367	3063	900
1243	2812	1000
1875	3079	1000
671	3234	1000
360	3284	1000
2230	2943	1000
246	2714	1000
2323	2817	1000
694	2881	1000
367	3474	1000
1271	2783	1000
1932	2802	1000
2038	3167	1000
2452	3204	1000
1698	3414	1000
2291	3233	1000
1136	3329	1000
1763	3144	1000
32	2519	1000
1985	2661	1000
579	3158	1000
1499	3022	1000
1313	3220	1000
821	3402	1000
2482	2805	1000
646	3040	1000
302	3327	1000
2134	3410	1000
952	2624	1000
370	3272	1000
1087	2549	1000
687	2994	1000
382	2915	1000
1005	2797	1000
2344	2919	1000
1725	3174	1000
515	2946	1000
1635	3252	1000
1854	3478	1000
1861	2580	1000
1968	3086	1100
1862	2923	1100
739	2704	1100
1158	2746	1100
1519	2722	1100
2084	3071	1100
1963	2623	1100
658	2833	1100
1166	2767	1100
2446	2667	1100
1468	3242	1100
1397	3323	1100
727	2873	1100
1956	3222	1100
1159	3338	1100
1444	3106	1100
1958	2968	1100
1277	2690	1100
298	2743	1100
2331	3164	1100
283	3440	1100
2056	2818	1100
1685	3468	1100
1977	3146	1100
2066	3431	1100
1309	2985	1100
708	2950	1100
399	3214	1100
2425	2827	1200
975	2589	1200
1125	2953	1200
793	2946	1200
2258	2829	1200
365	2877	1200
1232	2800	1200
895	2948	1200
1304	3362	1200
2022	3116	1200
621	3281	1200
1065	2504	1200
175	2586	1200
2153	2939	1200
2493	3093	1200
700	2847	1200
1319	3407	1200
37	3288	1200
889	3216	1200
357	2887	1200
2093	3117	1200
2035	2804	1200
326	2701	1200
771	3462	1200
2436	2745	1200
1488	3034	1200
962	3478	1200
16	2606	1200
572	2967	1200
1219	2769	1300
916	3107	1300
1701	3308	1300
1877	2521	1300
1514	3180	1300
1804	3045	1300
1612	2826	1300
995	2974	1300
2239	3058	1300
219	3195	1300
100	2533	1300
712	3222	1300
519	3089	1300
754	2582	1300
1825	2552	1300
305	2532	1300
949	2998	1300
19	2915	1300
1016	3345	1300
1685	3373	1300
170	2697	1300
1355	3313	1300
1617	2723	1400
2427	2681	1400
389	2510	1400
251	2536	1400
1038	3029	1400
929	3036	1400
54	3385	1400
2155	2718	1400
1006	3486	1400
922	3311	1400
1686	2555	1400
1450	3075	1400
280	3115	1400
884	3262	1400
307	3399	1400
2468	3160	1400
426	3300	1400
980	2511	1400
1535	3314	1400
1427	3200	1400
1544	2923	1500
1818	2843	1500
228	2716	1500
560	3241	1500
2424	3004	1500
539	3269	1500
512	2529	1500
916	3438	1500
509	3223	1500
2101	3295	1500
2141	3138	1500
1	2833	1500
2300	2643	1500
439	2831	1500
378	2729	1500
1257	3392	1500
2282	3414	1500
86	2579	1500
2299	3251	1500
1491	2758	1500
583	3078	1500
1234	2847	1500
404	3212	1500
400	2764	1500
1079	2662	1500
1677	3402	1500
605	3019	1500
627	3447	1500
90	2636	1500
1357	3360	1500
861	3489	1500
766	2805	1500
2189	3054	1500
256	2919	1500
1616	3480	1500
1224	2505	1500
1082	2664	1500
2076	3063	1500
1219	2933	1600
1462	3369	1600
289	3465	1600
1324	2787	1600
1623	3303	1600
1605	2776	1600
1894	2896	1600
867	2957	1600
2128	2820	1600
764	2667	1600
2324	3318	1600
1662	3490	1600
794	2832	1600
825	2828	1600
568	2907	1600
1547	3419	1600
2431	3246	1600
691	2863	1600
1246	3498	1600
1406	2527	1600
1663	3115	1600
2407	2576	1600
2260	3300	1600
1286	2915	1600
831	3075	1600
2394	3136	1600
2372	3355	1600
723	3186	1600
1213	2506	1700
257	3449	1700
2079	2625	1700
857	3337	1700
1294	3107	1700
1997	2909	1700
776	3219	1700
1397	3497	1700
1024	2703	1700
1668	3471	1700
466	2970	1700
710	2940	1700
2462	2764	1700
189	3217	1700
2479	2765	1700
1416	3488	1700
517	2602	1700
1802	2744	1700
2496	3035	1700
1406	3031	1700
926	3075	1700
692	3473	1700
2450	3489	1700
1488	2538	1700
1428	2911	1700
1085	2567	1700
1374	2933	1800
2471	2700	1800
1131	2518	1800
2330	3145	1800
30	2699	1800
525	2644	1800
654	2519	1800
192	3198	1800
653	2627	1800
377	3003	1800
1189	3168	1800
245	2598	1800
1614	3394	1800
1976	2764	1800
1992	3130	1800
540	2916	1800
2104	2663	1800
1621	3049	1800
785	3215	1800
167	3047	1800
1014	3434	1800
50	3023	1800
68	3245	1800
1082	3240	1800
1784	2724	1800
2436	3297	1800
51	3428	1800
1891	2965	1900
2424	3155	1900
1317	3008	1900
2009	2893	1900
282	2951	1900
2127	2957	1900
1378	3351	1900
1265	2939	1900
462	3042	1900
1496	2917	1900
1102	2859	1900
1204	2792	1900
114	2730	1900
934	3290	1900
350	3389	1900
2245	3039	1900
485	3098	1900
1786	3385	1900
2487	2981	1900
818	2544	1900
2473	3163	1900
1007	3206	1900
1200	3103	1900
1046	2555	1900
1994	3117	1900
1791	2863	1900
1217	3310	1900
1358	3257	1900
2184	3146	1900
1648	3053	1900
1569	3224	1900
859	3063	1900
771	2816	1900
1191	3406	1900
455	2697	1900
574	2603	1900
570	3283	2000
1923	3012	2000
2067	3139	2000
1597	2901	2000
2283	3137	2000
2190	3184	2000
2132	3425	2000
1161	2882	2000
573	3324	2000
2249	2654	2000
219	3368	2000
1505	3494	2000
1269	2974	2000
1709	3495	2000
957	2693	2000
1126	2773	2000
802	2955	2000
1647	3448	2000
1260	2765	2000
1512	3276	2000
2119	2968	2000
144	3072	2000
2179	2804	2000
1825	2601	2000
1358	2720	2000
1081	2845	2000
19	2583	2000
383	3391	2000
1162	2508	2100
1422	2812	2100
636	2606	2100
395	2653	2100
2393	2912	2100
248	3335	2100
2170	3291	2100
773	3368	2100
1225	3403	2100
2030	2898	2100
1908	3452	2100
1739	3326	2100
1103	3305	2100
2075	2837	2100
1147	3019	2100
1019	3148	2100
1771	2741	2100
2017	2883	2100
1320	3445	2100
729	3122	2100
315	2840	2200
2286	3303	2200
1815	2510	2200
2113	2596	2200
199	2667	2200
82	2749	2200
1249	3499	2200
2473	2838	2200
8	2851	2200
193	3149	2200
260	3470	2200
1430	2684	2200
2302	3001	2200
1852	3215	2200
1481	3374	2200
338	2748	2200
183	2922	2200
1621	3445	2200
1149	2994	2200
33	3243	2200
1252	2635	2200
1640	3231	2200
337	2920	2200
1321	3441	2300
1362	2756	2300
470	2817	2300
143	2556	2300
1157	2587	2300
2236	3010	2300
511	3083	2300
474	3372	2300
203	2528	2300
1856	2503	2300
1591	3290	2300
13	2703	2300
7	2763	2300
1840	2597	2300
196	2890	2300
1127	3327	2300
2302	3206	2300
476	2555	2300
2262	3447	2300
1147	3416	2300
1363	3146	2300
2211	3243	2300
896	2985	2300
2448	3095	2300
1113	3038	2400
2258	3010	2400
2311	2889	2400
101	3273	2400
1545	3362	2400
295	2761	2400
2115	3303	2400
1482	2833	2400
1585	2613	2400
346	3398	2400
150	3481	2400
2297	3042	2400
1403	2688	2400
61	2530	2400
625	2563	2400
599	3340	2400
874	2663	2400
2001	2557	2400
1259	3040	2400
387	3479	2400
62	2540	2400
294	2721	2400
2068	2556	2500
2364	2655	2500
2373	3186	2500
702	2529	2500
1713	3137	2500
1178	2776	2500
1877	3483	2500
1932	3329	2500
1620	2901	2500
1196	2618	2500
786	2847	2500
2486	2663	2500
759	3060	2500
2314	2958	2500
1116	3315	2500
2481	3355	2500
217	2963	2500
488	2777	2500
1056	3352	2500
65	3449	2500
137	3289	2500
255	3250	2600
102	3210	2600
265	2772	2600
2490	2891	2600
955	3209	2600
1699	3442	2600
597	2784	2600
869	3135	2600
2059	2678	2600
2098	2669	2600
826	2955	2600
1702	3197	2600
912	3417	2600
1024	2832	2600
2493	2563	2600
672	2822	2600
195	2754	2600
53	3276	2600
1820	2558	2600
1573	2958	2600
1765	2964	2600
2015	3143	2600
75	3053	2600
2356	2631	2600
1236	2745	2600
1292	2861	2600
1950	2537	2600
1553	2697	2700
1729	3474	2700
1874	3037	2700
2387	2738	2700
436	3403	2700
2187	3180	2700
1467	2945	2700
2490	2698	2700
1609	3368	2700
367	3201	2700
1732	3082	2700
933	2660	2700
114	3492	2700
1779	3328	2700
1994	2744	2700
163	3380	2700
926	3332	2700
2157	2839	2700
688	3258	2700
1845	3146	2700
63	3169	2700
2200	3011	2700
488	3076	2700
623	3017	2800
789	3079	2800
117	2588	2800
161	2827	2800
1755	3199	2800
70	3154	2800
642	2829	2800
1679	3393	2800
349	2970	2800
364	2773	2800
2273	3064	2800
1106	3287	2800
1832	3396	2800
281	3423	2800
1245	3039	2800
2108	2735	2800
427	3178	2800
1927	3120	2800
1092	2676	2800
674	3069	2800
1235	3041	2800
317	2782	2800
1887	2911	2800
2307	2535	2800
1068	2920	2800
1887	2852	2900
1873	3127	2900
2206	3223	2900
1723	3372	2900
2457	2581	2900
1813	2734	2900
353	3293	2900
745	2630	2900
1608	2921	2900
1506	2588	2900
94	2947	2900
2472	3319	2900
448	2750	2900
1706	3134	2900
1402	2726	2900
1088	2926	2900
547	3279	2900
193	3069	2900
1396	2617	2900
1239	2865	2900
1345	2845	2900
741	3199	3000
1909	2529	3000
1252	3100	3000
2323	2969	3000
1284	3009	3000
18	2547	3000
292	3173	3000
1723	3335	3000
1326	2519	3000
353	3348	3000
1704	2614	3000
1781	2501	3000
1716	2770	3000
2342	3112	3000
783	3489	3000
394	2866	3000
1718	3443	3100
2011	3254	3100
351	3182	3100
101	3354	3100
823	3145	3100
1682	3472	3100
96	2652	3100
352	3385	3100
407	3188	3100
608	2984	3100
1779	2584	3100
595	2824	3100
363	3446	3100
2028	2676	3100
1080	3062	3100
1419	2861	3100
2085	2543	3100
2497	2870	3100
842	2963	3100
406	2748	3100
2215	2929	3200
2069	3375	3200
521	3415	3200
819	2759	3200
635	3270	3200
116	3372	3200
2388	2638	3200
1344	2510	3200
621	3244	3200
968	2849	3200
1306	2910	3200
6	2548	3200
2430	2661	3200
2360	2916	3200
449	3085	3200
2083	3070	3200
132	3328	3200
1253	3260	3200
2344	3493	3200
2494	2950	3200
285	3463	3200
475	3225	3200
1959	2621	3300
1874	3067	3300
1258	3357	3300
1827	3295	3300
597	2759	3300
2249	2643	3300
800	3472	3300
377	3358	3300
209	3081	3300
1177	3208	3300
700	3285	3300
1108	2897	3300
490	2984	3300
1337	2861	3300
1273	3055	3300
1822	2607	3300
692	2961	3300
1153	2595	3300
2378	3408	3300
2463	2927	3300
667	2683	3300
452	3339	3300
1957	3071	3400
223	3250	3400
12	3199	3400
1963	3369	3400
356	3259	3400
1579	2510	3400
1270	3494	3400
984	3166	3400
1067	2560	3400
1425	2802	3400
1638	2954	3400
174	3016	3400
419	3147	3400
2237	3340	3400
2410	2860	3400
772	2690	3400
288	2760	3400
416	3146	3400
2470	2788	3400
2460	3342	3400
860	3298	3400
74	2576	3400
328	3054	3400
833	3187	3400
1236	2967	3400
2069	3025	3500
1301	3286	3500
2361	3066	3500
1859	3113	3500
1582	3364	3500
2439	2759	3500
1878	3281	3500
855	3393	3500
1447	2568	3500
882	2513	3500
73	2618	3500
1803	3039	3500
1904	3074	3500
1233	2879	3500
1557	2797	3500
330	3183	3500
827	3034	3500
147	3478	3500
531	2683	3500
1854	2803	3500
1724	2694	3500
1554	3080	3600
2400	3140	3600
2364	2603	3600
642	2600	3600
2103	2643	3600
296	3348	3600
745	2820	3600
2415	3457	3600
2450	3092	3600
1996	2666	3600
967	3277	3600
155	3260	3600
452	3005	3600
938	3445	3600
18	3071	3700
402	2517	3700
1694	3119	3700
925	3026	3700
408	2983	3700
665	2793	3700
1384	2593	3700
1221	3254	3700
648	3370	3700
1118	2672	3700
2241	2928	3700
232	3128	3700
187	2775	3700
1763	3471	3700
603	3114	3700
1661	2548	3700
1952	3163	3700
1565	3085	3700
1653	3311	3700
2139	3272	3700
2125	3374	3700
834	3157	3700
1568	2797	3700
1370	2717	3800
2381	2653	3800
1613	3044	3800
636	2625	3800
403	2593	3800
2136	2945	3800
1611	3223	3800
2	2893	3800
2370	2700	3800
675	3364	3800
1457	3018	3800
1038	2545	3800
2214	3179	3800
61	2516	3800
2123	3172	3800
2431	3377	3800
1844	2890	3800
806	2687	3800
1587	2977	3800
1769	2684	3800
883	2578	3800
2004	3255	3800
2438	3376	3800
14	2685	3800
1508	2932	3800
1834	2967	3800
664	3140	3900
1476	2891	3900
2285	3200	3900
567	3259	3900
1604	2698	3900
242	3003	3900
454	3319	3900
1211	3482	3900
1764	3347	3900
2333	2936	3900
2489	3287	3900
1108	2628	3900
2174	2854	3900
354	2856	3900
554	3196	3900
386	2780	3900
1666	2609	3900
1529	2664	3900
1315	2850	4000
1611	2572	4000
1516	2737	4000
439	2951	4000
1115	3466	4000
2097	2878	4000
1919	3417	4000
2312	2758	4000
2421	3264	4000
496	3336	4000
736	2693	4000
332	2869	4000
72	2934	4000
1944	3020	4000
1151	3144	4000
2341	3164	4000
1939	2594	4000
169	2743	4000
719	2728	4000
1239	2740	4000
1885	2856	4000
813	2962	4000
1035	2515	4100
1485	3259	4100
1930	2774	4100
1029	2573	4100
675	3223	4100
2103	2654	4100
295	2906	4100
728	3330	4100
2073	2954	4100
1287	2563	4100
1325	3216	4100
650	3395	4100
126	2671	4100
269	3178	4100
2183	3383	4100
641	2706	4100
288	3092	4100
67	2760	4100
453	3053	4100
1034	2628	4100
787	3061	4100
1069	3159	4100
1537	3443	4100
2420	2625	4100
385	3105	4200
784	2886	4200
577	2681	4200
844	3259	4200
551	3087	4200
1192	3254	4200
763	2943	4200
2122	2588	4200
277	3045	4200
1586	3490	4200
2455	2892	4200
1903	3317	4200
1833	2982	4200
542	3356	4200
2070	3193	4200
840	3089	4200
1807	2559	4200
795	3031	4200
2130	3391	4200
318	2886	4300
149	2848	4300
262	2698	4300
1676	2674	4300
2014	2689	4300
802	3496	4300
1371	2986	4300
1371	3439	4300
1434	3347	4300
444	3424	4300
1855	2822	4300
420	3377	4300
1441	3072	4300
879	2650	4300
372	3191	4300
2378	2646	4300
985	3359	4300
1743	3228	4300
68	2665	4300
699	2950	4300
844	2786	4400
1675	3044	4400
2011	2971	4400
1214	3154	4400
1467	2826	4400
1792	2881	4400
133	3437	4400
460	3293	4400
2228	3015	4400
2406	2521	4400
792	2528	4400
1307	3048	4400
1242	3274	4400
2166	3093	4400
1674	2880	4400
508	2627	4400
2292	3020	4400
2237	3212	4400
2145	3290	4400
944	3432	4400
1146	2781	4400
1768	3090	4400
1775	2690	4400
194	3380	4400
1442	2918	4400
233	3423	4400
2159	3322	4400
2338	2897	4400
201	2821	4400
2151	2701	4400
1563	2522	4400
333	2679	4500
734	3314	4500
698	2521	4500
2136	3370	4500
1175	2759	4500
379	2791	4500
192	2794	4500
961	2696	4500
188	2652	4500
17	2598	4500
1332	3163	4500
2326	3304	4500
1838	2597	4500
375	3055	4500
1263	3446	4500
90	3332	4500
883	2500	4500
1800	2780	4500
2310	2607	4500
781	3310	4500
2366	2810	4500
670	3271	4500
722	2651	4500
1797	2777	4500
1321	3017	4600
1980	2655	4600
2172	2562	4600
388	2656	4600
696	2695	4600
1778	2669	4600
15	2568	4600
1589	2563	4600
2382	2598	4600
6	3394	4600
779	3085	4600
1060	3097	4600
2120	3388	4600
1187	3328	4600
864	3049	4600
585	3240	4600
2357	2920	4600
2110	2534	4700
2198	2801	4700
207	2971	4700
1908	2939	4700
1097	2831	4700
275	2675	4700
1183	2913	4700
2421	3330	4700
923	3236	4700
1076	3340	4700
220	3178	4700
1689	3084	4700
1015	2977	4700
1098	2806	4700
548	2998	4700
2091	3161	4700
442	3104	4700
85	2819	4700
410	3218	4800
2485	2738	4800
849	3370	4800
758	2504	4800
1745	3064	4800
1086	3197	4800
247	3134	4800
977	3039	4800
236	2688	4800
359	2641	4800
527	2687	4800
2263	2799	4800
915	3101	4800
1423	2555	4800
394	3019	4800
1968	2629	4900
2277	3430	4900
1897	3185	4900
774	2898	4900
1183	3219	4900
1171	2858	4900
230	3389	4900
1735	3328	4900
503	2541	4900
1650	2636	4900
1901	3408	4900
1164	2501	4900
1857	2777	4900
1130	2953	4900
376	2657	4900
999	3140	5000
1746	3068	5000
1811	3083	5000
1226	2534	5000
553	2784	5000
578	3349	5000
684	3236	5000
3	2610	5000
1690	2876	5000
1588	2798	5000
467	3247	5000
656	2636	5000
1170	3461	5000
1034	3013	5000
1525	3228	5000
1290	2771	5000
1286	2583	5000
1019	3239	5000
1615	2711	5000
2114	3391	5000
829	2745	5000
1541	2846	5100
1237	2649	5100
1322	3253	5100
1293	3415	5100
2153	2737	5100
1667	3233	5100
281	3318	5100
178	2908	5100
1780	3152	5100
666	2660	5100
737	2805	5100
788	3193	5100
2396	2778	5100
2008	2837	5100
2266	3047	5100
1911	2511	5100
120	2501	5100
414	3213	5100
2311	2506	5200
2023	3111	5200
395	2606	5200
2146	2554	5200
481	2737	5200
1418	3323	5200
794	3299	5200
1526	2888	5200
612	3328	5200
2411	3388	5200
119	3401	5200
148	2542	5200
2474	3157	5200
424	2607	5200
1502	3156	5200
1981	3136	5200
2118	3160	5200
956	3228	5200
1382	2711	5200
1114	2825	5200
2051	3422	5200
1813	2872	5300
762	3096	5300
596	3131	5300
2156	3227	5300
234	3021	5300
1021	3499	5300
1924	2504	5300
1523	2524	5300
130	2947	5300
2428	2563	5300
673	3421	5300
1177	2614	5300
1810	2676	5300
1619	2961	5300
2082	3292	5300
2425	3032	5400
664	3314	5400
1498	3465	5400
1687	2738	5400
1602	3218	5400
648	2969	5400
2253	3139	5400
2264	2992	5400
849	2668	5400
2203	2519	5400
628	2633	5400
1956	3309	5400
1739	3432	5400
25	3492	5400
1593	3455	5400
1975	2744	5400
1018	3126	5400
1590	3014	5400
1942	3191	5400
1845	2904	5400
724	3062	5400
780	2615	5400
790	2985	5400
1262	2600	5500
1535	3109	5500
2234	3367	5500
2099	2889	5500
1843	3259	5500
1730	3082	5500
1368	2802	5500
1527	3433	5500
963	2871	5500
619	2729	5500
1595	2762	5500
447	2858	5500
1846	3402	5500
272	2641	5500
421	2914	5500
731	3103	5500
1064	2985	5500
373	3122	5500
1374	2975	5500
1957	2966	5600
2231	2846	5600
1726	2881	5600
1305	3320	5600
2387	3337	5600
190	3227	5600
805	3414	5600
2442	3219	5600
1151	2907	5600
9	2564	5600
253	2604	5600
341	2914	5600
127	2710	5600
2257	3073	5600
399	3444	5600
141	3400	5600
632	2971	5700
717	3363	5700
2046	2834	5700
1524	3037	5700
2176	3176	5700
2426	3404	5700
1599	3221	5700
1856	2830	5700
2117	2632	5700
590	3006	5700
2291	2749	5700
2397	2762	5700
816	3190	5700
2095	2922	5700
1295	2594	5700
1965	2771	5700
1835	2980	5700
1451	2877	5800
1420	2872	5800
243	2846	5800
103	3235	5800
762	2843	5800
1867	2751	5800
457	3131	5800
2423	3253	5800
2313	2761	5800
727	3151	5800
1194	3050	5800
1150	3132	5800
483	2765	5800
978	2627	5800
1523	3432	5800
1483	2853	5800
918	3347	5800
306	3028	5800
1014	3229	5800
1466	3450	5800
22	2966	5900
284	2856	5900
1550	2817	5900
1395	3369	5900
1062	3459	5900
1043	3221	5900
1683	3364	5900
619	3192	5900
2279	3135	5900
5	2947	5900
5	3495	5900
1154	3476	5900
221	3401	5900
706	3023	5900
884	2842	5900
1666	2576	5900
1959	2850	6000
1162	3125	6000
1811	3230	6000
374	2620	6000
1884	2680	6000
313	2832	6000
2411	3491	6000
2263	2753	6000
340	2979	6000
1337	3316	6000
985	3075	6000
713	2711	6000
398	3095	6000
2109	3400	6000
1989	3363	6100
651	3194	6100
1902	2655	6100
1876	3009	6100
2210	2620	6100
292	3227	6100
1210	2823	6100
1323	2855	6100
278	3212	6100
1398	3057	6100
299	2936	6100
1040	3136	6100
842	2782	6100
362	2511	6100
107	2570	6100
639	2881	6200
2235	2727	6200
1910	2991	6200
918	2702	6200
779	2735	6200
2274	3446	6200
1933	3296	6200
2437	2938	6200
2301	2552	6200
1316	2932	6200
2107	2962	6300
2217	3123	6300
2219	2912	6300
2234	3270	6300
2465	3324	6300
418	2616	6300
2432	3043	6300
2123	3497	6300
683	2873	6300
1705	2926	6300
1868	2796	6300
1006	3338	6300
1840	3150	6300
1497	2558	6300
943	2885	6300
2066	2964	6300
2437	3070	6300
643	3271	6300
1600	2994	6300
1987	2868	6300
1696	3005	6300
104	2556	6300
1644	3095	6300
2355	3371	6400
640	3241	6400
162	3087	6400
1792	3140	6400
2345	2928	6400
250	2820	6400
1986	3244	6400
653	3358	6400
2196	3050	6400
556	2947	6400
2447	3129	6400
2326	3164	6400
970	2916	6400
499	3265	6400
1059	3446	6400
2265	2617	6400
2160	2582	6400
2181	2803	6400
861	3239	6400
941	3373	6400
104	3104	6400
505	2891	6500
552	2992	6500
2321	2672	6500
2465	2862	6500
753	2878	6500
495	2864	6500
125	3170	6500
64	2703	6500
1398	2622	6500
1796	2708	6500
1673	3171	6500
2006	3040	6500
1610	3245	6500
95	3011	6500
732	2601	6500
814	2621	6600
461	3230	6600
1962	3361	6600
1866	2945	6600
832	2941	6600
1393	2992	6600
510	2610	6600
210	3248	6600
1100	2622	6600
121	3000	6600
195	2981	6600
1229	3072	6600
622	3033	6600
317	3041	6600
1328	2628	6600
1575	2599	6600
1925	3289	6600
1451	2793	6700
2412	2903	6700
60	3113	6700
43	3038	6700
669	2900	6700
474	2734	6700
891	3221	6700
2128	2630	6700
151	2667	6700
238	2736	6700
62	2641	6700
1846	2956	6700
2134	2768	6700
2224	3451	6700
722	2634	6700
2137	3249	6700
290	2621	6800
1157	3209	6800
190	3241	6800
118	2515	6800
2225	2784	6800
38	2875	6800
1986	2791	6800
679	3353	6800
810	2849	6800
174	2954	6800
2368	3492	6800
2010	3090	6800
1091	3033	6800
49	3360	6800
2074	3475	6800
2464	2899	6800
2449	2712	6900
1718	3026	6900
1456	3218	6900
919	2809	6900
2242	3366	6900
1168	3278	6900
42	2622	6900
1872	3455	6900
627	3205	6900
2138	2501	6900
1215	2856	6900
1571	2721	7000
951	2886	7000
1341	2834	7000
446	2682	7000
604	2704	7000
198	3065	7000
885	2579	7000
845	2614	7000
2155	3456	7000
2252	3022	7000
1088	3479	7000
911	2892	7000
2351	3378	7000
1446	2814	7000
71	3119	7100
1566	2840	7100
852	2502	7100
1552	3372	7100
914	2648	7100
1143	3185	7100
100	3203	7100
73	3378	7100
2074	3396	7100
2358	3341	7100
600	2885	7100
1610	3206	7100
1002	3260	7100
980	2721	7100
817	2850	7200
2429	2693	7200
1065	3204	7200
2469	2571	7200
939	2584	7200
1203	2544	7200
1367	3490	7200
1824	2710	7200
1990	3228	7200
237	2543	7200
1191	2861	7200
564	3067	7300
797	3284	7300
2317	2679	7300
2426	2881	7300
760	3386	7300
2218	2931	7300
525	3135	7300
902	3485	7300
1051	2908	7300
1706	3056	7300
803	3487	7300
1979	3030	7300
816	2530	7300
848	2936	7300
1048	2887	7300
1528	2717	7300
1318	3449	7300
1224	2595	7300
930	3046	7400
1031	3165	7400
2244	2895	7400
899	2970	7400
764	3093	7400
271	3333	7400
2281	3020	7400
380	3264	7400
392	3378	7400
69	2755	7400
2093	2744	7400
501	3001	7400
2352	3300	7400
154	3463	7400
1756	2827	7400
1381	2629	7500
678	2642	7500
2219	3404	7500
502	3138	7500
638	2714	7500
1179	3181	7500
2060	2898	7500
554	3252	7500
1275	2645	7500
1435	3273	7600
308	3192	7600
1366	2928	7600
99	3425	7600
1709	3006	7600
303	3351	7600
1842	3439	7600
226	3130	7600
1624	3188	7600
2341	3356	7600
391	2981	7600
2240	3296	7600
1472	2857	7600
2438	2811	7600
484	2685	7600
643	3342	7600
1633	2556	7600
2109	3361	7600
162	3009	7700
1049	2965	7700
323	3476	7700
1691	2956	7700
417	3332	7700
1577	2592	7700
450	2915	7700
2384	3088	7700
2407	2677	7700
718	2664	7700
2067	3254	7800
1052	2800	7800
2027	2924	7800
1510	3144	7800
1831	2876	7800
1497	2565	7800
1769	3007	7800
647	2612	7800
719	2944	7800
2338	2628	7800
2288	2559	7800
1534	3428	7800
264	3094	7800
1746	2891	7900
1180	3012	7900
1664	2694	7900
1790	3127	7900
1209	2871	7900
2284	2906	7900
1540	2759	7900
462	3481	7900
369	2942	7900
122	2890	7900
2287	2524	7900
2238	2978	7900
261	2972	7900
580	3057	7900
990	2558	7900
799	2636	7900
1458	2501	7900
956	2932	7900
2359	2664	7900
1767	2825	7900
211	2846	8000
1498	3314	8000
2071	2850	8000
1464	2674	8000
2461	3008	8000
2392	2733	8000
88	3057	8000
417	3247	8000
405	3124	8000
350	2753	8000
660	3040	8000
2004	3101	8000
2216	3283	8000
1507	3111	8100
616	2900	8100
2275	3202	8100
2477	2526	8100
1729	3201	8100
1759	2826	8100
1454	3365	8100
2100	3149	8100
1369	2594	8100
772	3177	8100
2061	3070	8100
2408	2739	8100
31	2777	8100
1280	2723	8200
1213	2889	8200
1726	3226	8200
2296	3499	8200
2432	3439	8200
2453	3325	8200
1366	2996	8200
1129	2730	8200
711	3162	8200
467	3476	8200
2003	2602	8200
304	3023	8200
1965	2740	8200
1916	2980	8200
358	3063	8200
60	2937	8300
536	2776	8300
893	3121	8300
1104	2775	8300
810	2705	8300
313	3336	8300
72	3099	8300
1334	3491	8300
77	3307	8300
1218	3023	8300
2240	2839	8300
634	2886	8400
1484	2808	8400
539	2674	8400
1302	2572	8400
2376	2751	8400
1503	3385	8400
650	2960	8400
1331	2509	8400
1229	3301	8400
547	3191	8400
1493	2739	8400
657	2727	8500
2491	3481	8500
1392	3064	8500
1715	2626	8500
456	3276	8500
766	2561	8500
2096	3120	8500
307	2779	8500
1036	3425	8600
1033	3366	8600
2287	2940	8600
1805	3144	8600
997	3476	8600
693	3051	8600
1280	3441	8700
1262	2886	8700
2079	3346	8700
2300	3133	8700
1179	3436	8700
684	2995	8700
881	2626	8700
2239	3312	8700
1009	2978	8700
1282	2824	8700
1472	2578	8700
1748	3263	8700
1569	2803	8700
87	2657	8700
2405	2889	8800
2365	3308	8800
83	3066	8800
1089	2875	8800
2077	3195	8800
2104	3056	8800
1628	3112	8800
2398	3341	8800
67	3306	8800
809	2694	8800
80	2589	8900
1404	3375	8900
1274	3044	8900
136	2729	8900
1620	2591	8900
1578	2579	8900
491	3274	8900
1379	2934	8900
214	3399	8900
605	3047	8900
487	3157	8900
1663	2527	8900
2294	3405	8900
1095	3268	8900
801	3352	8900
1541	2600	9000
1167	3459	9000
854	2572	9000
715	2901	9000
2235	3181	9000
914	2553	9000
1159	3486	9000
1948	2577	9000
882	2713	9000
1627	2715	9000
375	3460	9000
1574	3361	9000
2386	3002	9100
958	2909	9100
1281	3065	9100
142	3309	9100
2106	3285	9100
92	3288	9100
305	3060	9100
393	2779	9100
1694	3182	9200
2276	2983	9200
560	3237	9200
211	2658	9200
436	2928	9200
1789	3344	9200
1868	3074	9200
1945	3039	9200
2441	3217	9200
291	2989	9200
1120	3103	9200
2006	3215	9200
1882	2637	9200
1228	2818	9200
862	3017	9300
1368	3329	9300
26	2672	9300
583	2996	9300
878	2504	9300
620	2749	9300
1671	3203	9300
130	2935	9300
245	2869	9300
850	2750	9300
992	2732	9300
2266	3311	9300
809	3076	9300
2278	2875	9400
1984	3065	9400
86	3024	9400
1608	3042	9400
2140	3487	9400
1129	3490	9400
230	3488	9400
328	3427	9400
1556	2741	9400
76	2807	9400
670	3445	9400
2146	3234	9500
777	2554	9500
991	3083	9500
27	2948	9500
1356	3166	9500
282	2831	9500
978	2524	9500
1009	3162	9500
2209	2663	9500
1901	2805	9500
2320	3115	9500
1748	2724	9500
2068	3109	9600
2147	2774	9600
815	3367	9600
2088	2727	9600
2	2678	9600
1661	3394	9600
482	2520	9600
858	3487	9600
1078	2813	9600
2157	3296	9600
1895	2779	9600
1419	2905	9600
735	2590	9700
200	2849	9700
92	2675	9700
768	2584	9700
320	2918	9700
1460	2972	9700
1722	2984	9700
2150	3169	9700
996	2685	9700
1784	3406	9700
2099	3302	9800
685	2895	9800
1072	2616	9800
413	3379	9800
191	3208	9800
807	2585	9800
1594	3391	9800
97	2634	9800
16	2625	9900
1381	3269	9900
1672	3282	9900
30	3334	9900
573	3452	9900
1012	3130	9900
324	3338	9900
469	2930	9900
2362	2662	9900
647	2594	9900
272	2540	9900
686	2755	9900
1426	3260	9900
1943	2574	10000
1163	3275	10000
1278	2830	10000
613	2725	10000
1122	3069	10000
1465	2768	10000
424	2835	10000
465	2595	10000
790	3156	10000
801	3266	10000
2105	2505	10000
113	2891	10100
1348	2772	10100
1787	3280	10100
1630	2990	10100
371	2996	10100
478	3020	10100
935	3389	10100
2131	3106	10100
2142	2713	10100
2181	3224	10100
1030	3100	10100
2409	2605	10100
829	3076	10100
1470	3409	10200
786	3256	10200
533	2544	10200
622	3179	10200
544	2566	10200
2193	2673	10200
843	2592	10200
1574	3400	10200
468	3194	10300
1380	3370	10300
1384	3474	10300
798	2917	10300
543	3244	10300
1940	2960	10300
1375	2982	10300
1373	3451	10300
1670	2556	10300
1625	2962	10300
173	3225	10300
180	2506	10400
566	2802	10400
957	3413	10400
454	2564	10400
690	3418	10400
2304	2985	10400
1073	3271	10400
1632	3046	10500
1479	3241	10500
83	2783	10500
830	2959	10500
905	2547	10500
1189	3411	10500
1445	3175	10500
1015	3051	10500
2466	2842	10500
1607	2619	10500
423	2929	10500
1898	3462	10500
888	2600	10600
931	2506	10600
274	3286	10600
535	3087	10600
1278	3016	10600
239	3184	10600
654	3043	10600
164	2524	10600
1187	3028	10600
39	2617	10600
2347	2953	10600
1169	3213	10700
2205	2647	10700
947	2893	10700
855	3118	10700
2477	3042	10700
2339	2992	10700
1510	2696	10700
2001	2813	10700
2380	3464	10700
181	2815	10700
2255	2919	10700
1819	2642	10700
1616	3469	10800
2290	3415	10800
1304	2928	10800
1109	2502	10800
747	3452	10800
314	3494	10800
2306	3304	10800
2165	2561	10800
1044	2522	10800
1216	2677	10800
998	2946	10800
267	3339	10800
946	2774	10900
2230	3459	10900
1599	3139	10900
2417	2596	10900
1376	2731	10900
563	3380	10900
260	2967	10900
311	3405	10900
2356	3053	10900
381	2946	10900
668	2634	10900
2325	3127	11000
84	3233	11000
1094	2935	11000
2363	3409	11000
81	2902	11000
1409	2972	11000
1084	3183	11000
12	2971	11100
2107	3469	11100
2163	2729	11100
2058	2997	11100
1660	2988	11100
953	3325	11100
1762	3318	11100
1929	2844	11100
2207	3207	11100
1031	2993	11200
1195	3044	11200
1161	3436	11200
1798	3203	11200
2007	2688	11200
877	2604	11200
1749	3060	11200
2000	2964	11200
930	2691	11200
1626	2518	11300
243	2852	11300
1790	2638	11300
435	2906	11300
1500	2790	11300
2429	2620	11300
2055	3208	11300
517	2597	11300
1146	3022	11300
4	2944	11300
339	3464	11300
2223	2842	11300
2250	2646	11300
565	2927	11300
557	3226	11400
2052	2742	11400
2401	2591	11400
1894	3003	11400
407	3317	11400
680	3347	11400
1973	3246	11400
516	3402	11400
327	3169	11400
1881	3463	11400
89	2670	11400
1274	2605	11500
431	3404	11500
2325	2698	11500
312	3384	11500
1907	2862	11500
714	3170	11500
58	3325	11500
1450	2523	11500
822	3498	11500
2223	3262	11500
1571	2511	11500
1198	2593	11600
309	3331	11600
1907	3495	11600
1121	3381	11600
2053	3183	11600
1765	3431	11600
1096	2657	11600
1688	3444	11600
184	3002	11700
1407	3138	11700
1500	3293	11700
1588	2713	11700
1411	2702	11700
420	2725	11700
1465	2839	11700
2347	3077	11700
696	3125	11800
2012	2834	11800
863	3346	11800
1542	2529	11800
2260	2619	11800
1849	3187	11800
443	3443	11800
1346	3463	11800
567	2983	11900
1156	3437	11900
1926	3472	11900
1053	3467	11900
839	3081	11900
2403	2755	11900
500	2977	11900
2250	2810	11900
351	3109	12000
1197	3213	12000
2183	3108	12000
1672	3403	12100
2317	3354	12100
1128	3453	12100
1376	2696	12100
1468	3093	12100
2434	3288	12100
2096	2968	12100
181	2566	12100
1665	3390	12100
1592	2779	12100
623	3357	12200
458	2623	12200
604	2647	12200
513	2910	12200
106	2536	12200
1940	3499	12200
396	3487	12200
791	3031	12200
1949	2953	12200
2357	2779	12200
853	2845	12200
182	3412	12300
336	3426	12300
656	2837	12300
2054	3028	12300
41	2811	12300
1886	2932	12300
2167	3063	12300
2270	3027	12300
2336	3253	12400
1720	2925	12400
2346	3208	12400
287	3417	12400
803	2626	12400
2445	3247	12400
1204	2512	12400
2037	3435	12400
1390	3310	12400
841	2673	12400
1819	2554	12400
1395	2712	12500
1601	3384	12500
2256	2830	12500
2024	3170	12500
1645	3084	12500
1949	3277	12500
1443	3053	12500
1758	2861	12500
1133	3320	12500
1605	3270	12600
177	3176	12600
2349	3329	12600
868	3078	12600
2268	2982	12600
1277	3153	12600
501	3240	12600
1888	2638	12700
2185	2750	12700
297	3164	12700
874	2972	12700
1144	3316	12700
974	3305	12700
183	2684	12700
2444	3268	12800
657	3181	12800
365	2647	12800
1937	2659	12800
1552	2572	12800
1867	3349	12800
1668	3421	12800
1199	2652	12800
497	3385	12800
1865	3108	12800
615	2608	12800
484	3267	12800
864	3211	12800
1355	3463	12800
1289	2971	12900
1315	3363	12900
767	3015	12900
988	2679	12900
1560	2906	12900
252	3171	12900
370	2851	12900
1836	3468	12900
872	3113	13000
2279	3036	13000
2476	3048	13000
543	3281	13000
677	2566	13000
1475	2904	13000
1918	2994	13000
549	3061	13000
1022	3240	13000
385	2911	13000
358	3088	13000
960	3140	13100
906	3412	13100
1638	3016	13100
2391	3159	13100
1731	3355	13100
1905	3346	13200
1734	2959	13200
676	2614	13200
2479	2960	13200
283	2725	13200
185	3451	13200
1427	3352	13300
409	3134	13300
1806	2639	13300
138	3072	13300
316	3418	13300
1753	2753	13300
2135	2511	13300
489	3129	13400
1041	2600	13500
1378	2823	13500
1913	2604	13500
868	3030	13500
1248	3124	13500
1596	3310	13500
969	2619	13500
1536	3232	13500
455	3268	13600
495	3065	13600
1102	2948	13600
913	2586	13600
380	2750	13600
1173	3477	13600
268	3088	13600
1285	3133	13700
1452	2547	13700
2406	3015	13700
2452	3381	13700
1266	3379	13700
1967	3122	13700
1035	3080	13800
1793	2746	13800
947	3275	13800
9	3319	13800
279	3477	13800
1494	2708	13800
2451	2525	13800
785	3211	13800
808	2868	13800
2032	2567	13800
905	2589	13900
894	3044	13900
1955	2878	13900
1207	2758	13900
1026	2887	13900
2165	3396	13900
233	3047	13900
476	3343	13900
1628	2879	13900
1567	3120	13900
2261	3169	13900
461	3202	14000
717	3357	14000
1873	3453	14000
1207	2548	14000
2164	3417	14000
1587	3062	14000
812	3119	14000
611	3484	14000
254	2834	14100
1532	2531	14100
1751	3309	14100
1614	2823	14100
1231	3099	14100
1445	3418	14100
873	2618	14100
34	3473	14100
2042	2547	14200
1889	2698	14200
1404	3025	14200
1438	3132	14200
278	3395	14200
492	2605	14200
651	2746	14300
948	3167	14300
760	3384	14300
2033	3378	14300
982	2619	14300
2227	2786	14300
1461	3253	14400
1226	3337	14400
596	3366	14400
1941	2833	14400
2296	2718	14400
1240	3024	14400
2233	2882	14400
240	2792	14400
1634	3120	14400
1756	3032	14500
1747	2689	14500
903	2785	14500
1119	2565	14500
480	3023	14500
1659	2631	14500
166	3361	14500
1290	3307	14600
2040	2631	14600
720	3298	14600
1055	2508	14700
1505	2996	14700
1364	3448	14700
964	3013	14700
1684	2637	14700
1057	2505	14700
1021	2890	14800
1007	3315	14800
1882	3261	14800
293	3376	14800
751	2615	14800
698	3483	14900
750	3425	14900
99	3499	14900
1826	3442	14900
537	3333	14900
2168	2819	14900
376	3313	14900
21	2652	15000
2351	3103	15000
1808	3084	15000
2285	3387	15000
1752	2980	15000
1889	3068	15100
965	3046	15100
356	3111	15100
197	2669	15100
277	3294	15100
1424	2683	15100
2147	3320	15200
129	3096	15200
2041	2751	15200
238	2733	15200
1172	3340	15200
2191	2804	15200
321	3332	15200
1607	3300	15200
685	3133	15300
1301	2790	15300
1946	2536	15300
556	2718	15300
1359	2911	15300
1533	2856	15400
2280	2510	15400
1490	2632	15400
1415	3350	15400
1565	3150	15400
2496	3365	15400
372	3258	15400
2293	2863	15400
995	2548	15500
662	3487	15500
1028	2596	15500
1904	2796	15500
818	2565	15500
1103	3013	15500
1401	3183	15500
248	2895	15600
575	2528	15600
629	2791	15600
617	3145	15600
1063	3358	15600
1648	2546	15600
2205	2969	15700
1083	3497	15700
2397	3059	15700
1030	2635	15800
1354	2508	15800
1474	3118	15800
1532	3282	15800
411	3412	15800
994	2692	15800
1140	2671	15800
2343	2806	15800
354	3297	15800
2337	2621	15900
721	2952	15900
663	3116	15900
1333	3299	15900
1631	2853	15900
2376	2731	16000
1257	3386	16000
1054	2764	16000
986	3124	16000
1153	3449	16000
678	3462	16000
2247	2717	16000
2402	2649	16100
1744	3202	16100
710	3326	16100
1658	3315	16100
1174	3428	16100
445	2949	16100
681	2826	16200
198	2675	16200
742	3065	16200
782	2926	16200
24	2708	16200
908	2911	16200
383	2506	16200
79	3293	16300
934	2610	16300
1970	3491	16300
507	3455	16300
1749	3279	16300
2188	2815	16300
74	2673	16300
1362	2817	16400
797	3189	16400
997	3097	16400
1995	2565	16400
214	2860	16400
1186	3315	16400
538	2786	16400
156	3266	16500
414	2937	16500
322	3227	16500
944	2520	16500
1246	2719	16500
740	3104	16500
1490	3392	16600
459	2725	16600
2158	2819	16600
1810	2821	16700
1132	2844	16700
1848	2517	16800
2276	3453	16800
2280	3123	16800
1429	3007	16800
331	3382	16800
1241	2799	16800
119	3397	16800
49	2821	16800
1220	2582	16800
1346	3314	16800
979	3010	16900
1507	3202	16900
297	3030	16900
2305	2589	17000
991	3116	17000
153	2820	17000
1417	3098	17000
2226	2736	17000
1948	3340	17000
493	3339	17000
907	2599	17000
264	2777	17000
1551	2871	17100
94	2935	17100
2475	2607	17100
1782	2944	17100
891	3139	17200
2005	2579	17200
707	2944	17200
1600	3089	17200
1738	3493	17200
1272	3271	17200
1736	2800	17300
571	2794	17300
1141	3465	17300
584	2668	17400
1740	3436	17400
2005	2867	17400
1578	3024	17400
251	3059	17400
924	2639	17400
1816	3477	17400
78	3411	17400
689	2977	17400
1581	2778	17400
1222	2631	17400
329	2929	17500
418	2668	17500
300	2523	17500
1750	2866	17500
2456	3405	17500
2232	3214	17500
743	3372	17600
640	3237	17600
594	3404	17600
1678	2945	17600
258	3288	17600
1412	2626	17600
11	3275	17700
2024	2680	17700
590	2705	17700
1210	3142	17700
163	3177	17700
586	3360	17700
2464	3148	17700
645	3390	17700
1630	3154	17800
716	3294	17800
1175	2502	17800
1238	3171	17800
473	2841	17800
2087	3460	17800
1372	2538	17900
1474	2593	17900
1051	2785	17900
1140	2661	17900
301	3402	17900
2063	2578	17900
915	2987	17900
2061	2938	17900
2013	2517	18000
2469	2513	18000
55	3365	18000
2335	3292	18000
1495	3005	18000
1190	2976	18100
782	2686	18100
316	3057	18100
110	3304	18100
229	2815	18100
1481	3229	18100
2307	2691	18100
574	2655	18200
1405	3266	18200
1377	2850	18200
1380	3068	18200
1566	3116	18200
1700	2993	18200
2185	2954	18200
1308	3033	18200
989	2676	18200
1577	2838	18200
40	2599	18200
43	2508	18300
161	3450	18300
1190	3130	18300
2145	3072	18300
992	3457	18300
2484	3183	18300
2384	2507	18300
721	3422	18400
2149	2700	18400
1753	3389	18400
808	2946	18400
2361	2783	18500
1766	2941	18500
728	3264	18500
496	2832	18500
98	3287	18500
1172	2577	18500
252	3399	18500
65	2595	18500
514	2529	18600
1703	2587	18600
662	3110	18600
580	2930	18600
1182	2961	18600
942	2595	18600
851	2712	18700
1128	3127	18700
2244	2553	18700
761	2999	18700
1852	3211	18700
2207	3089	18700
880	2683	18700
1799	2717	18800
1459	2746	18800
1435	2737	18800
1521	2680	18800
8	3272	18800
2039	2789	18800
1426	3374	18800
498	2694	18800
1135	3208	18900
164	2675	18900
14	3267	18900
559	3001	18900
176	3104	18900
1399	3128	19000
2483	3185	19000
345	3485	19000
55	3163	19000
56	2806	19000
1296	3301	19000
339	3255	19000
531	3238	19000
446	2848	19100
2196	3098	19100
806	3090	19100
140	3371	19200
2419	2587	19200
1100	2551	19200
1929	2956	19200
1871	3073	19200
1105	2967	19200
1298	3038	19300
1993	3308	19300
770	2658	19300
1094	2947	19300
210	3158	19300
1171	2792	19300
280	3031	19300
1386	3367	19400
2036	3139	19400
1631	3168	19400
2169	3062	19400
231	3120	19400
887	3102	19400
1603	2754	19400
1470	2991	19500
581	2732	19500
784	3077	19500
472	3186	19600
1678	2616	19600
413	3456	19600
220	3290	19600
1603	3112	19600
1208	2994	19600
831	3359	19600
834	2543	19600
2390	2854	19600
2201	3434	19600
1656	2957	19700
1389	3045	19700
433	2794	19700
1774	2837	19700
1174	2807	19700
1584	2615	19800
892	3484	19800
2353	2830	19800
2428	3336	19800
2070	3305	19800
1475	2866	19800
2379	3073	19800
124	2939	19900
1350	2648	19900
1266	2898	19900
1936	3078	19900
429	3205	19900
1025	3387	20000
950	3176	20000
1300	3128	20000
1697	3222	20000
2403	3117	20000
807	3102	20000
1554	2975	20100
587	2689	20100
1142	2941	20100
250	2630	20100
1816	3321	20100
2414	3220	20100
660	3215	20100
291	2557	20100
1888	3433	20200
637	2660	20200
545	2987	20200
1707	3149	20200
1446	2612	20200
1572	2835	20200
931	2695	20300
1478	3269	20300
1181	3366	20300
29	2531	20300
2298	3021	20300
1974	3212	20300
1711	2748	20300
2049	2786	20300
738	2712	20400
1118	2611	20400
131	2957	20400
693	2747	20400
2037	3070	20400
1078	2557	20400
1861	3450	20400
1964	3441	20500
1039	3465	20500
665	2704	20500
1113	3354	20500
1891	2756	20500
1393	2640	20500
1058	2924	20500
606	3233	20500
1634	2968	20500
348	2518	20500
2097	2616	20600
1551	2526	20600
2117	3293	20600
1762	3062	20600
2018	3316	20600
2332	3460	20600
1455	2737	20700
977	3022	20700
756	3399	20700
1428	2852	20700
2247	3391	20700
555	3175	20800
733	2599	20800
2151	2771	20800
634	3443	20800
792	2802	20900
2410	2604	20900
1741	2835	20900
610	3079	21000
1754	2753	21000
2141	2896	21100
15	3045	21100
1896	3426	21100
1238	2650	21100
1921	2788	21100
1047	3265	21100
744	2508	21200
17	2869	21200
941	3468	21200
1489	3046	21300
1155	3189	21300
444	3134	21300
319	3261	21300
2354	3165	21300
1837	2927	21300
1681	3228	21400
2203	3325	21500
2348	2636	21500
591	2645	21500
2246	3096	21600
865	3040	21600
1645	2914	21600
983	3014	21600
837	3277	21600
1912	2837	21600
1724	3076	21700
2176	3348	21700
409	2764	21700
1931	3020	21700
1473	2566	21700
949	3095	21700
632	3199	21800
857	2534	21800
208	2951	21800
1801	2976	21800
1292	2905	21800
973	2822	21900
2445	3332	21900
1061	3186	22000
1744	3230	22000
1099	3124	22000
2478	3215	22000
1536	2915	22000
465	3148	22000
1193	3474	22100
796	2749	22100
928	3318	22100
2348	2608	22100
1849	2518	22100
105	2776	22200
680	2773	22200
2130	3469	22200
2354	3346	22200
1757	2575	22300
1156	2659	22300
705	2656	22300
1689	2914	22300
473	3345	22300
334	2873	22400
1586	3492	22500
206	2869	22500
1390	2807	22500
2350	3076	22600
2375	2574	22600
177	3138	22600
1526	3420	22600
2139	2851	22600
2125	3229	22600
1391	3210	22600
811	2748	22600
2467	3422	22700
175	2990	22700
2200	3104	22700
1761	3028	22800
2309	2651	22800
1178	2809	22900
1522	3366	22900
3	2849	22900
1636	3178	22900
1027	2966	22900
1192	2722	23000
575	2784	23000
1	2528	23000
553	2574	23000
1595	3110	23000
1235	2879	23000
2091	2865	23000
2390	2883	23000
1383	2776	23100
2275	3111	23100
903	2908	23100
504	2584	23100
749	3424	23100
592	3322	23100
2189	3406	23100
1132	2821	23100
1320	3210	23100
1449	2834	23200
1340	2859	23200
805	2752	23200
1952	2532	23200
1580	3061	23200
1902	2603	23300
81	2509	23300
111	2730	23300
1046	3126	23300
1618	3232	23300
535	2769	23400
35	2736	23400
559	3088	23400
2032	2845	23400
1914	2812	23500
1906	3237	23500
2395	3422	23500
1982	2892	23500
2380	3255	23500
50	2818	23500
667	2546	23500
108	3491	23600
1234	3256	23600
1900	2844	23600
2065	3119	23700
1124	3111	23700
1788	3369	23700
1303	2956	23700
1043	2569	23800
111	2916	23800
856	2797	23800
528	2964	23800
909	3198	23900
1139	3330	23900
361	2991	23900
468	3209	24000
1776	3266	24000
240	2512	24000
1830	2746	24000
2197	2907	24100
1126	3192	24100
400	3158	24100
1958	3498	24100
586	2799	24100
967	3174	24100
862	2682	24100
166	3079	24200
536	3182	24200
1978	3491	24200
135	2617	24200
1273	2542	24200
1817	2559	24300
46	3364	24400
1394	3172	24400
1073	3342	24400
655	2710	24400
900	3214	24500
579	2514	24500
425	2851	24500
1966	3079	24600
551	3009	24600
2278	2913	24600
2059	2630	24600
1850	3235	24700
767	2775	24700
471	2742	24800
865	2688	24800
1230	2803	24800
602	2980	24800
927	3154	24900
2187	2674	24900
2401	3123	24900
2441	2715	24900
1547	3153	24900
1747	3458	25000
709	3008	25000
1343	3443	25000
1440	2723	25100
1055	3125	25100
1501	3213	25100
451	3415	25100
537	3158	25100
2316	2902	25100
165	3161	25100
738	3032	25100
1407	2896	25200
566	2528	25200
928	3205	25200
532	3377	25200
2224	3031	25200
2110	2722	25300
1860	3393	25300
0	2897	25300
778	2999	25300
1137	2980	25300
846	3292	25300
1771	3073	25300
824	2562	25300
308	3392	25400
897	2976	25400
542	3188	25400
78	3168	25400
323	3097	25400
1875	3433	25500
2073	2667	25500
1597	3138	25600
506	2639	25600
749	2663	25600
2482	2999	25600
549	3267	25600
753	2931	25700
259	3485	25700
1333	3317	25700
966	2719	25700
836	2562	25700
1642	3344	25800
1279	2862	25800
1775	3117	25800
2018	2816	25800
2065	3268	25900
1843	3061	25900
2365	3386	25900
2222	2542	25900
687	3089	25900
1131	3297	26000
279	3114	26000
1881	2774	26000
1690	2613	26100
269	3429	26100
1758	3406	26100
386	2961	26100
2098	3392	26200
1202	2892	26200
2254	3380	26200
1824	2546	26200
558	2599	26200
735	2560	26300
2269	3475	26300
2328	2631	26300
2294	3243	26300
2454	2537	26300
1460	3220	26400
824	2570	26400
1074	3276	26500
2255	2885	26500
871	3277	26500
2444	3026	26500
2459	2808	26600
1325	2614	26600
390	3123	26700
509	2900	26700
1066	3384	26700
1265	3344	26700
2215	3087	26800
1199	3482	26800
274	2965	26900
923	2995	26900
541	3379	26900
2342	3427	26900
170	3238	26900
2124	3379	27000
2124	3456	27100
1360	3129	27100
1807	3267	27100
232	3082	27200
875	2618	27200
1969	2796	27200
138	3476	27200
1253	2537	27200
732	3341	27300
1641	2865	27300
93	2623	27400
1025	2651	27400
342	3244	27400
1350	2659	27400
2371	3481	27400
2031	2806	27400
401	3371	27500
360	2658	27500
682	2627	27500
1548	2598	27500
64	3074	27500
113	2668	27600
1260	3236	27600
1499	2781	27600
1557	2984	27600
820	2912	27700
1760	2982	27700
1669	2999	27700
1892	3159	27700
2253	3221	27800
958	2874	27800
2248	2730	27800
2396	2725	27800
2460	3271	27800
588	3148	27800
1184	2657	27800
1760	2853	27900
123	2544	27900
813	3068	28000
1341	2757	28000
2248	3099	28000
1091	2884	28000
2466	3262	28000
51	2807	28000
246	3364	28100
1418	2974	28100
1591	2520	28100
1853	3321	28100
1691	3102	28100
1847	3054	28100
1619	2780	28100
2308	2923	28200
1294	3438	28200
47	2976	28200
1480	3285	28200
1979	3304	28200
1222	2741	28200
422	3231	28200
1683	2714	28300
659	3472	28300
1310	2931	28300
125	2680	28300
2292	3490	28300
598	3343	28300
1000	2958	28300
2334	2757	28400
524	2749	28400
1332	3171	28400
140	3297	28500
671	3369	28500
345	3329	28500
2077	3368	28500
303	3333	28500
121	2763	28500
759	2690	28500
48	3320	28600
1155	2515	28600
2497	2624	28600
1067	3324	28700
212	2545	28700
1000	2525	28700
176	2950	28700
726	3294	28800
2449	2852	28900
1733	3394	28900
1429	3461	28900
740	3011	28900
216	2666	29000
937	3009	29100
20	3093	29100
1194	3098	29100
624	3136	29100
1456	3250	29200
1710	3454	29200
102	2550	29200
1950	2811	29200
107	3091	29200
2264	2640	29300
1721	2647	29300
196	3429	29300
1436	3114	29300
1295	2818	29300
1947	2673	29300
2349	3485	29400
469	3051	29400
888	2829	29500
2002	2767	29500
2313	3358	29500
213	3196	29500
804	2945	29600
614	3299	29600
52	2930	29600
1288	2525	29600
1351	3185	29700
131	2790	29700
1521	3036	29700
325	2898	29700
1322	2784	29800
371	2997	29800
1800	2961	29800
1917	2756	29900
42	3057	29900
1809	2605	30000
869	2572	30000
1699	2859	30000
871	3435	30000
1971	2701	30000
1955	2502	30100
396	2930	30100
2129	2512	30100
1364	2666	30100
2353	2503	30200
204	3034	30200
2398	2608	30300
1462	3234	30400
901	2923	30400
408	2795	30400
593	2950	30500
1962	3400	30500
1997	2827	30500
1302	2648	30500
736	2831	30500
532	3247	30500
87	2949	30500
1049	2674	30600
1818	3096	30600
2048	3195	30700
419	2773	30700
2131	2686	30700
112	3205	30700
2415	3178	30700
2016	3380	30700
788	3013	30700
2488	2507	30700
2358	2601	30700
2105	3339	30700
1478	2629	30800
128	2577	30800
1483	2732	30800
2162	2582	30800
1906	2757	30900
2462	3488	30900
1841	2984	30900
555	3418	30900
570	3187	30900
1330	2896	31000
1876	2534	31100
2252	2781	31100
2422	3129	31200
1018	2594	31200
904	2719	31300
1738	2919	31300
718	2883	31300
1314	3470	31300
1725	3232	31300
1710	3295	31400
1515	2860	31400
2468	2949	31400
1272	3342	31400
2019	3094	31400
1214	2775	31500
589	3007	31500
2159	2789	31500
843	3258	31500
561	2545	31600
1509	2610	31600
1737	3056	31600
1071	3181	31700
1745	2876	31700
697	2781	31700
2020	2650	31700
1017	3479	31700
2081	2870	31700
77	2532	31700
1679	3118	31800
2269	3396	31800
592	2537	31800
1324	2716	31900
2385	2791	31900
1240	2579	31900
529	2705	31900
1288	2835	31900
1449	2670	32000
2177	2969	32000
774	2990	32000
205	2526	32000
1946	3059	32000
582	3265	32000
1330	3284	32100
1058	2910	32100
2016	2755	32100
520	3247	32100
1001	3126	32100
2054	2676	32100
152	2525	32100
1954	2502	32200
2377	2949	32200
2367	2694	32200
2495	2507	32300
1486	3297	32400
2315	3029	32400
889	2884	32400
324	2773	32400
917	2909	32500
1700	3165	32500
1880	2801	32500
1143	3384	32500
202	2935	32500
479	2567	32500
2161	2868	32500
1857	3094	32500
744	3125	32600
546	3189	32600
1890	3050	32600
1060	3301	32600
1922	2683	32700
2175	3458	32700
1991	2610	32700
1202	3455	32700
1938	2857	32700
952	3410	32700
311	3316	32700
946	3320	32700
1947	3186	32700
1742	3403	32800
2268	2577	32800
1502	2691	32800
149	2682	32900
1980	3280	32900
1777	2677	32900
2355	3145	33000
1489	2983	33000
343	3394	33000
1976	3413	33000
2366	2646	33000
1096	2835	33000
10	2767	33100
1676	2790	33100
1646	3376	33100
1388	2739	33100
487	2543	33200
972	2932	33200
2133	3160	33300
1899	2547	33400
2303	2843	33400
153	2630	33400
2271	2627	33400
1671	3492	33400
1686	3343	33400
1643	3232	33400
1275	3462	33400
57	3109	33500
1534	2807	33500
434	2909	33600
1604	3025	33600
578	2751	33600
1562	2801	33600
1660	2855	33600
363	2982	33600
1297	2909	33700
2290	3185	33700
13	3336	33700
1898	2724	33700
2405	2575	33800
1307	2893	33800
1920	2910	33800
1173	3475	33800
2087	3055	33800
1250	2906	33900
1245	2692	33900
1539	2639	33900
1076	3395	33900
2015	2666	33900
765	3088	33900
1755	3067	34000
1701	2640	34000
649	3180	34000
286	2586	34000
1205	3233	34000
1227	3010	34200
2217	3472	34200
2062	2673	34200
925	3238	34300
126	2686	34300
1369	3126	34300
276	3252	34300
373	3431	34300
139	2721	34400
1053	3003	34400
2374	3143	34500
1385	2739	34500
2498	3444	34500
965	3453	34600
661	3182	34700
432	2638	34700
440	2708	34700
633	2903	34700
1287	3299	34800
1276	3413	34800
1933	2780	34800
2339	2632	34900
747	2705	34900
1778	3179	34900
993	3479	34900
972	3115	34900
1314	3210	34900
1828	2575	34900
2377	2716	35000
296	3176	35000
1767	3086	35100
1550	2756	35100
447	3326	35100
1975	3117	35100
641	3035	35100
2039	3322	35100
1316	3115	35100
751	2963	35100
2156	3173	35200
275	3006	35200
1847	3112	35200
514	2975	35300
2369	2649	35300
1687	3337	35300
635	3367	35300
1698	3426	35300
300	3322	35300
2023	3214	35400
2478	3211	35400
1145	2794	35500
179	3360	35500
1673	3258	35500
2335	2944	35500
1363	3373	35500
827	2721	35500
460	3386	35600
932	3003	35600
576	3421	35600
1099	3388	35600
904	3301	35600
2481	2576	35600
1639	3367	35700
1276	2882	35700
2259	3043	35700
108	2968	35700
2050	2662	35700
1220	3054	35700
1305	3478	35700
2458	2823	35800
482	3495	35800
1042	2693	35800
182	2551	35800
459	2778	35800
481	3083	35900
1255	2988	35900
996	3267	35900
1133	2903	35900
1530	3157	36000
237	3460	36100
1572	3341	36100
1382	2507	36100
294	2538	36100
1580	2535	36100
1414	2766	36100
644	3382	36200
1530	2543	36200
66	2516	36300
1008	3272	36300
2399	3203	36400
1012	2876	36400
933	3457	36400
216	3143	36400
1221	3470	36500
1513	2586	36500
1448	3265	36500
2277	3470	36600
587	2921	36600
1573	2500	36600
1430	2922	36600
704	3400	36700
1920	3317	36700
427	3097	36700
2108	3475	36700
2334	2681	36800
20	2678	36800
2020	3101	36800
913	2990	36900
885	2867	36900
508	2908	36900
215	3156	36900
2116	2809	37000
2036	3221	37000
504	3424	37000
697	3022	37000
833	2723	37000
564	2825	37100
1420	2734	37100
343	2548	37100
1704	3147	37100
2173	2888	37100
344	2897	37100
1918	3094	37100
2201	3229	37100
2379	3017	37100
2454	3359	37100
546	3080	37200
1772	2775	37200
392	2702	37200
1087	3108	37200
2178	2518	37300
2417	3425	37300
1969	3090	37300
1343	2546	37400
2057	2895	37400
1148	2935	37400
2267	3301	37400
1988	2605	37400
631	2756	37500
2369	3010	37500
1880	3331	37500
1408	2941	37500
151	3278	37500
2416	3274	37500
1233	3343	37500
1335	2780	37500
668	3156	37500
28	3299	37600
2271	2761	37600
986	2916	37600
1528	2691	37600
1883	3081	37700
505	3266	37800
432	3433	37800
1389	2568	37800
489	3287	37800
1717	3399	37800
437	2739	37800
1075	2912	37900
919	2695	37900
2312	3323	37900
2259	2519	37900
1448	3075	37900
2304	3156	37900
1410	2872	38000
2373	3237	38000
2003	2778	38000
1372	3034	38000
937	3210	38100
70	3107	38100
1408	2791	38100
1651	2888	38100
2331	3051	38100
1581	3383	38100
1863	3260	38100
982	3300	38100
1197	3390	38200
1306	3058	38200
1473	3279	38300
2288	3473	38300
1773	2936	38300
959	2574	38400
2057	3194	38400
1101	3180	38400
1896	3184	38400
2392	2736	38400
2362	3188	38400
1415	3376	38400
1953	2575	38500
1787	2840	38500
1300	3116	38500
1496	3151	38500
907	2821	38500
701	3378	38600
1913	2755	38600
387	2688	38600
2028	3055	38600
1122	2938	38600
1972	3160	38700
585	3431	38700
457	2695	38800
1735	3411	38800
1669	3114	38800
688	2707	38800
1138	3002	38800
669	2697	38900
2058	3204	38900
1780	3496	38900
1185	3339	38900
851	3032	39000
1826	2859	39000
811	2922	39000
1863	2601	39000
1247	2810	39000
534	2615	39000
518	3428	39000
2459	3194	39100
1598	2874	39100
27	2591	39100
1400	3147	39100
2487	2754	39100
2374	2728	39100
1098	2609	39100
791	3061	39100
1351	2581	39200
899	3008	39200
486	2743	39200
2229	2523	39200
1230	3224	39300
1973	3377	39400
2081	3310	39400
860	2904	39400
2034	3331	39500
2060	2709	39500
1954	2598	39500
2154	3165	39600
2305	3474	39700
206	2974	39700
1047	2841	39700
637	2934	39800
2085	2841	39800
1244	3127	39900
1112	2939	39900
714	2680	39900
290	3109	40000
513	3110	40000
666	3097	40000
2494	3011	40000
1405	3352	40100
2272	3128	40100
1107	3467	40100
708	2774	40200
1342	2538	40300
289	2657	40400
1860	3118	40400
1650	3265	40400
145	3239	40400
1971	2559	40400
572	3445	40400
2178	3187	40500
1815	2569	40500
2451	2608	40500
921	2561	40500
1987	2601	40500
1299	2574	40600
1482	2678	40600
1261	3417	40600
1841	2814	40600
76	3428	40600
209	2514	40700
839	3168	40700
1308	3141	40700
2352	3232	40800
415	3381	40800
144	2853	40800
877	2719	40800
1138	2766	40800
412	2658	40900
734	3280	40900
1441	3482	40900
534	2538	41000
325	2705	41000
989	2972	41000
1822	3313	41000
938	3049	41000
529	2849	41100
1124	3202	41200
2090	2743	41200
1736	3453	41300
96	2917	41300
1106	3216	41300
1951	3033	41300
1684	3489	41300
2495	2711	41300
1833	2732	41400
2289	3355	41400
2284	3426	41500
218	2813	41500
1568	3296	41500
2013	3199	41600
1560	2761	41600
374	3167	41600
1298	2517	41700
2416	2767	41700
1340	2591	41700
1403	3479	41700
2106	2702	41800
1844	2960	41800
347	2544	41800
7	2885	41800
922	2998	41800
836	2771	41800
715	2629	41900
1056	2812	41900
1270	2996	41900
1520	2864	41900
1715	3059	41900
1208	2964	41900
576	3471	42000
137	2937	42100
1884	3170	42100
2064	2622	42100
1644	2816	42100
2017	3187	42100
1013	2634	42100
398	2567	42100
743	3155	42200
1612	2742	42200
2420	3234	42300
610	3433	42300
1520	3274	42300
1869	2575	42300
2368	2867	42400
1188	2868	42400
954	3274	42500
364	3192	42500
981	2931	42600
390	2591	42600
2221	3004	42700
241	3262	42700
988	2699	42800
682	3456	42800
731	2735	42800
2194	3383	42800
1141	2787	42900
1459	2587	42900
1145	3198	42900
2012	2874	42900
2413	3234	42900
1713	3459	42900
1089	2913	42900
361	3018	42900
690	3175	42900
2121	2958	42900
2041	3349	43000
2228	2632	43000
703	2908	43000
1201	2858	43000
544	2815	43000
2320	2607	43000
723	3237	43100
1903	3412	43100
1279	3324	43200
205	2871	43200
189	2715	43200
1517	3017	43300
1258	3119	43300
1905	2766	43300
2446	3437	43300
909	2794	43300
335	3449	43300
1836	3373	43300
133	3048	43400
1339	2742	43400
124	2882	43400
1992	3042	43400
1559	3321	43400
2270	3161	43400
725	3415	43500
1714	3090	43500
2161	2716	43500
1464	2658	43600
1455	3302	43600
1564	2997	43600
1559	3395	43600
1584	2517	43600
2027	2910	43700
1759	2742	43700
1438	3052	43700
1814	2520	43700
969	2623	43800
951	2712	43800
927	2573	43800
2009	2678	43800
1674	3195	43800
906	3481	43800
1255	2855	43800
213	2708	43800
841	2570	43800
2193	3355	43800
2289	2645	43800
2198	2638	44000
1984	3452	44000
522	2783	44000
2140	3110	44000
301	2844	44000
1885	2810	44000
329	3087	44100
254	2554	44100
971	2580	44100
2389	3160	44100
886	2800	44300
1412	3059	44300
1011	2557	44300
1268	3077	44400
1196	3395	44400
145	3489	44400
756	2711	44400
606	2526	44500
1394	3497	44500
327	2612	44500
1387	2734	44500
960	3280	44600
1386	3294	44600
255	3218	44700
1582	2727	44700
1890	3353	44700
244	3024	44700
2273	3052	44700
1223	3424	44700
1728	3195	44800
695	3412	44800
1802	2624	44800
2303	2503	44900
1564	3204	44900
565	3291	45000
1730	3128	45000
1515	3365	45000
36	2797	45100
2483	3466	45200
2144	3166	45200
896	2552	45200
1112	3452	45300
2114	2889	45300
1989	2586	45400
1242	3344	45400
2175	3331	45400
433	2672	45400
1436	2926	45400
1646	3408	45400
1629	3441	45400
2389	3313	45400
2448	2567	45400
207	2722	45500
1720	3349	45500
310	2958	45500
1871	2741	45500
1517	3441	45600
863	2757	45600
273	2864	45600
761	2805	45600
2216	3108	45600
493	3225	45600
1310	2878	45700
973	3110	45700
966	3498	45700
615	2525	45700
1373	3206	45700
312	3398	45800
2078	2897	45800
494	2560	45900
57	2621	45900
2286	3218	46000
1602	3250	46000
1583	3467	46000
212	3442	46000
326	2771	46000
720	2998	46000
1642	3083	46100
1083	3172	46100
1411	2765	46100
194	3051	46100
1743	2500	46100
1345	3149	46100
2172	2570	46100
1625	2634	46200
748	3030	46200
1069	2973	46200
1072	2878	46300
798	3151	46300
11	3437	46400
1703	2895	46400
79	3348	46400
1727	3288	46400
822	2719	46400
158	2860	46400
173	3002	46400
1647	2666	46500
1664	3431	46500
2064	3172	46600
1423	3359	46600
1594	3469	46600
770	3180	46700
1269	3203	46700
1972	3313	46800
1250	3236	46900
1203	3074	46900
1170	3276	46900
890	3408	47000
1897	2581	47100
82	2871	47100
1524	2894	47200
848	3405	47200
48	2903	47300
613	3350	47300
1005	3296	47300
1681	2500	47300
406	3182	47300
741	3438	47500
2330	2836	47500
832	2880	47500
1938	2578	47500
2261	3034	47500
1251	3011	47500
2242	3131	47600
955	2648	47600
1750	3019	47600
2306	3030	47700
262	2962	47800
867	2679	47800
1855	3058	47800
23	3318	47800
964	2509	47800
147	2697	47800
156	3200	47900
850	2832	47900
2433	2526	47900
1665	3014	47900
1926	2901	48000
695	2551	48000
1848	2615	48000
1186	2973	48000
1317	2700	48100
438	2981	48100
1166	3004	48200
332	3172	48200
1531	2814	48200
1216	3258	48200
1144	3405	48200
939	3424	48300
2418	3444	48300
1110	2670	48300
502	2896	48400
709	3192	48500
1925	2937	48500
1261	3436	48600
1990	2559	48600
1185	2766	48600
582	2841	48700
515	2716	48700
777	2642	48700
1831	2581	48800
450	2953	48900
1163	3437	48900
322	3025	48900
1740	2882	48900
968	2864	48900
1263	3460	48900
1137	3390	48900
1721	2800	49000
676	3147	49000
178	3457	49000
249	3067	49100
2177	2931	49100
2051	3444	49200
2102	2611	49200
1655	2857	49200
122	3411	49300
757	3239	49300
2343	3292	49300
880	3096	49400
1169	2655	49500
658	2880	49500
1803	3052	49500
1268	2682	49600
594	3351	49600
2388	2801	49600
2221	2767	49600
1579	2874	49700
758	3442	49700
2371	3317	49800
1254	3126	49800
2162	3054	49800
2257	3174	50000
1675	3292	50000
184	2672	50100
2408	2812	50100
519	2813	50200
713	2677	50200
227	2873	50300
1057	3387	50300
2111	3235	50400
2083	2583	50400
1188	3345	50400
522	2801	50500
287	3413	50600
584	2717	50700
1702	3414	50700
898	3124	50700
577	3161	50800
483	2702	50900
1830	3194	50900
89	3373	50900
1223	3482	51000
1783	2512	51100
2170	3166	51200
71	3357	51200
1383	2840	51200
768	3220	51200
132	3382	51200
1466	2580	51300
599	3411	51300
2427	2656	51400
2499	3348	51500
631	2965	51600
530	2669	51600
2135	3484	51600
1522	3131	51700
492	3122	51700
611	2649	51800
286	2990	51800
431	3226	51900
2262	3205	51900
629	3466	52000
1068	3161	52000
2498	3451	52000
1461	2830	52100
897	2988	52100
936	2887	52100
1832	3423	52100
1042	2873	52200
1211	3134	52200
224	3252	52200
2222	2844	52300
1377	2809	52500
630	2814	52500
998	3465	52500
2372	3019	52500
1095	3174	52600
663	3344	52600
748	3304	52600
781	2505	52600
830	2653	52700
994	3130	52700
1936	3312	52800
1549	3142	52900
940	2637	52900
617	3118	53000
1064	2552	53000
1862	3219	53100
1899	3071	53100
1768	2703	53100
677	3464	53100
943	3307	53100
1553	2808	53200
541	3006	53200
512	2975	53300
1154	3084	53300
105	2809	53400
1107	3284	53400
1576	2814	53400
319	3257	53500
624	3014	53600
2238	3056	53700
1649	3331	53800
1935	2860	53800
981	2616	53900
2143	2753	53900
1494	3196	53900
35	2733	54000
2434	2675	54000
2120	3498	54000
976	3137	54100
924	2618	54100
1248	3175	54100
921	3423	54100
1033	3363	54200
63	3041	54200
158	2857	54300
337	2865	54300
247	3482	54500
338	2549	54500
1495	2570	54500
1484	2553	54600
2226	2733	54600
2208	2887	54600
2186	3251	54700
203	2893	54700
1923	3148	54700
2046	2554	54800
1329	3137	54800
1817	3035	54800
705	2611	54900
815	3270	54900
755	3239	55000
603	3377	55100
1688	3289	55200
1409	3055	55200
987	3071	55300
1342	3105	55400
333	2965	55400
2346	3029	55400
1442	2884	55400
33	3149	55500
2256	2843	55600
527	2541	55600
2474	2922	55600
571	3198	55700
1037	3107	55800
999	3270	55800
912	2727	55800
336	3179	55900
1296	3084	56000
1414	3091	56100
2206	2900	56200
330	2966	56300
1870	2588	56300
681	2969	56500
511	2704	56600
1469	2925	56600
1123	3024	56600
1447	3045	56600
1160	3477	56600
241	2842	56600
2030	2709	56700
626	3198	56800
368	3245	56800
795	2527	57200
1617	2966	57300
1643	2943	57400
2386	3225	57400
1010	2829	57500
1168	2696	57500
840	3207	57600
109	2956	57600
1206	3048	57700
1951	3141	57700
2412	2937	57800
227	2988	57800
1509	3248	57800
2301	2868	57800
920	2763	57900
778	3246	58000
185	3206	58000
742	3495	58100
1152	2713	58100
75	3013	58100
1659	2628	58100
168	3390	58100
1795	2836	58200
415	2736	58200
1613	3450	58200
616	2808	58300
1785	2829	58500
112	3447	58500
1361	3162	58600
2218	3066	58700
524	2622	58700
52	2551	58700
1789	2783	58800
2318	3448	58900
1829	3035	58900
1737	2978	59000
226	2692	59100
1516	2877	59200
1399	3004	59200
1079	3418	59400
2071	2573	59500
382	3174	59600
2202	2533	59600
231	2792	59600
116	3280	59700
1008	2851	59700
1264	3335	59800
639	2848	59900
1558	3212	59900
1549	2823	60100
2332	3157	60100
2148	3312	60300
463	2973	60300
673	3471	60400
608	3327	60400
2484	2854	60400
267	3225	60400
2174	3070	60500
26	3275	60600
117	3167	60600
819	3142	60600
22	2883	60600
271	2714	60700
202	3248	60700
2190	3496	60800
1851	3158	61000
1766	2880	61200
2148	3078	61300
1417	3275	61400
2485	2569	61400
1838	3350	61400
1090	2552	61500
2299	3467	61600
1910	3409	61700
1921	2726	61700
1476	3068	61800
2309	3352	61800
2400	3082	61800
589	3461	61900
2126	2936	62000
38	2913	62000
2199	3416	62000
284	2894	62000
98	3217	62100
34	3307	62200
2163	2859	62400
2453	2700	62400
1545	2504	62600
21	2917	62600
1249	2765	62800
10	2872	62900
1561	2541	62900
1421	3279	62900
2455	3151	63000
1770	2542	63000
53	3440	63100
314	3078	63200
429	3447	63200
1821	3335	63300
1804	2568	63600
2167	2952	63700
2052	3273	63700
1116	3272	63700
1029	2836	63800
2194	2789	64000
2137	3261	64000
959	2843	64400
1538	3190	64400
135	2842	64400
463	2527	64400
1329	3393	64500
2409	3122	64600
845	3442	64700
1149	3283	64700
1085	3462	64700
1606	3136	65000
638	3333	65200
1961	2633	65300
2393	2649	65300
773	3494	65300
1916	3224	65300
612	2853	65500
448	2696	65600
1501	3289	65700
569	3484	65800
1267	2652	65900
780	3041	66000
475	3092	66200
2443	3060	66300
846	2866	66300
1653	3047	66500
548	3298	66600
2082	2576	66700
838	3289	67000
1682	3284	67000
2394	2770	67000
1821	2903	67100
1540	2954	67200
1589	2703	67200
898	3419	67200
1048	2686	67200
2476	3098	67300
1970	3056	67300
2327	3106	67300
410	3250	67400
2383	2681	67500
694	2848	67700
2329	3309	67700
352	2536	67700
1945	3043	67700
646	2561	67700
160	3434	67800
1558	3246	67800
1195	2580	67900
497	2762	68000
1776	3200	68100
932	2533	68100
1136	2941	68300
56	2979	68300
1105	3207	68300
1063	2761	68400
1485	2983	68500
2034	3458	68600
645	3014	68700
1592	2562	68800
366	2855	69100
2038	2951	69300
187	3015	69300
2182	3273	69500
1327	3197	69500
2050	2541	69500
1360	3448	69500
1471	3363	69700
1624	3421	69700
1313	2584	69700
823	2836	69900
404	3246	70300
29	2927	70500
948	2620	70500
1176	3137	70500
2179	3171	70600
389	2997	70800
1311	2687	70800
257	3012	70900
689	3060	71100
1693	3121	71200
146	2955	71300
2204	3162	71400
159	3048	71600
953	3043	71600
411	2796	71700
1692	2564	71700
1716	3360	71800
787	3231	71900
430	3175	72000
1853	3477	72100
1508	3341	72200
2007	2754	72300
1283	2569	72500
2168	3092	72500
607	3406	72600
1966	3458	72700
652	2733	72700
1563	2606	72700
1796	3196	72800
59	3327	72900
1983	2557	72900
369	2596	73100
879	2824	73200
1463	3393	73300
2318	2781	73300
31	2745	73500
1593	3162	73500
1181	3131	73600
1111	2845	74100
1259	3447	74100
817	3438	74200
236	3407	74400
1978	2858	74500
224	3196	74800
2115	2635	75000
2385	3466	75300
2439	3142	75700
983	3451	75700
837	2549	75900
1543	3374	76100
1814	3432	76200
109	3224	76200
1514	2679	76400
1052	2921	76400
602	2770	76500
847	2585	76500
878	2955	76800
2150	3041	76900
490	3106	77200
2443	2532	77200
2210	3004	77900
1615	3240	77900
1480	2847	78000
397	2970	78100
1883	3168	78100
1134	3249	78300
1111	2959	78600
1543	3229	78700
1692	3319	79100
368	2665	79200
456	3440	79300
425	3001	79700
179	2770	79800
2149	3064	79900
1670	3345	79900
103	2714	80100
268	3422	80400
752	2617	80400
936	2540	80500
2184	3091	80500
218	3383	80600
2435	2883	80700
1142	2656	80900
199	3278	80900
2113	3236	80900
485	3242	81000
812	3357	81200
1657	3113	81200
479	2904	81200
266	2626	81300
754	3112	81500
391	2754	81600
1410	2689	81800
783	2839	81800
1943	2751	82100
477	3085	82100
1542	3105	82300
1850	2682	82800
39	3298	83000
2336	3016	83200
2345	3362	83200
1002	2537	83300
1786	2762	83400
1431	2669	83500
1077	2588	83800
659	2901	84200
2282	3358	84200
1120	2735	84200
1708	2899	84400
920	2720	84500
2370	3064	84900
2225	2758	85000
2173	2979	85100
1722	3106	85200
1291	3095	85400
2171	3222	85700
2186	3362	85900
716	3036	86400
1327	2752	86700
2158	3092	86700
186	2951	86800
263	3291	87000
1834	2745	87200
1044	3091	87300
344	3435	87600
838	2585	87700
2471	3325	87700
23	3423	87700
45	2926	87700
581	3321	87800
168	2803	88100
1820	2513	88500
625	2822	88600
1402	2788	88700
2169	3464	88900
945	3327	89200
1983	2989	89400
1040	2527	89600
2321	2924	89700
1697	2798	89700
750	2568	89900
84	2921	89900
755	2760	89900
155	2811	89900
588	2819	90200
1312	2633	90300
1027	3277	90400
1812	2541	90600
2324	3420	90600
85	2760	90600
1491	2820	91000
127	2899	91000
2375	3012	91100
115	2785	91100
1293	2952	91200
2404	2899	91200
835	3374	91400
1123	2869	91600
1839	2831	91800
1823	3438	92000
652	2762	92000
2063	3035	92300
1835	2770	92300
894	2670	92300
1633	2684	93600
1152	2571	93700
1254	2981	93800
234	3242	93900
1712	3421	94100
405	3419	94100
1353	2938	94100
259	3018	94200
1991	2917	94400
702	3037	94500
1652	3285	94600
1570	2587	94600
249	3037	94700
1657	3335	94900
442	3345	95400
1985	2671	95700
2022	2872	96700
2040	3268	96800
2078	3435	96800
229	3000	96900
44	3235	97500
686	2706	97600
2088	3036	97700
1785	3303	97900
253	2978	97900
2133	2795	98100
54	3217	98700
835	3434	98700
2322	2653	98800
746	3467	99300
1511	2687	99500
355	2811	99500
626	2653	99700
1555	3251	100200
1020	2819	100500
225	2925	101500
2202	2798	101600
2457	3466	102000
1041	2905	102200
945	2540	102200
1225	3362	102700
97	2685	102800
870	3007	103000
707	3101	103000
1284	2929	103700
349	3398	103900
2472	2564	104000
1590	2585	104000
1297	2515	104100
2316	2509	104200
1909	3105	105000
123	3074	105000
1283	2670	105200
1036	2718	105500
58	3132	105800
443	3226	106700
562	2997	107200
2053	2583	107400
2171	2798	107500
886	2877	107600
800	3251	107600
2111	3291	107600
1583	3303	108800
2164	3170	108800
1794	2952	109500
1654	2533	109900
1555	3152	110000
1504	2978	110000
477	3150	110200
106	3216	110300
186	3132	112200
1281	3066	112600
1139	3142	112800
1667	3497	112900
704	3281	113200
2381	3494	113200
703	2752	113400
1732	2643	113500
1751	3222	113600
726	3291	113600
820	2913	113900
1206	3200	114100
2127	2590	114400
691	2509	114700
2422	2918	114800
1714	3471	115000
1264	3113	115200
428	2641	115300
1864	3201	115400
2442	2875	115600
2329	2875	116000
1680	2752	116000
2026	3050	116100
2089	3356	116100
1693	3012	116700
866	2514	116800
1180	3121	117700
557	3238	118000
2298	2822	118400
1928	2804	118500
1167	3235	118900
990	3144	118900
523	3245	119400
2404	3121	119500
1995	2713	119800
2463	2633	120300
683	3439	120300
120	2641	121900
379	2991	122100
672	3058	123300
1432	2522	123400
1935	3365	123500
1609	2611	125600
2142	2571	125700
1454	3163	125700
1977	2625	127500
1512	3461	129100
1037	2699	129400
1104	2596	129500
1020	3349	129900
1656	2560	130000
1285	2553	130100
1570	2585	130800
223	3032	130800
2094	2671	130800
2026	3353	131800
561	2738	132600
1503	2536	132600
401	3308	133300
2295	3153	133700
2132	2942	134000
828	2942	134700
1061	3468	135200
1919	2718	135200
1148	2514	136400
1164	2706	136800
1837	2848	137200
521	3281	137500
1627	3217	137700
746	3197	137900
2122	2665	138200
1712	2687	139800
2029	2899	140200
1070	2661	141100
285	2840	141500
2220	3021	141800
208	2654	143200
2461	3398	143400
2192	3434	143500
2055	2715	144300
712	2571	144400
2010	2907	146100
1134	2993	146200
644	2516	146300
1347	3025	147300
1492	3305	147800
1477	2513	148900
2319	2650	149900
66	2577	150100
2049	3227	150400
1093	3251	151700
430	2747	152400
1839	3439	152900
1158	3252	153400
1649	2692	153800
526	2530	153800
2044	3354	154400
309	3244	155700
2192	2810	155800
110	2715	156700
550	2905	156800
2204	2855	156900
2243	2854	157000
299	3243	157900
93	3282	158300
1960	3001	158400
2025	3285	158600
2072	3081	160000
1733	2750	161300
962	3238	161300
416	2904	161400
1160	3475	162300
1028	2942	162500
1886	2535	163300
1311	3356	164300
533	3319	165100
562	3468	166000
2350	3201	166200
2119	3419	166200
2191	3143	167100
171	2747	167300
752	2609	168100
1086	2752	168400
403	2970	169800
331	3007	171000
2447	2918	173400
1135	3381	173700
1010	3282	173800
595	2728	175000
847	3102	176300
872	2665	176600
458	3282	178000
1227	3100	180000
1772	3015	180600
1117	3245	181800
2492	3102	182500
1045	3427	185000
157	3021	186600
146	3381	187000
1050	2522	188300
2430	3419	188800
1637	3414	189900
169	2706	190200
1282	2728	193200
1637	3426	195800
1215	3430	195900
2251	3435	196400
1941	2924	196600
2072	3190	197300
393	2740	197700
2092	3338	198000
2220	3058	198900
157	3312	200900
1719	3427	203300
1544	3016	204000
2152	3486	204200
2319	2592	206700
2152	3338	207700
545	3101	209000
1477	3330	209100
1439	2888	210700
1396	3416	211600
893	2760	213500
2092	2884	215800
1080	2609	217900
2080	2918	218000
1075	2503	220000
2000	2987	223100
129	3454	225500
2243	3283	225600
2033	3256	225700
902	3018	227600
1511	3188	229500
2160	3343	230800
1440	2836	232200
134	2633	234500
2019	3283	236300
1182	2535	237300
2440	3190	238700
1900	2902	238900
453	2938	241100
25	2934	242600
711	2986	246000
724	2592	247000
1622	2571	250300
1805	3353	253200
858	2551	253600
2075	2535	254200
2245	3052	256400
302	2839	257700
2491	3018	261400
2236	2503	265500
