917	2911	200
1726	2600	200
1731	3211	200
1524	2722	200
1139	3128	200
2459	3223	200
1043	3387	200
709	2531	200
197	2669	200
1549	2736	200
2375	3173	200
579	3158	200
1924	2733	200
769	3013	200
2287	3178	200
1939	2512	200
233	2936	200
1577	3397	200
1648	2710	200
883	3088	200
2366	2810	200
1830	3239	200
76	3266	200
975	2777	300
999	2872	300
1404	2651	300
1484	2881	300
1508	3202	300
546	3269	300
2236	3197	300
184	2746	300
658	3016	300
2036	2569	300
2052	2862	300
1740	3140	300
1097	2751	300
976	2951	300
903	2785	300
530	3395	300
1249	2590	300
1231	2675	300
1211	2626	300
1211	3498	300
339	2771	300
121	2955	300
1358	3471	300
36	2500	300
772	2641	300
214	3171	300
291	2637	300
766	3434	300
2003	3243	300
847	2803	300
1534	3267	300
2193	2570	300
2344	3146	300
1087	3183	300
1797	2723	300
1388	2529	300
1385	2546	300
1648	2631	300
85	3239	300
1821	2567	300
1983	3122	300
2352	3221	300
2013	2694	400
89	2833	400
1197	2593	400
1827	3016	400
955	3320	400
395	2519	400
2048	2909	400
1036	3474	400
529	3465	400
1425	2976	400
360	2733	400
199	2678	400
961	3093	400
1564	2729	400
1548	2675	400
568	3084	400
764	3421	400
1151	3132	400
806	3000	400
517	3499	400
918	3285	400
1733	2565	400
2488	3365	400
2188	3149	400
1103	2583	400
1186	3307	400
1972	2527	400
1087	2989	400
2192	3265	400
2474	2748	400
1296	2958	400
2372	2707	400
1738	3060	400
1174	2595	400
165	2807	400
833	3221	400
2480	3199	500
1167	3154	500
931	3068	500
1734	2623	500
1885	2508	500
2442	2736	500
1212	2878	500
2353	2514	500
343	2945	500
1632	3044	500
895	2563	500
912	2693	500
2312	2630	500
1969	2571	500
2306	3164	500
2486	2821	500
7	3090	500
1634	2753	500
127	3055	500
722	3449	500
256	3279	500
730	3070	500
1165	3431	500
423	2645	500
531	2546	500
1318	2843	500
1316	3228	500
2357	3146	500
1617	2927	600
406	2756	600
696	2809	600
1937	3404	600
1356	3362	600
1612	3065	600
2427	3227	600
912	3134	600
2233	2849	600
2214	3141	600
404	3222	600
1223	2663	600
1868	2648	600
261	2652	600
1768	3144	600
595	3429	600
1260	3499	600
933	3379	600
974	2861	600
986	2797	600
589	3305	600
1439	3069	600
1173	3260	600
2063	3473	600
2473	2687	600
2407	3061	600
938	3400	600
674	3257	600
751	3034	600
2130	2695	600
962	2607	600
720	2747	600
1758	2515	700
333	3391	700
2156	3428	700
1756	3027	700
728	2659	700
11	3050	700
2476	2997	700
1159	2573	700
1976	3417	700
914	2696	700
816	2928	700
1434	3007	700
1636	2749	700
2063	3258	700
1216	2711	700
941	2522	700
632	3067	700
2211	3298	700
1346	2737	700
386	3161	700
315	2835	700
140	3063	700
1343	2683	800
801	3025	800
2457	2681	800
1649	3415	800
451	3139	800
1067	2698	800
642	3367	800
346	2534	800
2235	2895	800
336	2504	800
2220	2794	800
1053	3251	800
164	3334	800
768	3455	800
1199	3424	800
800	2859	800
1453	3305	800
25	2626	800
2025	2771	800
387	3447	800
1820	2541	800
1022	2964	800
328	3406	800
1044	2599	800
941	3257	800
771	2842	800
1618	3010	800
1359	2911	800
1085	3002	800
2317	2638	900
640	3387	900
2409	3254	900
2217	3218	900
2393	2759	900
2058	3204	900
1225	2623	900
1612	3433	900
616	2680	900
2101	3050	900
433	2997	900
1457	3018	900
2423	2551	900
1060	3432	900
262	3323	900
2196	3078	900
1762	2729	900
1735	3294	900
1606	2597	900
828	2702	900
887	2839	900
1935	3245	900
500	2806	900
2326	3456	900
1901	3049	900
2083	2981	900
1738	3376	900
394	3445	900
1584	3041	1000
1616	3453	1000
2413	3071	1000
22	3283	1000
10	2716	1000
1943	2554	1000
2442	2974	1000
1115	3044	1000
312	2613	1000
1620	2510	1000
1910	3192	1000
106	3287	1000
1595	3030	1000
875	2597	1000
2108	3033	1000
1512	3461	1000
1256	3497	1000
1836	2583	1000
1328	3243	1000
692	2987	1000
65	2865	1000
1845	3445	1000
2495	2745	1000
1073	3263	1000
901	3484	1000
2494	3352	1000
1427	2843	1000
1848	2694	1100
1811	2949	1100
141	3009	1100
1963	2927	1100
735	3324	1100
2246	2572	1100
1732	3295	1100
626	3004	1100
1456	2880	1100
1179	3235	1100
1656	3273	1100
1514	3370	1100
893	2625	1100
2034	3167	1100
175	3483	1100
510	2693	1100
714	2917	1100
1562	3185	1100
1503	2752	1100
2428	3000	1100
24	3319	1100
2028	3072	1100
185	2677	1100
1838	2960	1100
795	3451	1100
689	2711	1100
1577	3171	1100
733	3028	1100
2383	3267	1100
1105	2592	1100
784	2953	1100
1703	3225	1100
551	2724	1100
2405	3391	1200
651	3225	1200
512	2896	1200
149	3017	1200
228	3274	1200
1602	2909	1200
2044	2627	1200
464	2751	1200
2264	2940	1200
244	2869	1200
174	3144	1200
1721	2781	1200
371	2696	1200
659	2996	1200
2452	3318	1200
1662	3099	1200
935	2558	1200
2331	3132	1200
1337	3383	1200
316	2564	1200
1855	3030	1200
427	3476	1200
563	2956	1200
2482	2999	1200
2460	2963	1200
2129	3332	1200
2082	2550	1200
1619	2920	1200
1640	2562	1200
257	3468	1200
2201	2537	1300
1542	2506	1300
1068	2605	1300
1339	2679	1300
1859	2949	1300
2202	3176	1300
29	3438	1300
2402	3180	1300
157	2672	1300
2453	3201	1300
1257	3398	1300
590	2890	1300
371	3304	1300
712	2733	1300
1411	3347	1300
332	3492	1300
1806	3456	1300
528	3089	1300
1603	2814	1300
1717	3159	1300
145	3092	1300
1031	2980	1300
223	2975	1400
353	3286	1400
2180	2759	1400
1873	2976	1400
1818	3412	1400
1455	3181	1400
2406	3398	1400
203	2945	1400
684	2669	1400
774	3256	1400
2169	2773	1400
532	2813	1400
357	2926	1400
1995	2641	1400
1332	3244	1400
2066	3094	1400
1014	3342	1400
2301	3345	1400
1069	2795	1400
67	2505	1400
1849	2959	1400
1688	2653	1400
1362	2933	1500
1075	2923	1500
2110	2790	1500
255	3218	1500
1701	2640	1500
596	2992	1500
1267	2520	1500
1143	3042	1500
1604	3466	1500
474	2871	1500
219	3204	1500
200	3288	1500
2423	2945	1500
1264	2917	1500
1326	3331	1500
2145	3382	1500
220	2935	1500
1496	3389	1500
904	2652	1500
392	3129	1500
369	3236	1500
459	2618	1500
231	2887	1500
1204	2660	1500
1254	3203	1500
1254	2540	1500
2434	3491	1500
2403	2744	1500
2475	2799	1500
1996	3206	1500
625	3353	1500
622	2944	1500
1559	2735	1500
936	3332	1500
2320	2527	1500
2407	3307	1500
97	3310	1500
1574	2701	1500
864	3400	1500
985	2589	1500
215	2983	1500
2404	2595	1500
1696	3468	1500
1410	3113	1600
2084	2635	1600
1459	3349	1600
1505	3058	1600
128	3190	1600
977	3281	1600
302	3353	1600
1134	2760	1600
2040	2582	1600
2158	3005	1600
1324	2621	1600
2404	2870	1600
892	2546	1700
1516	3314	1700
493	2819	1700
1025	3428	1700
1474	2700	1700
2067	2605	1700
909	3032	1700
1678	2931	1700
1471	2990	1700
1471	3438	1700
2334	3412	1700
1682	3318	1700
396	2791	1700
2106	3477	1700
1631	3326	1700
503	3084	1700
2269	3217	1700
615	2636	1700
1567	2892	1700
1990	3001	1700
1127	3102	1700
90	3265	1700
1929	3092	1700
276	3075	1700
1580	3480	1700
1898	3462	1700
2463	2959	1700
2436	2575	1700
1391	3361	1700
2032	2883	1700
1114	2537	1800
1029	2756	1800
2231	3017	1800
521	2786	1800
2354	2567	1800
60	3209	1800
1890	2611	1800
2325	3354	1800
481	3131	1800
1	3466	1800
1299	3404	1800
1438	2639	1800
537	3411	1800
2349	3487	1800
1940	3461	1800
1397	2758	1800
1944	3485	1800
350	3056	1800
850	2558	1800
1319	3106	1800
111	2867	1800
697	3388	1800
321	3260	1800
1846	2676	1800
943	3464	1800
1116	3240	1800
2018	2763	1800
2335	3475	1800
428	2740	1800
1437	3148	1800
1110	3255	1800
1644	3010	1800
744	2741	1800
618	2575	1800
2069	3025	1800
1886	3160	1800
789	3079	1800
1529	2883	1800
1215	3086	1900
406	2971	1900
836	2712	1900
101	2761	1900
346	3139	1900
208	3008	1900
610	2802	1900
2297	3329	1900
679	2678	1900
1038	3179	1900
2059	2667	1900
561	3141	1900
994	3216	1900
805	3477	1900
1331	3222	1900
227	3388	1900
1812	3220	1900
966	2837	1900
2035	3206	1900
1421	2936	1900
167	2583	1900
755	2690	1900
2119	2608	1900
1080	3062	1900
2161	3120	1900
718	3289	1900
181	3019	1900
1784	3080	1900
381	2621	1900
1965	2570	1900
1049	3067	2000
1726	2912	2000
1519	3009	2000
1687	3308	2000
228	3335	2000
1351	2613	2000
1699	3358	2000
103	2880	2000
286	3137	2000
610	3458	2000
1323	2951	2000
3	2693	2000
1946	3059	2000
840	2813	2000
1170	2542	2000
612	2541	2000
2498	2788	2000
1259	3376	2000
2015	2979	2000
2075	2615	2000
732	2525	2000
1355	3230	2000
2085	2737	2000
1314	3041	2100
2480	3067	2100
789	3415	2100
1875	3241	2100
1795	3107	2100
1482	2784	2100
2206	3082	2100
505	3466	2100
1051	3176	2100
1101	2616	2100
886	3233	2100
1400	2692	2100
1997	2794	2100
2005	3029	2100
1122	2928	2100
61	2516	2100
5	3382	2100
2291	3485	2100
1638	3170	2100
1689	3115	2100
1358	3051	2100
2437	3300	2100
1481	3374	2100
2348	2552	2100
1748	2919	2100
223	2538	2100
431	2843	2100
290	2621	2200
2023	3302	2200
1138	2834	2200
1050	3071	2200
574	3066	2200
510	3446	2200
221	3356	2200
545	3420	2200
1034	2628	2200
1369	2956	2200
1296	2650	2200
872	2925	2200
1909	2529	2200
2216	3187	2200
442	2774	2200
962	2950	2200
68	2664	2200
908	3269	2300
1553	3443	2300
80	3213	2300
1678	2812	2300
2171	3119	2300
1937	2643	2300
899	3118	2300
1179	3166	2300
159	2784	2300
1042	3495	2300
238	2617	2300
1559	3157	2300
357	3114	2300
405	3497	2300
1499	3022	2300
2125	2879	2300
2438	2805	2300
1338	2863	2300
887	3102	2300
1627	3159	2300
719	2711	2300
1132	3148	2300
452	2599	2300
319	2925	2300
812	2946	2300
1224	2950	2300
908	3284	2400
1294	3109	2400
290	3125	2400
1957	2623	2400
1067	2817	2400
2221	2716	2400
388	3278	2400
1788	3381	2400
336	2991	2400
1072	2829	2400
947	2948	2400
1867	2519	2400
953	2633	2400
1190	2942	2400
1111	3291	2400
736	2871	2400
918	3477	2400
2268	3340	2400
1692	3490	2400
1754	3448	2400
384	2509	2400
2382	2675	2400
1396	3373	2400
831	3440	2400
1092	3290	2400
1892	2740	2400
1643	2981	2400
2394	2665	2400
1830	3252	2400
423	2580	2400
888	2852	2500
18	3393	2500
894	2569	2500
1281	3233	2500
1326	3167	2500
2282	3003	2500
1107	2875	2500
1538	3459	2500
1548	2869	2500
1919	2610	2500
1638	3264	2500
174	2822	2500
1697	2542	2500
1201	2797	2500
407	2815	2500
1719	3069	2500
1200	3033	2500
2358	2841	2500
1259	2779	2500
2184	3402	2500
1488	2963	2500
1208	2732	2500
260	3427	2500
1352	3343	2500
475	3225	2500
965	2526	2500
611	2600	2600
1095	3357	2600
2147	3121	2600
721	2653	2600
2280	2714	2600
575	3223	2600
685	3155	2600
495	2864	2600
35	2848	2600
1234	2884	2600
1763	2553	2600
932	2908	2600
882	3013	2600
81	3081	2600
1079	2930	2600
779	2718	2600
1779	3212	2600
1753	2676	2600
1200	2735	2600
890	2814	2600
2047	3215	2600
1635	2607	2600
951	2886	2600
2078	2511	2600
1743	3046	2600
1665	2903	2600
1030	3105	2700
999	2697	2700
1746	3046	2700
1776	3025	2700
1891	2891	2700
819	2974	2700
2141	2736	2700
2249	2625	2700
2092	2801	2700
695	2581	2700
1883	2928	2700
100	2530	2700
1805	3036	2700
1120	2718	2700
1319	2754	2700
540	2686	2700
818	3488	2700
2056	3117	2700
588	3327	2700
952	2987	2700
2436	3470	2700
1153	2766	2700
1688	3422	2700
1359	2538	2700
1629	3011	2700
1771	2741	2700
1354	2850	2800
1321	3268	2800
1713	3137	2800
2180	2784	2800
1566	2809	2800
1469	3123	2800
2098	2669	2800
750	2990	2800
295	2947	2800
995	2703	2800
885	2878	2800
380	3158	2800
620	3288	2800
47	2626	2800
119	3175	2800
1171	2887	2800
1774	3035	2800
34	3327	2800
1904	2641	2800
370	2788	2800
827	2816	2800
1530	3408	2800
2266	3077	2800
443	2922	2800
14	2920	2800
1373	3451	2800
249	3076	2800
1771	2556	2800
1493	2818	2800
1947	3266	2800
2354	2950	2800
859	3063	2800
1834	3076	2900
1301	3037	2900
925	3441	2900
1377	3393	2900
1656	2627	2900
1237	3295	2900
1013	2681	2900
1766	3278	2900
432	3116	2900
282	2654	2900
774	3483	2900
1378	2544	2900
1745	2715	2900
2140	2536	2900
241	3409	2900
449	2918	2900
1026	2512	2900
1303	2910	2900
1497	3098	2900
1290	3315	2900
75	3053	2900
2181	2803	2900
1592	2592	2900
2133	2562	2900
1857	2723	2900
2350	2994	2900
1262	3441	3000
515	3391	3000
211	2759	3000
604	2651	3000
626	2941	3000
1166	2767	3000
2279	2514	3000
159	3364	3000
2111	2586	3000
2256	2571	3000
2455	3491	3000
2265	2866	3000
1942	3051	3000
1363	3493	3000
2384	2795	3000
2224	3259	3000
1137	2606	3000
812	3187	3000
2251	2946	3000
2381	3209	3100
102	3009	3100
1609	3032	3100
1066	3118	3100
916	2640	3100
1348	2939	3100
621	2614	3100
957	2731	3100
1721	3021	3100
1564	3192	3100
1735	3351	3100
977	3485	3100
1361	3078	3100
1028	3439	3100
106	2773	3100
1129	3099	3100
1927	2797	3100
469	3315	3100
1970	2719	3100
759	2662	3100
2089	3149	3100
2207	3359	3100
299	3193	3100
811	3341	3100
340	2576	3100
479	2844	3100
2396	2748	3100
1881	3422	3100
1685	3002	3100
2137	3005	3100
1244	3202	3200
2364	3399	3200
1162	2517	3200
71	3119	3200
2219	2784	3200
2275	3372	3200
2323	2976	3200
1155	3381	3200
1371	2519	3200
1107	2798	3200
153	3481	3200
1376	2978	3200
1480	2888	3200
454	3013	3200
1307	2648	3200
2333	3493	3200
1398	3281	3200
576	2847	3200
1882	3402	3200
330	2788	3200
2174	3350	3200
813	2559	3200
424	2527	3200
398	2953	3200
362	2539	3200
809	2694	3300
601	2531	3300
2258	3270	3300
1507	3066	3300
2499	3442	3300
2234	3140	3300
2334	3096	3300
963	2800	3300
212	3143	3300
212	3179	3300
2462	3437	3300
364	3085	3300
2362	2648	3300
724	3062	3300
622	2561	3300
737	2999	3300
2081	2956	3300
1781	2501	3300
355	3169	3300
127	3243	3300
691	3196	3300
1169	3091	3300
1556	3352	3300
1390	3252	3300
2017	2664	3300
30	3308	3400
1068	3361	3400
2206	3128	3400
1702	3138	3400
1418	2703	3400
2259	3167	3400
491	3417	3400
906	2563	3400
352	3407	3400
2295	3383	3400
1099	3315	3400
281	3054	3400
668	3035	3400
45	3497	3400
310	2500	3400
1950	3374	3400
1854	2607	3400
2147	2774	3400
2270	3306	3400
838	2952	3400
33	3100	3500
1757	2717	3500
1866	2969	3500
739	2877	3500
1061	2833	3500
958	2966	3500
1417	3282	3500
1135	3414	3500
1189	2513	3500
277	3411	3500
396	3064	3500
205	2942	3500
644	2954	3500
2179	3244	3500
2269	2735	3500
163	2641	3500
677	3051	3500
1822	3072	3500
884	3019	3500
2096	3035	3500
2247	2612	3500
1219	3086	3500
1336	2721	3500
1167	2556	3500
156	3101	3500
919	3125	3600
418	2891	3600
1582	2829	3600
2149	2588	3600
1560	3398	3600
802	3189	3600
2299	2545	3600
251	2791	3600
2287	2524	3600
1006	3378	3600
2368	3418	3600
1971	2744	3600
2358	2805	3600
1769	2557	3600
1295	2622	3600
2498	3103	3600
1164	3444	3600
1696	3002	3600
631	2984	3600
455	3182	3600
965	3127	3600
1641	2670	3600
1664	3415	3600
2357	3210	3600
1858	2593	3700
1410	3213	3700
565	3100	3700
2286	3250	3700
991	2877	3700
1178	3235	3700
1514	2969	3700
2122	2547	3700
1102	2614	3700
1919	3446	3700
489	2806	3700
1429	2726	3700
2183	2549	3700
1016	2608	3700
1005	2540	3700
1810	3224	3700
531	3484	3700
623	3174	3700
824	2580	3700
2046	3462	3700
846	2994	3700
1071	2697	3800
461	2949	3800
1275	3186	3800
2186	3250	3800
2241	2794	3800
1271	3233	3800
1189	3333	3800
869	2878	3800
232	2731	3800
1168	2855	3800
1573	3115	3800
1631	3097	3800
856	3124	3800
1657	3423	3800
920	2977	3800
548	3493	3800
2000	2804	3800
840	3157	3800
148	2915	3800
2223	3373	3800
2240	3092	3800
2046	2998	3800
2008	3228	3800
1305	2900	3800
1843	2535	3800
2420	3462	3800
2146	2747	3800
1424	2819	3900
403	3213	3900
1959	2521	3900
404	3168	3900
508	3247	3900
138	3081	3900
1992	3039	3900
320	3151	3900
415	3195	3900
236	2888	3900
1749	2585	3900
1357	2676	3900
1960	2844	3900
519	2745	3900
2189	3047	3900
1912	3408	3900
781	2865	3900
169	2650	3900
2004	3146	3900
2086	2575	3900
951	3238	3900
971	3186	3900
2258	3180	4000
1185	2993	4000
1158	2746	4000
26	3346	4000
1106	2790	4000
676	3184	4000
192	3403	4000
349	3015	4000
1702	3219	4000
525	3048	4000
798	2731	4000
2191	3172	4000
2411	2837	4000
1749	2815	4000
1863	2787	4000
170	3174	4000
256	3177	4000
723	3210	4000
385	2929	4100
1298	2931	4100
657	3295	4100
1827	2644	4100
2128	3227	4100
1894	2579	4100
258	3452	4100
748	2692	4100
182	2791	4100
1135	3179	4100
126	2730	4100
1313	3394	4100
524	3020	4100
2414	3013	4100
837	2897	4100
1489	2559	4100
120	3160	4100
1670	2789	4100
445	3335	4200
1113	2517	4200
2345	3369	4200
1181	2947	4200
2244	3349	4200
2297	2689	4200
680	3208	4200
200	2934	4200
1710	3048	4200
1172	3276	4200
144	2968	4200
786	3033	4200
1812	2533	4200
586	3413	4200
2433	3022	4200
865	3049	4200
921	2811	4200
1217	2885	4200
2004	3445	4200
358	2535	4200
1695	3375	4300
1041	2714	4300
1850	3232	4300
1467	2698	4300
854	3155	4300
830	2951	4300
1065	3189	4300
552	2906	4300
596	2775	4300
2427	3458	4300
325	2875	4300
38	3294	4300
2123	2758	4300
331	3437	4300
462	3057	4300
1561	3205	4300
2445	3114	4300
36	2858	4300
1314	2560	4400
1451	2685	4400
696	3068	4400
342	2656	4400
1414	3403	4400
2365	3308	4400
1347	2945	4400
28	3096	4400
1540	2882	4400
1647	3021	4400
556	2524	4400
2274	2726	4400
1994	3099	4400
2380	3356	4400
425	3245	4400
1047	2608	4400
1987	3075	4400
1406	2657	4400
2061	2522	4400
337	2562	4400
2481	2595	4400
492	2825	4400
1050	3095	4400
2032	3100	4400
1957	2874	4500
780	2517	4500
1778	2640	4500
928	3318	4500
1730	3119	4500
587	3384	4500
543	3188	4500
1709	2709	4500
153	2574	4500
1431	3192	4500
391	2730	4500
413	2601	4500
448	2823	4500
1704	2804	4500
2087	2910	4500
865	2728	4500
240	2856	4500
1046	3114	4500
2408	3327	4500
1655	2857	4500
372	3397	4500
2031	2576	4500
1565	3240	4500
2159	2967	4500
2082	2825	4500
2194	2959	4500
549	3046	4500
1793	3339	4600
2051	2734	4600
387	2894	4600
2070	2671	4600
2262	3193	4600
1048	3112	4600
283	3069	4600
2066	2904	4600
1239	2807	4600
2294	2539	4700
1718	2846	4700
1813	3335	4700
1128	3354	4700
639	2882	4700
590	3483	4700
2077	3018	4700
1654	2785	4700
810	2705	4700
1684	2768	4700
2464	2844	4700
1534	3410	4700
450	3010	4700
2157	2739	4700
937	3122	4700
1029	2699	4800
1128	2651	4800
16	2757	4800
950	3284	4800
760	3283	4800
1801	3130	4800
1986	2591	4800
2446	3021	4800
2441	2888	4800
1367	3490	4800
1233	3355	4800
868	2977	4800
2100	3402	4800
1628	2879	4800
1869	3229	4800
224	2770	4800
943	3153	4800
1945	3451	4800
1217	3376	4800
1537	3053	4800
1819	3123	4900
611	2846	4900
1366	2848	4900
313	2563	4900
37	3288	4900
2268	3351	4900
627	3205	4900
425	3338	4900
1000	2858	4900
310	3444	4900
1568	2612	4900
2356	3053	4900
2347	2905	4900
1757	2812	5000
1381	3284	5000
741	3324	5000
1214	2521	5000
1399	3417	5000
1552	2680	5000
1152	3421	5000
2155	3246	5000
47	3020	5000
697	2973	5000
1079	3299	5000
73	2918	5000
147	2713	5000
272	2768	5000
2327	2708	5000
835	3342	5000
1002	2868	5000
168	2665	5000
1004	2670	5000
1188	3268	5000
536	3073	5100
1432	2845	5100
1163	2656	5100
1289	3386	5100
2278	2913	5100
1271	3433	5100
1506	3331	5100
804	2502	5100
727	2851	5100
1444	2752	5100
369	3052	5100
1026	3024	5100
1160	3163	5100
281	3040	5100
2424	3165	5100
671	2919	5100
2449	2943	5200
910	2742	5200
746	2923	5200
694	3357	5200
100	3309	5200
589	3081	5200
298	3498	5200
807	3102	5200
1413	2841	5200
607	3435	5200
137	2845	5200
1988	3361	5200
1861	3186	5200
1885	2560	5300
2311	2742	5300
1507	3202	5300
916	3038	5300
522	3482	5300
2122	2941	5300
981	2957	5300
35	3291	5300
1709	3366	5300
2296	2639	5300
1403	3152	5300
2093	2973	5300
496	3317	5300
1668	2566	5300
2035	2677	5300
545	2779	5300
1229	2636	5300
2327	2540	5300
1563	3402	5300
421	3075	5300
2152	2664	5300
2250	2560	5400
2426	2655	5400
2315	2790	5400
1089	2514	5400
1012	3130	5400
324	3052	5400
1442	2804	5400
300	2555	5400
372	3464	5400
2460	2856	5400
1475	3416	5400
376	3120	5400
817	3371	5500
1214	2568	5500
1742	3119	5500
1679	2519	5500
539	2772	5500
597	3364	5500
2027	2859	5500
419	2942	5500
6	3294	5500
606	2853	5500
1379	3247	5500
236	2688	5500
94	3007	5500
2343	2609	5500
580	3074	5500
1970	3498	5500
428	3161	5500
925	2511	5500
1854	3296	5500
2049	3415	5500
95	3363	5600
1213	3125	5600
1479	3252	5600
1341	2518	5600
318	3232	5600
2323	2638	5600
2038	2840	5600
797	3251	5600
1804	2514	5600
1072	3180	5600
478	3099	5600
533	3264	5600
341	3345	5600
998	3430	5600
1546	3343	5600
664	3313	5700
1819	3027	5700
118	3123	5700
1381	3269	5700
1464	3251	5700
295	2862	5700
1804	3045	5700
1	2893	5700
1951	2639	5700
119	3317	5700
1979	3304	5700
2121	3115	5700
1015	3163	5700
1716	3390	5700
827	3262	5700
1594	3343	5700
408	3228	5700
708	2774	5700
1137	3221	5700
1683	3443	5800
820	3016	5800
863	3155	5800
2041	3282	5800
1522	3137	5800
2491	2826	5800
429	3318	5800
2	2571	5800
1939	2867	5800
1573	3072	5800
206	3074	5800
1652	3040	5800
1458	2622	5800
1750	3002	5800
2304	2559	5800
1206	2685	5900
1386	2714	5900
705	3123	5900
1175	2674	5900
502	3370	5900
2388	2957	5900
886	3482	5900
309	3167	5900
483	2590	5900
84	3432	5900
1562	2689	5900
2097	2869	5900
2142	3081	5900
866	2558	5900
222	3195	5900
1263	2753	5900
555	3124	5900
504	3498	5900
752	3405	5900
992	3377	5900
1144	3055	5900
1525	2622	5900
2383	3101	5900
2158	3478	5900
835	3359	5900
2162	2539	5900
1292	3026	5900
1486	2810	6000
980	2683	6000
2364	2937	6000
959	2976	6000
1930	2655	6000
1344	3384	6000
324	2918	6000
88	3481	6000
1884	3448	6000
952	3464	6000
2222	3055	6000
2338	2789	6000
1475	2624	6000
844	3259	6000
1989	3087	6100
593	2881	6100
1158	3016	6100
1466	2901	6100
131	2717	6100
134	2951	6100
1759	2668	6100
628	3282	6100
366	3281	6100
1446	3203	6100
339	2536	6100
1448	3108	6100
1655	2799	6100
1569	2821	6100
253	3307	6100
1708	2833	6200
1195	3231	6200
1560	3366	6200
1240	2616	6200
1736	3042	6200
1705	2758	6200
768	2663	6200
532	2577	6200
111	3447	6200
500	2779	6200
581	2858	6200
2255	2505	6200
2232	3079	6200
1861	2712	6300
379	2656	6300
506	3393	6300
1393	2640	6300
1639	3436	6300
471	2849	6300
23	2509	6300
1088	3260	6300
1808	2542	6300
1942	3014	6300
1681	2795	6300
946	3463	6300
2002	2603	6300
1716	2980	6300
1147	2769	6300
1125	2943	6400
1062	3441	6400
1321	3073	6400
136	2906	6400
1601	3474	6400
275	3452	6400
957	2620	6400
526	3437	6400
273	3344	6400
1375	2709	6400
209	3081	6400
1636	3388	6400
9	2867	6400
323	3178	6400
2368	2661	6400
873	2988	6400
2090	3272	6400
154	3224	6400
1353	3262	6400
329	3484	6400
1568	2818	6400
2309	2559	6400
1237	3454	6500
1620	2859	6500
1417	2672	6500
710	2853	6500
2374	3033	6500
130	2548	6500
934	3212	6500
2070	2516	6500
2010	2720	6500
1415	2778	6500
1972	3230	6500
1056	3226	6500
1174	2647	6500
1649	3399	6500
593	3121	6600
397	3111	6600
79	3038	6600
1028	3093	6600
2376	3018	6600
429	2752	6600
1008	3477	6600
821	2584	6600
513	3030	6600
542	2641	6600
1593	2847	6600
1652	2609	6600
1563	2637	6600
1153	2599	6600
1420	3280	6700
725	2951	6700
2230	3235	6700
390	3138	6700
72	2730	6700
297	3471	6700
1121	2977	6700
807	2839	6700
1401	2904	6700
19	3311	6700
1445	3117	6700
399	3088	6700
317	2769	6700
771	2981	6700
1345	2619	6700
1343	2649	6800
1037	2521	6800
529	2947	6800
878	3251	6800
1954	3029	6800
2303	3330	6800
681	3116	6800
1311	2855	6800
2469	3394	6800
1667	2758	6800
1801	3039	6800
1070	3024	6800
2265	3493	6800
2020	2824	6800
386	2740	6800
1881	3390	6800
2389	2665	6800
67	3014	6800
91	3187	6900
1999	3297	6900
2387	2534	6900
1860	2519	6900
497	3189	6900
1176	3204	6900
1021	2596	6900
2341	2760	6900
407	2585	6900
1526	2999	6900
2095	2813	6900
2139	3094	6900
426	2967	6900
344	2511	6900
2328	2543	6900
1462	2929	7000
2178	2777	7000
118	2712	7000
1591	2934	7000
1984	2869	7000
954	2668	7000
683	2873	7000
1826	3312	7000
659	3494	7000
1538	3461	7000
1779	3340	7000
652	3456	7000
1446	3024	7000
316	2533	7000
321	2636	7000
2112	3114	7000
424	3224	7000
1925	3239	7000
1949	3316	7000
60	3005	7000
43	3253	7100
2490	2638	7100
1341	2567	7100
1052	2528	7100
1155	2991	7100
2300	3349	7100
1772	3043	7100
2432	2970	7100
2050	2954	7100
1551	3130	7100
449	3429	7100
1009	2988	7100
169	2958	7100
967	2938	7100
484	2559	7100
2320	2657	7100
338	2575	7100
1283	2901	7200
143	3313	7200
1858	3111	7200
2409	3139	7200
1138	3095	7200
1372	3037	7200
1159	2942	7200
25	3020	7200
1024	3490	7200
1100	2713	7200
2403	2532	7200
1995	2956	7200
1531	2818	7200
2372	2592	7200
166	2646	7200
640	2629	7200
2091	2706	7200
1809	3450	7300
2079	2518	7300
402	2906	7300
2071	2699	7300
2164	3295	7300
1932	2864	7300
1350	3403	7300
1258	3248	7300
1279	2598	7300
1841	3301	7300
280	3126	7300
1673	2973	7300
52	3163	7300
7	3149	7300
2261	3035	7300
608	2708	7300
1229	2608	7300
2120	3001	7300
1950	3408	7300
942	3469	7300
408	3120	7300
267	3095	7300
2105	3468	7300
498	2605	7300
460	2694	7400
248	3004	7400
263	2623	7400
923	3486	7400
1879	3143	7400
682	2632	7400
1654	3029	7400
1606	2851	7400
764	2558	7400
1412	2924	7400
1600	2523	7400
473	2748	7400
1781	2958	7400
486	2501	7400
605	2576	7400
237	2543	7400
838	3259	7400
329	3238	7400
980	2710	7400
956	2932	7400
2156	2691	7500
1424	3225	7500
435	2992	7500
1161	3166	7500
1347	3323	7500
1920	3188	7500
1036	3201	7500
2226	3058	7500
1842	2597	7500
2281	3020	7500
1803	3378	7500
507	2652	7500
1308	2804	7500
340	3062	7500
1838	3150	7500
201	2899	7500
1887	3427	7500
1428	2852	7600
1221	2605	7600
129	3048	7600
1645	3178	7600
302	2750	7600
1433	3456	7600
104	2799	7600
2475	2857	7600
1834	2810	7600
559	2535	7600
284	2589	7600
1055	3297	7700
1251	3154	7700
919	2742	7700
2099	3083	7700
1962	2629	7700
817	3425	7700
12	3038	7700
2171	3270	7700
854	2767	7700
1851	3138	7700
1392	2743	7700
1673	3206	7700
51	3258	7700
476	2963	7700
1253	2856	7700
781	2755	7700
2253	3450	7800
102	3211	7800
2187	2517	7800
483	2709	7800
660	2754	7800
2119	3341	7800
936	2612	7800
322	2921	7900
1917	3173	7900
578	2581	7900
1877	2898	7900
2273	2876	7900
230	3413	7900
2037	3300	7900
2207	3157	7900
1187	3460	7900
1681	2958	7900
1581	2811	7900
641	3267	7900
2497	2505	7900
322	3031	7900
1027	2845	7900
149	2727	8000
2127	3003	8000
1333	2574	8000
503	2548	8000
756	2701	8000
602	2770	8000
91	2946	8000
1291	3077	8000
857	2975	8100
2116	3181	8100
2385	3123	8100
175	3256	8100
1126	2859	8100
1780	2688	8100
504	2972	8100
1536	2816	8100
2481	2691	8100
166	3241	8100
514	2508	8200
177	2991	8200
959	2923	8200
1405	2681	8200
750	2992	8200
1940	2596	8200
441	3429	8200
788	3013	8200
1622	3471	8200
2212	2541	8200
808	3035	8200
1845	2763	8200
730	3014	8200
57	3277	8200
670	2537	8300
565	2883	8300
1993	2569	8300
494	2598	8300
1183	2798	8300
1504	2918	8300
1170	2684	8300
1935	3338	8300
911	2837	8300
293	2841	8300
1084	3390	8300
1773	3077	8300
85	2980	8300
2322	2834	8300
671	3210	8300
1407	2722	8400
1966	2528	8400
2416	2588	8400
792	2796	8400
876	2781	8400
1148	2590	8400
1547	2907	8400
964	2582	8400
1596	2507	8400
2109	3255	8400
1363	3419	8400
1039	3169	8400
1019	2808	8400
1304	3303	8500
361	2948	8500
2009	2667	8500
1006	3429	8500
1078	3321	8500
873	3402	8500
808	3229	8500
969	2763	8500
328	3047	8500
2369	2683	8600
1485	2937	8600
1706	2820	8600
4	2773	8600
756	3365	8600
2285	3231	8600
1354	2971	8700
560	3450	8700
1905	3016	8700
287	3417	8700
1956	2733	8700
350	3413	8700
1975	3117	8700
480	2690	8700
260	3271	8700
837	3316	8700
397	2700	8700
87	2965	8800
365	2809	8800
1698	3496	8800
2170	3166	8800
2272	2783	8800
1952	3317	8800
1182	3226	8800
2137	3209	8800
289	3335	8900
1809	3415	8900
83	3482	8900
1252	3071	8900
482	2869	8900
2439	2882	8900
1591	3288	8900
1286	3311	8900
453	3243	8900
1557	3306	8900
1665	3063	8900
2310	3104	8900
907	2653	8900
1694	2881	9000
451	3254	9000
1297	2827	9000
1878	3227	9000
636	2997	9000
889	2806	9000
1421	3373	9000
1335	3319	9000
989	3136	9000
949	3183	9000
237	3182	9000
65	2766	9000
1787	3280	9100
177	3286	9100
1123	2736	9100
2432	3474	9100
411	2630	9100
1760	2968	9100
90	3479	9100
2302	3103	9100
2002	3160	9100
1633	2741	9200
265	2761	9200
116	3181	9200
434	2827	9200
614	3467	9200
823	2836	9200
494	3452	9200
947	2791	9200
582	2968	9200
487	3440	9200
2160	3205	9200
2314	2858	9200
1596	2860	9200
1277	3473	9200
1355	2527	9200
1049	2787	9200
1659	3174	9200
1755	2560	9300
1227	3303	9300
1157	3320	9300
1744	3066	9300
1923	3012	9300
1682	2752	9300
1264	2751	9300
1608	3458	9300
1470	2762	9300
1246	3126	9300
520	2561	9300
1076	3457	9300
1450	3476	9300
1334	2956	9300
643	3271	9300
2195	2931	9400
342	2893	9400
1097	3198	9400
2060	2639	9400
5	2705	9400
1907	2940	9400
1958	3288	9400
1634	2968	9400
2064	3394	9400
1487	3413	9400
2398	2525	9400
307	2634	9400
1571	3270	9500
2205	2864	9500
2483	2569	9500
1815	2896	9500
2388	2826	9500
1611	2644	9500
2101	3133	9500
1712	2702	9500
1250	3178	9500
297	2955	9500
1933	3449	9500
2468	2952	9500
2359	2606	9500
1147	2707	9500
1594	2818	9500
1277	3258	9600
1895	3159	9600
2251	3154	9600
998	2741	9600
2385	2827	9700
564	2738	9700
2493	2830	9700
303	3294	9700
2349	2826	9700
1434	3276	9700
1614	2798	9700
934	3340	9700
2185	3098	9700
2248	2500	9700
1437	2899	9700
1346	2543	9700
1890	2986	9800
1699	3348	9800
1698	3442	9800
1310	3227	9800
1452	2794	9800
2043	3436	9800
1880	3185	9800
2	3242	9800
1622	3419	9800
467	2805	9800
989	3290	9800
2488	3315	9800
1892	2962	9800
442	2737	9800
2435	3435	9800
1291	3026	9800
790	3161	9800
267	2834	9900
679	2830	9900
1246	3344	9900
1936	3078	9900
1775	3299	9900
2337	3169	9900
499	2748	9900
1725	3109	9900
1576	2685	9900
1542	2717	10000
1193	2801	10000
1532	2990	10000
1672	3282	10000
1523	2887	10000
1032	2916	10000
890	3205	10000
1272	2745	10000
2229	3431	10000
1767	3470	10000
820	3223	10100
2485	3308	10100
617	2836	10100
390	3219	10100
258	3487	10100
1856	3336	10100
1331	3333	10100
1375	3285	10100
866	2544	10100
1012	3151	10100
311	2863	10100
1551	3151	10200
0	3190	10200
655	2564	10200
1761	2748	10200
181	3060	10200
1533	2529	10300
1435	2704	10300
2477	3079	10300
1131	3091	10300
577	2976	10300
945	3043	10300
2421	2832	10300
1610	2988	10300
392	2604	10300
861	3489	10300
2052	3038	10400
802	3318	10400
1194	3043	10400
306	2914	10400
1301	3041	10500
1109	2923	10500
995	2829	10500
1955	2579	10500
566	2668	10500
2487	2936	10500
656	2782	10500
1201	3203	10500
1465	3449	10500
1572	2932	10500
2285	3200	10500
161	2929	10600
1906	2681	10600
2425	3234	10600
1270	2966	10600
1866	3370	10600
1483	3330	10600
1245	2800	10600
205	2588	10600
1653	2754	10600
970	3203	10600
2489	2955	10600
317	2724	10600
48	2655	10700
2048	3234	10700
2244	2625	10700
2312	2796	10700
1403	2785	10700
1841	2892	10700
1117	2847	10700
201	2578	10700
1833	3108	10700
2255	3468	10700
2136	3233	10800
1582	2514	10800
2007	2936	10800
794	3401	10800
2018	3445	10800
1987	3028	10800
1797	2964	10800
492	2605	10800
1989	3011	10900
1605	2872	10900
923	3147	10900
1520	3128	10900
1660	2876	10900
881	2536	10900
2379	2557	10900
2215	2975	11000
29	2568	11000
1764	3486	11000
2458	3168	11000
2087	3084	11000
1847	2631	11000
224	2808	11000
2065	2710	11000
1374	2738	11100
1095	2682	11100
1395	3100	11100
594	3364	11100
1506	2620	11100
1579	3018	11100
1247	3292	11100
2286	2929	11200
2444	2774	11200
1616	3031	11200
173	2819	11200
1145	2993	11200
1409	3212	11200
55	3365	11200
69	3117	11200
2167	2646	11200
268	3289	11200
1353	2816	11200
1630	3393	11300
711	3085	11300
1093	3276	11300
66	3222	11300
2415	2618	11300
544	2928	11300
1047	3345	11300
515	2817	11400
2219	3364	11400
855	2947	11400
2417	3015	11400
377	3285	11400
944	2758	11400
2472	2730	11400
794	2930	11400
686	3022	11400
272	3401	11400
98	3153	11400
2229	3010	11400
2247	3332	11400
204	2631	11400
2013	3037	11500
1794	3063	11500
649	2759	11500
1166	3155	11500
1312	2986	11500
2190	3486	11500
1302	3133	11500
2422	3384	11500
1540	2895	11500
1151	2702	11500
544	2509	11500
1230	2808	11500
1215	2537	11500
1119	2798	11600
798	2871	11600
1944	3099	11600
1394	3110	11600
0	3405	11600
1454	3388	11600
615	3260	11600
326	2987	11600
1609	3249	11700
819	3197	11700
196	3382	11700
171	3419	11700
1069	2962	11700
607	2998	11700
445	3274	11800
2401	2722	11800
1037	3038	11800
539	2598	11800
2144	2794	11800
241	3030	11800
970	2916	11800
707	2711	11800
1750	3468	11800
1633	2889	11900
1676	2761	11900
1552	2654	11900
142	3362	11900
680	3192	11900
920	2928	11900
1108	2583	11900
1426	2612	11900
1502	2739	11900
1590	3463	11900
2187	3041	12000
115	2658	12000
71	3303	12000
1177	3129	12000
1628	3049	12000
1127	2839	12000
2099	2877	12100
704	2554	12100
2149	3167	12100
1802	3001	12100
624	3451	12100
688	2885	12100
107	2769	12100
645	2845	12100
2071	3293	12200
1478	2931	12200
762	2572	12200
684	3358	12200
2422	2791	12200
269	3328	12200
126	3024	12200
1684	3156	12200
2431	3405	12200
787	3253	12200
1495	2834	12300
136	2669	12300
1270	2827	12300
1840	3350	12300
613	2684	12300
612	2910	12300
600	3014	12300
1286	3047	12300
641	3101	12300
382	3087	12400
2325	2939	12400
1785	3251	12400
1941	3336	12400
2221	3372	12400
1839	2783	12400
2030	3495	12400
366	2744	12400
2263	2501	12400
604	3065	12500
133	3133	12500
2088	3137	12500
728	2895	12500
1674	2948	12500
2458	2513	12500
1196	3085	12500
1394	2536	12500
186	3448	12500
754	2594	12500
598	3023	12500
643	3427	12500
176	3104	12500
888	2721	12600
383	2965	12600
1366	3291	12600
1183	2902	12600
978	2982	12600
749	3446	12600
761	3470	12600
2378	2550	12600
1206	3253	12600
30	2836	12700
2166	3439	12700
1120	3236	12700
2318	3206	12700
480	2540	12700
2377	2525	12700
383	2506	12800
1732	3357	12800
26	2993	12800
1877	2934	12800
1539	3494	12800
2431	3499	12800
2001	3069	12800
301	2910	12800
2223	2763	12800
842	2984	12800
105	3004	12900
226	2864	12900
1692	3319	12900
1651	2735	12900
1443	2916	12900
689	3191	12900
473	3341	12900
2065	2886	12900
1141	2621	12900
1964	3011	13000
1227	3369	13000
12	3199	13000
1467	3233	13000
2225	2551	13000
2145	2705	13000
96	3498	13000
1439	3272	13000
2263	2657	13000
326	2670	13000
1090	2787	13000
667	3053	13000
1280	3087	13100
2186	3234	13100
2414	2725	13100
2246	3320	13200
1118	2948	13200
6	2902	13200
507	2749	13200
77	3315	13200
1007	2677	13200
884	3054	13200
2478	2642	13200
960	3363	13200
2322	3249	13300
194	2666	13300
2056	2985	13300
1191	2645	13300
793	2787	13300
2201	2933	13400
1119	2823	13400
195	3492	13400
1543	3265	13400
1807	2985	13400
2017	3113	13500
594	2572	13500
2415	3321	13500
1007	3240	13500
1621	3385	13500
368	3103	13500
885	2630	13600
1839	3128	13600
1985	3490	13600
2000	3217	13600
2307	3480	13600
497	2658	13700
1269	2674	13700
867	3176	13700
380	3142	13700
39	3220	13700
2391	3061	13700
913	3236	13800
1651	3217	13800
2204	2838	13800
2129	2612	13800
538	2920	13800
319	3390	13800
1188	3313	13900
1372	2722	13900
1511	2617	13900
592	2602	13900
400	2764	13900
898	3301	13900
1059	2858	13900
2464	2505	13900
656	2525	13900
1130	2874	14000
909	3071	14000
1961	2619	14000
33	2883	14000
709	2777	14000
676	3208	14000
1083	3452	14000
1146	3485	14000
673	2571	14000
1607	3070	14000
2151	2755	14000
844	2952	14000
783	2595	14000
1156	2993	14100
991	3083	14100
535	2896	14100
485	3036	14100
1832	2604	14100
213	3026	14100
757	3226	14100
634	3174	14100
2277	2850	14200
292	3046	14200
1168	3164	14200
1223	3455	14200
288	2750	14200
1833	3316	14200
538	3480	14200
901	2546	14200
828	3150	14300
1783	2512	14300
1971	3473	14300
354	2824	14300
1001	3359	14300
2335	2673	14300
31	2964	14300
1390	2843	14300
763	3011	14400
1613	2515	14400
1269	2545	14400
225	3198	14400
2440	2672	14400
533	3170	14400
2355	2850	14500
461	2593	14500
2236	3180	14500
1789	2940	14500
1491	3421	14500
259	2536	14500
1171	2675	14500
216	3022	14500
996	2860	14500
2175	3162	14600
1671	2785	14600
1364	2876	14600
1091	2561	14600
647	2512	14600
1913	2837	14600
2044	3370	14700
1948	3411	14700
474	2873	14700
1831	3227	14700
660	3106	14700
417	3476	14700
987	2623	14800
2252	2876	14800
1653	2617	14800
108	2887	14800
1733	3418	14800
2157	2870	14800
853	2619	14800
2107	2685	14800
633	3422	14800
470	3375	14900
402	3037	14900
2228	2669	14900
1730	2727	14900
1300	2840	14900
1583	2880	14900
234	2547	14900
49	2828	14900
1040	3478	14900
1503	2785	15000
2254	3172	15000
580	3317	15000
1903	3124	15000
64	2578	15000
608	2540	15000
1374	3086	15100
1598	3113	15100
1386	3270	15100
1532	3145	15100
1707	2509	15100
1949	3311	15100
335	3310	15100
1635	3296	15100
243	3269	15200
1500	2658	15200
1914	3412	15200
2339	2934	15200
2203	3179	15200
1088	2805	15200
254	2567	15300
1340	2613	15300
1520	2654	15300
2361	3372	15300
745	3349	15300
1242	3424	15300
1360	3485	15300
752	2684	15300
490	3023	15300
1553	3367	15400
675	3363	15400
557	2843	15400
1843	3111	15400
961	3132	15400
693	3000	15400
4	3217	15400
1586	2792	15400
1824	3406	15400
1384	3289	15400
2347	3105	15500
79	2640	15500
1700	3346	15500
2103	2593	15500
2397	3472	15500
1033	3137	15500
1878	3323	15500
1752	2925	15500
2250	2508	15600
146	2597	15600
411	2796	15600
1539	2996	15600
2045	2671	15600
413	3328	15600
1078	3157	15600
850	3098	15600
598	2780	15600
1968	3337	15700
1922	2923	15700
419	2876	15700
2199	3396	15700
1523	2926	15700
719	2576	15700
2076	3207	15700
1755	2787	15800
2386	3223	15800
1485	2526	15800
1035	3218	15800
1139	3082	15800
1530	3086	15800
1501	3463	15900
180	3046	16000
1968	2738	16000
296	2658	16000
1063	3334	16000
1611	3048	16000
314	3439	16000
1074	3328	16000
273	3126	16000
843	3307	16000
2253	3031	16000
1455	2840	16100
638	3045	16100
906	2581	16100
2252	3325	16100
189	3392	16100
252	3244	16100
569	2780	16100
2118	3160	16100
1886	2603	16100
2019	3213	16200
944	2675	16200
189	3039	16200
1103	3183	16200
766	3207	16200
1615	2535	16200
1508	3066	16300
633	2903	16300
1674	2762	16300
2371	2730	16300
579	3264	16300
2497	2844	16300
1014	2841	16300
1182	3352	16300
564	3337	16400
741	2699	16400
1342	3041	16400
1535	2793	16400
672	3000	16400
50	3023	16400
1913	2500	16400
2465	2627	16500
1720	3198	16500
347	2564	16500
1190	2800	16600
2033	3216	16600
932	2502	16600
561	3208	16600
1204	2512	16600
218	2577	16600
2040	2915	16600
1929	2607	16600
1823	2508	16700
1262	3232	16700
1991	2659	16700
849	2864	16700
1880	2802	16700
1005	2708	16700
630	2582	16700
2146	3261	16700
1266	3247	16800
152	3480	16800
215	2562	16800
1020	2835	16900
1477	2736	16900
1690	3372	16900
1460	3446	16900
1597	3184	16900
2115	2977	16900
10	3372	17000
1998	3451	17000
1481	2615	17000
955	2643	17100
1826	3442	17100
1851	3219	17100
314	2696	17100
2473	2766	17100
763	3441	17200
1923	3223	17200
583	2762	17200
430	2826	17200
1231	2887	17200
2121	3344	17200
2165	3385	17200
2047	3034	17200
574	3302	17300
2430	2565	17300
229	3456	17300
2209	2764	17300
2450	3489	17300
1387	2949	17400
976	2831	17400
459	2765	17400
1783	2660	17400
733	2527	17400
1027	2757	17400
2493	3275	17500
1048	2728	17500
1071	3268	17600
1477	3197	17600
3	3134	17600
13	3000	17600
1883	3222	17600
19	3047	17600
1837	2757	17600
1305	3165	17700
1293	3162	17700
2363	3192	17700
2291	3281	17700
301	3084	17700
1978	3115	17700
229	2866	17700
1034	2938	17700
305	3327	17700
1515	2711	17700
2167	3241	17700
1711	3010	17700
1690	2520	17800
2343	2944	17800
1125	2912	17900
2321	3403	17900
218	3350	17900
1817	2837	17900
2062	3027	17900
460	2508	18000
1198	3302	18000
1762	3204	18000
942	2961	18000
720	3146	18000
160	2717	18100
716	3369	18100
1589	3409	18100
1015	2771	18100
2151	2865	18100
949	3070	18100
214	3397	18200
1657	3471	18200
210	3235	18300
133	3346	18300
1444	3152	18300
464	3198	18300
914	3164	18300
2161	3444	18300
1423	2546	18300
718	2606	18300
776	2752	18400
42	2503	18400
864	2963	18400
1791	3277	18400
1860	2986	18500
1447	2596	18500
2238	3090	18500
1669	3385	18500
1251	2556	18600
1404	3354	18600
1330	2517	18600
2465	3273	18600
2074	3049	18600
440	2915	18600
1977	3445	18600
2224	3463	18600
2230	3303	18700
2471	3043	18700
456	2726	18700
1767	2575	18700
569	3310	18700
1625	3034	18700
2413	3100	18800
2284	3283	18800
349	3386	18800
2429	2840	18800
767	3247	18800
2392	2516	18800
21	3126	18800
358	3160	18800
2282	3029	18900
597	3404	18900
2055	3379	18900
742	3176	19000
199	2830	19000
1853	2688	19000
122	3006	19000
304	3383	19000
1396	2763	19000
2266	2539	19000
1715	2503	19100
786	3089	19100
235	2815	19100
1535	3214	19100
1926	3197	19200
192	2611	19200
1306	2948	19200
1921	3459	19200
973	3090	19200
1221	3139	19300
1991	3082	19300
1828	2814	19300
761	3479	19300
398	2911	19300
744	3265	19300
2492	2639	19400
1148	3256	19400
527	3360	19400
1889	3161	19400
1728	2807	19400
2126	2619	19400
1066	2850	19500
852	3490	19500
2324	2688	19500
779	3007	19500
1177	2604	19500
2209	3072	19500
843	3061	19500
1428	2721	19600
1010	2545	19600
698	3248	19600
2117	3179	19600
53	2726	19600
420	2866	19600
1003	3457	19600
1519	3211	19600
161	2901	19700
82	2652	19700
97	2985	19700
1911	2539	19700
2045	2516	19800
1661	2530	19800
2256	2648	19800
1928	3448	19800
1865	3089	19800
40	3196	19800
1784	2975	19800
1595	3407	19900
831	2811	19900
2134	3102	19900
1825	3343	19900
1025	2691	20000
525	3275	20000
940	3423	20000
1748	3060	20000
1999	2971	20000
554	3053	20000
1908	2849	20100
954	2802	20100
2026	3164	20100
1054	2871	20100
690	2661	20100
486	2657	20100
1110	3171	20100
1191	3427	20100
734	3335	20100
1427	3025	20100
1030	2905	20200
1492	2649	20200
1351	2534	20200
1818	3096	20200
1490	3486	20200
2482	2555	20200
2378	2825	20200
2012	2567	20300
1268	3166	20300
250	3458	20300
51	3473	20300
754	2622	20300
552	3286	20400
1112	3248	20400
1468	2997	20400
1126	2762	20400
1814	2935	20400
1463	2851	20400
1743	2793	20400
156	3267	20400
1778	3308	20500
1517	3073	20500
878	2545	20500
1588	3319	20500
1203	3220	20500
848	2866	20500
1773	3406	20500
2331	2855	20600
2083	3261	20600
296	3286	20700
2051	2949	20700
681	2520	20700
2072	3256	20700
112	2725	20700
2430	3264	20700
382	3011	20700
2476	2554	20800
621	2510	20800
1661	3168	20800
1207	2823	20800
956	3120	20800
1874	2862	20900
472	3012	20900
2479	3093	20900
363	3190	20900
1017	2754	20900
731	2918	20900
841	2576	20900
638	2875	21000
1798	2703	21000
2148	2696	21000
2362	2796	21000
1016	3178	21000
966	2650	21000
98	3416	21000
148	2542	21000
294	2631	21000
1965	2647	21000
1914	3096	21100
1261	2898	21100
489	3420	21100
674	2522	21100
860	3261	21100
2042	2845	21100
678	3105	21200
577	3466	21200
46	3058	21200
2380	2771	21200
2074	3114	21200
551	2769	21200
87	2506	21300
804	2908	21300
2303	3294	21300
1864	3122	21300
438	3019	21400
2016	3117	21400
1816	3143	21500
1607	3183	21500
567	2961	21600
248	2941	21600
2272	3082	21600
2439	3426	21600
61	2671	21600
104	2972	21600
799	2868	21600
2150	2631	21600
1528	2818	21600
2424	3111	21700
1474	3113	21700
553	2893	21700
81	2902	21700
2470	2866	21700
1927	3203	21700
394	3376	21700
1686	2856	21700
57	3182	21700
782	3309	21800
1458	2594	21800
1953	3343	21800
2267	2695	21800
700	2999	21900
1312	2635	22000
702	3284	22000
1763	3242	22000
2301	2525	22000
738	2511	22000
219	2729	22100
206	2532	22100
1300	2767	22200
1792	2587	22200
1302	3275	22200
1140	2530	22200
2028	2764	22200
860	3070	22200
1043	2629	22200
930	3466	22300
225	2751	22300
1689	2719	22300
904	2749	22300
1263	3136	22300
1898	2981	22300
93	2927	22400
2154	2757	22400
101	3003	22400
1287	3124	22400
2096	3229	22400
946	3104	22400
410	3368	22500
1517	2776	22500
867	2579	22500
2499	3312	22500
2478	2919	22500
1933	2595	22500
375	3243	22500
2448	3091	22500
1283	2515	22600
377	2709	22600
108	3301	22600
502	3487	22700
1441	2602	22700
625	3423	22700
2435	3002	22700
1202	3325	22800
15	3190	22800
363	2726	22800
2254	2930	22800
2133	2983	22800
1947	3027	22800
107	2724	22800
43	2638	22900
1275	3462	22900
1112	3436	22900
2299	2502	22900
1199	2743	22900
2091	2570	22900
571	2655	23000
243	3381	23000
1111	3204	23000
1899	3362	23000
28	2913	23000
583	3407	23000
188	3115	23000
666	3382	23000
1250	2926	23000
1581	3292	23100
824	2807	23100
2022	2568	23200
1571	2714	23200
2175	2588	23200
1567	3301	23200
523	2788	23200
967	2628	23200
880	2690	23200
514	2560	23300
1704	3129	23400
666	2982	23400
458	2959	23400
2307	2603	23400
2057	3111	23500
1867	2757	23500
1637	2633	23500
2197	3421	23500
785	2879	23500
784	3298	23500
1683	3194	23600
448	3492	23600
231	2792	23600
1092	2541	23600
2398	2782	23600
1676	3125	23700
437	3284	23700
686	3388	23700
2288	2500	23700
664	3268	23800
571	3280	23800
803	3110	23800
1470	2729	23800
1893	3112	23800
1195	3450	23800
1210	2913	23900
2138	2792	23900
2125	2963	23900
63	2814	23900
341	2608	23900
468	3194	24000
642	2846	24000
1186	2666	24000
1632	3458	24100
2341	3175	24100
1844	2938	24100
2076	3434	24100
1746	3127	24100
173	2587	24200
2365	2613	24200
993	3152	24200
1667	3432	24200
1663	2857	24200
375	2511	24200
11	3012	24300
555	2565	24300
1011	3405	24300
536	2776	24400
2239	3030	24400
2173	3414	24400
1768	2822	24400
690	3418	24400
600	3070	24400
743	2526	24500
1058	2625	24500
1650	2926	24500
1256	3491	24500
1889	2685	24500
197	2862	24600
125	2544	24600
279	3476	24600
351	3017	24700
1742	3180	24700
1601	2970	24700
1212	2832	24700
391	3024	24700
668	2797	24700
678	2905	24800
2057	2526	24800
572	3139	24800
2200	3488	24800
1308	3191	24800
1449	3252	24900
1378	3135	24900
1547	2585	24900
1728	3027	24900
2094	3222	25000
2310	3463	25000
657	3357	25100
1418	2829	25100
654	3344	25100
1295	2594	25100
183	2557	25100
588	3449	25100
1252	3403	25200
2231	2727	25200
1003	3460	25200
1081	2789	25200
2412	2941	25300
1513	3362	25300
1248	3319	25300
1938	3259	25300
271	3135	25400
1586	3491	25400
646	3373	25400
1173	3229	25400
1094	3369	25500
902	3188	25500
1411	3247	25500
17	2796	25500
2024	3275	25500
1770	3304	25500
599	3305	25500
1904	3074	25500
1980	3265	25500
929	2978	25600
180	3127	25700
872	2664	25700
1943	2997	25800
1441	3006	25800
353	2906	25900
1299	3364	25900
409	3126	25900
682	3348	26000
2329	3467	26000
1840	2732	26000
2445	2728	26000
2075	3374	26000
2114	3228	26000
217	3269	26100
125	2680	26100
1510	2820	26100
647	3049	26100
234	2993	26200
1516	3083	26300
898	2892	26300
2193	2706	26300
412	2722	26400
400	3072	26400
276	3182	26400
1502	3449	26400
2449	2905	26500
1544	2852	26500
1623	3235	26500
105	2767	26500
1555	2506	26600
2400	3313	26600
1498	3083	26600
1798	2829	26600
578	2563	26600
2420	3186	26600
162	2629	26700
782	2530	26700
1680	3492	26700
1544	2886	26800
27	3012	26800
785	2642	26800
1835	2713	26800
1541	2714	26900
770	2759	26900
2103	2937	26900
1578	2878	26900
1958	2982	26900
1207	3330	26900
2496	3327	26900
2003	2789	26900
2211	2953	26900
775	2606	26900
562	2893	27000
2024	2830	27000
2148	3439	27000
790	2740	27000
2026	3133	27100
806	2924	27100
2342	2984	27100
1401	2844	27100
567	3469	27200
1240	3467	27200
1150	2625	27200
1796	2690	27200
2166	2597	27300
2260	2723	27300
1747	2801	27400
765	3322	27400
2367	3088	27400
2401	3037	27500
345	2503	27500
94	2718	27500
2298	3409	27500
1836	3373	27500
1494	2509	27600
2454	3345	27600
1143	2802	27700
1910	2729	27700
1011	3300	27700
325	3138	27800
997	3120	27800
165	3186	27800
1345	2883	27800
1454	2973	27900
983	2770	27900
713	3255	27900
1739	2598	28000
1512	3459	28000
996	2507	28000
1140	3309	28100
1488	2879	28100
1046	2660	28100
385	2975	28200
2195	3176	28200
1430	3479	28200
911	3497	28200
299	3311	28200
509	2655	28300
862	3438	28300
1154	3321	28300
1309	2742	28300
2264	3347	28400
1823	3199	28500
1213	2621	28500
1605	3441	28500
115	3189	28500
2235	2659	28500
637	3334	28500
92	3382	28500
196	2705	28500
2281	3491	28500
715	3337	28600
1367	2648	28600
266	3057	28600
1526	3385	28600
997	3228	28600
1096	3214	28700
103	3368	28700
742	2579	28700
1842	3439	28700
2446	3331	28700
209	3330	28700
288	3353	28700
2172	3237	28800
1675	2629	28800
1680	3152	28800
896	3229	28800
987	3250	28900
704	3278	28900
1870	2716	29000
2208	2908	29000
1233	3447	29000
759	3279	29000
414	3314	29000
2182	3467	29100
2441	2867	29100
2377	2782	29100
1090	2868	29100
2150	2984	29100
2117	3358	29200
1091	2944	29200
2316	2910	29200
356	3329	29300
832	3018	29300
178	2530	29300
869	2551	29400
2271	2888	29400
2333	2637	29400
1461	2681	29500
2197	2913	29500
1349	3215	29500
743	3127	29500
249	3199	29600
979	2880	29600
845	3085	29600
708	3121	29700
780	2931	29700
139	2852	29700
422	2691	29700
1169	3257	29700
1912	3374	29800
109	3196	29800
422	2961	29800
1909	2933	29900
1041	2874	29900
356	3302	29900
777	2831	29900
124	2826	29900
222	2516	29900
1436	2982	29900
1076	2523	29900
2104	3322	30000
291	3493	30000
960	3174	30100
44	2927	30100
2182	2969	30100
2332	3084	30100
572	3361	30200
2225	2630	30200
1210	3421	30200
294	3026	30200
2454	2552	30200
2456	3435	30300
1693	2891	30300
511	3454	30300
1157	2572	30300
298	2719	30300
1518	2806	30300
1570	2697	30400
2321	3071	30400
1392	2873	30400
13	2838	30400
121	3471	30400
1550	2933	30500
1734	3234	30500
435	2775	30500
38	3045	30500
1917	3096	30500
1042	2898	30500
1216	3385	30500
2289	2769	30500
393	3241	30600
971	3211	30600
274	2906	30600
210	3303	30600
2138	2892	30600
591	2816	30600
751	2538	30600
2489	2720	30700
2495	2979	30700
2486	3290	30700
2213	2782	30700
2218	2698	30800
475	2587	30800
1017	2725	30800
1686	3112	30800
1691	2578	30800
453	3026	30800
1419	2582	30800
902	2678	30900
1832	3129	30900
1099	3001	30900
1164	3230	30900
74	3159	30900
648	3433	31000
117	3213	31000
845	2633	31000
2025	3062	31000
1334	2690	31000
1574	2507	31000
822	2952	31000
1141	3125	31000
2105	3091	31000
1873	2957	31100
609	2716	31100
614	2616	31100
1955	2908	31100
969	3262	31100
2260	2964	31100
972	3314	31100
250	2528	31200
1715	3481	31200
135	2779	31200
69	2622	31200
479	2505	31200
2283	2776	31300
2450	2839	31300
2039	2946	31300
2192	2552	31300
1484	3121	31500
1985	2908	31500
1435	2761	31600
2124	2598	31600
1908	3273	31600
1432	2925	31600
139	2721	31700
1278	3323	31700
1941	2667	31700
652	3190	31700
2135	3169	31700
787	2965	31700
1482	3443	31800
635	2776	31800
2384	2650	31800
1096	2793	31900
251	3064	31900
1074	2601	31900
253	2666	31900
1133	2788	31900
1925	3266	31900
1775	2574	32000
630	2915	32000
1073	2645	32000
715	2537	32100
1659	3352	32100
550	2969	32200
646	3383	32200
1718	3367	32300
661	3083	32300
1962	3387	32300
753	2957	32300
46	3362	32300
1242	3389	32300
2288	2636	32300
836	2827	32400
182	2762	32400
1894	2878	32500
2346	3129	32500
86	2934	32500
1187	2811	32500
1741	3028	32500
1554	2721	32600
351	3082	32600
1466	3249	32600
2198	3329	32600
1064	3391	32600
1370	2506	32700
2217	2880	32700
1118	3472	32700
826	2688	32700
193	2936	32700
1416	2764	32700
755	2916	32700
1001	3342	32700
2412	3339	32800
240	2841	32800
2483	3450	32900
968	3465	32900
320	3042	32900
1203	2533	32900
1876	3231	33000
1524	2515	33000
1954	2632	33000
639	2913	33000
270	3055	33000
2434	2792	33000
1426	3332	33000
729	3122	33000
1348	2793	33200
958	3249	33200
1379	2884	33200
1398	2973	33200
2107	2891	33200
2127	2674	33300
430	2668	33300
1356	3058	33300
2466	3383	33300
653	3398	33400
1541	2874	33500
777	2635	33500
1329	3008	33500
543	3012	33500
211	3443	33600
2190	2884	33700
948	3417	33700
547	3419	33700
1239	2580	33700
112	3220	33800
1430	2523	33800
257	2624	33800
436	2943	33900
537	2875	33900
2261	2594	33900
1629	3087	33900
381	2868	33900
1336	3270	34000
1405	2833	34000
1304	2874	34000
1062	3232	34100
760	3393	34100
18	3369	34100
2093	3206	34100
1253	2555	34100
1786	3376	34100
695	3044	34200
2440	2831	34200
2215	3009	34300
1399	3140	34300
278	2693	34300
481	3273	34300
1205	2503	34300
796	2574	34300
172	2717	34400
472	3050	34400
1261	3432	34400
1380	3344	34400
438	2879	34400
1349	2984	34400
315	3280	34500
1244	3066	34500
1281	2668	34500
308	2633	34500
1134	2924	34500
63	3332	34500
2162	2897	34500
1098	3400	34600
2001	2824	34600
327	3055	34600
2006	2861	34600
631	3023	34600
1031	3252	34600
968	2898	34700
1915	3407	34700
239	2862	34800
2218	2679	34800
651	2587	34900
434	2712	34900
716	3045	34900
791	2562	34900
1101	3467	35000
522	2939	35000
562	2591	35000
915	2856	35000
2118	3314	35000
1758	2901	35100
20	3141	35100
972	2526	35100
800	2510	35200
2237	2584	35200
1406	2501	35200
235	3153	35200
706	3112	35200
2348	3345	35200
1722	3092	35200
1416	2968	35300
1727	2892	35300
732	2782	35300
2356	3352	35300
242	3309	35400
9	2888	35400
2443	3001	35400
1802	3497	35400
846	3475	35400
1084	2980	35400
418	3253	35500
1926	2974	35500
635	3268	35500
1756	2647	35500
1961	2854	35500
988	2969	35600
1368	3044	35600
2479	3132	35600
245	2982	35600
1473	3396	35600
440	3023	35600
1064	2742	35700
389	2510	35700
1855	2907	35700
1108	3183	35700
1960	2599	35700
307	2920	35700
2381	3005	35800
1052	3433	35800
2361	2716	35800
1897	3059	35800
2353	2703	35800
2191	3356	35800
1550	2529	35900
116	2840	35900
1792	3225	35900
2202	2545	35900
1739	3432	35900
2204	2566	35900
141	3263	36000
619	2534	36000
1922	2649	36000
2077	2504	36000
1896	3208	36000
1902	2932	36000
1010	2674	36100
1063	2947	36100
1320	3410	36100
1871	3187	36100
1787	2700	36200
1350	2554	36200
1053	3189	36200
265	2704	36200
2068	3248	36200
1856	3242	36200
2208	3152	36200
1780	2617	36200
2469	2686	36200
2466	2609	36200
880	2780	36200
2289	2724	36200
172	2812	36300
466	3089	36300
2200	2564	36300
1098	2645	36300
1857	3221	36300
2328	2737	36300
1175	2974	36400
747	2898	36400
770	3197	36500
1744	2786	36500
637	3347	36500
775	2925	36500
2164	3454	36600
190	3079	36600
279	2523	36600
1691	2828	36600
811	3260	36600
547	2885	36600
446	2529	36700
1645	3301	36700
1228	3161	36700
518	3031	36800
2279	3045	36800
415	2977	36800
24	2686	36800
271	2544	36800
857	3462	36900
160	2812	36900
734	3154	36900
242	2513	36900
2139	3103	36900
292	3079	37000
1483	3426	37000
1932	3354	37000
2419	2654	37000
1920	3472	37000
1931	3110	37000
2115	2671	37000
1687	2836	37100
1495	3095	37100
2241	2611	37100
1494	3405	37100
2278	2630	37200
1325	3141	37200
1209	3299	37200
1714	3423	37200
1752	3390	37200
1647	2942	37300
1788	2991	37400
195	2832	37400
2351	3396	37400
1887	3271	37400
2340	3034	37400
458	2967	37400
1731	2515	37500
388	3346	37500
1094	2693	37500
39	2725	37500
1808	2861	37500
443	2774	37500
373	3088	37500
1370	2965	37600
170	2600	37600
1876	3237	37600
511	3357	37600
123	3481	37600
1080	3163	37600
699	2803	37600
861	2739	37600
735	2817	37700
714	3349	37700
1585	2614	37700
1313	2564	37700
1806	3149	37700
655	2661	37700
990	2764	37700
627	3106	37700
2029	2542	37700
1669	2999	37700
1086	3058	37800
632	3086	37900
1284	2656	37900
1077	2569	37900
2134	2839	37900
799	3342	37900
1222	3077	37900
1123	2513	38000
948	3140	38000
1668	2838	38000
1228	3025	38000
662	2563	38100
1278	3336	38100
520	3217	38100
32	3042	38200
858	3208	38200
221	3380	38200
1694	3121	38300
1639	3131	38300
2128	3323	38400
164	2632	38400
605	3210	38400
1720	2751	38500
2109	3159	38500
468	2649	38600
1257	3348	38600
1051	3273	38600
2131	3379	38600
456	3305	38600
706	2728	38600
2053	2606	38600
2369	3443	38700
467	2555	38700
1292	3077	38700
1383	2932	38800
2064	2686	38800
2010	3090	38800
450	2842	38800
2005	3003	38900
1279	2502	38900
466	3033	38900
2237	3340	38900
2154	2518	39000
2298	2702	39000
266	3244	39000
783	3101	39000
76	3239	39000
1554	3119	39100
1623	2927	39100
1642	3131	39100
1330	2674	39100
213	2863	39100
1531	3375	39100
2222	3193	39200
926	3169	39200
1899	2848	39300
2228	3398	39300
2086	2811	39300
436	3232	39400
2494	2881	39400
1136	2689	39400
1115	2591	39400
2459	2746	39500
541	3355	39500
1004	3255	39500
155	2933	39500
1793	3005	39600
2136	3433	39600
1104	3015	39600
454	3492	39600
501	2589	39600
550	2616	39700
238	3355	39700
1102	3216	39800
347	2661	39800
616	2783	39900
599	2725	39900
2073	2828	39900
534	3112	39900
1643	3262	39900
120	2603	39900
1529	3257	39900
488	2836	40000
707	3191	40000
1489	2594	40000
883	2603	40000
1075	2945	40100
178	3309	40100
540	3394	40100
2391	2860	40200
2496	3148	40200
2300	2746	40300
758	3368	40300
2160	2894	40300
516	2828	40300
2168	3051	40300
389	3064	40400
247	3093	40400
2448	3257	40400
855	3465	40500
1931	3392	40500
2262	2583	40500
2387	2896	40600
767	3348	40600
1413	3408	40600
1986	2893	40700
204	3484	40700
634	2886	40800
541	2773	40800
123	2574	40800
1846	2739	40800
1327	2513	40900
122	3326	40900
581	3136	40900
1641	2647	40900
2451	3154	41000
2345	3138	41100
573	3483	41100
558	3135	41100
1176	3494	41100
2308	3375	41100
2355	3199	41200
1565	3191	41200
1479	3239	41200
1711	2967	41300
142	3219	41300
52	2955	41300
48	3140	41400
327	2728	41400
14	2634	41400
333	2638	41500
2276	3031	41500
1057	2833	41500
343	2957	41500
1786	2885	41500
1603	2708	41500
2293	2582	41500
2054	2900	41500
1468	3472	41600
2376	2909	41600
1443	2713	41600
1469	3237	41700
1226	2790	41700
1816	3216	41700
501	3292	41700
2176	2703	41800
405	2792	41800
1824	3047	41800
318	2959	41900
1799	2852	41900
675	2872	42000
758	3283	42000
300	3379	42000
1486	3430	42000
2444	2922	42000
393	2646	42000
1837	2518	42100
1951	2672	42100
2027	3496	42100
138	2798	42100
974	3220	42100
722	2507	42100
692	2865	42100
1613	3381	42200
877	2503	42200
1408	2786	42300
1790	3384	42300
2271	2867	42300
1901	2609	42300
1555	3253	42400
815	3015	42400
922	3300	42400
1114	3337	42500
488	3207	42600
809	3076	42600
1852	2929	42600
917	3105	42600
1209	3281	42600
2053	3289	42600
717	3324	42700
1701	2992	42700
2141	2579	42700
723	3400	42700
1019	3296	42700
378	3237	42800
2249	2746	42800
1672	3283	42800
1306	3407	42800
2395	3004	42900
1740	3166	42900
1764	3015	42900
1948	3333	42900
59	2960	42900
853	2637	42900
950	2658	43000
963	3329	43000
2342	3034	43000
2451	2556	43100
2452	3312	43100
1685	2807	43100
1979	2696	43200
938	3210	43200
1219	3076	43300
2400	3280	43300
1106	2504	43300
2447	2692	43300
2392	2671	43300
810	2765	43300
701	2926	43300
194	3397	43300
1089	3367	43400
1982	2676	43400
70	2932	43500
518	2921	43500
2060	2831	43500
1893	2861	43500
457	3068	43600
524	2626	43600
1365	2988	43600
254	2819	43700
1400	3378	43700
2055	2555	43700
1895	3255	43700
395	2554	43800
1083	3487	43800
2306	2566	43800
59	3195	43800
620	2935	43800
323	2524	43800
1600	3479	43800
694	2682	43900
2116	3313	43900
516	2916	44000
1324	2868	44000
2329	2616	44100
762	2682	44100
2038	2700	44100
512	3211	44100
687	2723	44100
658	2644	44200
1936	2848	44200
352	2566	44200
1408	3065	44300
1310	3042	44300
313	2581	44300
1593	3245	44300
54	2604	44300
335	2780	44300
2425	3218	44400
1327	2875	44400
457	2992	44400
903	2772	44400
796	3481	44400
1575	3296	44400
2456	2998	44500
1708	2691	44500
1038	3358	44500
2421	3142	44500
2021	2667	44500
818	2684	44500
746	2649	44600
1193	2613	44600
717	2556	44700
471	3452	44700
2020	3431	44700
362	2846	44800
1729	3399	44800
417	3157	44800
892	3375	44900
1602	3234	44900
994	2614	44900
1921	3461	44900
1859	2734	45000
1973	3379	45100
1498	2793	45200
140	2937	45200
56	3495	45200
554	3092	45200
1045	2881	45300
365	2877	45300
891	2656	45300
1282	3052	45300
801	3469	45300
262	3173	45400
2277	3430	45500
2426	2900	45500
609	2620	45500
2220	2848	45500
603	3285	45500
2248	2958	45500
713	2646	45500
303	2783	45600
1054	2802	45600
1963	2531	45700
1642	3436	45700
930	3173	45700
77	3380	45700
1911	2897	45700
2308	2965	45800
1161	2697	45800
825	2851	45800
1974	3477	45800
55	3156	45800
1975	2985	45800
670	3080	45900
2245	2633	45900
1590	3259	45900
2477	3127	45900
2485	3107	46000
1510	2917	46000
1803	2692	46000
1132	2899	46100
1320	3267	46100
1741	3075	46100
1618	2998	46200
495	3065	46200
113	2587	46300
557	2950	46300
1160	2955	46300
216	2719	46400
261	2749	46500
1165	2989	46500
1156	3346	46600
1362	3080	46700
2067	2738	46700
739	2939	46700
1473	3420	46800
1599	2534	46900
870	2684	46900
700	3475	46900
1044	3416	46900
1537	3196	47000
1777	2592	47000
1451	3469	47100
1452	2611	47300
374	2520	47300
1903	2954	47300
1142	2712	47400
2346	2604	47400
1407	3080	47500
1905	2644	47500
2317	3391	47600
2110	3286	47600
839	3291	47600
1380	2873	47600
1245	2591	47700
1558	3104	47700
1035	3381	47800
1226	2504	47800
220	3097	47800
2490	2786	47900
1461	3453	47900
2350	3292	47900
1796	2780	47900
2344	2624	47900
191	2804	48000
982	2885	48000
900	3289	48000
1258	2877	48100
114	3418	48100
1981	3104	48100
2270	2770	48100
1789	2775	48200
2198	2800	48300
688	3419	48300
412	2991	48400
2351	2617	48400
2437	2824	48400
16	3278	48500
2022	2971	48500
155	3271	48500
2340	2953	48500
2405	2679	48600
202	3414	48600
1915	2566	48600
2050	2548	48600
490	2814	48600
1395	2619	48700
485	3409	48700
1625	3215	48700
1490	3147	48800
889	3396	48800
1163	3237	48900
344	2863	48900
1298	2812	49000
1267	3116	49000
1569	3136	49000
1813	2695	49000
601	3221	49100
975	2531	49100
1059	2972	49100
1619	3469	49100
1285	2654	49200
2041	3395	49300
1707	3420	49300
1328	2863	49400
1527	2786	49500
1959	2756	49600
1243	2679	49600
933	2561	49600
1852	2998	49700
1751	3494	49700
2292	3130	49700
34	2985	49700
2447	3378	49800
2124	2849	49800
135	3396	49800
1070	2533	49800
1662	3418	49800
167	3193	49800
2069	2920	49800
330	2522	49800
1109	2891	49900
1671	3414	49900
2257	3105	50000
1361	3494	50000
1021	3246	50100
75	3196	50100
1566	2939	50300
566	2849	50300
1814	3097	50300
2302	2904	50300
1268	2727	50400
1853	3414	50400
190	3480	50400
1556	2710	50600
128	3459	50600
1575	2607	50600
1282	3285	50700
2033	3143	50900
508	3348	50900
602	3306	50900
1478	2974	51000
1967	3052	51000
1902	2695	51100
27	2678	51100
745	3048	51200
2062	3387	51200
2009	3144	51300
95	3194	51400
2352	2986	51500
1759	3482	51500
2021	3130	51600
1561	2660	51600
1882	2988	51600
2394	2980	51600
1371	2831	51700
2169	3355	51700
452	3266	51700
2140	2720	51800
1476	2961	52000
1751	2733	52000
1706	2917	52000
1202	2873	52000
2455	3020	52000
1527	3065	52100
421	3028	52100
1322	3226	52100
553	2591	52200
1811	2734	52400
2012	2819	52600
542	2744	52600
1874	2761	52700
348	2821	52700
893	2978	52800
2126	2854	52800
1040	3296	52900
1977	3146	52900
1093	2586	53000
187	2775	53000
374	3116	53000
1419	2915	53000
2373	3413	53100
446	2538	53200
2294	2905	53300
935	3098	53300
1449	3428	53300
1337	3300	53500
2080	3151	53600
982	3090	53600
1146	3074	53600
2102	2635	53700
523	2522	53700
2395	2664	53800
558	3426	54000
1800	3310	54000
1930	2697	54200
1790	3472	54200
591	2919	54200
2429	3454	54300
1906	3453	54400
927	2970	54500
92	2705	54500
1247	2813	54500
246	3438	54600
447	3287	54600
2411	2650	54600
44	2531	54700
1423	3215	54700
509	2767	54700
2360	2565	54700
2168	2766	54800
22	3368	54900
1589	3304	54900
455	3075	54900
1197	2651	55000
2416	3399	55000
1122	3195	55000
305	2713	55000
568	3488	55200
158	2676	55300
592	3476	55400
2232	3453	55500
1465	2507	55500
477	2777	55600
815	3145	55600
50	3310	55600
928	3312	55700
1608	2689	55700
2245	3141	55700
277	3333	55700
203	2659	55800
926	3342	55800
603	3347	55900
1640	2983	56000
1822	2524	56100
2159	3431	56100
1658	3361	56100
1585	3064	56200
613	3305	56200
1795	3386	56300
1580	3061	56300
331	2783	56400
1497	2565	56400
677	3177	56400
401	3440	56400
910	3214	56500
1136	3185	56500
1368	2830	56500
2295	2609	56500
1501	3314	56600
2233	2520	56800
939	2680	56800
1480	3355	56900
2472	2661	56900
1311	2838	57000
1459	2941	57100
2242	2596	57100
1220	3067	57200
1265	2940	57200
152	2634	57200
1225	3250	57300
1162	3003	57300
931	2817	57300
876	3424	57300
1945	3307	57300
1791	3274	57500
1433	3149	57500
1599	2896	57600
1884	3162	57600
2214	3184	57600
2313	2772	57600
230	3378	57700
1579	2859	57800
1736	3151	57800
1149	2979	57800
31	2854	57900
573	2890	58000
1181	3465	58100
2428	2581	58100
1993	3302	58200
1505	3078	58200
1316	3214	58300
1445	3473	58300
2184	3014	58300
2406	2632	58400
2037	2732	58400
2030	2853	58600
721	2900	58700
89	3278	58700
705	3387	58700
1150	3275	58700
2259	2800	58800
129	2644	58800
1982	2739	58800
2011	3207	58800
1318	2870	59000
2393	2784	59100
2410	2715	59100
1436	2524	59100
1450	2602	59100
929	2917	59300
1022	2824	59300
1703	3155	59400
1457	3064	59400
2273	2689	59500
2084	3282	59600
1393	2990	59700
282	2643	59700
2113	3216	59700
1828	2708	59700
312	3147	59800
184	2547	59800
619	2801	59900
1770	2702	59900
1496	2734	60000
1055	3118	60100
2205	3354	60100
193	3060	60100
447	2765	60200
1815	2504	60300
859	2620	60300
1065	3029	60300
1289	3107	60400
1364	3185	60500
1000	3341	60500
2359	3094	60500
1061	3231	60700
628	3395	60700
2023	3453	60800
278	3134	60800
465	3226	60800
1557	2770	60800
1604	3173	60900
2043	3131	60900
110	2750	60900
2098	3147	61000
618	3430	61000
2417	3486	61100
924	2847	61100
1717	3416	61100
70	2695	61200
1234	3052	61200
629	3392	61200
2408	3148	61300
2360	3098	61400
1844	2628	61500
1870	3248	61600
2203	3143	61600
364	3201	61600
82	2749	61700
905	2776	61800
823	3118	62000
2433	3322	62100
2366	2738	62100
1521	2610	62200
2226	3195	62200
1290	3380	62300
1536	2642	62300
263	3218	62400
1491	2571	62400
1460	2610	62600
791	2983	62600
1274	2970	62700
1414	2611	62700
1133	2687	62800
727	2672	62900
1821	2547	63000
1928	2573	63000
1287	3074	63000
1515	3191	63100
1391	3241	63200
309	3185	63300
1116	2771	63400
1745	3110	63500
822	3088	63500
1389	3395	63600
1058	3133	63800
650	3459	63800
2143	2720	63800
2131	2944	63800
360	3312	64000
513	2996	64300
264	2735	64300
548	2778	64400
74	3153	64600
793	3408	64600
921	3479	64600
2438	2636	64700
703	2772	64800
414	2651	65000
698	2809	65000
2332	2549	65100
42	2652	65500
2174	2789	65500
2315	2614	65700
2396	2552	65800
1807	2740	65900
289	3274	66000
226	2528	66100
2474	2914	66200
73	2884	66400
1805	3409	66400
441	3110	66400
1340	2694	66500
1666	3292	66500
2292	2667	66600
280	3495	66800
1644	2854	66900
1294	3181	66900
269	3212	67000
198	2743	67000
740	2548	67100
2039	3274	67300
1760	2972	67300
1663	2799	67400
2170	3017	67500
78	3322	67600
1154	2602	67800
2491	3487	67900
1178	2943	68000
535	2901	68000
1265	3131	68200
669	3181	68200
699	2737	68200
207	3386	68300
1456	3219	68300
895	3164	68300
1592	2570	68400
2390	2557	68400
1907	3495	68500
2031	2624	68500
2165	3060	68600
648	2679	68700
144	2602	68800
2242	3246	68900
1220	2810	69100
1522	3073	69100
154	2914	69200
1082	2573	69400
1023	2828	69400
285	2803	69500
2370	2970	69600
332	2823	69600
185	2666	69600
1448	2732	69700
113	2547	69900
617	3118	70000
1145	2518	70000
882	2894	70300
20	2715	70700
1442	3338	70800
669	3109	71100
1879	2884	71100
685	3454	71500
2189	2953	71500
1754	2573	71700
444	3175	71700
747	2853	71900
1624	3338	71900
409	3116	72000
1543	2552	72000
1104	3236	72200
2196	3150	72200
1018	3175	72400
1624	3245	72500
2092	2790	72600
293	2805	72700
724	3416	72900
2135	2911	73000
848	3272	73100
337	2983	73100
493	3339	73200
1086	3411	73200
1799	2886	73300
378	3059	73300
1918	2723	73300
1831	3044	73400
2374	2847	73400
1875	2646	73500
1487	2573	73500
1499	2719	73500
338	2810	73600
2068	2734	73800
491	3437	73800
1288	3460	74000
99	3078	74100
1722	2808	74200
1513	2596	74300
1558	3277	74700
870	3488	74700
151	2978	74800
2240	2578	74800
1131	3266	74900
2238	2778	75000
498	2825	75400
649	3367	75500
1570	2912	75900
1697	2861	75900
1492	2572	76100
825	3093	76200
1761	3457	76300
306	2821	76400
2106	2765	76700
983	3209	77100
2081	2797	77300
1863	2538	77300
1637	3085	77500
1610	3177	77700
862	3145	77800
1956	3411	77900
769	3447	78100
832	2966	78300
2072	2775	78400
993	2502	78400
163	3148	78600
1383	3214	78600
1385	3238	78700
21	2935	78700
1082	3201	78800
830	2851	78900
673	3158	78900
2036	3474	79000
1142	3059	79500
2314	3230	79500
367	3399	79600
663	3436	79700
1719	2964	79800
570	3395	79900
891	3384	79900
868	2720	80100
1373	2857	80200
286	2586	80300
287	3073	80500
653	3366	80500
207	3107	80800
1425	2659	80800
469	3380	80800
922	2732	80800
232	2620	81100
1500	3496	81200
478	3317	81200
1377	2777	81400
2061	2687	81400
1077	3329	81500
2419	3109	81600
2284	3246	81800
462	2815	82000
1578	3370	82600
899	3297	83000
83	3068	83000
2373	3201	83000
665	2911	83200
1810	3028	83300
1973	2561	83400
1440	2665	83400
370	2687	83500
851	2897	83600
662	3188	83800
259	2907	84100
2100	3272	84100
1646	3321	84200
650	3461	84300
1284	3474	84400
663	3256	84800
1988	2592	85000
2234	2727	85100
2034	3325	85100
41	3499	85200
1085	3091	85200
710	2940	85300
897	3039	85400
431	2950	85500
1974	3089	85600
1222	3484	85600
1952	3299	85700
1235	2628	85800
1976	3446	85900
1626	3371	86500
1666	2994	86700
683	2871	86900
1243	2698	87100
168	2687	87200
1670	2628	87400
72	2894	87600
132	2549	88000
1587	2907	88100
1871	3277	88400
560	3410	88900
1333	2822	89000
1422	2889	89100
1626	3297	89400
847	2922	89400
530	3291	89500
2276	2921	90500
2011	3254	90800
582	2753	90800
2016	3258	90900
1357	3489	91500
585	3410	91600
284	3434	91700
2059	3336	91900
644	3124	92100
661	3277	92400
2487	3040	92500
737	3359	92600
1658	3059	92700
1382	3136	93000
1273	2557	93000
348	2753	93300
1288	3457	93700
905	3008	94000
2275	2528	94100
833	2986	94200
1710	3412	94200
1020	2803	94200
1402	3423	94400
1307	3158	94600
1521	3437	94900
49	3360	95000
1872	2995	95000
1230	3478	95200
606	2935	95700
851	3108	96200
672	2855	96400
985	2813	96500
1152	2820	96600
2199	2779	96600
915	3019	97100
2267	2914	97200
863	3295	97500
355	2615	97500
2467	3478	97800
992	2821	98300
2318	3172	98500
476	2615	99200
150	3299	99300
1249	2853	99400
2311	2741	100000
2194	3008	100100
778	3347	100200
1339	2698	100400
285	2835	100400
1323	3043	100900
86	2772	100900
264	3321	101000
1105	2580	101600
749	2610	101700
245	2660	101700
1236	3171	102200
1376	3132	102400
2185	2954	102500
427	2523	102500
1660	3325	103000
874	3056	103600
1057	3428	103700
66	3328	103800
1614	2902	104600
519	2994	105200
150	2822	106200
765	3022	106400
1235	2938	107400
158	2665	107400
130	2954	108000
1782	3244	108000
482	3264	108100
56	3465	108300
693	2978	110100
549	2501	110700
246	2568	111200
1848	3076	111700
2382	2626	112000
1248	3170	112800
1723	3351	113400
2108	2773	114100
2462	2680	114200
2418	3202	114400
1888	2590	114900
1415	3272	115500
1431	3442	115800
444	2760	116300
1964	3087	116400
2418	2795	116400
1192	3207	116600
988	2817	116800
795	2657	116800
1981	2593	116900
2386	3428	117100
841	2707	117300
410	3250	117400
858	3429	117800
984	3150	118400
499	2914	118500
953	3184	119100
1185	3339	119200
907	2808	119600
470	2683	119700
2216	3438	120100
1453	2686	120800
2054	2653	121000
879	2570	121200
981	3412	122000
2029	2549	122500
1241	2952	122900
439	2820	123200
45	2799	123200
1865	3287	123600
1850	2943	123900
1192	3254	124800
416	2578	125500
1978	3455	126400
187	2521	127300
1241	2857	127700
1236	2677	128000
1447	3246	128100
2461	3254	129400
1969	2558	129700
772	2532	130000
2153	2718	131100
311	2938	131500
2257	3298	134100
1409	2601	134400
1888	2709	134400
2283	3008	136100
1747	3386	136900
99	2996	138200
2094	3333	138200
842	3215	138200
2142	2584	139500
1924	2996	139900
62	2543	140300
2467	3209	140400
1646	2618	141400
1509	2820	141600
179	2532	142000
1124	2972	142400
376	2795	143400
2176	2832	143700
1198	3202	143800
304	3262	143800
2163	2510	144200
239	3068	144300
1002	2889	144500
1382	3230	145500
1996	3322	145600
334	3107	146700
584	2653	146800
2410	3056	147100
839	3150	148100
1238	3240	148300
773	2855	148500
359	3478	149000
1675	2966	149300
1018	2760	149900
879	2706	151200
1081	2549	152700
1938	3224	154700
2210	2590	155100
1765	3184	155500
1714	2778	157900
691	2922	158300
308	2801	158600
2153	3145	159000
1509	2553	159200
1753	2755	159500
179	2744	161200
1896	3236	163400
1325	2715	164000
1729	3162	165800
534	3054	166300
252	3163	168200
1723	3340	168400
384	3420	170600
2172	3231	171300
2290	3371	172300
2319	3056	172700
1712	3036	173400
2290	3425	175800
939	2882	177000
1766	2670	177900
1224	2899	178900
1868	2822	179300
1255	2930	179700
940	2778	179700
740	3488	180000
401	3297	180000
1420	2900	182300
1627	2599	183900
1621	2979	184800
1598	3422	185500
945	2553	186300
1218	2961	191800
463	3171	192100
1272	2979	192500
37	2765	193000
665	3271	193200
162	2966	196800
1009	3353	196800
426	2842	197500
188	3097	198400
151	2553	198600
1045	2682	200100
17	3336	200200
712	2907	201200
368	2904	201700
109	2922	202300
2090	3069	203300
2274	3328	203600
334	3371	204700
1934	3224	205100
1777	2707	206100
1196	3056	206800
1916	3306	209100
1387	2890	209800
439	2553	209800
1525	2962	209800
420	3499	212100
1545	3368	213800
736	2731	215000
990	2753	215000
1113	2704	217200
2073	3360	218300
1864	2550	219600
183	3350	220600
2330	3103	224000
1342	2704	225100
1184	2962	225700
1023	3360	226200
361	3304	226500
1422	3238	227500
1397	3455	228100
2177	3366	229600
2042	2766	231000
1549	2832	232700
1572	3444	234600
2178	2635	234900
526	3135	237300
2319	2715	239400
2008	3444	240400
1677	2707	240700
834	3094	240800
2389	2750	244300
359	3004	245000
2144	3032	245600
2015	2745	246300
1737	2904	246600
2120	3380	247600
623	2872	247700
1013	2921	248000
2177	3145	248100
198	3424	248700
2130	3324	250800
1149	2745	252500
1024	3158	256200
1440	2750	259300
80	3113	266000
2143	3057	266800
68	3339	266900
1180	2682	267900
1820	2835	269400
58	3144	269600
2014	3188	271100
2210	3389	272000
821	3135	276600
2484	3440	280300
856	2548	281100
527	2532	285000
1615	2937	285700
433	3200	285900
1402	3177	286300
110	3279	289000
432	2743	291200
2132	3134	296200
587	3200	299100
2313	2823	303400
1677	2706	308100
2095	3377	316400
1317	3240	320500
233	2806	322900
1847	3363	324500
2080	3144	327800
2399	2589	329100
1208	3311	329500
1476	3061	332100
1429	2601	332500
1588	3170	333700
2097	3170	335500
2371	2533	336300
2058	3036	337900
