1294	3199	200
365	2679	200
1897	2689	200
2060	2590	200
2235	2882	200
573	3288	200
1491	2895	200
1469	2751	200
42	3096	200
1088	2940	200
1526	2615	200
2095	2982	200
1443	3055	200
1990	3473	200
339	3171	200
1465	2956	200
40	2821	200
1534	2507	200
170	3268	200
888	3238	200
857	2629	200
1073	2534	200
725	3415	300
2290	2734	300
511	3372	300
1963	3369	300
2242	2990	300
2060	3483	300
1072	2514	300
1955	2908	300
1706	2853	300
1444	2996	300
2073	3098	300
2183	3435	300
964	2866	300
615	3178	300
547	3101	300
713	3207	300
304	2894	300
733	2552	300
330	2903	300
2109	2779	300
1837	3100	300
1206	3469	300
120	3259	300
267	3225	300
2167	2605	300
1696	3091	300
1105	3086	300
999	3182	400
575	2649	400
1293	2716	400
562	3387	400
118	2896	400
657	2737	400
1620	2581	400
1637	3139	400
2264	2590	400
566	3323	400
899	3043	400
2346	3251	400
325	3351	400
380	2913	400
798	2954	400
1690	3455	400
186	3424	400
662	2924	400
1480	3285	400
1944	2675	400
1360	3365	400
496	3485	400
1394	3191	400
191	2884	400
2486	3488	400
520	2555	400
724	3062	400
1235	3479	400
1746	2921	400
1824	3017	500
1420	2877	500
1485	2937	500
2400	3194	500
2099	3302	500
1740	3436	500
1566	3116	500
1285	2654	500
2397	2563	500
1654	2785	500
1763	2997	500
20	2924	500
1028	3085	500
324	3321	500
1952	3421	500
1011	2597	500
1812	2671	500
592	2601	500
2496	2930	500
1100	2839	500
1534	2706	500
386	3449	500
2463	3300	500
290	3125	600
315	2872	600
248	3209	600
1293	3274	600
2381	3071	600
93	3368	600
1013	2656	600
282	3454	600
685	3121	600
1344	2738	600
815	3291	600
762	2784	600
1506	2873	600
2226	3494	600
1123	3138	600
1759	2826	600
742	3288	600
1589	3275	600
195	2754	600
1768	3353	600
2269	3033	600
357	3024	600
2341	2687	600
1749	3177	600
771	3211	600
327	2582	600
127	3174	600
602	2770	600
1852	2629	600
1466	3263	600
1929	3252	600
2154	3339	600
1068	2706	600
1449	3468	700
2387	2738	700
1025	2656	700
2471	3111	700
2385	2712	700
2019	2700	700
1190	2573	700
684	3334	700
1513	3459	700
556	2947	700
1839	3036	700
1150	2997	700
1915	2715	700
1805	2665	700
1840	3108	700
2263	2958	700
427	3178	700
853	2763	700
1738	3062	700
2335	3434	700
2262	3311	700
2240	3327	700
1069	2860	700
1574	3231	700
1073	3298	700
317	3037	700
835	3034	700
1746	2965	700
2309	3469	700
498	3361	700
1592	3086	700
157	2554	800
851	2953	800
515	2695	800
237	3313	800
1492	2746	800
1479	2833	800
570	3100	800
664	2556	800
1599	2569	800
899	2639	800
639	2798	800
533	2648	800
2493	3188	800
1753	2663	800
1375	3246	800
1841	2867	800
759	2687	800
1277	3255	800
1453	2671	800
169	3136	800
2035	2711	800
1044	2844	800
2083	2981	800
982	3445	800
1581	3076	800
656	2636	800
1508	2525	800
668	2965	800
641	2647	800
2232	3214	800
720	3279	800
1236	2967	800
2449	3462	800
960	3280	800
2118	3444	800
217	2975	900
1055	2694	900
1866	2891	900
83	2817	900
1747	2800	900
891	3384	900
177	3218	900
2423	2878	900
1302	2548	900
1674	3312	900
620	2524	900
620	2520	900
714	2917	900
352	2996	900
1249	3256	900
782	2758	900
1591	3498	900
1884	3132	900
1969	2696	900
369	2847	900
2183	3440	900
24	3319	900
504	2968	900
644	3488	900
707	2604	900
668	2559	900
781	2956	900
329	3105	900
1543	3470	900
2118	3165	900
2401	3386	1000
2038	2767	1000
1380	3370	1000
203	2761	1000
1333	3323	1000
2128	2830	1000
2058	2991	1000
839	3232	1000
978	3379	1000
527	2630	1000
1745	2692	1000
1173	3097	1000
2437	3069	1000
581	3290	1000
1445	2744	1000
1895	3428	1000
1731	2645	1000
381	3345	1000
1843	3079	1000
2215	2975	1100
2277	3430	1100
1251	2543	1100
2444	2607	1100
1626	3324	1100
1914	2759	1100
2323	2802	1100
1527	3458	1100
658	2893	1100
566	3370	1100
981	3433	1100
1896	3496	1100
182	3299	1100
1287	2796	1100
2292	2743	1100
2343	2752	1100
1335	3418	1100
1246	2968	1100
673	3051	1100
595	2604	1100
2006	3355	1100
1263	3075	1100
2314	2527	1100
34	2839	1100
829	3307	1100
183	3268	1100
2181	2770	1100
2266	3112	1100
249	3297	1100
842	2984	1100
1165	2664	1100
900	3122	1100
1075	2886	1200
1962	2634	1200
725	3004	1200
101	2560	1200
1178	3166	1200
1010	3045	1200
714	2548	1200
1723	2654	1200
2077	2751	1200
433	2834	1200
2296	3212	1200
1851	3232	1200
2268	3382	1200
2469	2571	1200
533	3158	1200
1994	3356	1200
579	2662	1200
2436	2944	1200
2074	3396	1200
2037	3405	1200
549	3127	1200
1056	3238	1200
256	2562	1200
2448	3468	1200
536	2556	1300
1461	3161	1300
1252	3100	1300
741	2889	1300
1736	2526	1300
2098	3474	1300
2282	2598	1300
954	2668	1300
309	2620	1300
497	3192	1300
2092	3118	1300
1327	2545	1300
1839	3417	1300
2306	2997	1300
1671	3152	1300
2142	3168	1300
782	2754	1300
1151	3132	1300
7	3078	1300
73	2702	1300
1628	3106	1300
890	3319	1300
856	2744	1300
440	3190	1300
1646	3028	1300
1203	2690	1300
252	3001	1300
2201	3359	1300
1502	2546	1300
2193	2570	1300
2357	2842	1300
470	2817	1300
465	3489	1300
2354	2899	1300
661	2777	1400
2308	2891	1400
739	2793	1400
801	3266	1400
863	3454	1400
867	2616	1400
1469	3093	1400
1740	3367	1400
1624	3188	1400
1189	3168	1400
1969	2760	1400
2199	2536	1400
456	3382	1400
2007	3258	1400
1836	3311	1400
2061	2904	1400
163	2815	1400
721	3214	1400
1239	2624	1400
671	3427	1400
667	3238	1400
1843	2937	1400
1837	2959	1400
1055	3125	1500
515	2506	1500
1405	2685	1500
2459	2746	1500
2219	2759	1500
432	3465	1500
2429	2654	1500
736	2873	1500
676	3236	1500
747	2947	1500
1514	2908	1500
1181	3452	1500
2439	2798	1500
17	3490	1500
2434	2524	1500
153	3299	1500
1606	3448	1500
314	3018	1500
2265	3090	1500
1985	2661	1500
368	3422	1500
1369	2780	1500
569	2818	1500
1916	3257	1500
127	3406	1500
2085	3053	1500
1110	3086	1500
1321	2874	1600
1030	2927	1600
546	2658	1600
1326	3331	1600
552	3358	1600
2127	2627	1600
360	3189	1600
610	2800	1600
1107	3309	1600
1454	3022	1600
1593	3422	1600
779	3457	1600
449	2824	1600
449	2918	1600
2108	2804	1600
1401	2854	1600
2120	2719	1600
1977	3153	1600
500	2771	1600
1353	2866	1600
492	3428	1600
1188	3441	1600
1556	2803	1600
156	3241	1600
33	3095	1600
2294	2721	1700
2405	3202	1700
2091	2685	1700
2246	2659	1700
435	2632	1700
885	3490	1700
1595	3141	1700
1463	2960	1700
279	2782	1700
660	2726	1700
1705	3203	1700
650	2890	1700
2263	3136	1700
110	3423	1700
112	3149	1700
1263	3290	1700
523	3069	1700
1286	2861	1700
65	2899	1700
1384	2653	1700
1407	2975	1800
93	2905	1800
243	2846	1800
2044	2742	1800
131	2969	1800
2234	2659	1800
1440	2700	1800
2284	2862	1800
1386	3197	1800
2462	2693	1800
409	2871	1800
774	3006	1800
226	3162	1800
1831	2692	1800
1668	3085	1800
993	2974	1800
513	2977	1800
920	3287	1800
387	3205	1800
1446	3203	1800
1186	2743	1800
2094	3190	1800
613	3460	1800
2498	3103	1800
1328	3193	1800
2344	3279	1800
864	3408	1800
2435	3183	1800
757	2780	1800
1489	2983	1800
861	3306	1800
1949	3363	1900
1315	2971	1900
60	3225	1900
1067	2517	1900
832	3450	1900
2370	2620	1900
203	3370	1900
1265	3452	1900
929	2648	1900
247	3085	1900
1539	3058	1900
1183	2686	1900
697	3020	1900
889	3143	1900
1450	3247	1900
1803	2743	1900
1942	3070	1900
2131	3355	1900
974	3383	1900
1154	3341	1900
1273	3104	1900
1681	2795	1900
835	3359	1900
294	2911	1900
1125	3053	1900
1617	2966	2000
95	3053	2000
1197	3155	2000
290	3067	2000
1676	2560	2000
1932	3433	2000
2206	2680	2000
521	3111	2000
1679	2623	2000
1894	3029	2000
210	2693	2000
981	3370	2000
2334	2830	2000
976	2547	2000
250	3481	2000
1921	3340	2000
532	3377	2000
510	3006	2000
303	3351	2000
877	2626	2000
1919	3488	2000
2318	3039	2000
966	2730	2000
1164	2527	2000
1861	2981	2000
1419	3243	2000
317	3292	2000
470	2695	2000
634	2886	2000
1232	2786	2100
2457	3227	2100
439	2620	2100
2282	3442	2100
796	2801	2100
617	2614	2100
413	3483	2100
212	3015	2100
2362	3421	2100
1223	2652	2100
2089	3070	2100
1651	3420	2100
1233	3106	2100
2455	2958	2100
1254	2688	2100
154	3478	2100
1835	2522	2100
1130	3441	2100
2454	3345	2100
376	2575	2200
207	3254	2200
1540	2829	2200
1826	3192	2200
912	3367	2200
2214	3208	2200
2487	3106	2200
1094	3058	2200
805	2735	2200
2430	2551	2200
1059	2753	2200
944	3117	2200
2403	3401	2200
686	3338	2200
52	3129	2200
2018	3090	2200
964	2582	2200
737	2999	2200
490	2612	2200
1716	3257	2200
545	2806	2200
1137	3431	2200
348	2967	2200
2066	2606	2200
362	2816	2200
1484	3226	2200
2126	3300	2200
1602	2538	2300
1729	3111	2300
658	2833	2300
1923	2830	2300
881	2510	2300
617	2573	2300
1190	3162	2300
494	2772	2300
495	2520	2300
873	3272	2300
2030	3452	2300
275	2934	2300
2469	2798	2300
1463	3439	2300
690	3380	2300
221	3172	2300
1117	3014	2300
949	2637	2300
731	2718	2300
1127	2585	2300
831	3157	2300
326	2920	2300
2391	3214	2300
1950	3342	2300
1576	3469	2300
1616	2685	2300
1964	2959	2400
2023	3079	2400
289	3109	2400
735	3273	2400
2027	2859	2400
885	2551	2400
525	2630	2400
1647	2831	2400
1006	3130	2400
46	2530	2400
906	3421	2400
884	2936	2400
1396	3397	2400
2159	3108	2400
252	2701	2400
340	2673	2400
754	2780	2400
2408	2916	2400
870	2808	2400
97	2559	2400
824	3279	2400
249	2810	2400
1670	2748	2400
665	2787	2400
2151	2622	2400
257	2766	2400
1703	2925	2500
1156	2625	2500
1813	2680	2500
601	2951	2500
1432	2700	2500
2186	2901	2500
1300	3128	2500
953	3201	2500
296	3251	2500
803	3365	2500
1108	2915	2500
2271	2735	2500
1645	2753	2500
359	2910	2500
158	2665	2500
1504	3151	2500
260	2615	2500
1561	2726	2500
615	2608	2500
1960	3072	2500
1224	3306	2500
1040	2903	2500
1580	2685	2500
1437	3239	2500
60	3249	2600
596	3273	2600
2330	3438	2600
2098	3486	2600
351	2727	2600
1399	2820	2600
2311	3128	2600
961	2751	2600
1470	3204	2600
494	3432	2600
2009	3048	2600
1172	3006	2600
1783	2512	2600
2351	3413	2600
1853	3033	2600
865	3447	2600
749	2652	2600
438	3220	2600
2464	2844	2600
846	2550	2600
337	2755	2600
1731	2534	2600
1020	3320	2700
2285	3237	2700
1517	3073	2700
601	3118	2700
826	2729	2700
543	2692	2700
1266	2702	2700
1249	3377	2700
78	3013	2700
469	3117	2700
2319	3151	2700
1652	3019	2700
1005	2916	2700
1211	2608	2700
1473	3060	2700
969	2566	2700
1773	3193	2700
1574	2507	2700
1359	2816	2700
814	3313	2700
1113	2508	2800
1790	2526	2800
546	3176	2800
698	3154	2800
2426	2682	2800
694	3133	2800
702	3029	2800
1482	2945	2800
2256	2820	2800
474	2588	2800
1093	2596	2800
164	3482	2800
1903	3421	2800
684	3179	2800
1070	3394	2800
1952	3051	2800
1515	2613	2800
1733	2690	2800
280	2501	2800
1769	2897	2800
1796	3305	2800
1659	2708	2800
2450	2956	2800
879	3428	2800
2378	2994	2800
744	2741	2800
1039	3345	2800
1309	3088	2800
1138	3002	2900
1858	3213	2900
1757	2508	2900
2068	3073	2900
505	3161	2900
1923	2553	2900
1867	3349	2900
2190	3348	2900
1319	3318	2900
2472	3294	2900
882	2713	2900
537	3168	2900
986	2792	2900
1970	3498	2900
1129	3380	2900
1978	2749	2900
49	3360	2900
229	3402	2900
1561	2936	2900
270	3190	2900
1254	2814	2900
1000	3136	2900
1691	2541	2900
724	2707	2900
1665	2964	2900
545	2673	2900
1337	3049	2900
627	2582	2900
563	3102	2900
2134	3464	2900
2391	2666	2900
1182	3449	2900
393	2605	2900
2164	3083	3000
2044	2627	3000
2303	2882	3000
1954	2935	3000
1402	2928	3000
1928	2781	3000
2096	3126	3000
51	3261	3000
1607	2637	3000
1239	2670	3000
1068	2605	3000
1675	2807	3000
1462	2953	3100
2480	2971	3100
1964	2789	3100
1542	2812	3100
577	2891	3100
2285	2605	3100
1852	3337	3100
2176	2827	3100
2218	2969	3100
1166	3167	3100
2416	3118	3100
1701	3308	3100
959	3375	3100
1400	2876	3100
800	3286	3100
1181	2705	3100
1832	3477	3100
794	3485	3100
2140	3039	3100
2428	3242	3100
1707	2549	3100
1204	3205	3100
2295	2564	3100
693	3191	3100
2001	3217	3100
1248	3190	3100
74	3019	3100
41	2723	3100
633	3289	3100
223	3112	3100
678	2642	3100
789	2646	3100
1345	2757	3100
2300	3121	3200
1049	2946	3200
1937	3133	3200
1350	2941	3200
2024	3132	3200
876	3185	3200
1668	3018	3200
56	3203	3200
456	3328	3200
644	2558	3200
1684	2687	3200
1080	3397	3200
548	2637	3200
967	2861	3200
788	3305	3200
2003	2628	3200
1650	2594	3200
2251	3028	3200
2418	2657	3200
766	3207	3200
1918	2778	3200
2162	3271	3200
2497	3266	3200
1082	2653	3200
777	3100	3300
255	3123	3300
2329	2761	3300
457	3109	3300
198	3180	3300
583	3494	3300
187	2898	3300
1265	3344	3300
1412	3336	3300
682	3392	3300
0	2602	3300
580	2750	3300
673	3144	3300
1442	3052	3300
23	3383	3300
86	2512	3300
119	3175	3300
933	2805	3300
1494	2583	3300
1769	2861	3300
2431	2725	3300
327	2816	3300
732	2841	3300
145	3327	3300
399	2711	3300
538	2965	3300
2383	2562	3300
738	3017	3400
91	3073	3400
1695	3223	3400
2137	2925	3400
1850	3284	3400
1498	3109	3400
1299	3016	3400
141	3009	3400
1788	3303	3400
1118	2880	3400
79	2640	3400
1417	3018	3400
466	3474	3400
1940	2995	3400
295	2521	3400
606	3455	3400
1490	3429	3400
2245	2536	3400
1669	2782	3400
387	2814	3400
1985	2867	3400
1023	2542	3400
82	2799	3400
321	2856	3400
1531	3169	3400
2031	2987	3400
321	3359	3400
1621	2724	3400
428	2780	3400
2266	3077	3400
224	2607	3400
1485	3063	3400
1947	3210	3400
2425	2538	3500
1095	2543	3500
1889	3025	3500
1776	3223	3500
557	3161	3500
505	2656	3500
2141	3029	3500
1178	3119	3500
2406	3378	3500
175	2775	3500
1054	2917	3500
241	2977	3500
513	3242	3500
441	2888	3500
1003	3007	3500
516	2565	3500
598	3074	3500
2015	2979	3500
2293	3023	3500
1641	3279	3500
2257	3283	3500
708	2835	3500
1756	2567	3500
1467	2529	3600
2381	2757	3600
1145	3346	3600
804	2785	3600
698	3371	3600
2127	2669	3600
1354	3038	3600
1639	2954	3600
1789	3411	3600
1234	3052	3600
2199	2752	3600
1260	2602	3600
258	2934	3600
114	2686	3600
929	2853	3600
779	2718	3600
24	2688	3600
467	2940	3600
50	3124	3600
1547	3255	3600
74	2561	3600
281	3355	3600
2192	2841	3600
67	3146	3600
2463	2723	3600
1800	3443	3600
356	3227	3700
388	2554	3700
709	3254	3700
2230	2943	3700
2401	3059	3700
336	3286	3700
2278	2895	3700
805	3379	3700
1017	2887	3700
1855	3258	3700
447	2730	3700
280	2719	3700
1600	3457	3700
372	3261	3700
1147	3047	3700
1621	3077	3700
1085	2865	3700
223	2975	3700
670	2846	3700
445	2603	3800
1632	2656	3800
1613	3337	3800
1500	3293	3800
1730	3166	3800
322	2800	3800
1608	3384	3800
1522	2727	3800
151	2820	3800
1024	2832	3800
334	3389	3800
1438	3448	3800
1255	2652	3800
2073	3144	3800
868	2955	3800
279	3285	3800
56	2926	3800
1588	2533	3800
1363	3146	3800
1247	2813	3800
355	3035	3800
549	3391	3800
22	2611	3900
1885	3034	3900
1718	3484	3900
162	2929	3900
797	2598	3900
2485	2689	3900
1150	3349	3900
208	2951	3900
802	2785	3900
1948	3006	3900
332	3388	3900
1638	3134	3900
646	2936	3900
420	2602	3900
2028	2828	3900
600	2838	3900
2094	2509	3900
940	2585	3900
1777	3315	3900
2436	3434	3900
785	3054	3900
938	3408	3900
860	2619	3900
921	2845	3900
1743	2650	3900
2051	3213	3900
1185	3002	4000
1626	3425	4000
318	2905	4000
919	2946	4000
1877	2590	4000
1271	2772	4000
1379	3285	4000
1171	2849	4000
59	2549	4000
1076	2684	4000
323	2837	4000
323	3491	4000
1367	2792	4000
2185	2978	4000
1971	3255	4000
1845	3177	4000
1098	2987	4000
1748	2842	4000
1871	3010	4000
1228	3410	4000
276	2774	4000
623	3026	4100
43	2864	4100
1732	3194	4100
1310	3323	4100
1323	3321	4100
1038	3392	4100
1257	3486	4100
758	2875	4100
138	3351	4100
2446	3389	4100
135	3318	4100
1956	2754	4100
2121	2958	4100
1497	3304	4100
132	3446	4100
2418	2500	4100
1291	3049	4100
1835	3306	4100
692	2622	4100
1726	2600	4200
1693	2886	4200
246	3357	4200
2404	2649	4200
461	3280	4200
1377	3425	4200
2079	2667	4200
433	3349	4200
146	3018	4200
1505	2928	4200
923	3147	4200
2169	3385	4200
231	2892	4200
111	3074	4200
1005	2797	4200
2174	3183	4200
2482	3475	4200
936	3343	4200
431	3223	4200
708	3104	4200
2307	3391	4200
1324	3125	4300
1476	3489	4300
263	3270	4300
457	2699	4300
597	3481	4300
1856	3375	4300
1702	2513	4300
510	2890	4300
2445	2782	4300
64	2907	4300
2131	3040	4300
1436	2999	4300
1230	2768	4300
1935	2501	4300
983	3419	4300
1773	2583	4300
799	2552	4300
1965	3156	4300
1830	2505	4300
2109	3361	4300
1862	2529	4400
2065	2683	4400
509	2572	4400
1459	2993	4400
2170	3291	4400
525	2913	4400
2	2574	4400
727	2831	4400
903	2888	4400
1657	2720	4400
438	3319	4400
1973	3229	4400
541	3247	4400
283	3435	4400
2189	3211	4400
326	3473	4400
1292	3193	4400
1649	3031	4400
1322	3484	4500
1213	2679	4500
2490	2817	4500
838	3167	4500
741	3068	4500
2490	2891	4500
578	2667	4500
136	3184	4500
2190	3442	4500
2228	2669	4500
1914	3364	4500
2022	3181	4500
823	2620	4500
1831	3487	4500
219	2997	4500
1140	3106	4500
1307	2750	4500
415	3000	4500
222	3362	4500
1260	3340	4500
1497	2978	4500
2188	3090	4500
1901	2814	4500
1847	3081	4500
2468	3160	4500
1238	3156	4500
685	2993	4600
629	2563	4600
2036	3192	4600
1094	2928	4600
205	2855	4600
130	3013	4600
806	3070	4600
1092	2599	4600
860	3183	4600
1524	3123	4700
445	2679	4700
1859	2949	4700
550	2931	4700
2256	3012	4700
164	2772	4700
234	3085	4700
1702	3219	4700
2254	3057	4700
1735	2828	4700
1007	2604	4700
2378	3374	4700
917	2721	4700
651	3463	4700
817	3221	4800
161	3186	4800
1167	2556	4800
734	2737	4800
1052	2976	4800
2300	3320	4800
912	2693	4800
1435	2520	4800
2110	3348	4800
666	3377	4800
1588	3418	4800
6	3084	4800
935	2828	4800
1573	3488	4800
2495	3089	4800
424	3478	4800
1236	2745	4800
607	3087	4800
1618	2998	4800
518	2685	4800
134	2593	4800
2231	2886	4900
1544	2674	4900
1408	2656	4900
497	2581	4900
2458	3006	4900
128	3058	4900
794	3244	4900
982	2724	4900
1046	3126	4900
1283	2852	4900
2114	3035	4900
1625	2985	4900
165	2681	4900
1989	3363	5000
925	3357	5000
717	3314	5000
739	2704	5000
2361	3082	5000
2365	2738	5000
1612	2869	5000
753	3180	5000
798	3036	5000
773	2834	5000
1883	2928	5000
1101	3138	5000
2440	3362	5000
2203	3378	5000
1446	3418	5000
78	2542	5000
119	2578	5000
283	3350	5000
1686	2814	5000
2029	2863	5000
2398	3120	5000
1182	2956	5000
554	3489	5000
1643	3493	5000
1318	2739	5100
1029	3154	5100
2076	3107	5100
142	3312	5100
142	2504	5100
716	2990	5100
471	3131	5100
2177	2668	5100
628	2986	5100
35	2995	5100
681	2809	5100
444	3411	5100
874	2749	5100
1973	3007	5100
1436	3332	5100
2089	3471	5100
2441	2879	5100
1488	3041	5100
1678	2658	5200
414	3083	5200
30	2632	5200
2278	3364	5200
776	2516	5200
649	2502	5200
2397	3487	5200
1325	3162	5200
259	2791	5200
2072	3495	5200
2268	3328	5200
302	2768	5200
1845	3163	5200
730	3146	5200
2161	3061	5200
1472	3122	5200
846	2811	5200
836	2807	5200
1192	2589	5300
308	2738	5300
116	3295	5300
379	2581	5300
1179	3137	5300
1772	3008	5300
1119	2895	5300
72	3490	5300
171	3397	5300
568	3081	5300
1203	2916	5300
1413	3028	5300
1911	3296	5300
2032	2580	5300
784	3105	5300
998	2697	5300
1174	2962	5300
1641	2842	5300
1405	3387	5400
560	3384	5400
434	2896	5400
118	2827	5400
18	3154	5400
1109	3045	5400
27	3173	5400
28	3048	5400
1278	2644	5400
1205	2643	5400
954	3065	5400
2173	3392	5400
1078	2718	5400
86	3388	5400
1378	2733	5400
1636	2968	5400
66	2823	5400
158	3070	5400
240	3396	5400
613	2601	5400
417	3332	5400
2000	3089	5400
2467	3415	5400
65	2505	5400
512	2658	5500
642	2990	5500
1351	2614	5500
37	2772	5500
2303	3351	5500
1689	2890	5500
1559	3457	5500
236	3205	5500
547	3177	5500
2031	3416	5500
608	2612	5500
1634	3075	5500
90	2841	5500
34	3092	5500
1738	2987	5500
2040	2628	5500
2435	3405	5500
450	3157	5500
1387	2840	5500
2051	3415	5500
1345	2883	5500
107	3427	5600
1106	3286	5600
984	3459	5600
649	3426	5600
1339	2616	5600
1	3299	5600
1538	2875	5600
1656	2772	5600
1136	3281	5600
100	2533	5600
411	2703	5600
1245	3206	5600
2274	2542	5600
933	3434	5600
2070	3405	5600
168	3390	5600
1989	2789	5600
1275	3263	5600
678	2518	5600
1407	3080	5700
1700	3050	5700
12	2850	5700
1298	2969	5700
1097	3021	5700
1744	3331	5700
792	2502	5700
1982	3424	5700
903	3152	5700
1907	3377	5700
39	3294	5700
386	3025	5700
567	2691	5700
514	3293	5800
753	2802	5800
292	3458	5800
2217	3218	5800
1682	3250	5800
1418	3467	5800
953	2970	5800
806	3164	5800
2061	2989	5800
1216	3451	5800
2473	2585	5800
2018	2566	5800
1001	2594	5800
69	2701	5800
879	2860	5800
338	2697	5800
1343	2572	5900
1675	3186	5900
2152	3254	5900
1049	3273	5900
2388	2802	5900
2202	2785	5900
728	2990	5900
2136	2520	5900
2220	3278	5900
106	3003	5900
212	3147	5900
582	2935	5900
1009	2720	5900
2415	3350	5900
300	2555	5900
1833	2897	5900
1603	3343	5900
2316	2599	5900
307	2666	5900
1464	2517	6000
292	2876	6000
1620	2591	6000
99	3459	6000
343	3299	6000
396	3057	6000
1503	3030	6000
1901	2688	6000
1250	2892	6000
1296	2972	6000
1990	2920	6000
2320	2552	6000
465	3223	6000
385	3080	6100
1517	3140	6100
71	2514	6100
2153	2864	6100
1864	3139	6100
1991	2727	6100
895	3458	6100
2432	3043	6100
1674	2504	6100
2296	3282	6100
1958	3326	6100
1278	2895	6100
2196	3085	6100
1806	2765	6100
2070	3149	6100
756	3307	6100
971	2747	6100
1537	2881	6100
87	3035	6100
723	2562	6100
414	3113	6200
2005	2545	6200
271	3170	6200
1116	3315	6200
2450	3200	6200
2359	2952	6200
214	3261	6200
2347	2635	6200
254	3210	6300
1109	2649	6300
2419	3083	6300
1193	2951	6300
2052	2521	6300
1832	3179	6300
2360	3264	6300
1121	2760	6300
868	3397	6300
2121	3498	6300
2358	3041	6300
391	2509	6300
1170	2915	6300
2020	2664	6300
1292	3174	6300
819	3270	6400
190	2976	6400
609	3331	6400
2122	2731	6400
2312	2895	6400
2148	2822	6400
934	3411	6400
269	2890	6400
112	2938	6400
2209	2799	6400
148	3446	6400
2460	2537	6400
840	3076	6400
1933	3252	6400
720	2670	6400
406	3221	6400
607	2998	6400
1258	2927	6500
1422	2529	6500
2412	3320	6500
1408	2528	6500
1610	2663	6500
1936	3078	6500
1840	3499	6500
605	2561	6500
2075	3260	6500
956	2525	6500
1320	2842	6500
1272	2745	6500
665	2756	6600
451	2738	6600
2336	3045	6600
616	3295	6600
2284	2632	6600
286	3371	6600
98	3258	6600
483	3402	6600
647	2612	6600
2489	3163	6600
943	3153	6600
2474	3476	6600
1830	3489	6600
180	2793	6700
1393	3184	6700
529	3038	6700
1339	2957	6700
947	2830	6700
2432	3201	6700
2208	3096	6700
2238	3448	6700
1680	2530	6700
825	3304	6700
1841	3203	6700
2100	3423	6700
476	2615	6700
1373	3150	6700
808	3345	6700
585	2778	6700
2078	3316	6700
1642	3181	6800
159	2503	6800
1368	2876	6800
1155	3381	6800
1804	2733	6800
320	3130	6800
2245	3208	6800
1091	3033	6800
752	2602	6800
761	3028	6800
558	3446	6800
2056	3124	6800
2478	3298	6800
1568	3310	6800
2357	3376	6800
2337	3292	6800
1793	2833	6900
1993	2569	6900
2171	2714	6900
2346	2884	6900
540	3394	6900
2095	3028	6900
113	3449	6900
894	3361	6900
1050	3095	6900
406	2971	7000
1726	2721	7000
2317	2717	7000
626	3167	7000
367	3107	7000
1062	2943	7000
1067	2869	7000
351	3181	7000
1870	2873	7000
1431	3208	7000
2124	3379	7000
526	2558	7000
1974	3245	7000
624	2597	7000
417	2982	7000
1810	2676	7000
1821	2522	7000
841	3156	7000
426	3322	7000
809	3037	7000
618	2741	7100
1809	2646	7100
2280	3403	7100
1279	2862	7100
2132	3366	7100
1435	2939	7100
890	2688	7100
1144	3060	7100
1401	3435	7100
281	3220	7100
375	2897	7100
996	3001	7100
1169	3094	7100
648	2651	7200
143	2787	7200
694	2659	7200
2393	3197	7200
1112	3116	7200
496	2563	7200
576	2822	7200
848	3440	7200
202	3007	7200
1026	2926	7200
1650	2636	7200
1338	2914	7200
970	2916	7200
108	3497	7200
2384	3160	7200
426	3094	7200
1980	3313	7300
2286	3403	7300
653	3414	7300
1570	2731	7300
2453	2801	7300
1549	3467	7300
1639	3436	7300
84	2520	7300
1264	2696	7300
1948	3276	7300
416	3471	7300
1177	2752	7300
700	3240	7300
1481	3215	7300
1090	3265	7300
1752	3071	7300
1162	3199	7400
894	3308	7400
1061	2784	7400
2102	2848	7400
1168	2822	7400
2363	3496	7400
491	2524	7400
579	3134	7400
1135	3398	7400
92	2608	7400
201	2541	7400
2006	3049	7400
1132	2839	7400
1228	2780	7400
145	2631	7400
1797	3031	7400
1748	3376	7400
2067	3086	7400
909	2635	7500
910	2506	7500
322	3387	7500
1341	2993	7500
571	2900	7500
820	3466	7500
1459	3198	7500
750	3371	7500
28	3142	7500
1143	3487	7500
2324	3204	7500
225	3056	7500
2033	2970	7500
1024	3481	7500
88	3117	7500
992	3229	7500
2302	2857	7500
1526	2609	7500
1902	2535	7500
1758	3462	7600
1214	3459	7600
767	2898	7600
1523	3003	7600
1017	2564	7600
2374	2824	7600
2380	3171	7600
2316	2676	7600
97	2795	7600
394	2570	7600
338	2741	7600
2386	2681	7600
930	3241	7700
1221	3308	7700
32	3424	7700
1074	2823	7700
121	3101	7700
2374	2804	7700
2250	3374	7700
1531	3343	7700
1911	2863	7700
109	3352	7700
1288	3280	7800
950	3270	7800
1873	2864	7800
947	2791	7800
1941	2859	7800
2166	3204	7800
2106	3420	7800
1760	2837	7800
2482	2769	7800
1887	3215	7800
152	2525	7800
1019	3148	7800
1031	2505	7800
518	2691	7800
999	2621	7900
1479	2893	7900
2236	3017	7900
101	2868	7900
1440	2531	7900
1920	3173	7900
175	3145	7900
2088	3351	7900
1888	2876	7900
115	3385	7900
1152	2558	7900
504	3115	7900
1714	3317	7900
542	2578	7900
1429	3108	7900
1939	3041	7900
427	3301	7900
168	2857	7900
2251	3476	7900
1756	3468	7900
105	3335	8000
1905	3450	8000
1010	2912	8000
2400	3295	8000
2101	3320	8000
653	2632	8000
149	3119	8000
1872	2663	8000
310	2719	8000
396	3129	8000
1103	3149	8000
783	2585	8000
1031	3463	8000
484	3061	8000
85	3339	8000
423	2852	8000
956	3035	8000
502	2812	8100
931	2679	8100
1930	2993	8100
2325	2526	8100
122	3246	8100
1170	3305	8100
1087	3240	8100
1600	2677	8100
1014	2811	8100
1912	2994	8100
63	3041	8100
2340	3479	8100
1359	2710	8100
104	3313	8100
2270	2740	8100
1342	3470	8200
228	2655	8200
2156	3046	8200
2180	2674	8200
1210	2945	8200
1910	2692	8200
259	3409	8200
2273	3429	8200
178	3388	8200
2075	3332	8200
2042	3071	8200
1633	2787	8300
1341	2925	8300
1959	2946	8300
2187	2508	8300
823	2942	8300
928	2991	8300
1107	3467	8300
1721	2873	8300
220	2764	8300
206	3401	8300
791	2657	8300
2223	3047	8300
1004	2755	8300
2107	3469	8300
1905	2819	8400
1197	3454	8400
628	2700	8400
2175	2614	8400
792	3481	8400
271	2542	8400
2421	2828	8400
1979	3242	8400
701	3347	8400
2074	2615	8400
2414	3305	8400
2289	3207	8400
1415	2845	8400
2205	3331	8500
979	2736	8500
1521	3135	8500
587	3458	8500
1867	2834	8500
958	2909	8500
147	2808	8500
1216	3171	8500
184	3404	8600
402	2517	8600
1351	3044	8600
1155	3472	8600
1698	2884	8600
2298	2928	8600
731	3457	8600
218	3240	8600
51	2755	8600
2481	2562	8600
113	3025	8700
215	3079	8700
418	2761	8700
1281	3465	8700
1549	3309	8700
287	2764	8700
1282	2851	8700
637	3114	8700
519	3089	8700
1881	2903	8700
1346	3268	8800
468	3161	8800
762	3016	8800
1452	2672	8800
178	2564	8800
1970	3497	8800
1846	2978	8800
206	3092	8800
487	2523	8800
2276	2961	8900
2236	3270	8900
2219	2912	8900
2317	2761	8900
1198	2734	8900
695	3490	8900
1919	2558	8900
1992	3057	8900
1442	2804	8900
384	2549	8900
2415	3247	8900
517	2989	8900
229	3439	8900
2403	3092	8900
1829	2788	8900
1536	3493	8900
2289	2550	8900
294	2710	8900
991	3313	9000
1728	3266	9000
1778	3474	9000
35	3222	9000
2179	2973	9000
2428	2838	9000
233	2726	9000
1648	3196	9000
1238	3451	9000
2232	2666	9000
410	2538	9100
2452	2884	9100
1532	2898	9100
1367	2690	9100
1313	2610	9100
655	3055	9100
2261	2856	9100
1064	2500	9100
872	3463	9100
2444	3280	9200
1754	2781	9200
1518	3106	9200
978	2849	9200
1046	2594	9200
1124	2932	9200
1594	2546	9200
1342	2812	9300
289	2727	9300
1676	2868	9300
1579	2948	9300
2043	2809	9300
1376	2587	9300
1624	2791	9300
1015	2930	9300
1478	2931	9400
1579	2794	9400
116	3135	9400
1896	2991	9400
1279	3392	9400
1538	3222	9400
54	3496	9400
1148	3276	9400
1079	3051	9400
1391	2967	9400
854	3404	9500
2079	2751	9500
1692	2551	9500
679	2696	9500
1979	2838	9500
1587	3385	9500
643	3112	9500
1014	2810	9500
473	3055	9500
180	3453	9600
2041	2623	9600
1403	2545	9600
2021	3022	9600
627	2894	9600
1775	3102	9600
1290	2920	9600
2224	3214	9600
2017	2723	9600
267	3239	9600
571	2593	9700
1642	3288	9700
2465	2790	9700
1661	3168	9700
2140	2692	9700
625	2907	9700
528	3240	9700
687	2810	9700
1666	3408	9700
328	2816	9700
817	2971	9800
1461	3466	9800
2171	2990	9800
374	3248	9800
1899	2639	9800
530	2718	9800
21	2968	9800
850	3488	9800
340	2561	9800
1775	2797	9800
14	2711	9800
1253	3265	9800
166	3361	9800
284	2589	9900
1637	3044	9900
878	3138	9900
1801	3325	9900
2064	2703	9900
407	3051	9900
1921	2602	9900
2341	3419	9900
1749	3163	9900
808	3476	9900
962	2599	9900
1743	3088	9900
743	2949	10000
1270	2905	10000
1298	2560	10000
277	3467	10000
690	3492	10000
1201	3124	10000
551	3292	10000
2377	3359	10000
2156	3227	10100
965	2634	10100
1280	2966	10100
2476	3404	10100
676	3414	10100
1058	2830	10100
1710	2584	10100
1323	2847	10100
1245	3130	10100
837	3187	10100
2442	2829	10200
199	3132	10200
2447	2973	10200
2331	3000	10200
1512	3222	10200
1816	3398	10200
2408	2863	10200
938	3019	10200
559	2857	10200
787	2704	10200
1750	2883	10200
1592	3400	10200
385	2975	10300
1819	3002	10300
1519	3009	10300
1452	2547	10300
1937	2682	10300
371	3195	10300
130	3461	10300
1981	3290	10300
1565	3217	10300
2082	2984	10300
1580	2691	10300
1598	3346	10400
2375	3253	10400
1194	2997	10400
2117	2836	10400
599	2823	10400
2443	2613	10400
192	3234	10500
1033	3371	10500
1361	2720	10500
193	2885	10500
688	3171	10500
1016	3460	10500
2160	3023	10500
2328	3174	10500
2133	2646	10500
2105	2595	10500
2216	2777	10600
43	3433	10600
1813	2783	10600
886	3329	10600
1655	2972	10600
998	3011	10600
1640	3259	10600
562	3384	10700
675	2683	10700
1732	2737	10700
1519	2591	10700
750	3486	10700
2462	3367	10700
1513	3291	10700
1759	3482	10700
1719	3389	10700
866	2544	10700
1196	2918	10700
1971	2930	10700
1034	2628	10700
809	3292	10700
434	2827	10800
621	2800	10800
1509	2764	10800
544	2902	10800
1622	3471	10800
2090	3103	10800
548	2617	10800
383	3310	10800
346	2634	10900
2164	3082	10900
2323	2528	10900
679	2760	10900
1511	3219	10900
1135	3147	10900
1587	3030	10900
1154	2601	10900
2039	2845	10900
691	2708	10900
1807	3102	10900
1776	2546	10900
893	3404	11000
2423	2616	11000
1242	2799	11000
2326	3362	11000
1817	2719	11000
257	3027	11000
1297	2539	11100
1742	3166	11100
1560	2862	11100
1287	2630	11100
1653	3407	11100
2441	2944	11100
652	3395	11100
2382	3491	11100
1869	2636	11100
1902	2952	11100
604	2603	11200
988	2869	11200
1139	2682	11200
244	3323	11200
1719	2720	11200
2179	3052	11200
540	2661	11200
911	3497	11200
2407	3315	11200
2004	3062	11200
2165	2769	11200
1208	2813	11200
574	3004	11300
1157	3320	11300
1564	3110	11300
1202	2799	11300
2396	3108	11300
1863	2858	11300
814	2552	11300
723	2740	11300
564	3308	11400
1314	3342	11400
1510	2988	11400
1148	3256	11400
693	3129	11400
1714	2822	11400
2093	3117	11400
1931	2707	11400
1313	2540	11400
2120	2501	11400
1557	2818	11400
372	2670	11400
1222	2950	11400
1917	2638	11500
1811	3005	11500
832	2819	11500
797	3442	11500
855	3371	11500
755	2565	11500
2191	3244	11500
786	2677	11500
1169	3183	11500
1215	3034	11500
1629	2953	11500
1505	2885	11600
1804	3333	11600
126	2516	11600
453	2981	11600
19	3149	11600
813	3310	11600
937	3361	11600
2178	2611	11700
905	3393	11700
2353	2913	11700
1306	3204	11700
2040	3055	11700
393	3237	11700
422	2965	11800
21	3115	11800
1211	2837	11800
973	2617	11800
1222	2881	11800
137	3095	11800
1071	3367	11900
320	3206	11900
980	3196	11900
1791	3277	11900
2467	3004	12000
1037	3140	12000
1611	3412	12000
2488	3315	12000
328	2645	12000
1244	3063	12100
1805	2907	12100
1177	2536	12100
1504	3206	12100
253	3356	12100
575	2503	12200
716	3459	12200
378	3192	12200
924	2765	12200
2081	2797	12200
1546	3310	12200
588	2647	12200
1688	2535	12200
751	2812	12300
1420	3005	12300
1671	2888	12300
235	3407	12300
202	2890	12300
2189	3445	12300
440	3243	12300
692	2983	12300
1393	3236	12400
2059	2796	12400
2045	3287	12400
398	3087	12400
926	3479	12400
569	2631	12400
2227	3031	12400
1601	3107	12500
2084	2554	12500
2092	2951	12500
1126	2729	12500
1303	2910	12500
580	3244	12500
163	2768	12500
1281	3433	12600
1915	2996	12600
1434	2995	12600
589	3170	12600
608	3262	12600
1146	3117	12600
2257	2789	12600
2412	3225	12700
663	2737	12700
2153	3433	12700
1058	2553	12700
796	2588	12700
2417	2596	12700
345	2675	12700
1779	2671	12700
1786	3258	12700
1972	3224	12700
1358	2532	12700
1877	3038	12800
232	2587	12800
2446	2988	12800
605	2673	12800
339	3451	12800
534	3041	12800
1043	3427	12900
1280	2611	12900
1036	3393	12900
1368	3042	12900
1764	2573	12900
81	2671	12900
542	2750	12900
2055	3143	12900
2496	2815	12900
844	3399	12900
2480	2850	13000
1891	3202	13000
1615	2646	13000
1330	3348	13000
1652	2747	13000
1297	2929	13100
672	2977	13100
2470	3440	13100
1382	2932	13100
883	3228	13100
262	3458	13200
430	3022	13200
2155	3272	13200
53	3007	13200
1673	2930	13200
2191	3129	13200
865	2825	13200
2393	2714	13300
2476	2751	13300
1548	2939	13300
1189	2823	13300
363	2684	13300
111	3124	13300
780	2846	13400
1984	2832	13400
1134	3134	13400
52	3244	13400
1429	2725	13400
2222	2565	13400
408	2843	13400
1556	2881	13400
1244	3399	13500
333	2761	13500
2221	3111	13500
1066	3044	13500
1471	3438	13500
2	3048	13500
2379	3010	13500
862	2922	13500
330	3390	13500
1350	2625	13600
635	3119	13600
2339	3483	13600
959	2503	13600
1229	3097	13600
697	3338	13600
122	2601	13600
19	2580	13600
2267	2748	13600
864	3207	13600
1246	3344	13700
924	3402	13700
1048	2509	13700
1008	2806	13700
358	3122	13700
2345	2901	13800
552	3432	13800
1142	2553	13800
2233	2705	13800
0	3340	13800
331	2828	13800
1196	2702	13800
1379	2926	13800
2366	2845	13800
812	2776	13800
293	3265	13800
787	3127	13800
1578	3180	13900
2155	3439	13900
858	3258	13900
1931	2919	13900
483	2577	13900
2248	2972	13900
304	2710	13900
1529	2580	13900
2151	3159	13900
1554	2896	14000
2002	2704	14000
1195	2591	14000
2321	3110	14000
2225	2703	14000
1760	2892	14000
25	2730	14000
316	3296	14000
2460	2609	14000
1004	2595	14000
1834	2653	14000
1096	3314	14100
2237	3168	14100
906	3188	14100
652	3340	14100
2456	3187	14100
1448	2725	14100
1482	2923	14200
1842	3056	14200
296	2884	14200
2371	2686	14200
821	3164	14200
918	3398	14200
1904	2930	14200
700	2677	14200
1686	2688	14200
264	2788	14200
1495	2865	14200
2069	2817	14300
429	2974	14300
1596	3001	14300
2338	2789	14300
204	3316	14300
91	3011	14400
1324	2694	14400
1713	3235	14400
356	3046	14400
1638	3132	14400
442	3226	14400
2419	2655	14500
254	3266	14500
619	3107	14500
2433	2749	14500
1291	3445	14500
363	3456	14500
399	3061	14500
1312	2633	14600
282	2654	14600
1111	2909	14600
1191	2981	14600
512	3176	14700
2275	3302	14700
1966	2581	14700
1993	3192	14700
1139	3295	14700
711	2836	14700
1816	2568	14700
1956	2661	14700
462	3020	14700
527	3437	14700
238	3294	14700
529	2586	14800
2059	3142	14800
672	2715	14800
2410	2613	14800
1129	3492	14800
215	2786	14900
2286	3368	14900
1167	3154	14900
2198	3384	14900
309	2986	14900
769	3294	14900
2134	2681	14900
2329	3045	15000
480	2808	15000
75	3443	15000
1498	2699	15100
1818	2503	15100
1156	3198	15100
1552	3417	15100
1689	3007	15100
625	3175	15100
2335	2879	15100
184	3239	15200
2221	2801	15200
556	3495	15200
2239	3275	15200
459	3229	15200
1879	2613	15200
2035	3480	15200
1857	3460	15200
972	2835	15200
1237	3369	15300
2203	2773	15300
200	2626	15300
1697	2902	15300
1018	2690	15300
1045	2739	15400
1492	2784	15400
208	3118	15400
1425	3490	15400
1614	3081	15400
1484	2980	15400
1623	3137	15500
13	3375	15500
1065	2714	15500
361	2510	15500
1441	3411	15500
2487	2963	15500
1494	3383	15500
795	2932	15500
181	2747	15500
2366	3157	15500
570	2959	15600
1597	3029	15600
159	3412	15600
1661	2571	15600
771	3445	15600
1276	3128	15700
1311	3056	15700
638	3309	15700
2197	2587	15700
2239	3242	15700
1256	2675	15700
2484	3360	15700
310	2501	15700
160	2612	15700
1542	2698	15800
102	3337	15800
1348	3131	15800
1884	2587	15800
1051	3003	15800
2295	3205	15800
443	2863	15800
1741	3182	15900
18	2586	15900
955	3021	15900
1347	3299	15900
144	3097	15900
1047	2858	15900
2138	3497	15900
1476	2870	15900
657	3194	16000
1521	2682	16000
377	3477	16000
2054	3411	16000
1120	3398	16000
319	3423	16000
2353	3330	16100
1120	2568	16100
2112	2512	16100
550	3484	16200
1304	2943	16200
10	2588	16200
1212	3138	16200
1656	2939	16200
1865	3457	16200
2438	2550	16200
588	2962	16200
596	2946	16300
675	3357	16300
1267	2603	16300
1945	2932	16300
1465	2641	16300
1708	3238	16300
474	3302	16400
2033	2775	16400
712	3013	16400
897	3042	16400
845	3015	16400
9	3318	16400
1086	3058	16400
918	3147	16400
68	2900	16400
1432	2633	16500
1874	3199	16500
1772	2986	16500
666	3247	16500
2054	2799	16500
421	2914	16500
1664	2653	16600
681	2742	16600
2491	2717	16600
221	3129	16600
2464	3390	16600
656	3332	16600
1609	2943	16700
333	2717	16700
1348	2809	16700
677	2955	16700
785	3215	16700
1755	3107	16800
2275	2588	16800
232	2720	16800
2192	3476	16800
815	2882	16900
710	3436	16900
1806	3395	16900
1223	2524	16900
1032	2565	16900
1774	3114	16900
77	2920	16900
1122	2765	17000
1012	3022	17000
2143	3014	17000
2466	3060	17000
841	2779	17000
2372	2987	17000
204	3174	17000
1262	2950	17100
2361	3083	17200
2200	2708	17200
1619	3410	17200
2046	3493	17200
1262	3026	17300
1701	2629	17300
1451	2864	17300
1818	2649	17300
629	2678	17300
1011	3340	17300
1515	3216	17300
1658	3206	17300
11	3050	17400
594	2649	17400
481	2679	17400
1447	2659	17400
471	2709	17400
1457	2722	17400
1770	3312	17400
726	3145	17400
677	3275	17400
2470	3069	17400
807	3306	17400
1374	2846	17500
1337	3445	17500
115	2771	17500
1096	3182	17600
1792	3412	17600
2311	3082	17600
1063	3003	17600
1445	2815	17600
2174	2619	17600
1087	2813	17600
1808	3476	17600
107	2807	17600
1302	2917	17700
352	2762	17700
810	2705	17700
884	3047	17700
1631	2902	17700
272	2690	17700
45	3120	17700
181	3298	17700
1571	2911	17700
2186	2722	17800
1104	2875	17800
1491	2644	17800
1590	3290	17800
2290	2620	17900
1193	3254	17900
2169	2963	17900
1893	3190	17900
2224	2952	17900
1823	2741	18000
1329	2970	18000
1054	2548	18000
464	2519	18000
404	2533	18000
1421	3146	18000
1057	3489	18000
1926	2674	18100
1611	3364	18100
61	3220	18100
1320	3376	18100
1110	3400	18100
1195	3241	18200
1664	2646	18200
2173	3179	18200
1411	3378	18200
251	2729	18200
324	2847	18200
1722	3296	18200
1999	2971	18300
2091	2691	18300
1455	3128	18300
849	3167	18300
2351	2973	18300
2445	3447	18300
64	2910	18300
1872	3014	18300
305	3473	18300
1781	2857	18300
551	3400	18300
57	3230	18300
389	3210	18300
987	3100	18400
916	3358	18400
696	3465	18400
712	3461	18400
875	2851	18400
1397	3356	18400
2037	2938	18400
856	3092	18400
2193	3086	18400
2048	3186	18500
1678	3176	18500
573	2826	18500
1325	3185	18500
951	3105	18500
718	2557	18500
410	2721	18500
626	3155	18600
948	2988	18600
1798	3426	18600
941	3027	18600
1027	3283	18600
1953	2529	18700
255	3176	18700
190	3354	18700
745	2746	18700
669	2873	18700
103	3099	18700
278	2885	18700
1042	2935	18700
123	3144	18700
2004	2747	18700
1683	2886	18800
2313	2790	18800
2264	3483	18800
96	2524	18800
2447	3052	18800
1108	2861	18800
517	2597	18800
376	3011	18900
1141	3202	18900
699	3194	18900
1176	3494	18900
994	2576	18900
1315	3221	19000
2318	3191	19000
2010	3419	19000
1586	2939	19100
2493	3421	19100
881	3409	19100
1636	3115	19100
2498	2577	19100
354	2557	19100
1516	3372	19200
502	3293	19200
29	3043	19200
2027	3093	19200
106	2906	19200
478	2797	19200
1547	3172	19200
2165	2979	19200
2126	3187	19200
455	3441	19200
120	3063	19200
975	3430	19300
2052	3358	19300
537	2571	19300
4	2576	19300
2087	3478	19300
2405	2864	19400
1153	2865	19400
2163	3241	19500
965	3308	19500
2427	2893	19500
1851	2714	19500
5	2947	19500
2362	3051	19500
408	2962	19500
932	3294	19600
1099	2626	19600
1394	3039	19600
1591	2958	19600
1567	3126	19600
1807	2641	19600
1230	2532	19600
980	3316	19600
472	3186	19700
2413	2642	19700
1790	2976	19700
830	3349	19700
239	2658	19700
914	3012	19700
748	2888	19700
1308	3216	19700
485	2851	19700
969	3060	19700
1458	2962	19700
344	2511	19700
2283	2543	19800
2038	3113	19800
1414	2848	19800
1520	2643	19800
528	2813	19800
2301	3301	19800
1784	3087	19800
489	2576	19900
171	3471	19900
1996	2711	19900
1533	2846	19900
1377	3324	20000
2276	3453	20000
854	2833	20000
2426	3133	20000
245	2934	20000
467	2856	20000
1363	2585	20000
2000	3217	20000
1390	2622	20000
1114	3292	20000
1147	2936	20100
1779	3305	20100
1439	2617	20100
1648	3296	20100
2085	2511	20100
2049	3331	20200
968	3248	20200
2399	2934	20200
94	3395	20200
1266	3282	20300
1231	3024	20300
2411	2849	20300
2431	2854	20300
77	3473	20300
1475	2763	20300
488	3034	20300
1528	3469	20300
1330	2598	20400
1502	3223	20400
2057	2877	20500
522	3131	20500
1204	2926	20500
788	2542	20500
375	2684	20500
173	2870	20600
1672	2531	20600
16	2986	20600
1210	2923	20600
124	3329	20600
1053	2887	20600
1448	2732	20600
1875	2634	20700
1860	3021	20700
1595	2715	20700
361	2791	20800
778	3477	20800
2492	2851	20800
73	2918	20800
2382	2935	20800
683	2663	20800
1191	3298	20800
453	2566	20800
1924	2974	20900
778	3398	20900
2132	3276	20900
1569	3257	20900
1098	2570	20900
394	3376	20900
1424	2572	21000
654	2783	21000
1035	2827	21100
2177	3065	21100
1627	3315	21100
2029	3296	21100
1811	2716	21200
437	3293	21200
1507	3155	21200
2228	2517	21200
1922	3309	21200
1907	3334	21200
639	2571	21200
1134	2662	21200
530	3247	21200
231	2608	21200
447	3491	21200
2003	2861	21200
213	2612	21200
1354	2809	21300
1514	2579	21300
2343	2536	21300
332	2512	21300
1078	2804	21300
772	3252	21300
422	2921	21400
2499	2827	21400
1037	3109	21400
1399	3012	21400
123	3096	21400
1681	3267	21400
1930	3121	21500
2210	2680	21500
1768	2510	21500
369	3321	21500
760	3425	21600
2307	2704	21600
553	3012	21700
1053	3388	21700
2455	3498	21700
1450	3350	21700
1685	3146	21700
896	2985	21700
804	2957	21800
2406	2898	21800
240	3447	21800
1188	2776	21800
57	2748	21800
1525	3473	21900
69	3231	21900
770	2508	22000
1792	3012	22000
603	3326	22000
90	3178	22000
1863	2636	22000
1430	2922	22000
1873	3354	22100
1240	2717	22100
2145	3358	22100
1392	3325	22100
2241	3353	22100
235	3219	22100
967	2915	22100
501	3001	22100
1472	2606	22100
2386	2595	22100
397	3155	22200
1371	2672	22200
172	3099	22200
380	3330	22200
535	3496	22200
1079	2578	22200
638	2584	22300
38	3483	22300
1583	3407	22300
1144	2566	22300
89	2893	22400
1311	2942	22400
1709	2705	22400
1511	2513	22400
1848	3293	22500
511	3314	22500
12	3254	22500
1412	3191	22500
1160	2963	22500
2157	3257	22500
643	3077	22500
1984	2908	22600
1227	2514	22600
1499	3208	22600
1247	3094	22600
2473	2624	22600
1321	2943	22700
1966	2591	22700
1063	2906	22700
268	3103	22700
623	2950	22800
1199	3066	22800
520	2940	22800
196	3290	22800
1365	3072	22800
2157	3148	22800
887	2865	22800
1766	3050	22900
2333	2732	22900
2287	3379	22900
2013	2629	23000
139	3303	23000
1257	2862	23000
840	3297	23000
1836	2726	23000
2261	2940	23000
382	3277	23000
2369	2600	23100
584	2638	23100
2062	3046	23100
1793	2893	23100
446	3270	23100
902	3487	23100
295	3482	23100
1784	3311	23100
709	2653	23200
2370	2734	23200
2499	2515	23200
1175	2832	23200
269	3452	23200
265	2560	23300
616	3135	23300
1378	3333	23300
1335	3319	23300
915	3416	23300
1977	3298	23300
991	2621	23400
1478	2616	23400
1557	2631	23400
2438	2811	23400
362	3316	23400
1720	2554	23600
2223	2771	23600
1577	3416	23600
1149	3307	23600
1955	2832	23700
366	2678	23700
2452	3251	23700
15	2544	23700
848	2618	23700
2288	2985	23700
1160	3385	23800
2015	3207	23800
2211	2998	23800
1404	3354	23900
1597	3269	23900
1552	3036	23900
1396	3078	23900
478	2916	23900
1184	3470	23900
1846	2541	24000
2047	3310	24000
1489	2921	24000
2308	2651	24100
2178	2874	24100
682	2906	24100
46	2516	24100
241	3188	24100
2271	3260	24100
48	2607	24200
1128	2716	24200
435	3414	24200
590	3038	24200
1995	2540	24200
2451	2774	24200
600	3242	24300
1091	3347	24300
1567	2594	24300
611	2852	24300
2427	2528	24400
2115	3138	24400
172	2736	24400
776	2530	24400
1628	2963	24400
2315	3218	24500
297	3141	24500
508	2926	24500
1868	2910	24500
500	3047	24500
900	2967	24500
2026	3204	24600
816	3407	24600
646	3318	24600
92	3136	24600
8	2778	24600
382	3053	24600
1221	2634	24700
974	2583	24700
405	3126	24700
1771	2748	24800
1437	3225	24800
177	2901	24800
1259	3397	24800
1577	2728	24800
1882	3431	24800
1194	3093	24900
508	2512	24900
2254	3365	24900
873	3245	24900
1179	2882	25000
1121	2838	25000
908	2539	25100
131	2695	25100
1787	3209	25100
882	3264	25100
889	3052	25100
2301	3178	25100
2461	3155	25200
1780	2782	25200
1402	3407	25200
251	3409	25300
1951	2596	25300
1308	3022	25300
659	3090	25300
701	3033	25300
1727	2730	25300
454	3418	25300
2262	3149	25300
1525	2920	25300
141	3237	25400
439	2734	25400
103	2516	25400
114	2661	25400
1103	3311	25400
2337	3037	25400
307	2592	25400
1604	3375	25500
1783	3024	25500
2159	3157	25500
1558	3061	25500
239	3176	25600
384	2915	25600
1353	2582	25600
2176	3386	25700
710	3367	25700
2312	2923	25700
1069	3451	25700
329	2538	25700
1757	3269	25800
1941	3093	25800
260	3355	25800
2202	2957	25900
1991	3137	25900
1908	3068	25900
598	3114	25900
1158	3266	26000
1794	2589	26000
2129	2660	26000
707	2577	26000
2260	2618	26000
1208	3240	26000
501	2701	26000
76	3210	26100
1301	3059	26100
1030	3235	26100
590	2586	26100
2041	2672	26100
413	2590	26100
188	2764	26100
1140	2963	26100
311	3023	26100
475	2980	26100
1449	2595	26100
2071	3324	26200
2241	2510	26200
901	3316	26200
2383	2755	26200
2388	2528	26300
441	3152	26300
1899	2942	26300
1426	3343	26300
81	3243	26400
2332	2540	26400
476	3054	26400
936	3169	26400
1869	2858	26400
1904	2815	26400
898	2843	26400
957	2519	26500
167	3058	26500
233	2566	26500
971	3211	26500
2065	3017	26600
29	2639	26600
877	2652	26600
1234	3143	26600
1480	3347	26600
689	2728	26600
869	3364	26700
507	3422	26700
1008	2673	26700
2327	3418	26700
1158	3002	26800
2086	2700	26800
1585	2689	26800
2392	3312	26800
2144	2722	26800
25	3326	26800
1786	3416	26800
1084	2763	26800
719	3156	26800
591	2567	26800
2026	2553	26900
1018	2686	26900
1332	3217	26900
574	3415	27000
70	3137	27000
1444	2762	27000
1782	3420	27000
622	2576	27000
905	2850	27100
522	2709	27100
524	2717	27100
489	3020	27100
468	2739	27200
536	2543	27200
2230	2874	27200
1582	2703	27200
735	2946	27300
1389	3038	27300
2145	2521	27300
1842	2942	27300
359	3419	27300
2201	3332	27300
1604	2528	27400
1612	2957	27400
1286	3405	27400
2097	2829	27500
1487	2544	27500
1705	2867	27500
6	3394	27500
174	3070	27500
135	2996	27500
831	2723	27500
790	2651	27600
1741	2621	27600
597	3323	27600
1331	3461	27600
920	3353	27600
1936	3494	27600
1696	3279	27600
1404	2961	27700
192	3403	27700
2494	3194	27700
1041	3119	27700
742	2705	27700
1666	3475	27700
2149	2573	27800
1441	3344	27800
187	3378	27900
174	3175	27900
818	2792	27900
1385	3443	27900
2086	3363	28000
1284	3404	28000
1940	3145	28000
704	3250	28000
1114	3037	28000
455	2776	28100
1243	2546	28100
371	3349	28100
913	2836	28100
1233	2887	28100
297	3208	28200
1060	3498	28200
2108	2824	28200
1968	2629	28200
992	3341	28300
2168	3431	28300
1965	2779	28300
2082	3034	28300
1633	3011	28400
1071	2737	28400
129	3133	28500
454	2571	28500
659	2885	28500
1774	3074	28500
781	3027	28500
242	2939	28600
2113	3222	28600
335	3035	28600
2149	3185	28700
2372	2979	28700
1750	3091	28700
2218	2812	28800
343	3375	28800
553	3142	28800
247	2822	28800
845	2992	28800
2333	2725	28800
1295	3497	28800
1443	3243	28800
1390	3159	28800
2107	2983	28800
1723	2746	28900
767	3495	28900
1083	2563	28900
1853	2718	28900
766	3475	28900
2328	3406	28900
719	3451	28900
2354	2505	28900
1301	3123	29100
16	3008	29100
1883	3312	29100
286	2775	29100
1152	2648	29100
1658	2613	29100
1397	2797	29100
1997	3403	29200
1111	3195	29200
1421	2532	29200
941	2766	29200
1185	3210	29300
464	2988	29300
1434	3222	29300
1662	2750	29300
392	2576	29300
622	3217	29300
1912	3374	29300
1145	2941	29400
987	3235	29400
2071	3154	29400
1770	2504	29400
1532	3495	29400
1231	2551	29400
1187	2684	29400
1673	3172	29400
1722	2792	29400
1817	3120	29400
5	2935	29500
125	2584	29500
219	2988	29500
1059	3097	29500
1927	2730	29500
1596	2701	29500
1619	3102	29500
1410	2786	29600
1623	2727	29600
2461	3056	29600
38	3291	29600
737	3108	29600
591	3263	29600
745	3295	29700
13	2833	29700
916	3432	29700
585	2967	29700
1821	3257	29700
772	3025	29700
802	3233	29800
477	3333	29800
1112	2764	29800
1460	3330	29800
2437	2960	29800
459	3435	29800
555	2839	29800
2255	2865	29800
26	3021	29900
191	2782	29900
2016	2626	29900
922	2726	29900
137	3091	29900
2067	3376	29900
1493	3484	30000
1728	3046	30000
62	3394	30000
1383	3314	30100
1555	3189	30100
966	3024	30100
2345	3189	30200
2204	2875	30200
125	3436	30200
1080	2771	30200
647	3262	30200
952	3027	30200
2105	3468	30200
1616	3387	30300
726	2775	30300
2272	2643	30300
1171	2934	30300
195	2758	30300
655	3243	30300
1871	2881	30300
76	2757	30400
2402	2683	30400
2244	3389	30400
662	2553	30400
486	3150	30400
943	3163	30400
1406	3088	30400
1002	2697	30500
763	2683	30500
1499	2973	30500
390	2991	30500
1174	3410	30500
1322	2931	30600
2376	3278	30600
30	3392	30600
98	3141	30600
1000	2968	30600
1411	2568	30700
544	3246	30700
1333	3281	30800
1751	2974	30800
313	3253	30800
2167	2562	30800
2072	3276	30900
1682	2729	30900
2495	2677	30900
62	2610	30900
2146	3263	30900
640	3450	31000
1051	2906	31000
1398	2686	31000
1712	2855	31000
1707	2823	31000
128	2549	31100
1173	3341	31100
1828	2660	31100
783	2815	31100
1885	2933	31100
942	3046	31200
2459	2654	31200
429	2991	31200
234	2851	31200
275	2849	31200
14	3480	31200
1771	3230	31300
2170	2882	31300
2116	3181	31300
1172	2995	31300
2111	3291	31300
932	2887	31300
786	3089	31300
1814	3150	31300
1019	3327	31300
22	3032	31400
759	3101	31400
2125	2940	31400
901	3196	31400
1232	3387	31500
407	3485	31500
952	3159	31500
820	3161	31600
1035	3059	31600
1794	2593	31600
1687	2669	31600
2009	2574	31600
2411	2892	31600
1132	2565	31600
2250	3408	31600
887	3027	31600
1635	3238	31600
801	2739	31700
129	2682	31800
198	3045	31800
1680	2516	31800
1522	2556	31900
1913	2749	31900
353	3438	32000
770	2896	32000
893	2784	32000
1692	2758	32000
415	3317	32000
1029	3324	32100
197	3388	32100
1967	3373	32100
214	2670	32100
493	2739	32200
1081	3300	32200
2215	2534	32300
2078	3196	32300
284	2951	32400
262	2802	32400
2213	2501	32400
1002	3125	32500
594	2912	32500
451	2689	32500
2434	3326	32500
1844	2608	32500
1803	3338	32500
1296	2858	32500
1349	3319	32600
1530	2523	32600
587	3354	32700
524	3370	32700
1101	2530	32700
54	3251	32700
825	2978	32700
2195	3123	32800
913	2855	32800
490	3124	32800
641	3267	32800
807	3025	32800
121	2687	32900
263	3368	33000
419	3162	33000
1490	3130	33000
1762	3015	33000
1097	3198	33100
988	2517	33100
404	2798	33100
2111	3382	33100
2298	3362	33200
1654	2790	33200
261	3478	33200
189	3216	33200
1137	3060	33200
1581	3297	33200
671	3263	33200
1258	3073	33300
1503	2762	33300
299	2637	33300
713	3428	33300
140	2557	33300
836	2605	33400
205	2519	33400
828	3000	33400
664	2543	33500
374	3128	33500
1500	3123	33600
2481	2740	33600
950	3309	33700
409	2603	33700
364	2800	33700
37	2790	33700
908	2929	33800
1310	3042	33800
1699	2888	33800
1942	3164	33800
1516	3314	33900
1464	2790	33900
23	2583	33900
389	2740	33900
942	2921	34000
1819	2681	34000
2163	3237	34000
1410	2976	34000
421	2628	34000
117	3032	34100
2210	2746	34100
1820	2610	34100
1861	3211	34100
706	2985	34100
2243	3122	34100
1406	2500	34100
337	3156	34100
2375	2923	34200
495	3288	34200
1487	3382	34200
1589	2955	34200
2315	3029	34300
402	2658	34300
2392	2504	34300
1603	3169	34300
2110	2598	34400
680	3496	34400
1972	3360	34400
592	3178	34400
862	3187	34400
1133	3061	34400
143	2552	34500
2376	3362	34500
1122	2960	34500
2472	2513	34500
2489	3177	34500
342	3110	34600
703	2545	34600
1403	2736	34600
71	2659	34600
1159	3162	34600
1653	3318	34600
2287	2892	34600
1217	2706	34600
578	3021	34700
506	2596	34700
1939	2994	34700
473	3023	34700
1815	3059	34800
1180	3110	34800
1340	2880	34800
773	3195	34800
1739	3099	34800
2243	2903	34800
2253	2689	34900
760	3166	34900
855	3140	34900
963	2876	34900
1303	2541	34900
1559	3499	34900
300	3285	34900
997	2719	34900
2010	2665	34900
824	3091	34900
1381	2896	35000
1471	2850	35000
523	2904	35000
357	2867	35000
1892	3356	35000
365	2699	35100
26	2667	35100
2339	2590	35100
138	3436	35100
1115	3110	35200
58	3042	35200
1662	2626	35200
1430	2897	35200
1237	2966	35300
975	2697	35300
560	3227	35300
1609	2874	35300
1645	3456	35300
1960	3014	35300
1044	3245	35300
218	2557	35300
1889	3449	35300
748	3152	35400
688	2624	35400
450	2845	35400
1695	3466	35500
2069	3202	35500
1742	2927	35500
1168	3317	35500
2028	3084	35500
2269	3347	35500
563	3252	35500
1887	2984	35500
1959	3109	35600
1856	3142	35600
2477	3065	35600
1697	2732	35600
1003	3246	35600
55	3172	35600
960	2872	35800
1126	3250	35800
1698	3251	35800
1074	2549	35800
2331	3317	35800
477	2733	35900
313	3096	35900
1933	3102	35900
144	3452	36000
858	3141	36000
1088	2856	36000
637	3074	36000
717	3372	36100
193	2637	36100
1569	2768	36100
1605	3119	36200
1285	3454	36200
185	3329	36200
1975	3365	36200
36	3265	36200
312	3184	36300
1268	3357	36300
604	2871	36300
2385	2515	36400
1304	2874	36400
669	2731	36400
2196	2519	36400
1250	2856	36400
1488	3343	36400
48	3280	36500
2260	2897	36500
1001	2660	36500
1142	2791	36600
94	2854	36600
1409	3478	36600
1762	2614	36700
2313	3233	36700
2225	3264	36700
2349	3281	36700
1548	3326	36800
7	3494	36800
165	2899	36800
1874	2694	36900
1095	2556	36900
1123	2530	36900
347	2808	36900
2001	2824	36900
398	3311	36900
1312	2789	37000
1660	3325	37000
1765	2604	37000
2101	2835	37100
2373	2569	37100
250	2502	37100
59	2583	37100
2119	3136	37100
1209	2801	37200
810	2586	37200
1870	3135	37200
2014	2668	37200
1131	2531	37300
303	2584	37300
1992	2678	37300
784	2645	37300
1386	3369	37400
2116	3068	37400
1201	3114	37400
2384	2932	37400
167	3219	37500
242	2957	37600
568	3084	37600
1855	3101	37600
8	3103	37600
1021	2875	37700
210	3330	37700
1957	2547	37700
2430	3024	37700
1545	3368	37800
1560	3486	37800
1	3253	37800
1606	3429	37800
196	3341	37800
1290	3001	37800
2440	3278	37900
1798	3264	37900
268	2778	37900
1226	3184	38000
1106	3218	38000
603	3233	38000
2142	3219	38000
1614	2610	38000
609	2734	38100
583	3090	38100
379	2880	38200
2458	3276	38200
245	2837	38200
293	2636	38200
1426	3169	38200
1200	2745	38200
636	3234	38300
910	2695	38300
285	2949	38300
2187	2616	38300
2175	3139	38300
238	2509	38300
977	3325	38400
1727	2837	38400
1646	2982	38400
1466	2567	38400
1066	3474	38500
1336	2931	38500
2477	2526	38500
715	2569	38500
1267	3329	38500
299	2885	38500
2123	2578	38500
915	3019	38500
1061	3412	38600
2143	2964	38600
1344	2569	38700
1865	3103	38700
2124	3334	38700
2474	2841	38700
134	3111	38800
561	3173	38800
150	3422	38800
526	2541	38800
765	3122	38800
1362	3342	38800
1105	3427	38800
311	3055	38900
2138	2652	38900
754	2863	38900
1553	3209	39000
1226	3236	39000
1751	2545	39000
994	3216	39000
827	2931	39100
1730	2927	39100
2344	3153	39100
1356	2513	39200
2360	2713	39200
305	3410	39200
1125	3357	39300
1764	3429	39300
213	3262	39300
2330	2640	39400
1699	3152	39400
277	3333	39400
1438	2942	39400
2180	2508	39500
2380	2624	39500
2150	2721	39500
1891	2817	39600
1284	2667	39600
2036	3250	39600
1943	2948	39700
2237	2509	39700
993	2533	39800
761	2982	39800
642	3013	40000
1119	2796	40000
686	2743	40100
1146	3092	40100
1184	2694	40200
907	3005	40200
1006	3424	40200
1844	3495	40200
1822	2841	40200
472	3009	40300
1528	2965	40400
2267	3230	40400
1572	3202	40400
919	3393	40400
722	3227	40400
2226	2909	40400
1780	3477	40400
984	3166	40500
1264	2760	40500
1332	2879	40500
2162	3215	40500
2465	2785	40600
650	2947	40600
201	2648	40600
586	3424	40700
1272	2810	40700
1277	3419	40800
1481	2984	40800
914	2820	40900
2057	2655	40900
1400	3487	40900
1460	2693	40900
1903	3048	40900
72	2675	40900
2208	2502	40900
1704	3101	40900
2160	3174	40900
674	3493	40900
1827	2607	41000
1252	3235	41000
448	2912	41000
2034	2992	41000
2279	3170	41000
2420	3234	41100
2099	2949	41100
2007	3141	41100
1007	3206	41100
1015	2670	41100
1980	2621	41200
1343	3016	41200
1739	2736	41200
20	2760	41200
2327	2792	41200
2373	2554	41300
411	2644	41300
2273	3448	41300
729	2593	41400
869	2759	41400
1924	2887	41400
2136	3131	41400
1124	2743	41400
301	3023	41400
1572	2560	41500
1693	2759	41500
1523	3442	41500
1261	2668	41500
442	2870	41600
1555	3368	41600
448	2683	41600
2115	3333	41600
1651	3143	41600
61	3040	41600
1331	3013	41600
519	2550	41600
1765	3390	41600
1631	3461	41700
200	2675	41700
31	3031	41700
79	2632	41800
466	3184	41800
928	2504	41800
2233	2586	41800
1578	2923	41800
1307	3492	41800
990	3417	41800
2443	3216	41800
316	2708	41800
949	3405	41900
42	3264	41900
2014	3042	42000
1161	3344	42000
995	2713	42000
2068	3140	42100
1075	3364	42100
1072	2548	42200
155	3479	42200
979	3099	42300
734	3248	42300
826	3250	42300
1729	3008	42300
2005	3003	42300
1271	2809	42300
1917	3453	42400
2106	2752	42400
2396	2601	42400
2100	3164	42400
1627	3307	42400
704	2729	42500
1566	2871	42500
1159	2992	42500
1319	2936	42500
577	2651	42700
2050	3467	42700
3	3248	42700
75	2803	42700
891	3241	42800
312	3044	42800
2144	2909	42800
258	3334	42800
764	2574	42800
458	3300	42800
36	3120	42800
302	2532	42900
972	3104	43000
538	3079	43100
207	3221	43100
11	2941	43100
614	3099	43100
364	3004	43100
1180	3173	43100
2188	3018	43100
870	2610	43100
2194	2900	43200
1175	2908	43200
1706	2820	43200
755	3380	43200
1900	2540	43200
842	3342	43200
1800	2803	43200
1943	2794	43300
2291	2678	43300
821	3423	43300
2147	3121	43400
419	3413	43400
1034	2914	43400
1356	3232	43500
995	2579	43500
1357	3329	43500
2025	3020	43500
1100	2750	43600
1153	3091	43600
1083	2678	43700
488	3359	43700
1766	3346	43800
53	3229	43800
1398	2661	43800
1951	3043	43900
830	2834	43900
392	2752	43900
110	3164	43900
827	2529	44000
1375	2732	44000
1838	2904	44000
1062	2714	44200
1986	2992	44200
1060	2958	44200
1875	2591	44300
2084	3472	44300
1090	3120	44300
49	2558	44400
2291	3422	44400
1215	3479	44500
630	2708	44500
1352	2697	44600
852	2579	44600
366	2563	44600
1496	2831	44600
9	3385	44600
1777	2728	44600
354	2811	44600
2113	2995	44700
1306	3409	44700
1388	3215	44700
2280	2712	44800
2062	2921	44900
705	2518	44900
567	3237	45000
1128	3274	45000
1207	2913	45000
189	3020	45000
1947	2518	45100
1785	2798	45100
1974	3272	45100
790	2638	45200
931	2889	45200
1795	3337	45300
1544	2878	45300
32	2588	45300
1229	3301	45300
531	2881	45300
1716	2818	45400
1045	3249	45500
1468	2925	45500
4	2728	45500
940	2919	45600
2422	3281	45700
1433	3431	45700
1299	3466	45800
2407	2728	45800
2294	2600	45800
1025	3453	45900
83	2802	45900
2129	2594	45900
2050	3170	46000
1847	3084	46000
2322	3289	46100
812	3441	46100
1785	2703	46100
1317	2900	46200
66	2733	46200
516	2631	46200
955	2925	46400
1946	2973	46400
1754	3151	46400
2185	3304	46400
691	3196	46400
377	3179	46500
2439	2533	46600
595	2577	46600
2478	2842	46600
1453	3383	46700
1416	2693	46700
469	2744	46700
475	2572	46800
765	2778	46800
1858	3415	46900
2211	3087	46900
2063	3336	47000
843	3428	47000
194	3171	47100
1329	3201	47200
2421	3084	47200
2398	3265	47200
705	3009	47300
1261	3354	47300
136	3139	47400
1788	2722	47400
1383	3082	47400
1347	3064	47400
1946	2992	47400
1117	3431	47400
584	2961	47500
876	3130	47500
353	3430	47600
1550	2745	47600
2453	3004	47700
1089	2584	47700
844	2526	47800
2466	2763	47800
1602	3080	47800
503	2914	48000
1032	2839	48000
2213	2527	48100
1036	3273	48200
819	2829	48200
561	3409	48200
923	2573	48200
2064	2713	48200
1276	3248	48200
1677	3148	48200
2043	2521	48300
1242	3344	48300
460	3386	48400
2217	3286	48400
388	2948	48500
222	3278	48500
1428	2911	48500
2252	2668	48600
1151	3134	48600
687	2745	48600
401	2547	48700
743	3302	48700
2197	2853	48700
173	3226	48800
2016	2749	48800
2319	2781	48800
2248	2858	48800
2128	2859	49000
2413	3234	49100
732	3341	49100
1207	2548	49200
1070	3158	49200
1590	2684	49200
926	2523	49200
1243	2651	49300
1886	3160	49300
2364	3470	49400
648	2891	49500
557	3225	49500
1130	2776	49500
1518	3220	49500
1047	2660	49500
194	2624	49500
2253	3173	49600
2227	2507	49600
1906	3239	49700
640	2518	49700
1787	3121	49700
1326	3185	49700
1366	2909	49700
1419	3081	49700
555	3492	49700
273	3066	49700
237	2889	49800
2125	3074	49800
1176	3078	49900
1361	3389	50000
1382	2857	50000
1670	2777	50100
1694	2835	50100
1868	2578	50100
1473	2763	50100
2416	3474	50200
197	3203	50200
1900	3148	50200
2154	3249	50300
1227	2759	50300
2147	2993	50300
246	3284	50400
2139	2813	50400
1052	2786	50500
1349	3262	50500
160	3262	50600
996	2701	50700
1618	2534	50800
1056	2795	50900
1268	3053	51000
2324	3287	51000
58	3281	51000
400	2922	51000
1269	3017	51100
100	2974	51100
2368	3126	51100
1550	2810	51100
1427	2525	51300
1086	3232	51500
935	2713	51500
2240	3352	51500
1605	2611	51600
852	2908	51600
1541	2953	51700
1815	2712	51700
244	3180	51800
2148	3423	51800
1495	2768	51800
1113	2674	51900
373	2788	51900
331	3170	52000
368	3365	52000
1355	3127	52100
460	2598	52100
1212	3189	52200
1314	2984	52200
1022	3221	52300
811	3345	52300
1717	2706	52300
2325	3167	52400
558	2902	52400
541	3499	52500
614	2736	52600
939	3417	52600
370	2978	52600
151	2853	52800
2410	2918	52800
2150	2538	52800
1988	3213	52900
1364	3413	52900
2020	3094	53200
1997	2901	53300
1042	3482	53400
226	3413	53500
425	2844	53500
2358	2537	53500
432	3068	53600
1376	3098	53600
1454	3338	53600
1084	3493	53600
1336	3484	53900
2302	3307	53900
230	3224	54000
1622	2955	54200
1338	2628	54200
2247	2985	54200
534	2814	54300
702	3218	54400
139	2722	54400
2181	2522	54500
764	2859	54700
1318	3453	54800
1586	2579	54800
654	2680	54800
186	3185	54800
2055	3420	54800
2292	3338	54800
298	2527	54800
1163	2819	54900
747	2849	54900
1734	2672	55100
157	2880	55200
917	2911	55200
1694	3104	55300
944	3401	55300
1527	2786	55400
1389	3482	55400
1820	2808	55400
2090	2788	55400
1413	2523	55400
2277	3199	55500
102	3059	55600
2471	3008	55600
1198	2593	55600
155	2523	55600
1665	3014	55700
715	2712	56000
2022	3068	56000
680	3420	56100
1691	2910	56200
2214	2536	56300
925	3133	56500
325	3461	56500
1133	2860	56500
1163	3450	56600
1859	3065	56600
1617	3369	56700
126	2829	56700
1186	3057	56700
930	3450	56800
1687	2698	56800
272	3394	56800
1720	2642	56900
318	3197	56900
2387	2581	56900
1657	2587	56900
2023	2952	57100
1157	3016	57100
983	2665	57200
99	3328	57400
425	2788	57400
1316	2868	57500
2249	3198	57500
2229	2903	57500
1812	3081	57600
444	2544	57600
482	3302	57600
1655	2527	57600
514	2741	57700
2399	2906	57700
1027	2589	57900
80	3213	57900
582	3115	57900
1416	2913	57900
2238	2577	57900
401	2904	57900
878	3232	58000
1457	3303	58000
2024	3134	58200
462	3039	58200
1259	3000	58200
2166	2794	58400
847	3113	58700
47	3180	58700
1945	3057	58700
461	2599	58900
349	3147	58900
736	3335	59000
40	2522	59100
1995	3360	59200
1573	2540	59200
1309	3259	59300
1102	3386	59300
2053	2998	59300
896	3410	59300
146	3078	59400
506	3043	59700
593	3252	59700
1669	2944	59900
997	2972	59900
795	3480	60100
228	3116	60200
1685	2964	60200
599	2733	60400
539	3236	60500
2299	2513	60500
1477	2927	60500
1864	2900	60700
2119	3097	60700
1546	2803	60700
390	2901	60800
1273	2835	60800
2364	2969	60900
1065	3369	61000
961	3142	61000
10	3151	61000
2212	2655	61100
1838	2989	61200
1127	2687	61200
1860	2667	61600
849	2949	61600
904	3150	61600
1999	3430	61700
1736	2704	61700
373	2844	61700
2123	3175	61900
230	2821	61900
1493	2878	62000
2039	3157	62000
132	2753	62000
1366	2834	62200
695	3426	62300
2207	2702	62400
370	3304	62400
1085	3261	62600
1708	2899	62700
1409	2954	62800
2425	2950	63100
907	2877	63200
1982	3325	63200
1709	3115	63300
1571	2933	63300
2030	3301	63400
3	2544	63400
1928	3151	63500
1316	2506	63600
481	3465	63600
2347	3080	63600
2322	3226	63800
651	3339	63900
248	3284	63900
1305	3284	64100
800	2880	64200
1910	3188	64200
1474	2948	64300
1362	3026	64300
1355	3391	64400
1334	3492	64400
88	3200	64400
1038	3236	64600
1506	3135	64600
1857	2725	64600
1978	3356	64600
1427	2506	64700
1077	2592	64700
2222	3158	64700
1328	2998	64700
1456	2905	64800
635	2611	64800
2297	3082	64800
751	2878	64900
1565	2677	65000
1165	3094	65000
1782	3143	65100
886	2603	65200
2486	3360	65300
479	2964	65300
335	2525	65400
543	3039	65400
758	2547	65500
1607	2904	65600
2259	3417	65600
2093	3480	65600
2448	2567	65600
2359	3214	65800
2034	3015	65800
1704	2707	66000
775	2589	66100
1795	2539	66200
1850	3032	66200
2433	3150	66200
418	2709	66300
166	3400	66300
1909	2953	66400
1963	2966	66400
1414	3197	66500
934	3137	66500
261	2954	66600
182	3064	66700
2246	2917	67000
2326	3278	67100
2019	3118	67100
105	2783	67100
1388	3026	67100
1385	2803	67100
867	2832	67200
96	3465	67300
15	3456	67400
1983	2852	67400
1218	2980	67500
1976	3224	67500
55	2711	67600
636	3403	67800
2212	3116	67900
850	2954	67900
1470	2510	68100
1892	3401	68100
2272	2783	68300
1563	3463	68500
1395	3335	68600
220	3116	68700
85	3249	69000
768	3460	69000
1688	2952	69100
977	3413	69100
535	3030	69100
572	3031	69300
1949	2862	69600
1033	3425	69700
1929	2641	69800
344	2966	69900
1880	2871	69900
492	3400	69900
1908	3181	70300
939	2731	70500
67	2964	70700
670	3026	70700
211	3080	70700
1893	2866	70800
2340	2600	70900
2184	2580	71000
1986	3015	71100
2349	3065	71200
336	3386	71300
1371	2623	71500
1048	2671	71500
1118	3009	71600
153	3064	71600
1235	2600	71800
1240	3481	72200
1848	2674	72400
360	3197	72700
2231	2503	72700
1796	2914	72700
1684	3255	72700
1270	2511	73000
104	3228	73100
774	3246	73100
236	2564	73200
883	2877	73300
2483	3213	73300
593	3327	73500
1954	3301	73600
1433	3163	73700
1752	2757	73800
1967	2580	73800
2270	3002	73900
358	2606	74000
133	3189	74100
645	3072	74200
1981	2753	74300
2390	3283	74400
1744	2801	74400
1040	2860	74500
1541	2905	74900
270	2866	75000
2229	2606	75000
1164	2972	75100
349	3139	75200
843	2860	75300
44	2831	75400
2395	2948	75500
2063	3255	75700
2390	2777	75800
2114	3259	76000
2320	3391	76300
973	2938	76400
777	2959	76500
904	2871	77200
1275	2567	77400
2053	3193	77500
1241	3066	77700
1016	3075	77700
265	2868	78000
274	3443	78200
989	3032	78600
1483	3066	78600
1613	2539	79000
2252	3274	79300
1976	2821	79400
306	3406	79600
162	2539	79800
689	2979	79900
1138	3339	80000
895	2793	80200
133	3381	80300
463	2843	80300
1802	2781	80700
452	2766	80800
2409	3186	80900
1927	3491	81300
721	2650	81400
117	3284	81400
2204	2836	81400
1753	3072	81500
2497	3249	81600
2338	2777	82200
744	2756	82300
1576	3079	82300
1543	2506	82500
2306	2924	82600
1854	2546	82700
1508	3259	82700
872	2505	82800
1717	2592	82800
2395	2794	82900
847	2877	83100
892	2572	83300
1700	2941	83600
871	2639	84400
2283	3073	84600
1474	3346	85200
1733	2631	85200
1225	3441	85300
1598	3050	85300
484	3160	85500
1767	2606	85500
285	3274	85600
1879	2918	85600
1248	2866	85900
1535	2535	86100
559	3390	86100
2195	3199	86500
2220	3303	86500
1512	3235	86700
161	2642	86900
1677	3327	87100
602	2522	87500
1104	2672	87600
2244	2663	88300
2417	3201	88700
1213	2889	88900
2102	2623	89000
703	2564	89200
1305	3032	89300
1747	2976	89300
2305	2623	89500
2363	3030	89600
866	3456	89600
403	3008	89800
1220	3277	90100
2097	2754	90200
1439	2938	90900
539	3438	91100
1778	3477	92100
2309	2899	92300
1721	3330	92300
1554	3269	92800
828	3317	92800
480	3406	92900
2076	3438	93100
1988	2535	93200
2424	2535	93700
1391	2550	93700
1224	3072	94000
1625	3443	94100
1009	3224	94300
1895	2779	94400
1358	2665	94500
897	3064	94700
1206	2559	94900
1679	2848	95300
618	2694	95600
1582	2514	95600
1643	2981	95700
152	3391	96200
1387	3083	96500
1225	2776	96700
1501	2748	97400
179	2680	97500
1575	3277	98100
763	2758	98300
405	3169	98300
2080	2770	98900
611	3342	99200
2182	2647	99400
1217	2666	99500
348	2557	99700
416	2696	100100
509	2980	100200
1758	3373	100200
945	2848	100300
2485	2614	100300
1529	2938	100600
1294	3430	101200
1199	3274	101500
1961	2831	101800
927	3381	102000
211	3462	102500
2422	3064	102600
2255	3468	102700
958	3472	103100
976	2855	104000
2058	3030	104100
1825	3228	105100
1340	3286	105100
746	3228	105200
436	3472	105500
1327	3269	105500
1810	3230	106000
288	3095	106000
2336	2912	106400
1064	2755	106500
44	2731	106600
1916	3304	107400
1166	2716	108000
1431	2715	108200
499	2575	108400
2409	3337	108600
799	2575	108700
47	3253	108700
1934	2783	109300
2297	3455	109700
1192	2986	109800
1926	2878	110200
503	2922	110400
156	2691	110500
428	3010	110700
1998	2840	110900
1763	3353	110900
1209	3165	111000
2146	3462	111300
2491	3096	111400
768	3075	111500
2048	2642	111600
1823	2756	112400
1894	2515	112500
1535	3399	112600
199	2696	113100
264	2844	113500
633	3339	113600
631	2950	114300
2104	2843	114700
1099	3401	114900
733	2787	115000
148	3460	115700
2182	2962	116200
1458	2647	116700
1456	2511	117100
1996	3480	117100
2356	3463	117300
1501	3182	117600
793	2848	117700
1802	3272	118300
1789	2753	118900
95	2511	119500
341	3455	119700
1372	3234	120700
1599	2712	121200
791	3231	121200
2479	2774	122200
70	3425	122400
1020	3289	122700
2394	3231	123100
1455	2599	123900
1644	3462	123900
342	2819	124200
962	2767	124300
2172	3239	124700
1825	3127	125100
395	2625	125400
532	3379	125400
1934	3335	126100
834	2633	126400
437	3125	127800
1890	2855	127800
948	2519	128300
2209	3455	128900
1829	3322	128900
2442	2754	129400
1013	2638	129500
564	2807	129800
1041	3268	130000
880	3352	131000
499	3011	131100
2321	2819	131400
746	3127	131900
2139	3350	132200
1089	2607	132700
1890	3195	132900
2235	2872	132900
291	3224	133000
2451	3195	133300
1369	3010	133500
2449	3373	133500
412	3277	133700
1483	2655	134400
1415	2982	134400
2242	2618	134700
834	2531	136600
2141	2515	136600
985	3075	136600
1540	2758	136800
880	3449	137900
507	3066	139600
1551	3160	139700
420	2902	140800
1672	2633	142100
1987	2843	143000
2077	3048	143100
274	3010	143300
2158	3228	143600
1575	2980	145300
660	3087	145300
1288	2872	146600
2045	3303	146800
2355	2756	147600
2249	3289	147900
2042	2518	148000
838	2716	148600
87	2756	148800
1958	2660	149900
217	3112	150000
2158	3372	150800
395	3198	150800
2394	2657	151000
2350	3322	151800
1486	3230	152800
1477	2676	153600
1251	3182	153800
927	3472	154300
2207	2824	155600
2012	3373	156100
1724	3231	156600
2083	2534	156700
2216	3283	157000
816	2762	158200
1093	3201	158300
2420	3381	158500
2011	3283	158700
2350	2723	159700
740	2633	160400
314	3000	163400
63	2933	163500
2200	3406	164800
1334	2796	165000
347	3036	165000
2304	3352	166000
1563	2870	166100
1711	2870	166300
2305	2836	168400
1241	2840	169300
1537	3105	171600
436	2774	171900
1735	2514	172200
871	3439	172300
1365	2821	173600
1143	3485	174500
2356	3464	175800
1828	3491	176600
1372	3381	183300
479	3153	183800
2367	3200	184500
2112	2867	185600
2056	3114	186900
2161	3261	187100
946	2639	189500
2367	2956	190300
2334	3346	191200
740	2531	191400
291	2821	191500
1938	2852	192400
209	2767	192900
612	3036	194400
2483	3165	195100
266	2781	197500
922	3047	200600
1274	2592	201900
1289	3165	201900
2103	2770	201900
1081	3446	202100
256	2807	204500
1797	2779	204500
634	3104	204600
2206	3209	206100
521	2666	206200
1925	3005	208000
2049	3448	208000
1507	3056	209100
485	2619	210800
780	3475	211300
80	3444	212000
1880	2840	212300
1898	2774	213000
728	2915	213200
82	3456	213800
1116	2919	216700
727	3335	219000
1475	2619	222800
2304	2647	222800
225	3165	224500
2348	3200	225200
1962	2592	225600
1141	2961	226000
209	3113	227200
2087	2922	227400
2172	3093	227600
2103	3148	228000
1724	2657	228300
624	3245	228800
458	3446	229400
909	3193	232000
696	2889	234100
89	2574	234500
2152	3363	236400
2046	3373	237500
1570	2648	244800
1381	2515	245700
1200	3037	245700
2494	3209	248400
1115	2794	249100
273	2840	251300
861	2770	252400
1909	2929	253600
1644	3112	254800
1630	3071	261000
