2048	2909	200
1517	3140	200
1604	3375	200
1306	3472	200
1997	3071	200
1111	3494	200
1560	2590	200
1740	3367	200
897	2976	200
1506	3331	200
804	2869	200
1705	2579	200
957	3056	200
235	3318	200
532	3247	200
2074	2555	200
1658	3206	200
1704	3420	200
534	3311	200
293	2999	200
2157	2739	200
2162	2538	200
2135	2852	200
743	2900	200
872	3463	200
2133	3361	200
1874	3109	300
2022	2840	300
1858	2700	300
2099	2877	300
1570	3335	300
1065	2928	300
2499	3218	300
2259	2643	300
1417	2596	300
2142	2516	300
957	3272	300
856	3490	300
2209	2799	300
463	2743	300
202	3457	300
1084	2578	300
2443	3217	300
63	3112	300
499	3230	300
256	2505	300
2344	2919	300
33	2953	300
2494	3226	300
1039	3313	300
2320	3160	300
1508	3127	300
140	3213	300
514	2550	400
623	2953	400
333	2506	400
2336	2683	400
2099	2695	400
248	2903	400
1859	2603	400
2253	3044	400
1138	2554	400
1478	2508	400
560	3387	400
2459	2656	400
760	3282	400
225	3043	400
2365	3147	400
2132	3058	400
303	2727	400
2256	3135	400
336	3414	400
2237	3212	400
1497	3098	400
320	2781	400
415	2988	400
1606	3448	400
2199	3208	400
1940	3377	400
98	3397	400
1091	2884	400
1016	3460	400
67	3493	400
1983	3475	400
1967	3499	400
799	3230	400
1502	3161	400
1635	3239	400
572	3086	400
1341	2567	400
1322	3223	500
1071	3357	500
972	3202	500
739	3453	500
134	2951	500
1455	3083	500
35	2596	500
758	3291	500
1207	2829	500
1482	3253	500
2371	3323	500
2204	3090	500
933	2773	500
776	2579	500
1868	2910	500
2185	3098	500
933	3247	500
563	2532	500
221	3191	500
595	3216	500
1840	3150	500
1415	3322	500
306	3072	500
992	3157	500
300	2609	500
166	3207	500
814	2697	500
76	3266	500
591	2712	600
1125	2927	600
2395	2951	600
1788	3087	600
1435	2698	600
826	3251	600
1642	2705	600
464	2831	600
1772	2573	600
1038	3358	600
993	2785	600
1883	2848	600
2382	2627	600
28	2551	600
2166	2678	600
1260	3395	600
2291	2626	600
261	2968	600
2362	2822	600
1245	2973	600
2188	2566	600
2204	2583	600
2414	3305	600
1263	2890	600
64	3175	600
302	2750	600
1974	2597	600
231	3332	600
1810	2803	600
1781	2525	600
2018	2981	600
951	3262	600
1353	3316	600
1316	2657	600
51	2755	600
827	2537	600
1387	3214	600
1180	3450	600
2046	2883	600
1999	3430	700
604	2793	700
1193	3118	700
1566	3083	700
762	2784	700
745	2696	700
2249	2751	700
727	3052	700
195	3203	700
2360	3492	700
2055	3208	700
449	2788	700
127	2582	700
1047	2636	700
1458	3117	700
2314	3245	700
940	2763	700
523	3069	700
2006	2816	700
2438	3229	700
1619	2985	700
2240	3296	700
692	2650	700
97	3161	700
1472	3390	700
2078	3017	700
1045	2683	700
1390	2559	700
2418	3061	700
1731	3400	700
2357	3095	700
1486	2775	800
11	2625	800
2244	2819	800
1377	3425	800
1482	2945	800
2153	2783	800
535	3029	800
923	3145	800
1094	3212	800
2465	3452	800
1919	3233	800
556	2627	800
1231	2675	800
1311	3021	800
1650	2837	800
1034	2915	800
2377	2636	800
887	2768	800
765	3103	800
1882	3373	800
674	2522	800
2495	3076	800
643	2724	800
36	2868	800
1019	2607	800
822	2500	800
813	2889	800
1305	3209	800
847	3478	800
871	3300	800
1317	3221	800
1077	3387	900
552	2699	900
353	2545	900
1142	2729	900
2321	3234	900
1532	2590	900
448	3330	900
912	2680	900
42	3299	900
1400	3185	900
1948	3212	900
2050	3488	900
1255	2973	900
54	3385	900
2343	3318	900
1026	3114	900
148	3013	900
1904	3175	900
2255	2956	900
2183	3150	900
1046	2594	900
319	2904	900
555	3102	900
781	3468	900
787	2500	900
1887	3427	900
2257	3187	900
2212	2556	900
276	2835	900
410	2827	1000
539	3324	1000
916	2756	1000
70	2809	1000
893	3016	1000
198	3354	1000
374	2783	1000
1302	3364	1000
1403	3496	1000
1883	3459	1000
2141	3426	1000
466	3236	1000
1979	3353	1000
1973	2898	1000
1483	2764	1000
1628	2555	1000
1587	2955	1000
674	2904	1000
2082	3355	1000
62	3023	1000
428	2638	1000
1835	2870	1000
729	3240	1000
2435	3300	1000
2342	3484	1000
1989	3441	1000
888	2546	1000
1002	2841	1000
2386	3339	1000
492	2646	1000
892	2843	1100
593	3194	1100
48	3121	1100
1790	2937	1100
1156	2993	1100
1876	3044	1100
905	3283	1100
817	3119	1100
1906	3466	1100
1700	2819	1100
1354	3465	1100
1759	3065	1100
881	3472	1100
1637	2855	1100
1051	3496	1100
716	3366	1100
277	3459	1100
1710	2630	1100
380	3437	1100
1021	3382	1100
17	2792	1100
2374	3338	1100
737	2609	1100
1994	3473	1100
327	3262	1100
1239	2624	1100
2047	2852	1100
896	3228	1100
942	2961	1100
2393	3026	1200
465	3404	1200
395	3005	1200
434	3032	1200
2230	3369	1200
1517	3119	1200
381	3154	1200
1866	2969	1200
2147	2644	1200
658	3012	1200
1389	2947	1200
764	3133	1200
1033	3483	1200
1804	2733	1200
1276	3233	1200
2429	3389	1200
191	3392	1200
2458	3294	1200
2140	2536	1200
438	2879	1200
1600	3157	1200
163	2585	1200
216	3245	1200
2151	3365	1200
1332	3206	1200
1802	3464	1200
2243	3076	1200
1236	3122	1200
1767	2741	1200
455	3363	1200
1746	3228	1200
1437	2899	1200
1571	3293	1300
1922	2886	1300
696	2679	1300
239	3442	1300
44	3119	1300
2122	2734	1300
2258	3176	1300
1386	2829	1300
1468	3242	1300
800	3029	1300
1327	3496	1300
1513	3366	1300
2446	3413	1300
855	3474	1300
2346	3287	1300
86	2730	1300
1985	3203	1300
1367	2686	1300
683	3056	1300
23	2936	1300
690	2832	1300
2090	2617	1300
1186	2666	1300
982	2919	1300
1369	3161	1300
1797	2967	1300
1192	3139	1400
1221	3044	1400
2103	3274	1400
2373	2901	1400
979	3176	1400
151	2895	1400
1894	3426	1400
1307	3158	1400
794	3490	1400
272	2690	1400
1562	2752	1400
1335	2754	1400
2489	3039	1400
719	2805	1400
1901	3205	1400
1296	2892	1400
213	2511	1400
1273	3028	1400
692	2559	1400
2087	3252	1400
1558	3122	1400
223	3250	1400
751	3041	1400
317	3374	1400
634	2710	1400
442	2556	1400
1834	2646	1400
2013	2534	1500
333	2560	1500
509	3194	1500
1404	3469	1500
2308	2891	1500
567	2937	1500
560	3241	1500
1519	2722	1500
1071	2682	1500
2279	3036	1500
2210	3274	1500
1323	2831	1500
1136	3079	1500
259	2614	1500
1176	2928	1500
1447	3006	1500
810	2995	1500
1287	2822	1500
1120	3033	1500
1803	3151	1500
1780	3318	1500
1254	2887	1500
90	2601	1500
1164	2958	1500
252	3416	1500
2223	3062	1500
1537	3226	1500
475	3352	1500
1947	2595	1500
2002	2949	1500
176	3160	1500
836	3095	1500
1162	3125	1600
12	3430	1600
402	2761	1600
2122	2633	1600
2429	2873	1600
1234	3486	1600
1249	3256	1600
686	3326	1600
806	2768	1600
407	3317	1600
1974	2637	1600
2007	3090	1600
281	3396	1600
627	3376	1600
1338	2890	1600
1977	2919	1600
1748	3298	1600
837	2922	1600
598	2612	1600
406	2850	1600
2091	3231	1600
1236	2994	1600
1541	2812	1700
2405	2965	1700
156	3237	1700
356	3111	1700
1608	3458	1700
621	3227	1700
1240	2878	1700
244	2616	1700
1242	2663	1700
524	3167	1700
1668	3018	1700
1985	3099	1700
1363	3000	1700
363	3328	1700
114	3497	1700
1846	2641	1700
1786	3385	1700
167	3060	1700
1967	3350	1700
966	3301	1700
1153	2815	1700
1382	3390	1700
260	2856	1700
1090	2841	1700
1424	2950	1700
1534	2647	1700
708	3104	1700
1767	2575	1800
1020	2820	1800
435	3371	1800
43	3370	1800
422	3329	1800
609	2716	1800
101	3324	1800
494	2869	1800
1932	2591	1800
1920	3412	1800
2	3242	1800
282	3043	1800
232	3325	1800
826	3204	1800
2406	3179	1800
1397	3124	1800
1606	2942	1800
2269	3143	1800
1828	2792	1800
478	3020	1800
759	2838	1800
1707	2936	1800
1697	2915	1800
997	3156	1800
169	3103	1800
879	2806	1800
1481	2814	1800
785	3049	1800
1625	2612	1800
1807	2985	1800
1022	2653	1800
1618	2732	1800
1346	3277	1800
1529	2518	1800
274	3269	1900
1484	3223	1900
651	3404	1900
1284	2605	1900
663	2682	1900
365	2864	1900
151	2746	1900
2038	3335	1900
1270	2794	1900
550	3180	1900
1721	3274	1900
251	3192	1900
164	2906	1900
1671	2688	1900
934	2764	1900
2169	2752	1900
1473	3030	1900
1295	3126	1900
2035	3217	1900
2100	3153	1900
2112	2888	1900
791	2719	1900
1865	2964	1900
394	3040	1900
1893	2816	1900
1352	2962	1900
443	2710	1900
941	3261	1900
2394	2952	1900
2086	2589	1900
632	2971	2000
2364	3469	2000
930	3241	2000
1957	3346	2000
663	3166	2000
2153	3065	2000
1699	3003	2000
653	3358	2000
125	3142	2000
1265	2520	2000
1706	2873	2000
914	3078	2000
2446	2831	2000
1764	3236	2000
2313	2785	2000
637	3126	2000
1335	2916	2000
1978	3151	2000
2492	3321	2000
1832	3285	2000
1430	3460	2000
2398	3156	2000
2000	2824	2000
14	2860	2000
2357	3146	2000
687	2994	2000
1493	3343	2000
909	2723	2100
2215	2629	2100
1451	2817	2100
1405	2830	2100
1524	3442	2100
953	2855	2100
1520	3417	2100
245	3126	2100
2360	2686	2100
2292	2876	2100
1936	3195	2100
582	2858	2100
1781	2719	2100
864	2963	2100
2391	3451	2100
982	2580	2100
813	2717	2100
960	3478	2100
2384	3127	2100
215	2920	2100
789	2685	2100
2012	3450	2200
1598	2554	2200
351	2521	2200
1464	2878	2200
2111	2848	2200
2382	3334	2200
2399	2512	2200
590	2727	2200
1710	3036	2200
1509	2783	2200
599	3309	2200
1712	2597	2200
1841	2837	2200
299	2725	2200
615	2892	2200
1445	3175	2200
1677	3402	2200
1259	3420	2200
785	3215	2200
1574	3475	2200
1533	3080	2200
1141	2889	2200
2049	3063	2200
1602	3087	2300
1155	2645	2300
212	3184	2300
2299	3218	2300
2472	3189	2300
556	2849	2300
313	2563	2300
247	2663	2300
948	3162	2300
1100	2661	2300
2415	2898	2300
865	2888	2300
644	2571	2300
2191	3057	2300
967	2602	2300
615	2753	2300
2266	3262	2300
807	2865	2300
267	3261	2300
1073	3427	2300
733	2835	2300
965	3399	2300
1224	3225	2300
1031	3360	2300
437	3337	2400
1271	3370	2400
190	2691	2400
2416	3118	2400
457	3131	2400
1278	3135	2400
441	2613	2400
2124	3256	2400
613	3081	2400
754	2818	2400
2093	3307	2400
1117	2664	2400
370	2964	2400
1423	2894	2400
2085	3230	2400
1495	2899	2400
424	2821	2400
1738	2701	2400
853	2580	2400
431	2683	2400
971	2642	2400
536	2776	2500
422	3046	2500
1968	3086	2500
857	3037	2500
2170	3119	2500
1302	2572	2500
2461	2767	2500
1601	3308	2500
27	3050	2500
2198	3064	2500
679	2563	2500
1331	3190	2500
2208	3299	2500
1203	2540	2500
1365	2989	2500
1443	3193	2500
2328	2628	2500
2087	3489	2500
2344	3211	2500
1309	3480	2500
2404	3200	2500
243	3337	2600
1898	2515	2600
2216	3140	2600
2187	3293	2600
1052	3399	2600
1966	2937	2600
2102	2827	2600
1963	3369	2600
2014	3458	2600
388	2819	2600
2315	3442	2600
777	2531	2600
247	3272	2600
1831	3386	2600
513	3384	2600
782	2530	2600
1735	3248	2600
1944	3481	2600
1559	2813	2600
915	2982	2600
1331	3333	2600
1913	2626	2600
2466	2747	2600
592	2552	2600
2437	3150	2600
822	3307	2600
2126	3300	2600
1824	2511	2600
2114	2889	2600
399	2685	2600
1695	3391	2700
2285	2706	2700
1258	2776	2700
2190	2614	2700
2058	2880	2700
1747	3079	2700
2330	3145	2700
2145	2862	2700
1083	3323	2700
1438	2970	2700
1148	3340	2700
1931	3177	2700
1969	2662	2700
1995	2690	2700
49	2578	2700
600	3279	2700
1103	3047	2700
1846	2839	2700
1132	2541	2700
1822	2803	2700
1981	3115	2700
1621	3106	2700
1291	2998	2700
1758	3080	2700
1341	3339	2700
1895	2646	2700
1050	2567	2700
498	3361	2800
1598	3071	2800
263	2880	2800
1914	2784	2800
20	2729	2800
682	3147	2800
681	3432	2800
963	2689	2800
903	3287	2800
2434	2675	2800
1662	2792	2800
695	3172	2800
7	2617	2800
415	2597	2800
1079	2532	2800
1796	3055	2800
1430	3446	2800
252	2592	2800
348	2967	2800
1390	2638	2800
2146	3091	2800
1137	3431	2800
95	3363	2900
734	3202	2900
854	3113	2900
2277	3371	2900
1166	3004	2900
1856	3275	2900
1924	2928	2900
1189	3351	2900
1307	3299	2900
810	3438	2900
1958	3288	2900
261	2972	2900
486	2973	2900
2007	2885	2900
1241	2918	2900
2165	3019	2900
2174	2778	2900
786	2602	2900
270	2897	2900
321	2782	2900
2389	3245	2900
829	2824	2900
2463	2861	2900
1543	2621	2900
173	3209	2900
1548	2869	3000
2258	3138	3000
1642	3181	3000
1624	3173	3000
993	3334	3000
2226	3222	3000
15	3411	3000
1190	3386	3000
413	2995	3000
2010	3153	3000
989	3328	3000
154	2803	3000
2338	2589	3000
75	3238	3000
1040	3360	3000
1640	2795	3000
789	3361	3000
1536	3100	3100
1062	2789	3100
2012	2833	3100
2424	3113	3100
2448	3186	3100
1687	3109	3100
274	2761	3100
2311	2877	3100
704	3466	3100
2345	3369	3100
2202	2545	3100
1210	2548	3100
2127	2906	3100
1522	2705	3100
2117	3382	3100
478	3380	3100
1803	2781	3100
2341	3195	3100
1032	2542	3100
1497	2978	3100
2093	2666	3100
489	2806	3100
2031	3445	3100
2158	2599	3100
2224	2932	3100
1584	2539	3200
1321	2635	3200
623	3010	3200
1951	2596	3200
726	2639	3200
773	3403	3200
1119	3045	3200
1880	2801	3200
1660	3130	3200
1287	2553	3200
454	3203	3200
918	3246	3200
271	2565	3200
1409	2968	3200
697	3326	3200
500	3129	3200
2333	3108	3200
1375	3476	3200
2407	3001	3200
1737	2844	3200
2223	2919	3200
779	3461	3200
880	2818	3200
2054	3422	3200
721	3063	3200
980	2852	3200
475	3224	3200
717	2946	3300
1404	3391	3300
790	2891	3300
2042	3346	3300
780	2539	3300
79	2756	3300
309	2588	3300
1115	3192	3300
958	2834	3300
263	3369	3300
1762	3029	3300
1279	2773	3300
912	3128	3300
662	3132	3300
914	2563	3300
1921	3222	3300
1378	3294	3300
1379	3379	3300
1663	2788	3300
1652	3040	3300
2056	2797	3300
1761	3290	3300
2335	2561	3300
476	3169	3300
1216	3292	3300
2394	3165	3300
998	2850	3400
156	2807	3400
2286	3138	3400
1289	3147	3400
750	2992	3400
1730	2682	3400
522	3482	3400
192	2997	3400
58	2876	3400
1490	3386	3400
357	2533	3400
1129	3497	3400
64	3421	3400
1160	3287	3400
50	3447	3400
1697	3055	3400
4	3315	3400
2004	2766	3400
688	3030	3400
1286	3108	3400
1886	2932	3400
2137	3005	3400
1508	3399	3500
1818	2923	3500
1500	3180	3500
1175	2974	3500
1907	2709	3500
1798	3219	3500
804	2758	3500
1199	3167	3500
266	3281	3500
666	2568	3500
650	3377	3500
2319	2851	3500
2070	2866	3500
214	2987	3500
2039	2748	3500
2247	2612	3500
2081	2797	3500
2420	3183	3500
1530	3342	3500
376	2946	3500
1696	3339	3500
91	3140	3600
1694	2950	3600
162	2712	3600
2373	3186	3600
2076	3221	3600
2244	2746	3600
619	2510	3600
1354	2742	3600
2323	2969	3600
129	2548	3600
1480	3379	3600
2124	3285	3600
527	2565	3600
2433	3022	3600
1636	3491	3600
229	3070	3600
1011	3149	3600
989	3136	3600
1689	2803	3600
1228	2638	3600
2181	2599	3600
1114	2769	3600
60	2925	3600
678	3032	3700
2079	2820	3700
1909	2658	3700
1891	2761	3700
172	2649	3700
1150	3093	3700
1351	3398	3700
527	2954	3700
1308	3163	3700
2326	3195	3700
404	3193	3700
850	2571	3700
185	2604	3700
898	3117	3700
69	3416	3700
691	3306	3700
487	2999	3700
87	2651	3700
2356	2607	3700
2227	3213	3700
184	2611	3800
1449	3278	3800
1478	3269	3800
1258	3166	3800
1157	2644	3800
1723	3335	3800
1545	2645	3800
1093	3425	3800
142	3407	3800
1707	3149	3800
1203	3220	3800
359	2954	3800
568	3264	3800
1246	2799	3800
2125	3396	3800
890	2814	3800
1791	3055	3800
1775	3035	3800
330	2665	3800
1501	2949	3800
1905	2993	3900
217	2738	3900
610	2802	3900
2221	3372	3900
1414	2819	3900
1680	3467	3900
1242	3455	3900
1668	3093	3900
497	3409	3900
2148	3471	3900
873	3439	3900
544	2566	3900
1248	3319	3900
459	3178	3900
1810	2857	3900
2066	3499	3900
2134	2739	3900
901	3484	3900
1743	2559	3900
1489	2595	3900
2409	3361	3900
2285	2755	3900
1062	3140	4000
1708	3016	4000
635	2682	4000
626	3454	4000
725	3118	4000
1656	2864	4000
773	2672	4000
958	3234	4000
2144	2596	4000
928	3189	4000
2479	3429	4000
219	2997	4000
1295	3388	4000
123	3299	4000
2450	3279	4000
387	2594	4000
1229	2601	4000
368	2665	4000
926	2782	4000
2332	2914	4000
386	3161	4000
1938	2527	4000
2468	3390	4000
2057	2949	4000
633	2925	4000
1501	3320	4100
1793	2993	4100
1281	2809	4100
1278	3048	4100
1276	2826	4100
324	3448	4100
695	3356	4100
779	3246	4100
2129	2888	4100
1460	2676	4100
1812	3047	4100
1154	2523	4100
585	2824	4100
294	3262	4100
51	3464	4100
713	3207	4100
2435	2861	4100
442	2543	4100
431	3226	4100
618	3199	4200
1268	3010	4200
1321	2789	4200
2305	2951	4200
512	2901	4200
614	3176	4200
1370	2957	4200
2272	3082	4200
192	2729	4200
1639	3483	4200
2312	3045	4200
2422	3130	4200
2281	2512	4200
6	2913	4200
300	2982	4200
145	2713	4200
1655	2803	4200
19	2998	4200
1769	3011	4200
1861	3095	4200
1462	2515	4300
461	2949	4300
207	3308	4300
1435	2957	4300
2156	3009	4300
37	3432	4300
2363	3110	4300
583	3362	4300
485	2930	4300
1412	3191	4300
517	3150	4300
974	2557	4300
592	3476	4300
2368	3102	4300
2255	2768	4300
1153	3493	4300
1777	3001	4300
2390	2778	4300
382	2922	4300
2008	2841	4300
1596	2650	4300
1087	2854	4300
793	3125	4400
1633	2946	4400
1708	3450	4400
1301	2694	4400
750	3393	4400
2101	2941	4400
2423	2502	4400
1937	3198	4400
441	3179	4400
1091	3347	4400
427	3178	4400
540	3394	4400
2104	2857	4400
952	3175	4400
1929	2870	4400
2161	2501	4400
141	3428	4400
1283	3250	4500
1461	3223	4500
518	3361	4500
2354	3002	4500
2393	3270	4500
1873	3370	4500
2163	2510	4500
2349	2668	4500
961	2672	4500
1350	2623	4500
1279	2709	4500
1175	2616	4500
1804	2882	4500
15	2995	4500
1151	3471	4500
1319	3318	4500
818	2542	4500
1749	3397	4500
2496	2985	4500
996	3365	4500
1191	3263	4500
1185	3320	4600
1604	3016	4600
1459	2587	4600
410	3381	4600
2234	3083	4600
1455	3367	4600
2452	3251	4600
1181	2934	4600
1921	3212	4600
673	3000	4600
1160	3385	4600
1727	3126	4600
1460	2571	4600
2028	3072	4600
1359	3077	4600
1275	2712	4600
1114	2933	4700
2195	3026	4700
1180	2833	4700
820	3223	4700
1514	2598	4700
2406	3486	4700
2254	3057	4700
2380	2838	4700
1840	2577	4700
1290	2650	4700
1961	3094	4700
1607	2981	4700
971	2712	4700
1857	3359	4700
1130	3187	4700
2307	3088	4700
1182	3161	4700
141	3231	4700
916	2992	4800
1959	3073	4800
2311	3302	4800
636	3403	4800
1579	3186	4800
1851	2880	4800
1339	2772	4800
1654	2908	4800
764	3304	4800
2173	2728	4800
404	2726	4800
21	2608	4800
462	3020	4800
786	3440	4800
438	3205	4800
1824	3262	4800
732	3120	4800
1230	2780	4800
2157	3464	4800
2037	3261	4800
2294	3017	4800
481	2946	4900
1962	2634	4900
1280	3235	4900
2186	2880	4900
886	2783	4900
1578	3253	4900
714	2643	4900
1051	3029	4900
2430	3203	4900
2080	2618	4900
2188	2936	4900
384	2726	4900
310	3498	4900
55	3258	4900
2061	3069	4900
2211	2998	4900
452	3261	4900
1748	2642	4900
2047	2511	4900
1243	2717	4900
554	3226	4900
2425	2515	5000
1251	3441	5000
2387	2975	5000
10	3079	5000
254	2611	5000
2228	2669	5000
2041	2623	5000
1762	2859	5000
2024	3304	5000
1097	2643	5000
136	3414	5000
1826	2729	5000
220	2764	5000
1282	3338	5000
608	2671	5000
81	3383	5000
1048	3205	5000
1596	3159	5000
1388	3077	5000
1925	3165	5000
591	2642	5000
1025	2681	5100
1821	3155	5100
1471	3371	5100
1261	3302	5100
1252	3278	5100
1356	3197	5100
282	2731	5100
1269	2908	5100
462	3485	5100
579	2544	5100
1801	2692	5100
540	2916	5100
1147	2771	5100
94	3440	5100
2248	3301	5100
641	3365	5100
107	2670	5100
2355	3199	5200
738	2911	5200
228	2877	5200
207	3139	5200
908	3368	5200
1232	3487	5200
758	3459	5200
2149	2633	5200
1142	3192	5200
1038	2640	5200
38	2586	5200
1389	2699	5200
1667	2758	5200
1946	3384	5200
153	3481	5200
1454	2781	5200
2050	2954	5200
486	3326	5200
1567	3229	5200
206	3418	5200
1622	3060	5200
1116	2979	5200
761	2621	5200
311	2914	5200
2481	2842	5200
1743	3267	5300
529	3107	5300
2330	3201	5300
128	3058	5300
2324	2991	5300
920	3312	5300
1588	2564	5300
545	2779	5300
1927	2622	5300
1558	3207	5300
201	2770	5300
1590	2665	5300
2497	2766	5300
812	3137	5400
1037	2560	5400
1213	2965	5400
626	2519	5400
685	3113	5400
131	2508	5400
2052	2992	5400
103	3197	5400
1010	2598	5400
596	3038	5400
1555	2616	5400
792	2945	5400
2128	2796	5400
2273	2876	5400
1564	2791	5400
1768	3051	5400
2351	3236	5400
1499	2692	5400
2100	2760	5400
1494	3047	5400
766	3292	5400
2378	3086	5400
293	2741	5400
176	2535	5400
337	3310	5400
780	3269	5500
2308	2717	5500
1519	2629	5500
2485	3079	5500
1348	3068	5500
2059	3096	5500
714	2895	5500
32	3325	5500
815	3366	5500
869	2823	5500
875	2702	5500
1973	2735	5500
2142	2726	5500
1712	2637	5500
828	2988	5500
2470	3007	5500
1780	2688	5500
2482	2811	5500
643	2615	5500
1581	3342	5500
1075	2843	5600
675	2714	5600
2401	3414	5600
628	3015	5600
242	2579	5600
46	2586	5600
768	3424	5600
876	3056	5600
174	3144	5600
312	3384	5600
1523	2935	5600
769	3309	5600
1970	3022	5600
945	2847	5600
1006	3085	5600
52	2771	5600
301	2821	5600
2337	2856	5600
304	2814	5600
1247	2748	5600
1288	3444	5600
2484	2653	5600
1871	3017	5600
1297	3186	5700
255	3087	5700
1723	3454	5700
1452	2623	5700
2217	3234	5700
197	2669	5700
1477	3351	5700
932	3219	5700
666	2995	5700
2445	3477	5700
1454	2692	5700
1526	2609	5700
1099	3035	5700
450	3322	5700
452	2815	5700
795	3240	5700
283	2854	5700
1533	3054	5700
835	2575	5700
1863	2841	5700
2270	2670	5700
1027	2589	5800
1336	3026	5800
2026	3466	5800
935	2978	5800
563	3421	5800
1217	3279	5800
528	2805	5800
1170	2938	5800
2248	3229	5800
1960	2665	5800
756	2673	5800
1413	2621	5800
362	3105	5800
1542	3470	5800
1294	3221	5900
1848	2933	5900
2084	3283	5900
1492	3404	5900
1474	3113	5900
1118	3472	5900
2097	2703	5900
1058	2796	5900
2256	2917	5900
2196	2988	5900
1661	2875	5900
266	3384	5900
1444	2728	5900
1774	3156	5900
476	2612	5900
1726	3194	5900
493	3148	5900
436	2943	6000
2190	2510	6000
1583	2513	6000
1954	2772	6000
2111	3459	6000
1021	3340	6000
1944	2675	6000
1982	2799	6000
1201	3024	6000
507	3103	6000
54	3287	6000
181	3060	6000
2460	2561	6000
631	2612	6000
1717	2576	6000
812	3268	6000
1318	3239	6000
1821	3165	6000
593	3121	6100
930	2983	6100
743	3155	6100
1611	2625	6100
361	2996	6100
150	2668	6100
805	3347	6100
749	3233	6100
542	3188	6100
1412	3177	6100
877	2652	6100
2016	3035	6100
194	3380	6100
326	2842	6100
807	3261	6100
67	2815	6100
1324	3182	6100
1664	3063	6100
436	2723	6200
390	2827	6200
867	2703	6200
1991	3082	6200
225	2731	6200
1447	2765	6200
125	2917	6200
88	3481	6200
2080	2918	6200
788	3193	6200
1012	2799	6200
1230	3102	6200
1716	3422	6200
2407	3315	6200
2379	2628	6200
2377	2787	6200
335	3023	6200
1355	3214	6200
1096	2737	6300
1616	3254	6300
1876	2983	6300
859	2700	6300
584	3391	6300
702	3381	6300
1742	3197	6300
575	2503	6300
2334	3275	6300
553	3096	6300
2033	2639	6300
1313	2565	6300
748	3385	6300
2348	2890	6300
1563	2578	6300
1565	2813	6300
2192	3011	6300
1685	3146	6300
1918	2861	6300
1752	3094	6300
1823	3297	6400
2444	3295	6400
2370	2620	6400
2471	2588	6400
2217	2645	6400
418	2969	6400
1474	3454	6400
2058	2996	6400
2052	2790	6400
505	3096	6400
752	2936	6400
1591	3288	6400
1638	3098	6400
755	2954	6400
547	3000	6400
1005	3418	6400
1975	2985	6400
55	2842	6400
972	2535	6400
105	3121	6500
1757	2508	6500
389	2510	6500
1457	2834	6500
2027	3472	6500
2233	2935	6500
929	2917	6500
1760	2995	6500
845	3141	6500
2470	3456	6500
236	3152	6500
112	3435	6500
2063	3365	6500
2473	3493	6500
2139	2664	6500
1238	2795	6500
687	3122	6500
2192	2748	6500
1659	2607	6500
577	3375	6600
1351	3059	6600
703	3334	6600
1595	3204	6600
59	2566	6600
275	2749	6600
1551	2801	6600
81	2938	6600
1078	3247	6600
1007	2844	6600
1098	3040	6600
641	3255	6600
640	2670	6600
2062	3266	6700
1041	3270	6700
1145	2667	6700
1578	2969	6700
1143	2591	6700
1778	3201	6700
1986	3227	6700
1745	3244	6700
1910	3110	6700
939	3134	6700
935	2558	6700
2020	2813	6700
163	3493	6700
107	3210	6700
1849	2959	6700
733	2535	6700
1036	3297	6800
1427	2681	6800
1163	3025	6800
1674	2834	6800
2249	3349	6800
2493	2553	6800
1433	2955	6800
701	2982	6800
1017	3447	6800
1808	2684	6800
1916	2578	6800
2304	3156	6800
1784	2712	6900
349	3079	6900
454	3099	6900
323	2660	6900
816	3149	6900
1838	3150	6900
1219	2769	6900
827	3112	6900
1625	3479	6900
1531	3023	6900
667	2863	6900
1694	2899	6900
538	3031	6900
2051	3289	6900
2387	3067	7000
329	2911	7000
93	3368	7000
2068	2840	7000
1676	3273	7000
1348	3452	7000
963	3064	7000
1879	3179	7000
82	2524	7000
483	3378	7000
1398	3035	7000
772	2780	7000
1653	3406	7000
355	3260	7000
766	2779	7000
1141	3479	7000
956	3088	7000
1675	3087	7100
1703	3454	7100
2419	2519	7100
698	3181	7100
792	2503	7100
694	3364	7100
1896	3496	7100
1692	2502	7100
1026	2926	7100
2358	3178	7100
41	2778	7100
1729	2786	7200
2076	3359	7200
1106	3059	7200
273	2668	7200
868	3423	7200
1689	2821	7200
1691	2828	7200
1782	2677	7200
319	2522	7200
938	2963	7200
670	3067	7300
2425	3250	7300
1554	2539	7300
1554	3293	7300
471	3068	7300
2388	2931	7300
1720	2751	7300
1632	2614	7300
576	3439	7300
866	3264	7300
625	2687	7300
90	2787	7300
2020	2960	7300
249	2811	7300
1557	2780	7300
332	2908	7400
1376	3133	7400
1856	3336	7400
680	2800	7400
850	2558	7400
1806	3321	7400
2274	3457	7400
152	3120	7400
1556	3238	7400
2301	3230	7400
2372	2963	7400
446	2635	7500
1037	2506	7500
739	2793	7500
2210	3372	7500
2242	3425	7500
2218	3354	7500
1552	3198	7500
1549	2882	7500
491	3455	7500
467	3341	7500
759	2744	7500
1429	3446	7500
2240	2631	7500
155	2575	7500
665	3214	7500
872	2900	7500
1418	3176	7600
947	2614	7600
1155	3381	7600
1054	3133	7600
577	2656	7600
745	3048	7600
1875	3173	7600
566	2668	7600
749	2972	7600
2430	3319	7600
2488	2692	7600
2015	3216	7600
1303	3220	7600
1563	3401	7600
1224	3449	7600
1004	2701	7600
1773	3100	7600
1057	3339	7600
844	2507	7600
1158	2774	7700
254	2625	7700
200	2940	7700
1209	2591	7700
945	3439	7700
331	2680	7700
1634	2858	7700
1211	3022	7700
757	3023	7700
341	3028	7700
2029	3296	7700
1886	3088	7700
999	3280	7800
30	3139	7800
18	3140	7800
1943	2574	7800
2198	2689	7800
205	3185	7800
672	2977	7800
464	3413	7800
1719	3153	7800
1833	3440	7800
375	3305	7800
624	3451	7800
2466	3060	7800
1206	2638	7800
1537	2843	7800
1085	2567	7800
290	2517	7900
709	3008	7900
1813	2949	7900
802	2991	7900
1181	2849	7900
1123	3219	7900
1954	2627	7900
1112	2853	7900
2237	3340	7900
6	2875	7900
345	3130	7900
2140	3177	7900
944	3485	7900
1996	3103	7900
2437	3069	7900
1607	3300	7900
2189	2642	7900
2340	3034	7900
2154	2567	7900
113	2528	8000
389	3123	8000
1839	3437	8000
620	3116	8000
324	2847	8000
316	3024	8000
889	3208	8000
2119	3345	8000
1056	3196	8000
2053	2606	8000
484	3228	8000
1427	3016	8100
2412	2519	8100
1128	2695	8100
2477	2526	8100
636	3071	8100
2136	2772	8100
603	2908	8100
2001	2788	8100
167	3462	8100
270	2725	8100
1686	3447	8100
2120	2500	8100
2016	3255	8100
1406	3451	8100
382	3435	8100
473	3444	8100
498	2740	8100
671	3298	8100
1609	2515	8200
823	3059	8200
2284	2992	8200
66	2509	8200
1120	2735	8200
111	3447	8200
256	3468	8200
398	3091	8200
1755	2674	8300
1850	2776	8300
1298	2508	8300
1368	2931	8300
1119	2822	8300
1442	2618	8300
420	3395	8300
1070	2533	8300
1001	2609	8300
216	2857	8300
1147	2592	8300
1080	3060	8300
1618	3435	8300
8	2653	8300
1466	3091	8300
1988	2646	8300
571	3278	8400
2116	3280	8400
2459	2574	8400
562	2605	8400
1742	3291	8400
2235	3082	8400
1765	3448	8400
1942	3257	8400
1206	2961	8400
1961	2952	8400
89	3025	8500
1678	2896	8500
530	2709	8500
407	2924	8500
2207	3247	8500
516	3488	8500
884	3101	8500
317	3054	8500
820	3295	8600
1434	3058	8600
287	3436	8600
2214	3179	8600
1577	3191	8600
720	2766	8600
1304	3235	8700
2115	3494	8700
543	3227	8700
1168	3051	8700
2064	2913	8700
1076	3212	8700
986	2926	8700
1273	3290	8700
1717	3001	8700
2383	2842	8700
645	3183	8700
1422	3228	8700
1262	3443	8800
2465	3068	8800
2282	2906	8800
526	3134	8800
158	2637	8800
1704	3385	8800
1277	2585	8800
1930	3320	8900
2221	3274	8900
955	2654	8900
1304	3291	8900
325	3438	8900
2030	2935	8900
1958	3432	8900
96	3491	8900
193	3149	8900
1233	2879	8900
1714	2828	8900
305	2838	8900
2082	2673	8900
373	2507	8900
1220	3343	8900
1169	3005	8900
2172	2670	8900
433	3472	9000
72	2792	9000
302	3421	9000
841	3416	9000
2464	3449	9000
2193	2860	9000
2366	2850	9000
1825	3313	9000
838	2952	9000
2156	2614	9100
1265	2826	9100
496	2924	9100
2455	2652	9100
1817	3473	9100
689	3420	9100
937	3408	9100
1428	3293	9200
596	2590	9200
2432	2573	9200
99	3058	9200
343	2548	9200
245	3388	9200
158	2578	9200
489	2677	9200
1722	2814	9200
2384	2650	9200
2352	2959	9200
1167	3137	9300
1776	3042	9300
1703	3113	9300
2177	3066	9300
578	2574	9300
2385	2901	9300
447	2524	9300
1581	3265	9300
861	3449	9300
2420	2518	9300
2230	3303	9400
1366	2596	9400
2044	2906	9400
1560	3038	9400
680	3184	9400
1654	2785	9400
258	2940	9400
756	2677	9400
1081	3322	9400
2293	2582	9400
1688	3415	9400
722	2740	9400
2193	2670	9400
414	3280	9500
1381	2929	9500
1232	2691	9500
923	3474	9500
620	3233	9500
347	2875	9500
82	3344	9500
1219	2933	9500
1535	2810	9500
1623	3166	9600
988	2703	9600
2259	2663	9600
647	2594	9600
1587	3030	9600
1646	2552	9600
2257	3232	9600
1056	2870	9600
1683	2600	9700
573	2809	9700
1926	2896	9700
1054	3364	9700
1190	2689	9700
2287	2940	9700
2279	2630	9700
568	2610	9700
2184	2617	9700
2482	2944	9700
2400	3277	9700
648	2965	9800
2290	3139	9800
1227	3235	9800
1284	3412	9800
2103	3066	9800
1614	2902	9800
188	3491	9800
1074	3456	9800
520	2982	9800
1863	2868	9800
907	3014	9800
453	3091	9800
1535	2679	9800
1957	3027	9800
290	3107	9900
2375	2656	9900
875	3378	9900
171	3312	9900
485	2720	9900
1325	2618	9900
608	2902	9900
1634	2584	9900
39	3053	9900
1869	2962	9900
824	3468	9900
2350	2967	9900
1609	2757	10000
797	3442	10000
2353	2600	10000
203	2551	10000
968	2862	10000
2222	2914	10000
983	3115	10000
504	2857	10000
1965	2701	10000
1272	2576	10000
1750	2580	10000
1580	3127	10000
607	3091	10000
33	2874	10100
383	2508	10100
1809	2534	10100
1851	3494	10100
2421	3170	10100
580	2532	10100
561	3384	10100
106	3287	10100
612	2770	10100
2366	3221	10100
661	3137	10200
180	3228	10200
574	3214	10200
1456	2827	10200
1751	2928	10200
1469	3403	10200
1266	3348	10200
1903	3172	10200
2179	3244	10200
676	3392	10200
2095	3081	10200
2431	2602	10200
967	3089	10200
2316	3306	10200
1950	3080	10200
1243	2891	10300
895	3009	10300
2440	2672	10300
1018	2622	10300
1913	3326	10300
1059	3028	10300
1792	3295	10400
709	3213	10400
29	2639	10400
1842	2986	10400
1439	3069	10400
1448	3089	10400
1200	3076	10400
949	2580	10400
2008	2868	10400
2017	3240	10400
1274	2576	10400
976	2734	10500
1826	3192	10500
1403	2598	10500
1491	2548	10500
1333	2551	10500
1979	2678	10500
712	3168	10500
297	3195	10500
73	3085	10500
1233	3205	10500
1248	3203	10500
1137	3183	10500
1612	2742	10600
1370	2698	10600
1897	3236	10600
1503	3281	10600
2433	2973	10600
24	2566	10600
2478	3462	10600
426	2964	10600
40	3224	10600
2260	2606	10600
942	2638	10600
987	2943	10700
1859	3463	10700
1523	3285	10700
1187	3333	10700
183	2922	10700
1895	2740	10700
1095	2912	10800
1790	3458	10800
512	3087	10800
2241	2996	10800
1212	2514	10800
2233	2568	10800
479	2960	10800
344	3243	10800
1055	2971	10900
2069	3042	10900
1759	2783	10900
1161	2693	10900
533	2565	10900
2403	2744	10900
1645	3328	10900
490	3220	11000
699	2543	11000
414	2655	11100
863	2519	11100
1068	2983	11100
594	2644	11100
292	2830	11100
2412	2667	11100
628	2836	11100
1380	2871	11100
2362	3188	11100
312	3130	11100
2447	2604	11100
1443	2866	11100
1557	2631	11100
2283	3357	11200
1380	3066	11200
1371	3093	11200
1425	2502	11200
2073	2662	11200
929	3144	11200
2128	2563	11200
821	3098	11200
2040	2708	11200
77	3255	11200
372	3258	11200
784	2998	11200
1546	3260	11200
962	3489	11200
1182	3102	11200
917	3077	11200
567	3259	11300
1314	2694	11300
1280	2827	11300
1732	2643	11300
2239	2762	11300
677	2955	11300
701	3157	11300
280	2958	11300
707	2711	11300
1836	2642	11300
1999	2756	11400
1049	3430	11400
746	2923	11400
1323	2986	11400
2166	3353	11400
1204	2530	11400
882	2564	11400
1643	3108	11400
2396	3435	11400
440	3174	11400
1064	2889	11400
839	3119	11500
2334	2893	11500
1969	3144	11500
778	2884	11500
1253	2856	11500
1292	3017	11500
1898	2909	11600
601	2620	11600
842	2615	11600
318	3270	11700
1035	2545	11700
2225	2503	11700
1183	2913	11700
1538	3190	11700
1645	3075	11700
1349	3396	11700
34	2505	11700
1965	3062	11700
1475	3431	11700
1423	3169	11700
2426	3280	11800
742	2749	11800
2200	2607	11800
501	3451	11800
2091	2634	11800
1815	3123	11900
2009	2696	11900
357	2879	11900
1567	2594	11900
268	2964	11900
2289	3408	11900
2137	3320	12000
336	3179	12000
798	2978	12000
392	3216	12000
34	3102	12000
1440	3371	12100
250	2656	12100
849	2716	12100
1867	2819	12100
413	2568	12100
1928	3052	12100
2455	2524	12100
2010	3419	12100
2473	2585	12100
1750	2981	12100
1025	3237	12200
769	2798	12200
417	3152	12200
450	2854	12200
1191	2538	12200
2206	2572	12300
1113	3180	12300
1425	2758	12300
32	3162	12300
885	2512	12300
1805	3424	12300
711	2990	12300
2428	3195	12300
2191	3163	12300
291	2664	12300
2105	3027	12300
257	3249	12400
2413	2623	12400
2417	3366	12400
1941	3050	12400
1289	3398	12400
530	2773	12400
1431	2785	12400
1201	2533	12400
2108	2813	12400
305	2641	12400
337	3410	12400
1174	3266	12400
1383	2840	12500
1794	2593	12500
702	2645	12500
693	2581	12500
2175	3052	12500
1940	2898	12500
1493	2846	12500
1162	2539	12600
278	3234	12600
2417	3382	12600
1588	3319	12600
1052	3127	12700
2376	3234	12700
1067	2704	12700
1146	2652	12700
519	2982	12700
1124	3307	12700
2053	3183	12700
1395	2515	12800
93	2929	12800
975	2593	12800
606	3482	12800
1072	2823	12800
1367	3492	12800
1845	2747	12800
215	2559	12800
1485	2737	12900
1344	2807	12900
80	3213	12900
715	2510	12900
177	2878	12900
1955	2502	12900
1798	2823	12900
816	3276	12900
447	2660	12900
1000	2892	12900
45	3117	12900
2096	2958	12900
484	2651	12900
604	3259	13000
1479	3002	13000
521	2716	13000
908	2929	13000
899	2790	13000
869	3219	13000
1789	3436	13000
2411	3498	13000
1548	2703	13100
2491	2940	13100
1152	3098	13100
1060	3491	13100
545	3106	13100
1216	2805	13100
970	2622	13100
1015	3258	13100
1116	2824	13100
2079	2774	13200
2369	2682	13200
1174	2707	13200
565	2589	13200
165	2567	13200
909	3235	13300
654	2853	13300
995	2579	13300
39	3316	13300
1188	2905	13300
678	3346	13400
1159	2942	13400
283	3108	13400
1987	2527	13400
243	2738	13500
308	3059	13500
1028	2990	13500
1047	2787	13500
1073	3271	13500
1949	2905	13500
296	3269	13600
1108	2516	13600
429	2671	13600
253	3380	13600
1127	3449	13600
2464	3225	13600
925	3441	13600
1678	2658	13700
2040	3053	13700
4	3001	13700
954	3354	13800
322	2786	13800
2439	2823	13800
2469	3134	13800
1151	3132	13800
138	3333	13800
1337	2725	13800
966	2868	13800
2380	2744	13800
724	3258	13800
871	2981	13800
1459	3198	13900
2060	3366	13900
1555	2512	13900
1112	3082	13900
364	3173	13900
508	3379	13900
271	2875	13900
2238	3439	13900
1402	2988	13900
1465	2505	13900
1977	3400	13900
842	3067	13900
2189	2721	13900
2317	3302	14000
2205	2526	14000
128	3494	14000
1438	2942	14000
1080	2885	14000
2261	2555	14000
1003	2890	14000
69	3171	14000
2328	3305	14000
2096	2527	14000
1923	2681	14100
89	2807	14100
2365	3286	14100
1715	3481	14100
1171	2632	14100
1328	2922	14100
237	3277	14100
2340	2889	14100
640	3210	14100
1870	3043	14200
659	3362	14200
100	3168	14200
119	3092	14200
1320	3211	14200
1778	3236	14300
2467	2603	14400
289	2776	14400
1683	3295	14400
2392	3312	14400
411	3036	14400
1000	2753	14400
2031	3030	14400
841	2592	14400
1681	2501	14400
956	2932	14400
1997	2554	14500
71	2514	14500
1512	3438	14500
135	3090	14500
1801	2781	14500
551	3408	14500
1887	3250	14500
1139	3280	14600
1269	2730	14600
1945	3245	14600
2162	2721	14600
1039	2810	14600
670	2975	14700
1623	2776	14700
1656	3370	14700
1111	2880	14700
1878	3172	14700
605	3205	14700
2398	2594	14700
1724	3221	14700
924	3495	14800
798	3417	14800
1673	3171	14800
910	3034	14800
63	2537	14800
1309	3453	14800
161	3270	14900
1843	3254	14900
658	2941	14900
1226	2550	14900
1470	3362	14900
126	2913	14900
463	3326	14900
1942	3070	14900
1317	3086	15000
456	3438	15000
299	2897	15000
1561	2866	15000
2288	3260	15000
1731	2919	15000
1834	3434	15000
762	2659	15100
2203	3331	15100
130	2765	15100
517	3321	15100
2319	3206	15100
1929	3196	15100
1665	2653	15100
1579	2757	15200
953	2970	15200
1100	2648	15200
811	2621	15200
292	3275	15300
2202	2896	15300
525	3135	15300
2421	2544	15300
497	2791	15300
2045	3423	15300
9	2908	15300
25	3288	15300
1098	3019	15300
1429	3460	15300
2262	3311	15300
1320	2624	15300
509	3121	15300
1275	2619	15300
1980	2810	15400
1299	3016	15400
2214	2613	15400
108	2926	15400
2119	3290	15400
651	3450	15500
1157	3404	15500
2220	2966	15500
913	2990	15500
852	3481	15500
1102	2800	15500
1547	2720	15500
926	2814	15500
77	2842	15500
2451	2657	15500
1599	2786	15600
1347	2931	15600
1651	3486	15600
391	2866	15600
806	2956	15600
1044	3115	15600
143	3313	15600
1050	3249	15700
458	3346	15700
179	3439	15700
2200	2541	15700
645	2606	15700
1407	2929	15800
1214	2777	15800
1766	2574	15800
244	2974	15800
2298	2513	15800
1024	3299	15800
834	3277	15800
1235	3470	15900
2476	2554	15900
1772	2547	15900
1641	3210	15900
1644	2959	15900
847	2980	15900
2302	3160	15900
2046	2619	15900
1602	2901	16000
854	3274	16000
1795	3393	16000
2005	2785	16000
2073	3144	16000
1915	3317	16000
1915	2762	16000
1018	2926	16000
1627	3244	16000
423	3427	16100
1864	2786	16100
1254	3099	16100
1912	2523	16100
784	3311	16100
564	2534	16200
570	3008	16200
1914	2659	16200
1920	2605	16200
716	3006	16200
1853	2779	16200
339	3365	16200
2369	3357	16300
2090	3373	16300
2094	3462	16300
730	2617	16300
1297	2570	16400
1053	3426	16400
706	3484	16400
1541	3368	16500
2176	3284	16500
159	2659	16500
218	2967	16500
424	3136	16500
1756	2554	16600
2048	2723	16600
445	2921	16600
2069	2931	16700
2485	3487	16700
460	3398	16700
13	3490	16700
1763	2988	16700
2121	2652	16700
168	3014	16700
538	2795	16700
1420	2872	16800
506	3303	16800
2043	2705	16800
2297	3066	16800
1394	3281	16800
1569	3084	16800
943	2763	16800
264	3322	16800
597	3295	16900
1115	3409	16900
400	3389	16900
350	2873	16900
444	3072	16900
41	3405	16900
2350	2745	16900
584	3433	17000
61	2902	17000
2364	2817	17100
539	3003	17100
1597	2569	17100
2152	3322	17100
1670	3441	17100
1568	2717	17100
919	3314	17100
1695	2891	17200
211	2600	17200
1919	2693	17200
1217	3419	17200
887	2956	17200
2347	2905	17200
2322	3278	17200
1456	2909	17300
495	2526	17300
1736	3487	17300
182	3227	17300
200	3388	17300
1172	3423	17300
147	2542	17300
783	3146	17300
2461	2519	17400
2110	3037	17400
2397	2977	17400
1855	3057	17400
1353	2998	17400
707	2677	17400
946	2925	17400
277	2848	17500
1657	2676	17500
938	3400	17500
1572	2946	17500
1925	2925	17500
187	2935	17600
2182	3023	17600
1205	3066	17700
659	3312	17700
1765	2847	17700
1996	2851	17700
2410	3171	17700
296	3180	17800
1862	3293	17800
1766	2948	17800
130	3438	17800
1194	3429	17800
275	3388	17800
771	2725	17800
240	3049	17800
1714	3196	17800
288	3084	17800
501	3390	17900
862	3435	17900
1104	3483	18000
2127	2849	18000
194	2973	18000
549	2921	18000
160	3484	18100
699	3202	18100
1068	2634	18100
2469	2978	18100
394	3396	18100
569	3175	18100
1911	2818	18100
1836	3298	18100
381	3182	18200
746	2649	18200
1709	2727	18200
904	3344	18200
843	3451	18200
1488	2846	18200
342	3009	18300
320	3151	18300
840	2850	18300
1843	2716	18400
1522	2727	18400
236	2688	18400
1800	2631	18400
1324	2999	18500
2242	3367	18500
2432	2531	18500
135	2583	18500
2023	2685	18500
1467	2649	18600
1293	2872	18600
1518	2671	18600
391	3174	18600
2318	3129	18600
291	2960	18600
379	2570	18700
1728	2722	18700
1067	2679	18700
1888	2802	18700
1107	2579	18700
226	2591	18700
496	2715	18700
2232	2932	18700
1268	2912	18700
1238	3031	18700
289	3166	18800
2305	2767	18800
503	3296	18800
214	2585	18800
884	3376	18800
1847	3306	18800
1889	3200	18800
423	2812	18900
698	2705	18900
1805	3021	18900
625	2930	18900
1515	3397	18900
860	2624	18900
1530	3265	18900
1237	2600	19000
113	3433	19000
809	2550	19000
741	3003	19000
2450	3092	19000
1980	2651	19000
1156	3249	19100
103	3291	19100
885	2502	19100
1450	3285	19100
2126	2883	19100
1966	3399	19200
1128	3329	19200
1399	3372	19200
562	3025	19200
1285	3413	19200
1340	3064	19200
222	3051	19200
668	3473	19200
1819	3002	19300
401	2531	19300
857	2550	19300
2186	2928	19300
1589	2581	19300
803	3172	19300
569	2797	19300
1092	2821	19300
1681	3156	19300
1345	2845	19300
594	2714	19400
1441	2853	19400
874	3151	19400
233	2936	19400
237	3444	19400
548	2854	19500
2032	2580	19500
139	2537	19500
1344	2983	19600
1687	3003	19600
1963	3303	19600
579	3330	19600
2001	2960	19600
1525	2652	19600
2006	3406	19600
740	3441	19600
393	2722	19700
2476	3071	19700
511	2643	19700
2139	2606	19700
1854	2657	19700
1852	2724	19700
1718	3026	19800
1029	2939	19800
2472	2736	19800
866	3389	19800
534	2538	19800
2062	3310	19800
2294	2546	19800
770	3180	19900
514	3037	19900
2009	2796	19900
2300	2895	19900
1359	3271	19900
367	2933	20000
1158	3209	20000
11	2774	20000
477	3083	20000
1937	2587	20000
232	3455	20000
883	2525	20000
1267	2872	20100
511	3082	20100
815	3006	20100
378	3064	20100
1538	2726	20100
803	2675	20100
2003	2897	20100
1761	3345	20100
1040	3320	20100
1711	3073	20200
2449	3138	20200
1457	3071	20200
1468	3050	20200
295	2699	20200
298	2660	20200
1652	3462	20200
1305	3148	20200
265	2939	20300
2331	3423	20300
1844	3157	20300
969	2763	20300
890	2894	20300
864	3408	20300
1592	3400	20300
1249	3495	20400
2298	3467	20500
736	2804	20500
241	2924	20500
1594	3327	20500
1081	2664	20500
19	2897	20500
1885	3169	20500
1393	3109	20600
397	2654	20600
2092	2620	20600
1770	3312	20600
1939	2832	20600
1084	3257	20600
425	2844	20600
74	3019	20600
777	2836	20700
683	3272	20700
78	3294	20700
986	2626	20700
416	3000	20700
2015	2788	20700
1358	3493	20700
177	3218	20800
2300	2667	20800
1334	3126	20800
1397	2867	20800
369	3495	20900
918	3338	20900
1044	2828	20900
870	2541	20900
1777	3315	20900
861	3225	20900
286	2777	21000
1647	3486	21000
1970	3344	21000
267	3146	21000
835	3342	21000
634	3238	21000
1693	3484	21100
1475	3401	21100
1953	2921	21100
708	3360	21100
1218	2891	21200
432	3372	21200
2	3403	21200
1644	3094	21200
800	3414	21300
2197	2676	21300
1603	2879	21300
385	3105	21400
61	2688	21400
2154	2518	21400
162	2845	21400
2427	2830	21500
416	3279	21500
2454	3265	21500
1653	2816	21500
951	3263	21500
30	3063	21500
1229	2787	21600
1130	3232	21600
175	2765	21700
429	3174	21700
607	2852	21700
1953	2965	21800
505	2759	21800
2101	3012	21800
2083	2725	21800
1247	3011	21800
260	2962	21800
87	2921	21800
2276	2647	21900
2299	2878	21900
1285	2751	21900
115	3110	21900
1196	2844	21900
241	3090	21900
719	3292	21900
348	2745	21900
883	2719	21900
2287	3432	22000
2245	3386	22000
352	3407	22000
1070	2887	22000
1597	3192	22100
488	3282	22200
412	3077	22200
479	2664	22200
2171	3364	22300
1888	3354	22300
1816	3143	22300
1617	2874	22400
2286	3176	22400
690	2797	22400
1993	3173	22500
2041	2966	22500
1296	2753	22500
1820	2713	22500
1031	3104	22500
1661	3219	22600
1745	2604	22600
1126	2752	22600
1820	2641	22600
936	3327	22600
704	2901	22700
662	2907	22700
676	2613	22700
1733	2954	22700
363	3075	22700
1291	2538	22700
1799	2717	22800
653	2640	22800
129	2503	22800
1620	3409	22800
1511	2671	22800
1453	3013	22800
1960	2989	22800
1426	3479	22800
104	3224	22800
2231	3443	22900
955	2731	22900
515	3273	22900
378	2689	22900
928	2736	22900
1250	3097	22900
900	2507	22900
1605	2912	23000
712	2765	23000
1082	2745	23000
1145	3198	23100
541	3411	23100
865	2688	23100
2271	3114	23100
2337	2782	23100
682	3286	23200
1635	2505	23200
1892	2666	23200
2359	3289	23200
365	3370	23300
1720	3349	23300
985	2741	23300
1752	2959	23300
2442	2974	23400
2005	3379	23400
852	3490	23400
1931	2536	23400
110	3069	23400
2327	2582	23400
1446	2879	23400
2436	3086	23400
557	2923	23500
405	2987	23500
1488	3343	23500
165	3027	23500
2042	2883	23500
84	2695	23600
1329	2848	23600
110	3373	23600
1971	3255	23600
307	2795	23600
27	3242	23700
2486	2968	23700
120	3160	23700
65	3148	23700
356	2685	23800
1140	3168	23800
856	2532	23800
1486	3118	23900
1340	2689	23900
524	2801	23900
1086	2549	23900
1011	3423	23900
1972	2980	23900
1612	3465	24000
83	2679	24000
2453	3162	24000
2253	2629	24100
1787	3454	24100
366	3074	24100
1204	3114	24100
2427	2976	24200
1410	3004	24200
1613	2570	24300
227	2591	24300
1433	2924	24300
1419	2897	24300
2379	3305	24300
85	2522	24300
1534	3433	24400
1012	2968	24400
166	3122	24400
1629	3073	24500
2283	3443	24500
1293	3372	24500
1797	2745	24500
2260	3183	24500
1057	3225	24500
1860	3278	24500
1226	2629	24600
1393	2694	24600
2303	3436	24600
1144	2557	24600
1223	2972	24700
122	3081	24700
631	2782	24700
173	2774	24800
253	2744	24800
879	3420	24800
833	2874	24900
597	2784	24900
763	2733	24900
1842	2855	24900
1532	3038	24900
906	2563	24900
169	2918	24900
408	3473	24900
791	2525	24900
1854	3277	24900
1271	2506	25000
796	2802	25000
1620	3009	25000
580	2910	25000
973	3164	25000
2176	3337	25100
372	2987	25100
980	2529	25100
1549	3006	25200
2131	2583	25200
2309	2985	25200
979	3138	25300
1744	2801	25300
1753	3021	25300
2148	3164	25300
1186	3217	25300
2372	3400	25300
880	3327	25300
1575	3209	25400
1701	3308	25400
2056	2540	25400
1228	2961	25400
2401	3064	25500
1838	3007	25500
139	3077	25500
1169	3155	25600
2098	2669	25600
1586	2675	25600
1210	2917	25600
1884	3164	25600
2095	3457	25600
836	2624	25600
1682	2996	25700
629	3336	25700
366	2750	25700
1499	3163	25700
2408	3479	25700
1860	3283	25700
1058	2696	25800
185	3085	25800
1277	3279	25800
2174	2732	25800
70	2521	25900
121	2762	25900
1666	3211	25900
1384	2576	25900
1131	2959	25900
1680	2513	26000
599	2798	26000
1525	2501	26000
1202	3272	26100
1088	2709	26100
1682	3218	26200
354	2745	26200
170	2541	26200
1998	2500	26200
358	3390	26200
1391	2994	26200
2291	2926	26300
2488	2851	26300
753	2668	26400
558	2875	26400
1782	2711	26400
1542	3034	26400
2493	2977	26500
1753	3164	26500
1939	3418	26500
2335	2984	26500
2071	3273	26600
924	3256	26600
1334	3388	26600
902	3130	26600
1357	2989	26700
1222	3055	26700
1105	3298	26700
0	3193	26800
121	3317	26800
2267	3328	26800
1893	2894	26800
1861	2518	26800
851	2911	26900
313	3078	26900
542	2532	26900
788	2866	26900
1030	2538	26900
1400	3386	27000
288	3252	27000
2250	3034	27000
1195	3428	27000
2490	2698	27100
1943	2625	27100
606	3116	27100
1715	3323	27100
1992	3141	27100
1583	3407	27100
1660	3244	27100
1260	3377	27100
825	2610	27100
655	2540	27100
1584	2812	27200
2395	3155	27200
2329	2817	27200
697	2743	27200
1432	2951	27300
85	2904	27300
1756	2570	27400
646	3311	27400
1771	3444	27400
1701	3297	27500
573	3181	27500
657	2572	27500
1544	2600	27500
2077	3222	27500
334	3141	27500
2131	3040	27500
2134	3468	27500
2231	3357	27600
1138	3466	27600
553	2656	27600
1396	3462	27600
2381	3165	27600
965	3127	27700
2117	3340	27700
1308	3057	27700
931	2761	27800
902	3356	27800
507	3217	27800
600	3419	27800
1401	2854	27800
14	3210	27800
937	2963	27800
390	2996	27900
99	3494	27900
684	2736	27900
1595	2997	27900
964	3013	27900
399	3111	28000
1611	3450	28000
340	2583	28000
178	3114	28000
373	2994	28000
31	3415	28000
132	2708	28100
445	3480	28100
28	2759	28200
1183	2548	28200
1952	3177	28200
1326	2633	28300
108	2626	28300
765	2743	28300
1526	3341	28300
559	3160	28300
575	2945	28400
2486	3498	28400
1962	2707	28400
776	2616	28500
240	3215	28500
1812	3376	28500
555	2713	28500
2310	3061	28500
1793	3249	28600
159	2784	28600
1868	2648	28600
1738	3475	28600
1479	2595	28600
217	3123	28700
1225	2848	28700
1	2758	28700
56	2728	28700
1511	2902	28700
1591	3022	28700
1215	2984	28700
668	2500	28700
76	2707	28700
1372	3125	28800
411	2630	28800
977	3356	28800
316	2533	28800
1360	3258	28800
1465	3449	28800
1347	3042	28900
2452	3204	28900
2060	3425	28900
1828	3497	28900
1074	2509	28900
2267	3075	28900
1466	2922	28900
2405	2679	29000
1698	3123	29000
2306	3242	29000
868	3373	29000
1502	3226	29000
443	2546	29000
2133	3231	29000
2059	2759	29100
1163	2625	29200
2147	3404	29200
184	2881	29200
2247	3112	29200
819	3253	29300
47	3172	29300
1978	2781	29300
1807	3327	29300
1699	2674	29400
2089	3000	29400
1303	2540	29400
145	2641	29400
2448	2757	29500
1264	3021	29500
1547	3092	29500
660	3174	29500
588	2631	29500
2178	2966	29600
1066	3015	29600
2487	3152	29600
1495	3196	29700
451	3298	29700
257	3002	29800
393	2629	29800
1910	2800	29800
2113	3395	29800
430	2940	29800
371	2672	29800
360	2902	29800
1060	2858	29800
1990	2743	29800
744	2589	29800
344	2511	29800
801	2961	29800
616	2829	29900
433	3403	29900
2075	3341	29900
1698	2738	30000
1674	2623	30000
2375	2574	30000
1845	2766	30000
1601	2775	30100
1187	3190	30100
677	2885	30100
2438	3178	30100
1262	3357	30200
723	2983	30200
2036	3059	30200
752	2566	30200
1211	3288	30200
2201	3342	30200
204	3026	30300
2261	3106	30300
2327	3220	30300
1215	2856	30300
2409	3139	30300
2457	2722	30400
1713	3367	30400
43	2864	30400
1855	2771	30400
1360	3039	30400
74	3355	30400
554	2863	30400
1096	2877	30500
867	3354	30500
2339	3358	30500
1875	3275	30500
1005	3497	30500
1133	2904	30500
1476	2950	30500
1087	3402	30600
1572	3314	30700
741	3324	30700
1261	2871	30700
2171	2829	30700
1702	3058	30700
490	2540	30700
858	3171	30700
1594	3260	30700
2004	3210	30700
950	2703	30800
526	2978	30800
1686	3117	30800
1582	2829	30900
996	2666	30900
1362	2506	30900
753	3482	31000
106	2924	31000
193	3456	31000
1835	3196	31000
2290	2786	31100
2097	3253	31100
1152	2661	31100
656	2584	31100
1577	2955	31100
2184	3373	31100
465	2644	31200
83	2704	31200
1536	3250	31200
1193	2775	31300
2159	3076	31300
1755	3003	31400
315	2714	31400
1706	3248	31400
1648	2846	31400
1362	2560	31400
987	2874	31500
1372	2694	31500
239	3123	31500
1815	3381	31500
96	3432	31500
1172	2885	31500
627	3101	31500
2368	2780	31500
1933	2899	31500
1498	3073	31500
1371	2672	31600
2208	3045	31600
2070	2549	31600
647	3117	31600
582	3332	31600
2404	2961	31600
1890	3018	31700
943	2747	31700
2490	2957	31800
1392	2876	31800
1641	2860	31800
833	2943	31900
229	3257	31900
2266	3263	31900
1802	3410	31900
338	2628	31900
2094	3040	32000
1927	3035	32000
1426	2818	32000
143	2841	32100
2345	3235	32300
1356	2514	32300
2118	2932	32300
1014	2967	32300
2064	3158	32400
52	3057	32400
339	2666	32400
1592	2721	32400
453	3100	32400
1881	3014	32400
518	2722	32400
446	2927	32500
2354	2570	32500
1552	2820	32500
2121	3332	32500
1113	2761	32600
1521	3417	32600
1245	3380	32600
602	2904	32600
1077	3241	32700
374	2521	32700
199	3424	32700
2132	2586	32700
1102	3184	32700
325	2798	32700
285	2808	32700
722	3031	32700
487	3230	32700
2302	2535	32700
1314	3125	32800
149	2556	32800
2280	2545	32800
2424	2731	32900
2141	3189	32900
1733	2690	32900
1905	3249	33000
578	2948	33000
2295	3174	33000
228	2737	33100
1135	3358	33100
1498	2697	33100
1381	2975	33200
2483	2976	33200
148	2671	33200
455	3238	33200
1318	3339	33200
782	2888	33300
2160	2582	33300
367	3067	33400
119	3317	33400
328	2721	33400
1030	3263	33400
1827	3121	33400
735	3465	33500
2349	3482	33500
2024	3048	33500
1934	2571	33500
1882	2637	33500
405	3255	33500
781	2585	33500
385	3100	33600
1117	2960	33600
480	2511	33600
2107	3260	33600
1424	2899	33600
1451	3469	33700
1787	2820	33700
86	3114	33700
206	2832	33700
1983	2860	33700
840	2971	33700
439	2767	33800
2034	3487	33800
906	3336	33800
558	3190	33800
2403	2536	33800
75	2546	33800
1930	3463	33900
369	3256	33900
1669	2825	33900
1489	2706	33900
1239	3095	33900
2105	3346	33900
1737	2788	34000
1008	3348	34000
1621	2779	34000
1892	3001	34000
117	2951	34100
2402	2974	34100
2236	3197	34100
2410	2592	34100
1580	3399	34100
1374	3067	34200
395	3155	34200
1405	2562	34200
353	3284	34200
1739	3189	34200
2312	2759	34200
2265	3108	34200
2130	3313	34200
1432	2767	34300
638	2789	34300
1089	3367	34300
2313	2736	34300
1079	3188	34300
1127	3225	34300
1343	2923	34400
2460	2944	34400
114	3485	34500
1109	2945	34600
1890	3093	34600
1783	2888	34600
221	2955	34600
1146	3473	34600
1935	2719	34600
2396	2732	34600
941	2865	34600
1685	3431	34600
161	2812	34700
897	2830	34700
2180	2658	34800
1008	3392	34800
860	2763	34800
234	3056	34900
1134	2676	34900
230	2989	34900
1125	2953	35000
435	3109	35000
878	3152	35000
535	3204	35000
480	2582	35000
921	2811	35000
696	2810	35100
1923	2562	35100
894	2976	35100
1839	2630	35100
2498	3217	35100
1069	3410	35100
1345	3095	35100
1013	3200	35200
190	2801	35300
522	3116	35300
133	3424	35300
973	3471	35300
1825	2965	35300
246	3083	35400
821	2661	35400
660	3318	35400
2029	2770	35400
1004	3062	35400
1670	2905	35400
1069	3310	35400
801	3200	35400
705	3044	35500
16	2900	35500
2385	3466	35500
377	2669	35500
2441	2613	35500
2254	3163	35500
2150	2818	35500
1830	2863	35500
1818	2649	35600
2234	2521	35600
174	2662	35600
1131	3283	35600
116	2714	35700
768	3056	35700
2165	3445	35700
851	2529	35700
1326	3162	35800
234	2986	35800
2497	2701	35800
921	2673	35800
571	2993	35900
2014	2976	35900
439	2654	35900
694	2503	35900
2077	3362	35900
0	2549	35900
2003	3316	35900
2359	3094	35900
1553	2710	36000
1063	3347	36000
396	2977	36000
1173	3097	36000
1829	2808	36000
323	3097	36100
724	2701	36100
2278	2572	36200
1118	3353	36200
639	3351	36200
1663	2577	36200
2443	3103	36200
985	2575	36200
1947	3239	36200
2270	2845	36200
999	2655	36300
1374	2975	36300
1270	3369	36300
2453	3325	36300
1394	3177	36300
970	2832	36300
387	2962	36300
1716	2599	36300
2023	3111	36300
1615	2576	36300
797	3286	36400
246	2733	36400
547	3164	36400
1981	2522	36400
468	3238	36400
1467	2864	36500
543	3275	36500
794	3020	36500
1177	2806	36500
757	3112	36500
962	3252	36500
1640	3159	36500
1014	2850	36500
721	3254	36600
679	3336	36700
1510	3051	36700
1503	2752	36700
2271	2837	36700
1445	3421	36700
1622	2617	36700
2218	2869	36800
1564	2504	36800
944	2622	36800
98	3129	36800
1575	2774	36900
1097	2663	36900
802	3407	36900
898	3447	36900
1987	2535	36900
1298	2886	37000
2402	2823	37000
7	2885	37000
468	2714	37100
1072	2974	37100
2163	3414	37100
747	3476	37100
1398	2744	37100
1528	2843	37100
79	2992	37200
1700	2746	37200
1878	2822	37200
440	3047	37200
2011	2724	37200
734	2872	37200
285	3289	37200
2067	2534	37300
343	2913	37300
629	2822	37300
1505	2997	37300
220	3136	37300
1036	2769	37400
988	3253	37400
1299	3375	37400
903	3407	37400
1853	3106	37400
321	3215	37400
327	2708	37400
2276	3223	37400
1909	2674	37500
557	2886	37500
152	3075	37500
2456	3187	37500
2343	2555	37600
858	2851	37600
421	2541	37600
1019	3306	37600
2329	3469	37700
418	2758	37700
1814	3065	37700
654	3272	37700
531	2631	37700
1124	2795	37700
208	2734	37800
1827	3194	37800
434	2966	37900
1946	3227	37900
2274	3411	37900
2431	3440	37900
655	3220	37900
36	3301	37900
2499	3337	38000
371	3093	38000
637	2530	38000
940	3070	38000
960	2980	38000
725	2700	38100
536	2789	38200
809	2975	38200
744	2732	38200
1385	2683	38200
2167	3259	38200
2167	3214	38200
1785	2586	38300
964	3024	38300
1971	2987	38300
1458	3327	38300
2011	3297	38300
2123	3323	38400
396	3188	38400
2498	2677	38400
1527	3042	38500
1667	2969	38500
226	3185	38500
1830	2683	38500
65	2707	38500
611	2886	38600
774	3411	38600
2391	3206	38600
2339	3496	38700
222	2907	38700
652	3276	38700
1406	2719	38700
1885	2894	38700
1095	2546	38800
10	2620	38800
346	2605	38800
2025	2806	38800
1773	2852	38800
1195	3231	38800
2135	3271	38900
458	3027	38900
1867	2746	39000
1471	2775	39000
2351	3201	39000
1551	2876	39000
672	3188	39000
1108	3333	39000
551	2724	39000
2081	2754	39100
1758	3125	39100
1300	3465	39200
1870	2731	39200
2423	2512	39200
1121	2504	39200
1470	3222	39200
1657	2839	39200
2104	2918	39200
1608	2937	39300
650	3395	39300
2085	2608	39300
2109	2646	39300
891	3173	39500
947	2645	39500
123	2792	39500
904	2524	39500
1358	2641	39500
2491	3233	39600
882	3013	39600
612	3296	39600
127	2537	39600
997	2501	39600
1415	3499	39600
570	3109	39700
1862	2539	39700
1343	3443	39700
1900	3294	39700
1140	2765	39800
1256	2660	39800
2025	3420	39800
412	2529	39800
1968	2769	39800
2160	3053	39900
895	2605	40000
1916	2760	40000
1369	3200	40000
1550	3470	40000
706	3034	40000
272	2686	40100
1684	3115	40100
170	2607	40100
588	2797	40100
1133	2522	40100
1972	3478	40100
2480	3032	40200
1850	3166	40200
1001	2944	40200
2150	3479	40200
2039	3011	40200
318	2812	40300
2277	3442	40300
231	3229	40300
16	2952	40300
1063	3348	40400
1569	2828	40400
49	3115	40400
691	2914	40400
1188	2953	40400
1658	2979	40500
294	2708	40500
255	2909	40600
2322	2757	40600
1795	3147	40600
71	2733	40600
981	3116	40600
2434	3490	40600
376	2737	40600
362	3100	40700
44	3138	40700
878	3110	40700
639	3330	40700
2492	3007	40700
201	3296	40700
1823	3008	40800
1020	2572	40800
1806	2597	40800
824	2739	40800
2084	3027	40800
529	2517	40900
1507	2808	40900
1908	2906	40900
920	3362	40900
1650	3229	40900
720	3070	40900
1869	2856	40900
1342	2560	40900
2378	3207	40900
1368	2957	41000
1788	2834	41000
950	2649	41100
1322	2957	41100
2306	3050	41100
1122	3193	41100
1775	2622	41100
1988	3434	41100
95	2710	41200
2483	3412	41200
761	2636	41200
1013	2647	41200
134	2767	41300
1984	2869	41300
2018	2763	41300
155	3470	41300
669	2644	41400
2413	3186	41400
1101	3426	41400
2442	2616	41400
2225	2945	41400
482	3151	41400
2089	2637	41400
1473	3445	41400
675	3363	41500
13	3288	41500
2355	2971	41600
546	3270	41600
38	3197	41600
646	3406	41600
838	3094	41600
1786	2583	41700
189	3163	41700
379	3002	41800
2051	2808	41800
1571	2886	41900
661	2655	41900
863	2993	41900
191	2752	41900
541	3457	41900
493	3239	41900
1874	3371	42000
437	3284	42000
26	2794	42000
1235	2575	42000
1527	3458	42100
893	3375	42100
1024	2917	42100
922	2861	42100
572	3207	42100
565	2619	42100
26	2734	42200
364	3009	42200
138	2726	42200
774	2684	42200
808	2962	42200
2183	3402	42200
21	3446	42200
917	3271	42200
1948	3383	42300
1722	3013	42300
770	3269	42400
652	3149	42400
700	3208	42400
1436	3341	42500
2309	2780	42500
969	2624	42500
1696	3239	42500
1085	3146	42500
470	3452	42600
1035	3358	42600
1991	2663	42600
1648	3017	42600
1494	3215	42700
53	2935	42700
109	2914	42700
2038	3349	42800
199	2941	42800
273	3185	42800
717	3182	42800
1220	2710	42800
1361	2997	42900
2201	3041	42900
2449	3284	43000
84	3452	43000
500	2771	43000
528	2825	43000
249	3019	43000
492	3434	43000
799	2657	43000
1194	3377	43100
24	3090	43100
1837	3032	43100
977	2536	43200
2315	3218	43300
250	2830	43300
2043	3436	43300
1515	2613	43300
1144	3089	43300
469	3171	43300
1315	3008	43400
1061	3025	43400
1256	2837	43400
700	2805	43400
1574	3434	43400
60	3360	43400
2021	2551	43500
644	2558	43500
888	3343	43500
738	3443	43600
830	2734	43600
1173	2660	43600
1779	2770	43600
2061	3456	43600
624	3307	43600
1917	2864	43700
818	2516	43700
983	2815	43700
2108	3499	43700
862	3089	43700
149	2655	43700
2367	2527	43700
755	3319	43800
2445	2523	43800
503	3488	43800
1283	2929	43800
502	2896	43900
525	3133	43900
1955	3323	43900
137	2900	43900
642	2658	44000
1811	2820	44000
1209	2691	44000
1529	2606	44000
1041	3368	44100
2467	3463	44100
728	2521	44200
330	3402	44200
2164	3455	44300
2034	2691	44300
621	3409	44300
732	2501	44300
1485	2877	44300
2021	2759	44400
2282	3110	44400
932	3309	44400
1168	3018	44400
1600	3342	44400
1540	3006	44500
419	3141	44500
2441	3397	44500
1610	2989	44500
2168	2747	44500
1950	3470	44500
1672	3303	44600
1418	2658	44600
388	2751	44600
649	2733	44600
5	2516	44600
1290	3159	44600
1760	3382	44700
1935	2525	44700
713	3434	44700
175	3168	44800
915	3157	44800
2066	3246	44800
68	2653	44800
223	2721	44800
278	2834	44900
1448	2557	44900
122	3089	44900
2246	2863	44900
50	2533	45000
1422	2921	45000
1675	2738	45100
1819	3044	45100
2088	2727	45200
88	2910	45200
2481	3468	45200
136	2569	45300
178	2730	45300
406	3199	45300
549	2810	45300
2049	3061	45400
461	2980	45500
2323	2659	45500
189	2806	45500
2347	3232	45500
1342	2506	45500
1889	2647	45500
94	3350	45600
2181	3422	45600
927	2531	45700
2078	3243	45700
1800	3306	45700
1899	3340	45800
1134	2558	45800
2475	3422	45800
1090	3182	45800
723	3428	45900
2110	2775	45900
1956	2887	45900
338	3187	45900
1266	3392	46000
602	2599	46100
2172	2845	46100
889	2805	46200
1673	2771	46200
1065	3467	46300
1936	3471	46300
1539	2509	46300
1719	3321	46300
1408	3412	46400
1300	2742	46500
1986	3353	46500
939	3128	46500
731	3264	46500
1446	2782	46600
787	2743	46600
718	2952	46600
1553	2843	46600
2296	3038	46700
172	2923	46800
1941	3242	46800
2123	3045	46800
1796	2516	46800
925	3243	46800
2213	3313	46800
1301	2769	46900
2477	3458	46900
314	3276	46900
961	3353	47000
2281	2826	47000
2475	3084	47000
523	3461	47000
1401	3350	47000
946	3104	47000
1945	2918	47100
2118	3307	47100
1170	3383	47200
334	3244	47300
748	3392	47300
2129	2530	47300
870	2870	47300
23	3440	47400
2232	3159	47400
168	2964	47400
1629	2953	47400
664	3181	47500
2370	3145	47500
2346	2728	47500
1691	3084	47600
213	3243	47600
1292	2846	47600
2065	2784	47700
2179	2604	47700
1816	3348	47700
649	2514	47800
1593	3072	47800
326	3464	47800
1391	3063	47800
1540	2882	47900
1123	2736	47900
197	3147	47900
1791	3243	47900
1121	3409	48000
1726	3478	48200
642	2896	48300
1477	3436	48300
2275	3004	48300
146	3303	48400
2326	2762	48400
2374	3246	48400
471	3452	48500
1066	3018	48500
1904	2713	48500
1327	2859	48600
1122	2991	48600
2239	3317	48600
1912	3477	48600
619	3037	48700
1264	3051	48700
182	2678	48700
375	2628	48700
491	3065	48800
212	2800	48900
1402	3276	48900
751	3263	48900
384	3333	49000
718	3289	49000
2463	3300	49000
2495	2994	49100
1837	2966	49200
793	3080	49200
2072	2610	49300
796	2691	49400
905	2593	49400
1982	3344	49500
1813	2603	49500
828	3456	49600
1212	2882	49700
2474	3107	49700
566	3185	49800
1357	3321	49800
715	3398	49900
2086	3405	49900
1693	3343	49900
1431	2749	50000
1462	2909	50100
1150	3018	50100
102	3211	50100
1789	3351	50200
1202	3248	50200
72	2565	50200
1017	3024	50200
1463	3222	50300
2246	2647	50300
472	3025	50400
380	2853	50400
329	2789	50500
483	3429	50500
142	2991	50500
2484	3289	50500
2361	3202	50500
846	3408	50600
2307	3480	50600
2065	3375	50700
1995	2571	50700
1110	3211	50700
1628	2699	50800
2212	2543	50800
307	3031	50800
673	2715	50900
2456	3232	50900
118	2883	50900
322	3254	51000
684	2586	51000
2324	2513	51000
2262	3406	51000
2161	3120	51000
1373	3141	51100
5	3055	51200
118	2757	51200
251	3029	51300
164	2632	51300
1325	2851	51300
552	2947	51300
2474	2517	51400
1316	3182	51500
574	3088	51500
1437	2950	51500
22	2593	51600
2272	2853	51600
990	3264	51600
2037	2865	51600
735	2742	51700
1337	2557	51700
703	2826	51900
2263	2892	51900
2489	3191	51900
1952	2536	52000
730	2747	52000
2199	3348	52100
147	2564	52100
1684	3084	52200
209	2915	52300
2224	2958	52300
1615	3031	52300
1617	2943	52500
1814	3455	52500
92	3341	52500
1387	2685	52500
1918	2518	52600
1976	2705	52700
2088	3309	52700
848	3411	52700
280	3328	52700
633	3104	52700
2390	3405	52700
1419	3316	52800
1487	2857	52800
994	3085	52800
546	3368	53000
2149	3162	53100
1059	2542	53100
2158	2925	53100
2383	2739	53100
1573	3491	53200
281	3047	53200
2032	3101	53200
1649	3359	53200
1844	3265	53300
1570	3043	53400
1053	2514	53400
37	2972	53400
2000	2979	53400
1521	3142	53500
1721	3463	53700
133	3050	53700
1166	3061	53700
693	2762	53900
2295	3215	53900
981	3482	54000
1032	2684	54000
2462	3488	54100
737	3396	54100
2057	3209	54100
1310	2802	54200
2236	3291	54200
1513	3382	54200
1626	2927	54300
1627	2604	54300
877	2837	54300
1177	3397	54500
1779	2754	54500
2036	3201	54600
1741	2999	54600
1507	2603	54600
1027	3405	54600
349	3201	54800
2222	2542	54800
1002	2741	54800
648	2704	54800
1376	3096	55000
2083	3311	55000
1590	2577	55000
1829	3360	55000
2310	2507	55100
2341	3132	55200
287	3351	55300
613	3305	55400
2209	3344	55400
1028	2547	55700
264	3405	55900
132	3053	56000
1669	2718	56200
1184	3301	56200
1294	3008	56200
519	2609	56300
137	3331	56300
1049	3324	56400
2454	2748	56500
1315	3297	56600
124	2972	56600
1605	3073	56700
1589	2990	56700
209	3081	56700
1934	3264	56700
2112	2530	56900
559	3352	56900
1009	3389	57000
614	3426	57100
1421	2557	57100
1165	2813	57100
1492	2863	57100
952	3485	57300
2325	3325	57400
146	2794	57400
671	2845	57500
1531	3112	57600
2487	3467	57700
1388	3169	57800
2251	3314	57800
100	3190	57900
1520	2873	57900
1665	2599	57900
1464	2598	58000
298	3332	58000
1352	2741	58000
1749	3129	58100
2414	2628	58100
2275	3061	58200
1365	2760	58300
1865	3245	58300
1822	2958	58400
2068	2809	58500
823	3398	58600
1311	3078	58600
1677	2665	58600
2331	2715	58800
2301	2868	58900
1312	2633	59000
2428	3276	59000
1255	3380	59000
1154	3049	59100
1083	3045	59200
304	2708	59300
2289	2963	59300
1129	3418	59400
53	3081	59500
589	3072	59500
2397	2553	59600
2197	2956	59600
1408	3241	59800
1	3364	59800
1414	2746	59900
1101	2878	59900
2314	2764	59900
1167	3268	60000
426	3206	60000
1439	3402	60000
1659	3290	60100
398	2905	60100
1902	3240	60100
521	2937	60200
2102	3381	60200
188	2749	60200
1076	2991	60300
790	2817	60400
1872	3448	60600
1734	2654	60700
832	2836	60700
1785	3467	60800
56	3347	60800
1313	3492	60800
2263	2753	60800
1055	2615	60800
561	2581	60900
2028	3422	60900
1776	2931	61200
783	2739	61400
1993	2893	61500
2155	2990	61500
1881	2764	61500
1751	3251	61600
268	2618	61600
1510	3132	61700
576	2847	61700
2250	3169	61700
31	3254	61800
469	3315	61900
224	3345	61900
198	2526	62000
2203	2900	62100
959	2772	62100
73	2692	62100
994	3208	62100
354	3122	62100
2241	2569	62200
1518	3168	62200
359	2916	62300
533	3170	62500
510	3131	62600
115	2884	62700
1638	2873	62700
265	3154	62800
140	2700	62800
2125	2699	62900
974	2938	63000
1900	3319	63200
279	3085	63200
811	2552	63400
1453	3053	63400
2146	2619	63400
502	3324	63500
1647	2669	63500
350	2847	63500
585	2711	63500
1421	3376	63600
1769	2748	63600
1139	3363	63700
848	2590	63700
1375	2552	64000
1884	3471	64100
2152	2861	64300
80	2700	64400
2479	3377	64500
1864	2534	64700
1330	2627	64700
2451	3075	64700
1333	3096	64800
2348	3476	64900
160	2846	64900
1222	3028	65000
1556	3363	65100
2252	2618	65300
2296	2590	65400
622	3097	65400
1346	3444	65500
1407	2738	65900
1363	2715	66000
2215	2933	66100
686	2799	66100
421	3224	66100
1504	3325	66200
2280	3284	66400
901	2537	66400
2164	3065	66500
456	2798	66700
1034	3316	66800
2044	2513	66900
230	2760	67100
688	3445	67100
1411	3033	67400
1872	2720	67400
2235	3198	67600
710	3152	67600
2207	3246	67600
2440	2504	67700
1626	2635	67800
1366	2729	67800
656	2858	67900
630	3290	68200
1086	3383	68300
1852	2615	68300
1246	2524	68400
1184	2621	68400
1015	3039	68400
1662	3497	68500
2411	2858	68600
516	2770	68600
2251	2657	68600
859	3213	68800
581	3489	68800
2321	2794	69300
2415	2509	69300
1252	3283	69600
186	3487	69600
849	3111	69800
1413	3178	69800
1093	2777	69900
153	2910	69900
105	3194	70000
711	2504	70100
2358	2552	70400
520	2811	70400
2436	3359	70700
470	3068	70800
1539	2898	71100
2439	3309	71200
1735	3128	71300
583	3395	71300
1082	2709	71300
57	2943	71600
1103	2816	71700
1543	3301	71900
310	3136	72000
144	2778	72400
1784	2619	72400
2098	3486	72700
609	3241	72800
1896	2598	72800
1272	3315	72800
2371	3133	73200
2113	2509	73600
1328	2732	73600
2316	2754	73600
1808	2564	73900
1332	2979	73900
665	2650	73900
1817	3120	74000
2106	3216	74000
705	3428	74100
2030	3457	74300
1613	2883	74300
581	3352	74400
2458	3170	74700
392	2702	74900
846	3265	75000
1441	3142	75100
2356	3345	75200
25	2626	75300
97	2870	75300
876	3424	75500
1143	3336	75500
1848	3037	75600
1871	3345	75800
2170	3337	76100
383	2560	76100
954	2802	76200
886	3131	76300
262	2551	76500
1225	3459	76600
1739	2772	76600
984	2911	76700
2468	3014	77100
346	3412	77400
2419	2611	78000
830	2794	78000
2185	2687	78000
2392	2800	78200
1428	2911	78300
1655	3136	78700
1132	3224	79300
2136	3189	79400
17	3124	79400
233	2938	79500
2388	3042	79600
196	3097	79600
2187	2529	79600
1734	3331	79700
488	3393	79700
499	2753	79700
1879	2581	79800
1006	2824	79900
1725	2697	79900
922	2981	80000
20	2569	80300
1364	2968	80700
112	3350	81000
1550	3107	81500
1395	3032	81800
1205	2903	81800
195	3294	81900
397	2633	82000
927	2573	82100
1873	2817	82600
1770	2791	82700
1253	2894	82800
829	2718	83600
420	2531	83700
1281	3268	83800
1643	2602	84300
1679	2723	84700
1610	2930	85200
1159	3216	85300
2478	3101	85400
92	2555	85600
1274	3111	85800
2106	2844	85900
57	2874	87000
1361	3204	87100
2297	3043	87600
1992	3143	87600
976	2751	87700
992	2890	88400
279	3143	88500
618	2517	88500
35	3015	88600
460	2620	88700
1907	2947	88900
1199	3116	89400
2035	2525	89600
1984	2826	90000
1257	3033	90000
632	2694	90500
1135	2640	91300
1709	3425	91400
1917	3273	91500
1099	2987	91600
1933	2950	92000
1732	3349	92700
1894	2545	92700
66	2938	92700
1636	2749	93000
795	3331	93200
331	3437	94000
839	2723	94300
2145	3314	94500
368	2804	94600
1450	3028	94900
1903	3356	95000
1754	2942	95200
467	3477	95300
831	3187	95300
1009	2942	95500
2268	2798	95700
1639	2777	95900
1244	2793	96000
202	3033	96300
587	3167	96800
1603	2730	96800
219	2791	97100
2304	3120	97100
1741	3154	97500
1506	2593	97700
2168	3030	97900
2381	2865	98000
126	3158	98100
1444	3347	98300
1244	3259	98500
1763	2720	98600
2175	3248	99300
2416	3282	99400
2284	2756	99500
444	2676	99500
832	3015	100200
2332	2754	100200
1259	3355	100300
1483	3014	100700
1094	2549	100900
968	3199	100900
117	2654	101000
1956	3099	101200
1061	2895	101600
1562	3281	101800
1286	3350	102000
1754	3389	102100
900	2979	102200
2268	3170	102700
101	3430	102800
154	2821	103500
948	3349	104300
657	2659	104700
1794	3240	105000
1440	3282	105400
1692	3135	105900
586	2584	106000
825	2690	106400
1197	2840	106500
1338	2947	106900
1411	2898	106900
1671	3379	107300
1208	3232	108200
1149	3359	108200
2196	2720	108700
689	3355	109000
481	2737	109200
2138	2892	109700
1179	3268	109800
1223	2693	109800
2173	2779	110000
1524	3282	110100
1833	2602	110300
1288	3088	110300
2092	3145	111000
1891	2939	111600
610	2526	111700
834	3314	112000
401	2639	112100
742	3334	112200
1349	2816	112500
2075	3476	112800
1088	2947	112800
2229	2927	113800
345	3281	114500
2303	3131	115700
1959	3010	116600
1179	3137	116800
2363	2728	116800
664	2809	117000
308	3474	117300
303	2882	117500
2074	3106	117900
2361	2603	117900
1616	3415	118300
1029	3154	119300
328	2615	120200
1481	3049	121000
2418	2507	121100
2400	3480	122300
2444	3391	122400
2054	3252	122900
589	2839	123800
45	2832	124100
1110	3475	124200
873	2547	124300
9	2887	125000
1744	3167	125100
2115	3251	125600
990	2804	126300
504	3498	126900
899	3118	127000
1561	2915	127000
891	2893	128500
297	2573	129100
306	2804	129400
269	3498	130300
2155	2573	130600
179	2547	130800
340	3019	130800
2317	3004	130800
1189	3142	130900
1016	3446	131500
1768	3052	131700
235	3477	132300
1664	3415	132800
78	2564	132900
731	2930	133600
1200	2825	133900
1007	2804	134100
2143	3143	134400
120	2808	134900
196	2601	135400
2333	3070	135700
1593	3252	136600
111	3024	136900
1267	3202	137000
1355	3004	138600
295	2811	141900
432	2872	142200
1757	2529	142500
1379	2632	144000
831	2778	144200
1237	3068	145700
187	2684	145900
548	3401	147700
1312	3413	148000
2457	3428	148200
1841	2730	149200
361	2859	149400
47	3356	151200
747	2636	151600
1702	2639	154700
495	3046	155400
1908	3184	156700
1251	3285	157500
314	2547	158500
2471	2716	158900
1496	3413	159100
1924	3251	159100
2027	2893	159500
1234	3184	159800
1928	2970	161300
1282	3007	161400
1042	2934	162100
2055	2825	162900
550	3273	163100
1257	2735	163500
204	2674	165800
1496	2831	169500
1023	3492	169700
767	3429	170500
2195	2674	171200
772	2713	171300
102	3475	174200
1198	3387	174500
537	2655	175200
1679	2927	176200
1509	3131	176300
1010	2934	177000
1711	3010	179800
805	2884	180300
332	2887	180300
1023	2686	180500
2238	2855	180800
2318	2715	182000
2138	3332	182400
1637	2836	182600
473	2793	182700
238	2549	183500
2013	3387	184200
1240	3286	185500
1420	2840	187800
494	2520	189000
760	3393	189300
681	3020	189700
913	2678	189800
1106	3474	189900
2278	2587	191300
1178	2831	191300
403	3046	192400
727	3021	192400
995	3158	194600
513	2678	194600
991	2903	201200
616	3181	201400
104	2543	203000
2109	2711	204300
2229	2635	207600
1330	3334	208400
1631	3199	210500
984	3010	211700
2386	3165	212100
482	3022	212300
814	2912	215200
740	2697	216400
2033	3015	219000
238	3383	219800
1705	3124	220900
998	3430	221700
1136	3387	223500
2219	2640	224700
1484	3433	226700
1624	2893	227000
1746	2528	230000
1545	2569	230100
1857	3076	234200
601	3145	234700
347	3099	234700
1964	2680	235700
2205	3046	236200
18	2777	237000
1544	3469	237100
537	2556	237800
171	2581	238000
242	3124	241600
472	2881	245600
180	2528	252500
2144	2836	257200
1436	3292	257400
1964	3437	258500
341	2697	259000
1392	2693	264100
2130	2704	266100
276	3352	269500
1480	2627	269700
309	3259	271500
1105	2724	272700
1043	2790	273200
775	3489	277900
1416	2912	278900
617	2718	279000
853	3101	280700
42	3492	284800
1727	3020	286100
1633	3465	286400
1064	2704	287700
1107	3124	289700
775	3352	290700
710	2632	294700
1410	3415	299200
402	2517	301900
425	3489	302000
1877	2790	302300
894	3046	305000
1500	3107	305800
301	2787	309100
2243	2718	313000
1231	2693	314100
736	2930	320200
881	2941	320900
1505	2859	322400
1949	2635	324600
949	3406	325100
1078	3495	328500
2462	2690	330200
1877	3393	330700
2002	2980	330800
808	3446	332500
2151	2592	337400
403	2588	338300
1476	3148	338700
417	2632	339500
1690	2939	340300
1573	2584	340300
617	2825	350300
284	2862	358300
