2480	3199	200
1050	3346	200
2345	2880	200
854	3335	200
562	3237	200
1371	2547	200
1111	3403	200
681	2521	200
1679	2986	200
1680	2686	200
1148	3377	200
247	3052	200
392	3179	200
61	2671	200
2003	2938	200
2348	3075	200
1738	3211	200
2083	2580	200
2337	2894	200
120	2500	200
730	3423	200
1857	3076	200
1493	2911	200
1843	3088	200
140	2903	200
985	2508	300
2019	2531	300
1192	3308	300
1041	2682	300
2206	3436	300
1932	3066	300
2103	2588	300
1608	3387	300
1937	2548	300
1278	3142	300
2197	2563	300
216	3245	300
394	2936	300
731	2847	300
2056	3035	300
288	3014	300
1577	3129	300
1092	2914	300
358	2952	300
665	2695	300
1743	3161	300
1355	3280	300
215	2795	300
1025	2685	300
1372	2517	400
1298	2717	400
470	2560	400
1756	3095	400
1131	2734	400
1601	3139	400
401	3283	400
1555	3253	400
162	3227	400
2370	3113	400
2365	2640	400
1630	2990	400
804	2878	400
895	3433	400
597	2686	400
331	3367	400
380	2648	400
994	3208	400
1203	3084	400
904	2626	400
425	3103	400
865	2688	400
1290	2985	400
2053	3070	400
1561	2866	400
1947	2505	400
1533	2539	400
2448	3091	400
917	2674	500
696	2737	500
2424	3083	500
1274	2605	500
1035	3250	500
131	3370	500
886	3372	500
474	3274	500
1267	2783	500
1344	2534	500
2027	2510	500
2190	2614	500
361	2996	500
54	3407	500
138	3488	500
513	3064	500
920	3318	500
563	2839	500
779	3150	500
490	2814	500
1000	2972	500
319	3390	500
1147	3255	500
969	2566	500
476	2894	500
1916	3014	500
1861	2981	500
827	3112	500
1571	2911	500
434	2645	600
2449	3026	600
290	2506	600
1726	2682	600
1467	2528	600
2409	3254	600
2253	3009	600
255	2504	600
91	3425	600
342	3404	600
1864	3139	600
1785	3251	600
1698	2901	600
1798	2878	600
1856	3412	600
1658	3216	600
1803	3206	600
1463	2836	600
2482	3033	600
2070	3013	600
1088	3379	600
1796	3205	600
2096	3498	600
2119	3115	600
2090	2960	600
19	2580	600
2310	2835	600
1406	2657	600
1064	2679	600
1961	2606	600
1030	3105	700
1075	2600	700
1827	2895	700
2289	2738	700
1937	2820	700
2163	3387	700
1205	3082	700
1890	2751	700
1340	2729	700
2149	2633	700
682	3334	700
776	3426	700
17	3099	700
1364	3130	700
2237	3212	700
1588	2661	700
148	2541	700
1409	2584	700
1996	2604	700
865	3319	700
492	3434	700
534	3243	700
1236	2711	700
909	2953	700
423	3054	700
326	2562	700
838	3031	700
1957	3100	800
329	3026	800
2231	2912	800
1404	2957	800
2308	3253	800
239	2699	800
1582	3270	800
760	3043	800
1477	3219	800
297	3093	800
1985	3024	800
2326	3149	800
1100	2641	800
194	3356	800
1786	3397	800
1846	3092	800
1259	2816	800
1286	3077	800
837	2583	800
1092	3104	800
1182	3200	800
465	3306	800
280	2657	800
2146	3091	800
1359	2674	800
2467	3202	800
498	2550	800
393	2570	800
2457	3044	900
1755	3067	900
984	3425	900
446	2714	900
1408	3375	900
1197	2588	900
1545	3403	900
2115	3494	900
867	2598	900
1578	2761	900
1637	3145	900
1513	3340	900
3	3411	900
1924	2733	900
2030	3495	900
413	2947	900
1660	3216	900
2169	2806	900
1879	3378	900
59	2765	900
1760	2753	900
759	2532	900
1974	3151	900
2262	3447	900
270	2922	900
1531	2540	900
104	2770	900
2464	2578	900
1584	2537	900
1711	3441	900
1318	3200	900
1324	3125	1000
1678	3269	1000
1380	3354	1000
905	2547	1000
1623	2882	1000
1560	3006	1000
845	2614	1000
1265	2660	1000
92	2709	1000
114	3497	1000
1496	3056	1000
646	3049	1000
949	3193	1000
1170	2897	1000
90	2601	1000
2093	2604	1000
281	3385	1000
771	3462	1000
1426	3034	1000
204	2708	1000
421	3055	1000
2057	2803	1000
65	2870	1000
559	3005	1000
846	2967	1000
1073	3271	1000
41	2854	1000
1854	3478	1000
1615	2646	1000
2186	3381	1100
1891	2517	1100
1999	2508	1100
1889	2817	1100
1906	3012	1100
1962	2685	1100
2361	3372	1100
2128	2830	1100
2156	3227	1100
1778	2669	1100
2153	3288	1100
244	2758	1100
2422	3433	1100
1038	3496	1100
313	3098	1100
115	3407	1100
1249	2995	1100
1673	3057	1100
2056	2962	1100
2460	2724	1100
386	3306	1100
980	3406	1100
1534	2647	1100
1391	2550	1100
919	2776	1200
965	3214	1200
739	3202	1200
93	2874	1200
2177	3274	1200
2275	3066	1200
2186	2515	1200
839	2882	1200
590	2875	1200
2225	3412	1200
2256	3364	1200
929	2764	1200
1400	3022	1200
1140	2671	1200
2445	2926	1200
169	2799	1200
463	3245	1200
2335	2999	1200
63	3041	1200
997	3343	1200
2266	3054	1200
426	3300	1200
1407	2538	1300
2490	3012	1300
2322	2757	1300
1384	2959	1300
146	3369	1300
1788	3450	1300
916	3371	1300
1389	2705	1300
1276	3116	1300
1368	2976	1300
1597	3286	1300
2458	3411	1300
524	3130	1300
1510	2751	1300
923	3147	1300
441	2804	1300
1647	3085	1300
788	3220	1300
1100	3299	1300
444	3072	1300
2468	2657	1300
940	2763	1300
811	3313	1300
2377	2868	1300
74	2987	1300
1703	3225	1300
824	2842	1300
1466	3186	1300
1811	3083	1400
971	3210	1400
1036	2613	1400
1908	3038	1400
1163	3173	1400
1851	3303	1400
659	3362	1400
1120	3007	1400
1231	3388	1400
1483	3389	1400
2259	2988	1400
2129	2782	1400
1841	2892	1400
884	3146	1400
304	3041	1400
293	2856	1400
375	3028	1400
1800	3352	1400
549	3127	1400
2051	2952	1400
2109	3292	1400
648	2704	1500
83	2957	1500
2101	2644	1500
2221	3066	1500
2416	3118	1500
2220	3071	1500
435	2573	1500
1051	2896	1500
2210	2654	1500
1511	3204	1500
325	2596	1500
174	2553	1500
727	2855	1500
2324	2991	1500
920	3090	1500
2145	2709	1500
939	3389	1500
1079	3172	1500
1768	2662	1500
1151	3471	1500
0	3350	1500
424	3136	1500
1557	3489	1500
1133	3463	1500
938	2707	1500
2246	2886	1600
1035	2538	1600
1329	3393	1600
149	3235	1600
2022	3154	1600
1917	2923	1600
897	3487	1600
136	3184	1600
525	2544	1600
1789	2693	1600
411	2893	1600
1564	2536	1600
247	3085	1600
656	3301	1600
405	2916	1600
78	2584	1600
2089	3000	1600
547	3401	1600
2125	3215	1600
127	2708	1600
1458	2985	1600
1807	3498	1600
36	2972	1600
2139	2964	1600
864	3445	1600
2053	3094	1600
1670	3073	1600
1316	2695	1600
1532	3276	1700
1578	3180	1700
981	3354	1700
226	3331	1700
2376	2547	1700
100	2798	1700
1878	3281	1700
1121	3204	1700
128	2836	1700
1094	2530	1700
2185	2558	1700
977	3365	1700
2179	2692	1700
2055	3033	1700
755	3084	1700
887	3102	1700
622	2609	1700
321	3341	1700
1436	3476	1700
370	2664	1700
627	3311	1700
1488	3112	1700
2222	2984	1700
281	2673	1700
1767	3265	1700
2294	3026	1700
385	2905	1800
274	2538	1800
1037	2939	1800
521	3302	1800
1252	2611	1800
577	3375	1800
1270	2757	1800
1566	3248	1800
1333	2832	1800
26	2751	1800
1705	3426	1800
590	3340	1800
125	3170	1800
2073	2822	1800
1992	3281	1800
5	3166	1800
1806	2597	1800
1651	2718	1800
1260	2549	1800
56	3319	1800
1331	3333	1800
1587	3191	1800
2466	2885	1800
438	3447	1800
964	2984	1800
1655	3136	1800
1228	2780	1800
337	3361	1800
1391	2967	1800
493	3025	1900
1962	2691	1900
1617	3100	1900
596	2862	1900
675	2682	1900
1354	3154	1900
353	3442	1900
596	2568	1900
704	2510	1900
2440	3349	1900
1104	3276	1900
1257	3495	1900
1112	3389	1900
2166	3132	1900
2203	2855	1900
2414	3488	1900
749	3056	1900
576	3085	1900
2211	2580	1900
2418	3259	1900
1174	3200	1900
1950	3470	1900
1253	2971	1900
2091	2807	1900
1274	3241	1900
851	3105	2000
381	3125	2000
190	2786	2000
2315	3348	2000
410	3284	2000
83	2969	2000
512	3029	2000
2111	3340	2000
1870	2519	2000
1599	2640	2000
106	3496	2000
2111	2596	2000
1212	3138	2000
303	3367	2000
1302	2917	2000
1562	2692	2000
881	3472	2000
1327	3407	2000
81	2530	2000
1159	3338	2000
520	2718	2000
261	3290	2000
1296	3115	2000
1547	2760	2000
193	2566	2000
532	3395	2000
1893	2814	2000
733	3136	2000
1912	2856	2000
165	2522	2000
1324	2787	2000
237	3478	2000
1529	2606	2000
184	3155	2100
26	2993	2100
552	3358	2100
1924	2545	2100
639	2913	2100
1888	3185	2100
1392	2781	2100
878	3407	2100
1733	3418	2100
489	3217	2100
1277	3153	2100
1594	2612	2100
2474	3277	2100
569	3484	2100
1666	2550	2100
1767	2971	2100
2192	2575	2100
2118	2793	2200
248	3083	2200
594	3270	2200
1300	3181	2200
2244	3421	2200
1414	3050	2200
2005	3251	2200
1513	2990	2200
1269	2579	2200
477	3309	2200
2235	2680	2200
404	3333	2200
764	2558	2200
1245	3039	2200
1770	3397	2200
540	3418	2200
1737	3151	2200
1653	3311	2200
655	2708	2200
201	3014	2200
2389	2857	2200
8	2964	2200
879	2963	2200
1087	3183	2200
2350	3297	2200
2286	2538	2300
435	2775	2300
353	3358	2300
263	2848	2300
885	2503	2300
2059	3466	2300
1899	3494	2300
1549	2579	2300
745	2917	2300
2166	3275	2300
2009	3242	2300
1042	3178	2300
1591	3432	2300
96	2652	2300
2298	3312	2300
62	2962	2300
1594	3479	2300
1273	3104	2300
1596	3410	2300
1390	2983	2300
2193	3171	2300
1543	3342	2300
814	2621	2300
383	2965	2300
901	2710	2300
2013	3067	2400
414	2655	2400
2215	3263	2400
1642	2705	2400
1963	3369	2400
390	3176	2400
2136	2869	2400
2256	2784	2400
212	2632	2400
5	3366	2400
72	3024	2400
199	3036	2400
2441	3420	2400
1017	3319	2400
2100	3401	2400
1286	2938	2400
2316	2564	2400
1032	3055	2400
1363	2720	2400
1144	2583	2400
327	3077	2400
1869	2868	2400
706	2710	2400
2029	3296	2400
1445	3252	2400
641	3473	2400
330	3390	2400
1031	3339	2400
1169	2653	2400
1860	2966	2500
1221	2994	2500
1794	2593	2500
1162	2517	2500
663	2840	2500
2300	3335	2500
2110	2632	2500
2382	2887	2500
603	2867	2500
2148	3471	2500
2199	3030	2500
637	2982	2500
1970	2719	2500
1134	2910	2500
260	2609	2500
1526	2718	2500
50	2612	2500
480	2540	2500
785	3262	2500
183	3441	2500
1659	3104	2500
1085	3468	2500
376	2621	2500
844	2949	2500
844	3399	2500
1004	2567	2500
1968	2994	2600
780	2717	2600
2485	3241	2600
1959	3109	2600
1452	2966	2600
2388	2761	2600
1326	2519	2600
2098	2573	2600
1107	3138	2600
409	3455	2600
411	3242	2600
99	3362	2600
2397	3141	2600
2269	2735	2600
1332	3207	2600
558	2863	2600
1960	3390	2600
2488	2650	2600
1014	2999	2600
1748	2816	2600
1898	2642	2600
224	2808	2600
1096	2877	2600
76	2983	2600
2032	3346	2600
1362	2704	2700
685	2572	2700
1963	2874	2700
1261	3128	2700
1519	2534	2700
118	2629	2700
1072	2649	2700
277	2823	2700
1376	3132	2700
945	2696	2700
47	2663	2700
747	3477	2700
1196	2851	2700
1494	3447	2700
1686	3169	2700
53	2684	2700
499	2601	2700
2020	2964	2700
1640	2961	2700
1029	3430	2800
2369	2886	2800
2078	3226	2800
919	2840	2800
2099	3280	2800
567	2526	2800
1043	2534	2800
905	2623	2800
2127	3358	2800
1010	2616	2800
869	2551	2800
1281	2705	2800
1552	3048	2800
378	2591	2800
1183	2579	2800
676	3384	2800
2472	2754	2800
21	3178	2800
1060	2837	2800
199	2910	2800
2140	3064	2800
230	3360	2800
2428	3153	2800
283	3322	2800
2074	2888	2800
2261	2894	2800
1295	3114	2800
713	2561	2800
317	3374	2800
1382	2666	2800
2359	3165	2800
2133	3399	2800
1215	2812	2900
333	2668	2900
1052	3042	2900
38	2514	2900
1763	2731	2900
1832	3179	2900
2470	2765	2900
613	2725	2900
1846	2907	2900
1008	2728	2900
613	3435	2900
1421	3069	2900
340	3060	2900
1773	3073	2900
1388	3080	2900
1693	2843	2900
16	2606	2900
1139	3436	3000
1157	2900	3000
1158	2625	3000
1723	3082	3000
1941	3173	3000
133	3050	3000
1521	3437	3000
302	2839	3000
1707	3402	3000
1573	3115	3000
732	2958	3000
87	3391	3000
1902	3228	3000
588	3161	3000
1133	3339	3000
1044	2865	3000
789	3063	3000
2084	2611	3100
999	2556	3100
2386	3155	3100
1293	2603	3100
1731	3210	3100
2176	2859	3100
1920	2830	3100
1209	3066	3100
2422	2581	3100
378	2614	3100
364	2942	3100
2452	2977	3100
1511	2991	3100
2421	2648	3100
2252	2781	3100
2199	3420	3100
2351	3429	3100
2184	3318	3100
82	2749	3100
600	3419	3100
171	2617	3100
779	2847	3100
299	2583	3100
2372	3416	3100
382	2628	3100
1696	3091	3100
2229	3300	3100
685	2925	3200
2180	2975	3200
931	2946	3200
679	2587	3200
46	2928	3200
1257	3483	3200
2245	3216	3200
2254	3244	3200
316	2690	3200
40	2821	3200
542	2838	3200
132	2684	3200
2288	3480	3200
1802	3410	3200
1419	2721	3200
177	2504	3300
2236	2714	3300
1866	3253	3300
2402	2649	3300
1766	2667	3300
1225	2531	3300
2272	2680	3300
1642	2864	3300
1333	2581	3300
1115	2629	3300
1212	3467	3300
885	3323	3300
200	2660	3300
1951	2836	3300
1940	3222	3300
2399	3203	3300
1146	3020	3300
1454	2743	3300
2295	2908	3300
2010	2665	3300
2035	3207	3300
300	2888	3300
943	3279	3300
2478	2673	3300
1625	3343	3300
1320	3462	3300
1149	2664	3300
354	3221	3300
1292	3243	3300
1180	2739	3300
1612	2889	3400
1285	3335	3400
2395	3008	3400
1106	3184	3400
506	3393	3400
2272	3181	3400
232	3167	3400
929	3455	3400
1783	3247	3400
1446	2675	3400
6	2565	3400
1868	2930	3400
2341	3188	3400
2470	3149	3400
73	2847	3400
1001	2555	3400
2119	3097	3400
692	3473	3400
1833	2938	3400
1791	2922	3400
1073	2592	3400
1420	2803	3400
908	2827	3500
515	2506	3500
2307	3046	3500
591	2842	3500
1304	3403	3500
1730	2548	3500
1264	2696	3500
932	2545	3500
1119	3142	3500
347	3394	3500
1117	2857	3500
1439	2637	3500
1034	2938	3500
209	3305	3500
1845	3493	3500
967	2628	3500
1659	2915	3500
1352	2636	3500
1863	2552	3500
107	3267	3500
1114	3271	3500
888	2843	3500
326	2920	3500
833	2959	3600
1909	2511	3600
560	3044	3600
1876	2681	3600
675	3140	3600
575	3357	3600
263	3303	3600
2098	2775	3600
2097	2878	3600
583	3018	3600
2144	2672	3600
2191	2743	3600
1697	2509	3600
478	3124	3600
55	2973	3600
1177	3039	3600
1650	2841	3600
2087	2676	3600
382	3316	3600
880	3484	3600
880	2710	3600
2232	3399	3600
892	2683	3700
664	2776	3700
2444	2881	3700
2412	3209	3700
2354	3449	3700
2147	2655	3700
2038	2654	3700
893	3336	3700
1699	2722	3700
2217	3442	3700
1956	3488	3700
978	2709	3700
72	2867	3700
1504	3448	3700
2054	2527	3700
996	3001	3700
443	3243	3700
1871	2922	3700
667	3053	3700
215	3453	3700
1124	2921	3700
1184	2621	3700
2130	2695	3700
801	3239	3700
2409	2716	3800
1343	3443	3800
1597	3029	3800
1276	2871	3800
1883	3459	3800
979	3251	3800
2060	3006	3800
494	2598	3800
1740	3483	3800
2208	3497	3800
1400	3485	3800
1936	3190	3800
195	3396	3800
1409	2610	3800
1308	2692	3800
396	3163	3800
772	2532	3800
1712	2637	3800
2407	3315	3800
1719	2788	3800
1247	3434	3800
1353	2866	3800
668	2651	3800
1781	2622	3800
861	2755	3800
2378	3408	3800
871	3300	3800
951	2911	3800
1556	2546	3800
1309	3161	3800
1370	2529	3900
1731	2645	3900
565	2623	3900
1317	2639	3900
2228	2772	3900
2202	2945	3900
1386	3330	3900
1135	3334	3900
620	2520	3900
297	3242	3900
700	2735	3900
1614	2514	3900
1412	2838	3900
1969	2910	3900
441	2979	3900
697	3245	3900
1001	3332	3900
1084	2844	3900
2168	2665	3900
2335	3470	3900
846	2745	3900
1049	2699	4000
139	2511	4000
1957	2874	4000
1268	2927	4000
1792	2820	4000
1923	2746	4000
1264	3048	4000
1234	3392	4000
1319	3287	4000
816	3190	4000
1523	3247	4000
1129	2792	4000
2327	2863	4000
405	3124	4000
1982	2663	4000
1621	2673	4000
2333	3405	4000
1977	3062	4000
2037	2619	4000
358	3031	4000
814	3230	4000
1687	3293	4100
1542	2946	4100
44	2943	4100
618	2971	4100
1550	2717	4100
1492	2659	4100
1185	2518	4100
702	3269	4100
1469	2587	4100
439	2819	4100
2297	3329	4100
1136	2876	4100
1759	2869	4100
1455	2871	4100
2030	2995	4100
1979	3051	4100
135	2936	4100
487	3157	4100
1026	2926	4100
2096	2892	4100
1263	3328	4100
1716	3164	4100
1127	3419	4100
2168	2788	4100
1488	3040	4100
328	3316	4100
51	2860	4100
572	3408	4100
311	3196	4100
1902	2793	4100
337	3231	4100
1462	2883	4200
1850	3017	4200
2154	2819	4200
2471	3302	4200
736	2654	4200
948	2731	4200
773	2880	4200
798	2693	4200
404	2890	4200
447	2525	4200
69	3057	4200
416	2747	4200
260	3355	4200
1103	3013	4200
372	2585	4200
943	2505	4200
1852	2933	4200
375	3460	4200
998	2756	4200
2023	2603	4300
2323	3375	4300
2406	2772	4300
715	2929	4300
525	2893	4300
1583	3219	4300
2043	3452	4300
2465	2849	4300
200	2935	4300
88	3380	4300
933	2718	4300
1171	2525	4300
818	3327	4300
1358	2687	4300
1967	2664	4300
2200	3028	4300
1863	2868	4300
2212	2914	4300
1040	2599	4300
864	3376	4300
746	3223	4400
418	2528	4400
2412	2774	4400
1041	2714	4400
2419	2620	4400
1506	3113	4400
1991	3465	4400
1282	2773	4400
6	3158	4400
2095	3395	4400
1453	3305	4400
2248	2636	4400
1869	3260	4400
2213	3343	4400
294	3174	4400
237	2872	4400
2320	3160	4400
1616	3361	4400
2270	2595	4400
1055	2946	4500
1605	3182	4500
991	3314	4500
960	3268	4500
2381	3225	4500
1474	2951	4500
1734	3100	4500
1514	2945	4500
1351	3286	4500
1279	2590	4500
194	2791	4500
229	2747	4500
516	2578	4500
158	2844	4500
1034	3077	4500
1537	3055	4500
1938	2527	4500
564	2811	4500
1542	2742	4600
1128	2889	4600
1604	3404	4600
1907	3366	4600
2197	3304	4600
1780	2516	4600
497	2955	4600
973	3401	4600
2415	3477	4600
840	3440	4600
1014	2609	4600
967	3441	4600
75	3053	4600
757	3266	4600
393	3292	4600
1192	3297	4700
1776	3016	4700
1541	2846	4700
577	2638	4700
1512	3166	4700
1254	2867	4700
456	3222	4700
934	2610	4700
1099	3380	4700
786	2735	4700
148	2954	4700
1436	3379	4700
231	2841	4700
2031	2919	4700
1802	3161	4700
1130	3187	4700
1315	2850	4800
1482	3375	4800
669	3320	4800
610	2689	4800
2041	2966	4800
2228	3324	4800
750	2568	4800
379	3281	4800
541	2940	4800
2410	3039	4800
1704	2718	4800
2374	2847	4800
1808	2676	4800
1641	2567	4800
812	2850	4900
2046	2794	4900
1356	2927	4900
698	2568	4900
102	2629	4900
460	2722	4900
246	2727	4900
277	3081	4900
2204	3459	4900
66	3333	4900
456	3461	4900
2487	2688	4900
974	2726	4900
178	2754	4900
2489	3191	4900
2374	2979	4900
630	2564	4900
688	2815	4900
1191	3376	4900
1835	3423	4900
1750	3468	4900
1219	3470	4900
458	2611	4900
2463	2777	4900
812	2756	4900
1275	2842	4900
2357	2567	4900
2305	2951	5000
22	2927	5000
988	2529	5000
2012	2667	5000
242	3251	5000
287	3131	5000
1267	3065	5000
1202	3424	5000
1394	3172	5000
2089	3153	5000
1887	3263	5000
461	3224	5000
1373	2903	5000
1592	2570	5000
1776	3223	5100
2424	3302	5100
1858	3004	5100
1675	3210	5100
709	3139	5100
1602	3284	5100
2315	3029	5100
2499	2859	5100
726	3276	5100
511	3128	5100
466	2639	5100
1366	2596	5100
758	3494	5100
164	2627	5100
945	3413	5100
1661	2713	5100
1216	2711	5100
155	2575	5100
1336	3080	5200
1167	3235	5200
57	3230	5200
1746	2817	5200
1703	2655	5200
1793	2625	5200
2339	2568	5200
957	2696	5200
2296	2836	5200
1375	3395	5200
1421	3149	5200
2263	3422	5200
1309	2795	5200
838	2949	5200
1165	3431	5200
2322	3249	5300
2329	2703	5300
1683	3357	5300
832	3278	5300
2264	2772	5300
409	2871	5300
1135	3414	5300
912	3417	5300
1070	3138	5300
37	2837	5300
582	3432	5300
2362	2930	5300
1928	3448	5300
1303	2907	5300
2455	2626	5300
1754	2857	5300
486	2749	5300
1652	3258	5300
1600	2602	5300
2337	3355	5300
1975	3473	5300
163	3175	5300
2134	3156	5300
1882	3373	5300
2383	2701	5300
841	2615	5300
551	3067	5400
2076	3308	5400
570	2589	5400
1813	2900	5400
891	2689	5400
436	3450	5400
1585	2948	5400
802	2901	5400
815	3340	5400
357	2887	5400
2306	3471	5400
24	3205	5400
483	3429	5400
2094	3311	5400
2174	3322	5400
214	2860	5400
1320	2769	5400
1528	2843	5400
567	2961	5400
2250	3342	5500
623	3017	5500
1020	2950	5500
1479	3012	5500
1050	3249	5500
388	3186	5500
2164	2767	5500
803	3022	5500
1242	2693	5500
961	2696	5500
1120	3457	5500
752	2765	5500
2222	2814	5500
630	2540	5500
1515	3207	5500
1502	3310	5500
1124	3259	5500
1861	3298	5500
1741	3345	5500
165	3027	5500
16	3463	5500
1280	2883	5600
1544	2846	5600
2290	2569	5600
1262	2714	5600
1089	3232	5600
1051	2790	5600
543	3458	5600
1265	2826	5600
2371	3481	5600
1745	2801	5600
2343	2785	5600
9	3138	5600
1838	3272	5600
1292	2582	5600
2004	2567	5600
1095	3011	5700
1649	3213	5700
1609	2554	5700
797	3123	5700
681	3038	5700
742	2521	5700
1816	2884	5700
251	2924	5700
2058	2672	5700
1948	3256	5700
17	3492	5700
912	2610	5700
1904	3074	5700
527	3142	5700
977	2791	5700
2239	3110	5700
544	3013	5700
935	2828	5700
602	2578	5700
1273	3460	5700
2107	2965	5700
777	2734	5700
223	3263	5800
999	3314	5800
678	3095	5800
228	3372	5800
210	3248	5800
1732	3436	5800
1984	3323	5800
153	2832	5800
2245	3325	5800
727	3216	5800
352	3397	5800
2016	2973	5800
1016	3136	5800
34	2532	5800
2484	2813	5800
737	2732	5800
50	3479	5800
1357	2599	5800
1810	2607	5800
166	2562	5800
2216	2927	5900
741	2742	5900
2253	3237	5900
265	2698	5900
542	3172	5900
1525	2985	5900
1754	3422	5900
1114	3215	5900
1239	2842	5900
1556	3226	5900
2494	2881	6000
959	3016	6000
1013	3375	6000
1198	2639	6000
1772	2633	6000
1896	2632	6000
2321	2672	6000
1152	2853	6000
673	3304	6000
513	2924	6000
1121	2762	6000
1172	3499	6000
132	3435	6000
1223	3290	6000
1567	2525	6000
1995	2956	6000
2095	3383	6000
2207	2745	6000
2456	2635	6000
294	2582	6000
1824	2631	6100
1708	3025	6100
1057	2572	6100
1675	2645	6100
12	3324	6100
2141	2896	6100
819	2649	6100
343	2503	6100
1740	3248	6100
1919	2871	6100
2287	3126	6100
785	3376	6100
670	3086	6100
784	2642	6100
1030	2827	6200
2369	2683	6200
309	3004	6200
1301	3123	6200
1010	3269	6200
1993	2700	6200
495	3116	6200
2210	3167	6200
491	2693	6200
2188	3353	6200
1416	2954	6200
62	2612	6200
1684	2687	6200
2302	2857	6200
2314	2972	6200
1895	3451	6200
1758	2909	6200
1180	3449	6300
1387	3202	6300
836	2522	6300
137	3113	6300
116	3194	6300
1300	2680	6300
1399	3436	6300
1552	3454	6300
2190	2801	6300
1086	2798	6300
313	3093	6300
1054	3134	6300
957	2831	6300
357	3203	6300
683	2988	6300
747	2982	6300
1200	2732	6300
1448	2557	6300
2162	3105	6300
1773	2635	6300
1328	3441	6300
1020	3148	6300
268	3213	6300
470	2737	6400
1449	3186	6400
397	2951	6400
1227	2927	6400
950	2658	6400
698	2862	6400
529	3425	6400
2205	3042	6400
1350	3369	6400
46	3168	6400
205	3185	6400
828	3195	6400
39	3205	6400
1765	3272	6400
719	2677	6400
1836	2816	6400
348	3108	6400
1901	3355	6400
879	3408	6400
1824	3238	6400
775	2734	6400
1909	2538	6500
1478	3370	6500
2180	2846	6500
2317	2638	6500
436	3071	6500
1225	3008	6500
1926	2859	6500
1804	3176	6500
823	3398	6500
1955	3273	6500
1234	3486	6500
454	2516	6500
1398	2743	6500
1786	3312	6500
1502	2540	6500
908	2674	6500
60	3209	6600
71	2714	6600
2202	2616	6600
1179	3367	6600
855	3282	6600
336	2800	6600
603	2887	6600
269	2890	6600
427	2753	6600
1828	2962	6600
2332	3305	6600
218	2778	6600
2158	2607	6600
1305	3239	6600
822	3307	6600
2436	2967	6600
2234	3295	6700
587	3387	6700
2299	2579	6700
1122	3195	6700
1934	3290	6700
848	3435	6700
2157	2899	6700
2450	2585	6700
784	2953	6700
1619	3469	6700
980	2511	6800
1734	2874	6800
101	3370	6800
1516	3065	6800
658	3404	6800
2313	3251	6800
1883	3058	6800
1538	2928	6800
253	2501	6800
396	3177	6800
1098	3385	6800
2125	3152	6800
1643	2989	6800
183	3460	6800
1019	2607	6800
290	2529	6900
1980	2877	6900
1764	2855	6900
1518	2997	6900
703	2754	6900
1868	2641	6900
1211	3126	6900
407	3051	6900
544	3190	6900
1913	2594	6900
1147	3191	6900
2015	2804	6900
688	3062	6900
1349	2721	6900
398	2583	6900
1534	3469	6900
2480	3293	7000
139	2631	7000
1418	2703	7000
1351	2722	7000
810	2935	7000
745	3133	7000
1720	3198	7000
1376	3421	7000
850	3360	7000
339	2604	7000
982	3146	7000
359	2821	7000
310	2972	7000
450	3405	7000
720	3091	7000
31	2618	7000
423	2721	7000
729	2646	7000
1837	2606	7100
1156	2794	7100
1751	2848	7100
711	3349	7100
64	2768	7100
1995	3327	7100
1892	3117	7100
1117	2844	7100
1629	3243	7100
857	2738	7200
1285	3454	7200
2153	3131	7200
1302	3048	7200
1232	3386	7200
1106	3384	7200
2441	3030	7200
533	3158	7200
2318	3141	7200
1018	2792	7200
1338	2897	7200
1972	2835	7200
554	2683	7200
1251	2556	7300
1251	2741	7300
432	2840	7300
1570	3048	7300
1608	2948	7300
2045	2997	7300
1986	3244	7300
2	3317	7300
336	3384	7300
517	3195	7300
1561	3049	7300
2473	3175	7300
545	3258	7300
41	3108	7300
1885	2694	7400
1294	3425	7400
48	3268	7400
2280	2511	7400
481	3372	7400
976	3201	7400
976	3021	7400
2088	2727	7400
1071	3119	7400
553	2574	7400
660	3090	7400
2487	3396	7400
695	2750	7400
1669	3217	7400
761	2732	7400
1603	2814	7400
1717	2824	7400
386	3252	7400
538	2920	7400
1213	2787	7400
2404	3306	7400
76	2755	7400
85	2653	7400
1258	3011	7500
2467	3224	7500
258	2934	7500
705	2834	7500
1065	2545	7500
2312	2796	7500
2401	3384	7500
1076	3488	7500
503	2630	7500
1885	2994	7500
1291	2953	7500
2435	2854	7500
75	3023	7500
783	3261	7500
1466	2642	7500
333	3233	7600
1271	2802	7600
1880	3185	7600
35	2596	7600
776	2736	7600
2446	2831	7600
913	3212	7600
126	2533	7600
1587	3192	7600
973	3195	7600
586	3151	7600
889	2804	7600
1621	3152	7600
141	2681	7600
570	2959	7700
2195	2975	7700
664	3154	7700
365	2889	7700
1052	3329	7700
10	3118	7700
2034	2876	7700
710	2586	7700
1468	2643	7700
1411	2995	7700
119	2760	7700
1429	2915	7700
473	2557	7700
1641	2981	7700
1449	3210	7700
2494	2950	7800
89	3210	7800
571	2819	7800
84	3326	7800
714	3048	7800
2009	2822	7800
1921	2530	7800
1940	3166	7800
219	3471	7800
1160	3287	7800
1727	2525	7800
323	3126	7800
1256	3175	7800
69	2791	7800
1537	3296	7800
791	2657	7800
822	2952	7800
1388	3406	7800
946	3444	7800
2232	2937	7800
1283	2629	7900
143	3109	7900
633	3463	7900
177	3123	7900
149	2697	7900
1582	2829	7900
1061	2746	7900
2297	3281	7900
1751	2798	7900
151	2643	7900
2382	3203	7900
1070	3497	7900
1023	2828	7900
1108	2509	7900
592	3395	7900
45	3120	7900
1648	3447	7900
2344	3346	7900
1873	2817	8000
2036	2569	8000
797	3348	8000
1818	2502	8000
1461	2895	8000
2242	3232	8000
1839	2917	8000
556	2627	8000
361	2991	8000
1722	3447	8000
1337	3054	8000
2217	3189	8100
597	3045	8100
1762	3384	8100
1672	2633	8100
1763	2696	8100
1735	3461	8100
810	2968	8100
407	2885	8100
2318	3039	8100
363	2541	8100
1933	2899	8100
1681	2985	8100
403	2593	8200
203	2638	8200
1579	2880	8200
1772	3201	8200
823	2669	8200
1266	3007	8200
380	3264	8200
724	2779	8200
249	2745	8200
834	3157	8200
1568	2843	8200
176	2958	8200
1886	3111	8200
117	2959	8300
2147	3121	8300
1293	3415	8300
1036	3043	8300
2132	3276	8300
2360	3045	8300
20	2729	8300
54	2752	8300
1936	3013	8300
37	3388	8300
0	3383	8300
1047	2858	8300
2047	3041	8300
2450	3489	8300
740	2741	8300
1495	2653	8300
344	3363	8400
2019	3393	8400
1240	2934	8400
1509	3248	8400
1715	3281	8400
324	2970	8400
459	2940	8400
1994	2501	8400
1415	3456	8400
2003	2583	8400
43	2560	8500
669	3209	8500
1862	2974	8500
1339	3233	8500
881	3433	8500
2458	3461	8500
272	3074	8500
1510	3050	8600
508	2627	8600
1358	2899	8600
1027	3008	8700
2230	2596	8700
961	3413	8700
712	2928	8700
1248	2797	8700
2007	2576	8700
77	3473	8700
787	2552	8700
1988	2994	8700
1508	2932	8700
95	2770	8700
1548	3273	8800
1230	2578	8800
2193	3159	8800
1738	3298	8800
862	3010	8800
1501	2980	8800
18	3393	8900
1214	3425	8900
1514	2931	8900
1123	3197	8900
2218	2668	8900
2493	3472	8900
906	3409	8900
2196	3349	8900
2129	2982	8900
2327	2542	8900
656	3120	8900
1494	3077	8900
1777	3315	8900
328	3054	8900
2379	2789	8900
2207	2805	8900
2356	3196	8900
632	2811	8900
2069	2634	8900
1471	3107	9000
708	2655	9000
2257	2723	9000
1404	2969	9000
2334	3433	9000
1241	3448	9000
1069	2666	9000
1873	3391	9000
708	3225	9100
1688	3031	9100
1311	3201	9100
31	2778	9100
453	2953	9100
518	2691	9100
1330	2508	9200
1498	3372	9200
308	2640	9200
2397	3244	9200
606	3482	9200
874	3072	9200
1657	3304	9200
1910	2806	9200
1812	2726	9200
724	3129	9200
1865	2735	9200
1829	2799	9200
1116	3207	9200
2201	3470	9200
473	3277	9200
362	2998	9300
2023	3302	9300
303	3294	9300
649	2878	9300
2279	3170	9300
266	3064	9300
1325	3325	9300
349	3486	9300
1705	2533	9300
2040	3055	9300
1407	3250	9400
1479	2833	9400
2395	2723	9400
726	3438	9400
2141	2790	9400
2447	2801	9400
266	2924	9400
1176	2997	9400
349	3236	9400
1168	2563	9400
918	2884	9400
1931	2779	9400
2247	2540	9400
670	3047	9400
1609	3087	9500
512	3337	9500
206	3418	9500
77	2585	9500
256	2987	9500
2311	3046	9600
1683	2895	9600
1482	3096	9600
371	3369	9600
2214	3147	9600
2363	2729	9600
990	2584	9600
2380	3171	9600
2181	3489	9600
1685	3373	9600
2178	3076	9600
614	2551	9700
2024	2693	9700
693	3409	9700
2209	2524	9700
1361	3439	9700
748	2884	9700
209	3435	9700
1015	2771	9700
766	2728	9700
2418	2650	9700
1328	3073	9700
1258	2556	9800
1864	2700	9800
32	3128	9800
197	2590	9800
2175	3325	9800
712	3446	9800
1638	2978	9800
1325	3216	9800
253	3491	9800
1081	2725	9800
2093	2744	9800
744	2523	9800
938	3408	9800
1191	3445	9800
475	2980	9800
451	3237	9900
931	2742	9900
134	3113	9900
296	3442	9900
1505	3058	9900
978	2590	9900
1779	3081	9900
1102	2715	9900
1910	3192	9900
768	2821	9900
1817	3480	9900
722	3410	9900
2066	2904	9900
2137	3463	9900
1898	2981	9900
546	2504	10000
1343	3357	10000
2155	3256	10000
582	3178	10000
686	2744	10000
1419	3054	10000
1085	2865	10000
1694	2683	10100
1387	3160	10100
2049	3079	10100
560	2746	10100
1966	2689	10100
1867	2819	10100
2244	3093	10100
42	3323	10100
448	2571	10100
1946	3147	10100
1260	3089	10100
98	3000	10100
1643	2619	10100
2000	2825	10100
2390	2777	10100
381	2787	10200
587	2948	10200
2282	2896	10200
522	2869	10200
250	3326	10200
1606	2942	10200
1764	2851	10200
359	2828	10200
355	3343	10200
607	2981	10200
519	3076	10200
754	3310	10200
861	2983	10200
1581	3221	10200
518	3428	10200
1495	3463	10200
2330	3371	10300
2493	3466	10300
1692	3490	10300
233	3090	10300
1575	2770	10300
2036	3037	10400
2264	3003	10400
1639	2935	10400
1706	3424	10400
186	2873	10400
1706	2853	10400
672	3177	10400
531	2911	10400
1541	2975	10500
1125	3010	10500
717	2776	10500
2330	3398	10500
1392	2876	10500
1890	2731	10500
1674	3362	10500
1287	2662	10500
1770	3312	10500
2351	3378	10500
1821	2599	10500
414	3225	10600
1341	2572	10600
709	2994	10600
1138	3032	10600
1639	2968	10600
1012	2663	10600
1911	2911	10600
1983	3122	10600
725	3118	10700
968	3465	10700
2113	2986	10700
667	3023	10700
70	3137	10800
734	3274	10800
374	2871	10800
92	2935	10800
1521	3134	10800
1915	3409	10800
569	3296	10800
370	2618	10800
103	2859	10900
1744	2620	10900
2339	3438	10900
553	2678	10900
188	2968	10900
219	3275	10900
2368	2792	10900
868	2617	10900
1935	2650	10900
2405	2961	10900
208	2531	11000
1013	2830	11000
212	3414	11000
1680	3273	11000
1904	3175	11000
2358	3359	11000
2293	2710	11000
2347	3073	11000
2069	2795	11000
2350	3308	11100
2085	3011	11100
991	3345	11100
584	2817	11100
390	3330	11100
1919	3465	11100
2235	3181	11100
637	3247	11100
269	3333	11100
1631	3382	11100
2255	2720	11100
1217	2944	11100
2265	2989	11100
707	2664	11100
276	2770	11100
2172	3261	11100
1169	2903	11100
738	2631	11200
1226	2629	11200
636	3002	11200
1682	3403	11200
377	3285	11200
1595	2536	11200
1697	2902	11200
1023	2821	11200
1714	2687	11200
1084	3360	11200
166	3063	11200
2483	3118	11300
849	3042	11300
2042	2794	11300
1532	2990	11300
29	3276	11300
491	3424	11300
1946	3236	11300
1189	2530	11300
1091	3217	11300
2271	3285	11300
756	2824	11300
718	2904	11300
1188	2741	11300
2065	3226	11400
1823	2589	11400
1205	3128	11400
1077	3386	11400
2233	3344	11400
415	3195	11400
887	2630	11400
1219	2811	11400
1039	3260	11400
717	3314	11500
642	3137	11500
331	3170	11500
647	2675	11500
1820	2630	11500
2160	2894	11500
284	3122	11500
1362	2965	11500
946	3111	11500
2116	2507	11600
2375	3223	11600
2088	3291	11600
1839	3364	11600
1831	3059	11600
147	3092	11600
1247	2811	11600
1847	2818	11600
549	2932	11600
2086	3300	11700
2442	2733	11700
2219	2913	11700
244	2503	11700
1046	2984	11700
372	3464	11700
2340	2704	11700
1875	2700	11800
2425	2642	11800
2059	3173	11800
2140	2924	11800
1434	3212	11800
86	2512	11800
2247	3310	11800
1823	2992	11900
1656	2521	11900
914	3472	11900
2034	3185	11900
2049	3399	11900
2011	3293	12000
1517	2776	12000
11	2834	12000
2439	3138	12000
1801	2781	12000
240	2888	12000
1296	3075	12000
940	2624	12000
2160	3271	12000
1718	2649	12100
1405	3173	12100
878	2901	12100
964	2564	12100
516	3164	12100
217	3019	12200
318	2511	12200
575	3443	12200
471	3038	12200
915	2825	12200
307	3063	12200
557	2659	12300
2432	2986	12300
1006	3208	12300
188	3482	12300
1233	3420	12300
807	2763	12300
264	2813	12300
1427	3025	12300
257	2518	12300
1701	2517	12400
1322	2502	12400
849	2976	12400
1389	3344	12400
1896	3414	12400
1921	3212	12400
1159	2918	12400
2031	3060	12400
937	3400	12400
1243	2717	12500
1150	2986	12500
64	3102	12500
913	2549	12500
2266	3262	12500
2423	2878	12600
2491	3288	12600
420	2960	12600
1971	3252	12600
2378	2561	12600
564	3265	12600
632	2812	12600
790	2740	12600
2404	2739	12600
1374	2539	12700
735	2939	12700
684	2632	12700
1266	2590	12700
2292	3020	12700
455	2756	12700
388	2757	12800
79	2772	12800
1585	3387	12800
1386	2513	12800
2268	3340	12800
2469	2978	12800
1039	3374	12800
63	3479	12800
2347	2852	12800
445	3260	12800
451	3292	12800
1784	2712	12900
457	3038	12900
2373	3029	12900
2491	2826	12900
1079	2838	12900
873	3052	12900
1254	2675	13000
245	2782	13000
807	3279	13000
622	2805	13000
538	2562	13000
942	2780	13000
1553	2881	13100
48	3182	13100
1096	2737	13100
79	3184	13100
2151	3428	13100
80	2734	13100
661	3430	13200
2017	2734	13200
573	3465	13200
2101	3173	13200
2043	2586	13200
1005	2532	13200
418	2817	13300
2233	2660	13300
449	2637	13300
335	2651	13300
1918	2845	13300
1584	2933	13300
222	3204	13400
1153	3156	13400
591	3060	13400
156	2706	13500
635	2543	13500
286	2990	13500
1522	2875	13500
902	2832	13500
130	2610	13500
1152	3056	13500
1369	2962	13500
1607	3257	13500
643	3215	13500
107	2920	13500
2320	3111	13500
1672	3043	13600
2426	3436	13600
736	3167	13600
175	3256	13600
174	3144	13600
690	3394	13600
600	3000	13600
1277	2771	13600
52	3473	13600
1847	2710	13600
91	2589	13700
1145	2625	13700
1894	3203	13700
485	3275	13700
1884	3056	13700
2161	2719	13700
1349	3040	13700
104	3005	13700
152	3480	13700
1486	2862	13800
1306	2510	13800
1853	3258	13800
492	2967	13800
1648	3174	13800
1004	3186	13800
836	2518	13800
184	2572	13900
509	2895	13900
1175	2649	13900
638	3294	13900
1589	3353	13900
1103	3488	13900
240	3229	13900
1153	3493	13900
723	3101	13900
1964	2723	14000
208	2613	14000
1667	3481	14000
934	3417	14000
2075	2555	14000
728	3135	14100
262	3487	14100
2064	3081	14100
2073	3317	14100
1360	2743	14100
1840	3150	14100
440	3205	14100
2456	3316	14100
799	3313	14100
461	2952	14100
141	2691	14100
1373	2653	14100
1614	3309	14200
1006	3143	14200
158	2665	14200
890	2612	14200
2304	3161	14200
790	2559	14200
67	2599	14200
842	2812	14300
1516	2783	14300
2048	3368	14300
1942	3000	14300
1580	3307	14300
955	2941	14400
2071	2705	14400
7	2672	14400
1879	2979	14400
1203	2863	14400
555	3252	14400
808	3260	14400
2391	3165	14400
198	2923	14500
1660	3325	14500
1671	2754	14500
1472	3070	14500
340	2919	14500
1918	3300	14500
820	2886	14600
830	2819	14600
192	2993	14600
683	3162	14600
974	2566	14600
1303	2768	14600
2298	2617	14600
1097	3454	14700
1473	3049	14700
279	2748	14700
484	2965	14700
562	2534	14800
2067	2738	14800
1468	3413	14800
682	3414	14800
1677	3056	14800
387	2926	14800
15	2584	14800
2431	2523	14800
417	3476	14800
1342	2704	14800
258	2896	14900
858	3208	14900
238	2509	14900
2206	3082	15000
105	3170	15000
1700	3098	15000
312	3474	15000
1417	3494	15000
485	2643	15000
778	3033	15000
236	2926	15000
1791	2915	15000
2135	3342	15000
1355	2877	15100
1467	3223	15100
1500	2974	15100
238	2897	15100
1437	2808	15100
1288	2741	15100
439	2620	15200
198	2761	15200
2385	2834	15200
2265	2619	15200
1220	2537	15200
1726	2912	15300
1378	3135	15300
1470	3198	15300
1470	3144	15300
911	3020	15300
883	2500	15300
2461	2519	15400
105	3181	15400
2498	3070	15400
2172	2755	15400
1881	2925	15500
1778	2639	15500
2252	2876	15500
1674	3018	15500
1668	3050	15500
1647	2873	15500
514	3067	15600
2286	2846	15600
292	3046	15600
2393	2703	15600
1920	2656	15600
496	3412	15600
1046	2612	15600
781	2585	15600
689	3207	15600
2215	3427	15700
180	2679	15700
332	2908	15700
1805	2563	15700
1622	3051	15700
167	2726	15700
896	2651	15700
2338	2756	15700
402	2517	15800
1435	2560	15800
2079	3002	15800
502	2896	15800
332	2736	15800
1759	2598	15800
701	2555	15800
1781	2985	15800
1755	2699	15900
1237	2697	15900
647	2730	15900
695	3380	15900
2274	3333	15900
291	3257	15900
488	3221	16000
1393	3067	16000
568	3220	16000
2028	3136	16000
2037	2989	16000
1822	2599	16000
1852	3475	16000
2355	3199	16100
2044	3003	16100
2411	3114	16100
713	2728	16100
1101	3218	16200
1111	3176	16200
1438	2898	16200
25	3388	16200
1559	2577	16200
1927	2792	16200
1105	2701	16200
68	3005	16200
2091	2706	16200
1029	2810	16300
2325	3214	16300
2001	2765	16300
2183	3405	16300
2481	2860	16300
1574	3101	16300
893	2667	16400
504	2857	16400
1187	2676	16400
362	2674	16400
1640	3391	16400
1741	3314	16500
1440	2959	16500
502	3269	16500
2276	3046	16500
222	2762	16500
1484	3296	16500
172	3467	16600
928	2729	16600
530	3006	16600
278	3459	16600
1709	3432	16600
691	3092	16600
1290	2622	16600
2384	2711	16600
1235	3112	16600
2385	3002	16700
1804	2798	16700
2226	3219	16700
1668	2672	16700
624	3448	16700
1689	3115	16700
686	2604	16700
218	3405	16700
2357	3346	16700
1874	2906	16800
1101	3197	16800
251	2800	16800
572	2707	16800
1953	2737	16800
1381	2712	16900
1294	3199	16900
1350	3234	16900
767	3486	16900
2	3198	16900
870	3092	16900
2075	3476	16900
677	2815	16900
445	2695	16900
782	3319	17000
1459	3155	17100
1281	3344	17100
2060	3366	17100
2417	2970	17100
558	3220	17100
1056	3266	17100
1536	2635	17100
1619	2647	17100
699	3121	17200
1926	2929	17200
1181	3006	17200
826	3110	17200
384	3459	17200
2415	2940	17200
1048	2797	17200
1840	2847	17200
2277	2845	17200
2251	3260	17200
1346	3104	17200
267	2739	17200
1665	3431	17200
309	3118	17300
535	2515	17300
792	3096	17300
1190	3329	17300
1980	3280	17400
2344	3027	17400
22	3284	17400
1396	2566	17400
1401	2618	17400
926	2575	17400
2497	2595	17400
1611	2644	17500
1917	2891	17500
32	3116	17500
716	3256	17500
898	3498	17500
348	2854	17500
741	2575	17600
1793	2667	17600
1310	2503	17600
802	2908	17600
187	3486	17600
703	2887	17600
1416	3328	17600
2165	2561	17600
627	2879	17600
327	2708	17600
1850	3363	17700
2423	2758	17700
652	3256	17700
901	2582	17700
2187	2703	17800
550	3269	17800
800	2955	17800
1161	2610	17800
185	3039	17800
841	2561	17800
453	3047	17800
954	2976	17900
1539	2661	17900
278	2765	17900
608	2542	17900
2151	2559	17900
1259	3462	17900
385	3381	18000
2442	2545	18000
1800	3023	18000
1237	2829	18100
867	2849	18100
2241	2880	18100
1779	2954	18100
870	3055	18100
172	3218	18200
1161	3465	18200
2462	3295	18200
2430	2571	18200
2203	2918	18200
2169	3192	18200
1981	3072	18200
438	3262	18200
319	3422	18200
2427	3227	18300
1354	2705	18300
1954	3334	18300
259	2800	18300
2274	2541	18300
1045	3223	18400
30	2694	18400
2176	3250	18400
295	2627	18400
352	2955	18400
231	2601	18400
154	2799	18400
2379	3441	18400
2336	2600	18500
2258	3176	18500
151	3198	18500
273	3162	18500
345	2536	18500
2072	2947	18500
1586	2594	18500
478	2916	18500
1048	2984	18500
2066	3183	18500
70	2727	18600
694	2548	18600
1249	3377	18600
690	2565	18600
1160	2688	18600
2223	2815	18600
1711	2789	18600
1563	3070	18600
1849	3107	18600
190	2716	18700
635	3119	18700
628	3338	18700
156	2807	18800
1700	3093	18800
882	2713	18800
966	3024	18800
1396	2509	18800
1334	3343	18800
787	2858	18800
907	3224	18900
1757	2521	18900
1464	3189	18900
1955	2686	18900
2299	3467	18900
305	3153	18900
922	2866	18900
593	2808	18900
853	2580	18900
2355	2992	19000
228	2783	19000
2071	2864	19000
1348	3233	19000
256	3279	19000
952	2779	19000
1318	3252	19000
2307	3214	19100
1787	3274	19100
346	3329	19100
899	2898	19100
1627	3103	19100
1442	3206	19100
60	3320	19200
1780	3467	19200
391	3407	19200
770	3197	19300
626	2620	19300
2198	3474	19300
58	2873	19300
114	2675	19300
1497	2648	19300
755	2956	19300
1335	2533	19400
1412	3172	19400
2489	3255	19400
1577	2779	19400
2183	2602	19400
1217	2763	19400
1222	3460	19400
1830	2780	19400
981	2891	19500
809	2694	19500
134	3008	19500
2279	3295	19500
1199	2519	19500
2238	3439	19500
1189	3058	19500
94	3499	19500
1820	2662	19500
975	3107	19600
1922	2912	19600
1490	3015	19600
1438	3201	19600
666	3075	19600
1761	3328	19600
2326	3069	19600
252	3258	19600
2293	3174	19600
552	2906	19700
246	3137	19700
1326	3424	19700
625	2687	19700
1843	3307	19700
941	2522	19700
1195	3261	19700
2413	2606	19700
2118	3228	19800
657	3121	19800
2353	2513	19800
1058	3098	19800
922	3193	19800
507	3117	19800
1622	3078	19800
239	2694	19900
1037	3280	19900
527	3102	19900
2333	3350	19900
2081	2916	19900
645	2964	19900
917	3105	19900
1481	2717	19900
2195	2846	20000
1126	2800	20000
377	3334	20000
1559	2773	20000
1379	3319	20000
1353	2580	20000
150	3388	20100
2074	3229	20100
1007	3206	20100
1930	2941	20200
130	3417	20200
1929	2578	20200
1390	2670	20200
738	2912	20300
1027	2623	20300
142	2977	20300
2050	2641	20300
1022	3422	20300
820	2683	20400
2052	3324	20400
1136	2781	20400
503	2828	20400
2032	3249	20400
1809	2605	20500
1486	2568	20500
1311	2942	20500
1925	2653	20500
925	3017	20600
255	2658	20600
1457	3110	20600
680	2632	20600
2281	3481	20600
122	2584	20600
2435	3316	20600
1774	3359	20600
665	2932	20600
452	2870	20600
1612	3233	20700
221	2760	20700
2015	3206	20700
1011	3183	20700
1374	3019	20700
1813	3320	20800
1507	3065	20800
232	2654	20800
2131	2879	20800
145	3327	20800
2372	3258	20800
1284	3227	20900
2324	2996	20900
1625	2651	20900
1757	2698	21000
1792	2895	21000
1859	3145	21000
1540	2513	21000
2349	2802	21000
1171	2512	21000
316	2984	21000
615	2858	21000
1138	3002	21100
2170	3176	21100
2149	2970	21100
2237	2530	21100
646	3262	21100
890	2814	21100
2017	2951	21200
1570	3133	21200
2268	2875	21200
2225	2656	21200
2473	2750	21200
224	2676	21200
307	3400	21200
650	2549	21300
1025	3231	21400
322	2605	21400
2006	3174	21400
955	3454	21500
192	2625	21500
617	2573	21500
1491	3264	21500
953	2855	21500
1497	2828	21500
161	2769	21500
661	3011	21600
103	3337	21600
1736	3185	21600
876	2831	21600
298	3432	21600
1082	2845	21600
674	2904	21600
1985	2533	21700
1984	2503	21700
1003	3305	21700
33	2635	21700
2323	3016	21800
916	3398	21800
1801	3329	21800
774	3495	21800
2308	2703	21900
2099	2939	21900
1469	3335	21900
2177	2900	21900
2038	3083	21900
1815	3458	21900
750	2862	21900
710	3452	21900
2106	3486	21900
128	2960	21900
1081	2861	21900
1836	3049	21900
925	3010	22000
344	3026	22000
1914	2886	22000
1690	2520	22000
178	2661	22000
2189	2619	22000
1886	3160	22100
551	2738	22100
1598	2794	22100
585	3206	22100
109	3196	22100
2006	3376	22100
719	3400	22100
2425	2712	22100
1739	2849	22200
1385	2651	22200
651	2655	22300
876	2519	22300
2226	2977	22300
2208	3490	22300
121	2885	22300
14	3057	22300
87	2679	22400
1889	3016	22400
93	3369	22400
2353	3170	22400
1456	2901	22400
1749	2766	22400
289	3280	22500
2388	2560	22500
2048	2554	22500
1826	2848	22500
1196	3143	22500
1028	3212	22500
2392	2977	22500
1803	2804	22500
2039	3107	22500
180	2560	22600
1381	2539	22700
762	2833	22700
248	3224	22700
1603	2879	22700
2255	2766	22700
837	2938	22700
1385	3035	22700
2239	2955	22800
2061	3094	22800
1076	3309	22900
1083	3356	22900
1765	2597	22900
1345	3062	22900
1044	3468	22900
2077	2547	23000
1434	3499	23000
701	2805	23000
1618	3187	23100
958	2883	23100
539	2790	23100
897	3354	23100
766	2561	23100
989	2527	23100
1989	3095	23200
1314	2658	23200
1798	3180	23200
1414	2751	23200
3	3351	23200
42	2512	23200
599	2879	23200
2437	3322	23200
432	2543	23300
948	2751	23300
1095	2741	23400
969	2726	23400
1359	3047	23400
1413	3230	23500
1185	2522	23500
671	3337	23500
1071	3182	23500
2174	2902	23500
1900	3360	23500
2063	3245	23500
1080	3416	23500
1429	2861	23500
2162	2674	23600
894	3458	23600
2387	2700	23600
1155	2859	23600
1903	3064	23600
818	2956	23600
1164	2657	23600
2400	3268	23600
2447	2800	23700
2476	2993	23700
2211	3193	23700
857	3227	23800
392	3347	23800
1969	3036	23800
1233	3396	23800
607	3298	23800
1536	2852	23800
1410	2588	23900
1049	3293	23900
1321	3010	23900
2393	2912	23900
1922	3270	23900
203	2528	23900
1033	3038	23900
2026	3450	23900
579	2978	23900
2112	3285	23900
1775	3117	23900
1628	3287	23900
1256	2766	23900
536	3430	24000
679	3335	24000
1490	3474	24000
235	2671	24000
941	3027	24000
2068	2776	24100
2194	3277	24100
1569	3014	24100
623	2546	24200
126	3426	24200
1369	2564	24200
1337	2816	24200
274	2827	24300
2241	3234	24300
1089	2990	24300
1736	3065	24300
2319	2663	24300
1444	2884	24300
1464	3218	24400
250	3288	24400
2033	3282	24400
612	2532	24400
97	3025	24400
241	3192	24500
1002	3230	24500
1576	3410	24500
2451	3444	24500
422	3214	24600
1613	2570	24600
1721	2873	24600
2291	3117	24600
213	2708	24600
1574	2963	24600
1758	3080	24600
1244	3088	24700
116	2680	24700
2376	3362	24700
2492	3018	24700
1132	2808	24700
1644	2642	24700
1315	3187	24800
136	2772	24900
1307	2930	24900
1503	2729	24900
9	3497	24900
195	3420	24900
110	2747	24900
1045	2528	25000
1151	3275	25000
145	2690	25000
548	3373	25000
907	2774	25100
39	2661	25100
428	3410	25100
1626	3283	25200
835	3221	25200
1299	3148	25200
1289	2639	25200
939	3178	25200
1194	2986	25200
102	3381	25300
1202	3130	25300
1951	2918	25300
329	3238	25400
505	2502	25400
73	3150	25400
1607	3240	25500
1808	2821	25500
19	3193	25500
1098	2963	25500
1336	3406	25500
2223	3211	25600
1087	2904	25600
734	2767	25700
1747	3289	25700
1447	3461	25700
2212	3104	25700
282	3320	25800
530	3457	25800
2321	3204	25800
122	2541	25800
1206	2634	25800
1395	3431	25800
2476	2625	25900
936	2730	25900
1961	2966	26000
1795	3293	26000
654	2507	26000
2483	3254	26000
1323	3021	26000
1908	3003	26000
2429	3082	26000
271	2571	26000
1629	2628	26000
1334	3035	26000
2008	2965	26000
1157	3320	26100
1094	3058	26100
2261	3041	26100
813	3035	26100
1130	3010	26200
930	3231	26200
1270	2883	26200
1548	2686	26200
1520	3455	26200
2328	3460	26200
1848	3286	26300
815	2928	26300
995	3490	26300
1446	3497	26300
1127	2760	26300
1229	3075	26300
895	3386	26400
1431	2887	26400
2018	3401	26400
2294	3238	26500
1418	2975	26500
2453	3130	26500
1287	2893	26500
1964	2943	26600
1789	3128	26600
1997	2510	26600
918	3347	26600
1671	2752	26600
1443	3092	26600
511	3082	26700
146	3234	26700
20	2536	26700
875	3494	26700
1784	3087	26800
2499	3403	26800
2044	2627	26800
129	2759	26800
924	2633	26800
536	2810	26900
1054	2764	26900
853	2981	26900
1553	2950	26900
285	3444	27000
510	3461	27000
1795	2906	27100
653	2508	27100
2452	2997	27100
1856	3466	27100
1887	3427	27100
211	3197	27200
1250	2934	27200
1475	3373	27200
2102	2515	27300
2216	2874	27300
406	3109	27300
984	2810	27300
1380	3487	27300
1560	3366	27300
2278	2678	27300
2163	2948	27300
1093	3303	27300
2396	3075	27300
1298	3342	27400
2405	2526	27400
1500	2658	27400
1383	2840	27400
314	3362	27400
1063	3247	27400
533	3142	27400
752	3402	27400
723	2963	27400
2102	2883	27500
1462	3100	27500
694	2764	27500
924	3236	27500
1463	2960	27500
1712	3052	27500
97	2647	27500
131	2945	27600
2438	3265	27600
455	2850	27600
1866	2761	27700
2477	2786	27700
794	2656	27700
826	2991	27700
884	2576	27700
157	3439	27800
2428	2771	27800
1248	3394	27800
1033	2864	27900
2045	2955	27900
716	3429	27900
986	3285	27900
1939	2926	27900
1032	2818	27900
1460	3295	28000
1009	3018	28000
2126	2757	28000
1123	3218	28200
1403	3285	28200
1900	3164	28200
2380	3159	28200
687	3341	28200
2460	2769	28200
1558	2921	28200
1068	2700	28300
265	2506	28300
933	3332	28300
398	2619	28300
827	3174	28300
1947	3156	28300
1602	2827	28400
1728	3044	28400
1483	3455	28400
1958	2663	28400
1008	3355	28400
532	2684	28400
270	2915	28400
223	2707	28400
1633	3154	28500
1695	2886	28500
1097	2731	28500
2046	3278	28500
1702	2997	28500
153	2796	28500
81	2823	28500
996	2973	28500
671	2510	28600
2231	2551	28600
2005	2733	28600
2050	3299	28600
486	2597	28600
612	3266	28600
1345	3279	28600
1220	3080	28600
1282	3007	28700
2070	2890	28700
442	2914	28700
696	2695	28800
1372	2575	28800
816	3318	28800
415	3349	28800
2194	2789	28800
1750	2505	28800
2283	3137	28900
1930	3454	28900
774	3483	28900
1229	3456	28900
1729	2992	29000
515	2698	29000
1167	2697	29000
2375	2528	29000
1690	3116	29000
1730	2820	29000
182	3386	29000
351	3291	29000
334	2988	29000
1979	2885	29000
868	3318	29000
1753	2637	29000
1422	2843	29000
760	2613	29100
1178	2864	29100
2303	3232	29100
125	2829	29100
467	2982	29100
1835	3390	29100
437	3374	29100
510	3294	29200
1487	2853	29200
1735	3411	29200
34	3266	29200
970	2892	29200
1882	3423	29200
249	2971	29200
1053	3442	29300
2346	3496	29300
2145	2940	29300
1491	3295	29300
858	3143	29300
279	3229	29300
2367	3005	29400
2363	3442	29400
1692	3323	29400
500	2936	29400
431	2852	29400
1213	3125	29500
1064	3391	29500
1656	3003	29500
1948	2836	29500
1086	3219	29500
731	2735	29500
202	3089	29500
2438	2971	29500
1825	3374	29500
356	3042	29600
1519	2722	29600
1112	3116	29600
662	2822	29600
1433	2960	29600
634	3023	29600
2420	3091	29600
514	3434	29700
1485	2937	29700
1498	2783	29700
482	2934	29700
196	3414	29700
2303	3235	29800
389	2536	29800
1855	3064	29800
947	2834	29900
545	2673	29900
53	3382	29900
1226	2738	30000
1867	2951	30000
1826	3219	30000
314	3018	30000
1600	2618	30000
23	2566	30000
1115	2905	30100
1848	2614	30100
261	2954	30100
1069	3361	30100
1943	3336	30200
324	2633	30200
1065	2736	30200
594	2829	30300
854	2587	30300
395	2547	30300
1522	2882	30300
1623	3168	30400
243	2812	30500
1605	3119	30500
1221	3037	30500
550	2974	30500
1377	3232	30500
2370	2593	30500
1183	3467	30500
662	3144	30500
1402	3204	30500
443	2852	30500
1849	2850	30600
817	2810	30600
481	2543	30600
903	2806	30600
628	2669	30600
479	3493	30600
1243	2704	30700
1881	2941	30700
1214	3438	30700
262	3354	30800
899	3015	30800
994	3143	30800
2466	2936	30800
283	2618	30800
2463	2850	30800
268	2593	30900
2290	3037	30900
312	3015	30900
1998	3301	30900
376	2608	30900
1874	3358	31000
1329	2810	31000
839	3232	31000
2110	3147	31000
2434	2709	31000
1170	3350	31000
1144	2628	31000
809	3184	31100
2236	2697	31100
2205	3022	31100
2352	3431	31100
1280	3095	31200
958	3234	31200
2214	3184	31200
2117	2623	31200
1628	2879	31200
1074	3205	31200
548	2815	31200
1530	2809	31300
1155	2515	31300
1620	2929	31300
2033	3438	31300
1477	2977	31300
1078	3033	31300
1523	2982	31300
509	3121	31400
1666	3434	31500
13	3466	31500
800	3110	31600
1338	3350	31600
469	3491	31600
1819	3278	31700
384	3318	31700
161	2724	31700
1261	3424	31800
753	2837	31800
748	2804	31800
429	2661	31800
1299	3404	31900
583	3349	31900
2184	3090	31900
285	2527	32000
2142	3309	32000
489	3030	32000
67	2870	32000
2198	2669	32100
1009	3052	32100
121	3051	32100
1554	3406	32200
2295	2752	32200
1707	2617	32200
113	2961	32300
1993	3139	32300
1842	2731	32300
1978	3141	32300
2007	3146	32300
2331	2788	32300
1141	2636	32300
1432	3100	32400
523	3257	32400
367	3123	32500
44	2723	32500
129	2644	32500
1620	2901	32500
419	3325	32500
1126	3141	32500
2067	3019	32600
2336	2631	32600
1598	2572	32600
2371	2934	32600
1430	3314	32600
1428	2600	32700
571	2794	32700
213	2542	32700
1799	3406	32700
1011	2904	32800
1550	2812	32900
574	3111	32900
2437	3094	32900
1295	3479	32900
1435	2679	33000
1022	2720	33000
793	2737	33000
1837	2757	33100
259	2715	33100
111	2797	33100
2012	3336	33200
33	3095	33200
1158	2993	33300
1201	3024	33300
821	3036	33300
363	2954	33300
2368	2594	33300
1173	3456	33300
771	3215	33300
1769	3028	33300
2459	3404	33400
1348	2668	33400
2132	2702	33400
2167	2949	33500
2364	3068	33500
599	3262	33500
1748	3462	33500
1988	2699	33600
437	3265	33600
2444	2682	33600
638	3367	33600
1931	2944	33600
2250	2933	33700
1676	3003	33700
1207	2513	33700
2218	3288	33700
767	3457	33700
38	2928	33700
171	3402	33700
431	3073	33700
133	2993	33800
1410	2941	33900
402	3324	33900
2220	3234	33900
395	3008	33900
483	2702	33900
86	3323	33900
1644	3186	33900
1580	3331	34000
817	3430	34000
608	2564	34000
531	3023	34000
412	2539	34100
1480	3496	34100
1566	3452	34100
855	3429	34100
1245	3141	34100
2262	3077	34100
2114	2537	34100
2267	2858	34100
2242	3235	34200
819	2551	34200
2103	2620	34200
2171	3367	34200
235	3426	34200
1657	2747	34200
1015	3153	34200
952	3129	34200
1876	2691	34300
1527	3336	34300
2106	2979	34300
271	2913	34300
956	2636	34300
574	3127	34400
1699	2534	34400
1444	3347	34400
1319	2688	34400
330	3423	34400
1423	3080	34400
1239	2816	34400
234	2613	34500
58	2970	34500
233	2726	34500
1567	2782	34500
302	3299	34500
1524	3019	34600
2490	3016	34600
1854	2872	34600
1067	2790	34600
1872	3439	34600
598	2916	34600
740	2556	34700
257	2522	34700
2433	3482	34700
96	3130	34700
1669	3247	34700
643	2728	34700
962	3164	34700
401	3109	34800
1851	2848	34800
962	2676	34800
1925	3027	34800
211	2504	34900
1583	2798	34900
660	3396	34900
805	3246	34900
605	3311	34900
1125	2723	35000
926	3265	35000
735	3154	35000
796	3155	35000
472	3044	35000
1509	3137	35000
1903	2924	35000
254	2834	35100
2373	3348	35100
2178	3405	35100
51	2562	35100
1197	3083	35200
1687	2694	35200
619	3147	35200
773	2929	35200
1021	3499	35200
1538	3446	35200
181	3069	35200
1262	3017	35300
2408	2594	35300
757	3310	35300
2383	3171	35300
1058	3093	35400
4	2884	35400
2342	3041	35400
1877	3366	35500
860	3183	35500
2454	2742	35600
1635	3121	35600
1702	2880	35600
243	2658	35700
989	2914	35700
267	3306	35700
743	3005	35700
2014	3214	35700
1949	2966	35700
299	3383	35700
452	2670	35700
651	2833	35800
1178	3006	35800
495	2520	35800
206	3327	35800
1901	2555	35800
1108	3383	35800
687	2748	35800
338	3230	35900
1535	2958	35900
367	3358	35900
196	3334	35900
1288	3345	36000
2492	2762	36000
866	3309	36000
1305	2770	36000
1284	3368	36100
821	2910	36100
1465	2624	36100
534	2582	36100
616	2820	36200
2064	2823	36200
1816	2979	36200
523	3240	36200
1752	3346	36200
506	2531	36300
1875	2786	36300
2284	3392	36300
1179	3194	36300
464	2970	36300
1512	3222	36300
1999	2573	36400
1102	2806	36400
2398	3480	36500
14	2791	36500
937	2963	36500
1650	2552	36500
460	2906	36600
629	3198	36600
1453	3435	36600
1949	2611	36700
524	2652	36700
1774	2748	36700
1174	2670	36700
113	3453	36800
408	2535	36800
1109	2551	36800
568	3394	36800
2018	2617	36800
2449	3238	36900
2427	3237	36900
617	2775	36900
1452	3071	36900
1122	3078	36900
1571	3040	36900
2386	2518	37000
2329	3253	37000
1966	3237	37000
2092	2942	37000
2170	3197	37000
2410	2743	37000
1531	3484	37000
618	2711	37000
1172	3222	37100
692	3279	37100
1694	2881	37200
189	3033	37200
672	3163	37300
176	2858	37300
2343	3217	37400
347	2713	37400
891	2685	37500
1579	2996	37500
792	2830	37500
2439	3426	37500
1588	2671	37500
109	3115	37500
863	3113	37600
1074	2890	37600
2159	2861	37600
2134	2860	37600
1067	2529	37700
2085	3235	37700
765	2949	37700
496	2656	37700
1140	2754	37700
193	3416	37700
112	2897	37700
315	2914	37800
960	2546	37800
2360	2913	37800
1508	3127	37900
1427	3012	37900
1053	2733	37900
1952	3365	37900
1589	3078	37900
831	2684	37900
499	2841	37900
1686	2999	37900
1184	2608	38000
1440	2531	38000
2022	2939	38000
928	3029	38000
729	2845	38100
1018	3327	38100
1573	3196	38100
1729	3297	38200
1718	3330	38200
24	2797	38200
1977	2624	38200
1062	2697	38300
609	3213	38400
1942	2747	38400
1314	2504	38500
241	3030	38500
159	3135	38600
1176	3303	38600
1364	2652	38600
953	3201	38600
1134	3134	38600
579	3158	38600
1443	2542	38600
2173	2785	38700
2341	3172	38700
1775	3464	38700
2331	3062	38700
640	2570	38700
2135	3374	38800
930	2706	38800
983	3437	38800
217	3263	38900
540	2962	38900
426	2777	38900
498	3434	38900
535	3381	39000
1790	3044	39000
543	2786	39000
2411	2594	39000
1965	3267	39000
1154	3483	39100
1367	2512	39100
2201	3408	39100
2485	3009	39200
1268	3284	39200
374	2767	39200
494	2849	39200
2136	2931	39200
1797	3165	39200
2117	3043	39300
413	3483	39300
1968	3139	39400
869	3135	39500
185	3191	39500
1139	2900	39600
1871	2915	39600
1224	3296	39600
467	3246	39700
783	2755	39700
2164	2527	39800
1698	2733	39800
794	2678	39800
1907	3166	39800
1278	3045	39800
13	3317	39800
1331	2890	39800
252	3159	39800
2083	3060	39800
2270	2983	39900
501	2903	39900
2340	2529	40000
1457	2929	40000
187	3236	40000
2115	3058	40000
1916	3489	40000
763	3430	40100
1555	2974	40100
614	3270	40200
903	2715	40200
2061	3322	40200
1492	2607	40300
546	2975	40300
1306	3450	40300
2446	2988	40300
1862	3253	40400
2029	3310	40400
315	2950	40500
2082	2688	40500
167	2576	40500
479	3373	40500
2436	2745	40500
2257	2943	40600
781	3014	40600
1459	2833	40700
27	2948	40700
1661	3394	40700
2082	3287	40700
2481	2505	40700
487	2601	40700
140	3390	40700
2065	2950	40800
1113	3370	40800
796	3336	40800
2387	3254	40800
1710	3135	40800
1361	3050	40800
2477	2716	40800
2300	2587	40900
1063	3246	40900
2188	3144	40900
2047	2894	40900
1423	2537	40900
1943	2833	41000
351	3194	41000
1460	3455	41000
391	2752	41000
666	3440	41000
1997	3337	41100
365	3061	41100
1496	2558	41100
936	2675	41100
2213	3120	41100
1471	2943	41200
1323	3043	41200
2392	2736	41200
416	3078	41200
863	2611	41300
410	2827	41300
1289	3398	41300
2287	3477	41300
90	2745	41300
554	2631	41400
1024	2544	41400
202	3382	41400
1148	3499	41400
1590	3493	41400
2004	2755	41400
318	3238	41500
1195	2746	41500
471	2939	41500
1663	3423	41500
892	3352	41600
433	3032	41600
2313	2545	41600
454	3330	41600
526	2558	41600
273	2988	41600
824	3101	41600
2497	2746	41700
1611	2759	41700
1912	2868	41700
528	2789	41700
2354	3155	41800
1834	2937	41800
115	3030	41800
2159	2557	41800
1321	2943	41900
1676	3324	41900
1110	3428	41900
2227	2711	42100
654	3202	42100
894	3286	42100
162	3368	42100
389	3409	42200
2408	3114	42200
2390	2854	42200
1090	2999	42200
528	2523	42200
751	2537	42200
310	2621	42300
1068	3254	42300
2171	3294	42300
1465	3356	42300
704	3337	42400
1227	3284	42400
2283	2727	42400
2192	2699	42500
1304	3303	42600
394	3255	42600
2495	2778	42600
1238	3451	42600
434	3263	42700
30	2906	42700
1978	2715	42700
68	2941	42800
2478	3416	42800
1473	3311	42800
1476	3484	42800
808	2742	42900
1701	2974	42900
291	3089	42900
677	3416	42900
653	2573	43000
1709	2626	43000
8	3070	43000
751	2933	43000
11	3278	43100
935	3102	43100
305	3078	43100
417	2888	43100
2094	3355	43100
317	2809	43200
1723	3364	43200
1762	3347	43200
1451	2652	43200
848	2861	43200
71	3140	43300
2105	2667	43300
2122	2623	43300
1059	2844	43300
932	3189	43400
1771	3277	43400
720	3027	43400
1604	3012	43600
1291	3047	43600
1557	2870	43600
2289	3019	43700
2246	3148	43700
1057	2980	43700
805	3179	43700
2277	3076	43700
1994	3124	43800
988	2809	43900
2014	2795	43900
601	2593	43900
2138	2892	43900
1432	3071	44100
2281	3388	44100
82	2597	44100
1950	3034	44100
1188	2556	44200
2079	3032	44200
2258	3330	44200
1118	3409	44200
272	2907	44200
2187	2600	44300
1475	3493	44300
993	3496	44400
2058	3450	44400
123	2512	44400
2249	3278	44500
1742	2513	44500
295	2660	44500
580	3188	44500
1915	3163	44500
2124	2732	44500
2271	2867	44500
225	2942	44700
1501	3209	44800
1954	2598	44800
2143	3162	44800
2138	3120	44800
1564	2996	44900
181	3149	44900
1031	2518	45100
616	2548	45100
2273	3208	45100
1204	3114	45100
1420	3202	45200
1945	3111	45200
1093	2848	45300
490	2797	45300
1204	2888	45300
74	2919	45300
519	3183	45300
424	2808	45300
155	2811	45400
2156	3002	45400
788	3290	45400
517	3304	45500
2112	3024	45500
2348	3277	45600
1575	3449	45700
477	2978	45700
1965	2920	45700
2076	3297	45800
2381	3274	45900
1633	3109	45900
843	3321	45900
2078	3363	46000
2311	2891	46000
649	2758	46000
2443	2744	46000
1664	3213	46000
592	2602	46100
1426	2592	46100
1222	2557	46100
355	3035	46100
749	3364	46200
1275	2567	46200
143	3199	46300
2062	2706	46300
1506	3021	46300
101	2790	46300
2273	3143	46300
321	2805	46300
2189	2989	46400
1790	2706	46500
813	2892	46500
2314	2552	46600
2100	3051	46600
2248	3157	46600
2200	2557	46600
399	2666	46700
2292	3356	46800
642	2840	46900
770	3218	46900
1745	3244	46900
1696	3249	46900
1341	3339	47000
1805	3413	47000
412	3250	47100
1811	2588	47100
43	3370	47100
601	3021	47100
1142	3433	47100
1066	2825	47200
611	2600	47300
1430	3345	47300
714	2654	47300
1504	2918	47300
909	3047	47400
2086	2777	47400
1210	3096	47600
889	3347	47600
1938	2767	47700
1375	2549	47700
754	3266	47800
1540	2913	47900
2278	2574	47900
2238	2831	47900
27	3387	48000
497	3110	48000
1727	3492	48000
1724	3431	48100
1424	2659	48300
2361	2783	48300
1870	2831	48300
2306	3144	48300
576	3052	48300
2068	3283	48500
1168	3132	48500
1485	2569	48600
2325	2795	48600
1939	2730	48600
2158	2659	48700
1733	2690	48700
2165	2825	48800
2328	2756	48900
10	3399	49000
419	3415	49000
1447	3081	49000
1812	3013	49000
1913	3418	49000
595	2856	49000
276	3449	49100
500	3420	49100
1872	3085	49200
2417	2918	49200
1448	2861	49200
323	3477	49300
1858	2949	49400
2090	2637	49400
56	3332	49400
1646	3313	49400
847	2835	49400
242	3189	49500
556	2660	49500
1989	2953	49600
338	3345	49600
28	2502	49700
308	3474	49800
985	2640	49800
2474	3107	49800
2433	3326	49900
2448	3298	49900
175	2702	50000
1828	3418	50000
1929	2799	50000
559	2588	50200
966	2867	50400
1415	3097	50400
1533	3250	50600
845	2801	50600
706	2922	50600
862	3187	50700
1906	2634	50700
866	2514	50700
1335	3203	50800
951	3243	50800
1461	3443	50900
360	2761	50900
1105	3171	50900
1663	2903	50900
1732	2680	51000
1624	3042	51000
904	2558	51000
2399	2533	51100
1019	3306	51300
99	2996	51300
1109	2516	51300
508	3392	51400
191	2715	51400
804	2758	51500
1974	2778	51500
1489	3164	51500
1708	2647	51600
2365	3199	51600
189	3057	51600
245	3379	51600
343	2758	51700
448	3264	51700
1021	2823	51700
1526	3332	51700
1271	3046	51800
1141	3157	51800
906	3177	51900
1952	3188	51900
1279	3007	52000
2495	2964	52000
1478	3068	52100
23	3322	52100
588	3453	52200
699	2659	52200
1441	3081	52200
1809	3241	52300
1399	2767	52300
1312	2613	52300
403	3021	52400
2263	2665	52400
484	2636	52500
2219	2571	52500
2028	2872	52700
2062	2807	52800
963	2851	52800
1230	2799	52800
474	3478	53000
1119	2641	53100
1472	2788	53100
421	2818	53100
842	2539	53200
655	2897	53200
1787	2774	53300
2305	3213	53300
923	3208	53300
95	2980	53400
1518	3397	53400
840	2789	53500
737	3379	53600
1551	2788	53700
1082	3076	53700
1216	2937	53800
1685	3211	53800
2420	3298	53800
465	2780	53900
2054	3119	54000
47	2851	54000
306	3444	54100
1383	3248	54200
2455	3178	54200
112	3049	54200
1747	2646	54300
142	2671	54300
1897	2692	54300
1408	3025	54600
537	3411	54600
275	2709	54600
983	3134	54600
61	3090	54600
201	2750	54600
1592	3292	54700
521	2603	54700
1113	2923	54700
1357	3239	54700
118	2905	54800
1441	2823	54800
1956	2736	55000
634	3053	55100
220	2826	55200
1078	3217	55200
2414	2713	55200
990	3432	55300
1476	3053	55300
1815	3037	55400
806	3317	55400
1327	2908	55500
725	3254	55600
2400	2546	55900
1394	2581	55900
882	2978	55900
1743	3453	56000
1218	2780	56000
1201	2730	56100
282	2925	56200
1807	3479	56200
334	3162	56300
765	3145	56400
566	3068	56400
1344	2722	56500
59	2549	56500
1080	2944	56500
1959	3283	56600
2008	2961	56600
2148	2762	56600
186	3085	56600
1379	3396	56600
775	2845	56700
722	2622	56700
764	2626	56800
610	2685	56900
1190	3004	56900
1402	3353	57000
1549	2516	57100
339	2944	57100
289	2668	57200
1347	2796	57200
1367	3490	57200
493	3225	57300
15	2753	57300
589	2947	57300
2498	2989	57300
1681	2622	57300
640	3261	57400
345	3177	57400
360	3180	57400
1927	3492	57500
1378	3357	57600
526	2626	57600
1363	3464	57600
2026	3032	57700
1895	3159	57700
1458	2921	57800
2000	3451	57800
1782	3221	57900
1154	3495	58000
1088	3476	58000
758	3446	58200
2035	3356	58300
2114	3376	58300
311	2922	58400
1142	2581	58500
466	2669	58600
1739	2598	58600
1451	3364	58600
1651	3379	58700
433	3071	58900
2092	3145	58900
1710	3045	58900
2445	2525	58900
825	3360	58900
21	3065	59000
2152	3031	59000
851	3187	59100
1166	3165	59300
335	3120	59300
1330	3125	59400
1047	2958	59500
2429	2900	59500
1206	2647	59800
55	3001	59800
2109	2570	59900
2123	3244	59900
2016	2920	59900
2259	3439	60000
236	2956	60000
1255	2849	60200
871	2777	60200
1822	3239	60200
1405	3466	60400
982	2576	60500
1322	3148	60600
1914	3148	60700
702	2945	60700
633	3165	60800
728	2678	60800
1398	3163	60800
106	3179	60900
1853	3287	60900
1346	3011	61000
457	3392	61000
1003	3097	61000
1998	3157	61000
1664	3031	61000
428	2622	61100
2128	2656	61200
1613	3292	61200
1062	3017	61300
1744	3302	61400
2332	3395	61400
799	2523	61400
117	2589	61500
288	3489	61500
2146	3468	61500
639	3417	61600
1831	3286	61700
995	3142	61900
789	3267	61900
152	2526	62000
4	2801	62000
1072	2516	62000
1827	2678	62100
119	3188	62100
1717	3159	62100
801	3339	62200
1649	3145	62200
420	3459	62300
1689	3028	62300
1529	3249	62400
625	2630	62500
2284	2640	62600
400	3074	62600
476	3445	62600
1215	2809	62700
1283	3123	62800
1024	3096	62900
1403	3179	62900
663	3233	63000
2358	3476	63000
1892	2763	63000
463	3498	63100
1799	3086	63200
1118	3177	63200
1768	3264	63300
1543	3034	63300
57	2523	63300
1911	2582	63300
89	2681	63400
173	2607	63400
88	3464	63500
963	2898	63600
2486	2835	63800
1238	3267	63900
322	2550	64100
1932	3167	64100
2097	2502	64100
1246	2856	64100
406	3283	64400
732	2608	64400
1242	3167	64400
2356	3097	64500
1825	2809	64600
856	2750	64800
668	3245	64900
1	2807	65000
2334	2581	65100
2496	3491	65100
2001	2813	65200
972	3127	65400
1960	3468	65400
2024	2917	65600
2080	2692	65600
216	2650	65600
718	3108	65700
1128	3131	65800
1143	3259	65800
1877	2586	65800
2142	2514	65800
2469	3158	65800
1061	2681	65900
2366	3079	65900
1131	2646	65900
2234	3357	66100
652	3446	66400
1484	3484	66400
1186	2670	66400
2052	2508	66800
1397	3469	67200
2403	3117	67300
170	3196	67300
833	2589	67400
2488	3480	67500
1043	3037	67600
1986	3386	67600
2150	2592	67600
1884	3389	67800
1635	2548	68000
2364	2698	68000
1083	2779	68100
2040	2818	68100
84	3288	68200
350	2648	68200
2462	3417	68300
806	2822	68400
768	2542	68400
829	3289	68500
383	2526	68600
2317	2923	68800
159	3045	68800
1841	2501	68900
580	3365	69000
914	2832	69100
1833	2725	69300
650	3089	69600
447	2782	69800
898	3301	70300
1953	2946	70500
1077	3059	70500
468	3478	70500
2416	3474	71000
2243	3289	71000
1677	3389	71200
2276	2638	71400
1297	3163	71600
956	2650	71600
220	2957	71700
2403	2624	71900
1149	2602	71900
207	3122	71900
1401	3350	72100
1524	2909	72300
595	2825	72300
2173	2806	72400
968	2543	72500
586	2778	72600
1210	2544	72700
2013	2645	72900
475	3209	72900
1198	3004	72900
900	3440	72900
1228	3175	72900
422	2634	73000
987	3168	73000
1199	3162	73000
2144	2643	73100
1	2870	73200
1558	3259	73200
2275	3224	73300
1207	3273	73300
997	2592	73500
2243	2646	73600
1972	3478	73800
94	3377	73800
379	3015	73900
606	2947	74100
65	2670	74200
1411	3377	74300
691	2899	74500
2150	2933	74500
1551	3062	74700
2288	2526	74800
2104	2621	74800
2126	3087	74900
488	2856	75000
2486	2774	75200
2010	2720	75200
286	2875	75700
1788	3032	75700
1814	2853	76100
1547	3188	76100
2472	2730	76300
1796	2509	76300
2204	3397	76400
557	2872	76600
1232	3103	76800
1301	3348	76900
1143	2921	77200
1110	2983	77300
1250	2686	77400
604	3061	77600
944	3482	77900
1941	3133	78100
2366	3308	78300
1971	2921	78800
2167	3004	78900
1636	2524	79000
537	3495	79100
1832	3246	79200
2021	2634	79300
1445	2739	79300
1316	2868	79400
1655	3053	79700
657	3443	79700
972	2889	79800
1632	2832	79900
1627	3458	79900
1090	3169	80100
1638	2514	80200
2464	2739	80400
210	2668	80400
1563	3151	80600
673	2563	80700
2181	2585	80700
1317	2992	80800
589	3482	80900
111	2863	80900
1269	3273	81100
169	2774	81400
1055	3125	81600
2471	2603	81600
100	3351	81600
1186	2750	81600
468	2835	81800
346	3415	81900
707	3151	81900
1670	2635	82000
743	3239	82000
2465	3068	82000
644	2648	82000
641	2987	82400
1742	3411	83100
2394	3422	83300
300	3332	83400
373	3131	83700
1535	3127	84400
1455	3119	84700
1091	2785	84700
179	3000	84700
2087	2899	84800
1973	2947	84900
1211	3477	84900
2063	2501	85100
1662	2830	85200
578	2838	85200
66	3382	85200
150	2931	85300
786	2940	85400
1255	3068	85500
2475	2524	85500
25	2837	85700
108	3246	86000
173	2872	86800
621	3072	86800
1310	3354	87100
620	2652	87200
464	2873	88200
144	2630	88500
204	2725	88900
730	2720	88900
157	3304	89000
1617	3105	89100
2104	2608	89200
1223	3220	89200
602	3449	90000
1610	2813	90100
578	3472	90200
45	3169	90200
369	3448	90300
2454	2946	91200
742	2957	91200
971	3368	91800
507	2624	91900
762	2796	92200
2301	3301	92500
520	2732	92700
593	3028	93000
1714	2907	93100
446	3140	93500
605	2673	93900
1935	3301	93900
2120	3114	94000
1056	3491	94200
2224	3289	94600
915	3400	94700
843	3378	94800
697	3491	95200
2224	3079	95200
2185	3264	95700
1340	3348	95800
811	3289	95800
2304	3453	96000
1263	2541	96100
1208	3308	96200
1437	3444	96200
1637	3022	96400
1616	3231	96700
2116	3160	97000
1384	3393	97300
1208	3297	97400
1515	3315	97600
598	2907	98000
1163	2784	98700
1146	2576	98900
1855	2838	99000
1725	3440	99200
1173	3440	99400
566	2802	100000
2401	2591	100500
1231	2837	100900
2027	2554	102100
1923	2595	102500
469	2501	102700
2280	3026	103800
1834	2569	104600
2301	3169	104900
2302	2844	105700
1569	2766	105800
2057	3160	106000
2443	2604	106400
2002	2803	107000
368	3242	107500
795	3063	107500
1814	3421	108000
539	2945	108300
1844	2995	108300
2402	3140	108900
1673	2791	108900
2362	2641	109200
604	2889	109300
341	3456	109900
1244	3307	110000
1545	2515	110100
1756	3316	110200
1634	2500	110200
619	3150	111300
2389	2952	111400
354	3122	111600
547	3312	111700
2191	3365	112600
430	2937	113200
127	3305	113300
2108	3328	114400
110	2553	114900
872	3094	115400
1691	3437	115900
1360	3057	116100
170	2818	116200
834	2999	116300
1662	2638	116400
1844	3377	117100
828	2762	118400
711	3312	119300
1842	2643	120100
450	2628	120300
1456	3192	121000
2051	3331	122200
2152	3331	122900
2349	2869	123200
1002	2608	123300
1766	3133	123600
2384	2677	125500
1272	2555	125800
1973	2753	125900
529	2862	126500
135	2885	127000
2434	2521	127200
1012	2855	127200
214	2562	127700
1499	3267	127900
859	2677	127900
1107	3490	128000
275	3150	129000
1246	2841	129000
1028	3272	130400
1782	2787	130500
1991	2543	130500
859	3400	130800
1066	3451	131400
1691	3134	131600
368	2822	132300
2440	3401	132300
1397	3200	133200
715	3189	133700
877	2753	133800
1272	3171	134500
1562	2786	135400
1654	2719	136900
902	3361	137300
1728	2807	137300
1944	3412	137300
970	3498	137600
221	2553	138000
761	2719	138000
123	3099	139100
563	3102	140700
292	3228	141400
689	3146	141500
1433	2597	141800
1806	2749	142200
1181	3282	145300
1983	2787	145600
366	3099	146900
1713	2875	147300
1000	2992	147500
877	3328	147500
1838	3089	149900
721	3079	151400
1129	3492	152100
1970	2782	152800
1688	3331	153000
2426	2507	153100
429	3190	154000
1505	3446	154600
98	3402	155100
793	2506	155600
304	3152	156300
1996	2744	156400
1599	3392	157100
2285	3472	157100
648	2679	157300
1678	2616	157500
1976	2781	158400
1704	2824	160400
772	3074	160400
2309	3469	160600
1382	2685	160700
1760	2995	160900
1539	3190	162500
1593	2813	162800
2457	2689	162900
753	2930	163200
739	2507	163900
949	2815	165200
1636	2662	165300
49	3419	165400
1652	3129	165900
911	2771	167400
234	3371	167700
1859	3415	167800
444	3132	167900
1145	3339	168000
2240	3066	168500
366	3492	169200
2108	3272	170000
1976	2603	170100
29	3166	170200
1177	2785	172100
440	3069	174300
744	3313	176400
1737	3094	177800
522	2802	178200
2081	3124	178400
1527	2796	178600
227	3009	179500
1137	3108	180900
1313	3097	181600
883	3228	183000
1695	3443	184600
1634	3259	185700
1026	3158	186200
1099	3001	188900
227	3241	190800
1958	3236	195800
1182	3231	197200
205	2507	198100
763	2727	198800
1990	3149	199400
306	2803	199900
852	3487	201800
1572	3061	204100
1632	3361	204200
1059	2766	204200
1507	3131	205000
561	3317	205900
356	2976	207400
1236	2677	207600
168	3022	208200
1624	3485	208300
2221	2876	208400
615	2958	210200
780	2909	210800
1990	2902	211400
1752	3156	211500
2120	3359	211500
182	2666	214200
1713	2882	214500
850	3074	216600
2251	2601	216700
1880	3061	217900
2080	2614	219400
1725	2664	222000
2291	2902	222600
829	3313	223600
459	2931	223900
52	2763	224400
1042	2520	226700
900	3456	227000
1116	3146	227900
1845	2865	228400
1450	2773	231300
1565	2760	231900
425	3458	232300
1715	3415	232400
1450	2577	234500
1684	2690	235600
1193	3413	236100
803	3485	236300
1724	3079	236300
795	2605	236500
1945	3061	237200
179	3402	238000
2227	2967	238600
2229	3108	239700
301	2803	239700
1897	2591	243000
1934	3220	244100
1967	2684	246400
168	3485	247700
1347	3469	248500
229	2563	248600
1104	3222	251600
1520	3181	253400
1631	2863	254800
505	2574	255300
1586	2792	255500
