243	2538	200
2395	2951	200
2386	2820	200
1772	3201	200
1601	2547	200
435	2947	200
2225	2830	200
1457	2928	200
138	3351	200
2274	3305	200
2445	2888	200
2489	3191	200
1603	2782	200
1646	3476	200
348	2664	200
1353	3316	200
2316	2863	200
1835	3489	200
2215	3080	200
2347	3441	200
475	3296	200
1495	2899	200
833	2959	200
2405	2506	300
1676	2560	300
418	2891	300
1232	3453	300
760	3474	300
296	3496	300
1680	2661	300
495	3116	300
1504	3325	300
371	3018	300
2191	2973	300
2169	3208	300
608	3447	300
24	3220	300
2119	2719	300
2411	2525	300
2143	3272	300
545	2592	300
761	3265	300
1634	2972	300
2478	2816	300
63	2814	300
1594	3343	300
2288	2501	300
1972	2980	300
2344	3445	300
1475	3261	300
2322	2653	300
1738	3019	300
809	2646	300
1568	2780	300
104	2950	300
2057	3478	300
730	3002	300
2133	2685	300
2347	3053	400
161	2515	400
2076	3254	400
698	3430	400
2329	2698	400
2115	3303	400
596	3038	400
979	3426	400
1520	3436	400
2177	2783	400
1261	3453	400
1585	2689	400
1142	2859	400
1038	3334	400
1054	3455	400
1786	2688	400
652	2960	400
887	2907	400
858	2604	400
36	3136	400
2255	3092	400
1117	2857	400
643	2816	400
2338	3435	400
2497	3468	400
74	2673	400
473	2697	400
2251	2748	400
593	3148	400
1045	2683	400
1554	2674	500
623	3232	500
634	3026	500
1492	2895	500
1957	3071	500
2361	2939	500
2149	2700	500
1195	3387	500
309	2734	500
2180	2957	500
522	2668	500
1941	2656	500
1368	3059	500
2421	3036	500
247	3439	500
933	3217	500
238	3383	500
1636	2524	500
1952	3485	500
532	3440	500
78	3328	500
1441	2608	500
2410	3281	500
2125	2609	500
772	2690	500
740	3277	500
880	2780	500
2240	2607	500
386	3267	500
1318	2766	500
1717	2860	500
853	3462	500
1137	2606	500
1784	2852	500
708	3121	500
91	3154	600
1605	2682	600
1616	3231	600
1317	3415	600
2258	2714	600
1075	2649	600
657	3335	600
1545	2901	600
1036	3438	600
1302	3134	600
1287	3353	600
2429	3082	600
1763	3413	600
238	2733	600
411	3158	600
485	3164	600
1006	2781	600
1070	2887	600
568	2571	600
2121	3491	600
2341	2760	600
700	2805	600
890	2782	600
112	3350	600
2384	2795	600
1775	2585	600
756	3001	600
1087	2989	600
785	2852	600
2134	3279	600
2344	2570	600
951	3017	600
1381	2629	700
560	3231	700
494	2560	700
557	2572	700
676	3348	700
1698	3496	700
895	3059	700
2239	3287	700
1339	3432	700
1624	2581	700
1028	3021	700
72	2686	700
650	3108	700
540	2916	700
1100	2750	700
2326	3423	700
1108	2509	700
1338	2542	700
1430	2684	700
2056	3310	700
516	3224	700
1186	3315	700
1685	3146	700
183	3435	700
1019	3296	700
861	2505	700
2394	3390	700
1977	3468	700
2372	2769	700
1420	3313	700
1519	3037	800
1519	2738	800
1071	3335	800
669	3454	800
1399	3274	800
1608	2689	800
472	3450	800
263	3494	800
642	3270	800
2363	3312	800
2455	2524	800
1129	3497	800
441	3141	800
2298	2924	800
1518	2733	800
2368	3418	800
1737	2799	800
1363	3051	800
1836	2866	800
2139	2637	800
1686	3260	800
787	2795	800
732	2657	800
484	3480	800
549	2501	800
1462	3105	800
1987	2621	800
2364	3046	800
1886	2695	800
1309	2535	800
1244	2716	800
161	3095	800
574	3259	900
1962	2670	900
1221	3139	900
2230	3291	900
93	3494	900
2180	2945	900
1730	2548	900
1818	2923	900
1744	3167	900
726	2990	900
1513	3459	900
2033	2847	900
1816	3477	900
579	2910	900
1079	2838	900
542	3092	900
935	2907	900
1777	2604	900
500	2728	900
1334	2797	900
1990	3117	900
1238	3207	900
1590	2828	900
1105	3400	900
1016	3345	900
857	2722	1000
1980	3314	1000
470	2793	1000
11	2833	1000
2110	3386	1000
1471	3438	1000
32	2871	1000
1875	2689	1000
20	2762	1000
603	2908	1000
2197	2873	1000
1245	3022	1000
7	3090	1000
1011	3150	1000
1958	2837	1000
359	2916	1000
911	2626	1000
2403	3356	1000
1622	2885	1000
122	3108	1000
1303	2839	1000
2266	3262	1000
1014	3342	1000
645	2522	1000
1039	2704	1000
461	3313	1000
393	3139	1000
2449	3087	1100
2449	3105	1100
1315	3100	1100
618	3073	1100
468	3161	1100
891	2591	1100
1227	2714	1100
635	3166	1100
2272	3128	1100
1951	2990	1100
2279	3367	1100
47	2520	1100
1325	3022	1100
2296	2702	1100
1331	3333	1100
275	2705	1100
526	2544	1100
1260	3150	1100
323	2837	1100
1246	3491	1100
1259	2806	1100
974	2861	1100
1153	3401	1100
766	2576	1100
428	3117	1100
1345	3261	1100
1983	2534	1100
1484	2881	1100
403	3004	1200
1464	2790	1200
1959	3107	1200
2156	2591	1200
1815	2859	1200
2141	2598	1200
210	3436	1200
1736	2871	1200
1564	2510	1200
2461	2831	1200
1668	3058	1200
1931	3485	1200
489	3208	1200
613	3461	1200
936	2559	1200
755	2956	1200
1904	3092	1200
1238	3001	1200
2396	3322	1200
1219	2933	1200
1771	3230	1200
1771	2621	1200
1013	2843	1200
2357	3210	1200
1529	2518	1200
634	2843	1300
2369	3026	1300
2023	3004	1300
1866	2969	1300
1937	3443	1300
146	2611	1300
28	3045	1300
1527	3466	1300
995	2551	1300
1710	2630	1300
1242	3056	1300
1762	3414	1300
115	2785	1300
659	2924	1300
558	2542	1300
2473	2706	1300
185	3001	1300
317	3427	1300
300	3332	1300
2342	2540	1300
2200	3196	1300
2367	2527	1300
97	3310	1300
386	3410	1300
1898	3087	1300
2328	3053	1300
2400	2835	1300
224	2950	1300
1615	3428	1300
1708	3198	1400
725	3004	1400
815	3425	1400
1877	3452	1400
1870	2519	1400
1326	3167	1400
682	3334	1400
1176	2996	1400
590	2882	1400
1176	2928	1400
1255	2749	1400
1241	2799	1400
1177	3208	1400
600	3471	1400
644	3264	1400
372	2715	1400
1722	2710	1400
943	2505	1400
940	2624	1400
985	2854	1400
1055	2575	1400
901	3017	1400
337	2647	1400
1180	3239	1400
844	2685	1400
871	2845	1400
2386	2746	1500
1197	2603	1500
2167	3428	1500
1823	2640	1500
1926	3218	1500
2426	2514	1500
2218	2969	1500
225	2734	1500
832	3450	1500
2048	2909	1500
208	2547	1500
1257	2590	1500
29	3483	1500
1271	3065	1500
1368	3354	1500
2299	2545	1500
1924	3251	1500
2472	2798	1500
792	2832	1500
1376	2873	1500
724	3385	1500
967	3094	1500
2460	3374	1500
1005	3296	1500
783	2505	1500
422	2877	1600
1305	3225	1600
502	3269	1600
1386	2714	1600
1611	2784	1600
553	2574	1600
27	2948	1600
1190	2573	1600
1606	3429	1600
1956	3294	1600
1931	3299	1600
2447	3172	1600
2238	3272	1600
1754	2799	1600
1231	2792	1600
1335	3124	1600
1079	2930	1600
1684	2907	1600
1007	3240	1600
1669	2806	1600
824	3255	1600
771	2642	1600
2003	2628	1600
1594	2818	1600
2310	2980	1600
1574	2987	1600
1131	3283	1600
333	2877	1700
71	3284	1700
609	2593	1700
1033	2590	1700
1179	3235	1700
457	3452	1700
1518	3190	1700
123	3074	1700
2273	3022	1700
1651	3217	1700
1248	2671	1700
1429	3446	1700
821	2988	1700
306	2684	1700
476	3169	1700
592	3229	1700
2267	2841	1700
898	2985	1700
1911	3017	1700
2301	3345	1700
224	3121	1700
493	2681	1700
1068	3428	1700
678	2909	1800
1648	2886	1800
1370	2651	1800
1474	2633	1800
2253	3139	1800
1252	3278	1800
515	3125	1800
2202	3029	1800
1348	2809	1800
826	3414	1800
2088	2586	1800
56	2688	1800
1588	3309	1800
977	3281	1800
1473	3047	1800
2204	3204	1800
1995	3492	1800
271	3488	1800
768	3264	1800
2484	2618	1800
707	3206	1800
1103	2861	1800
288	3401	1800
2407	2987	1800
1488	3376	1800
375	2628	1800
452	2766	1800
718	2665	1800
338	3221	1800
972	3259	1800
166	2920	1800
618	2810	1900
70	2777	1900
116	2835	1900
1096	2603	1900
1713	3393	1900
1630	3438	1900
1723	3454	1900
2092	3308	1900
968	3465	1900
2421	2630	1900
13	2830	1900
2009	3048	1900
1940	3276	1900
202	3446	1900
1441	3328	1900
1645	2753	1900
803	3020	1900
542	2930	1900
2351	2804	1900
1448	3193	1900
50	2559	1900
861	2532	1900
1871	3077	1900
476	2540	1900
326	3410	1900
909	3087	1900
814	3230	1900
1534	3200	1900
2381	2903	1900
1635	3404	2000
1615	3361	2000
1728	2645	2000
511	2783	2000
1532	2639	2000
286	3483	2000
351	3248	2000
1639	3465	2000
2465	3273	2000
575	3466	2000
981	2802	2000
2300	2625	2000
923	3347	2000
2434	2520	2000
526	3170	2000
779	2677	2000
2415	3457	2000
1015	3051	2000
171	3030	2000
467	2754	2000
2473	2532	2000
2481	2576	2000
1912	3359	2000
423	3080	2000
862	3441	2000
2135	3041	2000
2448	2904	2000
738	2600	2100
910	2889	2100
1694	2774	2100
2049	2921	2100
2373	2929	2100
1778	2632	2100
1908	2947	2100
654	3417	2100
710	3273	2100
649	2503	2100
1106	3147	2100
425	2824	2100
986	2559	2100
1912	2856	2100
2240	3352	2100
829	3165	2100
33	2635	2100
95	2556	2100
1485	2716	2200
434	2834	2200
2122	2731	2200
1993	2942	2200
1679	2531	2200
2303	2514	2200
1878	3487	2200
342	2948	2200
2041	2880	2200
212	2785	2200
2281	3481	2200
1152	3170	2200
517	3212	2200
1416	2610	2200
2008	3126	2200
825	3360	2200
2004	3255	2200
824	2981	2200
2335	3475	2200
260	3292	2200
528	2664	2200
1174	2755	2200
565	3105	2300
1020	3225	2300
2163	2562	2300
1294	3107	2300
2297	3331	2300
2406	2836	2300
296	3442	2300
1300	2680	2300
610	3453	2300
13	2796	2300
2210	2588	2300
621	2569	2300
324	3236	2300
259	3188	2300
1595	3191	2300
992	3341	2300
2054	2527	2300
799	3345	2300
1056	3310	2300
2418	3120	2300
1069	3451	2300
170	3196	2300
1309	2501	2300
1228	3023	2300
2118	2535	2300
69	2920	2300
1584	3293	2400
2494	2774	2400
1020	2746	2400
1695	2891	2400
29	3015	2400
1908	2775	2400
361	2928	2400
2299	3203	2400
774	2882	2400
66	3168	2400
420	2813	2400
1026	3301	2400
2207	2778	2400
1263	3460	2400
427	3075	2400
1684	3401	2400
319	2857	2400
283	3300	2400
1748	3311	2400
1543	2523	2400
176	3444	2400
1807	3464	2400
1132	2607	2400
1580	2650	2400
65	2505	2400
879	2615	2400
423	3427	2400
2366	3076	2400
960	3196	2400
388	3339	2500
1377	3393	2500
2275	3454	2500
685	2767	2500
636	2834	2500
1578	2802	2500
1941	3466	2500
175	3006	2500
1839	3134	2500
2199	3407	2500
690	2930	2500
1396	2509	2500
2112	2754	2500
2450	2532	2500
1008	2592	2500
1430	2601	2500
2450	3252	2500
330	3257	2500
733	3277	2500
2085	2556	2500
2391	3159	2500
1617	2927	2600
1874	3293	2600
793	2517	2600
2369	3226	2600
1843	2932	2600
2071	3181	2600
2325	2877	2600
715	3337	2600
1609	3234	2600
2043	3425	2600
2235	2548	2600
1155	2901	2600
2472	2579	2600
525	2574	2600
1878	3458	2600
679	2696	2600
100	2530	2600
1705	2867	2600
1614	2713	2600
1765	2960	2600
23	2936	2600
2223	2566	2600
1796	2897	2600
1981	2821	2600
1981	2764	2600
602	3257	2600
1073	2724	2600
1081	3300	2600
2289	2550	2600
2213	3480	2600
120	3214	2600
1664	2653	2600
1359	2912	2700
228	2872	2700
633	2620	2700
177	2790	2700
1687	2640	2700
2471	3331	2700
117	2734	2700
162	2827	2700
1327	3003	2700
364	2692	2700
1392	3325	2700
415	2848	2700
119	2838	2700
779	3395	2700
1048	3319	2700
1499	3365	2700
1974	2618	2700
167	3262	2700
148	2628	2700
2348	2601	2700
2096	2559	2700
145	2690	2700
1320	3019	2700
284	2854	2700
399	2937	2700
1592	3263	2700
2294	3226	2800
536	3154	2800
190	2691	2800
574	2655	2800
333	3391	2800
1408	3227	2800
735	2699	2800
653	2772	2800
663	3436	2800
553	2678	2800
1920	2656	2800
543	2569	2800
2376	2880	2800
1123	3219	2800
1389	3411	2800
1468	3048	2800
752	2960	2800
2430	3394	2800
580	2838	2800
1287	2630	2800
1853	2805	2800
1233	2728	2800
1241	3448	2800
1652	3385	2800
300	3260	2800
1828	3126	2800
1893	3319	2800
2095	3460	2800
569	3327	2800
235	3462	2800
2082	3332	2800
1182	3464	2800
996	2740	2800
938	3049	2800
1885	3470	2800
57	3109	2900
2137	3249	2900
626	2620	2900
509	2659	2900
658	3016	2900
378	3079	2900
2218	3116	2900
923	2669	2900
1522	3006	2900
1091	2805	2900
279	3247	2900
144	2608	2900
1023	3328	2900
1211	2719	2900
990	3084	2900
969	2763	2900
2314	3498	2900
298	2666	2900
2407	2701	2900
1443	2897	2900
1655	2657	2900
382	2789	2900
888	2912	2900
593	3404	2900
1535	3313	2900
1013	2739	2900
329	2953	3000
617	3371	3000
778	3216	3000
2244	3242	3000
1562	2613	3000
1883	3149	3000
2064	3394	3000
533	3036	3000
334	2988	3000
1561	2583	3000
272	2750	3000
1526	3355	3000
1034	2915	3000
1277	2815	3000
2100	3070	3000
1216	2576	3000
2377	2500	3000
2150	2540	3000
1568	2818	3000
651	3489	3000
1743	3469	3000
1938	3444	3000
2032	2904	3000
1792	3161	3100
2307	3469	3100
89	2595	3100
2049	2786	3100
70	3182	3100
820	2572	3100
1579	2712	3100
1598	2654	3100
1890	2623	3100
1347	2802	3100
58	3042	3100
508	2934	3100
525	2553	3100
1135	2688	3100
877	2652	3100
1657	3272	3100
1647	2851	3100
701	2999	3100
2368	3074	3100
50	3035	3100
870	3296	3100
2081	2985	3100
706	2984	3100
143	2787	3100
836	2515	3100
551	3250	3200
2308	2843	3200
1861	3095	3200
611	2649	3200
728	3134	3200
1470	3058	3200
2117	2970	3200
1086	2530	3200
2209	3389	3200
1829	3245	3200
416	2747	3200
2351	3206	3200
786	3395	3200
1103	3318	3200
1465	2532	3200
77	3163	3200
2266	2852	3200
2320	2500	3200
1124	2795	3200
65	2766	3200
2224	3451	3200
381	2787	3200
549	2535	3200
285	2950	3200
2307	3088	3200
1162	2971	3300
43	2761	3300
105	3372	3300
2457	2712	3300
1500	2931	3300
262	3466	3300
2077	3093	3300
2019	2751	3300
1815	2901	3300
616	3455	3300
1969	2822	3300
1946	3216	3300
2145	2849	3300
2024	2693	3300
816	2549	3300
202	2813	3300
666	3440	3300
469	2973	3300
400	3084	3300
921	3246	3300
1600	3341	3300
1201	3327	3300
1820	2676	3300
1246	2719	3300
2056	3156	3300
1475	2624	3300
1165	2589	3300
1758	3250	3300
812	2723	3300
60	2925	3400
44	3232	3400
2099	3167	3400
916	2992	3400
295	2772	3400
474	2587	3400
1744	3274	3400
1620	2859	3400
948	2918	3400
1325	3039	3400
1511	2530	3400
1692	2512	3400
380	3488	3400
1992	3338	3400
45	3178	3400
114	3099	3400
969	2566	3400
2437	2509	3400
788	2938	3400
1833	2902	3400
490	2582	3400
74	3019	3400
1488	2984	3400
1849	2854	3400
2086	2810	3400
2133	2937	3400
1508	2526	3500
1284	3241	3500
709	2547	3500
2036	2800	3500
2141	2974	3500
959	2802	3500
439	2588	3500
349	2855	3500
1877	2709	3500
749	2652	3500
2436	3342	3500
291	3245	3500
554	3352	3500
1174	3266	3500
493	3161	3600
1077	3361	3600
657	3372	3600
481	3065	3600
1265	3131	3600
198	2502	3600
742	2940	3600
2166	3078	3600
464	3236	3600
1668	2997	3600
1805	3272	3600
805	3285	3600
1233	3396	3600
114	2792	3600
935	2978	3600
2094	2861	3600
2498	2964	3600
2018	3070	3600
249	2811	3600
2151	2507	3600
962	3121	3600
722	2983	3600
1237	2600	3700
308	3308	3700
1984	2974	3700
597	2703	3700
681	2772	3700
1051	3003	3700
1212	2516	3700
1112	2853	3700
313	3144	3700
599	2564	3700
1313	2916	3700
1223	3491	3700
1015	3057	3700
2332	2676	3700
1567	2525	3700
2037	2989	3700
2495	2745	3700
2366	3359	3700
1502	3310	3700
1316	3479	3700
1988	2646	3700
857	2975	3800
1629	3100	3800
851	2511	3800
1792	3198	3800
2043	2943	3800
1873	3329	3800
1699	2627	3800
1033	3006	3800
895	3487	3800
2027	3472	3800
2128	2893	3800
1063	2752	3800
400	2558	3800
1621	3475	3800
2083	2861	3800
2464	3401	3800
2061	3493	3800
398	3311	3800
1773	3077	3800
951	3238	3800
1618	2789	3800
1999	2971	3900
734	2872	3900
1794	2951	3900
210	3248	3900
28	3096	3900
1300	2783	3900
1920	3466	3900
188	3131	3900
855	3085	3900
2458	3340	3900
61	2530	3900
1496	2663	3900
548	3423	3900
646	3047	3900
1650	2636	3900
674	3493	3900
1352	2612	3900
1696	3468	3900
1558	3165	3900
554	2683	3900
414	3083	4000
2172	2515	4000
893	2895	4000
118	2827	4000
342	2689	4000
1371	2751	4000
212	2991	4000
530	2597	4000
128	3204	4000
1434	2702	4000
1260	2577	4000
272	3098	4000
1391	2615	4000
160	3343	4000
452	2505	4000
827	3406	4000
442	3121	4000
562	3079	4100
1850	3119	4100
1966	3453	4100
275	2935	4100
1058	2581	4100
2197	2693	4100
407	2536	4100
1565	2735	4100
1076	2890	4100
1547	2930	4100
121	3153	4100
1091	2999	4100
1557	3492	4100
1365	3069	4100
831	3094	4100
344	3243	4100
499	2636	4100
2243	3122	4100
1572	2803	4100
48	3104	4100
2105	3091	4100
591	2570	4100
1466	3032	4200
1478	2761	4200
714	3016	4200
1399	3083	4200
2098	2640	4200
495	2668	4200
133	3413	4200
1212	3467	4200
2073	3421	4200
1705	2512	4200
345	3485	4200
2415	2765	4200
544	3190	4200
1144	2509	4200
214	2507	4200
14	3159	4200
1110	2740	4200
1239	2842	4200
2046	2567	4200
1235	3112	4200
2039	2789	4200
383	3068	4300
265	3125	4300
577	2638	4300
131	2742	4300
1072	2649	4300
2164	3372	4300
2317	2528	4300
1051	2504	4300
325	2596	4300
2264	2521	4300
150	2876	4300
94	2765	4300
2129	3205	4300
167	2861	4300
2411	2500	4300
305	3473	4300
252	3129	4300
256	3464	4300
1925	3014	4300
1345	3146	4300
1236	3157	4300
2456	2998	4300
2085	3028	4300
1213	2932	4300
1476	3161	4400
640	3237	4400
1452	3278	4400
367	3254	4400
295	2947	4400
1037	3182	4400
360	3197	4400
1119	2571	4400
1768	2822	4400
2362	3419	4400
302	2662	4400
1942	3000	4400
2269	2824	4400
235	3211	4400
2031	2707	4400
1863	2841	4400
1218	2683	4400
1274	3009	4400
1616	2786	4500
1474	2951	4500
410	2905	4500
1516	3274	4500
535	2896	4500
219	3362	4500
1897	3042	4500
1521	2853	4500
519	2725	4500
1216	3258	4500
1286	2915	4500
811	2841	4500
473	3011	4500
1997	2645	4600
1041	3176	4600
1037	3495	4600
2111	3459	4600
2097	2974	4600
881	3472	4600
845	2773	4600
1282	3347	4600
218	2725	4600
1092	2764	4600
257	2870	4600
383	2889	4700
1932	3173	4700
1701	3308	4700
2272	3436	4700
2385	2554	4700
2030	2862	4700
786	3007	4700
1412	2973	4700
24	2582	4700
2350	3157	4700
567	2983	4700
1797	3213	4700
1315	2966	4800
1428	2529	4800
931	2517	4800
1206	3025	4800
2079	3346	4800
1280	3010	4800
669	2840	4800
2127	2504	4800
1583	2533	4800
522	2520	4800
125	3455	4800
527	2571	4800
73	2804	4800
2431	3193	4800
2267	2552	4800
2120	2666	4800
941	3402	4800
249	2894	4800
1748	2816	4800
531	2808	4800
1341	3261	4800
16	2589	4800
1428	2886	4900
739	3302	4900
101	2560	4900
1101	3189	4900
1340	3384	4900
2027	2948	4900
2397	2692	4900
1832	2884	4900
25	2675	4900
1375	3457	4900
504	3072	4900
904	2858	4900
982	3416	4900
1817	3117	4900
1137	2619	4900
1476	2843	4900
2231	2912	5000
584	2817	5000
1850	2543	5000
1999	2699	5000
159	2895	5000
1943	2625	5000
1699	3192	5000
457	3430	5000
322	3384	5000
2306	3018	5000
2132	2960	5000
1477	3219	5000
693	3188	5000
1159	3378	5000
59	2726	5000
53	3333	5000
501	3448	5000
1256	2892	5000
1781	2958	5000
997	3479	5000
1717	2711	5000
999	2803	5000
455	2697	5100
1930	2820	5100
1111	2909	5100
1522	3015	5100
745	2678	5100
2166	3093	5100
343	3323	5100
2064	2913	5100
993	2908	5100
1278	2693	5100
1454	2743	5100
1952	3299	5100
673	3471	5100
1979	2977	5100
1936	2848	5100
1229	3072	5100
2080	3448	5100
1610	2618	5100
807	2687	5100
1355	3345	5100
1598	2731	5200
1067	3273	5200
2233	2849	5200
1970	2749	5200
1832	2752	5200
171	3407	5200
2478	2866	5200
1994	2797	5200
781	3156	5200
1169	2599	5200
2114	2651	5200
1980	2679	5300
1193	3415	5300
12	2640	5300
2477	3118	5300
676	3286	5300
1896	3192	5300
649	2974	5300
2005	2934	5300
1183	2832	5300
195	2908	5300
541	3366	5300
1979	2997	5300
158	3245	5300
4	3420	5300
1286	3316	5300
1769	3290	5300
1259	3258	5300
1782	2944	5300
1423	3034	5300
256	3410	5300
844	3031	5300
107	3044	5300
1162	3293	5400
575	3370	5400
2116	3280	5400
1768	2667	5400
234	3349	5400
1463	2597	5400
420	3457	5400
1939	2730	5400
1201	3418	5400
2482	2825	5400
229	3373	5400
1388	2710	5400
2211	3350	5400
1318	3306	5400
1950	3034	5400
1381	3112	5400
60	2620	5500
698	3182	5500
804	2878	5500
1467	2891	5500
1104	2847	5500
199	3242	5500
2453	2831	5500
1086	2733	5500
1872	2918	5500
1969	3317	5500
1160	3397	5500
53	3446	5500
2050	2954	5500
904	2626	5500
55	3172	5500
2438	2825	5500
615	2892	5500
2255	2641	5500
443	3238	5500
982	2769	5500
2379	2741	5500
972	2695	5500
1508	2965	5500
1576	2962	5500
1491	3364	5600
483	2847	5600
2104	2988	5600
2273	3039	5600
1266	3378	5600
580	3299	5600
1769	2684	5600
147	3175	5600
1596	3473	5600
317	3298	5600
1666	2994	5600
1484	2631	5600
1825	3479	5600
2260	2635	5600
31	3431	5600
2480	2971	5700
140	3213	5700
984	3235	5700
1510	3413	5700
978	2862	5700
902	2692	5700
1783	2660	5700
2000	3033	5700
2436	2825	5700
1445	3175	5700
581	2972	5700
1217	2706	5700
1669	2592	5700
2200	2863	5700
2002	3111	5700
290	2787	5800
431	3223	5800
577	2651	5800
22	3187	5800
596	3430	5800
1393	3107	5800
694	3284	5800
2439	2829	5800
469	3099	5800
2010	3000	5800
605	3040	5800
1032	2676	5800
1569	2821	5800
1749	2585	5800
1887	3263	5800
831	2732	5800
1337	3316	5800
1406	2958	5800
723	2842	5800
1640	2685	5800
329	2905	5900
633	3463	5900
1819	3450	5900
1510	2941	5900
182	3354	5900
628	3236	5900
566	2668	5900
2244	2553	5900
364	3185	5900
1985	2956	5900
2482	2555	5900
721	3289	5900
1726	2600	6000
2353	2784	6000
2440	3110	6000
336	3334	6000
589	3305	6000
2271	2982	6000
1436	2778	6000
1631	2890	6000
504	3097	6000
592	2601	6000
498	3086	6000
1253	3041	6000
1489	3200	6000
1675	3009	6000
1025	2739	6100
2012	2757	6100
819	3176	6100
2404	3198	6100
10	3274	6100
2048	3381	6100
1804	2829	6100
2479	3349	6100
1024	3135	6100
794	3490	6100
2165	2779	6100
850	2558	6100
547	3177	6100
1254	3124	6100
834	2748	6100
2378	3067	6100
1633	2787	6200
1	2976	6200
1966	3354	6200
26	3413	6200
1093	3459	6200
662	2762	6200
2072	2524	6200
561	3141	6200
459	2602	6200
144	3072	6200
1360	3020	6200
2433	3326	6200
109	2770	6200
453	2539	6200
2250	3041	6200
790	3200	6200
1633	3154	6300
248	2872	6300
1507	2655	6300
1322	2572	6300
1656	2772	6300
129	2678	6300
672	3317	6300
1433	3471	6300
1628	3152	6300
2001	3033	6300
768	3084	6300
1887	3101	6300
1481	3376	6300
808	2856	6300
2118	3214	6300
720	2865	6300
1105	3019	6300
1556	3196	6300
1258	3363	6400
1902	3127	6400
817	3393	6400
146	3278	6400
1491	3096	6400
2033	2639	6400
855	3179	6400
115	2991	6400
175	3256	6400
2382	2660	6400
456	2586	6400
96	3097	6400
2089	2536	6400
1840	3499	6400
1697	2726	6400
3	3328	6400
2451	3451	6400
2109	3129	6400
1933	2607	6400
664	3280	6500
1071	2840	6500
1111	3403	6500
1984	2878	6500
2423	2516	6500
1394	3144	6500
2429	3417	6500
1078	2999	6500
1100	3092	6500
2015	2779	6500
2160	2708	6500
233	3070	6500
2340	3479	6500
1169	3014	6500
426	3165	6500
328	3174	6500
127	2546	6500
1341	3091	6500
2323	2591	6600
1455	2783	6600
1285	3133	6600
99	3349	6600
471	2995	6600
753	2976	6600
17	3481	6600
1276	3233	6600
1910	2752	6600
1088	3114	6600
1164	2666	6600
795	3103	6600
1977	3060	6600
1881	3014	6600
1536	3174	6600
1824	3017	6600
499	2575	6600
946	3249	6600
1236	2952	6600
1167	2723	6700
661	3154	6700
1703	3454	6700
2283	3425	6700
2388	2802	6700
2206	3295	6700
2439	3426	6700
1326	3042	6700
1963	3145	6700
1982	3066	6700
906	3409	6700
1211	2837	6700
806	2720	6700
1803	3206	6700
1972	2541	6700
465	3023	6700
1489	2717	6700
2232	3422	6700
1708	3012	6800
2476	2625	6800
1101	2658	6800
1932	3354	6800
247	2918	6800
1392	3039	6800
371	3413	6800
1122	2960	6800
1171	3497	6800
866	2610	6800
1319	3047	6800
818	2954	6800
299	2617	6800
827	2846	6800
2002	3422	6800
925	3137	6900
2282	3029	6900
157	3078	6900
932	3467	6900
270	3316	6900
1256	2525	6900
394	2715	6900
426	2964	6900
1750	2566	6900
2262	3077	6900
183	2628	6900
880	2818	6900
2109	3019	6900
842	3408	6900
980	3112	6900
1799	2886	6900
1328	3053	6900
2305	2653	6900
1235	2538	7000
770	2886	7000
699	2840	7000
1115	3433	7000
1742	3291	7000
1856	3336	7000
1459	2941	7000
711	2855	7000
1060	2935	7000
2296	3276	7000
1397	2686	7000
1099	2730	7000
148	3243	7000
613	2914	7000
253	2666	7000
492	2994	7000
1258	3137	7100
648	3116	7100
374	3128	7100
1459	3016	7100
2101	2993	7100
2122	2587	7100
658	3096	7100
2487	3106	7100
1800	3023	7100
2357	2842	7100
1388	3215	7100
811	2552	7100
2356	2631	7100
1830	3194	7200
2067	2550	7200
1452	3032	7200
735	3324	7200
905	2986	7200
2334	2796	7200
396	3144	7200
191	2898	7200
126	2908	7200
496	2791	7200
1431	2884	7200
1653	3047	7200
2379	3230	7200
1343	2631	7200
1224	2681	7200
775	3063	7200
290	3109	7300
1213	3314	7300
1524	2896	7300
2427	2638	7300
2321	2859	7300
1210	3142	7300
583	3110	7300
622	2688	7300
1411	3477	7300
510	2753	7300
547	3062	7300
687	2745	7300
1352	3332	7300
2057	2950	7300
661	3011	7400
2176	2886	7400
1424	2774	7400
2424	3463	7400
1179	3232	7400
2412	2993	7400
1679	3369	7400
805	2677	7400
579	2713	7400
122	2813	7400
532	3457	7400
72	3024	7400
2131	3396	7400
1967	2725	7400
1812	2582	7400
1263	3193	7400
518	2670	7400
692	2647	7400
1752	3113	7400
1272	2711	7400
900	3213	7400
1514	2931	7500
2198	2614	7500
1894	2736	7500
2491	2616	7500
1276	3131	7500
404	2530	7500
2333	3300	7500
1556	2546	7500
1534	3480	7500
2468	3422	7500
975	3283	7500
565	2794	7600
1113	2812	7600
1729	3254	7600
511	2680	7600
1455	3133	7600
2453	2801	7600
471	2521	7600
430	2749	7600
1140	3294	7600
1189	3340	7600
1538	3382	7600
759	3092	7600
1358	3304	7600
631	2710	7600
937	2994	7600
1575	3463	7700
1957	3032	7700
397	3004	7700
1527	3370	7700
1067	3482	7700
1896	2627	7700
1202	2584	7700
1497	2907	7700
1658	3171	7700
938	2816	7700
2201	3408	7700
2390	2748	7700
717	3104	7800
562	2689	7800
1831	2614	7800
322	2800	7800
2059	2667	7800
7	3195	7800
2341	3153	7800
1247	3265	7800
2481	3129	7800
304	2879	7800
1949	3100	7800
2270	2842	7800
2017	3431	7800
1852	2975	7900
436	2794	7900
1095	3121	7900
2276	2877	7900
1252	2611	7900
1268	3119	7900
991	2864	7900
905	3043	7900
2127	3003	7900
2030	2590	7900
2136	3253	7900
2256	3437	7900
474	2643	7900
1986	3458	7900
2406	3371	7900
1339	3273	7900
537	3168	7900
449	3085	7900
1593	3326	7900
1332	3208	7900
641	3473	7900
450	2732	7900
307	2711	7900
2135	2529	7900
1540	2759	8000
2442	2572	8000
2334	2923	8000
2446	2917	8000
1120	2718	8000
764	3421	8000
683	3429	8000
1547	3492	8000
2396	3435	8000
173	3489	8000
1044	2522	8000
227	2668	8100
505	2923	8100
606	2940	8100
1102	3398	8100
2327	2671	8100
489	3420	8100
1901	3447	8100
1600	3108	8100
2189	3262	8100
917	2912	8100
512	2975	8200
434	3368	8200
286	3015	8200
1661	3330	8200
1512	2702	8200
1749	3356	8200
2083	3350	8200
1577	3129	8200
41	2557	8200
2359	3289	8200
1192	3470	8300
623	2543	8300
1964	3393	8300
1542	2742	8300
27	3472	8300
976	2588	8300
1788	2672	8300
2458	2759	8300
126	2758	8300
1614	2910	8300
98	2715	8300
2108	3246	8300
340	3258	8300
534	2984	8300
808	2636	8300
311	3196	8300
455	3011	8400
1555	2506	8400
356	2716	8400
2187	2931	8400
832	2554	8400
1713	3008	8400
1826	2859	8400
957	3162	8400
1011	3423	8400
1802	3117	8400
896	2695	8400
809	2550	8400
412	2629	8500
2276	2526	8500
2062	2717	8500
2154	2903	8500
2052	3269	8500
1264	3242	8500
1654	3003	8500
1770	2885	8500
625	2720	8500
1090	3479	8500
2205	2871	8600
1623	2714	8600
1548	3497	8600
1429	3333	8600
655	3316	8600
1845	3060	8600
2004	2981	8600
1328	2789	8600
107	2670	8600
539	2742	8700
401	2547	8700
172	3323	8700
595	2799	8700
637	2926	8700
1847	2984	8700
134	2633	8800
1312	2623	8800
2446	3056	8800
2144	3058	8800
932	3013	8800
2274	2823	8800
929	2544	8800
2324	3287	8800
922	2617	8800
650	3193	8800
1871	3053	8800
2150	2710	8800
62	2984	8800
1016	2552	8800
1228	3352	8800
2229	2966	8800
1743	3088	8800
1576	3023	8800
1156	3002	8800
343	2923	8900
262	2656	8900
1150	3018	8900
1954	2504	8900
2254	2791	8900
1691	3224	8900
846	2967	8900
2091	2739	8900
2227	2646	8900
1251	3357	9000
1089	3270	9000
2219	3443	9000
1608	3079	9000
2397	3185	9000
1134	3471	9000
1706	3056	9000
1798	2671	9000
1081	3405	9000
926	2609	9000
1971	3267	9000
1030	2966	9000
18	2850	9100
1874	2776	9100
675	2835	9100
1632	3241	9100
1451	3329	9100
869	3045	9100
1873	3453	9100
2001	2824	9100
1446	3035	9100
563	3492	9100
266	2744	9100
677	2815	9100
19	3350	9100
176	3478	9100
971	2865	9100
276	2737	9200
93	3362	9200
1680	3138	9200
1207	2548	9200
35	2596	9200
1327	3203	9200
672	2822	9200
889	2781	9200
440	2708	9200
169	3360	9200
154	3422	9200
315	2872	9300
1408	2634	9300
1683	3443	9300
1723	2840	9300
1523	2660	9300
929	3115	9300
1812	2708	9300
406	3109	9400
315	2835	9400
2387	2942	9400
118	3123	9400
2499	3197	9400
2136	2869	9400
1839	3330	9400
1302	2574	9400
392	3143	9400
240	2926	9400
1012	3326	9400
1707	3090	9400
170	2546	9400
801	3155	9400
267	2522	9400
1860	2925	9500
208	2531	9500
2295	2564	9500
2428	3051	9500
1641	2807	9500
1479	3266	9500
1085	2522	9500
867	2658	9600
944	2730	9600
2119	2837	9600
949	2617	9600
260	2894	9600
847	2527	9600
1726	3017	9600
746	3484	9600
2278	2659	9700
2353	3364	9700
1539	3204	9700
320	2781	9700
1160	3152	9700
306	3290	9700
185	2860	9700
2082	2561	9700
18	2845	9800
1145	2644	9800
1061	2595	9800
2283	3235	9800
506	3145	9800
1521	3134	9800
377	3334	9800
1331	3446	9800
2140	3064	9800
236	3319	9800
1147	2806	9800
1691	3102	9800
2158	2770	9800
1004	3449	9800
445	3280	9900
1843	3127	9900
1251	3268	9900
636	3078	9900
2044	3288	9900
1667	3180	9900
138	2759	9900
869	3364	9900
392	3378	9900
877	2968	9900
720	2807	9900
2459	2638	10000
86	3003	10000
1764	2613	10000
1842	3321	10000
2106	3285	10000
121	2760	10000
427	2500	10000
1502	3023	10000
237	3277	10000
1290	3469	10000
141	2605	10000
2235	3330	10100
2199	3152	10100
2496	3356	10100
421	2950	10100
1617	3010	10200
988	2761	10200
584	2891	10200
1066	2942	10200
351	2875	10200
2419	2643	10200
38	2586	10200
259	3130	10200
1944	2749	10200
1913	2675	10200
1704	3208	10200
1254	3388	10200
647	3035	10200
1791	2863	10200
2352	2557	10200
1938	2657	10200
883	3451	10200
1670	2723	10200
552	3269	10300
1498	3202	10300
513	3312	10300
1934	2972	10300
980	2710	10300
1130	2611	10400
365	3065	10400
614	3176	10400
2268	3377	10400
966	2730	10400
270	2897	10400
1314	3067	10400
1073	3210	10400
1642	3465	10500
961	2574	10500
123	3158	10500
1689	2753	10500
1777	3420	10500
1084	3069	10500
2152	3157	10500
655	2897	10500
2454	3075	10500
1758	3271	10500
1501	3390	10500
1902	3228	10500
1500	2545	10600
886	2643	10600
752	2702	10600
2188	2566	10600
264	2788	10600
2000	2824	10600
461	2841	10600
1725	3221	10600
699	3104	10700
1860	2620	10700
1178	3232	10700
1813	3209	10700
830	3132	10700
1770	3062	10700
1082	3165	10700
864	2963	10700
1346	2679	10700
2467	3127	10700
863	3209	10800
2190	2896	10800
2241	3362	10800
278	2596	10800
753	2876	10800
906	3188	10800
2070	2549	10800
281	2936	10800
475	2607	10800
2213	3200	10800
2062	3025	10900
587	2591	10900
79	3184	10900
620	2524	10900
1846	3296	10900
791	3315	10900
201	3478	10900
1965	2842	10900
1947	3002	10900
1293	2655	11000
2210	3132	11000
181	3129	11000
338	2575	11000
2178	3369	11100
2275	2840	11100
619	3384	11100
955	3133	11100
947	3472	11100
2284	2632	11100
856	3099	11100
345	3299	11100
1569	2764	11100
1173	2523	11100
822	3120	11100
2232	3214	11100
1988	2994	11100
1418	2674	11200
2228	2790	11200
1190	2669	11200
377	2898	11200
1936	2997	11200
2298	3204	11200
816	3318	11200
384	3190	11200
1401	2509	11200
1390	2532	11200
837	2998	11200
1767	3297	11200
1659	3155	11200
1837	3095	11200
211	3174	11300
1384	3415	11300
1128	3391	11300
2204	3383	11300
1884	3304	11300
415	3275	11300
690	3074	11300
2489	2771	11300
761	2523	11300
670	2537	11300
559	2980	11300
2444	3404	11300
267	3005	11300
435	2699	11400
1545	3368	11400
157	3132	11400
485	3275	11400
945	3321	11400
2025	2743	11400
288	2768	11400
1292	2874	11500
704	2562	11500
1811	3202	11500
1660	2520	11500
2196	3018	11500
39	3222	11500
305	3279	11500
408	3061	11500
775	2653	11500
1167	2850	11600
776	2598	11600
2491	2869	11600
199	2553	11600
1417	3349	11600
719	2804	11600
293	3332	11600
326	3464	11600
215	2937	11600
2277	3291	11700
1299	2774	11700
346	3371	11700
369	3162	11700
1034	3212	11700
1854	3390	11700
214	3315	11700
884	3211	11700
141	2963	11700
892	3484	11700
129	3096	11800
396	3412	11800
2441	2884	11800
88	3299	11800
2159	3341	11800
1230	3224	11800
641	3307	11800
2126	2580	11800
864	3427	11800
1675	3186	11900
2426	3270	11900
2399	2934	11900
1894	3138	11900
2203	2613	11900
1009	2799	11900
1806	3150	11900
1760	3444	11900
930	2647	11900
1404	2528	12000
2246	3443	12000
241	2996	12000
1939	2792	12000
1904	2768	12000
1003	2684	12000
2460	3298	12000
538	3061	12000
1324	3125	12100
533	3135	12100
1570	2574	12100
1250	3114	12100
1573	3115	12100
911	2858	12100
872	3113	12100
925	3268	12200
1963	2880	12200
680	3358	12200
1692	2867	12200
1200	2725	12200
538	2685	12200
1861	3091	12200
102	2605	12300
1377	3282	12300
1361	3321	12300
316	2690	12300
1217	3473	12300
643	2673	12300
996	3267	12300
2497	2919	12300
942	3266	12300
950	2912	12400
1997	2929	12400
959	2969	12400
1199	3455	12400
164	3379	12400
2269	3033	12400
782	3447	12400
598	3035	12400
941	2844	12400
956	2695	12400
2322	2951	12400
539	2812	12500
2162	2953	12500
552	2742	12500
1757	2506	12500
477	2596	12500
2142	3081	12500
1634	3498	12500
1808	3055	12500
165	2755	12500
1393	2992	12600
448	2832	12600
2414	2726	12600
1445	2690	12600
169	2821	12600
751	3332	12600
1025	3241	12600
2381	3005	12600
2401	3414	12700
166	3207	12700
965	3228	12700
2325	3068	12800
190	2817	12800
1794	2633	12800
1584	3199	12800
773	3078	12800
1482	3323	12800
629	2893	12800
2488	2973	12800
608	2866	12800
2152	3076	12800
1493	2683	12800
2011	2971	12900
770	2721	12900
537	3081	12900
882	3142	12900
350	2663	12900
0	3405	12900
1822	3498	12900
2134	3255	12900
860	3095	12900
1852	2722	13000
1214	3154	13000
747	2590	13000
84	2940	13000
654	2643	13000
419	2773	13000
2441	3247	13000
1497	3304	13000
2263	2527	13000
1117	3014	13000
1868	3421	13100
1076	3328	13100
1110	2937	13100
2176	2846	13200
717	2737	13200
1477	3309	13200
1172	3461	13200
1062	2927	13300
777	2531	13300
564	3286	13300
255	3123	13300
186	3424	13300
1880	3066	13300
2254	3130	13300
503	2839	13300
1415	3322	13300
395	2819	13400
582	3097	13400
1173	3265	13400
2314	2527	13400
1354	3324	13500
2038	3133	13500
2493	2667	13500
1121	2924	13500
2191	3051	13500
821	3272	13500
992	2602	13500
1230	2641	13500
784	3406	13500
1517	3140	13600
928	2996	13600
1891	2560	13600
1470	3018	13600
876	2851	13600
769	3081	13600
555	3074	13600
2020	3423	13600
744	3187	13700
2114	2793	13700
663	2875	13700
1910	2884	13700
1727	2626	13700
2007	3062	13700
2475	3491	13700
266	3473	13700
873	3429	13800
1231	2730	13800
1662	3099	13800
1900	2863	13800
1153	2766	13800
1563	2828	13800
375	3243	13800
2212	3055	13800
2286	3218	13900
2060	3425	13900
2442	3364	13900
2055	2884	13900
818	2565	13900
1357	3115	13900
2126	2989	13900
165	3027	13900
1756	3091	13900
1550	2529	14000
590	2586	14000
2349	2668	14000
1112	3455	14000
1097	3082	14000
380	2648	14000
1453	2542	14000
1848	2933	14100
573	3495	14100
2349	3481	14100
1379	2677	14100
391	3301	14100
572	2868	14100
1218	3148	14100
878	3414	14200
1036	3430	14200
1735	3305	14200
2464	2766	14200
1001	2594	14200
1808	2601	14200
1895	3122	14200
1613	2852	14200
1649	3249	14200
871	2850	14300
2068	2737	14300
594	2572	14300
456	2882	14300
881	2581	14300
463	3365	14300
1833	3405	14300
1022	3493	14300
964	2897	14300
156	3266	14300
217	3250	14400
397	3415	14400
1517	3166	14400
2044	3180	14400
2021	2581	14400
73	2677	14400
2222	2863	14400
487	2868	14400
744	3221	14400
845	3052	14500
1840	3150	14500
294	3054	14500
1731	3210	14500
955	2783	14600
387	2888	14600
2087	2546	14600
2418	2501	14600
1114	3067	14600
205	2614	14700
990	2558	14700
625	3153	14700
1845	3401	14700
688	2920	14700
1895	2860	14700
838	2900	14700
2220	2927	14800
739	3329	14800
979	2829	14800
639	2759	14800
1559	2725	14800
1334	2930	14800
1323	3424	14900
1515	2979	14900
425	3033	14900
2016	2666	14900
1975	2706	14900
888	2600	15000
207	3308	15000
800	2627	15000
2312	3135	15000
1944	2520	15000
1152	2544	15000
822	3498	15000
1603	2594	15000
1619	3480	15000
1064	3046	15000
2467	3228	15000
15	3248	15100
875	3282	15100
1745	3064	15100
111	3490	15100
884	3462	15100
1959	3430	15200
1304	2829	15200
1435	2876	15200
336	3192	15200
464	2801	15200
245	3114	15200
221	2768	15200
1127	3352	15200
1983	2894	15200
1889	2780	15200
2361	3202	15300
1787	3209	15300
1281	2946	15300
2165	3217	15300
2335	2806	15300
788	3461	15300
862	3053	15300
2068	3268	15400
1157	3295	15400
987	3474	15400
619	2800	15400
2339	3432	15400
914	2667	15400
2139	3423	15400
607	2567	15400
2293	2808	15400
1493	3484	15400
790	2717	15400
854	2767	15500
953	2831	15500
1340	3358	15500
1504	3039	15500
769	3294	15500
1901	2879	15500
1796	3238	15500
521	3118	15600
2376	3145	15600
164	3432	15600
2318	3064	15600
868	3204	15600
2372	3416	15600
840	3246	15600
63	3169	15600
1288	2601	15600
1876	3237	15700
2483	3386	15700
1503	3287	15700
1106	2906	15700
1442	3103	15700
179	3289	15700
802	3251	15800
666	2602	15800
1154	2972	15800
1275	2905	15800
671	3037	15900
750	2971	15900
1157	3320	15900
2196	2563	15900
693	2762	15900
2374	3206	15900
2050	2578	15900
438	2879	15900
1420	2949	15900
529	2864	16000
2236	2661	16000
1205	3417	16000
1159	3143	16000
890	2609	16000
2047	3343	16000
1437	2546	16000
2364	3160	16000
1057	2681	16000
1659	3194	16000
1249	2882	16100
250	3375	16100
88	2973	16100
745	3096	16200
35	2990	16200
280	2828	16200
2149	3415	16300
2234	3436	16300
1753	3439	16300
218	2577	16300
1996	3099	16300
110	2907	16300
1057	3239	16300
2370	2734	16400
1089	3268	16400
64	2838	16400
1487	2663	16400
209	3081	16400
181	2715	16400
2178	3393	16500
875	3474	16500
454	2758	16500
2158	3489	16500
1343	2683	16500
1346	3313	16500
1961	3165	16500
763	2874	16600
1811	3372	16600
1306	2833	16600
680	3398	16600
1003	3290	16600
2151	3410	16600
2195	3169	16600
2192	3297	16600
1192	2694	16700
2330	2547	16700
1975	2585	16700
2093	2507	16700
292	3059	16800
1606	3162	16800
1992	3244	16800
1186	2507	16800
635	3182	16900
2483	3079	16900
2264	3344	16900
1780	2955	16900
2430	2913	16900
2124	3089	16900
2263	3491	16900
785	2866	16900
68	2619	16900
100	2513	17000
555	3418	17000
688	3044	17000
442	3104	17000
1184	2787	17100
1695	2817	17100
1612	2506	17100
1739	2705	17100
939	2610	17100
1133	2903	17100
283	3493	17100
692	3480	17100
931	2704	17200
2069	3370	17200
2128	3412	17200
1469	2833	17200
1150	3093	17200
2175	3325	17200
966	2792	17200
1574	2701	17200
1208	2557	17200
1693	3026	17300
2297	3118	17300
1494	3262	17300
36	2500	17300
76	3346	17300
1898	2642	17300
953	2801	17400
1624	2762	17400
1295	3205	17400
908	3054	17400
1641	3449	17400
274	2793	17500
1787	2872	17500
1333	3375	17500
419	3052	17500
216	2795	17500
344	2922	17500
31	2952	17500
741	3297	17600
2405	3068	17600
432	3302	17600
958	2672	17600
2360	3485	17600
2003	2938	17600
2359	2980	17600
374	2643	17700
2469	3330	17700
559	2541	17700
783	2807	17700
841	3001	17700
453	2600	17700
854	3050	17800
1707	3195	17800
2074	3355	17800
1314	3359	17800
896	2932	17800
1027	2757	17900
1678	2969	17900
1438	2613	17900
839	2672	17900
1946	3141	17900
1814	2968	17900
1855	2885	17900
1775	2706	17900
1191	3311	17900
34	3352	17900
518	2647	17900
703	3247	18000
1170	3461	18000
1537	2881	18100
1052	3361	18100
544	2564	18100
1868	2978	18100
440	3215	18100
1629	3441	18100
1599	3037	18200
246	3166	18200
660	2688	18200
1204	2887	18200
135	2936	18200
428	3279	18200
1916	3306	18200
1649	2900	18200
497	2991	18300
1638	2916	18300
108	2675	18300
372	3177	18300
2061	3402	18300
1437	3489	18300
120	2535	18300
1188	2556	18300
632	2694	18400
1354	2776	18400
815	2709	18400
902	2581	18400
748	2536	18400
523	2788	18400
1774	3178	18400
1810	2676	18400
2495	2964	18400
910	3068	18500
2145	3131	18500
1735	3377	18500
918	3247	18500
405	2792	18500
2265	2617	18500
1881	2980	18500
1953	2793	18500
2339	3269	18600
15	2875	18600
1638	2565	18600
647	3205	18600
280	2857	18600
75	2511	18700
1732	3295	18700
1311	2986	18700
106	2604	18700
480	3220	18700
2216	3363	18800
2148	3471	18800
1021	2847	18800
363	3440	18800
1927	3074	18800
749	2968	18800
2223	3416	18800
68	3257	18800
1188	2682	18800
2227	3254	18800
287	3367	18900
496	3130	18900
196	3097	18900
174	2750	18900
479	3373	18900
1685	2865	18900
2285	3387	19000
2071	3166	19000
2022	3202	19000
39	3220	19000
1848	2694	19100
22	2756	19100
1367	3485	19100
1882	3069	19100
1465	2622	19100
252	2987	19100
2188	2763	19100
1085	3005	19100
1395	3005	19200
606	3180	19200
226	3039	19200
1247	2523	19200
1187	2684	19200
1677	3360	19200
112	2732	19200
908	3112	19200
893	3223	19300
773	3132	19300
258	3432	19300
1403	2590	19300
258	2934	19300
2261	2999	19300
1942	2687	19300
1372	2629	19300
1987	2575	19300
388	3239	19400
1718	3426	19400
244	3481	19400
339	3177	19400
782	2583	19400
40	2839	19400
1933	2870	19400
2310	2541	19400
2017	3283	19400
1029	3187	19500
1242	2917	19500
1712	2597	19500
2222	3290	19500
737	3094	19500
1711	3441	19500
95	2922	19500
1479	2755	19500
973	3058	19600
1028	2751	19600
970	3327	19600
570	3073	19600
1741	2682	19600
1004	2595	19600
556	2862	19700
314	2848	19700
2377	3399	19700
757	3252	19700
1834	2920	19700
853	2567	19700
1741	2803	19700
1947	2681	19700
113	2712	19800
2	2554	19800
2060	2709	19800
1709	3006	19800
1460	2764	19800
677	3051	19800
2394	2900	19800
1294	2508	19900
2317	2961	19900
2042	3005	19900
1281	2560	19900
52	3409	19900
956	3399	19900
1604	2638	20000
1720	2993	20000
184	2819	20000
1043	3384	20000
389	2800	20000
1378	3330	20000
858	3420	20000
724	2769	20000
2348	3229	20000
640	2670	20000
1058	2729	20100
94	2813	20100
1170	2914	20100
713	2745	20100
1305	3249	20200
1347	3173	20200
1601	2531	20200
2225	2796	20200
1903	3353	20200
784	2846	20200
257	2899	20200
1854	3478	20200
1029	2959	20300
1166	2620	20300
1553	3284	20300
656	3476	20300
1000	3460	20300
1965	3445	20300
2216	2741	20400
1922	3025	20400
162	2722	20400
1432	3278	20400
1185	2925	20400
1690	2519	20400
1107	2703	20400
1074	2890	20400
2331	3069	20400
2380	2744	20400
737	3300	20400
1406	3444	20400
940	3402	20400
1141	3297	20400
740	2682	20400
406	2508	20500
1239	3044	20500
1654	2504	20600
2340	3075	20600
1280	2927	20700
8	3103	20700
2229	2789	20700
1971	3044	20700
1665	2665	20700
1290	3088	20700
1548	2826	20800
1481	2782	20800
1283	3311	20800
2103	3463	20900
1498	2939	20900
1506	2593	20900
1788	3078	20900
922	3262	20900
154	2900	20900
1268	3357	21000
312	2700	21000
2401	3192	21000
707	3240	21000
1229	3460	21000
1650	2552	21000
1378	3351	21100
834	2697	21100
1665	3063	21100
1613	2911	21100
385	3250	21200
998	3221	21200
2294	3026	21200
587	3079	21200
1917	3433	21200
230	3360	21200
1781	3031	21200
402	3199	21300
1383	3182	21300
573	2947	21300
491	2864	21300
1151	3021	21300
1884	2720	21300
1928	2618	21300
1577	2715	21300
2078	3028	21300
1609	2909	21400
1322	2703	21400
297	2838	21400
1927	3380	21400
49	3257	21400
1404	2786	21500
2098	2772	21500
1371	2672	21500
1580	3315	21500
2468	2541	21500
995	3443	21600
369	3424	21600
2078	2922	21600
149	3357	21700
2012	2880	21700
240	3089	21700
2107	3117	21700
841	2615	21700
1030	3100	21700
1533	3041	21700
108	3301	21800
1857	2557	21800
1426	2754	21800
883	3063	21800
1096	3111	21800
285	2803	21800
189	3172	21900
2398	2892	21900
780	2812	22000
102	2534	22000
276	3104	22100
2014	3059	22100
433	2510	22100
2024	2873	22100
701	3265	22100
503	2578	22100
246	3140	22200
1512	3499	22200
153	2833	22300
2288	3061	22300
1040	3390	22300
2065	2881	22400
867	3189	22400
2408	3343	22400
2420	2845	22400
1197	2949	22500
1739	2935	22500
2327	3388	22500
480	3222	22500
1132	3102	22500
51	2981	22500
1262	2953	22600
919	3495	22600
1485	2921	22600
197	3184	22600
508	2504	22600
2070	3318	22600
2271	2926	22600
1960	3245	22600
2089	3317	22600
1998	3399	22600
215	2740	22600
71	3270	22700
1109	2503	22700
2259	2917	22700
806	2687	22700
2040	2915	22700
424	3478	22700
907	2619	22700
642	2714	22800
1766	2696	22800
1140	2513	22800
913	3110	22800
1531	2818	22800
2463	2635	22800
341	3055	22800
2228	3184	22900
151	2893	22900
967	3300	22900
2474	2575	22900
2304	2985	22900
223	2537	22900
2022	3280	23000
66	3081	23000
1978	3448	23000
513	2977	23000
111	3124	23000
856	3356	23000
2451	3031	23000
1390	3252	23000
733	2803	23000
1906	2961	23100
1827	3050	23100
268	2860	23100
919	2776	23200
2026	2563	23200
2073	3164	23200
1196	2718	23200
2237	3212	23200
952	2744	23200
1714	3195	23200
1799	2721	23200
1923	3433	23300
98	2744	23300
702	2812	23400
1449	3339	23400
2278	2548	23400
2312	3036	23400
318	3284	23500
1447	3425	23500
1369	2985	23500
147	2690	23500
2013	3470	23600
1709	3256	23600
1187	2753	23600
678	2794	23700
414	3274	23700
1867	2993	23700
1148	2765	23700
160	2540	23700
1998	2892	23700
1632	3227	23800
1772	2836	23800
1540	3351	23800
2009	2893	23800
1278	3264	23800
1446	2559	23800
152	3399	23800
1222	2682	23800
1925	3390	23800
1790	2871	23900
213	3388	23900
1449	3239	24000
2230	3438	24000
2236	2503	24000
961	3134	24000
576	3439	24000
339	3062	24000
1607	2747	24000
134	2951	24000
1880	3244	24100
2435	2617	24100
450	2628	24100
103	3381	24200
1710	3353	24200
1929	2681	24200
1366	3321	24300
195	2955	24300
1673	2979	24300
316	3175	24300
2157	2641	24300
560	2983	24300
116	3225	24400
1937	2548	24400
2173	2660	24400
354	3434	24400
2320	3136	24400
1045	2780	24400
51	3307	24400
762	2625	24500
1962	3387	24500
1107	3351	24600
466	2573	24600
2466	3383	24600
1018	2867	24600
1853	2555	24600
223	3374	24600
2390	3073	24600
180	3233	24700
264	2665	24700
712	3149	24800
2318	3188	24800
540	2713	24800
1349	3215	24800
1761	2697	24800
1237	2881	24800
465	2962	24800
1858	3361	24800
863	2767	24900
648	2969	24900
242	2826	24900
1266	3143	24900
850	3084	24900
0	2902	24900
301	2753	24900
2095	3072	24900
479	2844	24900
1623	2543	25000
708	3055	25000
101	3482	25100
968	2709	25100
81	3220	25100
1663	3103	25100
370	3493	25100
1369	3310	25200
1822	2821	25200
1321	3232	25300
1299	3225	25300
777	3369	25300
2268	3382	25300
789	2711	25300
1383	3137	25400
886	3128	25400
516	2770	25400
366	3130	25500
2428	3177	25500
2100	2747	25500
612	2839	25500
2106	3247	25600
1358	2720	25600
1147	3040	25600
572	2856	25600
2474	2636	25600
1158	3450	25700
1907	3379	25700
1700	2696	25700
1838	2735	25700
2265	2866	25700
570	2810	25700
1410	3111	25700
1973	3477	25800
2148	2563	25800
2010	3069	25800
873	3338	25900
2287	3440	25900
1357	2558	25900
1958	2719	25900
998	2959	25900
248	2603	25900
1386	2543	26000
1379	2804	26000
2006	3350	26000
667	2808	26000
424	2821	26000
527	3158	26100
605	3374	26100
1537	3284	26200
1184	3345	26200
1461	2698	26200
2280	3176	26200
760	2568	26200
156	3449	26200
105	3335	26300
1097	3133	26300
1721	2588	26300
920	3383	26300
407	2791	26300
451	3387	26300
2153	3233	26400
1689	2608	26400
1841	3301	26400
1760	2972	26400
14	3315	26400
700	2944	26500
1338	3290	26500
1421	3070	26500
1865	2664	26500
1866	3116	26600
1626	2836	26600
1277	2566	26600
2039	3011	26600
1095	3055	26600
971	3146	26600
1731	2724	26600
437	2698	26700
2183	2989	26700
85	3194	26700
804	2974	26800
2160	3215	26800
723	3445	26800
2086	3283	26800
1002	2776	26900
1566	3417	26900
133	2941	26900
1047	3476	26900
847	3498	26900
550	2698	27000
1915	2696	27000
77	3385	27000
1080	2936	27000
1439	2844	27000
2006	3077	27000
444	2584	27100
2104	3429	27100
491	3417	27200
350	2873	27200
1172	3456	27200
174	2978	27200
746	2843	27200
866	3488	27300
2295	3190	27300
357	2758	27300
335	2651	27300
797	3442	27400
731	2718	27400
870	2954	27400
1802	2507	27400
1696	2919	27400
1536	3077	27400
376	2777	27500
1195	3428	27500
318	2881	27600
981	3370	27600
1098	3434	27600
1297	2852	27600
2303	3270	27700
1244	2526	27700
1806	2577	27700
1419	3215	27700
1284	2670	27700
1914	3364	27800
1285	3082	27800
151	3412	27800
490	2708	27800
2391	3307	27800
1945	2795	27800
354	2967	27800
1387	3111	27800
1039	3125	27900
2256	2678	27900
6	3219	27900
1893	2888	27900
221	2585	27900
2305	3063	27900
48	2737	27900
515	2946	28000
445	3137	28000
2177	2680	28000
2015	2615	28000
438	3319	28000
158	3360	28000
1892	3061	28000
1830	3155	28000
1206	2638	28100
193	2735	28100
1750	3070	28100
689	2860	28200
1362	2704	28200
687	2944	28300
1581	3405	28300
1929	3252	28300
1387	2900	28300
2167	3231	28300
2490	2698	28400
2425	3311	28400
1298	2529	28500
1483	3377	28500
261	3115	28500
1693	3226	28600
42	2512	28600
948	2917	28600
1921	3168	28600
2438	3475	28600
459	3440	28600
2291	3136	28600
1784	2911	28600
2279	3082	28700
1376	2693	28700
1974	2851	28700
1436	3395	28700
2138	2740	28700
2425	3049	28700
2155	3256	28800
846	3101	28800
689	2646	28800
2194	3283	28800
814	2621	28800
91	3137	28900
820	3223	28900
2099	2939	28900
1671	2955	28900
794	3394	28900
710	2705	29000
1595	3064	29000
327	2708	29000
772	3175	29000
1817	2797	29000
2181	3306	29000
2251	2697	29000
2354	2722	29000
1243	2761	29100
1257	3038	29100
1561	2582	29100
1413	3322	29100
2289	3101	29100
2146	2518	29100
468	2739	29200
894	2738	29200
1448	3341	29300
1557	3098	29300
1288	3229	29300
204	2808	29300
665	2889	29300
1178	3235	29400
1275	3010	29500
1697	2915	29500
983	3245	29500
2215	2724	29500
685	3209	29600
2416	3392	29600
2193	3139	29600
1145	2746	29700
130	2610	29700
2260	2966	29700
984	3140	29800
2173	3089	29800
2319	2979	29800
1859	3228	29800
439	3021	29900
2208	3158	29900
52	2848	29900
106	3420	29900
1098	2805	29900
2262	3174	29900
1274	3186	29900
443	2539	29900
1222	2741	29900
645	3002	29900
1128	3259	30000
1410	2603	30000
1083	2729	30000
2040	2726	30000
1082	3213	30000
835	3067	30000
433	2928	30100
2358	2926	30100
289	3125	30100
813	2651	30100
838	3422	30100
771	3087	30100
2427	3025	30200
1756	2522	30200
1711	2511	30300
1471	3291	30300
1050	3403	30300
1890	2819	30300
1759	3253	30300
382	2966	30300
1156	2919	30300
909	2998	30300
1062	2850	30400
994	3147	30400
840	2856	30400
2308	3484	30400
1989	2904	30400
254	2993	30500
1819	3071	30500
2432	2880	30500
1935	2979	30500
2090	2851	30500
132	2916	30500
330	3000	30500
1214	3230	30500
2309	2817	30500
393	3186	30500
89	2645	30500
754	3035	30600
323	2719	30600
985	2810	30600
379	2562	30700
714	2895	30700
1619	2647	30700
1922	2717	30700
1528	3484	30700
1676	2776	30800
1265	3233	30800
2469	2853	30800
394	2769	30800
34	3175	30800
1857	3431	30800
1495	3155	30800
403	3463	30800
1450	2652	30900
1664	3063	30900
2096	2797	31000
1810	2839	31000
1374	3408	31100
1678	3116	31100
1139	2659	31100
1458	2797	31100
1543	3265	31100
109	2764	31100
865	3319	31200
585	3000	31200
1918	3094	31200
1724	2836	31300
2110	3237	31300
1146	3380	31300
1694	2631	31300
2051	2653	31300
379	3433	31500
1163	2827	31500
673	2563	31500
2028	2676	31500
732	3444	31500
2046	3462	31500
2183	2580	31500
1914	2703	31600
578	3048	31600
429	2955	31600
591	3049	31600
1926	2642	31600
173	3194	31600
1321	3235	31700
2249	3050	31700
1053	3496	31700
1063	2991	31700
789	3103	31700
1114	2612	31700
80	3183	31700
1989	3278	31700
1226	3123	31800
194	3365	31800
730	2883	31800
137	2531	31900
254	2895	31900
2088	2882	31900
2051	2633	31900
2164	3268	32000
891	2800	32000
75	3441	32100
2404	3223	32100
1780	2908	32100
787	2501	32100
1175	2945	32200
2234	2514	32200
292	3370	32200
64	3419	32200
2094	2583	32300
754	2818	32300
2343	3047	32400
1960	2828	32400
1824	2808	32400
989	3229	32400
872	2857	32400
2084	2606	32400
55	2744	32500
410	3174	32500
436	3105	32600
571	3050	32600
2077	2833	32600
500	2707	32600
2054	2828	32600
718	3289	32600
725	3118	32600
1930	2746	32700
1976	2544	32700
1919	3389	32700
2011	2699	32800
2494	3295	32800
2471	2587	32800
1782	3395	32800
387	2879	32800
294	2846	32800
1602	2642	32800
801	3404	32800
219	2928	32900
271	2648	32900
1915	3275	32900
2185	3158	32900
347	3220	32900
1374	2534	32900
1602	3054	32900
1599	2755	32900
1271	3233	33000
709	3308	33000
1422	2891	33000
705	2929	33000
912	2586	33100
1651	2779	33100
1652	3163	33100
299	2989	33100
1427	2739	33100
2257	3291	33200
638	2568	33200
85	3306	33200
1643	2998	33200
722	2965	33200
2041	3145	33300
1154	3229	33300
1350	2654	33400
1646	3075	33400
2076	3122	33400
2206	3320	33500
2330	3183	33500
2102	2611	33600
23	3397	33600
2486	3072	33700
1462	3100	33700
2221	3331	33800
963	3167	33800
2097	2957	33800
11	3093	33800
568	3170	33800
627	3217	33800
2431	2914	33800
812	3011	33800
203	3433	33900
1776	2957	34000
244	3106	34000
2291	3178	34000
964	2542	34000
2395	2633	34000
1264	2553	34100
656	3435	34100
2456	2911	34100
2420	3073	34100
665	2517	34100
696	2864	34200
2323	2948	34200
1444	3312	34200
755	3492	34200
1879	3171	34200
1443	2539	34200
206	3490	34300
1121	2885	34300
2168	2549	34300
2352	2745	34300
1359	3026	34400
1180	2644	34400
2187	3269	34400
1793	3450	34400
1414	2831	34400
277	3340	34400
482	2561	34400
1761	2922	34400
2066	3431	34400
1905	3239	34500
2226	2823	34500
21	3389	34500
302	2720	34500
859	2685	34500
1405	3198	34600
498	3359	34600
2161	3034	34600
237	2621	34600
6	3294	34700
1964	3282	34800
1722	2846	34800
2105	2883	34800
362	3343	34900
766	2615	34900
631	2540	34900
149	3119	34900
1635	2631	34900
2356	2835	34900
1516	2925	35000
242	2598	35000
1779	3305	35000
563	2956	35000
1918	2635	35000
2182	3034	35000
2350	2944	35100
2285	2691	35100
145	2956	35200
2403	3156	35200
1014	3086	35200
1415	3435	35200
311	2539	35200
607	3462	35200
113	3339	35300
2029	2542	35300
833	2810	35300
1175	2957	35400
2021	3412	35400
2026	2696	35400
405	3418	35400
395	2623	35500
1348	2775	35500
813	3200	35500
1138	2819	35600
2354	2738	35600
2399	2898	35600
2452	2733	35600
933	2779	35600
637	2523	35600
2367	2958	35600
1291	2998	35600
2485	3361	35600
792	3142	35700
2007	3191	35700
1973	3486	35700
1605	3363	35700
1133	2820	35700
458	3008	35700
1486	2959	35800
1027	2623	35800
1903	3421	35800
1828	2525	35800
1023	3377	35800
1821	2619	35800
836	2865	35800
1330	2742	35900
1604	3025	35900
192	3093	35900
87	2793	36000
2476	2830	36000
2414	2915	36000
1567	3126	36000
1672	2734	36000
2480	2699	36100
1727	2858	36100
644	3098	36100
1855	3062	36100
691	3306	36100
729	3001	36100
67	3249	36100
356	3118	36100
1732	3320	36200
2432	2855	36200
1804	2551	36200
1851	2996	36200
924	2735	36200
1405	2562	36200
2190	2738	36300
2249	2767	36300
523	2665	36300
1008	3217	36300
945	3439	36400
76	3091	36400
1582	3357	36500
1611	2680	36500
409	2968	36500
1134	3317	36500
1335	3388	36500
1688	3004	36500
704	3266	36500
987	3282	36600
536	3107	36600
83	3302	36600
2059	3421	36600
2144	2563	36600
1056	2985	36600
57	3221	36600
1535	3280	36600
1553	3320	36700
40	2770	36700
795	3213	36700
1800	2962	36700
1578	3173	36800
557	2923	36800
727	2618	36800
1149	3033	36800
1559	2557	36800
2042	2903	36800
1683	3223	36900
1703	3335	37000
1279	2992	37000
1564	3409	37000
1702	3294	37000
1525	3061	37000
567	2921	37000
991	2809	37100
1897	3167	37100
1026	3024	37100
1738	3400	37100
1362	2517	37100
1061	2562	37200
2259	3056	37200
1017	2887	37200
1834	3307	37200
1311	2623	37300
1194	2834	37300
1856	3375	37300
1552	2588	37300
1070	3205	37300
952	3365	37300
432	3329	37400
2130	2704	37400
1549	3340	37500
1200	2577	37500
1373	2979	37500
1232	2528	37600
505	3336	37600
334	3429	37600
930	2937	37600
1440	3474	37700
2336	3012	37700
1523	3342	37700
213	3490	37700
675	2774	37700
1867	3016	37800
1846	2578	37800
1677	2584	37800
90	2841	37800
1821	2606	37800
182	2976	37900
520	3114	37900
759	2768	37900
781	3356	37900
1001	2782	37900
2181	2899	37900
1552	3367	38000
1069	2541	38000
1763	3016	38100
1618	3094	38100
1336	2761	38100
1424	3320	38100
509	3295	38200
1209	3331	38200
868	2885	38200
962	3194	38200
2053	2788	38200
2311	2876	38300
1520	2727	38300
2496	3156	38300
1746	2650	38300
1648	2721	38300
1905	2819	38300
1344	2712	38400
1589	3164	38400
1647	3321	38400
2333	2635	38400
90	3075	38400
1752	2857	38400
358	2711	38400
1531	2780	38500
217	2722	38500
1397	3024	38600
478	3365	38600
615	3399	38600
10	2925	38700
1820	3305	38700
696	3131	38800
1682	2569	38800
934	3389	38800
851	3119	38800
1185	2731	38900
629	3412	38900
340	3385	38900
1209	2939	39000
368	2584	39000
1506	2573	39100
639	3248	39100
2008	2525	39100
2247	3205	39100
1320	3049	39100
1643	2911	39100
1507	3259	39100
2413	3008	39100
1344	2591	39200
885	3144	39200
915	2999	39200
757	2622	39200
1747	3348	39300
506	2909	39300
1402	2707	39300
630	3222	39300
2131	2728	39300
528	2589	39300
2137	2599	39300
2270	3027	39300
1589	3275	39400
2324	3030	39400
297	3419	39400
497	2785	39500
903	2991	39500
451	2740	39500
1087	2844	39500
1655	2695	39500
1597	2529	39600
1776	2945	39600
1307	2671	39600
2486	3377	39600
943	2763	39600
1621	2806	39700
946	2903	39700
1438	3043	39800
1916	2770	39800
2013	2854	39800
1876	3386	39800
1702	2513	39900
1849	2868	39900
1120	2637	40000
1572	3277	40000
517	3456	40100
4	2604	40100
1363	2536	40200
545	3258	40200
2108	2856	40200
2338	2552	40200
2454	3476	40200
2488	3057	40300
624	2788	40300
2214	2781	40300
1681	2650	40300
1	3354	40400
2032	2580	40400
337	3410	40400
332	2675	40500
2343	2728	40500
1596	3307	40500
2174	3073	40500
2246	3426	40600
535	3286	40600
346	3043	40600
1872	2663	40600
900	3183	40600
1886	3314	40600
2091	2962	40600
1571	3041	40700
807	3468	40700
1827	2767	40800
2069	3059	40800
683	2988	40800
2168	3318	40800
1719	2664	40800
1194	3368	40900
347	3222	40900
1985	3418	40900
2445	2879	40900
879	2576	40900
1064	3160	41000
550	2649	41100
417	2561	41100
268	2646	41100
2444	3148	41100
1728	3210	41100
921	2778	41200
2413	3369	41200
793	2889	41200
1138	3346	41200
1891	2946	41300
1409	3115	41300
1546	3169	41300
1612	3068	41400
198	2656	41400
928	2997	41400
1307	2910	41400
1940	3168	41400
2362	2662	41400
2384	2958	41400
1864	3009	41400
303	3389	41500
983	3289	41500
2328	3119	41500
628	3043	41600
776	3323	41600
936	3327	41600
2157	3156	41700
412	3087	41700
837	2911	41700
1350	2519	41800
2063	2650	41800
1719	3000	41800
2159	3322	41800
2129	2887	41800
1125	2674	41900
2101	2554	41900
54	3407	41900
1391	2576	41900
1670	3187	41900
1565	3325	42000
1582	3426	42100
234	3403	42100
2172	3211	42100
1466	3071	42200
927	2568	42200
915	3089	42200
1653	2733	42300
1319	2728	42300
398	3374	42300
1666	2550	42300
319	3113	42400
2138	3088	42400
33	2904	42400
378	3037	42400
2203	2587	42500
1490	2831	42500
78	2914	42500
245	2626	42500
188	2864	42600
686	3020	42600
2184	3304	42600
2243	2942	42600
1793	2554	42700
2358	2652	42700
370	2664	42700
1077	3139	42700
1554	3010	42800
59	2582	42800
155	2814	42800
514	2640	42900
1953	3160	42900
1906	3241	43000
389	3037	43000
2382	3342	43000
1296	3476	43000
1109	2649	43100
446	3176	43100
2195	2814	43100
2300	2830	43200
2123	2502	43200
2123	2976	43200
1539	2936	43200
1423	2594	43200
1337	2732	43200
341	3277	43200
1022	2589	43200
1795	3086	43200
2147	3155	43200
942	3044	43200
1049	3293	43300
1293	2939	43300
1304	2551	43400
1496	2918	43400
1361	2851	43400
1928	3338	43400
2250	3169	43400
741	3067	43500
448	3375	43600
1753	3162	43600
1250	3126	43600
376	2775	43700
1158	3346	43700
1356	2874	43700
2207	3246	43700
180	3331	43800
1312	2757	43800
1742	2723	43900
1899	2596	43900
56	2627	43900
1046	2704	43900
1587	2924	44000
1400	3020	44100
2174	3008	44100
1403	3038	44200
1329	3234	44200
2461	2801	44200
1310	2502	44200
616	2663	44200
2398	3046	44200
1909	3234	44300
882	2736	44300
2433	3178	44300
1869	3046	44300
1142	3384	44400
2435	2904	44400
62	2887	44500
2388	2945	44600
892	2717	44600
604	3314	44600
2345	3414	44700
1440	3282	44800
1478	2812	44900
446	3197	44900
2038	2941	44900
225	2986	44900
331	2798	45000
1411	2577	45000
1526	2888	45000
2224	3031	45000
1795	2612	45000
1862	3198	45100
1721	2678	45100
1882	2687	45100
1427	2962	45100
137	2757	45100
207	2952	45100
1759	2878	45200
2301	2657	45200
1558	3183	45200
1317	2700	45200
1541	3250	45300
1324	3324	45300
912	2823	45400
848	2726	45400
817	3369	45400
1921	3276	45500
1948	3382	45500
599	3190	45600
1622	2924	45600
2417	3446	45700
1447	3015	45800
597	2832	45800
1667	2506	45900
2018	2624	45900
2498	3183	46100
437	2721	46100
1809	3392	46100
624	3022	46200
44	2723	46200
2412	2625	46300
1042	2705	46300
277	2759	46300
143	2621	46300
1555	2869	46400
472	3071	46500
1642	2709	46600
1306	2830	46600
130	3488	46600
842	2537	46600
411	2512	46700
2053	2665	46700
1967	3395	46700
1458	2650	46700
1583	2661	46800
566	2957	46800
1716	3113	46800
1031	2757	46800
889	3240	46900
2084	2619	46900
229	2844	46900
1289	2694	47000
9	2758	47000
501	3240	47000
585	3257	47000
431	3012	47100
1991	3411	47100
2184	3090	47100
646	2752	47100
1048	3376	47100
1075	2721	47200
1585	2961	47200
1398	3281	47200
1047	2636	47200
2309	2691	47300
1627	3022	47400
1164	2754	47400
828	2788	47400
1055	2748	47500
32	2940	47600
589	2823	47600
365	2947	47800
1720	3339	47800
211	2953	47800
849	2876	47900
206	3394	48000
569	3388	48000
81	3222	48000
727	3338	48000
1734	2850	48100
1814	3178	48100
588	3160	48100
1031	2606	48100
1542	3029	48200
324	2986	48200
1844	2968	48200
359	2713	48200
8	3244	48200
950	3406	48300
1282	3371	48300
250	3336	48300
1210	2832	48300
1177	3258	48300
1628	3397	48300
2066	2952	48300
184	3071	48300
289	3324	48400
1351	3286	48500
1155	2712	48500
222	3373	48500
2237	3456	48600
1472	2988	48700
610	3348	48800
2373	3368	48800
1433	2918	48800
1460	2558	48800
548	2637	48800
839	2751	48900
2287	2602	48900
449	3179	49100
713	3143	49100
321	3160	49100
2253	2920	49100
2125	3292	49200
2424	3014	49200
163	3172	49300
1439	2718	49300
458	2845	49300
402	3293	49400
612	3264	49500
1838	2718	49500
1530	2594	49500
2257	3438	49600
2248	2561	49600
534	3376	49600
384	2564	49700
1413	2868	49700
1746	2817	49800
571	2746	49900
1592	3101	49900
2448	2580	50000
422	2965	50000
578	2796	50100
233	3416	50100
1976	2584	50200
1262	2905	50300
622	3141	50300
1883	3318	50300
1220	2594	50300
1514	2616	50400
349	3201	50400
287	3082	50400
600	2536	50400
1223	3120	50400
860	2515	50400
1736	2716	50500
2016	2754	50500
1492	2680	50600
1740	3482	50600
243	3408	50700
1917	2948	50700
454	2675	50700
227	2976	50800
304	2888	50800
1546	2814	50800
1718	2829	50900
241	2997	50900
189	3130	50900
512	2724	50900
611	2661	51000
742	3288	51000
2124	2982	51000
1149	2824	51100
1130	3201	51200
920	3149	51300
2248	3046	51300
463	3020	51400
927	2992	51500
627	2779	51600
187	3470	51700
321	2561	51700
2290	2994	51700
621	3358	51800
2142	2890	51800
2402	2533	51900
2171	2874	51900
200	3394	51900
2116	3372	51900
748	2977	52000
1995	2956	52000
281	2707	52000
401	2606	52000
481	3482	52100
2113	3132	52100
2112	3301	52100
385	3218	52200
963	2587	52300
418	3227	52300
203	2961	52300
1630	3187	52400
800	3192	52400
1688	3451	52400
278	3276	52500
1797	3392	52500
1113	3034	52500
2162	3054	52600
2052	2889	52600
1207	3437	52600
46	3276	52600
1644	2580	52600
1163	2929	52700
764	3170	52700
159	3012	52900
2389	3448	52900
546	3408	53000
205	3042	53100
986	3327	53100
1422	3173	53100
1451	2983	53100
1432	2567	53200
2423	3142	53300
2462	2544	53300
1892	2535	53300
524	2921	53400
581	3460	53400
1044	3032	53400
1774	3326	53500
695	2512	53600
1686	3355	53700
1690	2654	53900
2023	3392	53900
1482	2503	54000
2074	3260	54100
1279	2933	54200
1099	3024	54200
1745	3191	54300
1473	3447	54300
1859	2655	54300
1351	3487	54400
894	3186	54400
670	2642	54500
1885	2933	54500
2419	3083	54600
529	3465	54600
2102	3303	54700
849	2935	54800
1835	2607	54800
152	2892	54800
1463	3066	54900
1468	2893	55000
2455	2982	55000
2055	3141	55000
1243	3189	55100
1072	2945	55100
1588	3219	55100
2140	3172	55100
960	2539	55100
194	3159	55100
1168	2735	55200
80	3122	55200
1366	3195	55300
1191	2515	55400
1434	3486	55500
83	3329	55600
1050	3349	55600
1698	3481	55600
1581	2902	55600
1923	3161	55700
1421	2747	55800
1764	3043	55900
2345	3407	55900
2185	2571	56000
2245	3162	56000
320	2964	56000
1283	3105	56000
2193	3263	56100
307	3392	56300
1060	2705	56400
2315	2790	56500
236	3376	56500
1801	3185	56600
69	3207	56600
731	2637	56700
1913	3490	56900
2090	3090	57300
1865	3085	57300
750	3109	57300
1637	2573	57500
1203	2758	57600
887	2978	57600
2029	2513	57700
1541	3374	57800
712	3383	57800
1417	3368	57900
1041	2629	58000
2	3050	58000
135	3416	58000
1807	3279	58100
231	3457	58200
2169	3385	58200
2380	2701	58300
1131	3470	58400
1747	2528	58400
2170	3197	58400
263	3439	58400
1093	2890	58400
79	2913	58500
487	2854	58700
1384	2700	58700
1123	3309	58800
604	2679	58800
2208	2630	58900
1809	2669	58900
1672	2700	58900
1333	3336	59000
1566	3367	59000
1049	3199	59100
1790	3259	59100
355	3126	59200
284	2868	59200
1757	2869	59300
1870	3367	59400
282	2632	59400
47	2878	59600
1416	3170	59600
2485	3237	59600
632	3157	59700
1733	2513	59800
1467	2691	59800
1888	3482	59900
228	3209	59900
2332	3098	60000
58	2614	60100
1663	3244	60100
819	3406	60300
399	2983	60300
132	2823	60400
1382	3159	60500
1456	2609	60500
1367	3380	60600
1499	3281	60700
1364	3159	60700
1046	3199	60800
2492	2747	60900
1725	2992	61000
1310	2656	61200
2452	2564	61300
2378	3199	61300
230	3084	61400
705	3032	61600
1289	3157	61700
965	3214	61700
1529	2589	61700
736	3021	61800
659	3030	61800
1431	2752	62000
1080	2707	62000
601	2593	62100
695	2867	62100
664	3202	62200
1129	2826	62300
2238	3304	62400
1414	2672	62500
2115	2611	62700
1490	2654	63100
2020	2637	63100
1704	3147	63200
494	2946	63400
172	3375	63800
582	3382	63800
2492	3195	63800
1943	3339	64000
2031	3152	64000
314	2791	64300
876	2597	64400
1456	2782	64400
2075	2517	64600
1227	3015	64700
1221	3207	64700
1165	3431	64700
2280	2661	64800
1509	2935	64900
1990	3464	65000
2231	3357	65200
1831	3042	65200
747	3038	65200
1118	3381	65300
54	3030	65300
46	3168	65400
363	2602	65400
2146	2624	65600
653	3344	65700
551	3218	65700
1801	2692	65700
478	2743	65700
1313	2713	65800
594	2503	65900
1024	2648	66000
671	2595	66100
823	2716	66200
686	3281	66400
1297	3447	66500
924	3325	66600
367	2745	66600
1734	2927	66700
187	2568	66800
429	2660	66800
222	3402	67000
2079	2820	67000
2402	3442	67100
2242	3483	67100
328	2905	67200
524	2786	67400
546	2538	67500
2170	2874	67600
1183	3048	67700
119	3380	67700
1332	3147	67800
2392	3309	67900
1385	2814	68000
826	3407	68100
1125	2794	68400
1706	3424	68400
1135	3397	68400
1803	3378	68400
715	3271	68600
1104	3499	68900
1888	3065	69000
142	3197	69000
1000	3097	69000
2153	3065	69200
1119	2648	69200
2245	3066	69200
1171	2878	69300
1798	2910	69300
1730	3437	69400
96	3382	69600
2417	3333	69700
1949	3010	69800
1579	2901	69800
447	3326	69800
758	3151	69900
903	2785	69900
767	3029	70000
1637	2669	70000
192	2569	70000
197	2913	70100
823	2871	70100
1115	2961	70200
1951	3149	70200
200	2913	70200
2186	3474	70400
914	3275	70500
3	2608	70800
1681	2691	71000
1847	2785	71100
2156	3472	71200
1714	3090	71300
916	3109	71300
1270	2674	71400
1778	2836	71500
413	3340	71900
1010	2658	72000
1826	3358	72000
312	2986	72000
441	3475	72200
1955	3135	72400
1657	2978	72400
1444	3153	72900
859	3127	72900
1042	2921	73000
1189	2875	73000
1875	2528	73200
255	2929	73300
1301	2534	73300
124	2995	73400
1065	3483	73500
514	2933	73700
1298	3442	73900
1503	3030	73900
541	3344	74100
2484	3338	74100
1625	3114	74200
1729	2952	74200
897	3106	74700
1524	2738	74800
92	3219	74900
947	2796	75200
1118	3403	75300
609	2519	75400
391	2626	75400
140	3122	75700
1269	2736	75800
1982	3244	75800
1419	2511	75800
561	2627	75900
2321	2901	76100
332	3184	76200
193	3287	76300
1203	3124	76400
16	2518	76400
1198	2786	76700
2171	3483	76800
736	2751	76800
462	2516	76900
2416	2669	77100
1837	2827	77500
1245	3085	77600
926	3292	77700
1166	2599	77800
719	2944	77900
1240	3442	78000
366	2667	78000
1786	3397	78200
124	3452	78400
1816	3341	78500
2477	3228	78600
614	3138	78700
239	3260	78900
417	2524	79000
617	3347	79400
830	2773	79800
728	3144	79800
1783	3342	79800
2036	3487	79900
667	2565	80000
353	2990	80300
177	3251	80400
1715	3024	80400
2019	3021	80600
1010	3189	80700
492	2965	80800
1054	2610	80900
488	2612	80900
1968	3214	81400
1956	2671	81600
357	3124	81800
1353	2732	81800
711	3201	82100
1996	3279	82200
1658	2987	82300
1074	3459	82700
1225	2970	82700
835	3297	82700
917	3226	82700
2434	2931	82800
716	3179	82800
139	3218	82900
1724	2632	82900
2239	3149	83100
1533	2658	83200
92	3309	83300
1457	2510	83500
1102	2569	83700
348	2964	83800
1591	2858	84000
974	2583	84000
1549	3411	84300
460	3076	84400
1991	3465	84500
462	3142	84700
1661	3045	84800
1126	3312	85000
975	3008	85200
1356	2543	85500
1006	3085	85700
2479	3403	85800
1182	2981	85800
2037	3287	86400
1301	3475	86400
42	3036	87100
1864	2963	87200
1144	3212	87300
327	2511	87300
1364	2701	87500
684	3201	87700
1052	3237	87700
2315	3334	87900
913	2977	88000
2290	2965	88200
1737	3066	88700
2014	2692	89200
2198	2849	89600
576	3494	89600
1550	2598	90000
2443	3064	90000
1644	2549	90000
1626	2632	90200
2393	2629	90500
1486	2845	90900
918	2955	90900
1143	3286	91200
331	3036	91200
421	2603	91200
201	2958	91200
1900	3230	91300
702	2616	91500
2113	2773	91600
2117	2781	91600
1762	2771	92000
1126	3409	92400
502	3379	92700
204	2565	92800
1139	2784	92900
17	3323	92900
1002	3324	93100
1043	3358	93300
265	2946	93300
1161	2702	93400
1382	3267	93500
1571	2609	93600
2346	3459	93900
1487	3056	93900
1269	3138	94000
2155	3006	94000
1712	2970	94000
1342	2616	94500
519	2804	94800
901	3226	95000
1261	3231	95400
1530	3189	95700
684	3303	95800
2277	3256	96200
1813	3083	96700
136	2771	97100
1464	3251	97300
127	2737	97500
2034	2614	97600
2493	3380	97700
626	2599	97700
153	2941	97900
1701	2855	98000
978	2568	98200
2154	2599	98300
1773	2953	99300
1226	3398	99400
2437	2549	99700
2447	3177	99800
2284	3347	100400
1532	2847	100600
2465	3288	100800
1544	2598	101000
488	3086	101100
136	3191	101900
1607	3373	102100
756	2701	102300
2365	3303	102400
460	2805	102400
1005	2565	103100
1562	2593	103300
82	2917	103500
49	2518	103600
530	2970	103800
2422	3106	104400
1035	2674	104800
1196	3179	105300
796	3366	105600
2410	2858	105900
1248	2910	106500
404	2790	106900
852	2940	107200
2130	2926	107400
758	3398	108700
1509	2931	108900
209	3461	109000
128	3373	110800
2470	2990	110900
2499	3406	111500
957	3424	111500
1205	2849	112000
765	3110	112900
9	3184	113100
2175	3110	113400
2375	2579	113800
1639	3411	114200
1986	3487	114300
2374	3434	114300
1342	2869	114500
1225	2597	114700
2313	2677	114800
1355	3313	115500
1836	3396	115600
1740	3029	116600
390	2516	116800
2385	2834	117100
1755	2573	117100
1032	2578	117100
1869	3469	117300
1068	3231	117500
2201	2537	118200
1402	3152	118300
2281	3336	118400
2331	3113	118700
1660	2749	119600
1968	3031	120800
2292	2550	120900
1308	2906	121900
583	2977	123000
1108	3456	123600
1407	2967	123800
716	3378	123900
1591	2867	124700
1127	2954	125500
139	2537	126500
1715	2686	126800
2355	3303	127400
1224	2981	128000
2189	3396	128900
1789	3251	129100
1934	3120	129900
2393	3112	130000
2387	3371	130800
2313	2778	130800
1053	2516	131100
1018	2686	131200
416	2687	131700
1059	2679	131900
482	2982	132000
988	3253	132000
797	2533	132200
1380	2849	132200
226	3179	134500
2337	3497	135000
125	3488	136800
1785	2533	137000
1844	2837	137000
99	3145	138000
2375	2798	138800
1078	3086	139000
1396	3212	139500
1528	3148	139700
2219	2551	141200
1116	3494	141700
483	3143	141700
1181	3285	142400
1779	2578	143400
729	3428	144400
103	3123	144900
697	3171	146300
2337	2826	146600
602	2518	147000
1065	3013	147700
1587	3163	148400
799	3314	150000
994	3216	150300
232	2943	151500
1234	2639	152500
308	2855	153500
958	2834	154200
381	2508	154500
780	2616	155200
778	3147	155300
1401	2902	156000
191	3135	157300
1909	2794	158000
874	3362	159500
1090	3136	159500
2261	3089	160000
2220	2862	161700
1656	3038	162100
1365	3060	162600
1220	3260	164700
2179	2686	165500
104	2949	167100
1805	2873	169400
1590	2750	170000
899	3347	170500
810	3246	171300
1161	3486	171800
564	2896	173800
19	2583	174200
1950	2658	174300
37	3469	175400
638	2959	177600
1255	2502	178500
1292	2551	179500
239	3497	182000
360	3256	182200
765	2760	182200
1418	2862	182400
507	2652	183900
1525	3136	184100
430	2502	186100
810	2778	186400
298	3088	188300
1094	3499	190400
937	2877	191700
1219	3359	191900
2045	3333	193300
2409	2743	195100
2440	2639	197100
2147	2820	197300
1395	3346	198900
1234	2996	200100
973	3362	200700
1240	3292	205200
1785	3138	205200
413	3411	210400
1544	3496	211500
601	2773	212900
1955	2648	213800
150	3348	217900
1215	3076	218000
2205	3366	219000
897	2545	219100
2028	2571	219100
1505	3312	219700
1253	3292	225200
282	3052	226900
1136	2593	228600
703	2825	228900
1879	2987	229200
1372	2811	230100
110	2768	230500
1620	3123	231800
1094	3150	232100
1143	3185	235800
1148	3477	237000
679	2579	237800
2045	3486	238000
1674	3052	240500
798	3387	241900
12	3107	247000
1551	2982	251400
1505	3409	252800
1851	2639	258400
2336	3148	258600
2326	3405	259900
1412	3057	260700
2221	2613	260800
390	2736	262000
