1514	2869	200
820	3375	200
1527	2569	200
725	2700	200
1344	3123	200
2217	3496	200
867	2826	200
1956	2908	200
2050	2916	200
1928	2988	200
396	3244	200
622	2728	200
1100	3074	200
1855	3396	200
1653	2879	200
1436	3332	200
240	3355	200
1635	3296	200
85	3092	200
291	3402	200
2174	3300	200
812	3073	200
498	3361	200
975	3221	300
2086	3125	300
2354	3450	300
965	3088	300
2023	3453	300
1597	2658	300
991	2864	300
1109	2923	300
728	2912	300
2012	3071	300
1051	2545	300
1111	2733	300
815	3483	300
895	2791	300
653	3184	300
1560	3474	300
1903	3490	300
2447	3172	300
1122	3212	300
1614	2726	300
231	2858	300
563	3098	300
73	2718	300
132	3461	300
1822	3290	300
519	2813	300
766	3359	300
1581	3342	300
1390	2739	300
2372	2701	300
1533	2933	300
1328	2998	300
1572	2621	300
76	3266	300
1133	2774	300
1688	3165	300
1244	3031	300
1449	3032	300
498	2711	300
1964	3283	400
741	3324	400
1336	3406	400
75	2546	400
1811	3280	400
1013	2833	400
571	2903	400
1036	2775	400
539	3293	400
22	3125	400
815	3058	400
2153	3288	400
2038	3274	400
855	3398	400
2098	2632	400
1804	3459	400
2439	2630	400
1112	2705	400
1668	3275	400
2432	3201	400
603	2887	400
1398	3380	400
1497	3421	400
693	3317	400
682	3141	400
1121	3362	400
0	3456	400
568	2821	400
52	3191	400
967	2938	400
62	2839	400
288	2907	400
2341	3146	400
2031	3207	400
1847	3023	400
2450	2624	400
223	3427	400
2085	3277	400
1746	2795	400
844	3063	400
931	2946	500
1980	2793	500
2459	3404	500
1703	3209	500
1449	3450	500
2044	3003	500
1225	2547	500
1540	2703	500
151	2553	500
1839	3135	500
897	3485	500
1323	3162	500
191	2884	500
2406	2970	500
1172	3382	500
650	3212	500
526	2750	500
58	3022	500
1504	3338	500
144	3072	500
2410	3216	500
605	2707	500
283	2732	500
2056	3035	500
160	3205	500
1443	2708	500
74	3207	500
1748	2724	500
864	3271	500
640	2670	500
385	2645	500
2032	2883	500
1381	2975	600
2347	2927	600
705	3186	600
1848	2896	600
495	2668	600
26	2993	600
2122	3004	600
1815	3386	600
1794	2593	600
1545	2991	600
867	2878	600
2279	2912	600
1672	3008	600
2111	3006	600
1264	3455	600
124	3022	600
2237	3276	600
1714	2760	600
1952	2532	600
2196	3164	600
1444	3379	600
347	3394	600
363	3328	600
856	3473	600
1704	3206	600
1216	3475	600
158	2637	600
2267	2748	600
754	2540	600
1881	3014	600
549	3214	600
2066	3094	600
2135	3054	600
2390	2789	600
980	2911	600
721	3111	600
2216	3187	700
1866	2698	700
1464	2906	700
1464	2772	700
1566	3116	700
1190	3354	700
413	2934	700
714	2574	700
1636	2968	700
2455	2652	700
1079	2838	700
260	2926	700
1170	2725	700
1047	2601	700
730	3493	700
2189	3376	700
443	3174	700
1800	3023	700
2451	3444	700
67	3070	700
1391	3408	700
2243	3240	700
1773	2998	700
165	3241	700
1641	3060	700
1162	3067	800
406	2946	800
661	3363	800
1953	2506	800
814	3230	800
48	3194	800
665	3046	800
562	2562	800
2042	3278	800
2249	2667	800
616	2820	800
1323	3056	800
1257	3256	800
303	3006	800
82	3167	800
2072	2709	800
1958	3020	800
1287	3421	800
2428	2563	800
1869	2552	800
2096	2985	800
1634	2753	800
523	3395	800
1967	2813	800
1208	2523	800
487	3476	800
2301	3120	800
1716	2607	800
2464	2578	800
201	2770	800
824	3060	800
1643	3373	800
1530	3374	800
1180	3449	800
1616	3307	800
1236	3076	800
632	3037	900
1462	2953	900
2078	3441	900
1330	2517	900
623	3235	900
1914	2923	900
1459	2925	900
1744	2767	900
2370	2547	900
2244	2820	900
948	2654	900
760	3425	900
1894	2579	900
188	2705	900
682	3285	900
238	2509	900
1783	2888	900
138	3294	900
1070	2661	900
1814	2968	900
526	2978	900
1879	2773	900
1259	3383	900
2229	2723	900
1769	2854	900
1574	2740	900
1191	2998	900
1726	2546	900
1962	3009	900
412	2975	1000
793	2575	1000
239	3348	1000
18	2635	1000
2226	2733	1000
1266	3321	1000
1538	3222	1000
241	3362	1000
2351	2804	1000
1233	3040	1000
1379	2792	1000
964	3394	1000
1458	2985	1000
253	2666	1000
713	2944	1000
624	3395	1000
348	3265	1000
1338	2854	1000
1502	2739	1000
120	2500	1000
85	2599	1000
1925	3005	1000
917	2721	1000
1725	3073	1000
1688	2653	1000
1462	3234	1100
2231	2511	1100
2444	3357	1100
156	3237	1100
2172	2929	1100
1280	2943	1100
1517	3119	1100
573	2864	1100
2311	2679	1100
2099	2949	1100
2221	2716	1100
2186	2827	1100
745	2784	1100
1564	3064	1100
1549	3138	1100
84	3326	1100
1662	3481	1100
1660	2692	1100
392	2718	1100
2064	3418	1100
503	3488	1100
1652	3397	1100
1590	2972	1100
1960	2578	1100
319	3165	1100
2139	3431	1100
330	2619	1100
1346	2835	1100
215	2921	1100
1055	2946	1200
1370	2965	1200
1694	3194	1200
2276	3480	1200
1013	3449	1200
2049	2952	1200
33	2611	1200
2041	2794	1200
2088	3248	1200
227	2802	1200
2297	3329	1200
2476	2784	1200
1093	2596	1200
978	2935	1200
826	3409	1200
875	3021	1200
1460	3170	1200
828	3085	1200
2351	3052	1200
81	2726	1200
1245	2973	1200
1754	2781	1200
1719	3272	1200
884	3080	1200
1646	2811	1200
1828	2612	1200
732	3120	1200
168	3014	1200
917	3311	1200
1640	2634	1200
33	2518	1300
793	2889	1300
1045	2870	1300
2364	2793	1300
2048	3087	1300
2361	2949	1300
1408	3173	1300
2419	3274	1300
1778	3015	1300
1482	3412	1300
1300	2587	1300
1347	3433	1300
714	2820	1300
1333	2678	1300
1620	3192	1300
2005	2545	1300
767	3321	1300
710	3344	1300
1661	2913	1300
1888	2876	1300
2259	3167	1300
1668	2696	1300
1841	3388	1300
876	3413	1300
24	3190	1300
302	2641	1300
416	2720	1300
1144	2861	1300
737	3341	1300
602	3257	1300
2126	3183	1300
2460	3215	1300
974	2915	1300
1253	3470	1300
2367	3061	1300
398	2642	1300
2270	2766	1300
998	3430	1400
248	2903	1400
2329	2869	1400
2246	3295	1400
658	2625	1400
1702	2848	1400
17	2758	1400
1521	2917	1400
32	3167	1400
54	3285	1400
973	2617	1400
235	2955	1400
1518	2530	1400
1904	2956	1400
449	2918	1400
341	3028	1400
252	2592	1400
499	3476	1400
1835	3360	1400
811	3345	1400
708	3238	1400
2257	3100	1500
2369	3017	1500
1082	3213	1500
2311	2704	1500
2241	3494	1500
2202	3269	1500
2272	3082	1500
511	3372	1500
439	2731	1500
361	2996	1500
187	3256	1500
199	2820	1500
2179	2613	1500
1161	2584	1500
939	2764	1500
2148	3304	1500
111	3447	1500
677	3062	1500
233	2981	1500
112	3193	1500
2081	2540	1500
1296	2958	1500
2378	3470	1500
1722	3112	1500
1711	2543	1500
1484	3238	1500
2490	2843	1600
2285	3237	1600
1227	2943	1600
1813	3454	1600
451	3044	1600
543	2800	1600
273	3432	1600
2458	3294	1600
202	2709	1600
1211	2608	1600
1203	2839	1600
2380	2744	1600
2185	3419	1600
2035	3315	1600
1081	2938	1600
761	2748	1600
870	2708	1600
707	2824	1600
2018	2919	1600
1105	3475	1600
1286	2582	1600
1228	2780	1600
612	2607	1600
1004	3261	1600
2243	2964	1600
1849	2789	1600
1428	2537	1600
2480	2971	1700
790	2817	1700
530	2568	1700
745	2574	1700
2077	3093	1700
1786	2688	1700
2064	2630	1700
1714	3471	1700
1587	3030	1700
1480	3247	1700
1160	3040	1700
1335	2887	1700
647	2792	1700
2407	3216	1700
713	3217	1700
2183	3435	1700
1446	3220	1700
1900	2542	1700
1465	3410	1700
1829	2857	1700
500	2806	1700
722	2559	1700
648	2965	1700
2356	3238	1700
1420	3280	1700
1793	2505	1700
1980	2695	1800
1492	2950	1800
574	3083	1800
93	3368	1800
1368	2893	1800
1052	2569	1800
1906	2510	1800
2052	2862	1800
2258	2513	1800
1072	2759	1800
225	2667	1800
225	3004	1800
2005	2884	1800
1816	2995	1800
2287	2524	1800
1078	2982	1800
363	3446	1800
759	3057	1800
1445	3124	1800
2314	2657	1800
1691	3092	1800
2488	3159	1800
1975	2771	1800
167	2981	1800
354	2999	1800
1892	2559	1800
1443	2863	1800
1238	2860	1800
461	3031	1800
1309	3160	1800
2105	3450	1800
2002	3451	1800
149	3357	1900
1905	3225	1900
2013	2534	1900
2286	3368	1900
1959	3109	1900
1612	2756	1900
159	3433	1900
1732	3454	1900
2071	3495	1900
1993	3386	1900
1654	3106	1900
497	2859	1900
94	2847	1900
2055	2718	1900
1367	2887	1900
1985	2675	1900
366	3299	1900
2073	2563	1900
2492	3149	1900
1939	3024	1900
1760	2601	1900
1912	2825	1900
1059	3446	1900
1565	2824	1900
1967	3089	1900
2396	3265	1900
2394	3257	1900
887	3352	1900
1345	2883	1900
1251	3182	2000
265	3068	2000
190	2685	2000
1708	3266	2000
1997	3032	2000
1517	3140	2000
529	3109	2000
1237	3017	2000
1158	3466	2000
474	2872	2000
1579	2827	2000
1709	3377	2000
1392	2855	2000
1367	3114	2000
2059	2563	2000
672	3093	2000
903	2728	2000
1173	2730	2000
98	3177	2000
1515	3216	2000
1775	3124	2000
2053	2637	2000
785	2816	2000
2248	2594	2000
1529	2904	2000
1750	3261	2000
140	3289	2000
854	2734	2100
653	3442	2100
435	3147	2100
2442	2703	2100
2014	3185	2100
1986	2510	2100
617	2970	2100
1097	3133	2100
195	2726	2100
78	2713	2100
387	2926	2100
233	3258	2100
2379	2914	2100
807	3092	2100
941	2865	2100
1247	2967	2100
1062	2953	2200
515	2812	2200
560	3127	2200
1036	3308	2200
1377	3125	2200
1348	3465	2200
2221	2620	2200
578	2993	2200
1682	2991	2200
2175	2591	2200
1786	3030	2200
1705	2579	2200
1129	3356	2200
2117	2702	2200
1760	2636	2200
1603	2926	2200
1893	2818	2200
62	2690	2200
317	3470	2200
1337	2984	2200
375	2854	2200
1557	2631	2200
1165	2723	2200
2017	2664	2200
1305	2774	2200
1345	2567	2200
515	2679	2300
401	3199	2300
1344	3387	2300
462	2800	2300
1198	2573	2300
2306	3132	2300
1470	2997	2300
527	3158	2300
2009	2822	2300
81	2823	2300
5	3446	2300
856	2622	2300
2080	2781	2300
321	3126	2300
1229	2841	2300
1685	3423	2300
2266	3054	2300
217	2738	2400
998	3199	2400
1632	3227	2400
685	3113	2400
353	3348	2400
1293	2620	2400
725	2767	2400
1284	2712	2400
349	3398	2400
419	3378	2400
1311	3439	2400
768	2799	2400
1684	2641	2400
185	3422	2400
1838	2960	2400
898	2797	2400
305	3200	2400
421	3055	2400
581	3120	2400
2162	2538	2400
744	3265	2400
2194	2845	2500
2231	3017	2500
1387	2952	2500
1027	3278	2500
1377	2850	2500
71	3176	2500
553	2659	2500
1792	3016	2500
1943	2993	2500
134	2951	2500
979	2733	2500
2127	2660	2500
1434	2898	2500
2382	2867	2500
2362	3281	2500
1915	2536	2500
595	3150	2500
1098	2805	2500
2040	3243	2500
2015	2944	2500
1938	3444	2500
1182	2780	2500
1427	3252	2500
257	2522	2500
2069	2817	2600
1138	2554	2600
664	2776	2600
1485	2655	2600
2141	2598	2600
2052	2627	2600
1751	3309	2600
1680	2579	2600
566	3065	2600
1727	2754	2600
1705	2512	2600
929	2544	2600
2214	3392	2600
803	3473	2600
1412	3057	2600
1034	3193	2600
592	2602	2600
148	2725	2600
1621	2561	2600
2158	3224	2600
1133	3005	2600
1217	3428	2600
692	3156	2600
2366	3213	2600
2328	3011	2600
1537	2546	2600
531	3023	2600
1395	2777	2700
1823	3221	2700
1711	2953	2700
43	2889	2700
930	3127	2700
1240	2906	2700
1578	3323	2700
923	3184	2700
1150	3018	2700
680	3208	2700
407	3362	2700
700	2745	2700
1970	3301	2700
1286	2915	2700
1983	3408	2700
1553	2546	2700
1528	3161	2700
461	2803	2700
2065	2511	2800
267	3002	2800
1713	3119	2800
1128	2793	2800
1860	2951	2800
2330	3008	2800
2170	2990	2800
2043	3438	2800
2	2997	2800
1438	3201	2800
1798	3045	2800
897	2976	2800
39	2823	2800
644	2541	2800
2025	2576	2800
2090	2597	2800
1473	3047	2800
646	2866	2800
2008	2719	2800
1116	2604	2800
326	3428	2800
1696	2865	2800
1219	2933	2800
2150	3343	2800
170	3478	2800
591	3080	2800
2456	3105	2900
1467	2877	2900
2427	2681	2900
593	3226	2900
322	2691	2900
1301	2694	2900
2339	3438	2900
2111	3303	2900
2300	2644	2900
1102	2722	2900
2036	3442	2900
2392	3494	2900
978	2940	2900
88	3380	2900
1209	3042	2900
556	2730	2900
808	3359	2900
1458	2594	2900
77	2755	2900
1186	3315	2900
2189	3019	2900
1544	2846	3000
1864	3415	3000
2416	2593	3000
2485	3015	3000
1888	3042	3000
953	2573	3000
1107	3045	3000
1583	3426	3000
1513	3459	3000
275	2940	3000
845	3378	3000
613	3456	3000
589	3013	3000
840	2618	3000
827	2816	3000
857	3086	3000
2154	3278	3100
2215	2629	3100
702	2901	3100
539	2694	3100
2278	2682	3100
1605	3335	3100
863	2667	3100
2312	3412	3100
1679	2794	3100
1136	3487	3100
1919	3326	3100
2433	3022	3100
1134	2541	3100
600	3098	3100
625	2822	3100
2100	3146	3100
152	3479	3100
1230	2687	3100
181	3464	3100
884	3376	3100
2495	3122	3100
1774	3260	3100
455	2914	3100
733	2527	3100
2151	3156	3100
2146	3105	3100
385	3087	3200
1283	2901	3200
1383	3137	3200
1642	3233	3200
522	2668	3200
932	3426	3200
1232	3487	3200
369	3085	3200
912	3351	3200
1978	2626	3200
320	2979	3200
444	2571	3200
2331	2851	3200
1807	3117	3200
835	2999	3200
692	3428	3200
51	3200	3200
2201	2933	3200
634	2886	3300
12	3308	3300
738	3176	3300
2402	2600	3300
1299	3364	3300
11	2830	3300
1766	3071	3300
1483	3128	3300
2254	3130	3300
953	2970	3300
752	3212	3300
504	2652	3300
1606	3151	3300
659	3204	3300
558	2708	3300
641	3171	3300
327	3112	3300
538	3267	3300
1056	3306	3300
2114	2506	3400
2381	3113	3400
739	2786	3400
1734	2623	3400
410	3291	3400
984	3119	3400
2375	2659	3400
954	2737	3400
2041	3008	3400
2166	3050	3400
2060	2590	3400
1907	2849	3400
537	2875	3400
1360	3039	3400
1480	2555	3400
2119	3075	3400
1829	3115	3400
2379	3011	3400
901	3406	3400
1406	2803	3400
1757	3324	3500
1218	3484	3500
734	3209	3500
1061	2833	3500
1989	2943	3500
1467	2717	3500
1354	3131	3500
1827	3198	3500
296	2504	3500
987	3425	3500
2258	3426	3500
2097	2826	3500
142	3407	3500
192	3018	3500
1973	3398	3500
178	2908	3500
1591	3020	3500
108	2867	3500
194	2832	3500
2441	3033	3500
1910	3392	3500
555	3051	3500
1622	2955	3500
2414	2671	3500
2418	2501	3500
1916	2578	3500
2383	2701	3500
846	2967	3500
1165	2589	3500
165	3210	3500
2425	3087	3600
2078	3357	3600
739	3088	3600
2483	3415	3600
1386	2829	3600
1599	2790	3600
79	2992	3600
246	2882	3600
1736	3329	3600
1190	3487	3600
1053	3251	3600
1181	3477	3600
1564	3059	3600
1121	3000	3600
1868	3175	3600
1563	2720	3600
1655	2525	3600
757	3352	3600
2390	2810	3600
2224	2653	3600
1574	3416	3600
1852	3427	3600
1819	3237	3700
1138	2515	3700
905	2850	3700
575	2659	3700
1368	2528	3700
950	3381	3700
854	2654	3700
2177	3274	3700
530	3366	3700
413	2590	3700
374	2693	3700
2434	2749	3700
1083	3485	3700
945	3021	3700
196	2940	3700
1944	3481	3700
400	3170	3700
1504	3143	3700
2496	2956	3700
1134	3419	3700
1845	2624	3700
1358	3102	3700
1767	3374	3700
813	3343	3700
536	3363	3800
1343	2886	3800
950	3218	3800
1923	3450	3800
482	3482	3800
1548	2826	3800
331	3351	3800
47	2749	3800
579	2713	3800
334	2988	3800
513	3244	3800
2318	3129	3800
1979	3078	3800
21	3301	3800
613	3440	3800
2327	2708	3800
344	2628	3800
1090	3041	3800
761	3157	3800
341	2527	3800
285	3444	3800
1861	2815	3800
215	3469	3800
2347	3077	3900
1612	3430	3900
2147	3295	3900
2013	2694	3900
460	3286	3900
1283	2504	3900
849	3391	3900
389	2827	3900
609	2588	3900
361	3472	3900
125	3036	3900
792	2686	3900
1278	2574	3900
1490	2801	3900
2440	3353	3900
2077	3018	3900
828	2672	3900
949	2557	3900
1349	2612	3900
2335	2615	3900
2003	2628	3900
859	2967	3900
861	3306	3900
337	2647	3900
89	3241	4000
1057	2833	4000
1744	2655	4000
1456	3189	4000
258	2849	4000
1522	3058	4000
2097	2878	4000
136	3378	4000
2098	2836	4000
92	3178	4000
496	3281	4000
1026	2887	4000
2140	3039	4000
479	2788	4000
1080	3262	4000
2431	3108	4000
179	3390	4000
1865	2964	4000
835	2994	4000
1069	2650	4000
1580	3259	4000
1239	2807	4000
1407	2738	4100
960	3230	4100
2132	3308	4100
1281	2679	4100
1792	3364	4100
1123	2829	4100
1058	3317	4100
2440	2672	4100
429	3319	4100
126	3045	4100
2184	2720	4100
890	2564	4100
1901	2894	4100
1124	2535	4100
1743	2559	4100
1580	3231	4100
373	2664	4100
2356	3443	4100
1025	3228	4200
2401	3496	4200
2043	2934	4200
522	3288	4200
2218	2761	4200
1788	2827	4200
1690	3066	4200
2462	2713	4200
1706	3417	4200
606	3326	4200
1454	2663	4200
2274	3461	4200
1995	2954	4200
1684	3102	4200
2129	3355	4200
36	3097	4200
2093	3171	4200
2061	3423	4200
340	3464	4200
2316	2808	4200
1382	3159	4200
1388	2852	4200
1315	3297	4200
1530	3470	4200
1664	3088	4200
1615	3063	4200
1999	3067	4300
1145	3346	4300
351	3140	4300
1389	3495	4300
727	2871	4300
1340	2722	4300
464	3413	4300
2469	2630	4300
2179	3141	4300
1008	2805	4300
53	2890	4300
690	3299	4300
2326	3146	4300
0	3440	4300
214	2507	4300
772	2768	4300
69	3171	4300
51	3310	4300
290	2575	4300
2307	2921	4300
211	2529	4400
2329	2502	4400
1461	2759	4400
2315	3381	4400
750	3308	4400
182	3048	4400
2197	3144	4400
2149	3331	4400
2214	2613	4400
235	3287	4400
510	2709	4400
1397	2675	4400
1120	2960	4400
405	2797	4400
1931	3130	4400
1487	2781	4400
98	3396	4400
74	2707	4400
240	3479	4400
757	2780	4400
34	3102	4400
766	2769	4400
1861	2919	4400
937	3434	4400
744	2810	4400
1649	2603	4400
1432	3282	4500
2342	3406	4500
342	2681	4500
916	2699	4500
2423	2551	4500
642	3330	4500
774	2590	4500
2292	2801	4500
2259	3331	4500
580	3380	4500
1006	2773	4500
2262	3262	4500
467	2837	4500
641	3117	4500
1277	3051	4500
2431	2732	4500
176	3444	4500
971	2645	4500
1141	3374	4500
376	2741	4500
577	3161	4500
1110	2605	4500
860	2642	4500
470	2651	4600
1905	3121	4600
1957	2966	4600
353	3273	4600
797	3293	4600
611	2649	4600
471	3131	4600
2477	3044	4600
2395	3346	4600
1702	3426	4600
1310	2976	4600
524	2783	4600
1958	2524	4600
206	2675	4600
1969	3471	4600
2155	3499	4600
163	2622	4600
301	2542	4600
756	2860	4600
1949	2789	4600
678	3105	4600
1700	3320	4700
1701	2959	4700
2156	2893	4700
2416	2700	4700
916	2934	4700
1	3096	4700
2058	2848	4700
1042	3377	4700
232	3417	4700
1076	2890	4700
2031	3211	4700
288	3401	4700
2001	2813	4700
643	2707	4700
1863	3041	4700
2464	2844	4700
1137	2989	4700
1073	3271	4700
362	2721	4700
2454	2621	4700
1471	3308	4800
830	3050	4800
984	3058	4800
959	3433	4800
377	3334	4800
2058	3204	4800
1973	3038	4800
559	3390	4800
1965	3101	4800
1577	3396	4800
938	3080	4800
386	3352	4800
1885	2560	4800
1576	3267	4800
1508	3160	4800
1752	2505	4800
1362	2537	4900
1556	3357	4900
211	2846	4900
27	2581	4900
262	2616	4900
695	2832	4900
2479	2831	4900
1046	2825	4900
1429	3460	4900
50	3220	4900
1777	2650	4900
724	3279	4900
585	3300	4900
2134	2706	4900
426	3322	4900
2051	3063	4900
1095	3017	5000
518	2685	5000
434	2515	5000
435	3038	5000
103	2714	5000
981	3370	5000
164	2947	5000
1948	3294	5000
852	3485	5000
1503	2859	5000
2208	2686	5000
241	3000	5000
1416	3488	5000
582	3072	5000
542	2930	5000
52	3255	5000
1761	3350	5000
952	2755	5000
1865	3122	5000
1625	3260	5000
640	2647	5000
1670	2556	5000
1184	2621	5000
475	3148	5000
1550	2674	5100
365	3230	5100
239	2517	5100
1507	2949	5100
2370	2633	5100
1552	2912	5100
597	2551	5100
1152	3455	5100
192	3353	5100
2169	2924	5100
805	3379	5100
1595	3397	5100
1994	2719	5100
655	3443	5100
2062	3025	5200
2283	3235	5200
536	3119	5200
2180	2502	5200
1723	3004	5200
1966	2800	5200
881	2510	5200
1312	2588	5200
282	2620	5200
309	2633	5200
1674	3284	5200
46	3168	5200
1306	3317	5200
1560	3486	5200
2360	2916	5200
1088	2730	5200
1448	2854	5200
645	2637	5200
1044	2904	5200
2444	3441	5300
190	2691	5300
550	2674	5300
675	3295	5300
1598	3346	5300
1440	2531	5300
128	2898	5300
1698	2785	5300
6	3219	5300
9	3309	5300
1326	2942	5300
130	2750	5300
2343	3383	5300
1992	3338	5300
2247	2985	5300
2398	2892	5300
1164	3491	5300
476	2894	5300
204	2818	5300
1619	2719	5300
97	2540	5300
765	2500	5300
1641	3462	5300
381	2741	5300
1508	3031	5300
1324	2946	5400
1037	2756	5400
1493	3226	5400
1317	3015	5400
909	2635	5400
587	3025	5400
1380	3042	5400
830	2731	5400
106	3208	5400
1378	3367	5400
2489	3090	5400
1233	3152	5400
1246	3498	5400
921	3089	5400
1846	2676	5400
1208	3265	5400
2340	3041	5400
691	3055	5400
1665	3402	5400
718	3289	5400
1167	2635	5500
1787	2903	5500
1067	2517	5500
2038	3083	5500
2303	3330	5500
524	2749	5500
914	3455	5500
993	2728	5500
527	2978	5500
1638	2750	5500
1936	2566	5500
2445	3247	5500
2455	2608	5500
1753	2857	5500
870	2690	5500
724	3464	5500
317	2615	5500
1174	3241	5500
557	2886	5600
633	3113	5600
1609	2554	5600
1874	3107	5600
629	2948	5600
2103	2654	5600
244	2931	5600
1513	3168	5600
1097	2587	5600
866	3222	5600
2208	2916	5600
1282	3052	5600
2255	3360	5600
2293	3196	5600
2310	2527	5600
667	2808	5600
1998	2500	5600
423	3445	5600
452	3249	5600
1891	2812	5700
596	3233	5700
38	3411	5700
1730	3330	5700
1490	3185	5700
638	2727	5700
1483	3222	5700
1202	2783	5700
1764	3378	5700
2045	2848	5700
2142	3305	5700
2360	3490	5700
1921	3405	5700
1559	3007	5700
990	3084	5700
1996	3315	5700
1526	2805	5700
34	3153	5700
2151	3410	5700
218	2557	5700
1871	3316	5700
473	3313	5700
2046	2567	5700
1506	2737	5800
1682	3337	5800
1674	2880	5800
1119	2784	5800
1896	2752	5800
779	3007	5800
1100	2662	5800
416	2566	5800
229	2851	5800
938	2842	5800
2377	2787	5800
2484	3257	5800
1542	2534	5900
1324	2741	5900
1476	3484	5900
738	3026	5900
1271	2939	5900
2388	3253	5900
1601	2593	5900
1521	2587	5900
1995	2610	5900
1256	2743	5900
1820	3488	5900
41	2723	5900
926	3126	5900
338	3283	5900
2200	3277	5900
1617	2635	6000
1179	3166	6000
2022	2809	6000
1602	2827	6000
639	2759	6000
2256	3364	6000
1155	3192	6000
208	3425	6000
9	3138	6000
525	3336	6000
662	3409	6000
2273	3338	6000
2291	2973	6000
644	3419	6000
615	3479	6000
2057	2803	6000
1298	2891	6100
1221	2646	6100
1270	3369	6100
780	2694	6100
1930	2925	6100
2471	2871	6100
2092	2593	6100
1698	3251	6100
197	2947	6100
1411	2847	6100
1768	3421	6100
1394	3188	6100
186	3338	6100
230	3084	6100
2482	2805	6100
41	2732	6100
327	3205	6100
1220	2537	6100
655	3238	6100
1213	3068	6200
1041	3291	6200
1471	2992	6200
1498	2809	6200
1729	3043	6200
2479	3151	6200
749	3389	6200
1707	2788	6200
1653	2963	6200
1634	2525	6200
1352	3041	6200
2232	2937	6200
166	3307	6200
1279	2992	6300
1736	3042	6300
1312	2751	6300
1699	2715	6300
1840	2549	6300
1313	2916	6300
359	2676	6300
1753	2781	6300
841	2779	6300
851	2697	6400
571	2900	6400
93	3369	6400
1544	2974	6400
2206	2840	6400
1516	3181	6400
1350	3050	6400
800	3337	6400
332	3180	6400
1735	2584	6400
1499	2973	6400
1589	3090	6400
1712	2597	6400
1078	2735	6400
163	2930	6400
2389	3390	6400
2478	3049	6400
293	3229	6400
1217	2595	6400
501	2937	6400
1320	3060	6400
670	3271	6400
1849	2810	6400
1495	3249	6400
2032	2567	6400
442	2835	6500
1258	2697	6500
1455	2864	6500
715	2712	6500
1818	2945	6500
187	2702	6500
727	3118	6500
1955	3099	6500
1409	2853	6500
2239	3090	6500
1559	3457	6500
630	2814	6500
1868	3299	6500
39	3394	6500
2020	2557	6500
1584	2560	6600
1718	2529	6600
471	3233	6600
462	2528	6600
1780	2516	6600
885	3099	6600
1880	3167	6600
384	2902	6600
1563	2907	6600
1622	3287	6600
996	2920	6600
394	3279	6600
2307	2932	6600
2122	2667	6700
1984	2826	6700
2144	2794	6700
703	2785	6700
332	2931	6700
2299	3106	6700
1306	3195	6700
2295	2530	6700
2007	3397	6700
1254	2661	6700
1770	3177	6700
1047	3075	6700
1977	2747	6700
862	2914	6700
907	2899	6700
817	3283	6800
2195	2537	6800
83	3046	6800
367	2534	6800
1498	3230	6800
1878	2581	6800
1340	3064	6800
1867	3349	6800
1903	3175	6800
2254	3172	6800
994	3392	6800
404	3193	6800
2319	3422	6800
2348	3350	6800
1557	3092	6800
2261	2825	6800
268	3001	6800
1626	3199	6900
888	2683	6900
2285	3186	6900
618	2699	6900
1240	3106	6900
1267	3274	6900
1720	3242	6900
1699	2613	6900
1896	2785	6900
61	3294	6900
2121	2626	6900
537	2713	6900
818	2690	6900
1610	3084	6900
643	2609	6900
354	3076	6900
1419	3263	6900
1342	2506	6900
465	3449	6900
1218	2843	7000
1790	3302	7000
893	2572	7000
619	2896	7000
433	2834	7000
1920	2948	7000
948	3424	7000
2313	3180	7000
2059	3195	7000
467	2858	7000
1005	3124	7000
730	3360	7000
2037	2665	7000
1291	2984	7000
2301	2868	7000
2294	3174	7000
2085	3313	7000
1758	2645	7100
1741	2835	7100
1	2625	7100
379	2681	7100
1890	2951	7100
2019	3145	7100
2145	2709	7100
1006	2855	7100
1595	2924	7100
936	3492	7100
904	2652	7100
831	3350	7100
440	2725	7100
1725	2789	7100
1422	2506	7100
607	2883	7100
661	3154	7200
1407	2896	7200
1322	2511	7200
2219	2529	7200
1410	2593	7200
1425	3253	7200
2453	3185	7200
1450	2995	7200
271	3294	7200
2125	2555	7200
1933	2956	7200
1670	3313	7200
1184	2741	7200
2309	3161	7200
631	2537	7300
1356	3197	7300
2419	3454	7300
1393	3393	7300
1210	3412	7300
206	3492	7300
100	3168	7300
1697	3446	7300
299	3405	7300
1863	3470	7300
139	2911	7400
2253	2562	7400
925	2882	7400
1118	2830	7400
212	2772	7400
457	3495	7400
2264	3452	7400
1520	2587	7400
121	3319	7400
1956	2726	7400
1378	2610	7400
1313	2565	7400
2332	3290	7400
858	2806	7400
2025	3255	7400
2327	2863	7400
276	3478	7400
1929	3296	7400
294	2852	7400
1385	2843	7400
223	3086	7500
1210	2759	7500
292	3370	7500
433	2909	7500
244	3180	7500
3	3411	7500
681	3116	7500
2027	2762	7500
456	3276	7500
1491	3437	7500
175	2847	7500
1833	3340	7500
194	3299	7500
1916	2844	7500
2000	2813	7500
1453	3316	7500
2498	2604	7500
1238	2650	7500
2091	3127	7500
1787	3280	7600
552	2699	7600
1262	2511	7600
1322	2649	7600
2204	2955	7600
2252	3022	7600
1160	3152	7600
637	3024	7600
1334	2792	7600
4	3392	7600
1618	2723	7600
534	3112	7600
2320	2958	7600
1057	3210	7700
2393	3026	7700
1354	2704	7700
1862	2846	7700
1608	3354	7700
1053	2733	7700
1890	2751	7700
2385	3337	7700
1661	3330	7700
1402	3085	7700
1421	2928	7700
1733	2798	7700
316	2676	7700
2319	3103	7700
592	3440	7700
1782	2944	7700
1666	2740	7700
2159	3322	7700
678	2611	7700
2251	3345	7700
1414	3071	7800
422	3228	7800
2088	3140	7800
1740	3436	7800
2019	2633	7800
666	2849	7800
2453	3487	7800
1371	3021	7800
364	2801	7800
2487	2936	7800
686	3497	7800
784	2642	7800
2182	3161	7800
2357	3468	7800
131	2812	7900
604	3329	7900
2477	3302	7900
669	2912	7900
1276	3065	7900
798	3413	7900
1325	2855	7900
555	2956	7900
1363	2907	7900
1810	3328	7900
2039	3322	7900
2436	2999	7900
1019	3224	7900
1802	2666	7900
824	2763	7900
751	2962	7900
1043	3186	8000
1506	3274	8000
1924	2513	8000
2363	3407	8000
115	2908	8000
1689	3290	8000
588	2612	8000
280	2657	8000
1423	2782	8000
722	2920	8000
943	2815	8000
166	3361	8000
2404	2870	8100
18	2874	8100
616	2643	8100
1269	2826	8100
889	2773	8100
2119	2636	8100
478	3124	8100
2331	3069	8100
1901	2609	8100
1569	2607	8100
1749	3062	8100
2039	2811	8100
1821	2606	8100
2463	2904	8100
1432	2966	8200
2324	2729	8200
261	3128	8200
1397	2758	8200
366	3281	8200
1745	2692	8200
2090	3069	8200
420	2861	8200
158	3272	8200
154	2980	8200
2224	2500	8200
68	3165	8200
282	2767	8300
1926	3368	8300
2205	3065	8300
2188	2672	8300
396	3129	8300
1658	2677	8300
1779	3446	8300
1691	2631	8300
1244	3160	8300
908	2710	8400
465	2819	8400
2042	2606	8400
2275	3391	8400
2499	3029	8400
2465	3452	8400
1139	2912	8400
313	3317	8400
59	3212	8400
1364	3497	8400
952	3255	8400
2428	3090	8400
1857	2999	8400
2481	2570	8400
2018	2747	8400
370	3402	8400
931	3430	8500
1304	3010	8500
44	3119	8500
1514	2502	8500
1470	3110	8500
1171	2752	8500
1229	2602	8500
2495	2967	8500
358	3063	8500
687	2664	8500
2420	3094	8500
446	3077	8600
777	2623	8600
2171	3411	8600
1033	3483	8600
659	3353	8600
84	3389	8600
1140	3447	8600
1419	3054	8600
2029	3252	8600
1456	3403	8700
557	3295	8700
1307	3490	8700
2422	3172	8700
59	3340	8700
2159	3076	8700
2240	3104	8700
847	2950	8700
2352	3322	8700
2289	2738	8800
1701	2547	8800
308	2614	8800
469	3380	8800
218	2684	8800
1573	2525	8800
962	3239	8800
394	3080	8800
1314	3250	8900
2412	3121	8900
1300	3417	8900
1589	3000	8900
879	2740	8900
1055	2741	8900
1536	2927	9000
1251	3154	9000
1700	3339	9000
2272	2693	9000
533	3264	9000
2397	2591	9000
1816	2577	9000
749	3326	9000
328	2915	9000
2335	2769	9000
688	2987	9000
1085	2522	9000
1571	2852	9100
1629	2543	9100
1874	2640	9100
2136	2957	9100
451	3139	9100
1038	2772	9100
804	2660	9100
2442	2945	9100
636	3050	9100
1548	2551	9100
324	3439	9100
328	3183	9100
1925	3489	9100
1374	2933	9100
455	3011	9100
1399	3181	9200
881	3384	9200
277	2648	9200
191	3033	9200
1751	3219	9200
873	3093	9200
2096	2594	9200
365	2809	9300
927	2519	9300
2399	3180	9300
1189	2875	9300
122	3072	9300
2463	2619	9300
1085	3091	9300
1536	2905	9400
1075	2843	9400
2317	2965	9400
506	2794	9400
1425	2876	9400
2349	2867	9400
710	2521	9400
359	2828	9400
1712	3069	9400
1472	3061	9400
1401	2989	9400
2328	2543	9400
2150	2962	9400
116	2682	9500
2021	3481	9500
1803	3338	9500
1334	3388	9500
2240	3092	9500
651	3404	9600
10	3079	9600
1587	2688	9600
2016	3365	9600
1187	3460	9600
1835	3489	9600
2109	3361	9600
1534	2595	9600
1877	2992	9700
638	3303	9700
869	2503	9700
544	2902	9700
122	3134	9700
1054	2799	9700
150	2663	9700
1359	2674	9800
1156	3121	9800
1848	2738	9800
101	2812	9800
711	3425	9800
466	2765	9800
1667	2512	9800
968	3344	9800
1287	2750	9800
135	3030	9800
920	2583	9800
148	2922	9800
1972	3014	9800
2367	2500	9800
1428	2674	9900
1909	2710	9900
702	3293	9900
105	3083	9900
1486	3371	9900
2282	3358	9900
2136	2668	9900
182	2678	9900
2417	3201	9900
46	2736	9900
226	3331	9900
1460	3158	9900
680	3141	9900
689	3292	9900
771	2984	9900
623	3166	10000
2465	3109	10000
800	2991	10000
495	2957	10000
2210	3242	10000
448	2913	10000
1880	2626	10000
199	2574	10000
778	2995	10000
1331	3013	10000
347	2671	10000
1841	2792	10000
1415	2811	10000
2118	3314	10000
567	3127	10000
2133	3088	10000
832	2834	10100
1302	3437	10100
2033	2847	10100
2298	3319	10100
1108	3276	10100
1806	3150	10100
1248	3447	10100
540	2687	10100
563	3051	10100
652	2549	10100
1716	3401	10100
1116	3103	10100
591	2842	10100
1836	3445	10100
972	3478	10100
658	3466	10200
346	3386	10200
1623	2727	10200
35	3494	10200
673	3471	10200
2112	3024	10200
1931	3473	10200
1416	2671	10200
1030	2927	10200
1950	2506	10200
2118	3160	10200
70	3268	10300
1393	3107	10300
1790	3354	10300
474	2620	10300
356	3079	10300
1923	2746	10300
1642	2934	10300
1468	3317	10300
1496	2799	10300
997	2985	10300
1448	2602	10300
1573	2753	10300
1862	2974	10400
70	3199	10400
1226	2722	10400
1225	2959	10400
1226	2712	10400
242	2551	10400
1060	2867	10400
973	2720	10400
298	2743	10400
2437	2788	10400
2474	2748	10400
65	2807	10400
91	3187	10500
2276	3254	10500
735	3109	10500
1832	2669	10500
174	2558	10500
221	2768	10500
256	2987	10500
446	3291	10600
1908	3116	10600
2034	2871	10600
1870	3145	10600
172	2579	10600
889	2836	10600
1311	3164	10600
807	2599	10600
980	2600	10700
851	2914	10700
1516	3083	10700
1299	2574	10700
2034	3329	10700
472	3110	10700
261	3134	10700
1525	2743	10700
686	2692	10700
576	3272	10700
145	3220	10700
783	2624	10700
861	3449	10700
1236	3213	10700
2480	2850	10800
2393	2600	10800
329	2943	10800
113	3375	10800
1729	2775	10800
198	2802	10800
125	2648	10800
829	2604	10800
740	3243	10800
289	2695	10900
1178	2809	10900
596	3109	10900
3	3036	10900
1105	2769	10900
104	3277	10900
1501	3280	11000
651	3012	11000
2045	3204	11000
1780	3467	11000
2233	2521	11000
377	2669	11000
1103	3190	11000
582	2841	11000
357	3024	11000
256	3279	11000
89	3237	11000
333	2717	11100
43	2939	11100
177	2906	11100
792	2503	11100
212	2715	11100
2142	2798	11100
1840	3246	11100
1084	3257	11100
746	3023	11100
1635	2770	11100
2372	3400	11100
965	2932	11100
564	3067	11200
1843	2655	11200
649	2945	11200
600	3051	11200
2007	3385	11200
1796	2863	11200
1540	2945	11300
2376	3349	11300
1093	3303	11300
1709	2590	11300
2333	3435	11300
1127	3057	11300
2075	3350	11300
1200	2677	11300
326	2983	11300
1644	3105	11300
1488	3316	11300
1224	3306	11300
1062	3234	11400
872	3155	11400
1348	2679	11400
2325	3370	11400
1690	2520	11400
852	2976	11400
1735	2875	11400
400	2917	11400
504	3097	11400
1673	2744	11400
898	3035	11400
1663	3115	11400
2473	2983	11400
1369	2780	11400
2065	2529	11500
1813	2840	11500
157	3369	11500
2471	3167	11500
1789	2520	11500
1976	3417	11500
1727	2888	11500
119	2563	11500
568	2610	11500
1048	3035	11500
1117	3115	11500
458	2777	11500
1962	2670	11500
1243	3406	11600
1195	3237	11600
1166	2941	11600
764	2873	11600
712	3467	11600
123	3356	11600
1023	3460	11600
1098	3152	11600
2288	2501	11600
1584	2812	11700
445	2793	11700
1930	3016	11700
1452	2951	11700
2373	3189	11700
2399	2931	11700
20	2791	11700
1277	3098	11700
1647	2918	11700
834	3034	11700
127	3196	11700
787	3479	11700
1633	3297	11700
1541	2714	11800
1010	3251	11800
590	3436	11800
1842	2633	11800
119	3421	11800
1992	3143	11800
791	3061	11800
1040	3005	11800
946	2903	11800
2308	3484	11900
1710	2548	11900
454	2675	11900
967	3053	11900
2211	2788	11900
243	2539	12000
91	3073	12000
180	3254	12000
747	2995	12000
2239	3188	12000
755	2662	12000
1677	2857	12000
2350	2550	12000
1681	3267	12000
1681	2817	12000
2322	3373	12000
1477	3330	12100
2225	3455	12100
1585	2591	12100
489	2979	12100
970	3220	12100
799	3359	12100
424	3444	12100
1964	2874	12200
1341	2554	12200
2242	2794	12200
1461	3295	12200
2323	3433	12200
126	2503	12200
2391	2666	12200
2467	2603	12300
1778	3371	12300
899	3201	12300
1904	3117	12300
216	3115	12300
554	2808	12300
2116	3209	12400
1271	2717	12400
1106	3496	12400
747	2935	12400
923	2884	12400
1223	3389	12400
848	3340	12400
1066	2850	12500
912	2548	12500
464	2831	12500
2445	3379	12500
161	3086	12500
942	3231	12500
1145	2518	12600
1676	2699	12600
1285	2872	12600
2171	3270	12600
1982	3331	12600
307	2570	12600
842	2674	12700
696	2679	12700
2386	2895	12700
1675	2929	12700
1926	3403	12700
2249	3004	12700
932	2733	12700
54	3385	12700
1651	3420	12700
450	2628	12700
2412	2941	12800
388	3032	12800
1932	2656	12800
2300	2667	12800
513	3059	12800
1592	3400	12800
1761	2525	12800
871	2589	12800
819	2829	12900
2228	2992	12900
2063	2973	12900
2112	3355	12900
880	2564	12900
382	2543	12900
2413	3234	13000
2084	2757	13000
1693	2759	13000
762	2625	13000
976	3321	13000
1172	2530	13000
821	3084	13000
1817	2507	13000
69	3410	13000
2066	3322	13000
905	3282	13100
1500	2598	13100
164	3477	13100
72	2551	13100
929	3135	13100
96	2608	13100
1669	3292	13100
781	2585	13100
1918	2589	13100
1321	2697	13200
1128	3314	13200
509	3209	13200
494	2761	13200
1135	3347	13200
810	3036	13200
1024	3490	13200
1177	2924	13200
2487	3030	13200
2466	2885	13200
668	2719	13200
2192	3374	13200
1089	3010	13300
1608	3302	13300
2187	2761	13400
1194	2831	13400
1512	2898	13400
603	2752	13400
1928	2918	13400
2165	2561	13400
404	2922	13400
57	3182	13400
842	2539	13500
250	2976	13500
736	3497	13500
992	2856	13500
1349	3327	13500
1685	3070	13500
910	2526	13500
743	2900	13500
336	2712	13600
1026	2754	13600
1808	2972	13600
348	2810	13600
968	3452	13700
114	3114	13700
1855	2536	13700
63	2564	13700
95	3357	13800
1734	3008	13800
228	2737	13800
1582	2945	13800
977	2663	13800
935	2662	13800
690	3175	13800
983	3401	13800
989	2525	13800
1069	2860	13800
1695	2502	13900
574	3280	13900
1408	2893	13900
2385	2859	13900
1177	3244	13900
1686	2612	13900
470	2877	14000
1451	2689	14000
2233	3482	14000
77	2987	14000
265	2756	14100
1297	3186	14100
610	2689	14100
1327	2715	14100
2204	3407	14100
1465	3156	14100
1889	2870	14100
1372	2539	14200
30	3434	14200
1089	2829	14200
502	3003	14200
1588	2671	14200
1201	3035	14200
1846	2828	14200
152	3169	14200
60	2900	14200
886	3116	14300
331	2713	14300
1763	3304	14300
1001	3341	14300
1241	2799	14300
1618	2777	14300
833	2845	14400
180	2651	14400
1598	2554	14400
2284	3358	14400
1805	2873	14400
957	3439	14400
49	3493	14400
372	2755	14400
1318	3104	14400
795	2664	14400
946	3463	14500
2409	3415	14500
1183	3045	14500
617	3486	14500
2160	2814	14500
1175	2846	14600
610	2656	14600
2163	3387	14600
61	2648	14600
1126	3244	14600
1331	2533	14600
1442	2677	14600
1853	3420	14600
281	2879	14600
565	2723	14600
237	3148	14600
1640	3399	14600
2137	3289	14600
203	2656	14700
1934	3290	14700
1153	3352	14700
1696	3091	14700
290	2889	14800
763	3232	14800
1609	3189	14800
1954	2878	14800
899	3038	14800
1856	2784	14900
1108	3382	14900
357	2985	14900
2004	3464	14900
720	3095	14900
183	2810	14900
1648	3484	14900
955	3454	15000
2299	2598	15000
1763	2820	15000
2265	3423	15000
453	2543	15000
1488	2546	15000
888	3484	15100
113	3458	15100
636	2644	15100
197	3347	15100
1839	2544	15100
924	2765	15100
1248	3318	15100
350	2853	15100
64	3074	15100
608	3447	15100
1828	3327	15100
784	3234	15100
2304	2535	15100
1234	3033	15200
1039	3041	15200
2213	3169	15200
1885	2946	15200
1637	2970	15300
958	2880	15300
1265	3344	15300
599	2583	15300
882	2823	15300
1473	3019	15300
2435	3435	15300
1130	2953	15300
1555	2878	15400
1631	3134	15400
2185	2541	15400
310	2501	15400
2068	3209	15500
709	2757	15500
512	2896	15500
1959	2586	15500
698	3233	15500
561	2772	15500
2145	3495	15500
1547	2563	15500
2165	2779	15500
559	3115	15500
501	2860	15500
1961	2518	15500
289	2621	15600
1385	2965	15600
2405	3202	15600
2459	3012	15600
1752	3225	15600
629	3123	15600
259	3059	15600
2080	3448	15600
1558	2701	15600
809	2999	15600
2308	2870	15700
1341	3346	15700
919	2704	15700
521	3079	15700
2168	3146	15700
65	2739	15700
843	3063	15700
1562	2591	15800
2438	3332	15800
167	3258	15800
2193	2724	15800
1166	3155	15900
1715	3042	15900
2446	3132	15900
1308	2804	15900
316	2828	15900
545	3101	15900
1722	3205	15900
1489	2559	15900
87	2795	16000
1197	3088	16000
1898	3261	16000
2429	3372	16000
621	2715	16000
579	3351	16000
2422	3130	16000
171	3362	16000
1080	2981	16000
1353	2642	16000
1124	3031	16000
671	3468	16000
840	3007	16100
806	2907	16100
1132	2631	16100
2015	3217	16100
1131	2845	16100
1478	2974	16200
770	3291	16200
1507	2655	16200
1491	3264	16200
1194	3151	16200
786	2732	16200
2229	2582	16200
2497	2624	16200
1543	3229	16200
1294	3297	16200
2079	3016	16300
1932	2689	16300
1941	2784	16300
1161	3082	16300
825	2607	16300
786	2618	16300
1258	2776	16400
29	2586	16400
1920	2762	16400
2138	2892	16400
1439	3423	16400
476	2782	16400
1437	3194	16500
1383	2776	16500
1907	3452	16500
1532	3366	16500
507	3497	16500
293	2933	16500
1892	3161	16500
2234	3083	16600
1209	2876	16600
380	2548	16600
1655	2753	16600
570	3221	16700
2323	3173	16700
207	3371	16700
2426	3137	16700
1695	3433	16700
2030	3495	16700
2173	3385	16700
488	2589	16700
255	3381	16800
2192	3476	16800
1188	3277	16800
1214	3187	16900
217	2896	16900
546	2658	16900
1510	3144	16900
1254	2630	16900
2265	2617	16900
1659	3148	16900
378	2656	17000
891	3227	17000
1282	2855	17000
2269	3007	17000
1022	3489	17000
1771	3476	17000
664	3137	17100
2417	2639	17100
1289	3286	17100
2281	3099	17100
2408	3175	17100
1007	2960	17100
2354	2746	17200
1266	2702	17200
2382	3114	17200
935	2676	17200
857	2580	17200
839	3197	17300
1115	2722	17300
1250	2754	17300
1412	2838	17300
809	2550	17300
2429	2680	17400
2	3110	17400
266	3244	17400
339	3039	17400
1588	2814	17400
399	3307	17400
879	2763	17400
1239	3310	17400
16	2757	17500
684	3184	17500
2115	3232	17500
2026	3018	17500
662	3000	17500
1074	3081	17500
771	2998	17500
996	2961	17500
173	2599	17500
2405	3469	17600
893	2796	17600
711	2639	17600
595	2960	17600
2095	3342	17600
545	3420	17600
147	3153	17700
2448	3298	17700
447	2754	17800
2143	3401	17800
283	3108	17800
1666	3416	17800
2235	2682	17900
1284	3387	17900
1179	2596	17900
234	2573	17900
352	2728	17900
1940	3149	17900
499	2787	17900
305	3310	17900
1949	2777	17900
149	3441	18000
657	2835	18000
2286	3403	18000
1176	3494	18000
2202	2742	18000
832	2909	18000
855	3378	18000
86	3482	18000
1389	3233	18000
1628	3385	18000
940	2815	18000
1633	2556	18000
1052	3480	18100
1789	3181	18100
1772	2731	18100
1204	3379	18100
1127	3051	18100
1971	3062	18100
974	2938	18100
1854	3055	18100
2230	2874	18200
2106	2752	18200
1844	2982	18200
323	3498	18200
312	2722	18300
472	2997	18300
605	2561	18300
1318	2863	18300
811	3157	18300
1917	2923	18400
1984	2598	18400
457	3452	18400
2432	2633	18400
2470	2851	18400
707	3122	18400
2270	3027	18400
570	2971	18500
2387	2738	18500
106	3141	18500
844	3001	18500
2305	2603	18500
2355	2757	18600
497	3059	18600
1441	2890	18600
2408	3299	18600
221	3410	18600
910	2962	18600
1485	2716	18700
286	2586	18700
955	3155	18700
2191	2771	18700
375	2602	18700
83	3202	18800
2022	2704	18800
210	3436	18800
1012	3487	18800
2149	3325	18800
806	2760	18800
311	3238	18800
2157	2819	18800
468	2950	18800
1694	2881	18900
1922	2511	18900
573	2949	18900
360	2598	18900
1242	3242	18900
694	3412	18900
1018	3035	18900
2222	3460	18900
607	2567	18900
318	2943	19000
251	2791	19000
2306	3021	19000
748	2692	19000
428	2540	19000
2010	3360	19000
2212	3011	19000
1192	3374	19000
2133	2786	19100
1875	2685	19100
1417	2586	19100
1804	3006	19100
1371	3132	19100
427	2735	19100
825	3488	19100
49	3360	19100
1554	2539	19100
862	3011	19100
2028	3290	19200
2302	3448	19200
1004	3070	19200
437	2891	19300
2071	2709	19300
1833	2861	19300
1596	2666	19300
2082	3400	19300
1887	3215	19300
1750	3091	19300
1262	2649	19400
349	3393	19400
1061	3210	19400
979	2991	19400
2353	2548	19400
2131	3203	19400
2443	3061	19400
362	3311	19500
1823	3324	19500
561	3184	19500
925	2596	19500
1021	2509	19500
2339	2934	19500
2050	2686	19500
427	2841	19500
301	3488	19500
346	2614	19600
794	3356	19600
873	2986	19600
281	2673	19600
480	3153	19600
1519	3250	19700
767	2702	19700
1551	2584	19700
2437	2617	19700
1998	3245	19700
2181	2505	19700
2277	2640	19800
117	2586	19800
273	2749	19800
1136	2871	19800
313	3195	19800
1091	3206	19800
1275	3462	19800
184	3404	19900
71	3291	19900
227	2876	19900
773	3349	19900
1759	3099	19900
2353	2913	19900
1183	3138	19900
142	3203	19900
1273	3296	19900
812	2789	20000
333	2939	20000
79	3273	20000
114	2887	20000
906	3188	20000
2169	3397	20000
1365	3272	20000
951	2911	20100
1404	3228	20100
1624	3384	20100
278	3146	20100
2010	3493	20100
1882	2815	20100
1376	3056	20200
1364	3448	20200
1565	3122	20200
1288	2527	20200
2232	3399	20200
2373	2834	20300
538	2817	20300
1902	2793	20400
518	3480	20400
1876	3250	20400
704	3110	20400
1326	3162	20400
185	3103	20400
706	3023	20400
2424	2547	20500
1713	3363	20500
1163	2796	20500
626	2588	20500
1366	2509	20500
2415	2735	20500
2398	3169	20500
1123	3270	20600
2203	2970	20600
415	3353	20600
829	3001	20600
548	3423	20600
224	3224	20600
1755	2534	20700
1285	2620	20700
130	2978	20700
2029	3223	20700
1082	3076	20700
1718	2846	20800
1723	2925	20800
220	3389	20800
169	3257	20800
257	3091	20800
31	3094	20800
2205	2737	20900
1260	2765	20900
1697	2841	20900
344	2938	20900
1022	2865	20900
1576	2817	20900
1837	3105	20900
2216	3073	21000
1600	3440	21000
1430	3028	21000
1987	2621	21000
1492	2881	21000
143	2803	21000
135	2936	21100
8	2824	21100
606	3066	21200
789	2562	21300
894	3386	21300
1463	2639	21300
961	3078	21300
1064	2552	21300
159	2502	21400
1820	2542	21400
1290	3327	21400
2212	3055	21400
68	3245	21400
502	3465	21500
392	2577	21500
2255	2637	21500
1227	3010	21600
1486	2775	21600
2264	3465	21600
1687	3037	21700
129	3437	21700
914	2643	21700
2469	3264	21700
287	2548	21700
508	2888	21700
1394	2838	21700
2342	2683	21800
1437	3012	21800
437	2761	21800
432	2939	21800
295	3347	21800
42	2503	21800
1431	3414	21800
2188	3353	21800
520	3178	21800
818	2565	21800
2338	2523	21800
1092	2972	21800
2256	3016	21900
1079	2532	21900
109	2542	21900
2120	2797	21900
2473	3428	21900
1974	3431	21900
75	2683	21900
57	3154	22000
422	2651	22000
38	2514	22000
430	2976	22000
1213	2560	22100
2461	2872	22100
2074	3292	22100
1157	2774	22200
1104	3425	22200
673	2760	22200
1373	3111	22200
2187	2717	22300
1457	2746	22300
417	3072	22300
1475	3489	22300
2152	2589	22300
1143	3253	22400
2245	2591	22400
772	3352	22400
896	3046	22400
2357	2595	22400
951	3026	22500
2345	3494	22500
776	3309	22500
1147	3207	22500
14	2507	22500
213	3196	22500
337	3127	22500
2364	2695	22600
696	2756	22600
816	2928	22600
2105	3027	22700
2217	2772	22700
741	3430	22800
803	2622	22800
572	3221	22800
1424	2774	22900
866	3128	22900
695	3281	22900
1981	2764	22900
783	2585	22900
2461	2734	23000
259	3064	23000
350	2917	23000
2089	2822	23000
1046	3355	23000
431	3404	23100
1474	2959	23100
2365	2614	23100
2421	2503	23100
2472	3318	23100
2386	2599	23100
184	3012	23200
2128	3198	23200
804	2508	23200
1257	2639	23200
1231	3114	23200
264	3489	23200
1945	3159	23200
1478	2969	23300
1950	2575	23300
1193	3282	23300
390	3176	23300
325	3058	23300
203	3253	23300
1769	2523	23300
1808	2657	23300
860	3258	23300
1773	2905	23300
134	3349	23400
1403	2878	23400
380	3036	23400
782	3447	23400
966	3388	23400
859	2711	23400
90	3355	23500
1365	3395	23500
2344	3462	23500
1785	3496	23600
1795	3398	23600
1733	2839	23600
1767	3229	23600
1747	2700	23700
1532	2568	23700
802	2729	23700
1444	2555	23700
1985	2758	23700
986	3492	23700
1153	2768	23700
1025	2689	23800
1917	3226	23800
657	3335	23800
2228	3273	23800
1212	2514	23800
2087	3153	23800
1638	3421	23900
964	3333	23900
572	3037	23900
2413	2953	24000
322	3139	24000
2127	2508	24000
698	3131	24000
704	2997	24000
1970	3491	24000
2366	3076	24000
1294	3229	24000
1886	2958	24100
2310	3136	24100
723	2929	24200
1403	2660	24200
2199	3285	24200
2318	3191	24200
296	3348	24300
205	3079	24300
1579	3387	24300
491	3436	24400
492	2769	24400
2248	2719	24400
2359	3014	24400
343	3356	24500
53	3081	24500
209	3013	24500
376	3136	24500
100	2736	24600
906	3090	24600
280	2972	24600
2054	3055	24600
1830	3320	24700
110	2617	24700
1050	2606	24800
2400	3320	24900
699	2682	24900
1845	3493	24900
1030	3234	24900
1405	3252	24900
833	3125	25000
635	2682	25000
958	2996	25000
2493	2978	25000
1567	2797	25000
7	2936	25000
2006	2998	25000
1214	2697	25100
1721	3497	25100
2494	3335	25200
699	2840	25200
928	3106	25200
1033	3058	25200
2290	2614	25200
1946	2801	25200
920	3203	25200
249	2994	25200
2377	3126	25200
162	3087	25200
1535	2695	25300
445	3314	25300
153	3412	25300
1775	2540	25300
1024	3264	25400
1764	2773	25400
1201	3492	25400
307	3428	25400
1020	3225	25500
2009	3093	25500
2496	3062	25500
989	3028	25500
2304	2921	25500
406	3221	25600
1966	3044	25600
188	3082	25600
1014	3341	25600
1824	3174	25700
1746	3046	25700
2283	3248	25700
1656	2939	25700
1451	3370	25700
1509	3020	25700
1749	2977	25700
1011	2851	25700
2094	3112	25700
1952	3130	25800
1604	3173	25900
1068	2647	25900
999	3372	25900
174	2821	25900
2238	3084	25900
801	3458	26000
1268	2886	26000
103	3197	26000
28	2625	26000
2494	2774	26100
511	3181	26100
533	3045	26100
1303	2768	26100
794	2758	26200
56	3292	26200
2213	2892	26200
945	3132	26300
1807	3124	26300
609	2751	26400
758	3232	26400
2435	2778	26400
683	2831	26500
2180	2843	26600
1523	2524	26600
542	2622	26600
1206	2920	26600
1524	2658	26700
2447	2832	26700
1261	2871	26800
136	2632	26800
302	3098	26800
90	3332	26800
1032	2808	26800
1131	2850	26900
1742	3369	27000
1732	2734	27000
2046	2883	27000
954	3065	27100
872	3454	27100
1212	2736	27100
2103	3329	27100
411	3336	27100
2491	3288	27200
1897	3079	27200
620	2783	27200
687	3240	27200
1031	2881	27300
481	2949	27300
1400	3022	27300
128	3276	27400
1673	2755	27400
1000	2980	27400
1015	3062	27400
1812	3049	27400
2474	3157	27400
1479	2522	27400
1422	2695	27500
107	2691	27500
2020	2582	27500
1531	2739	27500
985	3297	27500
1759	3323	27600
742	2864	27600
1065	3208	27600
2223	3177	27600
2250	2889	27600
2426	3154	27700
529	2704	27700
961	2553	27700
2148	3018	27700
1092	3328	27700
1424	2886	27800
753	3323	27800
597	3114	27800
2371	3175	27800
1889	2965	27900
1289	2775	27900
351	2882	27900
1798	3219	27900
2225	2910	27900
788	2671	27900
2451	2657	27900
355	2526	27900
1206	2961	27900
408	3031	27900
611	2698	28000
1830	3339	28000
2236	3029	28000
1993	2646	28000
934	2764	28000
204	2708	28000
414	3463	28000
28	3048	28100
503	2607	28100
1646	2856	28100
1081	2628	28100
1302	3455	28200
2415	3342	28200
2057	3463	28200
284	2757	28300
1418	2514	28300
865	2839	28300
402	2889	28400
2284	3179	28400
1583	3309	28400
697	2663	28400
1799	2539	28500
981	2655	28500
1278	3364	28500
2061	2747	28500
386	2624	28500
1339	2668	28600
891	2893	28600
340	2885	28600
228	2716	28700
1945	3061	28700
1224	2739	28700
1355	2803	28700
379	3186	28800
1570	2680	28800
1441	3081	28800
666	3116	28900
17	2675	28900
837	2582	28900
942	3259	28900
1617	2874	29000
988	2517	29000
309	2531	29000
679	3275	29000
105	3372	29100
1321	3187	29200
1784	2642	29200
535	2991	29300
1678	2742	29300
1107	2758	29300
2333	2778	29300
1130	2777	29400
1672	3349	29400
1356	3270	29400
50	2863	29400
683	3413	29500
1111	3251	29600
491	3131	29600
387	3247	29600
2430	2565	29600
569	3281	29600
1074	3461	29600
1032	3243	29600
1994	3327	29600
40	2770	29600
1626	2556	29700
1339	2957	29700
1196	2988	29700
949	2684	29700
1546	2526	29700
2230	2635	29800
902	3096	29800
1624	2510	29800
1577	2536	29800
484	2564	29800
2457	3044	29900
1520	3142	29900
654	3242	29900
409	2584	29900
2274	3081	29900
667	3243	29900
338	2845	30000
2334	3096	30000
2374	2745	30000
1317	3236	30100
2303	3235	30100
1395	2845	30200
1757	3430	30200
133	2644	30200
525	2910	30200
431	2599	30200
2130	3314	30300
1035	3496	30300
1497	3074	30300
2278	2840	30400
601	3486	30400
1325	3325	30400
1658	3143	30500
1357	2972	30500
2215	3009	30600
769	3219	30600
321	2787	30600
1231	2867	30700
2493	2853	30700
751	2559	30700
1096	3463	30800
2313	3029	30800
1720	2731	30800
712	2516	30800
112	2861	30800
2468	2899	30800
2002	3399	30800
796	3253	30900
1181	2521	30900
64	2916	30900
2184	2760	30900
1146	3380	30900
463	3315	30900
1329	2531	31000
1469	2572	31000
1295	2926	31000
2277	2699	31100
594	3017	31100
505	3458	31100
869	2616	31100
1602	3337	31100
703	2752	31100
1020	2505	31100
1961	2611	31200
2446	3021	31200
615	3126	31200
1474	3015	31300
1399	2693	31400
234	3118	31400
2334	2625	31400
2104	2626	31400
1058	3188	31400
123	2686	31400
1887	3271	31400
2182	3343	31400
1267	3065	31500
1650	3034	31500
1755	2640	31600
15	3483	31600
1154	3222	31600
788	3460	31600
1222	2854	31600
1989	3010	31700
2069	3267	31700
2079	2644	31700
2101	2948	31700
1163	2572	31700
73	2577	31700
826	3312	31700
621	2613	31700
1357	2578	31700
488	2971	31700
1556	3441	31800
1963	3248	31800
1639	2809	31800
490	2816	31800
1222	2938	31800
1202	3066	31900
654	3417	31900
1379	3318	31900
656	3342	31900
1546	2962	31900
554	2881	31900
1192	2575	32000
1051	2888	32000
1189	2917	32000
2368	2565	32000
516	2662	32000
1644	2623	32200
287	3351	32200
990	3401	32200
717	3230	32300
460	3236	32300
663	2864	32300
1139	2643	32300
20	3096	32300
78	2544	32300
516	2687	32300
1315	2556	32400
1851	2727	32400
1894	3309	32400
1915	3000	32400
1005	3473	32400
490	3205	32400
902	2616	32500
1342	2560	32600
493	3002	32600
546	3029	32600
1582	2514	32700
754	2780	32700
2146	2611	32800
1914	2649	32800
2128	2553	32800
1518	3305	32800
1686	2839	32800
2260	3094	32800
985	3199	32900
1999	2640	32900
60	2903	32900
1298	2869	32900
2044	3438	32900
172	2908	32900
625	2696	32900
1805	2558	32900
2125	3247	32900
847	2895	32900
1002	3427	33000
1276	3432	33000
1671	3319	33000
1710	3351	33000
133	2572	33100
1706	2520	33100
672	2986	33100
2403	2798	33100
368	2857	33100
1350	3304	33200
823	2691	33300
1333	3048	33300
1770	3396	33300
1882	2919	33300
708	3148	33400
439	2734	33400
963	3118	33400
934	2875	33400
444	3419	33400
1561	2814	33400
1791	3053	33400
814	3314	33500
200	3288	33500
1600	3456	33500
19	3094	33500
1793	3091	33600
614	2974	33700
590	3131	33700
2434	3481	33700
201	3296	33700
1112	3222	33800
1853	3285	33800
1873	2689	33900
325	3483	33900
2014	2528	33900
272	2641	33900
626	2751	34000
76	2819	34000
2176	3106	34100
1739	2517	34100
270	3053	34100
584	2962	34100
173	2895	34100
1169	3390	34100
1346	3137	34200
494	2969	34200
1198	2942	34200
2183	3340	34200
1590	2542	34200
1784	2915	34200
1191	3053	34200
900	2562	34200
1156	2941	34300
2271	3482	34300
1842	2951	34400
1015	2706	34400
1468	2822	34500
1893	3196	34500
473	3182	34600
297	3129	34600
1960	2844	34600
1791	3196	34700
1534	3468	34700
1859	2606	34800
2292	3096	34800
40	3478	34800
790	3267	34900
1157	3225	34900
1335	2792	34900
2320	2892	34900
1919	3344	35000
1455	3326	35100
1376	3162	35100
1745	2663	35100
2047	3112	35100
1908	2849	35200
295	2508	35200
1683	2913	35200
1728	2800	35300
1469	2644	35300
1392	3052	35300
1494	2628	35300
1678	3269	35400
1645	3097	35400
652	3499	35400
2400	3339	35500
1724	2531	35500
839	3232	35500
1503	3064	35500
294	3311	35600
694	3458	35600
1906	3384	35600
1826	3163	35600
822	2601	35600
1991	2693	35700
1647	2597	35700
1445	3365	35700
1019	3005	35700
2384	3046	35700
141	2685	35800
2218	2891	35800
423	2927	35800
1141	3068	35800
143	2952	35900
1386	3176	35900
1586	3388	35900
634	3443	36000
1875	2691	36000
1797	2518	36000
1219	2994	36000
1680	2512	36100
1541	3197	36200
2244	3144	36200
1809	3386	36300
1041	3077	36300
1304	3369	36300
1866	2649	36300
735	3363	36300
1459	3016	36300
37	2957	36300
977	2692	36300
440	2922	36300
2036	3184	36400
454	3219	36400
2051	3214	36400
1152	2910	36500
1151	3272	36500
1812	3205	36500
1857	3345	36500
1963	3270	36600
2282	3256	36600
1017	3319	36600
1499	3473	36600
2266	2816	36600
95	3443	36700
2113	2568	36700
976	3429	36700
277	3036	36700
1801	3039	36700
1409	2558	36700
1178	3137	36800
1611	2882	36800
601	3145	36800
414	3111	36900
1858	2700	36900
401	3268	36900
1060	3323	36900
1168	2617	36900
992	3341	36900
1501	3463	37000
418	3226	37000
1599	3442	37000
1255	3481	37000
791	3214	37000
1648	3406	37000
1329	2775	37100
2439	2661	37100
589	2533	37100
558	3153	37100
549	3159	37100
780	2615	37200
1037	2560	37200
2210	3304	37200
1796	2818	37200
1847	3223	37200
155	3245	37200
975	2971	37300
2402	3026	37300
681	3432	37300
1042	2590	37300
697	2973	37300
1645	2857	37300
1728	2712	37400
195	3467	37400
25	2730	37400
1657	3069	37400
2168	2936	37400
2374	2804	37400
1002	2852	37500
1631	3276	37500
1838	3150	37500
2314	3075	37500
1871	2984	37500
424	2657	37500
1221	2790	37600
999	2840	37600
649	2703	37600
983	2541	37600
1246	3491	37600
941	3239	37600
1012	3354	37700
2089	2986	37700
1800	3223	37700
395	2603	37800
1154	3389	37800
865	2612	37800
2170	3232	37900
1119	3336	37900
2222	2897	37900
487	3345	37900
1040	3224	37900
1776	3210	38000
276	3111	38000
552	2640	38000
1527	2656	38000
2156	2681	38000
303	3459	38000
764	2917	38000
1170	2897	38000
732	2868	38000
2298	2516	38100
831	3034	38100
315	3111	38200
743	2603	38200
2155	3457	38200
838	3155	38300
1742	3010	38300
676	3398	38300
1738	3177	38300
132	3081	38300
480	3102	38300
1144	2778	38400
688	2740	38400
1502	3252	38400
118	3218	38500
1987	3182	38500
679	2696	38500
213	2725	38500
1873	2638	38600
2336	3173	38600
441	2613	38600
1140	2823	38600
2251	3229	38600
823	3139	38700
1400	3392	38700
2295	3382	38700
877	3020	38700
1361	2720	38700
442	3335	38800
728	3004	38800
13	3485	38800
2157	3266	38800
87	2651	38900
1997	2746	38900
1382	3214	38900
1929	2881	38900
618	3438	39000
614	2969	39000
1077	2588	39000
1777	3279	39000
721	2653	39000
1352	3260	39100
691	3028	39100
2200	2914	39200
2404	3375	39200
2194	2874	39200
532	2841	39200
1825	3169	39200
2011	3371	39300
901	2683	39300
35	3368	39300
752	3333	39300
2359	2899	39300
1068	3231	39300
1381	3445	39400
1280	3174	39400
2081	3117	39400
1942	2747	39400
1374	3037	39500
209	2821	39500
1965	2576	39500
1938	3120	39500
1616	3451	39500
1215	2769	39600
1909	2721	39600
1636	2940	39600
274	2694	39700
2297	2737	39700
759	2838	39700
1453	2911	39700
1913	3388	39800
890	3343	39800
1878	2681	39900
1017	2728	39900
247	2799	39900
2161	2636	39900
1426	2779	39900
962	3296	39900
1543	3345	40000
263	2966	40000
210	3140	40000
5	3097	40000
734	3155	40100
1758	3100	40100
819	2698	40100
1843	2716	40100
740	2770	40100
31	2964	40100
311	2950	40200
2321	3387	40200
810	3235	40200
428	3117	40200
402	2575	40300
1776	3266	40300
1423	2894	40300
1550	2974	40400
111	2661	40400
2161	3075	40400
834	3341	40400
176	2899	40400
1825	2892	40400
275	2935	40500
1538	3128	40500
319	2653	40500
1292	2911	40600
1604	3323	40600
1307	2750	40600
822	2636	40600
1101	2529	40700
2141	3029	40700
1850	3235	40700
1924	3426	40700
776	2908	40700
13	2616	40700
598	2782	40700
2414	3394	40700
2227	3415	40800
514	3442	40800
2458	2648	40800
1475	2619	40800
1031	3194	40800
885	2616	40900
1941	3336	40900
874	2626	40900
1185	3165	41000
1072	2698	41000
1937	3198	41000
1029	2882	41000
1242	2680	41000
1667	2579	41000
620	2749	41000
2484	2578	41000
1881	3431	41000
1023	3243	41100
285	2527	41100
1292	3174	41200
1657	2597	41200
154	2844	41200
2481	2650	41200
1446	2814	41200
1373	2653	41300
635	3248	41300
1986	3384	41300
2196	3439	41300
306	2631	41300
493	3339	41400
1522	3483	41400
262	3485	41400
2271	2521	41400
2093	3327	41400
254	2993	41500
1077	2751	41500
1230	2662	41500
169	2980	41500
633	2900	41600
2153	2876	41600
2024	2988	41600
2073	3057	41600
2087	3493	41600
304	2609	41600
1625	3215	41600
162	2554	41700
2348	3007	41700
1771	3120	41700
587	3241	41800
1957	3282	41800
196	2935	41800
566	2783	41800
324	3164	41800
47	3432	41900
1832	2545	41900
2253	2932	42000
44	3248	42000
1531	3410	42000
1273	2770	42000
781	2522	42000
775	2711	42100
2026	2553	42100
1182	3156	42100
1836	2975	42200
508	2754	42200
1856	3336	42200
1762	3030	42200
779	2811	42200
1372	2852	42300
2011	3286	42400
1113	3067	42400
1876	3227	42400
1724	3008	42400
1708	3252	42400
1899	2990	42500
246	2596	42500
2324	3163	42500
1614	2823	42500
1597	3427	42600
2427	3173	42600
263	2623	42600
2209	3066	42600
2380	2771	42600
1087	2684	42600
1976	3082	42700
345	3172	42700
547	2788	42700
116	3441	42800
1129	3130	42800
381	3476	42900
146	3100	42900
1301	2901	42900
684	3348	42900
1330	2849	42900
1831	2806	42900
1883	3128	43000
2040	2808	43000
224	3028	43000
139	3316	43100
1891	3067	43100
1477	3411	43100
247	2587	43100
802	2859	43200
755	2565	43200
372	2650	43200
1553	2683	43300
157	3368	43300
1029	2596	43300
1083	3099	43300
1168	2873	43300
612	2571	43300
602	2960	43300
567	2647	43400
1337	3316	43400
2267	3350	43400
1944	3288	43500
32	2677	43500
677	2706	43500
2091	3266	43600
1264	2910	43600
1447	2898	43600
405	3365	43600
2140	2576	43600
972	2899	43600
1106	2658	43700
1650	3479	43700
207	2967	43800
1109	3375	43800
1293	3118	43800
547	2747	43800
531	2895	43800
765	3245	43800
1180	3027	43800
80	2959	43900
2325	3254	43900
2076	2588	43900
1606	2831	43900
1802	2795	43900
1479	2585	43900
2126	2861	44000
1001	2856	44000
1768	2760	44100
2368	2690	44100
2315	3218	44200
1834	2534	44200
374	3082	44200
250	3185	44200
1150	3362	44200
782	2661	44200
67	3261	44300
1884	2764	44400
1774	2552	44400
960	2835	44500
966	2858	44500
971	3087	44600
543	3227	44600
193	2672	44600
2178	2966	44700
1450	3003	44700
2326	3396	44700
2450	2865	44700
330	3373	44700
1016	2890	44800
399	3451	44800
202	2705	44900
1406	3245	44900
1457	3198	45000
1011	2566	45000
821	2764	45000
1495	3014	45000
2115	2513	45100
1955	2512	45100
1948	3459	45100
1090	2666	45100
2337	3427	45200
1975	3365	45200
418	3375	45300
2055	2577	45300
1549	3411	45300
1433	3085	45300
540	3102	45300
2162	2984	45300
1601	2942	45400
2106	2785	45400
432	2957	45500
1979	2553	45500
441	3141	45500
1171	3318	45500
674	3390	45500
2467	2900	45600
1274	3286	45600
410	3176	45600
1155	3472	45600
15	3436	45600
1014	2856	45600
1575	3224	45600
2201	3408	45700
198	3391	45700
151	3110	45700
2164	3144	45700
242	2703	45800
1562	3414	45800
1852	2710	45900
1864	2786	45900
1071	3140	45900
258	3465	45900
420	2778	45900
1430	3328	45900
1937	3320	46000
1567	2743	46000
2293	3053	46000
875	3132	46100
1762	3385	46100
957	3164	46100
1935	3150	46100
8	3122	46100
564	2615	46200
2130	3453	46200
1268	3443	46200
693	2822	46200
426	2813	46300
447	2660	46300
1991	3142	46300
1159	3206	46300
1414	2572	46400
189	3118	46400
816	3006	46400
2482	2555	46400
1388	2816	46500
593	2923	46500
2499	2658	46500
553	3226	46500
991	3181	46500
1056	2807	46500
1404	2569	46600
2279	2643	46600
271	3467	46600
391	3190	46600
944	2570	46600
733	3136	46700
2113	2577	46700
1818	2703	46700
753	2891	46700
2209	2520	46700
1593	3020	46700
1075	3458	46800
762	2893	46800
769	3467	46800
345	3356	46800
930	3228	46900
1851	3303	46900
2030	2705	46900
892	2895	46900
2101	3192	47000
2237	3013	47000
1253	2787	47000
1370	3228	47100
2193	3416	47100
1197	2767	47200
1664	2786	47200
2094	2564	47300
360	3251	47400
1921	3340	47400
1555	2508	47500
37	2668	47500
2072	3438	47500
2430	3492	47500
2396	3297	47600
1731	2766	47600
1656	3391	47600
878	2990	47600
2497	2815	47600
1235	2526	47600
813	2894	47600
1215	2615	47700
894	3474	47800
314	2990	47800
25	3482	47800
298	2837	47800
183	3313	47900
2275	2802	47900
2475	2584	47900
1070	2726	47900
339	3129	47900
2384	3202	48000
336	2800	48000
1611	3166	48000
1703	2941	48100
482	2524	48100
272	2687	48100
1429	2897	48100
342	3241	48200
2241	3403	48200
485	3471	48200
2070	3262	48200
719	3408	48200
1972	3249	48200
1158	2678	48300
1552	2643	48300
1050	2941	48400
237	3225	48500
1526	2673	48500
874	3066	48600
318	2927	48700
378	2569	48700
411	3195	48700
995	3437	48700
2397	3044	48700
933	3178	48700
926	3034	48700
2460	3260	48800
10	3302	48900
2197	3439	48900
1290	2594	48900
630	3220	49000
270	2725	49000
876	2734	49100
1533	3037	49200
104	3182	49300
238	2727	49300
1101	3381	49400
1167	3166	49400
1558	2744	49400
799	2825	49400
701	2545	49500
110	2873	49500
109	2844	49500
1314	2629	49600
838	2606	49600
663	2693	49600
1316	3169	49600
1187	2818	49700
836	2522	49700
820	2833	49800
1524	3269	49900
1619	3171	49900
2075	3456	50000
1305	3148	50100
598	2894	50100
127	2818	50100
397	3361	50200
129	3264	50200
1578	2891	50300
1942	2919	50400
170	2523	50400
230	2652	50500
2462	3418	50600
1288	3478	50600
2260	2567	50700
1922	2698	50700
2108	3208	50800
1969	2873	50800
2099	3432	50900
608	2926	50900
231	2837	51000
141	2932	51100
895	2762	51100
1821	3278	51200
1660	2730	51200
1174	3027	51300
177	2888	51300
2027	2948	51400
1067	2901	51500
117	3125	51500
1472	3075	51500
505	2923	51600
1603	3383	51600
1719	3150	51600
1525	2797	51600
2269	3499	51600
1435	2508	51700
2235	2925	51700
1481	2526	51700
808	2994	51800
1649	2952	51900
390	2829	52000
1651	3285	52000
2160	2922	52000
2227	2786	52100
2134	2842	52100
1743	3343	52100
1630	2509	52200
581	2601	52200
27	2948	52300
1135	2947	52300
827	2609	52300
576	3395	52400
138	3138	52500
496	3098	52500
705	3466	52600
2060	3377	52600
1360	3172	52600
23	2928	52600
391	3333	52600
1523	3344	52700
2411	3301	52700
1765	2652	52800
412	3445	52900
1188	3335	52900
2206	2925	52900
384	3305	53000
2392	2513	53100
297	2924	53100
477	2597	53100
532	2735	53100
1279	3179	53200
927	2942	53300
2223	2977	53300
770	3381	53500
594	3187	53500
1575	3165	53600
1003	2847	53600
997	2570	53600
1756	3445	53700
2178	3282	53700
1683	3170	53700
896	3370	53800
2312	2659	53800
1009	3395	53800
987	2568	54000
849	2802	54100
1951	3366	54100
2181	2619	54100
1505	2966	54200
486	3422	54200
1185	2952	54300
1632	3250	54500
943	2637	54500
645	2980	54500
1387	2767	54600
1867	2830	54900
586	2918	54900
2257	2645	55000
628	3085	55000
2199	3414	55100
248	3113	55300
2476	2659	55300
1415	2856	55300
660	2936	55400
544	3305	55400
219	2848	55500
918	3178	55500
1496	3142	55500
1954	2969	55600
2246	2910	55700
2433	2806	55700
627	2879	55700
2000	2684	55700
1045	3012	55800
1968	3289	55800
2489	3188	55900
1877	3107	56000
763	3100	56000
868	2672	56000
1228	3171	56000
746	3223	56100
2338	3328	56300
1715	2716	56400
449	2745	56400
189	2573	56500
2120	3365	56500
1466	3027	56600
1652	2924	56600
1338	2523	56600
1420	2700	56700
1594	3223	56700
843	3415	56700
774	3377	56800
220	2705	56800
2492	3499	56800
2076	3289	57000
94	3377	57000
1581	2636	57000
22	3363	57100
1596	3259	57100
1296	2868	57100
1900	2631	57200
2023	2932	57500
1623	3303	57500
1947	3047	57500
2173	2762	57700
2191	2743	57800
1199	2988	57900
260	2690	57900
2391	3259	57900
585	2964	58000
398	3258	58000
2470	2986	58000
107	3250	58100
1297	2833	58100
1815	3474	58100
383	3160	58500
1886	3034	58600
671	2595	58600
1454	2806	58700
267	3298	58900
550	2717	58900
801	3025	59000
370	2904	59000
1044	3249	59100
940	3261	59100
1639	3154	59300
438	3049	59300
1149	3442	59400
1147	2555	59400
2048	2515	59500
846	2550	59600
1510	3133	59600
1427	2983	59600
2420	2964	59700
232	2520	59700
388	2746	59900
2491	2802	60100
1043	2766	60200
1447	2928	60200
750	2971	60300
2070	3183	60300
1193	2568	60400
1754	3301	60500
1375	3134	60600
485	2566	60600
1390	2807	60600
2321	3123	60700
1781	3301	60700
2163	3123	60800
2158	3005	60800
709	3213	61000
778	2862	61000
1819	3227	61100
284	2623	61200
214	3399	61200
521	3453	61400
26	2955	61500
1687	3324	61600
1195	2766	61600
1200	3331	61600
2177	2872	61700
1519	2629	61800
858	3216	61800
2336	2528	61900
742	2783	61900
1398	2832	61900
1772	3413	62000
1899	3006	62000
1249	2968	62000
631	2877	62100
1252	3462	62100
701	2931	62200
541	2688	62200
1270	3100	62300
2425	3077	62500
1659	2697	62500
1087	2557	62600
2401	2742	62800
1717	2605	62900
2166	2830	63100
1628	3208	63100
1529	3402	63200
2376	3121	63200
1946	3414	63200
1551	3142	63200
1933	2641	63200
1493	2950	63300
1413	2677	63400
848	2922	63500
737	3457	63500
1613	2981	63900
1826	3472	63900
1021	2727	63900
466	2627	63900
1380	3302	64000
969	2842	64100
1027	3402	64400
1620	3472	64400
1442	3143	64500
2261	3260	64500
352	2785	64600
2452	3284	64700
1542	2504	64700
2138	2501	64700
575	3466	64800
2345	2513	64900
1114	3293	65000
266	2801	65100
729	2550	65200
66	2516	65200
1295	2954	65200
656	3457	65200
1435	3269	65400
80	2547	65500
1439	2919	65700
836	3002	65700
2358	2707	65800
2190	3434	65900
459	2627	66100
279	2805	66100
1034	3190	66100
520	2669	66400
2004	3400	66500
1016	3072	66500
908	3311	66700
798	2680	66700
2488	2501	66700
2296	3346	66800
1303	3279	66900
438	3193	67000
2124	3256	67100
2472	3292	67100
565	2582	67200
1951	2862	67300
1065	3397	67400
468	2870	67600
1569	2890	67800
1103	3193	67900
988	3391	68000
226	3325	68000
560	2595	68000
137	2664	68100
269	3379	68200
1169	3001	68200
913	2509	68300
1096	3113	68400
500	3420	68400
1940	3499	68400
463	2552	68400
1426	3271	68700
1827	3320	68800
1707	2851	68800
880	3104	68900
383	3469	69000
756	2634	69000
1320	2763	69300
1308	2745	69400
1223	2968	69600
1850	3270	69700
430	3185	69800
2486	2804	69800
1146	2858	69900
1831	3420	70200
1175	2710	70400
2092	3486	70500
915	2906	70500
1971	2706	70800
758	3197	70900
963	3354	71100
1783	2545	71100
2424	2959	71200
1410	3474	71300
186	3206	71300
1547	2696	71300
1738	2977	71300
797	3475	71400
1328	3258	71700
789	3009	71900
1118	2796	72100
443	2905	72400
2012	2904	72400
86	2947	72400
1570	3069	72400
2317	2869	72600
1421	2990	72600
1176	3403	72900
982	2902	73000
2095	3097	73100
2322	3002	73200
14	2634	73200
1114	3475	73500
1291	3311	73600
146	2645	73700
2164	3142	73800
1870	2519	74000
2466	3464	74000
1568	2538	74000
1869	3315	74000
2117	3038	74200
648	3025	74400
2008	2570	74600
2387	3434	74700
1413	3143	74700
863	3121	74800
1568	3263	74800
1235	2552	74800
193	2986	75000
1613	2975	75200
66	2928	75200
2358	3024	75300
171	3409	75400
2355	3043	76000
1982	3325	76100
1363	2541	76600
175	3366	76700
102	3472	76800
947	3071	76900
2454	2756	77000
2441	3179	77000
2371	3318	77100
1466	3468	77300
1895	2766	77300
1741	2776	77400
2186	2859	77800
279	3207	78000
1981	2875	78200
1332	3101	78200
229	2566	78300
1358	2687	78300
1274	3107	78500
723	3009	78500
409	2968	78500
373	3240	78600
274	3269	78600
469	2832	78600
1756	2975	78800
665	2638	78900
1272	3431	79000
1809	3361	79200
181	2956	79200
459	2862	79300
269	2858	79300
1275	3200	79700
2245	3414	80300
1196	2745	80400
1234	2884	80800
1411	2898	80900
1353	2883	81200
1739	3477	81400
23	2516	81400
367	3107	81500
689	3247	81500
1008	3207	81900
1615	3307	81900
562	3009	82000
668	2860	82200
2084	3213	82300
1824	2905	82400
320	2632	82400
1676	3324	82900
1731	3298	83300
2167	2825	83300
249	3359	83400
2394	2980	83600
1912	2994	83600
569	3490	83800
2395	2909	83900
627	2963	84300
168	3249	84500
1539	2909	84900
1396	2918	85100
604	3325	85200
2403	3383	85200
729	3408	85300
2143	2676	85300
1748	2987	85300
1142	3278	85600
2062	2869	85600
2340	3202	85800
1401	3070	85900
777	2611	86000
886	2947	86000
795	3240	86300
2363	3312	86400
883	3001	86500
2086	3073	87000
292	2638	87200
517	3431	87200
1359	2969	87600
1977	2977	87800
2409	3307	87900
787	3332	88600
118	3086	88700
304	2782	89000
2486	3429	89100
534	3049	89200
1316	3469	89500
900	3451	89600
1947	2585	90100
1086	3333	90200
2262	3183	90900
1895	3123	91000
717	2776	91400
2291	3039	91700
632	2550	91800
1539	2834	91900
56	3040	92000
2344	3468	92100
1884	3013	92200
161	2580	92300
2375	3466	92700
1252	3298	92900
16	3043	93200
982	3305	93700
236	2538	94100
253	2795	94100
528	2515	94300
2234	2654	94400
1137	3070	94800
58	3216	94900
647	2512	95600
1717	2670	95600
1484	3194	95800
2343	2798	96100
478	2641	96100
956	3126	96200
882	2530	96900
2410	3206	97100
2124	2718	97300
1405	2983	97600
2352	2618	98500
2152	2556	98800
1621	2609	99000
1261	2573	99100
944	2634	99600
255	3218	100100
2236	3086	100300
1245	2592	100800
1785	3293	100900
489	2632	100900
773	2665	101000
2383	2755	101100
329	2905	101500
1794	2872	101900
2287	2521	102400
1476	3210	102700
1561	2782	102700
947	2619	103200
408	3159	103700
676	3147	105200
2001	3089	105200
1164	3457	105400
355	2561	105400
137	3043	105500
995	2696	105500
2067	2929	105700
1879	2979	105800
937	2562	106200
1766	2665	106300
156	2528	106300
700	3056	106300
578	3450	106700
909	2714	107700
1489	2507	108200
254	3198	110000
918	2669	110300
42	3195	110400
510	2862	110500
251	2532	110700
853	3095	110800
1003	2627	110900
2350	3286	111000
1500	2710	111100
2280	3218	112000
1110	2670	112000
1259	2798	112100
236	3263	112300
956	2958	112700
2174	2557	113500
892	3104	113600
1844	3342	114300
219	3189	114500
55	2524	114500
2478	3054	115300
2498	3214	115300
933	2669	116300
356	3139	116500
434	2981	117000
1990	3052	118000
506	3151	119500
308	3434	120400
2195	2877	120800
48	2505	122100
548	2907	122300
448	3158	122400
1936	3170	122400
1028	2996	122500
2250	2638	122500
588	2879	122500
2135	2538	122600
924	3366	122800
2176	2931	123100
577	3025	123700
720	3373	124000
2131	2848	124200
669	3144	124400
2037	3071	124500
1319	2866	124700
1148	2533	125300
2114	2638	125400
407	3312	125600
2107	2920	125800
300	2592	126000
2411	2601	126600
2296	2909	126900
2247	2707	126900
541	3064	127500
2110	3263	127800
102	3192	128600
2132	2718	128600
519	2824	128900
88	2837	129800
970	2594	130500
2268	2866	131800
1309	2921	133100
1351	2688	134600
483	2665	135000
425	3095	135200
1988	3373	136100
1643	3095	136100
335	2561	136400
1988	3095	136600
1000	2608	136900
837	2915	137800
650	3246	137900
1810	3456	138200
2449	2714	138600
1515	3101	139600
1795	2646	139900
1939	2507	139900
144	2902	140500
371	3321	141000
2190	2614	141200
1035	2580	141700
1086	3190	142200
646	3382	144300
1452	3151	146200
1010	2514	146200
1431	3384	148200
841	3215	148200
2110	2538	148600
1505	3283	148600
1265	3003	149300
1073	3215	150100
817	2714	150200
436	2834	150700
1677	2608	151200
477	3321	152100
715	2929	152800
1076	3394	153000
580	2837	153500
393	3359	153500
1675	2629	153900
1627	2536	154500
2102	2729	154600
222	2519	154700
2448	3462	156800
2107	2647	158500
1990	2855	161900
310	3259	162700
1586	2592	163300
726	2995	164900
2288	2535	165800
1064	2920	166200
2017	3240	166800
913	2765	167500
371	3429	167600
145	3156	167900
24	3054	168100
2207	3334	168700
1883	2627	169100
291	2665	169900
1319	3382	170200
323	2781	170400
993	2583	170800
1953	3068	170900
1935	2989	173500
936	3367	173600
1737	2604	173600
286	3283	173900
11	3050	174500
1384	2906	174500
1943	3339	174700
2378	2787	175900
1028	3298	175900
2207	3178	176500
911	2701	177000
2273	2979	178200
1361	3177	178400
535	3189	184000
1811	2654	184000
222	3052	186700
2082	2724	187300
2063	2592	190600
486	2937	191300
2438	3491	191500
1918	3108	192400
299	3246	193400
1898	3376	196300
1704	2979	200100
2220	2866	200300
586	3429	202300
2074	3040	202900
1038	3180	203200
986	3367	203200
2436	2811	206500
1243	2721	207700
19	3300	208900
2172	3060	209000
660	2536	209000
1104	3043	209900
512	2632	210000
2316	3104	210500
2198	3191	210900
1396	3429	214700
1934	2735	215000
2220	2530	217300
314	3168	219000
1509	2935	219600
2490	2721	219900
1122	3333	221300
121	3168	222700
1607	2977	225500
2116	3424	225700
2198	3129	227500
1418	3138	227700
99	2866	228000
417	2571	229500
903	2583	230100
2108	3191	231200
150	3101	233000
153	3048	233600
389	2996	234000
2452	2880	234400
415	2955	234600
92	3334	234600
887	2842	235800
1369	2885	238000
492	3475	238800
845	2836	240100
551	3200	240400
2418	3103	240900
1610	2571	241000
2035	2779	241500
2028	2982	241600
364	2762	243700
551	3310	244900
1143	3139	245700
904	2982	245900
2102	2688	246900
2483	3451	248100
264	2865	249100
2263	2576	256700
969	3080	259800
368	2604	260700
160	3049	261200
1071	3166	261700
2362	3057	262400
334	2804	266700
1860	2830	267000
1059	2602	269800
1256	3383	271100
1007	3376	275800
483	3287	278800
45	2744	279500
2049	2535	280300
1817	3231	281100
864	2779	282400
97	2885	286400
1572	3068	290900
2337	2580	292800
1125	3277	298700
1803	2773	304300
622	2583	307800
458	3077	308200
2289	3217	310500
456	2533	312800
30	3217	313800
1927	2576	314000
853	3376	318800
1627	2930	321600
1149	3273	321800
2033	3135	322500
1205	3334	324800
726	3003	325000
45	3211	327100
1858	2535	327400
1512	2765	330700
2067	3217	335800
1781	3103	336400
1911	2580	337800
1220	2877	338400
