1197	3274	200
610	3354	200
2205	2877	200
1906	2656	200
777	2518	200
208	2775	200
2236	2974	200
522	2520	200
159	2503	200
1679	2547	200
37	2668	200
977	3281	200
1647	2773	200
300	2782	200
185	2604	200
392	2979	200
1901	2816	200
34	3327	200
1716	2828	200
2450	3060	200
370	3069	200
2390	3193	200
213	3010	200
1090	2636	200
1320	2987	200
585	3005	200
2391	3122	200
1983	2967	200
2162	2538	200
166	3127	200
1615	3451	200
1192	2994	300
1498	3280	300
2424	3111	300
1118	2712	300
457	3430	300
819	2600	300
664	2737	300
1304	2794	300
1111	2848	300
1232	3042	300
1510	2667	300
1490	3147	300
2110	3139	300
2284	3179	300
932	3197	300
1101	2974	300
727	2573	300
1931	3365	300
55	3171	300
1697	3305	300
1965	3416	300
1098	2707	300
1964	2850	300
382	3105	300
554	3352	300
1640	2647	300
2193	2711	300
267	3239	300
809	2825	300
1852	2852	400
2215	3123	400
1336	2846	400
1694	2546	400
105	3478	400
965	2937	400
1809	3399	400
2216	3369	400
1959	3430	400
1823	2790	400
2022	2809	400
2153	2772	400
2296	3459	400
2339	2590	400
1072	3138	400
1054	2693	400
2256	2574	400
929	2917	400
629	2791	400
313	2924	400
2432	3085	400
1637	3331	400
1434	2995	400
1460	2750	400
1177	3287	400
297	3064	400
1595	2996	400
2414	2530	400
2358	2753	400
1841	3301	400
1398	3380	400
1974	2851	400
260	3049	400
490	3296	400
1200	2561	400
1016	3011	400
40	2803	400
2181	3257	400
479	3431	400
1087	2619	400
1887	2537	400
2294	3238	400
1404	3458	500
1451	3469	500
1057	3404	500
1067	2698	500
1891	3253	500
1285	2993	500
2423	2945	500
525	3135	500
2190	2800	500
616	2548	500
409	3116	500
2254	3336	500
419	2801	500
816	3058	500
138	3222	500
1814	2968	500
994	3143	500
441	2692	500
1628	2936	500
25	3301	500
1032	2708	500
52	3365	500
1282	2824	500
56	2856	500
2389	2578	500
2265	3091	500
1918	3300	500
1437	2980	500
938	2842	500
1372	3484	500
862	3441	500
1911	2631	500
1040	3165	500
140	2964	500
1529	3100	500
406	2756	600
1359	3238	600
584	2891	600
1728	3044	600
2365	2640	600
2036	2800	600
638	2798	600
1585	3139	600
208	2613	600
778	2884	600
968	2705	600
54	2982	600
1171	2730	600
1978	3022	600
526	2693	600
1913	3099	600
1768	2563	600
1971	3057	600
119	3153	600
2080	2663	600
283	2778	600
440	2914	600
1631	2601	600
1256	3035	600
2464	2828	600
1186	2795	600
1967	3240	600
1087	2854	600
744	2810	600
1619	3117	600
1294	3297	600
708	2950	600
1174	2670	600
1432	3154	700
909	3369	700
1584	2517	700
1330	2508	700
696	2772	700
1747	3329	700
162	2534	700
506	3282	700
1839	3436	700
1866	3370	700
963	3059	700
439	2593	700
716	2880	700
2440	3018	700
115	3251	700
1710	2853	700
1112	3116	700
1513	3276	700
357	3492	700
2486	2764	700
221	3101	700
2269	2979	700
2083	2915	700
1081	3193	700
2255	2505	700
1836	3263	700
2482	2609	700
2347	3080	700
1543	3157	700
2328	3055	700
2181	3489	700
942	3200	700
871	3405	700
1235	3484	700
1224	2681	700
941	3257	700
723	3210	700
1105	2550	700
1216	3427	700
1082	3213	700
289	3182	800
1020	3198	800
590	2727	800
2038	2731	800
1993	3059	800
1093	3166	800
1907	2947	800
462	3485	800
94	2602	800
1691	3092	800
444	2676	800
1565	2979	800
394	3376	800
2006	3205	800
772	3060	800
340	3255	800
783	2585	800
452	2870	800
1449	3027	800
1137	2903	800
1988	3451	800
2477	3259	900
12	2742	900
2180	2945	900
1139	2572	900
1347	3412	900
1787	3209	900
2370	2633	900
2401	3192	900
1549	3176	900
258	2826	900
226	2716	900
2479	3043	900
128	3459	900
2173	3152	900
2462	2954	900
469	3172	900
2073	2822	900
194	3281	900
764	2910	900
78	3013	900
1689	3136	900
873	2851	900
599	3461	900
2001	2778	900
1466	2642	900
2266	3316	900
730	3014	900
812	2998	900
455	2556	1000
2069	2817	1000
1145	2941	1000
1874	3107	1000
2286	2909	1000
610	3453	1000
820	2746	1000
894	3329	1000
680	3348	1000
2115	2848	1000
1500	3358	1000
553	3048	1000
1946	2581	1000
543	3384	1000
482	2940	1000
312	3236	1000
2072	3006	1000
413	3366	1000
1152	2917	1000
1006	3151	1000
2191	3171	1000
1003	2552	1000
879	2860	1000
1147	2919	1000
2029	3296	1000
1437	3360	1000
713	3061	1000
2257	2723	1000
1556	2881	1000
1057	2739	1000
1961	3239	1000
1852	2929	1100
274	3293	1100
1909	2905	1100
651	3449	1100
1843	2786	1100
1966	2691	1100
777	2531	1100
571	2819	1100
309	2588	1100
1851	2928	1100
988	3269	1100
374	2705	1100
2021	3185	1100
28	3048	1100
815	3166	1100
411	3299	1100
191	2669	1100
106	2752	1100
2486	2541	1100
2080	3272	1100
831	3265	1100
1127	2838	1100
169	2657	1100
2031	3211	1100
224	3224	1100
784	3080	1100
2307	3088	1100
1391	3359	1100
1315	2789	1200
1632	2638	1200
60	2951	1200
1471	3371	1200
1823	3107	1200
1281	3324	1200
1555	3180	1200
136	3139	1200
1063	3285	1200
1956	2513	1200
995	3426	1200
2245	3331	1200
2123	2686	1200
1496	3056	1200
1846	2713	1200
2318	3177	1200
2010	2865	1200
534	3205	1200
1263	2608	1200
718	3094	1200
1797	2952	1200
2463	2635	1200
618	3359	1200
1530	2539	1200
1298	2674	1300
2164	2737	1300
2409	2605	1300
2365	2971	1300
1281	2560	1300
1459	3209	1300
958	3362	1300
1368	2569	1300
2190	3139	1300
758	2990	1300
2024	3437	1300
2476	3144	1300
914	2662	1300
2324	2504	1300
369	3486	1300
1249	2702	1300
456	3333	1300
2142	2530	1300
92	3344	1300
1331	2823	1300
1100	2839	1300
2438	2999	1300
1810	2541	1300
2248	2501	1300
990	2821	1300
689	3396	1300
2263	2958	1300
607	2723	1300
2251	3297	1300
95	2697	1300
2107	2965	1300
2133	3127	1300
2067	3086	1400
410	3095	1400
1575	2767	1400
1905	3346	1400
1471	3393	1400
351	3436	1400
893	3025	1400
1778	2640	1400
1181	3425	1400
1418	3251	1400
1307	2796	1400
1915	3000	1400
2077	3195	1400
913	3429	1400
537	2586	1400
1360	3020	1400
1634	2972	1400
1007	2618	1400
109	3196	1400
14	2595	1400
1401	3423	1400
2372	2842	1400
943	3298	1400
980	2582	1400
2310	2527	1400
2357	3019	1400
1584	2761	1500
2231	2886	1500
2386	3148	1500
1507	3160	1500
2471	2588	1500
521	2664	1500
149	3363	1500
696	2698	1500
198	2520	1500
745	3050	1500
1506	2655	1500
1468	3133	1500
1190	2942	1500
1053	2733	1500
15	3256	1500
2279	3170	1500
2128	3188	1500
1119	2678	1500
1097	3082	1500
1763	3413	1500
1897	3331	1500
881	3336	1500
106	3184	1500
2271	2908	1500
485	2988	1500
786	3440	1500
1512	2902	1500
686	2719	1500
2435	2989	1500
1686	2926	1500
555	2839	1500
1904	3410	1500
549	2501	1500
85	3257	1500
2293	2628	1500
2213	2651	1500
215	3046	1500
962	2899	1500
385	3381	1600
1708	2746	1600
2013	3086	1600
308	2640	1600
1742	3235	1600
2353	2759	1600
1614	3168	1600
2430	2671	1600
2362	3317	1600
935	2676	1600
1577	3171	1600
2441	2555	1600
2466	3062	1600
2165	3217	1600
1259	3040	1600
1796	2863	1600
1965	2595	1600
252	3416	1600
2229	3456	1600
218	2810	1600
1825	3313	1600
330	3014	1600
1352	2651	1600
1576	2965	1600
2224	3088	1600
1797	3122	1600
1818	2503	1700
342	2569	1700
1682	3218	1700
1386	3176	1700
378	2800	1700
1520	2783	1700
226	2970	1700
1412	3051	1700
50	3169	1700
1733	2708	1700
272	2839	1700
1260	3402	1700
548	3423	1700
547	2728	1700
785	2537	1700
268	3122	1700
1507	3202	1700
567	2685	1700
2137	2606	1700
393	3428	1700
2065	3357	1800
2023	3259	1800
2448	2827	1800
1891	2957	1800
2334	3466	1800
1608	3227	1800
1225	2518	1800
439	3201	1800
1377	3248	1800
129	3016	1800
1763	3078	1800
2115	3291	1800
332	3203	1800
1692	3426	1800
1915	2504	1800
2155	3395	1800
1948	3276	1800
1129	3380	1800
579	2571	1800
1499	3052	1800
1146	3129	1800
1015	2815	1800
425	2618	1800
1046	2856	1800
293	2894	1800
1796	2542	1800
1092	2541	1800
399	3228	1800
1664	2937	1800
2383	3241	1800
2289	3400	1800
2420	2619	1800
1125	3443	1900
919	2621	1900
1875	2691	1900
2373	3186	1900
18	2611	1900
1755	3003	1900
1214	2776	1900
1612	2698	1900
1527	3433	1900
177	3218	1900
2329	3269	1900
1522	2727	1900
1932	3370	1900
435	3386	1900
984	3166	1900
2279	3417	1900
1814	3432	1900
914	3471	1900
58	2716	1900
497	2752	1900
2077	2672	1900
508	3247	1900
2073	3264	1900
1838	3429	1900
81	2726	1900
540	2661	1900
821	2978	1900
1034	2509	1900
969	2989	1900
645	3245	1900
545	2673	1900
2454	2741	1900
2307	2961	1900
1309	3088	1900
1305	2774	1900
173	3404	1900
717	3182	2000
2386	3155	2000
1449	3002	2000
1794	3221	2000
855	3438	2000
2101	3050	2000
1043	2729	2000
684	2992	2000
895	2569	2000
1946	3384	2000
58	3325	2000
748	3064	2000
2027	3336	2000
1910	2752	2000
1480	3152	2000
404	3168	2000
2291	3344	2000
2000	3440	2000
598	2814	2000
1164	2892	2000
1681	2920	2000
1829	3005	2000
2189	3316	2000
967	2725	2000
2260	3405	2000
570	2874	2000
793	2539	2000
1222	2511	2000
48	2980	2000
1040	2599	2000
1075	2886	2100
16	3346	2100
900	3213	2100
30	3398	2100
1062	3369	2100
365	2877	2100
2242	3235	2100
658	3048	2100
1896	2669	2100
2428	3421	2100
1196	2855	2100
1769	3305	2100
643	2724	2100
476	3034	2100
1044	2788	2100
1283	2538	2100
888	3238	2100
1757	2931	2200
1485	3415	2200
857	2534	2200
1414	2819	2200
388	3234	2200
1941	3188	2200
164	2699	2200
1521	3326	2200
845	3486	2200
9	2671	2200
2028	3072	2200
1645	3488	2200
803	3485	2200
749	3056	2200
396	2791	2200
2428	3051	2200
229	3149	2200
1448	3377	2200
1525	2559	2200
281	3355	2200
967	3193	2200
2109	3231	2200
1696	3468	2200
814	2741	2200
2047	2631	2200
671	3019	2200
851	2912	2300
2276	2961	2300
2381	2767	2300
2122	2951	2300
897	3185	2300
513	3064	2300
1038	3285	2300
2226	2880	2300
1358	2563	2300
889	3110	2300
1018	2675	2300
2371	3380	2300
2368	2661	2300
1904	3074	2300
1714	2768	2300
1977	3279	2300
1563	2904	2300
2159	3300	2300
1288	3290	2300
1557	2985	2300
1881	3422	2300
1666	2779	2300
1095	3443	2400
593	3449	2400
2402	2714	2400
101	2698	2400
29	3015	2400
502	2627	2400
28	2784	2400
1608	3384	2400
2026	3472	2400
1438	2986	2400
448	3045	2400
1463	3413	2400
2238	3448	2400
887	3401	2400
761	3265	2400
1039	3229	2400
884	3355	2400
68	3245	2400
640	3450	2400
1724	3122	2400
551	3067	2500
1342	3068	2500
734	2840	2500
1013	2833	2500
930	2634	2500
1158	3225	2500
1067	2761	2500
657	3335	2500
863	3113	2500
481	3483	2500
1302	3135	2500
2346	3496	2500
1207	3045	2500
1379	2688	2500
1547	2838	2500
1453	2914	2500
2138	3126	2500
1950	2539	2500
326	3464	2500
2481	2706	2500
1274	2550	2500
2270	3200	2500
838	3165	2500
1519	2515	2500
1885	2971	2600
1055	3109	2600
1314	3293	2600
1930	2587	2600
457	2742	2600
1071	2679	2600
1157	2895	2600
1510	3078	2600
955	2625	2600
636	3234	2600
2060	3007	2600
712	3340	2600
1710	2796	2600
2429	3082	2600
876	2970	2600
1783	2888	2600
357	2908	2600
1396	2981	2600
2094	2583	2600
1634	2799	2600
2185	3175	2600
1146	2771	2600
144	3277	2600
952	3171	2600
2150	3112	2600
215	3480	2600
1849	3405	2600
329	3077	2600
917	2953	2600
1533	3484	2600
1800	2631	2600
217	2933	2700
1297	2827	2700
472	2941	2700
1850	3235	2700
1629	2543	2700
573	3465	2700
2217	3496	2700
1639	2727	2700
1115	2510	2700
1111	3291	2700
1265	2521	2700
477	3499	2700
1171	2524	2700
1636	3344	2700
1394	3419	2700
1844	3341	2700
9	3418	2700
2403	3124	2700
2431	3456	2700
252	2806	2700
1286	2914	2700
127	3447	2700
1863	3313	2700
2378	3470	2700
1949	3441	2700
274	3067	2800
790	2983	2800
1156	2925	2800
2023	3079	2800
141	2534	2800
1118	2629	2800
2283	3248	2800
800	2712	2800
1136	2689	2800
895	2729	2800
2208	3426	2800
1903	2791	2800
200	2749	2800
271	2913	2800
1745	3397	2800
1745	3143	2800
2000	3457	2800
1117	3164	2800
2169	3385	2800
467	2856	2800
2460	3260	2800
1748	3211	2800
2277	3109	2800
2158	2899	2800
1748	3019	2800
255	2975	2900
981	3487	2900
1326	2734	2900
1579	2909	2900
797	3189	2900
658	2553	2900
839	3204	2900
654	2831	2900
1351	2715	2900
1668	3144	2900
1705	2908	2900
2397	2536	2900
1392	2663	2900
1879	3378	2900
1173	3247	2900
363	3081	2900
2160	3447	2900
163	3473	2900
719	2555	2900
358	3103	2900
1641	3279	2900
348	3240	2900
1536	2580	2900
2086	3283	3000
975	3154	3000
1128	2506	3000
1405	3025	3000
1858	2700	3000
2355	3118	3000
635	3363	3000
979	2514	3000
1351	2689	3000
923	3347	3000
1361	2716	3000
1074	3212	3000
1042	3328	3000
1009	2851	3000
989	2608	3000
305	2930	3000
2338	2897	3000
1863	2525	3000
559	3031	3000
2352	3405	3000
980	3238	3000
166	3361	3000
775	3094	3000
146	2623	3100
541	2735	3100
637	2749	3100
516	2750	3100
1768	2662	3100
2351	3378	3100
1444	3030	3100
1129	2797	3100
310	2972	3100
2333	2549	3100
2075	2926	3100
36	3491	3100
1849	3297	3100
2134	3200	3100
2255	2844	3100
1659	2950	3100
1989	2723	3200
1629	3268	3200
1427	2659	3200
854	2900	3200
2122	3454	3200
2043	2568	3200
1178	3181	3200
466	2942	3200
263	2990	3200
345	3188	3200
2050	3158	3200
1749	3101	3200
1238	2701	3200
2337	2816	3200
1133	3489	3200
1758	3381	3200
1693	3226	3300
1344	2591	3300
2141	3189	3300
1656	2699	3300
1265	3465	3300
2163	2762	3300
238	3190	3300
1520	3036	3300
1278	3132	3300
1242	3455	3300
2226	3058	3300
810	2882	3300
533	2916	3300
915	2979	3300
428	3473	3300
281	3332	3300
1481	3112	3300
2267	2552	3300
408	2559	3300
1004	3200	3300
1352	3391	3300
2049	3231	3300
373	3031	3300
1244	2786	3300
909	3368	3400
1999	3199	3400
470	2812	3400
116	2644	3400
2315	3442	3400
2233	2705	3400
525	3016	3400
561	2859	3400
1997	3362	3400
1089	3452	3400
767	2765	3400
1334	2675	3400
516	3264	3400
1433	2760	3400
646	3311	3400
1600	3089	3400
1987	2958	3400
1124	3129	3400
1882	2566	3400
1918	2854	3400
729	2967	3400
450	3345	3400
204	2984	3400
1488	2710	3400
1426	2594	3400
1663	3159	3400
57	3441	3400
1305	3249	3400
1341	3002	3500
1687	3398	3500
1226	2896	3500
741	3430	3500
1020	2895	3500
1813	3372	3500
649	2616	3500
1491	2784	3500
606	2876	3500
1943	3093	3500
1698	3029	3500
1705	2887	3500
1231	3022	3500
1402	3382	3500
56	3260	3500
39	2564	3500
974	3350	3500
1916	2828	3500
949	2549	3500
795	3159	3500
1373	2952	3500
87	2793	3500
91	2756	3600
289	3230	3600
1575	2774	3600
2111	3248	3600
694	2644	3600
1058	2893	3600
1447	3119	3600
2439	3426	3600
1661	3045	3600
913	2596	3600
1086	3204	3600
1460	2584	3600
259	3163	3600
755	2839	3600
2314	3491	3600
1969	2768	3600
299	2866	3600
1415	2732	3600
2478	3263	3600
2408	2818	3600
2372	3262	3600
1592	3374	3600
842	3470	3600
2107	3267	3600
2354	3027	3600
1218	2891	3700
1185	2895	3700
1605	2737	3700
2419	2680	3700
1350	2751	3700
1920	2893	3700
1176	3494	3700
918	2805	3700
1070	2887	3700
882	3394	3700
1628	3106	3700
660	2981	3700
1154	3265	3700
1985	2832	3700
1950	2717	3700
754	2962	3700
1781	2958	3700
1133	2770	3700
809	3037	3700
2082	2550	3700
1670	3028	3700
972	3478	3700
284	3109	3800
1114	2694	3800
1404	3469	3800
1041	2658	3800
669	2644	3800
1723	2993	3800
2156	2656	3800
954	3487	3800
511	2680	3800
1570	3021	3800
1674	2834	3800
828	3413	3800
2371	2797	3800
2197	2910	3800
485	2960	3800
222	2617	3800
59	3294	3800
1367	3418	3800
2028	3389	3800
256	3258	3800
1011	2557	3800
160	2911	3800
249	3359	3800
1962	2807	3800
2359	3346	3800
1381	2852	3900
1228	3223	3900
2465	3233	3900
764	2662	3900
251	3336	3900
1872	3242	3900
1855	2536	3900
576	3429	3900
64	3074	3900
1080	3062	3900
2407	2795	3900
201	2558	3900
829	3307	3900
1243	2780	3900
847	2599	3900
1743	2965	3900
962	2870	3900
2046	2966	4000
1322	2683	4000
1136	3227	4000
1142	2834	4000
1400	3173	4000
2059	3188	4000
2273	3236	4000
2306	2768	4000
2333	3435	4000
503	2641	4000
2039	2523	4000
1508	3444	4000
239	2694	4100
780	3293	4100
2065	3187	4100
70	2776	4100
2426	3363	4100
1194	2547	4100
187	2947	4100
1907	3392	4100
242	3251	4100
1205	3455	4100
121	2996	4100
1934	3488	4100
1774	2612	4100
2261	3479	4100
1650	2894	4100
36	2892	4100
2356	3174	4100
268	3005	4100
901	3017	4100
946	3463	4100
1664	3451	4100
1045	2891	4200
2220	3368	4200
1258	2682	4200
1914	2649	4200
1065	2545	4200
1175	2923	4200
1620	2800	4200
556	2935	4200
1984	3233	4200
303	2798	4200
1210	3135	4200
1376	2654	4200
1764	2942	4200
61	2516	4200
2447	3143	4200
673	3353	4200
233	2583	4200
1879	2804	4200
2074	2782	4200
372	2747	4200
1475	3279	4200
65	2585	4200
1056	3306	4200
1519	3400	4200
311	2556	4300
2147	2881	4300
739	3415	4300
2227	2825	4300
137	2700	4300
308	3398	4300
2116	3274	4300
380	2548	4300
186	3325	4300
59	3350	4300
427	2753	4300
1446	3319	4300
114	3035	4300
1211	3099	4300
1669	2885	4300
1824	3406	4300
1871	3345	4300
1528	3267	4300
2215	2629	4400
812	2850	4400
1476	2886	4400
397	3004	4400
2178	3221	4400
1899	2531	4400
1713	2789	4400
611	2843	4400
190	3009	4400
1598	2757	4400
1051	2598	4400
2313	2660	4400
1548	3233	4400
1094	3276	4400
261	3170	4400
1398	3022	4400
563	3057	4400
1364	3315	4400
1308	2701	4400
1983	2745	4400
2134	2739	4400
1617	2723	4500
1959	2946	4500
1213	3182	4500
367	3003	4500
546	3189	4500
948	2519	4500
2272	3452	4500
1888	2668	4500
852	3370	4500
430	3356	4500
430	3020	4500
123	3299	4500
1559	3033	4500
82	2652	4500
2455	2799	4500
1079	3074	4500
1610	2665	4500
848	3350	4500
732	2958	4500
956	2793	4500
1687	3003	4600
663	3483	4600
2461	2700	4600
709	2959	4600
726	3459	4600
2312	3045	4600
625	2768	4600
1719	3070	4600
1345	2766	4600
917	3105	4600
1342	2761	4700
1517	3065	4700
1312	2620	4700
709	3254	4700
1339	3180	4700
1827	3012	4700
1867	3021	4700
1366	3204	4700
2421	3304	4700
496	3317	4700
2319	3272	4700
135	2955	4700
66	3499	4700
73	2847	4700
1429	2684	4700
443	2938	4700
1810	2821	4700
120	3444	4700
358	3228	4700
1044	2522	4700
2018	3298	4700
1643	2953	4700
1999	2946	4800
661	3268	4800
1482	2746	4800
2459	3025	4800
2149	3201	4800
1795	2959	4800
1148	3007	4800
695	3356	4800
2025	2715	4800
845	3179	4800
1985	2512	4800
108	3497	4800
650	3446	4800
185	3206	4800
2004	3279	4800
740	3220	4800
465	2607	4800
1886	2501	4800
97	2622	4800
1635	2985	4800
772	3102	4800
452	3104	4800
1145	3032	4900
1258	3330	4900
197	3358	4900
482	2939	4900
522	3131	4900
1102	2859	4900
1996	2973	4900
449	2637	4900
1512	3276	4900
821	2907	4900
50	2792	4900
2200	2863	4900
1942	2720	4900
376	2868	4900
549	2651	4900
147	2690	4900
1933	2985	4900
1895	3451	4900
1180	2739	4900
1635	3339	4900
2311	2812	5000
1830	3320	5000
1492	2833	5000
212	3145	5000
1123	2974	5000
2171	2875	5000
27	2510	5000
904	3022	5000
193	3429	5000
1431	2801	5000
25	3497	5000
504	3328	5000
2443	3315	5000
1712	3338	5000
1442	2618	5000
2460	2856	5000
2192	2523	5000
1669	3396	5000
824	3200	5000
509	2881	5100
493	3404	5100
1826	2722	5100
474	2831	5100
1051	3414	5100
1089	3340	5100
1266	2898	5100
447	3388	5100
1255	2626	5100
1765	3212	5100
1673	3039	5100
2031	3396	5100
2100	2865	5100
884	3049	5100
2418	2932	5100
1428	2674	5100
2224	3228	5100
1571	2905	5200
2078	2556	5200
2388	3487	5200
277	2875	5200
1161	2882	5200
1159	2855	5200
347	2565	5200
877	2972	5200
600	2566	5200
2188	2760	5200
1765	3402	5200
2335	3434	5200
1685	3146	5200
946	2949	5200
1695	2529	5300
634	3352	5300
1553	2912	5300
228	2603	5300
1597	2722	5300
188	2940	5300
191	3348	5300
1762	2752	5300
682	3285	5300
1518	3318	5300
1189	2586	5300
934	3178	5300
2174	3069	5300
740	3028	5300
2451	3478	5300
1346	2556	5400
451	2562	5400
565	2941	5400
2393	2683	5400
1285	2895	5400
1690	3167	5400
2399	2749	5400
1789	2934	5400
124	2626	5400
1727	2826	5400
1884	3242	5400
873	3338	5400
259	2536	5400
2363	2669	5400
2155	3402	5400
627	3376	5400
769	2726	5400
840	3089	5400
270	3447	5400
1441	3277	5400
2020	2813	5400
1458	3310	5400
337	2507	5400
2243	3240	5400
2082	3374	5400
2456	3105	5400
1484	2980	5400
2172	3237	5400
1474	3183	5400
1195	2779	5400
2317	2506	5500
2395	3221	5500
1383	3065	5500
1179	3134	5500
1720	3021	5500
1212	3190	5500
2465	3432	5500
1509	3326	5500
2406	2773	5500
2129	3114	5500
1653	2981	5500
62	3169	5500
938	2747	5500
1475	3091	5500
2194	3405	5500
1824	2710	5500
880	3296	5500
399	2666	5500
674	2522	5500
1750	3468	5500
632	3076	5500
1554	3077	5600
2042	3032	5600
725	3079	5600
832	3087	5600
2385	2534	5600
2273	3486	5600
716	3494	5600
1832	3179	5600
769	2530	5600
1443	3461	5600
970	2540	5600
1916	3401	5600
372	3279	5600
2377	2858	5600
2248	3310	5600
781	2687	5600
2265	3493	5600
2051	3004	5600
965	2685	5700
1792	3016	5700
2426	3121	5700
60	3454	5700
2144	2623	5700
1461	3138	5700
1642	3131	5700
1264	2643	5700
1231	2867	5700
1704	2781	5700
1816	2824	5700
1201	2754	5700
1497	3158	5700
2497	2985	5700
1374	2769	5700
488	3300	5700
896	3391	5700
2051	2664	5700
1408	2656	5800
891	3329	5800
1730	2829	5800
753	2802	5800
151	2648	5800
2234	2731	5800
2177	2680	5800
2453	2655	5800
349	2959	5800
236	3029	5800
2005	2545	5800
747	2590	5800
1397	3490	5800
1660	3325	5800
1319	3040	5800
300	2805	5800
1627	2673	5800
2093	2920	5800
214	2740	5800
1235	3271	5800
2451	2527	5800
1688	3063	5800
1649	3399	5800
1609	3087	5900
1271	3131	5900
250	2502	5900
778	3334	5900
225	3413	5900
530	2804	5900
1952	2791	5900
693	3177	5900
2261	2926	5900
944	2719	5900
1132	3224	5900
1568	2651	5900
1502	3327	5900
355	2717	5900
861	3104	5900
2413	3368	6000
2370	3201	6000
1826	2991	6000
1302	2853	6000
1490	3130	6000
2173	3379	6000
2496	2815	6000
2095	3446	6000
1026	2814	6000
656	2858	6000
1430	3460	6000
1357	3115	6000
602	2578	6000
998	3157	6000
1617	3137	6100
2480	3371	6100
578	3093	6100
1240	2520	6100
953	2573	6100
1400	3485	6100
199	2696	6100
1855	3163	6100
235	2583	6100
24	2726	6100
74	3211	6100
1309	2961	6100
987	3282	6200
2202	3269	6200
292	3453	6200
2206	3335	6200
389	2762	6200
976	2734	6200
653	3425	6200
1269	2888	6200
94	2898	6200
266	3397	6200
1538	3446	6200
2488	2771	6200
1039	2858	6200
837	2922	6200
335	2780	6200
872	2949	6200
2032	3100	6200
1693	3223	6300
743	2900	6300
562	2638	6300
1876	2534	6300
2345	2794	6300
2321	2762	6300
1371	3021	6300
750	3007	6300
380	2693	6300
1976	3128	6300
1715	3281	6300
126	2661	6300
1596	3172	6300
1248	2708	6300
580	2532	6300
73	2824	6300
793	2926	6300
1869	2636	6300
667	2607	6300
1165	2903	6300
572	3037	6400
93	3368	6400
2211	3187	6400
1077	2562	6400
282	2734	6400
619	2729	6400
2171	3232	6400
710	2849	6400
174	3349	6400
776	2579	6400
2256	2796	6400
1135	2982	6400
1944	3022	6400
1754	3056	6400
1587	2996	6400
1172	3350	6400
2319	2663	6400
1337	3445	6400
974	2866	6400
1590	2578	6400
476	3215	6400
2473	3102	6400
1165	2653	6400
1388	2721	6400
1961	2903	6400
789	2605	6400
1354	3230	6500
1424	3226	6500
1699	2896	6500
2336	2843	6500
1478	3269	6500
2210	2643	6500
1159	2597	6500
1234	2702	6500
806	3175	6500
1992	2973	6500
858	3141	6500
68	2653	6500
2109	3001	6500
2187	2931	6600
1262	3443	6600
2227	3308	6600
2186	2794	6600
1435	3253	6600
1405	2656	6600
172	2974	6600
1198	3059	6600
726	2995	6600
774	3007	6600
1083	3490	6600
1306	3336	6600
520	2735	6600
1786	2977	6600
2450	2956	6600
416	3493	6600
989	3075	6600
2167	2711	6600
1592	2933	6700
243	2929	6700
498	2738	6700
1027	2518	6700
2419	3372	6700
2290	2588	6700
353	3192	6700
2092	2959	6700
1183	2630	6700
2432	2547	6700
1940	2718	6700
544	2516	6700
1176	3195	6700
500	3141	6700
1569	3014	6700
75	3352	6700
237	2556	6700
1037	3125	6800
1736	3415	6800
210	2783	6800
1671	3219	6800
1721	3424	6800
1028	3043	6800
2143	3390	6800
1820	2641	6800
2120	3473	6800
257	3468	6800
120	2932	6800
107	3337	6800
578	3050	6900
483	2637	6900
2358	3229	6900
158	2857	6900
370	3402	6900
879	3129	6900
771	2915	6900
820	3449	7000
1166	3372	7000
1787	2819	7000
1766	3234	7000
715	2991	7000
458	2518	7000
1289	3308	7000
38	2943	7000
1759	2521	7000
681	2772	7000
2097	2703	7000
1804	2829	7000
1991	3452	7000
912	3417	7000
361	3312	7000
1249	3256	7000
652	3382	7000
231	2837	7000
1001	3034	7000
156	2807	7000
2308	2529	7100
2381	2774	7100
1675	2638	7100
1616	2605	7100
511	2643	7100
1924	2880	7100
1647	3151	7100
933	2805	7100
2484	2665	7100
1141	2636	7100
943	2747	7100
982	3298	7100
2068	3363	7200
575	2784	7200
1923	2553	7200
361	3090	7200
195	3219	7200
1719	3338	7200
868	2617	7200
1600	2999	7200
1203	3296	7200
2301	2525	7200
2378	2879	7200
1989	3137	7200
1871	3055	7200
156	3450	7200
1834	2994	7200
401	2789	7300
2098	2906	7300
1682	2901	7300
2230	3235	7300
1119	3375	7300
1924	2997	7300
6	2887	7300
1091	3477	7300
2183	3457	7300
1349	2816	7300
1782	3292	7300
423	3054	7300
2276	3046	7300
2424	3063	7300
866	2565	7400
1704	3216	7400
2489	3407	7400
1120	3378	7400
387	3023	7400
90	2601	7400
808	2841	7400
2061	2903	7400
1424	2746	7500
734	2881	7500
246	3121	7500
35	2623	7500
2052	2992	7500
47	3042	7500
2244	2625	7500
603	2826	7500
21	3178	7500
53	3383	7500
2212	2835	7500
1069	2937	7500
2480	3199	7600
1268	2943	7600
621	3384	7600
1928	3066	7600
1079	3380	7600
1547	3261	7600
806	3092	7600
327	2708	7600
2367	3307	7600
1318	3306	7600
838	2599	7600
971	2624	7600
2323	2506	7700
1485	3111	7700
626	3346	7700
1890	3278	7700
2241	2623	7700
1732	3128	7700
86	2826	7700
1483	2727	7700
1976	3455	7700
714	2654	7700
1170	2914	7700
926	2594	7700
307	2740	7700
249	2550	7700
1239	3450	7700
1476	2843	7800
333	3302	7800
2285	2638	7800
601	2959	7800
1955	3467	7800
287	2610	7800
1325	3143	7800
1577	3258	7800
2482	3475	7800
2053	3322	7800
618	2994	7800
833	3221	7900
2402	3026	7900
2258	2514	7900
1310	3370	7900
2	2893	7900
115	2974	7900
2487	3030	7900
679	3317	7900
2179	2743	7900
2331	2960	7900
2179	2692	7900
737	3332	7900
1995	3410	7900
2020	2732	7900
2192	2748	7900
655	2690	7900
2161	2892	7900
2366	2589	7900
1554	2852	8000
892	2529	8000
12	3430	8000
557	2649	8000
2141	2901	8000
1300	2644	8000
192	3144	8000
2292	3485	8000
1842	2573	8000
96	2610	8000
1779	3084	8000
1652	3407	8000
1840	2813	8000
641	3129	8000
2498	2952	8000
1722	3447	8000
689	3262	8000
1501	2899	8000
91	3230	8100
1155	3186	8100
1986	3208	8100
2340	2717	8100
1022	2788	8100
1391	3076	8100
2201	3342	8100
317	3470	8100
2032	2861	8100
1064	2704	8200
315	2587	8200
1280	2658	8200
1908	3430	8200
324	2573	8200
1709	3097	8200
2050	3142	8200
1805	3448	8200
1172	3276	8200
1246	2657	8200
1493	2690	8200
691	2950	8200
1345	2567	8200
2062	3252	8300
988	2869	8300
1506	2643	8300
1386	2759	8300
1923	2830	8300
1680	3309	8300
1692	2551	8300
1313	2913	8300
112	2583	8300
2343	2688	8300
835	3034	8300
1781	2892	8300
722	3464	8300
572	2825	8400
1613	3250	8400
1734	2611	8400
1456	2794	8400
1739	2660	8400
923	3474	8400
1311	2960	8400
260	2816	8400
2222	3277	8400
1002	3034	8400
823	2573	8500
369	2614	8500
676	3286	8500
420	3377	8500
1241	2857	8500
2125	3332	8500
605	3355	8500
1430	3011	8500
1073	3044	8500
1963	3362	8600
1676	2627	8600
2219	3295	8600
72	2703	8600
462	3020	8600
2421	2917	8600
454	2671	8600
1199	2851	8600
2185	3092	8600
554	3194	8600
1702	3291	8700
1562	3130	8700
288	2720	8700
340	3462	8700
2352	2883	8700
892	3343	8700
1387	2949	8700
2322	2861	8700
2012	3027	8800
1166	2655	8800
1126	3059	8800
1783	3114	8800
1260	2918	8800
1270	2966	8900
20	2948	8900
1323	3162	8900
673	2924	8900
1472	2500	8900
1663	3307	8900
167	2583	8900
519	2523	8900
1807	2962	8900
74	2755	8900
1800	2886	8900
1550	2674	9000
539	3038	9000
1678	3284	9000
1544	2616	9000
468	3270	9000
663	2679	9000
1527	2976	9000
1452	3234	9000
662	3144	9000
2462	3417	9000
1307	3142	9000
447	2524	9000
98	3141	9000
1233	3332	9000
1047	2890	9000
713	3103	9000
1274	3408	9000
1131	2883	9100
2157	2746	9100
2011	3398	9100
199	3244	9100
1894	3219	9100
1103	2981	9100
1088	2753	9100
1808	3084	9100
2455	2972	9100
1026	2612	9100
487	2684	9100
936	2540	9100
69	2860	9100
784	3077	9100
2211	3357	9200
675	3330	9200
334	2857	9200
144	2608	9200
890	2816	9200
4	2561	9200
661	2621	9300
1041	2683	9300
1602	2909	9300
763	3235	9300
1877	2568	9300
621	3042	9300
1511	2996	9300
2268	3351	9300
310	2799	9300
1247	3434	9300
1835	3489	9300
422	3458	9400
2476	3472	9400
2282	2632	9400
992	3246	9400
108	3301	9400
874	3488	9400
921	3240	9400
339	3416	9400
480	3343	9400
574	3160	9400
1064	3161	9500
1095	3270	9500
712	2875	9500
816	3499	9500
1287	2678	9500
229	3069	9500
2374	3206	9500
605	3332	9500
1646	3265	9500
467	3260	9500
1782	2963	9500
720	2763	9500
2357	2706	9500
1324	3068	9600
1922	3320	9600
2176	2901	9600
1344	3227	9600
798	3455	9600
130	3333	9600
1884	3164	9600
2138	3024	9600
983	2505	9600
570	2635	9600
1113	3293	9700
248	2587	9700
2014	2591	9700
1804	3166	9700
1447	3007	9700
2406	2942	9700
1735	3081	9700
1161	3097	9700
1786	2955	9700
2262	3047	9700
2085	2835	9700
1731	3250	9700
842	3374	9700
999	2535	9700
173	2739	9700
1320	2595	9700
535	2629	9800
1889	2843	9800
180	2506	9800
1061	2757	9800
1178	3363	9800
1033	2568	9800
2315	2598	9800
679	3132	9800
1842	2597	9800
1979	3000	9800
1230	2821	9800
19	2922	9800
1273	3220	9800
2304	2961	9800
982	2763	9800
1387	3274	9900
2300	3295	9900
1237	3121	9900
1261	3424	9900
2058	3403	9900
2121	3288	9900
222	3382	9900
500	3420	9900
1784	3263	9900
475	2607	9900
2405	2812	10000
669	3083	10000
1425	3370	10000
624	2677	10000
2184	3390	10000
2126	2883	10000
1902	2535	10100
1179	2943	10100
2117	2986	10100
957	2871	10100
2446	2988	10100
435	2906	10100
904	3490	10100
1134	3448	10100
2327	2938	10100
1738	2987	10100
1767	3271	10100
827	2721	10100
1791	2697	10100
1153	3339	10100
1341	2567	10100
113	3453	10200
537	3081	10200
2312	2913	10200
2389	2665	10200
1865	2650	10200
484	3267	10200
165	3339	10200
1640	2638	10300
589	3081	10300
599	3350	10300
1990	2559	10300
479	2989	10300
492	3342	10300
143	2575	10300
1385	2818	10300
907	2599	10300
597	2503	10400
2387	3139	10400
1278	3244	10400
313	3098	10400
2363	3348	10400
644	2978	10400
856	2687	10400
317	3041	10400
2347	3105	10400
2057	3422	10400
1215	2929	10500
134	2700	10500
1348	3065	10500
151	2820	10500
195	3197	10500
996	2860	10500
2207	3240	10500
1149	3457	10500
756	2650	10500
1167	3268	10600
1227	2658	10600
2494	3295	10600
1827	3198	10600
2427	2510	10600
1469	3093	10600
2281	2878	10600
1505	3275	10600
454	2887	10600
666	2709	10600
595	3338	10600
2135	3311	10600
2004	2919	10600
102	3427	10600
367	2896	10700
2369	3367	10700
628	2775	10700
1470	3403	10700
710	2590	10700
82	2610	10700
701	2785	10700
1561	3311	10700
304	3447	10700
1303	3327	10700
2213	2526	10700
244	3323	10800
142	3303	10800
1523	2660	10800
449	2773	10800
1088	3229	10800
473	3314	10800
223	3054	10800
814	2575	10800
2114	3160	10800
841	2592	10800
2317	2877	10900
1354	2946	10900
2259	2873	10900
2113	3085	10900
1661	3142	10900
513	2752	10900
1367	2671	10900
1120	2824	10900
1108	2509	10900
1290	2920	10900
2172	2624	10900
1399	3274	11000
536	2543	11000
2044	3358	11000
1	2528	11000
620	3288	11000
714	2783	11000
77	3191	11000
1761	2938	11000
534	3023	11000
2301	3120	11000
925	2808	11000
607	2927	11100
153	2503	11100
1564	2991	11100
805	2982	11100
782	3029	11100
624	2663	11100
592	2684	11100
375	2922	11100
926	3479	11100
656	2601	11100
1531	2744	11100
362	3054	11100
2409	3399	11200
2136	3253	11200
1163	3472	11200
174	2751	11200
2145	2849	11200
928	3312	11200
736	2871	11200
2374	2604	11200
1769	2938	11200
1893	2984	11200
1761	2914	11200
937	2646	11200
1898	3298	11200
1542	3068	11300
633	3032	11300
2088	3134	11300
878	2733	11300
955	2783	11300
1204	2888	11300
320	3052	11300
1945	3272	11300
1034	2915	11300
834	3305	11300
1938	2527	11300
671	2570	11300
2257	3137	11400
22	2518	11400
149	2682	11400
552	2699	11400
1937	2853	11400
2113	2620	11400
77	2815	11400
1241	3272	11400
1154	3476	11400
1273	2808	11400
2294	3053	11400
170	2697	11400
1701	2971	11500
1393	2508	11500
561	2948	11500
899	2906	11500
6	2908	11500
463	3498	11500
1686	3479	11500
319	2665	11500
2344	2919	11500
421	2950	11500
1143	3487	11600
2392	2936	11600
49	3390	11600
1835	2956	11600
2473	3060	11600
1876	3337	11700
916	2742	11700
1455	2679	11700
1076	3459	11700
2089	2760	11700
1935	3315	11700
931	3125	11800
1703	3194	11800
1636	2968	11800
953	3162	11800
3	3081	11800
1499	2692	11800
1841	3388	11800
152	2890	11800
2398	3024	11800
1365	3245	11800
721	3422	11800
1888	2802	11900
1295	2754	11900
2169	3420	11900
813	2818	11900
1809	2937	11900
1731	3095	12000
1638	3158	12000
1245	2743	12000
889	2801	12000
278	3395	12000
1911	3017	12000
550	3293	12100
878	3218	12100
1052	3059	12100
13	3481	12100
1210	3364	12100
61	3204	12100
1982	2851	12100
707	2618	12100
1002	3342	12100
276	2527	12100
1188	3357	12200
632	2646	12200
11	2757	12200
346	3386	12200
364	3147	12200
266	3143	12200
1974	3338	12200
1725	2850	12200
2485	2562	12300
2009	2830	12300
1524	2632	12300
2239	3098	12300
1523	2709	12300
2380	3409	12300
1503	2801	12300
1187	2541	12300
1677	2676	12300
1415	2813	12300
1031	2956	12300
699	2950	12300
1209	3167	12400
695	3490	12400
368	2578	12400
2214	2804	12400
189	3397	12400
443	2863	12400
1900	2641	12400
2232	3103	12400
1393	2560	12500
1368	3433	12500
269	3229	12500
595	2918	12500
2151	3416	12500
521	3004	12500
1889	2529	12600
2401	2896	12600
573	2521	12600
205	3331	12600
2250	3271	12600
95	2912	12700
353	3442	12700
1896	3348	12700
179	2665	12700
973	2865	12700
856	2930	12700
1960	2904	12700
376	3314	12700
919	3268	12700
908	2852	12800
1469	3050	12800
360	2736	12800
961	2504	12800
803	3173	12800
1853	3110	12800
2070	3311	12800
1962	3266	12800
1275	3250	12900
702	2852	12900
653	2742	12900
1604	3466	12900
175	2990	12900
1831	2791	12900
507	3216	12900
1203	2780	12900
406	2845	12900
2154	3148	13000
30	2640	13000
351	2679	13000
1624	2581	13000
912	2954	13000
331	2571	13000
898	3024	13000
1059	3075	13000
502	3273	13100
2058	3312	13100
1196	2597	13100
1076	3006	13100
350	2907	13100
1149	2618	13100
1353	2953	13100
2474	3290	13100
337	3046	13100
1885	3107	13200
903	3285	13200
533	2913	13200
1633	2741	13200
480	3017	13200
1572	3314	13200
1096	2868	13200
1688	3463	13200
1752	3071	13300
1340	2591	13300
1958	3099	13300
2140	3141	13300
2012	3404	13300
1549	2514	13400
464	2620	13400
924	3321	13400
1144	2509	13400
213	2808	13400
338	3322	13400
322	3009	13500
1798	2533	13500
441	2743	13500
628	2613	13500
2493	3409	13500
278	3150	13500
755	2916	13500
1219	3067	13600
560	2605	13600
1905	3032	13600
2425	2909	13600
360	2514	13600
798	3128	13600
323	2709	13600
362	3406	13600
2114	3202	13700
1968	2896	13700
1621	2724	13700
1807	3156	13700
1239	3237	13700
1479	3252	13800
1361	2831	13800
1624	2859	13800
325	2882	13800
1392	3272	13800
0	3108	13800
7	2760	13800
986	3024	13800
434	2827	13900
1292	2658	13900
79	2613	13900
2235	3134	13900
1279	2862	13900
110	2865	13900
949	3435	13900
1465	2920	13900
1535	2621	13900
1875	3469	14000
1193	3254	14000
802	3090	14000
2244	3437	14000
2427	3384	14000
2098	2614	14000
810	3097	14000
1979	3353	14000
2151	2595	14000
2328	2628	14000
118	3123	14100
2170	2848	14100
459	3476	14100
2467	3422	14100
1384	3399	14100
1287	3299	14200
510	3383	14200
2291	3288	14200
245	2837	14200
1334	2512	14200
568	3084	14200
45	3497	14200
1200	3262	14200
538	3231	14200
1253	3157	14200
648	2761	14300
2234	3209	14300
460	3474	14300
802	3312	14300
1878	2528	14300
400	2584	14300
280	2666	14300
1767	2539	14300
518	2507	14300
1395	3346	14400
1139	3436	14400
984	2829	14400
1112	2968	14400
1127	3124	14400
893	2656	14500
402	2869	14500
1267	3131	14500
2375	3188	14500
768	3389	14500
499	2777	14500
2195	2931	14600
303	3232	14600
210	3036	14600
700	2735	14600
941	2788	14600
559	2937	14600
2216	3368	14700
343	2945	14700
2278	3135	14700
1279	2632	14700
236	3219	14700
1651	2804	14700
2087	2916	14700
2498	3005	14700
1854	2803	14700
1740	2776	14800
1975	2860	14800
1569	2904	14800
1558	2967	14800
1466	2580	14800
985	3076	14900
1068	2944	14900
379	2834	14900
1770	2996	14900
1369	2754	14900
1716	2641	14900
766	3434	14900
2240	3360	14900
1892	3480	14900
1980	2776	15000
1848	2560	15000
172	2758	15000
758	2639	15000
1732	3455	15000
504	3097	15000
752	3382	15000
766	3215	15000
770	2846	15100
66	3294	15100
1173	2837	15100
890	2537	15100
986	3126	15100
1775	2622	15100
442	3165	15100
577	2983	15200
704	3025	15200
2258	2736	15200
2281	3467	15200
1021	3333	15200
1805	3439	15200
1607	2866	15200
31	3322	15200
1528	2962	15200
505	2503	15300
1936	3197	15300
616	2571	15300
1986	3130	15300
945	2988	15300
2296	2639	15300
415	3018	15300
641	2771	15300
109	3174	15300
1556	3320	15400
849	3453	15400
2289	2515	15400
1104	2992	15400
677	3275	15400
592	3178	15400
1749	2532	15400
1573	3491	15400
585	3122	15400
1895	3103	15400
1580	3231	15400
139	2923	15500
2264	2660	15500
1099	2771	15500
424	2770	15500
470	2506	15600
1694	3352	15600
930	2647	15600
1856	2833	15600
891	3227	15600
1304	3362	15600
1468	2820	15600
1882	2532	15600
547	3258	15600
90	2858	15600
2084	3221	15700
171	3419	15700
1160	2576	15700
1445	3327	15700
1684	2828	15700
2393	2905	15800
182	2510	15800
433	2834	15800
92	3482	15800
1940	2596	15800
407	3419	15800
759	3057	15800
2304	3088	15800
844	2932	15800
2288	3480	15800
1339	2957	15900
1436	3379	15900
1420	2603	15900
859	3428	15900
2483	3308	16000
1718	2658	16000
959	2945	16000
1611	2881	16000
659	2928	16000
2407	3228	16000
670	3041	16000
1390	3464	16000
1729	3259	16100
1323	2593	16100
1560	2986	16100
196	2577	16100
2106	3334	16100
2360	2867	16100
2260	2883	16100
48	3320	16100
723	2624	16100
1701	2640	16200
2249	3225	16200
1788	3087	16200
111	3205	16200
344	2582	16200
951	3053	16200
1030	2927	16300
464	3201	16300
1150	2672	16300
690	2744	16300
97	3327	16300
414	3274	16400
929	3421	16400
2411	3380	16400
387	2540	16400
2477	3289	16500
948	2620	16500
2145	2934	16500
196	2898	16500
2165	2963	16500
591	2827	16600
203	2659	16600
89	3025	16600
619	2569	16600
1867	2547	16600
1183	2533	16600
683	3082	16600
1530	3271	16600
1169	3245	16600
792	2544	16700
680	2669	16700
1667	2502	16700
96	2652	16700
818	2978	16700
850	2916	16700
1683	3194	16800
150	2826	16800
2364	2891	16900
531	3343	16900
38	3134	16900
1535	3268	16900
1330	3107	17000
1463	3349	17000
15	3006	17000
1454	3052	17000
1446	3114	17000
2075	3479	17000
1685	3091	17000
1613	2642	17000
1581	2994	17000
333	2877	17100
1435	2957	17100
1793	3198	17100
1730	3248	17100
125	2875	17100
617	3147	17100
1412	2768	17100
154	2558	17100
1488	3406	17100
1049	3125	17200
1280	2554	17200
648	3324	17200
219	2928	17200
1223	3072	17200
2069	3458	17300
1832	2614	17300
1006	2773	17300
1699	3358	17400
2076	3118	17400
830	3454	17400
2457	2762	17400
579	3135	17400
1150	3471	17400
1135	3379	17400
135	2977	17400
416	3091	17400
2400	2872	17500
1315	3282	17500
1029	3008	17500
1461	2714	17500
2101	2993	17500
742	2699	17500
1480	3379	17500
1094	3383	17500
1558	2745	17500
382	3080	17500
2099	3140	17600
1793	3012	17600
1247	3342	17600
853	2611	17700
2154	3155	17700
1790	3079	17700
1459	2872	17800
414	3289	17800
906	3132	17800
1700	2757	17800
86	3203	17800
1648	2911	17800
971	3237	17800
2246	3181	17900
26	3403	17900
885	3253	17900
697	2973	17900
582	3178	17900
1777	3397	17900
1288	3305	17900
2309	2983	17900
1798	2908	18000
588	3117	18000
1881	3245	18000
1759	3465	18100
2380	2536	18100
1217	2585	18100
1534	3156	18100
2017	3213	18100
251	2510	18200
1454	3325	18200
808	2594	18200
759	2860	18200
237	2737	18300
431	2843	18300
577	3466	18300
2492	2662	18300
1503	2715	18300
2440	2718	18300
1594	3117	18300
267	3468	18300
2137	3071	18300
739	2864	18400
1477	2513	18400
346	2906	18400
1691	2838	18400
887	2720	18400
1599	3387	18500
192	2667	18500
2127	2699	18500
961	3409	18500
544	3168	18500
1921	3149	18500
598	2540	18500
688	2842	18500
871	2854	18500
1162	2694	18600
2044	2869	18600
602	3115	18600
1357	3014	18600
1516	3280	18700
1819	2807	18700
411	3304	18700
1411	3476	18700
1833	2823	18700
1011	3457	18700
1665	2653	18700
779	2847	18800
864	2769	18800
1316	3068	18800
286	2611	18900
2453	2734	18900
1332	3397	18900
1005	3473	18900
14	2740	18900
395	3032	19000
99	2623	19000
553	2696	19000
940	2844	19000
157	3093	19100
1582	2798	19100
744	2787	19100
1110	2807	19100
1068	2605	19100
640	3237	19100
1966	3469	19200
2253	3123	19200
869	3426	19200
366	3490	19200
542	3365	19200
2063	3171	19200
888	3010	19200
817	3283	19300
1964	2777	19300
1013	3012	19300
815	3204	19300
1518	2564	19300
463	3039	19300
489	3385	19300
2150	2724	19300
1257	2862	19400
1919	3128	19400
662	3244	19400
1589	3275	19400
1282	2847	19400
1658	2967	19400
757	2546	19400
83	2698	19500
116	2840	19500
2221	2864	19500
1706	2584	19500
1431	2781	19500
1022	3257	19500
124	3482	19600
344	3238	19600
910	2812	19600
2158	3339	19600
861	2870	19600
729	2745	19600
1356	3369	19700
1890	2966	19700
117	3254	19700
1152	3421	19700
2259	3133	19700
1016	3460	19700
453	2927	19800
1355	2695	19800
265	3302	19800
1957	2941	19800
960	3335	19800
742	3038	19800
947	2948	19800
1106	3192	19800
1772	3234	19800
1100	2916	19800
630	2708	19800
1833	2897	19800
1277	3464	19800
2288	2795	19800
801	2670	19800
512	3381	19900
1792	2895	19900
2325	3458	19900
2472	3394	19900
608	2564	19900
1174	2595	19900
57	2998	20000
1550	2517	20000
499	3230	20000
1075	2818	20000
471	2849	20000
993	3251	20000
1801	3035	20000
2470	3461	20000
985	3359	20000
2133	3361	20000
282	2620	20100
1955	2878	20100
1151	2910	20100
731	3321	20100
384	3294	20100
2099	2889	20100
844	3214	20100
133	3093	20200
296	3414	20200
2033	3015	20200
314	2990	20200
866	2750	20200
1596	3356	20200
2341	3409	20200
1245	3208	20200
112	2981	20200
104	2803	20200
1665	3431	20200
1644	3146	20200
342	2528	20300
389	2800	20300
822	3307	20300
622	3110	20300
1559	3457	20300
1192	2589	20400
705	3095	20400
1066	2906	20400
774	3119	20400
1709	2934	20400
1416	3170	20400
1578	2520	20500
2088	2727	20500
528	3033	20500
990	2828	20500
330	2505	20500
2464	2770	20500
412	3077	20600
1128	3453	20600
2001	2557	20600
2209	2803	20600
1027	3283	20700
2231	3017	20700
1589	3000	20700
1702	2848	20700
1662	3323	20700
1223	3488	20700
672	2924	20700
2478	2537	20700
1167	2543	20800
2253	2738	20800
1190	3386	20800
520	2982	20800
1847	2863	20800
455	2840	20900
43	2931	20900
1778	3398	20900
1564	2722	20900
1024	2544	20900
939	2954	20900
2341	3419	20900
875	3321	20900
1102	3064	21000
302	3142	21000
122	2608	21000
1947	2844	21000
1215	3086	21100
2361	3335	21100
826	3186	21100
905	2966	21100
234	3438	21100
1327	3030	21100
1539	2997	21100
978	3328	21100
2285	2507	21200
546	2975	21200
1376	3349	21200
2382	3219	21200
1821	3183	21300
1623	3282	21300
257	2763	21300
1218	3354	21400
594	2649	21400
477	3058	21400
530	3334	21400
478	3074	21400
1220	2517	21500
1324	3140	21500
855	2971	21500
1300	3036	21500
832	3186	21500
874	3072	21500
858	3287	21500
1426	2894	21500
795	3307	21500
1253	2694	21500
322	2729	21600
2236	2514	21600
2177	2783	21600
2203	2716	21600
730	3115	21600
2183	2557	21600
1773	2710	21600
548	3146	21600
1725	2998	21600
899	3347	21700
676	2801	21700
1337	2915	21700
65	2987	21700
552	3038	21800
583	3275	21800
647	3319	21800
1191	3210	21800
1188	3187	21900
840	2523	21900
2056	2501	21900
566	3481	22000
331	2548	22000
1084	2907	22000
2046	2941	22100
1597	2991	22100
256	2728	22100
1751	2513	22200
1883	2733	22200
698	2776	22300
1422	2969	22300
1840	2732	22300
518	3046	22300
587	3009	22400
2105	2925	22400
1358	3051	22400
217	2769	22400
529	2737	22500
153	2649	22500
1672	2765	22500
1680	2579	22500
1618	2725	22500
1738	2807	22500
1536	2642	22500
2308	2969	22600
2019	2531	22600
1785	3203	22600
1582	3176	22600
1880	3288	22600
1973	2709	22600
2397	3163	22600
2412	2587	22700
1268	2682	22700
921	2979	22700
1743	3267	22700
1422	3324	22800
2052	3425	22800
773	2672	22800
1439	3091	22800
1845	3102	22800
2324	3000	22900
1545	3403	22900
2415	3446	22900
1495	3104	22900
2417	3008	23000
139	2758	23000
979	2736	23000
2111	2943	23000
2203	2734	23000
1747	3227	23000
2252	3331	23000
1429	2748	23000
264	3322	23000
2167	3427	23100
2170	3291	23200
2417	3366	23200
1831	2581	23200
1991	3119	23200
1504	3315	23200
1346	2840	23300
823	3162	23300
1784	2615	23300
1206	2659	23400
2246	2572	23400
207	3329	23400
968	2849	23400
728	2600	23400
271	2750	23400
2015	3061	23400
1458	3088	23400
88	2893	23500
2422	3020	23500
2449	3381	23600
721	2952	23600
860	2874	23600
1744	3185	23700
1451	3079	23700
767	3366	23700
2166	3303	23700
1332	3216	23700
181	2806	23700
781	2622	23700
442	2599	23700
1221	2991	23800
2376	2848	23800
1450	3379	23800
62	3023	23800
2053	2778	23800
762	3412	23900
1913	2719	23900
566	2945	24000
2362	3132	24000
1912	2999	24000
1868	3172	24100
785	3263	24100
165	2899	24100
665	2575	24200
2446	2960	24200
936	3023	24200
2396	3345	24300
836	2580	24300
1462	3278	24400
2175	2970	24400
1524	3392	24400
371	2990	24400
674	2788	24400
705	2712	24500
180	3391	24500
105	2603	24500
1321	3248	24500
863	3454	24500
202	3495	24500
1865	3061	24500
2159	2854	24500
612	2690	24500
1921	3069	24600
2066	2619	24600
2139	2635	24600
1740	2568	24700
1109	2551	24700
638	3232	24700
1409	2610	24700
1004	3237	24700
857	3337	24800
1742	3282	24800
80	2519	24800
1257	2836	24800
563	3191	24800
1546	2559	24800
2250	2539	24800
2034	2655	24900
2036	2689	24900
2025	3184	24900
1951	3043	24900
128	3150	24900
1939	3114	24900
870	3075	24900
1122	3149	24900
706	3484	24900
1683	3352	24900
2305	3005	24900
472	2567	25000
1407	3186	25000
1185	3016	25000
181	3255	25000
1055	3073	25200
1071	3280	25200
2491	3203	25200
1121	3303	25200
417	2785	25200
1229	3178	25200
625	3051	25200
1116	3061	25200
107	3019	25200
1611	2840	25300
2392	3106	25300
2108	2999	25300
1486	3073	25400
587	2738	25400
2060	3495	25400
72	3251	25400
424	3489	25500
623	2511	25600
642	3181	25600
1591	2939	25600
1657	3070	25600
321	3126	25600
1105	3207	25600
2316	3053	25600
1381	2629	25700
182	3412	25700
2132	2593	25700
2303	2579	25700
1937	2625	25700
1712	2918	25700
1375	3246	25700
531	2529	25800
1734	3137	25800
797	2901	25800
2239	2662	25800
1862	2905	25900
1795	3438	25900
183	2998	25900
1756	2642	26000
590	3436	26000
437	3381	26100
133	3225	26100
692	2559	26100
1370	2891	26100
1495	2766	26100
403	2691	26200
46	3369	26200
1910	2722	26200
2306	3373	26200
102	2711	26200
33	2635	26200
1328	3193	26200
1228	3226	26300
1668	2667	26300
711	2988	26300
1942	3401	26300
691	3320	26300
1794	3259	26500
1109	2758	26500
1491	2853	26500
2395	2883	26600
2218	2802	26600
10	3415	26600
11	3472	26600
384	3499	26600
1423	2856	26600
1333	2528	26700
1043	3387	26700
1815	3123	26700
2272	2882	26700
1822	3224	26700
1746	3343	26800
1317	3283	26800
78	3351	26800
176	2803	26800
827	3017	26900
950	2508	26900
2148	2667	26900
2117	2702	26900
2287	3233	26900
2157	3198	27000
1083	3020	27000
67	2865	27000
1568	3214	27000
1195	2645	27000
1736	3111	27100
2485	2691	27100
1348	3131	27100
2499	2834	27100
1375	3033	27100
692	3267	27100
987	3008	27200
314	3195	27200
1822	2764	27200
614	2758	27300
580	3261	27300
643	3479	27300
2048	3080	27400
1407	3123	27400
230	3014	27400
1994	3117	27400
2481	2842	27400
2220	3362	27500
2458	2759	27500
220	3256	27500
1031	2870	27500
1056	2607	27500
1819	3252	27500
1343	3121	27600
2225	2544	27600
1177	2715	27600
647	2792	27600
221	2838	27600
2061	3239	27600
328	2721	27700
1656	3425	27700
415	3429	27700
765	2795	27700
1658	3434	27700
1821	2964	27800
617	3286	27800
2422	3485	27800
1868	3356	27800
2496	3258	27800
328	2582	27800
76	3404	27900
564	3107	27900
768	3072	27900
1502	2962	27900
1626	3073	28000
2280	2905	28000
704	3472	28000
906	3317	28000
2411	3498	28100
1207	2571	28200
527	3142	28200
2445	3110	28200
1291	3311	28200
2497	3339	28200
1474	2964	28300
498	3387	28300
2298	3294	28300
545	3428	28300
2334	2976	28400
46	2794	28400
2280	2554	28400
324	2716	28400
1614	2516	28400
2201	2879	28400
1236	3283	28500
2011	3308	28500
2377	2601	28500
551	2694	28600
2048	3105	28600
1385	2886	28600
265	2877	28600
762	2528	28600
1427	2833	28600
2452	3218	28600
1870	3325	28600
783	2987	28600
1148	3366	28700
2208	2551	28700
1622	3303	28700
541	2982	28700
1396	2576	28700
1233	3407	28700
1836	2615	28700
539	3145	28800
2153	3180	28800
2452	3197	28800
1750	2522	28800
1181	2742	28900
1775	2744	28900
1085	3278	29000
1478	2560	29000
2400	3209	29000
1540	2703	29000
807	3102	29000
1413	2575	29000
789	3428	29000
1417	2547	29100
543	3173	29100
2298	2509	29100
1005	2754	29100
2302	3422	29100
1272	2701	29100
1666	2645	29200
1322	2714	29200
644	3264	29200
799	2552	29200
354	2745	29200
1649	3111	29300
2439	3364	29300
1326	2655	29400
1566	3335	29400
283	2904	29400
239	3067	29500
448	2686	29500
748	2581	29500
791	2921	29500
460	3347	29600
875	2637	29600
1652	2936	29600
1413	2741	29600
1097	2871	29700
1620	2689	29700
148	3461	29700
2229	2619	29700
1601	2562	29800
244	2520	29800
2494	3096	29800
2210	2654	29800
1872	2796	29800
2024	3242	29800
2196	3018	29800
1971	3261	29800
1829	2578	29800
1925	2606	29800
1050	2766	29800
2022	3116	29900
1299	2759	29900
364	2942	29900
1093	2829	30000
2128	3375	30000
1762	2722	30000
275	3328	30000
902	3130	30000
1642	3065	30100
2346	3312	30100
1117	2910	30100
2174	3149	30100
2495	2523	30100
1926	3284	30200
659	3403	30200
98	2536	30200
2074	2805	30200
1703	3121	30300
377	2602	30300
1402	2902	30300
170	3187	30400
76	2681	30400
141	2738	30400
403	3469	30400
2376	3291	30400
2339	2935	30400
1269	2703	30400
377	2836	30400
868	3150	30400
2072	2577	30400
1487	2558	30400
1170	2628	30400
1847	3010	30400
34	2962	30400
1470	2901	30500
2262	3445	30500
811	3297	30500
2342	2721	30500
1042	3097	30600
1591	2940	30600
1028	2597	30600
2209	3224	30600
307	2795	30600
492	2811	30600
1340	3433	30700
1522	3326	30700
2030	3119	30700
2492	2563	30700
2090	3448	30700
1414	3209	30800
1293	3079	30800
469	3356	30800
2444	2912	30800
1922	2980	30900
1616	3127	30900
2178	2664	30900
2331	3018	30900
202	3383	30900
305	2839	30900
1122	3435	30900
670	3054	30900
2305	3100	30900
1834	2589	31000
1226	2869	31000
1234	2660	31000
2083	3445	31000
1773	3406	31000
1625	2636	31000
2071	2789	31100
931	2790	31100
1299	2714	31100
178	3197	31100
824	2670	31100
465	3306	31100
1217	2806	31300
975	2850	31400
1741	2912	31400
294	2869	31400
2479	2597	31400
1764	2633	31400
206	3418	31400
519	3089	31400
2049	2673	31400
446	2736	31500
2079	2757	31500
80	3085	31500
1988	3031	31500
2013	3359	31600
118	2629	31600
651	3016	31600
2483	2562	31600
1602	3087	31600
1284	3278	31600
1066	3386	31600
494	2598	31600
1595	2936	31600
2367	3159	31600
1	3412	31700
1036	2593	31700
811	2748	31700
1355	2889	31800
434	3278	31800
2329	2508	31800
639	3411	31800
1973	2602	31800
1626	3199	31900
125	2829	31900
2300	3096	31900
1327	3442	31900
2442	2544	32000
2297	3042	32000
1545	2928	32000
731	2637	32000
1538	2577	32000
1722	2710	32000
1758	3095	32100
1539	3499	32100
187	3486	32100
420	3440	32100
1092	2821	32100
2448	2975	32200
123	3375	32200
279	2782	32200
998	3034	32200
940	2505	32300
859	3408	32300
836	2624	32400
294	2846	32400
5	2590	32400
2375	2649	32400
130	2995	32400
964	3319	32400
2223	2576	32400
2490	3367	32500
277	2513	32500
225	2751	32500
1103	2509	32500
1633	2575	32600
1517	2772	32600
247	2910	32600
450	3028	32600
51	2838	32700
1373	3031	32700
198	2668	32800
885	2957	32800
2148	3471	32800
26	2928	32800
1134	3439	32800
23	3168	32800
1222	3357	32900
290	2717	32900
2283	2809	32900
203	2833	32900
2383	2755	33000
2420	2778	33000
393	3001	33000
1728	2570	33100
2076	3073	33100
1514	3414	33100
907	3165	33100
1219	3086	33200
1864	2691	33200
945	2960	33200
1230	3115	33200
1191	2580	33200
2152	3259	33300
407	3409	33300
1362	3157	33300
1501	3165	33300
1925	2767	33400
1306	2504	33400
397	2664	33400
833	3094	33400
400	3164	33600
1272	2673	33600
741	3125	33700
1789	3326	33700
2278	3364	33700
773	3471	33700
992	3212	33700
807	2585	33700
161	3250	33700
1370	3466	33800
79	3015	33800
1583	3294	33800
2035	3206	33800
2037	2922	33800
708	3194	33800
224	3360	33800
386	2965	33800
284	2946	33900
1484	2681	33900
867	3273	33900
1160	3462	33900
1363	2505	33900
1659	3194	34000
248	2872	34000
18	3154	34000
779	2824	34000
737	2782	34000
908	3054	34100
1251	3441	34100
103	3232	34100
1123	2533	34100
507	2781	34100
693	3057	34100
675	3134	34200
1072	3449	34200
103	2714	34200
295	2626	34200
865	3047	34200
2002	2657	34200
1130	3441	34300
1859	3113	34300
991	2864	34300
583	2760	34300
1008	3385	34300
63	2841	34300
2364	2501	34400
1275	3044	34400
2489	3420	34400
223	2538	34400
567	3458	34500
672	3303	34500
853	2531	34600
2436	2994	34700
143	2741	34700
1025	3266	34700
2202	3284	34700
952	3315	34700
2404	2681	34700
2146	2927	34800
190	2944	34800
131	2712	34800
1583	3318	34800
1017	3114	34800
318	2511	34900
1808	3488	34900
555	3124	34900
53	3495	35000
2007	3177	35000
1433	3018	35000
2108	3089	35000
1994	2920	35000
1157	2819	35100
1312	3085	35100
1650	2926	35100
2228	2849	35200
819	2759	35200
1919	3295	35200
100	3351	35200
2284	3486	35200
1995	2832	35200
1082	3399	35300
564	3425	35300
1726	2554	35300
1073	2570	35400
535	2712	35400
2330	2593	35400
2292	3173	35400
542	3191	35400
835	3157	35400
2059	2678	35500
2238	3439	35500
994	3208	35500
2488	3129	35500
1445	2622	35500
264	2861	35500
972	2900	35600
1516	2679	35600
1785	2969	35600
2495	3033	35600
569	2744	35600
688	2919	35600
1573	2892	35600
667	3223	35700
2425	3189	35700
596	2946	35700
1126	2591	35700
1903	2893	35700
2089	2617	35700
829	2666	35700
574	3202	35800
496	3048	35800
776	3309	35800
1806	3439	35800
186	3236	35800
312	3151	35800
1622	2955	35800
1576	2983	35800
2176	2545	35900
2437	3115	35900
1421	2866	35900
1546	2921	35900
2042	2774	36000
140	3183	36000
2416	3167	36000
138	3170	36000
526	2625	36000
711	3043	36000
288	3401	36000
75	3443	36100
2322	2700	36100
514	3118	36100
2124	3358	36100
2030	2935	36100
2410	3281	36100
2033	3438	36200
1645	3084	36200
613	2577	36200
2404	3156	36300
1074	2902	36300
970	2984	36300
483	3043	36400
801	2987	36400
1585	3474	36500
2063	3159	36500
2342	2582	36500
395	3225	36600
1752	3249	36600
939	3417	36600
2136	2957	36600
2188	2880	36600
41	2810	36600
2355	3073	36700
273	3280	36800
1010	2598	36800
2106	2884	36800
700	3476	36800
1308	3159	36800
846	2717	36800
1297	2975	36900
1548	2627	36900
2092	3438	36900
1189	3351	36900
2295	2936	36900
468	3443	37000
1311	3162	37000
1581	2589	37100
371	3162	37100
2055	3141	37100
1014	3300	37100
2384	2786	37100
2325	3487	37200
2487	3029	37200
677	3471	37200
1048	2938	37200
1933	3266	37200
969	3239	37200
1676	2772	37300
1052	2591	37300
1877	3340	37300
2318	2728	37300
2204	2918	37300
2193	3427	37300
381	3371	37400
495	3185	37400
2436	3109	37500
2086	3213	37500
2105	3012	37500
2228	3465	37500
1851	2997	37500
1929	2764	37500
1162	3271	37600
860	2635	37600
1552	3372	37600
1671	2545	37600
1603	2612	37600
983	2844	37600
1147	2747	37600
1557	3156	37600
1432	2850	37700
1410	3113	37700
1638	2913	37700
922	2866	37700
1574	2811	37700
17	2616	37800
497	3192	37800
788	3341	37800
813	2911	37900
1555	3273	37900
296	3192	37900
494	3203	37900
1251	2621	38000
571	3225	38000
1560	2702	38100
613	3006	38100
1960	2778	38100
426	2619	38100
942	3450	38100
751	2818	38200
2249	2819	38200
1378	3394	38200
84	2802	38200
1931	3172	38200
1018	3473	38200
1615	2811	38200
1899	3154	38300
1908	2790	38300
1158	3021	38300
594	3364	38300
433	2667	38300
589	2610	38300
2166	2924	38300
1816	3246	38300
1138	3027	38300
1492	2659	38400
903	3474	38400
100	2875	38400
1721	3056	38500
1403	2688	38500
2160	2863	38500
243	2515	38600
2354	2766	38600
1049	3065	38600
131	3095	38700
1012	2663	38700
865	2576	38700
864	2538	38700
828	3349	38800
1514	2598	38800
1436	2688	38800
517	3390	38800
1216	2711	38800
2067	3037	38900
2147	2572	38900
1001	3215	38900
1318	2607	39000
1410	2951	39000
234	3254	39000
164	2521	39000
1928	2855	39000
1806	2596	39000
1153	2899	39000
609	3289	39100
792	3138	39100
1845	2585	39100
1347	2762	39200
527	3045	39200
756	2701	39200
2018	2747	39200
1632	3337	39300
184	3027	39300
678	2927	39300
1599	2729	39300
1403	2749	39300
928	3090	39300
23	2516	39300
1992	2797	39300
2384	2657	39300
1540	3284	39400
1828	2911	39400
2237	2639	39500
306	3013	39500
719	3477	39500
1898	2922	39500
1621	3484	39500
161	3080	39600
2045	3318	39600
8	2666	39600
10	2932	39700
352	2997	39800
1941	3481	39900
1406	3117	39900
1631	2858	39900
682	2688	40000
193	2596	40000
924	2637	40000
359	2661	40000
515	2508	40100
349	3254	40100
1956	3411	40100
2466	2728	40100
2266	2538	40100
1858	3113	40200
1242	2644	40200
1238	2673	40200
1366	3218	40300
2149	2633	40300
295	3328	40400
255	2736	40500
2217	3189	40500
2349	2502	40500
839	2516	40500
2286	3087	40600
2387	3037	40600
2007	3163	40600
1467	2812	40700
1142	3090	40800
2223	3462	40800
702	2846	40900
2156	2659	40900
1336	3077	41000
2163	3412	41000
1115	2948	41000
2140	3385	41000
2344	2806	41000
1828	3024	41000
1365	2964	41000
937	2589	41100
119	3401	41100
1893	3112	41100
1262	2697	41200
132	3383	41200
315	2872	41400
743	3478	41400
493	2925	41400
2123	3394	41400
818	3153	41400
1423	3260	41400
2474	3345	41400
699	3224	41400
1990	3310	41400
1372	2724	41500
2353	2551	41500
1080	3177	41500
922	3461	41500
214	3427	41500
1643	3316	41500
2198	3167	41600
1815	3037	41600
1900	2622	41600
2162	3316	41600
1818	3226	41700
332	2560	41700
1053	2513	41700
2045	2564	41700
339	2885	41700
1837	2874	41800
429	2564	41800
352	3318	41800
2326	3150	41800
1029	2590	41900
738	2975	41900
461	2864	41900
1065	3496	41900
683	2871	41900
2090	3082	41900
2379	2897	41900
2270	2763	41900
2454	3109	42000
71	3411	42000
920	2997	42000
204	2537	42000
1906	3337	42100
876	2633	42100
1513	3058	42100
368	2904	42100
329	2846	42200
635	3026	42200
39	3318	42200
1046	3215	42200
1883	2545	42300
419	3208	42300
241	3110	42400
1975	3057	42400
356	3185	42500
1058	2830	42500
1894	3190	42500
1438	2702	42500
423	3041	42600
440	2628	42600
596	3371	42600
1534	3360	42600
958	2611	42700
1486	3118	42700
1862	2683	42700
750	3119	42700
1604	2976	42800
637	3152	42800
1952	3173	42800
1000	3446	42800
2100	3373	42800
2091	3223	42900
285	2900	42900
2164	2535	42900
292	3354	42900
2116	3113	42900
413	2765	42900
5	2935	42900
510	3495	42900
1448	2823	42900
1729	3213	43000
1770	3030	43000
1110	3241	43000
458	3393	43100
991	3289	43100
609	2588	43100
652	3402	43100
1205	3128	43200
162	3252	43300
2438	3477	43300
1857	3094	43300
664	3436	43400
1489	3266	43400
1639	3483	43500
557	3364	43500
27	3064	43500
1329	2995	43500
2047	3053	43600
2240	3156	43600
1756	2580	43600
212	3038	43600
2103	3372	43600
1303	2985	43600
176	2587	43600
1574	2646	43600
2206	3083	43700
2303	3309	43700
841	3480	43700
1739	2935	43800
993	2733	43800
1723	3050	43900
1984	2709	43900
1397	3481	43900
127	2582	43900
1048	3305	43900
872	2900	44100
771	3445	44100
1533	3041	44200
757	2780	44200
1316	3125	44200
1343	2600	44200
1570	2751	44200
1329	2639	44200
205	3042	44200
2369	3138	44300
538	3228	44300
550	3269	44400
1681	2707	44400
869	2867	44500
227	3039	44500
355	3112	44600
1224	3012	44600
1479	3044	44600
604	3202	44600
197	3145	44600
623	3345	44700
665	3120	44700
631	2911	44700
254	3252	44700
1321	2543	44700
2055	3420	44700
791	3491	44700
44	3333	44800
2097	3284	44800
297	3090	44800
2168	2823	44800
456	2639	44900
1844	2652	44900
478	2661	44900
976	3082	45000
1727	2703	45000
2295	3062	45000
1371	3078	45100
2131	3407	45100
1707	2566	45100
2396	3290	45100
2232	3451	45100
1612	2616	45200
1618	2998	45200
218	2787	45300
1394	3132	45500
1104	3371	45600
343	2551	45600
1395	2531	45700
2335	2701	45700
2277	2777	45800
1313	3158	45800
2444	3196	46000
1125	2697	46000
1500	3145	46000
1644	3431	46000
211	2923	46100
959	3367	46100
1744	3161	46100
2221	3111	46100
2207	2732	46100
2468	3257	46100
2293	3010	46200
1771	3220	46200
2268	3013	46200
2016	3421	46200
1050	2624	46200
633	3002	46300
1237	2546	46300
1063	3442	46300
270	3205	46300
327	2780	46300
1860	2874	46400
2175	2633	46400
1106	3442	46400
2472	3467	46400
1314	2517	46500
1292	2554	46500
1035	3414	46500
81	2530	46500
1799	2674	46600
830	2951	46600
1209	2831	46600
575	2853	46700
2102	2672	46700
2038	2648	46800
373	2786	46800
1383	2705	46900
2471	3289	46900
877	2799	46900
1901	3262	46900
2337	2615	47000
1037	3068	47100
1801	2867	47100
1220	2761	47300
1359	2554	47300
1771	2621	47400
2054	3222	47400
1023	2887	47400
1532	3008	47500
2110	3003	47500
396	2581	47500
1012	3066	47500
2126	2861	47600
1651	2692	47600
794	3410	47600
301	2565	47600
379	2672	47700
1579	2827	47800
171	2955	47800
2094	2977	47800
41	2787	47800
560	2944	47900
687	3094	47900
639	2733	48000
540	2832	48000
1695	2616	48100
1014	3322	48100
515	2790	48200
2016	3092	48200
947	2859	48300
69	3074	48300
1603	2814	48300
2316	3296	48400
1593	3072	48400
1130	2723	48500
2336	2683	48500
2435	3146	48500
1718	3330	48600
2103	3424	48700
2388	2976	48700
1679	3085	48700
794	2832	48700
1290	2930	48700
24	2530	48800
33	2874	48800
484	3266	49000
1541	2674	49000
1444	3287	49000
129	3096	49200
88	2830	49200
2071	3393	49300
1283	2570	49400
565	2903	49500
724	2566	49500
1588	3176	49600
394	3047	49600
1363	2676	49700
1030	3137	49900
8	3061	49900
471	2934	50000
2264	2947	50000
2219	2548	50000
1690	2864	50000
405	3023	50000
1820	2764	50000
1892	2507	50000
2463	3154	50100
1936	3168	50100
1328	3493	50100
404	3341	50200
1116	2650	50200
1943	2993	50300
1197	2951	50300
1266	3256	50400
2135	3049	50400
304	2721	50500
649	3180	50500
629	3172	50500
1252	2953	50600
2120	3124	50600
1374	2515	50700
2275	3424	50700
2189	3205	50700
735	2517	50800
2196	3098	50800
263	2718	51000
1186	2666	51000
2314	3310	51000
71	3187	51100
668	2744	51200
481	2682	51300
867	2627	51400
1482	3306	51500
1788	2909	51500
2124	3145	51500
356	2802	51500
1654	3385	51500
2130	2876	51600
2245	3130	51600
2408	2546	51700
1837	2966	51800
1605	2572	51800
426	3456	51800
122	2832	51900
177	3496	52000
1511	3419	52000
1653	3062	52000
1286	2628	52100
2491	3285	52100
461	3444	52300
1521	3483	52300
1250	2902	52400
997	2921	52400
1754	3222	52600
880	2631	52700
318	3357	52700
1706	2713	52700
1473	2720	52800
1439	3493	52800
321	2814	52800
1593	3389	52900
586	2857	52900
1168	2907	52900
2062	2739	53000
325	3351	53000
1025	3306	53100
422	2976	53100
1301	3414	53100
1024	3367	53200
614	3418	53200
320	2692	53300
375	2953	53300
685	3454	53400
1726	3270	53400
1356	3166	53500
681	3324	53500
1401	2897	53500
902	3208	53600
338	2813	53600
2459	2925	53700
136	2689	53700
763	2543	53800
1969	2822	53800
915	3089	53800
2410	2743	53900
1980	2845	54000
1440	2964	54100
2008	3467	54200
347	2907	54200
1696	2522	54200
1362	3118	54500
1939	3029	54500
220	2986	54700
927	2765	54700
44	3494	54800
1086	2880	55000
747	3008	55100
966	2627	55100
2139	2725	55200
854	2872	55300
1101	2923	55300
685	3183	55600
597	3367	55700
568	2548	55700
47	3281	55700
258	2524	55700
831	3378	55700
1543	2890	55800
1544	3492	55800
2493	3000	55800
503	2770	55800
183	2725	55800
487	2557	56100
2168	2897	56300
1350	2731	56400
2447	2973	56400
2129	2888	56500
524	2650	56500
1090	2841	56600
429	3319	56600
848	3058	56700
1091	2999	56700
1477	3411	56800
626	3249	56800
2282	2947	56800
306	2586	56800
1494	3493	56900
805	2735	57000
142	2924	57000
134	2861	57100
1607	3382	57100
159	3481	57200
627	3049	57200
409	2809	57300
451	3067	57300
1289	2825	57300
2127	2613	57300
1409	2954	57500
2415	2898	57700
1204	3497	57700
17	3273	57800
381	2992	57900
2271	2888	57900
894	3003	58100
1497	3410	58100
1563	2989	58100
1036	2765	58300
1138	3002	58400
1267	3140	58500
1399	2588	58500
657	3083	58800
365	2704	58800
246	3181	58900
1353	3316	59000
1532	3366	59000
104	3489	59100
431	2931	59200
54	2735	59200
1259	3407	59200
920	3106	59300
1250	3212	59300
1208	3290	59300
2320	3243	59300
642	2572	59400
686	3099	59400
593	3223	59500
2326	2617	59500
326	2670	59600
536	2511	59700
996	2532	59800
925	3220	60000
1610	2557	60100
1155	3044	60200
1000	3495	60200
1803	3052	60200
1335	2542	60200
1623	2568	60300
1914	3375	60300
508	2837	60300
1707	3373	60300
52	2955	60500
1578	3180	60600
2235	3181	60600
981	3161	60600
1184	2636	60700
2302	3004	60800
2429	2519	60900
2237	3494	60900
944	3099	60900
775	3031	61100
117	3201	61100
341	2603	61300
1293	2831	61300
1713	3393	61400
1175	2630	61400
2057	3100	61500
2359	3249	61500
2194	2789	61600
29	2614	61600
1408	2965	61700
45	3319	61700
2390	3456	61700
694	3083	61800
1853	2715	62000
916	3199	62300
604	3160	62300
101	3343	62500
765	3464	62500
354	2967	62600
1069	2932	62700
3	3190	62700
1421	3390	62800
1627	2550	62800
390	3333	62900
1944	2867	62900
301	3136	62900
558	2764	63100
2008	3035	63200
1755	3474	63300
720	3298	63300
2361	3083	63500
1441	3170	63600
2034	2643	63700
932	3353	63700
1567	2561	63700
279	2805	64000
630	3053	64100
1580	3103	64200
1641	2844	64500
2195	3138	64700
2445	3030	64700
490	2631	64800
1098	2885	65000
2039	2748	65200
230	2549	65300
1264	2519	65400
241	3287	65400
558	2641	65400
715	2948	65500
152	3120	65600
363	3411	65600
603	3388	65700
736	3424	65700
505	3226	65800
2102	3275	66300
2351	2804	66300
1697	3290	66300
2431	2748	66400
63	2594	66400
20	2859	66500
509	3449	66600
2313	2992	66600
1379	3287	66700
1455	3314	66800
1684	2930	66800
150	3492	67100
2070	2615	67200
523	3423	67200
645	2653	67500
163	2675	67600
275	3482	67700
391	3388	67700
2119	2657	67800
1137	2788	67800
697	2797	67900
788	2652	68100
1009	2857	68100
1587	3163	68100
843	2675	68100
911	3136	68300
1996	3216	68400
2143	2823	68800
1854	2541	68800
786	3377	68900
706	3041	69000
517	2558	69000
1780	3301	69100
405	2540	69200
1848	3324	69300
1606	2871	69400
760	3100	69400
231	3476	69500
1151	3242	69700
2003	3423	69700
1954	3152	69800
272	2720	70000
488	3297	70000
754	2690	70200
1720	3195	70200
745	3198	70300
1038	3038	70500
1021	3494	70500
55	3124	70500
1096	3460	70600
1934	3036	70600
1208	3028	70800
85	2821	70800
188	2793	71000
2066	3456	71000
211	2630	71100
1655	2500	71300
1377	2943	71300
227	3498	71400
1255	3482	71500
850	3153	71600
882	2686	71700
846	2594	71700
780	2929	71900
145	2754	72100
1588	3309	72200
2118	2949	72300
978	2934	72300
1780	3388	72500
1054	2571	72500
1760	3265	72600
401	3393	72800
1023	2798	72800
751	2546	72900
1378	2544	73000
1199	3066	73000
1007	2549	73100
391	3301	73400
1246	2500	73400
398	3104	73800
323	3233	74000
1565	2745	74200
466	3236	74300
1505	3144	74400
2121	3326	74500
1958	2882	74700
2197	3421	74800
1714	2977	74800
169	2786	74800
2274	3309	74900
70	3280	75000
1201	2930	75000
1277	2670	75000
207	3386	75800
285	3478	75900
1194	3195	75900
2269	2785	76100
1319	2726	76200
724	3101	76200
1211	2719	76600
2035	2604	76600
1777	2973	76700
523	3193	76800
113	3354	77100
2458	3026	77400
178	3496	77400
1515	2650	77500
1193	2970	77600
2204	3395	77800
1951	3321	78200
1294	2756	78500
1061	2925	78700
2078	2535	78800
977	2743	79000
2006	2615	79200
1757	2600	79300
684	2773	79500
2441	3477	79500
40	3243	79500
110	3395	79700
1144	2726	79700
1667	2730	79800
1977	2919	79800
233	3373	79900
2379	3376	80000
2205	2704	80100
601	2970	80300
718	2952	80700
733	3243	80700
309	3004	81000
2251	2552	81400
1566	3036	81400
1838	2873	81600
1263	2686	82100
911	3164	82200
1481	2724	82200
2433	3084	82300
1212	2798	82400
1760	2862	83100
606	3126	83100
2056	3391	83200
1689	2565	83500
2014	2569	83600
1562	3147	83800
2131	3497	83800
843	2771	83900
1735	3190	84000
660	3062	84000
790	2634	84100
1529	3183	84300
374	2695	84600
383	3126	84600
2214	3151	85000
732	3214	85300
168	3063	85700
2064	2686	85700
184	3450	86400
849	3354	86500
933	2782	86800
240	2837	87000
2412	3155	87100
157	2993	87200
1542	3120	87300
247	3164	87400
501	3063	87600
1954	3247	87900
1032	3011	87900
132	2902	88500
67	3373	89000
905	3249	89400
0	2676	89500
1567	3355	89500
2118	3463	89600
408	2921	89800
615	3212	90100
1187	2527	90100
600	3445	90200
474	3167	90300
1168	3264	90500
2274	2579	90600
1494	2542	90700
1276	3214	91000
383	2814	91000
2146	3239	91400
1930	3243	92000
1434	3459	92000
2093	2687	92100
1675	2738	92200
155	2876	92500
1078	2894	93000
1198	3147	93100
200	3392	93200
1349	2612	93200
2310	3243	93300
576	3395	93400
148	2652	93600
311	2835	93700
1552	2680	93700
2332	2972	93700
1670	2868	93700
2161	3491	93900
870	3410	94100
2399	2524	94200
1060	3302	94300
245	3247	94400
2064	3394	94500
620	3340	94600
1276	2958	95400
228	3463	95600
168	2664	95700
717	2756	96800
1970	2604	96900
2199	3392	97000
1601	2646	97200
650	3321	97300
1947	3102	97300
1791	3196	97900
1657	2918	97900
834	2542	98000
7	3098	98100
290	2890	98700
1338	3040	99000
1945	3151	99200
1970	3206	99300
1753	3070	99600
269	2753	99700
1099	3498	99800
491	3116	100300
1384	3415	100500
588	2921	100500
825	2750	100700
1450	2632	101200
1673	3498	101400
42	3035	102000
1331	3149	102300
2349	3273	102500
1927	3216	102600
378	3387	103100
1654	3247	103200
1081	2725	103200
427	3229	103300
2199	2632	104100
1619	2885	104500
727	2855	104900
634	3174	105400
206	2579	105400
438	2609	105500
556	3465	105800
1420	3463	106400
2475	3389	106700
1121	3106	106900
2029	3270	107000
302	3304	107200
4	3262	108200
964	2671	108300
2332	2799	108600
2356	3196	108700
1062	2511	109000
421	2835	109200
438	3475	109400
1124	2815	109500
1953	2841	109700
1077	3127	110400
950	2790	111500
562	2983	111900
1998	3052	112600
1646	2862	112900
1571	3270	113500
1335	3010	113800
1662	2793	114100
1920	2830	114100
1465	2687	114600
2040	3418	116100
1033	2809	116200
2469	3039	116200
1887	2612	117200
1551	3069	118900
2233	2695	119700
703	2730	120300
1015	3191	120600
1140	3460	120700
584	3310	120900
2320	2535	121100
1252	3210	121200
232	3070	121900
532	2677	122000
725	3202	122600
631	2876	123500
175	2718	123900
1779	3389	124000
2484	2732	124400
1132	2835	124400
1526	2753	124600
1774	3112	125900
825	3264	126000
2003	2868	126000
2200	3011	126200
1711	2756	127300
646	2542	127400
963	3236	128300
2104	3056	128400
1114	3086	129000
1473	3255	129700
528	2813	129700
2382	3176	129900
1850	3340	133000
1802	2707	134500
2403	3462	135400
2043	3116	135500
1866	3039	135900
851	2682	136000
1846	2584	136400
253	2845	138100
898	2876	139200
622	2669	139900
1225	2855	140200
2119	2500	140700
1843	3063	140800
1214	2777	141300
787	2707	141600
1270	3071	141700
1325	3184	143100
444	3108	143100
1711	3230	143800
43	2758	143900
1443	3341	144600
189	2781	145200
1295	3108	145500
1140	3011	146800
201	3462	147100
1968	2929	148300
822	2885	148500
219	3353	148600
2009	3048	149300
253	2854	149500
2348	2894	151200
1878	3466	151800
532	3334	152200
960	2603	152400
1141	3120	154100
966	2749	154800
1993	3161	155900
350	2565	156000
2434	2704	157700
666	2626	158100
2360	3075	158100
1553	3483	158300
1364	2797	158300
2242	2809	158400
698	3182	159900
1298	2710	160500
1864	2817	160500
2348	2890	162100
1927	2781	162400
2263	3214	162600
51	2978	162700
1813	2949	164200
733	3155	164900
2002	2785	165100
242	2923	165400
1861	3250	166700
1817	3108	166900
298	3392	167700
1678	2969	167800
1017	3106	168700
1440	3071	170300
2040	2533	171000
896	2651	171700
1236	2601	171800
250	3492	172000
1812	3460	174200
1859	2519	174500
2385	3400	175500
1338	2792	175600
2125	2728	177500
1060	2526	177700
1487	3047	177700
761	3378	178200
703	2524	178600
235	2566	180800
1753	3136	181900
1861	2642	182100
32	3182	183200
2130	2841	184600
1498	3314	185300
2309	2634	185600
1202	3136	185900
1248	3174	186900
1949	3028	187000
2087	2558	189300
1802	2806	189800
126	3158	190000
881	2553	190300
2418	3444	191700
216	2555	193100
2430	2730	193700
1803	3161	195800
1227	3330	197800
432	3288	198000
973	3150	198500
1382	2555	199800
216	3477	200700
1059	2608	203900
1830	3148	205100
154	3047	206500
1957	2766	207100
345	3375	207300
1741	3196	207700
2068	3330	207800
209	2898	209000
1886	3391	210600
1271	3140	212500
1515	3260	212900
1860	2653	214200
2021	2704	219300
886	3444	226000
837	2842	227900
1880	3452	230800
1419	2868	232600
1953	2525	234900
1078	2609	235100
1982	3439	236900
956	3323	237400
1625	2525	237900
2368	3092	239200
1677	3108	246200
1213	2968	252200
1202	3070	252500
473	2845	252500
1948	2617	253900
2144	2718	257300
19	2763	257400
386	2634	261600
586	3066	262100
1084	2978	262900
298	2862	264100
2267	2810	264300
1526	3215	265100
2433	2713	265400
1972	3220	266300
2241	2995	266600
2442	3295	268800
64	3304	269100
1874	2971	270500
1472	3231	271800
1184	3140	274400
2191	3258	278300
1812	2808	279100
93	3055	279200
581	2707	279500
398	2870	281300
412	3406	283600
678	3055	285600
453	3055	287100
1987	2500	287600
261	3026	290100
1169	3071	290900
1972	2808	293500
1108	2792	295700
240	2730	302100
1010	2969	302400
581	2561	304800
359	3175	304900
2142	2915	305700
262	2713	308500
2230	3452	311400
1572	2845	312100
2468	2956	318700
111	2984	318800
995	3467	320500
918	3420	321300
