2425	2629	200
44	2927	200
1908	3125	200
1612	3370	200
1232	3079	200
2387	2738	200
2048	2712	200
2044	2627	200
594	3197	200
72	2686	200
1172	2902	200
2371	3020	200
2428	3051	200
806	3164	200
23	3383	200
391	2516	200
1099	3497	200
2160	2984	200
1017	2754	200
630	3205	200
822	3245	200
340	3062	200
2054	2972	200
2380	2701	200
1861	2642	200
1882	2904	200
2083	3431	200
1725	2741	200
1756	3462	200
423	2975	300
2178	2611	300
842	2846	300
1355	2840	300
1424	2659	300
1501	2900	300
1244	3111	300
1041	2714	300
11	2993	300
705	2515	300
1209	2668	300
1371	2831	300
2241	3362	300
1733	2713	300
1460	2750	300
352	3287	300
646	2866	300
974	2582	300
1448	3350	300
1014	2811	300
281	3054	300
1546	3041	300
1290	3200	300
2083	2619	300
2266	2852	300
1315	2789	300
1568	3484	300
1068	2920	300
723	3210	300
931	3324	400
888	3443	400
1324	2506	400
83	2704	400
2069	2983	400
1180	2739	400
156	3266	400
1813	3083	400
685	3274	400
987	3369	400
1545	2504	400
1109	2579	400
1261	3065	400
1736	2876	400
2461	3008	400
1637	3371	400
2324	2991	400
2442	2829	400
714	3170	400
524	2871	400
29	3043	400
1487	2663	400
1177	2884	400
1652	3143	400
1409	2719	400
2475	3084	400
2437	2964	400
831	3229	400
2119	2787	400
2066	3094	400
2478	3311	400
75	3023	400
1238	3267	400
784	3174	400
962	3225	400
2355	3187	500
1336	2717	500
2474	3073	500
137	3004	500
560	3227	500
1997	2794	500
265	3068	500
309	2633	500
418	3180	500
1136	3130	500
1986	2729	500
1469	2644	500
954	3329	500
435	3474	500
993	3348	500
1394	3336	500
2203	2855	500
1411	2677	500
1006	3392	500
2090	3150	500
1448	2854	500
45	2500	500
1822	3444	500
807	2522	500
824	2642	500
519	2994	500
1929	3489	500
107	2706	500
2109	3210	500
2352	2589	500
217	3037	600
1999	3430	600
57	3268	600
734	3372	600
498	3408	600
1300	3181	600
342	2791	600
553	3012	600
2286	3381	600
360	3189	600
1520	3066	600
1856	2830	600
42	2551	600
727	2988	600
874	2663	600
889	2752	600
2237	2726	600
540	2956	600
1129	2797	600
500	2536	600
2093	2507	600
1445	3117	600
67	2665	600
1750	3062	600
1949	3435	600
678	2966	600
744	2789	600
2304	3391	600
1743	2983	600
1720	3198	700
867	2934	700
1072	3138	700
1920	2791	700
1163	3336	700
349	3386	700
477	3459	700
1661	3467	700
684	3334	700
1263	2676	700
1935	2652	700
1845	2580	700
730	3423	700
1686	3035	700
1972	2972	700
2002	3214	700
1374	2769	700
985	3292	700
720	2842	700
406	3297	800
1298	2560	800
661	3154	800
470	2921	800
1703	2774	800
1275	3186	800
514	3442	800
1866	3370	800
1043	2948	800
286	3393	800
881	3409	800
2330	2573	800
277	2586	800
885	2686	800
1255	2626	800
2055	3141	800
541	3033	800
2403	3380	800
2466	2747	800
818	2558	800
1595	3177	800
1893	3169	800
1567	2594	800
1934	2890	800
2437	2597	800
1073	3086	800
304	3077	800
2342	2710	800
2240	3489	800
2464	2828	800
1087	2635	800
102	3037	800
1370	2889	800
1390	2870	800
2250	3109	900
1476	2843	900
1687	3308	900
817	3282	900
664	3181	900
895	2976	900
1052	3079	900
2370	2547	900
976	3201	900
2048	2794	900
1699	2504	900
552	2934	900
1	3466	900
1093	3459	900
1161	3006	900
1878	3458	900
2238	3429	900
1434	2577	900
2430	2630	900
1838	2637	900
1526	2612	900
650	3402	900
348	3076	900
1286	2557	900
1686	3479	900
2497	3091	900
249	3292	900
1871	3357	900
274	3293	1000
2116	3280	1000
162	3044	1000
809	2534	1000
2280	2880	1000
735	3107	1000
2034	2700	1000
436	3403	1000
1111	3494	1000
905	2775	1000
902	2976	1000
1083	2551	1000
639	3251	1000
1660	2692	1000
672	3304	1000
219	3050	1000
779	2902	1000
1250	2898	1000
2142	3394	1000
912	3097	1000
324	3236	1000
1588	2661	1000
240	2926	1000
2487	2866	1000
656	2858	1000
36	2657	1000
1439	3423	1000
8	3390	1000
1773	3077	1000
1413	3229	1000
1863	3075	1000
1182	3161	1000
2468	3444	1000
1641	3237	1000
256	2642	1000
328	3298	1000
2494	3196	1000
1292	3357	1100
1708	3223	1100
1158	3239	1100
451	3227	1100
2101	3404	1100
715	2569	1100
638	3137	1100
1179	3248	1100
2401	2510	1100
1212	3251	1100
1705	2867	1100
620	2520	1100
2318	3191	1100
1737	2781	1100
1431	2979	1100
2015	2718	1100
690	2930	1100
1970	2501	1100
302	3356	1100
1749	3051	1100
1349	3040	1100
2261	2612	1100
788	2708	1100
1900	3488	1100
943	3261	1100
1098	2944	1100
2255	3146	1100
1238	3159	1100
812	3268	1200
946	2587	1200
322	3361	1200
1305	3306	1200
836	3239	1200
1322	2891	1200
1611	3016	1200
832	2554	1200
2299	3189	1200
2170	3168	1200
2235	3119	1200
2397	2800	1200
2132	2639	1200
197	3184	1200
804	2598	1200
496	2729	1200
1948	3294	1200
1425	3490	1200
1325	3185	1200
2108	2944	1200
690	2797	1200
323	2749	1200
2319	2743	1200
1149	2718	1200
829	2813	1200
1073	3376	1200
41	2994	1200
811	3476	1200
989	2803	1200
1980	2868	1200
445	2575	1200
671	3044	1200
1321	3268	1300
1885	3199	1300
395	3278	1300
2187	2537	1300
1237	3235	1300
2163	2656	1300
1327	2632	1300
295	3273	1300
1267	2668	1300
981	3458	1300
1856	3336	1300
2036	3059	1300
1506	2620	1300
993	3003	1300
2284	2669	1300
242	2878	1300
2088	3248	1300
2469	3309	1300
2273	2702	1300
939	2764	1300
189	2613	1300
1565	2618	1300
1569	2541	1300
1245	3039	1300
700	2555	1300
1352	3332	1300
1353	3047	1300
2200	2542	1300
740	2950	1300
2037	2619	1300
864	3086	1300
1420	2835	1300
2091	2634	1300
900	2653	1300
2413	3032	1300
2386	2659	1400
1874	2722	1400
1089	3367	1400
839	3232	1400
728	3128	1400
2128	2729	1400
1506	2633	1400
1190	3474	1400
175	2590	1400
1549	3251	1400
1740	3455	1400
128	2596	1400
2360	2630	1400
1979	2720	1400
2169	2752	1400
94	3007	1400
622	2561	1400
1108	3461	1400
2389	3224	1400
368	2652	1400
214	2744	1400
230	2578	1400
233	2580	1400
2003	2557	1400
1034	3243	1400
1847	2839	1400
1084	2844	1400
2378	3434	1400
1082	2589	1400
1039	3136	1400
2384	3415	1400
141	3237	1400
1381	2674	1500
2381	3165	1500
1609	2966	1500
539	2772	1500
1227	2714	1500
1730	2556	1500
2034	3079	1500
2198	2614	1500
1585	2569	1500
1599	3386	1500
1734	3403	1500
750	3015	1500
1113	3358	1500
1240	2658	1500
2258	2649	1500
2128	2976	1500
1923	2893	1500
1579	3472	1500
1894	2974	1500
38	2990	1500
251	2924	1500
2145	2982	1500
1496	3056	1500
229	2617	1500
1646	3240	1500
969	2981	1500
1337	3355	1500
237	2835	1500
941	3146	1500
1184	3230	1500
1885	3067	1600
333	3068	1600
814	3182	1600
2099	2776	1600
184	2833	1600
2171	3137	1600
1766	3472	1600
1772	3008	1600
556	2849	1600
364	3325	1600
331	3351	1600
1651	3141	1600
2368	2956	1600
1673	2860	1600
1707	2725	1600
2161	3301	1600
1685	3373	1600
394	3263	1600
2463	3108	1600
260	2782	1600
2420	2522	1600
2344	2570	1600
1950	3470	1600
1556	3055	1600
859	2967	1600
1372	3427	1700
1317	2593	1700
1061	2746	1700
679	2784	1700
826	2859	1700
396	2924	1700
226	3424	1700
1361	2851	1700
2392	2733	1700
978	3256	1700
1919	3340	1700
1151	3000	1700
1806	2617	1700
2458	3333	1700
1211	3388	1700
132	3488	1700
350	2760	1700
1445	3310	1700
807	3146	1700
291	2989	1700
2418	2795	1700
2384	3160	1700
337	2706	1700
257	3027	1700
74	3210	1700
2086	2723	1700
692	3156	1700
1274	3428	1700
1395	2998	1700
635	2682	1800
1516	2949	1800
551	2933	1800
2084	2959	1800
1128	2864	1800
2290	3331	1800
988	2658	1800
1522	3495	1800
1380	3329	1800
1700	2993	1800
839	2586	1800
287	3436	1800
957	3132	1800
945	2986	1800
86	2512	1800
325	2798	1800
2287	2995	1800
2268	2882	1800
944	3099	1800
1397	2630	1800
469	2973	1800
1398	3497	1800
1241	2799	1800
2035	3498	1800
1259	3262	1800
558	2922	1800
997	2879	1800
847	2770	1800
1174	2595	1800
2456	2953	1800
2379	2628	1800
2065	2881	1800
956	3120	1800
2364	3302	1900
2459	3241	1900
1492	2833	1900
2079	2757	1900
2022	2943	1900
1959	2742	1900
1914	2759	1900
2276	2704	1900
2402	3176	1900
658	2625	1900
2092	3147	1900
566	2524	1900
84	3116	1900
1958	3288	1900
314	3304	1900
1282	3378	1900
1152	2610	1900
2183	2597	1900
936	3301	1900
2348	3290	1900
2288	2650	1900
843	2666	1900
1684	3153	1900
291	2844	1900
2150	3041	1900
375	2914	1900
645	2606	1900
884	3263	1900
1235	2651	1900
1800	3226	1900
1309	2535	1900
307	2920	1900
844	3111	1900
2146	2842	1900
1492	3223	2000
1066	3221	2000
1891	3370	2000
2236	2703	2000
1243	3253	2000
1139	2727	2000
663	2556	2000
863	2820	2000
491	2876	2000
1285	2942	2000
409	2939	2000
1832	3247	2000
1189	3013	2000
580	3124	2000
1936	3149	2000
81	2565	2000
1487	2799	2000
305	3315	2000
806	2907	2000
49	2760	2000
2001	3457	2000
1144	2725	2000
1655	2958	2000
834	3476	2000
1659	3055	2000
2032	2904	2000
2378	3292	2000
1493	2710	2000
1839	3295	2100
2427	2976	2100
1943	2893	2100
1639	2705	2100
58	3424	2100
580	3299	2100
1140	3305	2100
532	3477	2100
545	2771	2100
915	3217	2100
1187	3460	2100
1365	2665	2100
372	3279	2100
340	3101	2100
1670	3277	2100
1792	3194	2100
1580	3480	2100
1683	3017	2200
734	2695	2200
1962	2562	2200
1729	3283	2200
2218	2772	2200
557	3404	2200
1744	3079	2200
2102	3303	2200
1538	2586	2200
371	3050	2200
767	3371	2200
747	3366	2200
199	2917	2200
2112	2525	2200
1277	2763	2200
2000	2804	2200
765	3307	2200
1791	3243	2200
1987	3136	2200
405	2962	2200
453	3053	2200
445	3120	2200
1983	3122	2200
833	2850	2300
1213	3125	2300
872	3004	2300
1664	2593	2300
365	3233	2300
1747	3079	2300
619	2614	2300
1728	3186	2300
916	2862	2300
1671	3323	2300
1668	2696	2300
2472	2533	2300
2360	2675	2300
2106	3217	2300
935	2558	2300
424	2676	2300
2104	3422	2300
19	3211	2300
2053	2635	2300
1488	3376	2300
2309	3391	2300
1757	2560	2400
1269	2934	2400
2406	2970	2400
928	3152	2400
1727	2660	2400
1801	3057	2400
1547	3102	2400
973	3164	2400
517	3246	2400
1927	2887	2400
545	2728	2400
548	3149	2400
417	2594	2400
260	2805	2400
1821	2903	2400
1291	3376	2400
443	2721	2400
33	2953	2500
1909	3284	2500
140	3221	2500
640	3400	2500
1301	2694	2500
2235	3364	2500
1270	3403	2500
1399	3082	2500
800	2859	2500
1231	2512	2500
1763	3132	2500
527	2913	2500
416	3419	2500
1719	3000	2500
1939	3035	2500
1296	2657	2500
1971	3244	2500
2318	2576	2500
2125	3054	2500
2039	2854	2500
465	2870	2500
501	2952	2500
1633	3297	2500
844	3031	2500
422	2983	2600
2404	3241	2600
567	2691	2600
1521	3412	2600
1700	3198	2600
471	3452	2600
1175	2502	2600
432	2876	2600
2	2644	2600
126	2686	2600
1798	3158	2600
1661	2514	2600
606	2935	2600
2493	2678	2600
526	3264	2600
7	3353	2600
2306	3000	2600
196	3382	2600
298	2500	2600
2094	3447	2600
69	3451	2600
317	3342	2600
1847	3092	2600
2448	3211	2600
1216	2615	2600
2338	2810	2600
414	2770	2600
1508	3160	2600
1819	3002	2600
289	2679	2700
965	3361	2700
2425	2880	2700
702	2901	2700
2457	2656	2700
1710	3412	2700
1772	2775	2700
1447	3222	2700
2197	2978	2700
800	2997	2700
913	3459	2700
2417	2847	2700
1985	3074	2700
1969	3098	2700
2117	3085	2700
2117	3150	2700
278	2726	2700
77	3172	2700
2168	2936	2700
2213	3343	2700
1886	3127	2700
713	2824	2700
708	2607	2700
2260	2589	2700
1359	2538	2800
2308	2717	2800
1156	3239	2800
1432	2611	2800
1891	2826	2800
2329	2502	2800
601	3331	2800
601	3254	2800
471	2521	2800
776	2974	2800
914	3242	2800
259	3163	2800
508	3285	2800
1940	2990	2800
1992	2692	2800
1402	3499	2800
1335	3418	2800
1409	3072	2800
1337	3047	2800
1046	3260	2800
1216	2592	2800
270	2582	2800
1869	2805	2800
85	3249	2800
1495	2904	2800
1738	2919	2800
2195	3293	2900
1694	2511	2900
2175	2700	2900
157	2757	2900
1264	3134	2900
954	3042	2900
1326	3008	2900
1457	3409	2900
433	3078	2900
164	2849	2900
2256	2910	2900
485	3275	2900
1438	3043	2900
61	2671	2900
726	2639	2900
533	2713	2900
794	2916	2900
1753	3389	2900
1628	2885	2900
1446	3205	2900
147	2865	2900
326	2807	2900
1771	2697	2900
554	2863	2900
1451	2921	3000
577	3354	3000
1818	3180	3000
1930	2925	3000
1297	3250	3000
225	2620	3000
369	3021	3000
866	2565	3000
1841	3388	3000
2488	3451	3000
2396	2601	3000
1369	2818	3000
1981	2541	3000
1689	3478	3000
766	3215	3000
2151	2962	3000
2193	3210	3000
938	3263	3000
607	3431	3000
2338	2777	3000
951	3484	3000
1980	2506	3000
1703	3121	3100
1827	3339	3100
292	2668	3100
2177	2783	3100
2406	3015	3100
810	3006	3100
1307	2796	3100
1287	2822	3100
953	3413	3100
934	3455	3100
821	2764	3100
6	2713	3100
825	3014	3100
2209	2663	3100
2488	3365	3100
831	2636	3100
2247	2985	3100
1761	3460	3100
63	2984	3100
799	3345	3100
1137	3322	3100
938	2673	3100
1725	2777	3100
1419	2911	3100
344	2628	3100
1854	3209	3100
937	3359	3100
2215	2975	3200
1304	2880	3200
1676	2616	3200
770	3293	3200
254	2948	3200
409	3066	3200
142	2928	3200
124	2626	3200
1142	2822	3200
1768	3275	3200
2033	3486	3200
377	2898	3200
990	2821	3200
1496	3455	3200
503	3220	3200
1055	3345	3200
531	2631	3200
68	2844	3200
362	3406	3200
851	3174	3200
484	2937	3200
2250	3470	3300
113	2638	3300
190	2685	3300
1036	2775	3300
1850	3166	3300
1175	2758	3300
1399	2654	3300
1115	2528	3300
1477	3309	3300
250	3433	3300
2272	2548	3300
742	2849	3300
482	3432	3300
2272	3436	3300
2009	2696	3300
108	3099	3300
119	3144	3300
1982	2781	3300
2070	3318	3300
1334	2622	3300
757	2865	3300
896	2795	3300
40	3104	3300
1533	2508	3300
1488	2816	3300
2003	3435	3300
744	2523	3300
1218	3252	3300
919	2737	3400
1787	2767	3400
857	2645	3400
2221	2588	3400
2144	3494	3400
255	2736	3400
203	3433	3400
2388	2976	3400
2225	2574	3400
1183	2514	3400
2462	3330	3400
1058	2822	3400
1587	2977	3400
504	2608	3400
850	3360	3400
1807	3343	3400
2081	2797	3400
1442	3001	3400
252	2779	3400
321	3332	3400
1529	2903	3400
1571	2911	3400
1858	3213	3400
1215	3434	3500
422	2685	3500
31	2959	3500
2480	2971	3500
2412	3071	3500
1491	3309	3500
550	2761	3500
525	3412	3500
792	2796	3500
1468	3349	3500
419	3384	3500
711	3486	3500
1100	2662	3500
2129	2612	3500
4	2604	3500
2070	2509	3500
646	3319	3500
1074	2778	3500
1045	3238	3500
743	2872	3500
1314	2508	3600
661	3140	3600
1461	3443	3600
1197	2603	3600
461	2840	3600
1471	3038	3600
917	2905	3600
2419	2643	3600
1232	3254	3600
1271	2761	3600
2115	3276	3600
2264	2995	3600
1054	3264	3600
21	2693	3600
1803	2604	3600
181	3258	3600
2466	3318	3600
2358	2879	3600
1273	3193	3600
870	2542	3600
399	3231	3600
1165	3322	3600
1220	2560	3700
2246	3443	3700
248	2872	3700
2042	2966	3700
146	3291	3700
177	2906	3700
609	2519	3700
255	3381	3700
2113	3494	3700
1500	3496	3700
2111	2990	3700
1425	2551	3700
753	3433	3700
1956	2908	3700
579	2823	3700
261	2693	3700
1634	3491	3700
523	3150	3700
528	3265	3700
2261	3035	3700
1716	2828	3700
158	2844	3700
1972	3422	3700
536	2621	3700
2342	2780	3700
2310	3005	3700
107	2755	3700
999	3372	3800
322	2786	3800
1341	2819	3800
1474	2587	3800
43	2537	3800
2068	2680	3800
1350	3278	3800
2092	3331	3800
712	2530	3800
2254	3244	3800
1727	3203	3800
1525	2559	3800
237	2527	3800
1320	3210	3800
1558	2952	3800
593	2683	3800
2394	3289	3800
2322	2904	3800
472	3186	3900
2329	2869	3900
1226	3414	3900
1932	3458	3900
32	2871	3900
1106	3059	3900
336	3286	3900
174	2667	3900
1311	2986	3900
2238	2731	3900
1764	3021	3900
2148	3272	3900
1786	3208	3900
660	2671	3900
310	2652	3900
615	3290	3900
1423	3215	3900
1230	3296	3900
428	3161	3900
2082	3359	3900
1138	3239	4000
1466	3095	4000
638	3367	4000
1736	3329	4000
893	2553	4000
2214	3143	4000
978	3340	4000
2179	2979	4000
404	3333	4000
1335	2730	4000
2100	2583	4000
73	3338	4000
368	3084	4000
1382	2857	4000
602	2803	4000
1987	3313	4000
2320	3202	4000
1069	3428	4000
166	2592	4000
2344	2919	4000
264	3094	4000
1964	2723	4000
549	2526	4000
2091	2739	4000
1373	2932	4000
1819	3450	4100
987	2927	4100
760	3483	4100
1214	3038	4100
596	3438	4100
2429	2654	4100
2346	2991	4100
1778	2970	4100
798	2584	4100
188	3344	4100
748	3216	4100
712	2908	4100
1120	2898	4100
929	3170	4100
693	3317	4100
1805	3164	4100
2131	2754	4100
1446	2792	4100
1904	3327	4100
1872	2578	4100
865	3374	4100
2081	3492	4100
487	3157	4100
341	3313	4100
2053	3069	4100
1848	2508	4100
1027	3105	4200
2172	3002	4200
1258	2543	4200
70	2682	4200
1284	3387	4200
1115	3059	4200
1452	2951	4200
1785	3426	4200
1991	3066	4200
1831	2801	4200
504	2753	4200
416	3000	4200
1879	3143	4200
1070	2516	4200
1934	3478	4200
2223	3262	4200
233	2566	4200
668	3343	4200
668	2795	4200
1489	3046	4200
2307	2921	4300
1283	2645	4300
1837	2998	4300
2219	3176	4300
626	2951	4300
1734	3278	4300
353	3496	4300
1510	2667	4300
1378	2513	4300
1168	2942	4300
768	3272	4300
1416	3328	4300
2050	2956	4300
625	3098	4300
320	2918	4300
647	3035	4300
2029	3055	4300
386	3200	4300
1575	3225	4300
1550	2812	4400
89	3450	4400
1393	3358	4400
79	3308	4400
2297	2876	4400
2416	3042	4400
497	3192	4400
2469	2544	4400
944	3326	4400
1638	2571	4400
724	2885	4400
911	2968	4400
1577	2536	4400
0	2597	4400
700	3265	4400
1526	2926	4400
1820	3488	4400
2161	2858	4400
2138	3024	4400
1401	2788	4400
2390	2732	4400
306	2950	4400
1217	2701	4400
1217	2987	4400
1665	3183	4400
2165	2711	4400
2201	2811	4400
1125	2886	4400
2049	3111	4400
2345	2848	4500
22	3291	4500
1289	3139	4500
669	3364	4500
1482	2923	4500
2422	3481	4500
106	3030	4500
1803	3151	4500
595	2604	4500
1975	3244	4500
1144	2509	4500
558	2915	4500
1524	3434	4500
2251	3277	4500
1427	3238	4500
493	3306	4500
521	3111	4600
2249	2925	4600
2060	2568	4600
1751	3426	4600
1307	2832	4600
2259	3132	4600
86	2660	4600
1806	2637	4600
1559	2765	4600
138	2565	4600
1134	3419	4600
1621	3262	4600
1153	3153	4600
1105	3159	4600
1272	2825	4600
969	3255	4600
2047	2975	4600
1746	2965	4600
871	3363	4700
925	3270	4700
1138	2948	4700
1713	3425	4700
342	3387	4700
1155	2554	4700
1281	2521	4700
1194	2942	4700
1562	2801	4700
923	3021	4700
2434	2935	4700
1146	3485	4700
1551	2988	4700
517	3457	4700
569	2540	4700
2314	2958	4700
2061	3322	4700
692	3161	4700
1044	3249	4700
1105	3416	4700
2495	2824	4700
1299	3135	4800
2311	3370	4800
2206	3121	4800
1906	2625	4800
1968	2722	4800
1139	2556	4800
617	3185	4800
271	2913	4800
934	3097	4800
1760	2892	4800
163	3074	4800
350	3084	4800
2025	2979	4800
759	2536	4800
1047	3301	4800
1748	2570	4800
170	2621	4800
1643	3032	4800
2283	3268	4900
1723	3133	4900
968	3131	4900
1469	2784	4900
494	2969	4900
1436	3285	4900
1249	2847	4900
592	3341	4900
1547	2768	4900
110	2578	4900
1364	2781	4900
1828	2887	4900
2104	2972	4900
1830	2899	4900
1085	2567	4900
1321	2943	5000
509	3121	5000
515	3125	5000
26	3369	5000
676	3398	5000
2024	2853	5000
1969	3421	5000
1587	2715	5000
2191	3022	5000
625	3471	5000
2267	2938	5000
194	2860	5000
940	2522	5000
327	3077	5000
787	3160	5000
1824	2710	5000
1262	3357	5100
746	2546	5100
239	2722	5100
739	2704	5100
27	2528	5100
227	2871	5100
483	2836	5100
850	3072	5100
479	2964	5100
2335	3374	5100
1124	2860	5100
2211	3405	5100
97	2739	5100
228	2643	5200
872	3113	5200
1544	2759	5200
481	2793	5200
11	2746	5200
1766	2554	5200
1682	2504	5200
1470	2848	5200
698	2568	5200
1699	3029	5200
287	2882	5200
1503	2715	5200
1842	2731	5200
794	2690	5200
380	2571	5200
429	3385	5200
2486	3084	5200
50	2622	5200
1653	2885	5200
670	2963	5200
1315	2777	5200
618	3067	5200
723	3237	5200
909	2623	5300
1324	2737	5300
60	3004	5300
1578	2802	5300
792	2574	5300
875	2577	5300
924	2639	5300
2403	2551	5300
148	2564	5300
2028	2608	5300
688	2585	5300
55	2576	5300
2498	2788	5300
785	2984	5300
2288	3399	5300
1802	3410	5300
1892	2744	5300
1130	3435	5300
1641	2807	5300
93	3174	5400
901	2651	5400
738	3080	5400
381	3465	5400
474	2877	5400
1063	3334	5400
1698	3323	5400
1523	3285	5400
1152	3417	5400
245	3126	5400
890	3106	5400
62	3205	5400
1782	2550	5400
1014	3265	5400
1808	2542	5400
687	2994	5400
921	3122	5400
2337	2894	5400
2118	2840	5400
1649	2967	5400
1797	2824	5400
657	3121	5500
2249	2820	5500
356	3329	5500
1123	3138	5500
2144	3078	5500
644	2648	5500
990	2760	5500
2179	2773	5500
563	2532	5500
2486	2799	5500
1810	3401	5500
982	2566	5500
1200	3475	5500
2435	2861	5500
733	2552	5500
1796	2542	5500
304	2911	5500
2150	3112	5500
290	2698	5500
1330	3442	5600
1542	2756	5600
1602	2929	5600
2370	2734	5600
899	2862	5600
649	3467	5600
2077	2672	5600
448	3048	5600
407	3353	5600
1606	3085	5600
1121	3287	5600
2498	2664	5600
2159	3069	5600
931	2529	5700
2307	2961	5700
161	2623	5700
2280	3080	5700
437	2812	5700
597	2574	5700
1400	3130	5700
1966	3059	5700
234	2672	5700
1620	3286	5700
2365	3015	5700
649	3158	5700
100	3394	5700
3	3006	5700
1637	2702	5700
1901	3374	5700
1849	3157	5700
256	3060	5700
835	3292	5700
2085	2950	5700
838	2932	5700
1758	3123	5800
91	3282	5800
2046	3032	5800
2180	3253	5800
1302	3454	5800
1089	3119	5800
2041	3078	5800
1107	2974	5800
621	3384	5800
1564	3192	5800
88	3057	5800
1499	2692	5800
1704	2604	5800
323	2525	5800
1022	2665	5800
1769	3011	5800
898	3484	5800
910	3034	5800
18	2874	5900
1999	3107	5900
1482	2796	5900
430	2973	5900
507	3151	5900
384	2726	5900
2267	2748	5900
1774	3035	5900
581	3444	5900
1996	3172	5900
982	3279	5900
1808	2922	5900
1185	3249	5900
1718	2912	6000
1305	3155	6000
2395	2531	6000
522	2524	6000
282	3454	6000
1285	2951	6000
2363	3414	6000
1896	3003	6000
1143	2626	6000
1697	3333	6000
1358	3175	6000
111	3106	6000
1557	2956	6000
1022	3322	6000
795	3307	6000
2294	3026	6000
1568	2710	6000
972	2655	6000
960	3182	6100
1793	2833	6100
648	2560	6100
2064	3394	6100
1651	3217	6100
357	2754	6100
2475	2873	6100
1001	2782	6100
1644	3431	6100
1208	3395	6100
837	2697	6100
170	3011	6100
1005	2540	6100
224	2950	6100
326	2706	6100
389	2681	6200
1407	2901	6200
1485	2519	6200
2175	2588	6200
2402	3426	6200
1582	3119	6200
1183	3394	6200
1483	2548	6200
380	3437	6200
150	3485	6200
1266	3021	6200
1840	2765	6200
1817	2622	6200
458	2966	6200
1912	3342	6200
567	3088	6200
1508	3063	6200
2270	2670	6200
1797	2653	6200
1592	2534	6200
1095	3441	6300
156	3009	6300
27	3173	6300
1682	3029	6300
778	3179	6300
187	2947	6300
343	2579	6300
869	3467	6300
462	2973	6300
1844	3212	6300
1855	3177	6300
2108	3206	6300
2265	3149	6300
1201	2797	6300
598	2540	6300
641	3464	6300
1769	2841	6300
160	3332	6300
2240	3352	6300
1475	3493	6300
2243	2967	6300
2494	2899	6300
2076	2933	6300
975	2845	6400
2315	3496	6400
963	2581	6400
2353	2945	6400
312	3487	6400
2421	3045	6400
1551	2855	6400
1134	3000	6400
429	2747	6400
1295	2814	6400
967	3395	6400
1691	2541	6400
940	2763	6400
1574	3129	6400
2347	3010	6400
1465	2624	6400
48	2980	6400
1294	3283	6500
2416	3329	6500
125	3295	6500
973	2978	6500
106	3420	6500
2441	3141	6500
689	3206	6500
582	2940	6500
1931	3022	6500
1401	3070	6500
643	3215	6500
2478	3355	6500
268	3259	6500
801	3223	6500
999	2695	6600
2457	3241	6600
2221	2519	6600
2385	2515	6600
1038	2884	6600
1539	3204	6600
2052	2947	6600
1287	2910	6600
2155	3440	6600
469	3020	6600
347	2564	6600
489	2806	6600
1078	2805	6600
1338	3446	6600
2031	2779	6600
2201	2782	6600
1821	2606	6600
1228	3238	6600
16	2883	6600
1372	2812	6700
1790	2961	6700
1145	2833	6700
137	3113	6700
1479	3025	6700
1150	3195	6700
1065	3152	6700
1842	3429	6700
1126	2773	6700
1364	3439	6700
779	3212	6700
1415	3108	6700
1882	3322	6700
367	2790	6800
1062	3105	6800
1898	2794	6800
2385	3250	6800
893	3012	6800
1490	3424	6800
1941	2830	6800
219	3304	6800
719	3338	6800
1007	2664	6800
733	3075	6800
358	2666	6800
1881	2603	6800
452	2766	6800
793	2529	6900
2405	2864	6900
1053	3426	6900
2365	2970	6900
1540	2544	6900
1024	2503	6900
1986	3192	6900
269	2693	6900
1967	3395	6900
39	3319	6900
1475	2624	6900
1345	2642	6900
892	2546	6900
790	3046	6900
161	2827	7000
329	3406	7000
1959	2521	7000
1220	2537	7000
511	2519	7000
863	2819	7000
1579	3409	7000
2326	2696	7000
2430	3299	7000
411	3327	7000
400	3417	7000
1223	2940	7000
119	2563	7000
1127	3356	7000
1074	2854	7000
1458	2559	7000
998	2756	7000
2409	2920	7000
1755	2508	7100
819	3176	7100
984	2809	7100
1913	3116	7100
939	2821	7100
1884	2978	7100
229	2637	7100
1211	2968	7100
2006	3049	7100
2039	2732	7100
847	2803	7100
674	2505	7100
1125	2628	7200
2317	2965	7200
2364	2716	7200
2030	2898	7200
1351	3384	7200
377	3033	7200
714	2610	7200
848	3212	7200
122	3382	7200
196	3256	7200
544	3193	7200
1247	2811	7200
408	3480	7200
1649	2646	7200
2116	2737	7300
1993	3386	7300
1162	2699	7300
1521	2895	7300
2447	3281	7300
1951	2986	7300
848	2602	7300
206	2675	7300
1918	3395	7300
467	2887	7300
1005	2641	7300
270	3047	7300
814	3140	7400
1096	3372	7400
894	3337	7400
361	2997	7400
952	3315	7400
1114	2539	7400
1534	2739	7400
1174	2870	7400
1029	2789	7500
1213	3430	7500
1776	3223	7500
466	2992	7500
1948	3459	7500
1697	3411	7500
462	3057	7500
1910	2955	7500
752	3058	7500
2443	2743	7500
486	3245	7500
2010	3150	7500
2487	3355	7500
822	2652	7500
1004	3464	7500
337	2755	7500
2182	3269	7600
1834	2694	7600
2490	3253	7600
2205	2704	7600
562	3227	7600
1642	2809	7600
1326	3424	7600
441	3179	7600
2415	2709	7600
1606	2960	7600
1775	3497	7600
1015	2838	7600
2248	2657	7600
783	3473	7600
338	3076	7600
588	3449	7600
574	3063	7600
1133	3249	7600
1050	3032	7600
2456	3211	7600
564	2534	7700
1837	2959	7700
1961	2883	7700
1077	3337	7700
1597	2632	7700
2166	2822	7700
868	3287	7700
1201	2730	7700
2216	3357	7800
1635	3148	7800
2164	2680	7800
1389	2727	7800
210	3495	7800
9	3467	7800
1450	2709	7800
1254	3418	7800
2302	3084	7800
1147	3255	7800
2096	2985	7800
1160	3397	7800
1253	3229	7800
1711	3345	7800
2032	3032	7800
450	2732	7800
475	3155	7800
2051	3289	7800
675	3135	7900
1101	2703	7900
849	2668	7900
2334	2784	7900
332	3323	7900
2149	2855	7900
195	3003	7900
483	2765	7900
96	3491	7900
0	3150	7900
732	2657	7900
145	2865	7900
392	2779	7900
2350	2825	7900
1937	2767	8000
1227	3197	8000
2423	2598	8000
2153	3131	8000
151	3036	8000
1136	3487	8000
133	3198	8000
485	2917	8000
130	2565	8000
2028	3417	8000
2140	3022	8000
1853	2888	8000
318	3291	8100
1111	3303	8100
2282	2632	8100
963	3487	8100
1483	3142	8100
2326	3304	8100
1392	3439	8100
1088	3477	8100
2262	3047	8100
48	3209	8100
1962	3266	8200
1077	3408	8200
263	2927	8200
2278	2759	8200
351	3119	8200
1630	2990	8200
537	3081	8200
1000	2753	8200
2438	2561	8200
544	2922	8200
1362	2698	8200
1298	2817	8300
2180	2957	8300
2422	2832	8300
1016	2601	8300
2018	3149	8300
1619	2559	8300
1859	3165	8300
1221	2745	8300
1013	2625	8400
494	2761	8400
981	2591	8400
1438	2775	8400
1680	2867	8400
1995	3327	8400
2112	2749	8400
373	2952	8400
249	2999	8400
87	2526	8400
315	3463	8400
393	2534	8400
312	2581	8500
2073	2910	8500
997	3260	8500
2056	2818	8500
1947	3296	8500
414	3463	8500
1989	3363	8600
1346	3194	8600
1787	3274	8600
1010	2658	8600
1732	3016	8600
1118	2746	8600
1932	3064	8600
586	3413	8600
1918	3377	8600
387	2688	8600
1233	2866	8600
2396	3350	8600
146	3483	8700
762	2784	8700
366	2563	8700
1119	2630	8700
1855	3258	8700
1603	3106	8700
1004	2532	8700
2410	2860	8700
1396	2619	8700
355	2985	8700
215	3410	8700
1087	2998	8700
139	3284	8800
1726	3017	8800
626	2620	8800
2483	2593	8800
1690	2939	8800
346	2992	8800
1279	3334	8800
1789	2705	8800
628	2851	8800
202	3333	8800
1196	3429	8800
1003	2602	8800
1246	2799	8800
2120	2501	8800
158	2989	8800
327	2721	8800
2067	2647	8800
267	2757	8900
1613	3271	8900
2113	3050	8900
810	2882	8900
961	3093	8900
1001	3040	8900
943	3279	8900
492	3342	8900
1902	3120	8900
2162	3123	9000
590	2809	9000
1818	2802	9000
704	2859	9000
316	2564	9000
1707	2509	9000
401	3297	9100
751	3269	9100
1937	2572	9100
1890	2951	9100
1245	2604	9100
1363	3090	9100
865	2926	9100
1590	3401	9100
285	2835	9100
921	2550	9100
833	2810	9100
385	3406	9100
333	2529	9200
2205	3469	9200
2273	2773	9200
1753	2760	9200
2408	2710	9200
691	2542	9200
2029	3104	9200
834	2777	9200
1784	3123	9300
1873	3354	9300
1061	3012	9300
958	3234	9300
1915	2955	9300
1159	2960	9300
1172	3212	9300
1026	2660	9300
2414	2915	9300
1743	2535	9300
362	2975	9400
2139	2788	9400
2377	3127	9400
1665	3289	9400
80	3113	9500
1823	3358	9500
775	2547	9500
2058	3362	9500
262	3466	9500
1	2893	9500
1548	3432	9500
2428	3471	9500
1589	3110	9500
1234	2613	9500
1002	3479	9500
1822	3313	9500
1239	3060	9500
643	3086	9500
1222	3226	9500
2141	2772	9600
2084	2874	9600
2461	2573	9600
103	2928	9600
2271	2754	9600
1060	2735	9600
829	2718	9600
1921	3108	9600
1286	2922	9600
2380	2744	9600
1130	2557	9600
1534	2647	9600
1823	2517	9700
1597	3414	9700
129	2895	9700
773	2672	9700
1257	2847	9700
994	3039	9700
216	3151	9700
66	3355	9700
1777	3129	9700
2020	2804	9700
2181	2899	9700
721	2932	9700
1029	3073	9800
2404	2656	9800
2305	3213	9800
71	2649	9800
436	2834	9800
2298	3276	9800
681	2849	9800
796	3482	9800
20	3192	9800
1392	3325	9800
2269	3217	9800
1995	3220	9800
686	3451	9800
1927	2837	9800
252	3129	9800
2369	3026	9900
2400	3121	9900
1794	2593	9900
696	3314	9900
950	3189	9900
2060	2590	9900
748	3281	9900
121	2585	9900
2333	3402	9900
555	2956	9900
1990	2559	9900
2394	3183	9900
434	3095	9900
2176	3406	10000
2251	3073	10000
162	2681	10000
198	2668	10000
1712	2918	10000
623	3363	10100
1422	3443	10100
694	2511	10100
105	2680	10100
633	3339	10100
80	3221	10100
172	2759	10100
815	2809	10100
2346	3362	10100
1844	3377	10100
363	3294	10100
888	2881	10200
2044	2669	10200
1260	2936	10200
2131	2688	10200
144	3178	10200
398	2953	10200
1404	2961	10300
1354	3314	10300
1744	2581	10300
208	3043	10300
2374	3334	10300
1376	2853	10300
731	2618	10300
1046	2636	10300
2274	2582	10300
330	2952	10300
1731	3400	10300
725	2700	10400
658	3466	10400
2290	3147	10400
118	3186	10400
1270	3071	10400
2345	2909	10400
1532	3393	10400
928	3407	10400
803	2924	10400
914	3349	10400
191	3141	10400
1454	3151	10400
1820	3104	10400
853	3405	10400
785	3049	10400
1056	3310	10400
1953	3332	10400
1724	2824	10400
577	3370	10500
845	3398	10500
2331	3304	10500
1840	2836	10500
1879	3171	10500
612	2839	10500
1618	3300	10500
674	3346	10500
2013	2508	10500
451	2528	10600
798	2939	10600
1759	3485	10600
2306	3419	10600
1504	2918	10600
2366	2523	10600
1224	3404	10700
22	3235	10700
2493	3336	10700
653	2669	10700
20	2924	10700
272	2954	10700
1782	3265	10700
1658	3001	10700
554	3252	10700
460	2785	10800
2421	3330	10800
756	3338	10800
299	2725	10800
2152	2998	10800
2391	2824	10800
1296	3114	10900
2263	2657	10900
825	2606	10900
301	3028	10900
183	3435	10900
2357	2842	10900
2146	3211	10900
2099	3280	11000
1157	3274	11000
1718	2891	11000
1930	3335	11000
136	2689	11000
1190	2992	11000
877	3326	11000
1433	3090	11000
1657	3175	11000
2443	3001	11000
1047	2858	11000
463	2501	11000
1773	3047	11000
1328	2922	11000
706	3484	11000
811	2697	11000
143	3154	11100
2158	3306	11100
207	2593	11100
1455	3083	11100
955	2654	11100
1282	3366	11100
2142	3467	11100
624	3439	11100
2433	2652	11100
486	2501	11100
1430	2787	11100
2320	3230	11100
2154	3249	11100
1451	3228	11200
1535	2776	11200
2336	2625	11200
1485	3042	11200
1210	2945	11200
197	2627	11200
1276	2882	11200
456	3351	11200
420	3499	11200
816	2596	11200
2145	3126	11200
487	2684	11200
1666	2711	11200
1359	2911	11200
274	2546	11200
1688	2653	11200
1167	3187	11300
842	3037	11300
28	2759	11300
1632	2656	11300
1582	3367	11300
2097	2503	11300
1503	2762	11300
652	2596	11300
1647	3052	11300
2016	3326	11300
983	3175	11300
1974	2857	11300
1362	2894	11300
2232	3088	11300
722	2605	11300
946	3165	11300
1516	3083	11400
2285	3241	11400
636	3018	11400
1647	3321	11400
2080	3448	11400
480	3205	11400
754	3023	11400
1239	3298	11400
1950	2946	11500
1268	2556	11500
1162	3438	11500
1634	3115	11500
191	3143	11500
1615	2646	11500
546	3284	11600
1385	3238	11600
1690	3083	11600
1339	2969	11600
1150	3349	11600
624	2851	11600
1331	2726	11600
677	3353	11600
1573	2835	11600
402	3125	11700
2321	2822	11700
464	2942	11700
171	2991	11700
542	3102	11700
707	3217	11700
2481	2701	11700
1626	2943	11800
667	2843	11800
1723	2644	11800
280	3399	11800
2367	2857	11800
1750	3101	11800
1008	2561	11800
476	3215	11800
1328	2897	11800
2049	2646	11800
2289	2534	11800
910	2698	11900
671	3450	11900
1478	2826	11900
1193	3008	11900
1278	2910	11900
747	3378	11900
305	3172	11900
1011	2665	11900
627	3019	11900
2459	3375	12000
2361	3065	12000
1721	3056	12000
858	3022	12000
334	2960	12000
2473	3492	12000
335	3332	12000
1748	2919	12000
2159	3070	12000
2289	2647	12000
1758	3368	12100
495	2864	12100
984	3425	12100
303	3351	12100
2140	3110	12100
1916	2907	12100
1008	2779	12100
1573	2527	12100
2151	2795	12100
2497	2642	12100
2057	3202	12100
1377	3297	12200
1997	2712	12200
741	3442	12200
698	2742	12200
2124	2735	12200
2252	3185	12200
1367	2730	12200
576	3090	12200
154	2857	12200
632	2933	12300
1467	2931	12300
1903	2832	12300
1977	3261	12300
1103	2509	12300
1251	2682	12400
10	3453	12400
856	2532	12400
2358	2636	12400
772	3310	12400
74	2724	12400
2036	3173	12500
525	3036	12500
749	3288	12500
1985	2630	12500
14	2728	12500
181	2707	12500
2383	3267	12500
1537	3316	12500
431	3148	12500
89	3002	12600
2079	2518	12600
2217	2504	12600
652	2577	12600
768	2907	12600
1593	3439	12600
673	2955	12600
2410	3129	12600
2420	3373	12600
837	3435	12600
2257	2861	12600
2257	2741	12600
2444	2808	12600
1166	3274	12700
2122	3083	12700
709	2573	12700
750	2862	12700
1614	2513	12700
1038	3143	12700
1745	3191	12700
96	2940	12700
686	3365	12700
1646	2813	12700
490	3106	12700
2277	3283	12800
1042	2705	12800
787	3259	12800
518	2595	12800
134	2998	12800
948	2751	12900
675	3295	12900
2239	3110	12900
313	2955	12900
2445	2888	12900
2335	3040	12900
2373	2948	13000
854	2820	13000
1181	2898	13000
1538	3232	13000
767	2702	13000
1403	3247	13000
1705	3158	13000
454	2930	13000
996	2860	13000
1942	3257	13000
2323	3469	13100
553	2746	13100
2021	3482	13100
2434	2968	13100
846	3103	13100
602	2770	13100
1449	3339	13200
1237	3291	13200
676	2785	13200
764	2571	13200
1826	3192	13200
2087	3294	13200
76	3009	13200
1633	2789	13300
1780	2516	13300
1669	2561	13300
1170	2854	13300
1938	3224	13300
1215	3292	13300
431	2808	13400
2279	3309	13400
1205	2654	13400
1417	3050	13400
2341	3385	13400
755	3196	13400
434	2842	13400
1584	3034	13500
616	2774	13500
1329	2590	13500
1702	3137	13500
2244	2644	13500
124	2871	13500
621	2800	13500
1376	3455	13500
456	3411	13500
98	3258	13500
1836	3405	13500
1206	2605	13500
243	2694	13600
455	2682	13600
2158	3320	13600
587	3059	13600
2395	2845	13600
705	3250	13600
2074	2688	13600
1645	3178	13600
1000	2608	13600
51	3200	13600
2126	2904	13600
2424	3213	13600
1988	2653	13600
1578	3180	13700
153	3466	13700
869	2514	13700
2166	3093	13700
123	2867	13700
903	2752	13700
1525	2650	13700
772	3117	13700
1002	2612	13700
1666	2673	13700
2067	3428	13700
745	3295	13800
210	2584	13800
682	3379	13800
1884	3389	13800
2001	3246	13800
444	2857	13800
2193	3159	13800
104	2621	13800
899	3308	13900
530	3321	13900
2046	2757	13900
461	3120	14000
1541	2543	14000
379	3409	14000
1065	3407	14000
366	3144	14000
1126	2979	14000
1515	3365	14000
1059	3446	14000
645	3014	14000
2241	2991	14100
64	3356	14100
1208	2804	14100
355	3391	14100
1195	2755	14100
239	2846	14200
793	3324	14200
2122	2751	14200
1890	2941	14200
1849	2684	14200
2134	2505	14200
2167	2711	14200
564	3359	14200
2448	3298	14200
980	3026	14300
775	2845	14300
1978	3115	14300
786	2813	14300
2274	3447	14300
2450	3175	14400
538	2650	14400
591	2842	14400
1381	2901	14500
1730	2727	14500
955	2925	14500
1366	2990	14500
2239	2997	14500
1398	3020	14500
2285	3375	14600
2217	3029	14600
2169	3171	14600
1977	3279	14600
2119	3075	14600
386	3310	14600
1410	3453	14700
2133	2700	14700
817	3483	14700
1545	2736	14700
2041	3494	14700
258	2849	14700
2446	3132	14700
2398	3061	14700
2061	2619	14700
403	3213	14800
376	2506	14800
1554	2674	14900
2171	3166	14900
524	3167	14900
1868	2662	14900
1515	3451	14900
1352	3479	14900
276	3230	14900
1717	2592	14900
1051	3184	15000
1771	3476	15000
2354	3468	15000
2436	2745	15000
1746	2931	15100
725	2588	15100
378	2645	15100
796	3167	15100
882	3158	15100
929	2610	15100
55	2806	15100
1363	3419	15100
1536	3095	15100
410	2929	15200
876	2873	15200
2204	2637	15200
104	2914	15200
1049	2946	15300
1528	2638	15300
1555	2717	15300
2275	3042	15300
561	3064	15300
1907	3273	15300
1468	3195	15300
1051	2785	15300
334	3448	15300
1622	2580	15300
167	3311	15300
570	2874	15400
2405	3233	15400
10	2643	15400
1312	2959	15400
1945	2873	15400
1027	2712	15500
664	3066	15500
695	3336	15500
1477	2548	15500
2121	2871	15500
1006	3347	15500
2207	2944	15500
666	2892	15500
167	2919	15500
1170	2915	15500
341	2676	15500
2449	3105	15600
284	3434	15600
1020	2900	15600
1876	2656	15600
1815	2528	15600
2184	3423	15600
1048	2631	15600
2398	3136	15600
2366	2850	15700
1292	3174	15700
976	3221	15700
904	3039	15700
1719	3419	15700
1838	2617	15700
941	2522	15700
951	2546	15700
1195	2706	15700
1466	2953	15700
1459	2941	15800
845	2785	15800
281	3049	15800
19	3298	15800
1643	2966	15800
1941	3466	15900
2447	3064	15900
802	2733	15900
81	3013	15900
1177	3141	15900
781	3091	15900
1799	2931	16000
1570	2654	16000
578	3234	16000
1683	2881	16100
76	3266	16100
1037	3107	16100
1627	3103	16100
717	3182	16200
1788	3018	16200
1276	3142	16200
1654	2709	16200
15	3411	16200
1760	3341	16200
2105	2670	16200
634	2843	16300
1519	3337	16300
118	2681	16300
2373	2794	16300
1225	3145	16300
2184	3090	16300
2438	3207	16300
1016	3350	16300
1498	2523	16300
388	3025	16400
597	2784	16400
454	2661	16400
1274	2647	16400
1464	2545	16500
174	3198	16500
1091	2888	16500
631	2780	16500
264	3069	16500
809	2933	16600
1767	3358	16600
1781	3498	16600
699	3005	16600
1096	2695	16700
1611	2659	16700
512	2645	16700
352	3396	16700
1561	2609	16700
1839	3364	16800
2143	2578	16800
670	3445	16800
892	3293	16800
265	2921	16900
1943	3133	16900
2230	2834	16900
2260	3100	16900
1555	2826	17000
180	3469	17000
1957	2531	17000
183	3363	17000
1218	2863	17000
1968	2901	17100
246	3364	17100
1527	3469	17100
231	2837	17100
1965	3062	17100
85	2567	17100
2300	3335	17200
1207	3232	17200
1083	3481	17200
178	3323	17200
513	2715	17200
1116	2779	17200
2429	3082	17300
1431	3216	17300
1349	3374	17300
147	2624	17300
335	3479	17300
2224	3031	17300
1030	2874	17400
2055	3247	17400
1992	2801	17400
2332	2602	17400
2063	2507	17400
1696	3027	17400
307	2740	17500
1875	3337	17500
948	2620	17500
112	2915	17500
2212	2950	17500
2460	2673	17500
457	3430	17600
571	3113	17600
573	3066	17600
5	3007	17600
2411	3388	17600
1904	2916	17600
2319	3001	17600
2094	2726	17600
215	2962	17600
433	2672	17700
1652	2884	17700
613	2787	17700
155	3109	17700
651	3027	17700
1616	2786	17800
520	2926	17800
1497	3175	17800
412	2929	17900
1383	3314	17900
1035	2645	17900
654	3331	17900
277	3232	17900
1636	3288	17900
1256	3418	17900
1303	3356	17900
2482	3265	17900
2172	3450	18000
198	3482	18000
238	2513	18000
644	2690	18000
1846	3220	18000
1497	2687	18000
478	2622	18000
1507	2603	18000
618	3199	18100
502	2616	18100
735	3430	18100
1178	2556	18100
1400	3458	18100
2372	3040	18100
1580	3259	18100
651	2833	18200
2253	3266	18300
933	3033	18300
2255	3493	18300
2174	3405	18300
223	3095	18300
2242	3393	18400
1745	3039	18400
2458	2596	18400
2185	2821	18400
761	3260	18400
2004	2744	18400
1965	3101	18400
1848	2846	18500
998	3067	18500
642	3270	18500
153	2830	18500
1306	3317	18500
1465	3493	18500
2468	2835	18500
581	3313	18500
397	3100	18500
470	2961	18600
1318	3375	18600
1926	2545	18600
1876	3173	18600
1742	3393	18600
2228	2862	18600
1204	2888	18600
1756	3211	18600
862	3291	18700
2156	2691	18700
551	2790	18700
1067	3125	18700
138	2544	18700
114	3203	18700
1415	3461	18700
592	2892	18700
813	2780	18700
812	3297	18800
535	3286	18800
911	3288	18800
88	3497	18800
1303	3492	18800
1685	3255	18800
862	3363	18900
296	3442	18900
44	3105	18900
177	2640	18900
1101	2579	18900
2397	3487	18900
13	3048	18900
316	3219	18900
218	3103	18900
2451	3061	18900
408	3259	18900
1675	2896	19000
1906	3375	19000
1778	3015	19000
2292	3151	19000
2154	3257	19000
1629	2897	19000
1598	2518	19100
309	3147	19100
550	2502	19100
608	3305	19100
1929	3352	19100
1693	3484	19100
2062	2595	19100
971	2757	19100
514	2946	19200
1674	2515	19200
1118	2993	19200
516	3220	19200
909	2827	19300
423	3427	19300
1728	2681	19300
728	3016	19300
2439	2945	19300
247	3413	19300
1833	3108	19300
783	3261	19300
169	2666	19300
718	2549	19300
2176	3316	19300
2195	2546	19400
505	2869	19400
854	2941	19400
1588	2930	19400
533	2954	19400
1865	3448	19400
1741	2655	19400
1776	3375	19500
1917	2758	19500
2210	2941	19500
1768	3162	19500
2203	3325	19500
1978	2799	19500
708	3209	19500
2190	2790	19600
259	2801	19600
1691	2750	19600
1662	2973	19600
542	2768	19600
1406	2500	19600
440	2631	19600
173	3027	19600
2270	3237	19600
1209	2864	19700
855	2992	19700
2197	3389	19700
1159	3085	19700
300	2837	19700
49	2821	19700
600	2763	19700
795	3498	19700
2037	3255	19700
789	2920	19800
282	3036	19800
25	3099	19800
1765	2964	19800
2330	3008	19900
1212	3426	19900
126	2829	19900
819	3138	20000
1591	2524	20000
1329	3043	20000
1518	3030	20000
876	2663	20000
1331	3058	20000
1127	2768	20000
1018	2814	20000
864	3095	20000
1709	2590	20100
1960	2541	20100
1147	3373	20100
1391	2550	20100
2352	3187	20100
2279	3295	20200
1302	3036	20200
1831	3163	20200
1189	3190	20200
1529	3146	20200
622	3207	20200
388	3241	20300
1229	3178	20300
339	3397	20300
1681	2958	20300
970	2818	20300
1827	3306	20400
116	3181	20400
2407	2650	20400
65	3296	20400
1615	2740	20400
1343	2717	20500
435	3254	20500
2186	2510	20500
361	2955	20500
100	2565	20500
2007	3353	20500
1816	2960	20500
481	2877	20600
1674	3087	20600
1394	2729	20600
906	2720	20600
1539	2733	20600
583	2639	20600
449	3448	20600
1078	3207	20600
1957	3118	20700
1375	3081	20700
2479	2960	20700
1572	2506	20700
1071	3016	20800
637	2754	20800
2222	3447	20800
996	2967	20800
1182	3156	20800
2137	3165	20800
743	2599	20900
2477	3302	20900
1332	3057	20900
2470	2583	20900
2481	2987	20900
1861	3468	20900
648	2658	21000
2477	3453	21000
1924	3276	21000
1805	2648	21000
1360	3315	21000
1909	3293	21100
468	3223	21100
1068	2691	21100
295	2699	21100
1880	3331	21100
1514	3490	21100
1397	2690	21100
2017	2549	21100
457	3107	21200
2014	2800	21200
1109	2829	21300
87	2937	21300
1852	3037	21400
568	2558	21400
1833	3149	21400
1192	2611	21500
1193	2573	21500
2479	3429	21500
569	2865	21500
319	2803	21500
1344	2515	21600
2376	2905	21600
614	2957	21700
619	3337	21700
2005	3414	21700
2185	2648	21700
835	2999	21700
2231	2881	21800
1860	2834	21800
2025	2715	21800
672	3242	21800
2372	3207	21800
23	3405	21800
1623	3425	21900
205	2626	21900
2374	3347	21900
556	2995	21900
605	2744	21900
574	3160	21900
2227	2653	21900
1097	2853	22000
918	2765	22000
730	3090	22000
1092	2890	22000
685	2599	22100
2043	2727	22100
272	2713	22100
883	3307	22100
880	3041	22200
1419	2975	22200
2192	3345	22200
1035	3496	22300
852	3163	22300
2489	3188	22300
781	3346	22300
28	2869	22400
629	2729	22400
1024	2832	22400
17	2686	22400
873	3162	22400
2157	2828	22400
1550	3427	22500
1284	2791	22500
238	2514	22500
209	3446	22500
1473	2919	22500
1428	2896	22700
1387	2603	22700
1113	2517	22700
1922	2891	22700
1278	2678	22700
212	3216	22700
526	3330	22700
50	2641	22700
691	3460	22700
1291	3077	22700
1880	2988	22800
1490	2581	22800
33	2623	22800
1297	3218	22900
534	2866	22900
1473	3311	22900
629	3173	23000
1710	2644	23000
603	3169	23000
952	3365	23000
1203	2661	23000
358	3031	23000
1374	2698	23000
493	3320	23100
353	2640	23100
2027	3234	23100
1012	2520	23100
2407	3399	23100
2485	2920	23200
1341	2820	23200
133	3071	23200
808	2879	23200
1064	3391	23200
2069	2685	23300
17	2675	23300
737	2618	23300
34	3220	23300
1887	3400	23400
460	2970	23400
1971	3188	23400
2202	2616	23500
67	2903	23500
1064	3127	23500
3	2727	23600
1614	2798	23600
1712	3236	23600
1586	3485	23700
1577	3315	23700
426	2810	23700
1108	3108	23700
880	3112	23700
1670	2897	23700
2002	3061	23700
2023	2603	23800
522	2761	23800
1441	3478	23800
465	2595	23800
2051	2549	23800
1319	2609	23900
1901	3207	23900
2471	2519	24000
789	2740	24000
925	3441	24000
1875	2614	24000
2230	3403	24000
2245	3439	24000
1845	2585	24000
754	2911	24000
571	3004	24100
2339	3438	24100
1608	2591	24100
956	2716	24200
879	3475	24200
1055	2523	24200
246	3119	24300
2163	3173	24300
531	2863	24300
2314	3224	24300
443	2538	24300
894	3227	24400
959	3133	24400
2387	3308	24400
683	3429	24400
14	3338	24400
1912	2999	24400
2206	2767	24500
1815	2569	24500
1510	3198	24500
1494	3023	24500
339	3473	24600
851	3406	24600
1610	2873	24700
2489	2728	24700
756	2718	24700
36	3114	24700
1019	3225	24700
330	3390	24700
1581	2999	24700
289	3314	24800
2312	2690	24800
1368	2796	24800
2452	2671	24800
1945	2578	24800
1677	2781	24800
2463	2732	24800
2103	2751	24900
241	3204	24900
964	2984	24900
1020	2883	24900
1455	2949	25000
1979	3242	25000
145	3092	25000
1255	3130	25100
441	3021	25100
1236	3100	25100
2471	3221	25200
830	3145	25200
1333	2830	25200
199	3275	25200
1775	3074	25200
1481	3054	25200
841	3159	25200
1857	3183	25200
942	2685	25300
1695	3253	25300
135	3204	25300
600	3423	25300
1342	2769	25300
1266	3043	25400
1774	3418	25400
1391	3359	25400
1752	2770	25500
1110	3359	25500
1314	2825	25500
1784	2852	25600
975	2531	25600
1344	2510	25600
283	3070	25600
382	3357	25600
60	2883	25600
79	2738	25700
266	2715	25700
568	2648	25700
1072	3135	25800
2453	2783	25800
2492	3413	25800
586	3096	25800
1416	2750	25800
515	3233	25900
1742	2971	25900
1625	2958	25900
860	3431	25900
1145	3155	26000
389	3044	26000
472	2827	26000
1608	2800	26000
1310	3458	26000
1562	3130	26000
1798	2661	26000
489	3397	26000
438	3049	26000
1621	2963	26000
962	2770	26000
2350	2550	26000
131	2999	26000
1407	3189	26100
1166	2734	26100
415	2639	26100
236	2688	26100
1052	2581	26200
1715	3380	26200
508	3247	26200
372	2838	26200
1627	2718	26200
492	2811	26200
1863	3028	26200
385	3174	26200
1123	3135	26300
2019	3486	26300
1207	3168	26400
608	3169	26400
1653	3262	26400
2105	3450	26400
1205	3082	26500
1112	3097	26500
213	2792	26500
1752	3463	26500
1928	3163	26600
1589	3022	26600
1382	2781	26600
2178	2959	26700
1754	2873	26700
2496	3244	26700
24	3294	26700
2322	2505	26700
2453	2751	26800
605	2701	26800
529	2742	26900
594	2714	26900
804	2802	26900
34	3356	26900
2129	3260	26900
2347	2557	26900
1273	3243	26900
437	3269	27000
410	3218	27000
379	2569	27000
2026	3472	27000
1658	3338	27000
1607	3423	27000
169	3031	27100
1169	2549	27100
1057	2670	27100
1244	2646	27100
2208	3099	27200
627	3445	27200
1889	2965	27200
117	2834	27300
617	3371	27400
1781	2743	27400
2015	3103	27400
2078	3443	27400
2114	2868	27400
2232	2634	27400
1293	2700	27500
1795	3038	27500
1025	2625	27500
2244	2895	27500
1199	3344	27500
297	3124	27500
1322	2912	27600
965	3063	27600
1599	2992	27600
1414	2678	27600
889	3396	27600
530	3052	27600
2411	2858	27600
786	3240	27600
1802	2962	27600
1009	3390	27600
1275	2852	27700
1435	2864	27700
2256	2678	27700
1966	3064	27700
1960	2828	27700
426	2788	27700
91	3187	27800
1811	2793	27800
2019	3145	27800
1531	2818	27800
1050	3239	27800
1131	3283	27800
1592	3400	27900
1304	2629	27900
1472	3307	27900
1384	3100	28000
345	2924	28000
163	3299	28000
280	2501	28000
995	2690	28100
846	3001	28100
392	2806	28100
1640	3267	28100
2359	2549	28100
947	3012	28200
1140	3106	28200
2162	2600	28300
906	3144	28300
1779	3446	28400
1618	2589	28400
1355	3202	28400
557	2774	28500
1104	2971	28500
639	2829	28500
2194	2618	28500
1570	3134	28600
1143	3167	28600
317	2825	28600
294	2965	28600
141	2807	28600
1632	2562	28700
815	3425	28700
2303	2895	28700
2362	3048	28700
1762	3216	28700
2089	2536	28700
204	3169	28700
2040	2865	28700
354	2856	28700
591	3086	28700
878	2640	28800
1944	3326	28800
375	2552	28800
1530	2506	28800
276	3202	28800
1864	2786	28900
1252	3213	28900
1383	3280	28900
1405	3266	28900
1405	2562	29000
136	3384	29000
1299	3138	29000
843	3031	29000
1558	2967	29000
2012	3257	29000
2121	2876	29100
2107	2818	29100
722	3259	29100
315	3225	29100
2483	3408	29200
1456	3017	29200
1264	3454	29200
935	2713	29200
59	3058	29200
1939	3169	29200
1689	2890	29200
2470	3255	29200
861	3027	29200
1309	2983	29300
1898	2953	29300
1106	2569	29300
995	3048	29300
271	2544	29400
826	3312	29400
2134	2624	29400
1039	3061	29400
2110	2614	29500
12	2775	29500
2004	2701	29500
1062	2712	29600
2259	2831	29600
1188	2914	29600
1404	2921	29700
190	2691	29700
1616	3361	29700
1231	2660	29700
1079	3421	29700
354	3076	29700
405	3410	29700
1983	3103	29700
2266	3123	29800
1408	2869	29800
2325	3482	29800
325	2533	29800
438	2582	29800
2120	3245	29800
1235	2529	29800
399	3480	29800
1133	2900	29800
633	2820	29900
680	3308	30000
959	2895	30000
908	3381	30100
1041	3138	30100
336	2510	30100
2399	3020	30100
206	3497	30200
1921	3461	30200
109	3493	30200
1007	3240	30200
2490	2957	30300
1617	2874	30300
610	3433	30300
1915	3093	30300
2196	2831	30300
547	2566	30300
2333	2732	30400
1313	3219	30400
2327	3104	30400
861	3296	30400
771	2570	30400
1629	3277	30400
97	2685	30400
1054	3045	30500
75	2538	30500
407	3317	30600
1295	3418	30600
1160	2806	30600
1420	3463	30600
2012	2567	30600
1552	2872	30700
1680	2661	30700
1717	2550	30700
1075	3226	30700
2467	3005	30700
498	2689	30800
367	3271	30800
1440	2862	30800
1408	3354	30800
603	3305	30800
370	3289	30800
1071	2511	30900
662	2678	30900
1085	3257	31000
2393	2511	31100
1952	3317	31100
1460	3328	31100
1288	2676	31100
2343	3208	31100
1449	2746	31200
2058	2991	31200
2431	2811	31200
689	3475	31200
2013	3342	31200
521	2786	31200
518	3156	31200
1917	2502	31300
543	2800	31300
2412	2672	31300
873	3275	31300
788	3058	31300
749	3116	31400
1333	2563	31400
1481	3049	31400
127	3053	31400
1554	2906	31500
254	3278	31500
1499	3163	31500
1810	3360	31500
1933	2838	31500
1628	3318	31500
974	3010	31500
68	2989	31500
1923	3133	31600
1867	3118	31600
881	3286	31600
2284	3348	31600
924	3085	31600
1975	3188	31600
2291	3326	31700
1595	3258	31700
949	3300	31700
2485	2740	31800
801	3404	31800
578	3087	31800
907	3214	31800
2300	3016	31900
587	2528	31900
1316	2889	31900
1675	2852	32000
1233	3319	32000
711	3145	32100
2351	2765	32200
1684	3346	32200
1103	3311	32200
2379	2886	32300
308	2785	32300
1202	2988	32300
320	3236	32300
1031	3146	32300
720	2681	32400
346	3130	32400
1246	3491	32400
349	2689	32500
1102	3216	32500
1102	2977	32500
2291	3491	32500
1883	2671	32500
428	2739	32500
1236	3283	32600
1566	2680	32600
849	3487	32600
726	3050	32600
185	2618	32600
2414	2552	32600
2062	3156	32600
2409	2691	32700
1720	2667	32700
2077	3071	32700
1117	3307	32700
1536	3376	32700
1474	3165	32800
18	3369	32800
760	3282	32800
439	2667	32800
189	3392	32800
1081	2665	32800
1057	3237	32800
836	3462	32800
2086	3431	32800
858	3110	32900
1403	2944	32900
659	3353	32900
856	3464	32900
755	2899	32900
419	2689	33000
1976	2939	33000
805	2627	33000
821	2608	33000
1896	3396	33000
1248	2541	33000
213	3205	33000
120	2666	33000
363	2564	33100
1463	3085	33100
1494	3447	33100
1242	3065	33200
165	2595	33300
891	3227	33300
1426	2769	33300
585	3183	33400
1370	3228	33400
442	2655	33500
2386	2607	33500
654	3147	33500
2127	2632	33500
176	3028	33500
2234	3194	33600
884	3215	33600
930	2562	33700
930	2791	33700
575	3133	33700
2016	3115	33700
66	3311	33700
51	2962	33700
173	3257	33700
9	2514	33800
1512	3382	33800
1735	3294	33800
1360	3451	33800
696	3233	33900
2253	2647	33900
1790	2535	34000
248	2643	34000
679	2923	34000
2	2910	34000
447	3178	34000
1092	3478	34000
1895	2592	34000
958	3278	34100
72	3490	34100
1596	2559	34100
302	3492	34100
2207	2888	34100
1724	3183	34100
1731	2673	34100
2147	3194	34200
960	2679	34200
565	3004	34200
1687	2738	34200
1504	3392	34200
1119	2954	34200
1032	3447	34200
120	2795	34200
1198	2646	34200
344	2886	34300
897	3469	34300
1601	3474	34300
205	3371	34300
823	3179	34300
1928	2692	34300
2484	3448	34300
179	2527	34300
77	2838	34400
757	3464	34400
2167	3159	34400
1738	3262	34400
2476	3472	34500
1540	3309	34500
268	2526	34500
1157	2767	34600
98	2580	34600
7	3051	34600
936	3126	34600
2031	3416	34600
2229	2903	34600
290	2846	34600
2076	2745	34600
243	2517	34700
820	3335	34700
47	3380	34700
2312	2916	34700
903	3171	34700
1124	2650	34700
1809	3122	34700
1967	2788	34700
1489	2961	34700
1922	2912	34800
1955	2524	34800
1762	3281	34800
827	3054	34800
860	2723	34800
1733	2954	34900
966	2814	34900
1458	2973	34900
1657	2687	34900
841	3267	34900
1365	3069	34900
1347	2802	35000
1234	3347	35000
683	2731	35000
752	2708	35000
824	3373	35000
1663	2952	35000
820	3404	35100
763	2848	35100
866	2916	35100
2191	3191	35100
52	3124	35100
2247	2594	35100
1141	2817	35100
1184	2776	35100
2424	3201	35200
977	2796	35200
1323	2942	35200
2225	3048	35200
1241	3115	35200
915	2944	35200
65	3346	35200
1388	3427	35200
1563	3478	35300
299	2509	35300
572	2664	35300
41	2810	35300
1860	3071	35400
2324	2762	35400
1200	2771	35400
311	2980	35400
1695	2931	35500
159	2683	35500
1801	3380	35500
1260	2763	35500
1793	2567	35500
273	2855	35600
1956	2530	35600
2271	2887	35600
1421	3089	35600
563	3464	35600
1655	2666	35700
165	3156	35700
2082	2933	35700
1613	3139	35800
1306	2768	35800
1584	2517	35800
2408	2843	35800
1747	3408	35900
832	3472	35900
125	3036	35900
2135	3479	35900
2451	3415	35900
766	3037	35900
1604	2791	36000
2310	2872	36000
1459	2925	36000
1164	3202	36000
2147	3441	36100
673	3110	36100
2182	2817	36100
1528	3117	36100
1019	2766	36100
1887	2790	36100
1456	2600	36200
1443	2778	36200
2356	2721	36200
2356	3243	36200
1443	3058	36300
1996	3315	36300
2301	2868	36300
2377	3136	36300
632	2790	36300
942	2562	36400
1339	2761	36400
2198	3398	36400
1721	3096	36400
288	2606	36400
2381	2599	36400
2317	2931	36500
2455	2940	36500
1325	3039	36500
1040	2803	36500
2101	3155	36600
1701	2845	36600
411	2954	36600
1869	2782	36600
1437	3225	36600
1560	2590	36700
1441	2890	36700
1973	2555	36700
1732	3135	36800
1311	3132	36800
1079	3471	36800
1600	2805	36800
218	2743	36800
2017	2900	36800
1520	2949	36900
662	3409	36900
314	3349	36900
1830	3489	36900
1043	3002	37000
241	2997	37000
1117	3214	37000
1034	3193	37000
634	3026	37100
780	3430	37200
2164	3495	37200
2286	2736	37200
1320	2815	37200
1501	2883	37200
667	2891	37300
1393	3139	37300
879	2743	37300
2183	3246	37300
2243	2592	37300
549	2605	37300
1553	3181	37400
657	2767	37400
616	3335	37400
764	2917	37400
1864	3361	37500
175	2971	37500
244	2598	37500
2093	3172	37500
1114	3427	37500
1648	2881	37500
1354	3465	37600
488	3434	37600
1955	3433	37600
2472	2798	37600
559	2527	37600
1940	2798	37700
382	3105	37700
1905	2774	37800
979	2545	37800
47	2551	37800
953	2764	37800
221	3102	37800
303	2823	37900
2341	2580	37900
1461	3367	38000
704	3312	38000
1812	3219	38000
1812	2792	38000
538	3399	38000
168	2972	38000
294	2983	38000
212	3281	38100
1531	3449	38100
1692	3485	38200
762	2830	38200
2097	2832	38200
1429	2552	38200
102	2901	38300
697	2520	38300
1263	3463	38300
2157	3493	38400
736	2986	38500
152	2500	38500
370	2964	38500
1644	2635	38500
2413	3462	38500
607	2723	38500
2136	2869	38600
2446	2831	38600
539	2560	38700
123	3158	38700
2054	3422	38700
1272	2745	38700
922	2570	38700
369	3321	38800
2196	3413	38800
310	3224	38800
2212	3028	38800
364	3321	38900
400	3328	38900
113	3238	38900
896	3391	39000
1342	2674	39000
383	2651	39000
62	3023	39000
699	2872	39000
398	2623	39000
1867	2611	39100
1153	3091	39100
283	3300	39100
1427	3352	39100
1030	2861	39100
1916	2687	39200
598	2532	39200
1141	3046	39200
2375	3253	39300
991	2877	39300
1998	3245	39300
2454	2575	39300
1316	3136	39300
1726	3053	39400
1017	2516	39400
1290	3117	39400
527	2544	39500
1313	2564	39500
1714	2527	39500
536	2914	39500
1198	2740	39500
373	2664	39600
1989	2861	39600
1919	3081	39700
660	3323	39700
1224	2553	39800
579	3417	39800
1358	2828	39800
1859	2587	39800
2435	2723	39800
365	3120	39900
30	3139	39900
709	2845	39900
2136	2802	39900
1379	2512	39900
1791	3017	39900
1479	2554	40000
565	2518	40000
902	3387	40000
2362	2574	40000
417	2985	40000
1132	3104	40000
1345	3462	40000
1452	2734	40100
1594	2636	40100
2109	2815	40100
207	3271	40200
500	2707	40200
2100	3089	40200
2126	3462	40200
1137	2635	40200
31	2819	40300
1679	2611	40300
1841	2837	40300
278	2582	40300
1023	3092	40300
475	2659	40400
609	3201	40400
297	2563	40400
39	2866	40400
1406	3399	40400
584	3046	40400
176	3114	40500
985	3067	40500
1642	2621	40600
466	2591	40600
1763	3134	40600
1777	3365	40600
201	2903	40600
4	3188	40700
907	3061	40700
1866	3354	40800
885	3490	40800
1868	3421	40800
114	2512	40800
1044	2900	40800
348	3342	40800
1367	2675	40900
576	3014	40900
1714	2964	40900
140	3201	41000
680	2738	41000
1347	3180	41000
1058	3144	41000
1196	2731	41000
1596	2507	41000
1015	3172	41000
1543	3456	41000
1230	3346	41000
1116	2561	41000
1188	3441	41000
1369	2605	41000
2371	3490	41100
427	3114	41100
453	2557	41100
1635	3226	41100
308	3398	41200
216	2613	41200
52	3074	41200
1853	2555	41200
1385	2957	41300
390	2649	41300
1332	3191	41300
528	3122	41300
1219	2673	41300
208	2970	41400
1958	3491	41400
1571	2721	41400
509	2655	41400
157	3339	41500
1514	2675	41500
1158	3468	41500
328	3263	41500
1131	3100	41500
1476	2957	41600
1535	3230	41600
1991	3006	41600
1701	3201	41600
1018	2730	41600
1870	3455	41700
1590	3360	41700
688	2768	41700
1387	3453	41800
1759	2801	41800
2496	3074	41800
121	3373	41800
331	3170	41900
1780	2792	41900
2018	3300	41900
1834	2517	41900
1334	2814	42000
694	2980	42000
2445	2555	42100
548	3246	42100
447	2608	42200
2400	3209	42300
1601	3254	42300
1564	2859	42300
986	3092	42300
224	2655	42300
2133	2588	42400
2492	3096	42400
2148	2907	42400
612	3092	42400
1607	2583	42400
904	3185	42500
1832	2752	42500
1523	3247	42500
59	3010	42500
166	3480	42500
706	2817	42600
1532	2573	42700
2033	3145	42700
1576	3161	42800
560	3044	42800
151	3412	42800
1800	2899	42800
501	2932	42800
1457	2996	42900
2138	2797	42900
2204	2617	42900
2383	3428	42900
2026	2893	43000
782	2930	43000
1421	3499	43000
1357	2844	43000
610	2524	43100
1835	3055	43100
778	2702	43200
1994	2837	43300
2095	3456	43300
1268	3270	43400
2321	2996	43400
245	2982	43400
1892	3267	43400
1259	3062	43400
1348	2793	43500
1350	2993	43500
1191	2570	43500
620	3347	43600
253	3185	43600
1151	2637	43600
1084	2989	43600
740	3075	43600
1082	3070	43600
949	2741	43600
1612	2537	43700
1226	3362	43700
2072	3436	43700
2149	3325	43700
682	3348	43700
266	3396	43700
900	2745	43700
221	3299	43800
2137	2587	43800
1598	3339	43900
2432	2847	43900
2102	3093	43900
2160	3305	43900
1423	3054	43900
127	3017	44000
1424	3128	44000
1739	2598	44000
2089	3397	44000
1502	2887	44000
1546	3112	44000
1881	3453	44000
1351	2689	44100
1308	3481	44100
1575	3306	44100
1310	3064	44200
1049	3229	44200
329	3376	44200
2125	2769	44200
2118	2786	44200
614	2683	44300
1544	3176	44300
1804	3369	44400
301	3114	44400
1617	3187	44600
2491	2626	44600
2006	2926	44600
105	2774	44700
56	3030	44700
2030	2918	44700
867	2658	44800
2103	2633	44800
54	3208	44800
391	2660	44800
534	3319	44800
1807	3410	44800
650	3246	44800
484	3127	44800
511	2751	44900
1340	3189	44900
1994	3388	44900
2295	2747	44900
1081	2597	44900
1219	2782	44900
777	2531	45000
2328	2890	45000
1530	3465	45000
2467	2587	45000
1384	3094	45000
159	2891	45100
2482	3129	45100
2130	3107	45100
2327	2839	45200
1895	2615	45200
442	2676	45200
1694	2607	45300
313	3144	45300
1786	3285	45300
641	2532	45300
420	3089	45300
1353	3383	45300
505	2923	45400
1522	2584	45500
1176	3275	45500
78	3270	45500
1828	2780	45600
2367	3422	45600
2390	3476	45600
1942	2567	45700
2391	3076	45700
1792	3367	45800
2375	3161	45800
1543	2813	45800
1426	2894	45800
1811	3233	45900
2281	3432	45900
2444	3148	45900
759	3191	46000
1467	2638	46000
1903	2503	46100
1100	3481	46100
1023	2863	46100
473	3230	46100
477	3333	46200
1180	3428	46200
2190	3400	46300
905	3474	46300
1368	2923	46300
430	3244	46300
1872	3272	46300
478	3449	46300
1809	2856	46300
2426	2680	46400
1620	3312	46400
2186	2996	46500
1097	3437	46500
1279	2773	46500
2433	2749	46500
2114	3313	46500
440	2641	46500
666	3341	46600
1056	3200	46600
2389	3422	46600
1920	3387	46700
64	3492	46700
827	3445	46700
729	3289	46700
763	3381	46800
2181	3196	46800
1737	3236	46900
1132	3055	46900
1914	2912	47000
1631	2968	47000
1836	3355	47000
473	3182	47000
2245	3236	47100
1947	2505	47100
1110	2615	47100
2223	3374	47100
1888	2598	47200
343	2703	47200
204	3305	47200
2265	2583	47200
589	2792	47300
1247	3122	47300
770	2539	47300
2454	3182	47300
1228	3148	47300
1013	2683	47400
684	3379	47400
1619	3024	47400
2450	2687	47400
1552	3005	47500
1428	2816	47600
1493	3226	47600
947	2553	47700
374	3052	47700
1203	2930	47700
1640	2615	47700
1163	2859	47900
636	2996	47900
2339	2756	48000
1905	3155	48000
927	3369	48100
883	3224	48100
665	2868	48100
1025	2683	48200
773	2834	48200
1412	2997	48200
908	2736	48300
1053	3176	48400
321	2780	48400
1722	3446	48400
738	2880	48500
535	2510	48500
2177	2877	48600
1099	3020	48700
588	2622	48700
1075	3148	48700
1375	3351	48800
1435	2704	48900
1667	2934	49000
300	3343	49000
1380	2716	49100
562	3044	49100
15	3190	49100
782	3203	49100
584	3068	49100
1874	2846	49200
439	3195	49200
1357	2989	49200
1765	3069	49200
1897	3408	49300
1993	3384	49300
46	3248	49300
980	2843	49400
395	2712	49400
235	3385	49400
359	3411	49400
1936	3402	49400
919	3228	49400
1318	3025	49500
2024	3437	49500
257	2766	49500
1178	3270	49600
412	2896	49600
713	3076	49600
1708	2554	49700
1412	3287	49700
1650	2982	49700
739	2535	49800
1636	2520	49800
967	3157	49800
288	3014	49900
2268	3142	50000
186	2988	50000
13	2945	50100
25	2935	50100
1294	2810	50100
58	3254	50200
115	2747	50300
547	2981	50300
1817	3449	50300
338	2856	50300
2315	2640	50400
653	3184	50400
236	2612	50400
1702	3166	50500
1254	3219	50500
1410	3302	50700
1414	2996	50700
2436	2825	50700
1755	3034	50700
1478	2965	50800
1851	2649	50800
2211	2778	50800
1970	2771	50900
2056	3046	50900
185	2664	50900
599	2805	51000
57	3073	51100
828	2764	51100
37	2512	51200
2460	3263	51300
232	2783	51400
994	2884	51400
992	3033	51400
78	3023	51400
122	3222	51600
2275	3302	51700
1155	3012	51800
1594	2879	51800
1413	3034	51800
838	2840	51800
1440	3139	51900
2361	2877	51900
1094	2902	51900
69	2728	51900
1862	2934	52000
604	3482	52000
1946	2923	52000
1952	3287	52000
53	2693	52200
404	3459	52200
1660	3380	52300
741	2722	52300
2262	3077	52300
2376	3235	52400
463	2728	52400
589	2516	52400
1605	3075	52400
1854	2607	52400
1484	2721	52500
1910	2662	52600
2337	2698	52600
2293	3194	52600
2068	3082	52700
1069	3480	52700
95	3441	52700
2363	3286	52800
916	3386	52900
1258	3368	53000
1973	2677	53000
790	2651	53000
432	3147	53100
1946	3180	53100
1450	3388	53100
1886	2937	53200
179	3390	53200
381	2995	53200
1688	2840	53200
2349	3288	53400
1048	3219	53400
2308	2758	53500
2426	3181	53500
1624	3349	53500
732	2972	53600
450	3377	53600
1648	2538	53600
656	3301	53700
231	2709	53900
1681	3245	53900
2295	3318	53900
2027	2909	54000
769	3411	54000
1902	3415	54000
913	2596	54100
1954	3438	54200
1624	2945	54200
808	2636	54200
394	3060	54200
572	3390	54300
211	2758	54400
575	2893	54400
324	2918	54400
1767	3271	54500
1471	2699	54500
1411	2555	54500
1094	2708	54500
1704	3188	54700
1439	3499	54700
421	2839	54700
1889	2826	54700
94	3377	54800
1373	3214	54800
495	2537	54900
2388	3387	55000
1829	3498	55100
1003	3212	55200
886	3465	55300
1464	2600	55300
991	2939	55300
1913	3167	55400
2213	2814	55400
1396	2635	55400
502	3269	55400
393	3416	55400
2392	3204	55500
665	2889	55500
623	3476	55500
882	2686	55700
2304	3127	55800
1066	2620	55900
1549	2703	55900
758	2909	55900
1253	2946	55900
1900	3014	55900
2107	2605	55900
1696	2870	55900
2014	3398	56000
774	2568	56000
983	2907	56000
1308	2503	56200
1931	3003	56200
1026	3203	56200
887	3153	56300
1336	2912	56400
2278	3354	56400
1059	3028	56400
223	2963	56400
1788	3087	56500
1176	3162	56500
2071	2841	56500
40	2766	56500
1676	3324	56500
16	3320	56500
1843	2716	56800
101	2969	56900
263	2629	56900
2353	2574	56900
1933	3153	56900
2246	3026	57000
2242	2531	57000
693	3327	57000
1032	2984	57000
1206	2535	57100
1221	3358	57100
1569	3360	57300
1998	2749	57300
871	2697	57300
2110	3029	57400
192	2880	57400
5	3377	57400
561	2614	57500
715	3250	57600
117	2518	57600
413	3006	57600
172	2703	57600
677	2936	57700
901	3269	57700
970	2638	57700
852	2692	57800
818	3013	57800
225	2951	57900
823	2702	57900
467	3343	57900
1225	3118	58000
1104	2568	58100
1631	2858	58200
1581	3240	58400
1500	3271	58500
253	3116	58500
1422	2511	58500
1330	2906	58600
2224	3415	58600
8	2932	58600
2431	2813	58600
988	2502	58700
1317	2588	58800
731	2804	58900
1390	3468	59000
56	3420	59100
765	3498	59100
306	2914	59100
2189	2963	59100
1770	3317	59200
1669	2806	59200
516	2687	59300
2155	3457	59400
397	3094	59400
1566	3364	59600
1300	3209	59600
1433	2597	59600
1432	3282	59700
799	2523	59700
2188	2696	59800
923	3424	59900
1911	2839	59900
1377	3393	60000
1301	3034	60000
1605	2787	60100
296	2722	60100
1871	2543	60200
840	3126	60300
702	2816	60500
2473	3102	60500
1938	3214	60500
1749	2696	60600
1045	3310	60700
1070	2530	60800
853	2778	60800
2449	2927	60900
2499	2640	61100
83	2634	61100
2222	3193	61100
1572	2679	61100
2415	2985	61200
1852	3086	61200
1709	2847	61300
1662	2771	61300
1346	2980	61300
1740	2705	61600
84	2520	61600
724	3318	61800
555	2730	62000
771	2981	62000
1907	2699	62100
1824	2863	62100
2220	3268	62300
1757	2817	62400
1222	3196	62500
745	2586	62600
2401	3362	62700
476	3040	62800
606	2968	62900
2168	3499	62900
21	3344	63200
1122	2617	63200
1799	2717	63400
2302	3178	63400
669	3232	63500
61	2577	63500
2057	3444	63600
1602	2504	63700
192	2909	63700
2343	2707	63700
2000	2836	63900
1785	2714	64000
468	2808	64100
195	3420	64100
1990	3024	64100
2096	2594	64200
1533	2711	64200
383	2529	64400
2354	2870	64400
110	2719	64600
758	3494	64700
356	2716	64800
1513	3080	64800
1585	3250	65000
2202	3324	65300
1293	3302	65500
751	2812	65500
802	3204	65600
1638	2853	65700
2418	2526	65800
2135	2539	65800
937	2711	66000
2208	2771	66100
194	2507	66300
2165	3416	66500
6	3190	66600
178	2530	66700
2254	3024	67100
293	2836	67200
1164	2575	67200
1622	3279	67300
957	3134	67500
2331	3242	67700
1402	2936	67700
2007	2763	68000
1280	3303	68100
2328	3072	68100
1338	3488	68100
109	2624	68200
1764	3015	68300
519	3345	68400
593	2553	68500
1086	2879	68500
933	2677	68600
202	3488	68700
2393	2980	68900
2464	3360	68900
171	2762	69100
448	2917	69300
857	3029	69500
1327	3184	69700
1574	3206	69700
2369	2539	69800
1672	2986	69900
1192	2547	70000
351	3137	70100
737	2994	70100
1484	3243	70600
1243	2826	70600
82	3065	70600
332	2530	70600
1277	2936	70700
298	3301	71000
1537	3368	71100
1961	2572	71100
1289	3438	71200
2047	2674	71700
1454	2613	71800
2064	3481	71900
659	3051	71900
1517	2841	72200
1795	2971	72200
357	2594	72500
130	2533	72600
2192	2994	72600
149	2539	72700
1418	3093	72700
2491	3167	72900
1210	3264	72900
1187	2577	72900
1167	3282	72900
1444	3385	73000
1063	2773	73200
103	2632	73400
891	3009	73700
2040	2540	73800
1813	2949	73900
717	2776	74000
2066	2589	74000
1623	2809	74400
452	3352	74600
1870	3454	74700
615	2679	74700
2200	2682	74700
211	2969	74800
1603	3193	74900
1850	3137	75000
590	2621	75000
318	3235	75100
855	3281	75100
1129	3024	75100
2090	3457	75200
1379	2935	75300
1154	3273	75600
1430	3011	75700
1548	2935	75800
228	2633	75900
2423	2969	76300
1671	2688	76500
570	2518	76800
2199	2609	76800
134	2861	76800
1356	2649	77000
595	3099	77200
840	2982	77300
1444	2747	77800
507	2613	77900
1154	2946	78100
721	3444	78200
2474	3277	78300
2045	3081	78400
1067	2737	78500
573	2949	78600
2499	3496	78600
1281	2938	79000
1037	3324	79200
401	3118	79500
54	2707	79600
830	3486	79900
2156	3009	80200
1557	2631	80200
1925	3072	80500
966	2507	80600
1042	2584	81100
1040	3072	81200
2127	2545	81700
499	3222	81700
193	2902	82000
1630	3081	82100
459	3199	82300
1626	3235	82500
1982	2851	82700
2215	2674	82700
2439	3264	82800
1814	3056	82800
38	2908	83000
2063	3410	83100
149	2812	83200
769	3190	84000
1517	2695	84200
131	3229	84700
642	3460	84800
1148	3096	85200
613	3154	86100
1204	2677	86200
286	2568	86300
927	2909	86700
247	2978	86800
816	3222	86800
135	2733	87000
868	3124	87000
459	3067	87100
887	3091	87400
1505	3385	87700
293	3456	87800
1865	3378	88300
2194	3240	88300
378	2738	88600
2332	2938	88600
2298	2708	88900
703	2908	89100
1553	2607	89200
520	2609	89300
541	2677	89400
1541	3368	89500
1386	2875	89700
1491	2548	90400
1741	3372	90500
2009	3051	90800
774	3038	91000
932	2525	91000
2214	3396	91100
716	2902	91300
1954	2756	91300
1711	3038	91500
2465	2699	91700
912	3045	91700
1825	2772	91700
776	2798	91800
45	2982	91800
2005	3152	92100
1663	2856	92100
961	2762	92500
950	2816	92900
870	2671	93600
1378	2878	93900
1417	2831	94300
1650	3126	94400
29	2735	94500
1963	3483	95000
1031	2606	95600
2359	3274	96100
1783	3392	96500
1121	2707	96500
406	2742	96700
2210	3082	96900
244	2875	96900
2441	2752	97300
2130	3228	97300
2071	3011	97400
2008	3033	97500
2170	3142	97800
384	3010	97800
2228	3474	98000
2368	2631	98800
926	2889	98800
2309	2500	99100
220	2709	99200
703	2974	99600
875	2552	99600
777	3118	100400
1389	2586	101000
2462	3251	101200
1659	3196	101300
1851	2714	102000
2199	3276	102000
2227	3111	102100
1356	3166	102400
90	2679	102800
1908	3160	102900
2336	3025	103100
143	3140	104500
227	2855	104800
2455	3115	105000
1894	2878	105200
1816	3440	105200
1498	3094	105400
2419	2776	105600
132	3328	105700
596	2756	106700
932	2749	106900
425	3378	107000
718	3113	107000
1924	2609	107800
402	3063	108700
376	2889	108800
1560	2735	109300
1679	2547	109300
1028	3483	109500
474	3131	110600
1191	2583	111100
1418	2762	112500
1248	3190	113200
2233	2829	113300
972	2599	113900
2072	3097	114700
1645	2663	114900
112	2602	115000
2143	3344	115400
1486	2906	115500
2465	2735	116000
890	3276	116000
1513	2848	116400
687	3199	116500
71	2875	117000
926	3228	117400
2294	3166	117500
37	3432	117500
1186	3378	117500
1949	2697	117600
2236	2579	118000
2020	2850	118300
269	2764	118400
512	2816	118800
2287	3465	119000
2252	3116	119900
878	2947	120000
1470	3303	120000
791	2856	120300
1181	3456	120400
663	3248	120600
989	2719	121200
1171	3477	122900
155	3041	123200
2355	3277	123900
1261	3042	124100
2476	3412	124900
1135	2947	125500
736	2547	126500
1846	2558	127300
374	3321	127400
1486	3442	127800
1565	3395	128000
35	3440	128800
2258	2758	129100
1789	3134	129400
180	2634	130000
1925	2719	131000
1567	2651	131100
214	2724	131300
2065	3248	131700
2226	2913	132500
1527	2634	132700
93	2629	133200
2440	3381	133900
1576	2670	134100
1899	3340	135400
917	2543	136800
2152	2741	137100
877	2940	137500
513	2977	139500
53	3344	139800
2348	2868	140600
128	3382	140700
920	3285	140900
1673	3475	141400
242	2908	141500
2301	3290	141500
1505	2566	142100
2440	2736	142200
2357	2815	142400
425	3366	142600
2382	3432	143100
1447	3382	144100
1010	3284	144900
1678	2616	145700
1076	3011	145800
464	2705	145800
319	2719	146900
152	2958	147600
482	2878	147700
1984	2995	148700
1888	2875	148700
1502	3449	149000
2088	3168	150400
797	3407	151300
235	3177	151500
2132	3164	153100
1214	3199	153400
2038	3436	154300
2296	3440	155700
1593	3392	155700
1804	3078	156600
2299	2906	157900
797	3152	158000
2313	3065	159000
1935	2892	160600
1323	3486	160800
1165	2619	161300
311	3128	161700
2216	2543	162600
2075	3208	162700
2442	2503	164200
1186	3366	165300
424	2599	165400
1179	3197	165800
977	3251	166800
1312	2819	166900
780	2772	167900
35	3007	170300
160	3477	171300
2174	3383	172800
1173	2525	173200
415	3164	173800
1112	3436	176200
599	2769	176900
707	3171	179500
427	2753	180100
2139	2777	182400
611	3470	182500
1161	3425	184000
813	3252	184400
1770	3208	187500
2283	2742	189100
1677	2851	189100
746	3284	191300
637	3477	191400
1751	2548	191800
46	3168	191900
964	3112	192300
2282	3184	194000
2073	3195	195200
1194	2783	195900
1974	3366	196000
1873	3025	197400
1981	3401	199800
446	3197	199900
986	3352	202300
1951	2734	203000
1899	3256	205100
230	3272	208000
222	3177	210100
1340	2947	210300
1033	2693	213200
455	3460	214500
968	3372	215100
182	2875	215500
1462	3273	216200
631	3252	216200
1926	2852	216800
1283	2896	223000
1148	2917	223900
371	3303	227600
1512	2753	228700
1480	3222	232800
168	2892	233200
1288	3005	233800
1519	3009	235100
222	3258	237200
922	2981	237200
784	2629	237600
2189	3060	243100
1953	3252	243600
2098	3171	243700
510	2584	246700
193	2725	247300
716	3177	247800
611	3109	248600
859	2615	249800
267	3320	251700
1877	2836	253300
510	3495	253600
1511	2905	254800
82	3280	259800
1976	2783	260300
421	2766	261900
2038	3097	263000
2010	3272	263500
1080	3347	265900
2313	2793	266000
1436	2536	266800
2153	2695	267700
390	3197	271600
99	2848	272800
2296	3007	272900
99	3080	273600
2237	2602	274100
2248	3290	274600
2340	2753	274800
2045	3351	275100
2452	3256	276800
2399	3057	276900
1021	2882	277900
1739	2579	281400
2173	2525	284700
2316	2823	285200
640	2694	286800
26	2943	290100
1963	3078	291700
1509	2804	292700
2263	3154	293600
2022	2905	296800
1814	3045	297500
497	3312	298800
1171	2616	301500
761	3112	303800
360	2545	304000
2115	2708	309700
413	2841	311900
583	2978	315400
273	3179	315900
