mmer1	mmer2
17	185
58	193
121	179
24	160
121	180
29	173
84	135
53	138
96	156
60	179
40	130
23	168
5	189
2	150
13	135
128	162
117	147
106	184
81	159
20	136
67	181
81	156
101	142
23	143
34	138
96	130
104	140
16	153
109	167
33	186
48	136
49	158
72	152
122	180
9	159
35	175
102	182
69	169
36	140
73	169
98	163
119	174
87	151
124	185
61	183
63	150
15	181
47	175
94	193
64	164
99	157
97	191
125	183
108	144
92	144
105	141
12	139
88	155
93	142
113	147
68	194
97	162
65	154
104	154
37	173
51	139
8	137
107	187
89	190
126	186
43	176
119	132
4	171
11	154
15	170
28	174
19	178
63	134
56	149
110	188
62	133
27	134
56	171
83	143
87	153
76	134
92	144
93	180
44	145
123	148
71	131
78	143
83	188
41	181
75	146
71	172
9	189
48	185
55	156
78	164
31	163
85	165
53	152
58	168
54	151
28	165
45	191
111	157
88	189
70	150
103	181
47	135
12	187
105	160
127	184
25	179
89	142
85	152
62	136
21	156
91	185
129	161
36	168
26	148
108	132
43	194
8	189
17	153
40	130
30	157
125	149
57	140
76	148
19	162
35	141
42	136
2	146
84	192
0	158
3	145
90	137
127	167
16	182
95	146
57	145
80	137
77	178
18	132
86	166
55	171
46	130
52	177
90	174
59	131
61	135
66	166
100	161
3	190
11	178
106	141
80	147
113	192
46	139
95	165
123	160
60	178
1	161
126	147
91	176
10	186
116	134
112	157
44	152
75	190
7	187
37	131
115	171
129	163
50	194
64	176
68	180
21	169
79	132
32	173
102	170
77	167
32	177
45	142
66	184
18	190
54	139
120	131
30	166
1	172
74	172
82	151
110	137
124	174
10	187
74	146
100	155
20	160
34	172
122	138
51	175
52	179
49	177
109	143
59	164
50	193
24	144
118	141
112	191
65	183
0	155
38	175
120	149
67	163
73	182
13	170
29	184
31	145
69	182
72	191
70	168
111	165
94	162
117	188
114	188
82	169
27	138
6	170
99	140
4	166
101	186
115	158
39	177
38	173
26	192
116	148
86	153
107	161
42	155
14	154
118	159
6	158
39	194
41	150
79	149
128	193
5	151
22	192
22	167
114	159
7	133
103	183
14	133
25	176
98	133
33	164
