mmer1	mmer2
86	171
75	175
32	193
69	149
78	139
42	179
88	145
66	131
81	148
0	171
10	190
63	168
94	180
124	155
54	178
75	159
24	180
52	161
107	156
115	167
123	146
34	175
26	141
44	166
8	140
81	138
13	170
79	163
111	159
117	194
117	183
80	146
105	179
18	133
1	192
12	142
85	189
53	143
38	155
72	133
89	184
73	152
4	153
6	168
8	166
34	153
36	137
5	155
71	170
58	181
95	160
19	166
91	132
82	146
2	187
15	169
52	184
97	180
106	188
50	130
30	134
22	149
42	185
54	173
129	151
33	156
98	163
85	185
114	162
18	193
13	173
118	189
77	178
48	162
74	137
108	194
46	142
99	193
83	190
97	182
116	138
122	149
120	154
123	191
70	174
7	140
56	163
49	194
96	164
44	155
1	167
101	134
102	150
103	132
65	186
28	150
110	132
72	144
39	154
69	184
57	159
31	161
19	147
93	187
87	173
125	135
41	168
29	186
59	172
125	177
14	180
92	170
59	176
70	139
119	171
93	133
100	148
61	136
91	140
9	162
79	142
95	168
36	173
113	179
118	191
10	149
89	151
40	183
27	169
61	133
58	145
82	153
109	146
14	161
53	152
63	161
87	145
68	182
121	147
126	164
96	144
35	179
86	147
32	143
6	166
27	135
90	185
21	135
55	188
33	167
127	156
3	141
92	188
109	137
47	176
83	158
40	162
3	172
107	187
128	175
22	188
104	148
49	139
17	190
46	186
24	152
20	172
5	158
26	178
37	136
122	182
47	183
31	187
76	174
50	194
48	164
104	144
56	186
9	138
68	139
51	157
74	191
112	137
110	138
62	177
78	191
66	164
101	163
17	143
55	131
30	150
128	156
113	144
16	160
98	175
2	181
126	170
115	192
62	154
108	150
99	154
64	160
64	136
20	165
15	178
106	185
129	135
0	140
120	184
60	157
88	152
7	158
29	141
39	157
11	181
119	177
45	192
121	142
60	130
12	153
112	174
16	148
51	132
124	165
25	159
114	193
41	165
23	147
38	157
80	151
105	189
76	182
4	177
45	158
28	169
65	176
23	141
77	174
102	176
100	160
21	131
43	134
90	167
25	134
67	172
116	190
67	143
127	171
37	136
94	145
84	192
84	181
71	169
35	165
57	131
73	130
43	151
111	183
103	189
11	130
