mmer1	mmer2
5	139
94	142
11	137
71	167
110	176
9	131
13	140
23	160
62	169
56	171
77	153
8	166
12	145
125	190
15	162
91	191
88	173
16	137
17	156
37	177
116	187
54	138
81	184
28	175
73	194
29	135
15	175
113	174
1	194
102	185
61	130
46	179
53	144
41	160
42	139
65	192
58	149
39	150
68	154
127	186
114	182
46	181
122	192
64	144
31	142
78	166
112	178
0	177
103	163
59	168
100	133
118	176
66	140
45	146
86	159
60	169
109	159
89	167
117	187
57	153
60	179
17	141
104	147
14	166
44	179
24	170
18	147
106	170
7	140
2	183
100	145
82	184
58	154
87	135
92	153
5	165
40	189
75	185
62	155
28	136
106	152
107	174
39	131
111	158
99	133
84	155
68	168
77	148
94	188
47	180
21	171
87	162
63	156
95	172
55	152
35	137
69	183
63	131
126	132
19	152
71	160
34	163
80	181
79	164
47	168
4	155
6	163
70	188
10	189
113	175
74	151
76	182
103	142
116	193
90	173
98	186
128	192
72	174
20	130
129	170
59	143
56	182
65	186
72	189
79	130
123	190
27	178
81	194
32	157
9	164
6	139
102	153
83	159
76	166
20	194
123	143
12	162
25	183
50	143
83	164
70	137
88	172
121	158
49	149
129	180
86	172
112	132
93	176
61	130
105	141
118	191
27	185
110	173
37	144
120	134
101	158
45	178
49	180
8	131
104	159
3	191
52	165
109	171
74	162
85	138
52	188
98	164
11	143
34	141
55	150
73	138
10	141
38	139
80	187
105	193
36	148
89	147
25	150
16	154
108	135
124	171
121	161
115	178
122	154
119	175
29	165
33	150
117	173
41	172
0	192
43	134
50	133
67	169
125	138
93	135
92	148
99	191
85	161
22	151
3	184
64	132
7	157
115	158
4	161
33	168
32	145
26	185
18	145
24	177
128	144
53	163
1	151
66	169
48	161
127	179
21	147
78	180
51	193
107	157
13	157
22	149
95	181
36	140
111	176
82	155
114	151
57	134
40	183
19	132
31	190
97	142
43	186
101	190
69	160
75	134
48	146
96	193
124	133
51	182
42	148
30	136
38	146
90	136
120	149
67	165
23	136
108	152
84	184
119	177
2	188
35	170
26	156
30	156
14	167
91	187
97	174
54	181
96	189
126	146
44	167
