mmer1	mmer2
100	130
113	157
116	144
42	150
110	160
15	189
47	192
33	182
86	186
2	191
108	166
14	152
112	177
101	157
76	181
55	186
128	167
12	171
70	134
62	143
115	166
23	151
77	159
28	183
129	169
57	192
111	163
33	137
121	172
78	168
114	176
4	148
72	147
65	170
98	188
79	139
127	145
71	174
54	173
119	141
73	169
70	150
36	187
7	145
64	186
20	156
65	194
27	178
32	175
3	149
20	132
87	146
31	154
16	182
41	160
109	144
39	173
105	155
62	163
1	183
54	167
37	131
59	181
97	146
28	194
22	146
99	186
19	158
101	138
85	135
21	163
93	143
126	165
99	136
85	133
48	137
53	158
47	132
81	159
123	146
26	193
116	134
77	156
2	188
34	180
26	162
48	185
63	163
12	184
60	135
38	140
109	185
94	193
40	184
10	173
80	155
49	164
25	142
22	142
72	183
56	154
6	187
102	192
106	161
59	190
37	159
11	172
25	185
128	143
105	183
78	165
0	167
9	159
68	134
91	178
40	130
108	161
124	169
4	162
61	171
69	176
58	192
98	189
61	162
66	172
111	136
64	153
124	130
90	131
88	131
120	140
35	181
84	177
127	145
39	167
129	135
107	138
31	141
56	138
52	162
96	153
21	131
23	194
5	141
13	132
89	164
125	134
84	182
35	136
45	173
125	164
57	154
93	150
74	188
79	178
113	181
83	182
122	152
73	180
121	191
46	150
18	166
86	152
7	135
115	133
50	174
8	137
89	166
110	136
123	187
76	138
13	188
17	130
24	177
67	161
10	165
95	151
68	142
63	156
96	190
81	139
6	193
83	175
46	149
18	189
103	178
29	190
9	174
30	139
90	133
82	179
92	193
30	168
67	184
29	144
51	145
94	143
3	149
80	175
92	148
71	158
120	144
16	153
53	185
45	179
43	151
36	161
58	151
44	148
118	171
51	137
44	140
107	139
97	184
60	158
50	170
41	148
34	152
17	189
52	147
122	191
117	160
91	155
1	169
42	160
87	187
117	179
100	191
66	132
82	168
119	164
114	180
0	147
15	175
126	177
75	174
75	180
19	149
11	156
5	147
69	168
106	176
38	176
14	194
32	170
102	170
24	142
49	141
88	154
118	133
43	157
103	190
55	165
104	140
95	155
27	179
112	157
104	172
8	153
74	171
