mmer1	mmer2
117	138
24	141
11	178
48	146
49	168
79	157
28	170
11	133
75	180
110	171
96	135
102	166
69	144
122	153
38	182
45	152
51	174
24	176
104	140
95	163
71	185
59	183
125	190
7	152
126	169
44	144
10	168
123	191
123	194
18	172
13	143
120	163
14	131
7	149
84	187
18	167
94	176
23	161
32	143
21	170
91	165
16	164
90	150
82	175
114	148
22	155
19	142
76	177
114	148
34	142
83	154
66	150
33	136
116	141
127	132
53	184
63	162
70	172
56	192
118	170
3	134
46	137
35	131
64	187
108	165
122	151
87	156
36	175
79	160
115	138
99	155
77	174
72	147
25	157
67	160
54	153
109	171
104	193
12	154
96	173
20	132
31	183
58	167
94	166
112	176
63	151
22	184
106	179
127	167
128	146
113	169
87	189
2	134
16	141
129	137
75	163
60	186
15	186
8	178
65	191
30	182
64	177
40	161
107	183
17	191
42	159
113	176
27	131
39	130
101	140
12	149
92	130
20	158
100	147
98	156
72	190
10	158
62	152
100	155
27	132
74	146
26	130
97	135
103	192
41	154
65	188
116	185
39	158
91	160
13	193
47	144
51	159
19	173
52	155
106	177
78	178
53	143
54	178
93	144
121	194
81	148
111	150
74	166
90	190
17	192
119	146
9	180
9	130
4	135
124	172
111	150
126	139
71	182
107	193
0	170
103	141
125	139
110	192
55	173
78	181
89	175
28	164
62	171
41	169
23	179
115	174
37	172
80	147
69	145
30	138
101	151
55	151
46	194
3	188
85	164
80	189
49	157
121	188
73	159
42	169
50	153
29	154
5	171
43	181
34	191
29	135
86	133
76	137
57	179
112	188
6	143
66	142
77	131
14	145
43	167
67	168
61	186
128	138
4	156
95	149
120	158
37	168
93	157
58	185
117	142
2	189
38	189
119	175
44	133
68	133
50	152
61	147
8	162
52	165
105	136
84	184
68	173
6	139
124	180
109	190
129	153
59	134
25	177
36	132
86	174
98	181
0	134
60	166
89	179
102	145
88	145
35	136
82	186
32	148
33	165
56	140
92	161
108	187
73	194
1	162
26	149
85	139
57	187
1	159
83	140
70	183
105	136
15	160
99	161
118	164
88	181
81	163
40	137
97	182
45	180
31	156
48	162
5	184
21	193
47	185
