0 1 54 45 1 2
0 1 93 22 1 3
0 1 63 51 0 3
0 1 122 55 0 2
0 1 27 32 1 3
0 1 47 5 1 0
0 1 43 43 0 3
0 1 126 35 0 2
0 1 81 36 1 3
0 1 39 32 0 1
0 1 56 38 0 2
0 1 26 7 0 0
0 1 123 40 0 3
0 1 109 43 0 1
0 1 18 33 1 3
0 1 73 31 1 3
0 1 29 49 1 3
0 1 50 24 1 3
0 1 8 41 0 3
0 1 39 15 1 0
0 1 87 0 0 2
0 1 10 24 0 0
0 1 121 10 1 1
0 1 38 30 1 1
0 1 106 21 0 0
0 1 112 22 1 1
0 1 17 37 0 1
0 1 21 20 1 0
0 1 78 63 0 3
0 1 128 6 0 1
0 1 122 8 1 0
0 1 46 59 0 3
0 1 127 18 1 0
0 1 49 6 0 3
0 1 6 34 1 0
0 1 37 29 0 3
0 1 0 39 1 3
0 1 111 17 1 3
0 1 40 41 0 1
0 1 59 16 0 3
0 1 89 52 1 3
0 1 9 42 1 2
0 1 49 46 1 1
0 1 8 14 1 0
0 1 45 27 1 0
0 1 117 19 1 3
0 1 45 51 0 0
0 1 68 12 0 1
0 1 10 13 1 1
0 1 70 10 1 0
0 1 9 3 0 1
0 1 11 34 0 2
0 1 31 30 1 0
0 1 80 50 0 2
0 1 71 48 1 0
0 1 72 61 0 2
0 1 66 54 0 2
0 1 24 11 1 1
0 1 48 52 1 1
0 1 120 46 0 2
0 1 103 58 0 0
0 1 25 63 1 2
0 1 115 33 0 2
0 1 124 1 0 0
0 1 98 19 0 0
0 1 23 57 0 0
0 1 7 5 1 2
0 1 14 16 0 0
0 1 101 20 0 2
0 1 104 60 0 2
0 1 34 64 1 0
0 1 32 37 0 0
0 1 67 44 0 2
0 1 46 59 1 1
0 1 120 7 1 1
0 1 61 25 1 0
0 1 69 25 0 3
0 1 58 2 1 1
0 1 116 62 1 1
0 1 51 55 1 1
0 1 36 54 0 1
0 1 33 30 1 3
0 1 51 56 0 2
0 1 97 49 1 1
0 1 22 57 0 3
0 1 35 21 0 3
0 1 25 18 0 3
0 1 12 36 1 2
0 1 1 27 1 2
0 1 83 60 1 0
0 1 67 4 1 1
0 1 127 12 0 3
0 1 22 23 1 1
0 1 57 26 0 1
0 1 28 31 1 2
0 1 92 29 1 0
0 1 0 53 0 3
0 1 70 3 0 3
0 1 97 36 0 1
0 1 110 47 0 0
0 1 61 6 0 0
0 1 74 62 0 0
0 1 33 48 0 2
0 1 76 9 1 1
0 1 30 1 1 3
0 1 41 2 0 0
0 1 4 22 0 2
0 1 19 13 1 3
0 1 83 28 0 0
0 1 19 38 0 3
0 1 42 58 1 2
0 1 100 54 0 3
0 1 43 50 1 0
0 1 1 52 0 0
0 1 114 4 1 3
0 1 3 40 1 0
0 1 77 23 1 0
0 1 65 0 0 0
0 1 95 15 0 2
0 1 106 45 1 0
0 1 123 17 1 2
0 1 44 27 1 3
0 1 16 53 0 0
0 1 28 64 0 2
0 1 82 59 0 2
0 1 17 21 1 1
0 1 87 64 1 3
0 1 88 5 1 3
0 1 31 48 0 3
0 1 7 15 0 3
0 1 23 11 1 2
0 1 52 51 1 2
0 1 32 42 1 0
0 1 15 16 0 2
0 1 4 33 1 0
0 1 125 35 1 0
0 1 15 13 1 2
0 1 84 49 0 0
0 1 99 44 1 0
0 1 27 18 0 1
0 1 98 36 1 0
0 1 36 56 1 1
0 1 13 26 1 3
0 1 101 62 1 2
0 1 58 34 0 1
0 1 5 9 1 3
0 1 48 40 0 1
0 1 59 0 1 1
0 1 95 49 1 2
0 1 114 13 0 0
0 1 125 11 0 3
0 1 65 46 1 3
0 1 29 2 0 2
0 1 60 8 1 3
0 1 56 55 1 0
0 1 124 28 1 2
0 1 118 30 1 2
0 1 86 53 1 2
0 1 102 61 0 1
0 1 118 26 0 0
0 1 53 45 1 1
0 1 119 39 1 0
0 1 52 50 0 1
0 1 121 5 0 1
0 1 3 31 0 1
0 1 90 28 1 3
0 1 109 7 1 3
0 1 92 32 0 0
0 1 79 3 0 2
0 1 129 60 0 3
0 1 18 2 0 3
0 1 117 63 0 1
0 1 69 19 1 1
0 1 107 41 0 0
0 1 12 34 0 3
0 1 53 37 0 3
0 1 126 35 1 3
0 1 91 24 0 1
0 1 24 20 0 1
0 1 86 10 0 2
0 1 62 19 1 2
0 1 2 4 1 0
0 1 113 7 1 2
0 1 21 29 0 1
0 1 72 12 1 0
0 1 75 39 1 2
0 1 80 17 1 0
0 1 54 48 0 1
0 1 35 61 1 0
0 1 112 35 0 1
0 1 90 46 0 0
0 1 62 8 0 1
0 1 100 3 1 0
0 1 81 25 0 2
0 1 55 44 0 1
0 1 50 50 0 3
0 1 94 32 1 2
0 1 96 16 1 1
0 1 77 40 0 2
0 1 37 43 1 2
0 1 63 26 1 2
0 1 76 14 0 1
0 1 78 58 1 1
0 1 60 9 0 0
0 1 64 47 0 3
0 1 16 41 1 2
0 1 47 57 0 1
0 1 119 1 0 2
0 1 128 59 1 0
0 1 57 12 1 2
0 1 20 9 0 2
0 1 71 47 0 1
0 1 85 0 1 3
0 1 116 39 0 1
0 1 44 38 0 0
0 1 111 11 0 0
0 1 66 17 1 1
0 1 110 62 1 3
0 1 40 44 1 3
0 1 34 1 0 1
0 1 89 23 0 2
0 1 105 52 0 2
0 1 84 14 1 2
0 1 103 54 1 0
0 1 14 42 1 3
0 1 64 21 1 2
0 1 2 33 0 1
0 1 129 15 1 1
0 1 38 60 0 1
0 1 88 63 0 0
0 1 105 56 1 0
0 1 68 31 1 0
0 1 13 47 0 2
0 1 91 27 1 1
0 1 6 37 0 2
0 1 108 56 0 3
0 1 82 29 1 2
0 1 113 45 0 3
0 1 104 25 1 1
0 1 107 23 1 3
0 1 20 55 1 3
0 1 30 38 0 1
0 1 74 22 1 0
0 1 115 58 1 3
0 1 99 28 0 1
0 1 11 61 1 3
0 1 96 18 0 2
0 1 26 42 1 1
0 1 55 24 1 2
0 1 75 8 0 2
0 1 41 10 1 3
0 1 108 53 1 1
0 1 94 43 0 0
0 1 42 57 0 2
0 1 93 6 0 2
0 1 102 14 1 3
0 1 79 51 1 1
0 1 85 20 0 3
0 1 73 4 0 2
0 1 5 64 0 1
