0 1 66 59 0 0
0 1 104 55 1 2
0 1 8 1 0 2
0 1 51 29 1 3
0 1 51 48 0 1
0 1 96 38 0 0
0 1 11 53 0 3
0 1 63 13 1 1
0 1 65 24 0 0
0 1 0 29 1 0
0 1 114 56 1 3
0 1 31 6 1 1
0 1 106 54 0 2
0 1 35 15 0 3
0 1 21 2 1 0
0 1 95 49 0 3
0 1 68 64 0 1
0 1 102 4 0 0
0 1 127 55 1 0
0 1 70 41 1 2
0 1 88 10 1 1
0 1 0 8 0 2
0 1 68 31 1 0
0 1 28 41 1 1
0 1 98 25 1 3
0 1 30 7 1 2
0 1 62 46 1 2
0 1 39 43 0 0
0 1 110 61 0 0
0 1 112 34 0 2
0 1 87 28 1 2
0 1 77 35 1 1
0 1 3 37 1 3
0 1 41 36 0 3
0 1 111 18 0 1
0 1 76 39 0 0
0 1 95 24 1 2
0 1 64 11 0 2
0 1 74 43 1 1
0 1 18 64 0 3
0 1 104 32 0 1
0 1 125 60 1 2
0 1 122 30 1 3
0 1 90 23 1 2
0 1 46 39 0 3
0 1 16 20 1 2
0 1 49 52 1 3
0 1 119 17 0 0
0 1 12 2 0 3
0 1 119 61 1 1
0 1 27 62 1 2
0 1 20 34 1 3
0 1 19 0 1 2
0 1 82 14 1 0
0 1 65 25 1 1
0 1 113 3 0 1
0 1 2 33 1 3
0 1 87 46 0 0
0 1 11 23 1 1
0 1 99 22 0 1
0 1 44 47 0 3
0 1 44 44 1 2
0 1 80 12 1 3
0 1 103 7 0 0
0 1 10 59 0 1
0 1 42 50 0 2
0 1 113 3 1 2
0 1 120 10 1 0
0 1 92 26 1 2
0 1 56 56 1 0
0 1 6 28 0 1
0 1 46 21 1 2
0 1 25 51 1 2
0 1 14 38 1 2
0 1 115 30 1 1
0 1 22 40 0 2
0 1 102 27 1 2
0 1 53 25 0 2
0 1 100 43 1 3
0 1 26 55 0 1
0 1 60 9 0 3
0 1 123 47 0 0
0 1 49 58 0 0
0 1 35 64 1 0
0 1 5 42 0 1
0 1 37 19 0 1
0 1 41 48 1 2
0 1 78 28 0 3
0 1 128 11 1 1
0 1 78 57 1 0
0 1 34 14 1 1
0 1 48 22 1 0
0 1 91 16 0 1
0 1 32 31 0 3
0 1 47 60 0 1
0 1 74 36 0 0
0 1 30 52 0 2
0 1 127 1 0 0
0 1 89 12 0 2
0 1 81 11 0 3
0 1 13 35 0 0
0 1 15 13 0 3
0 1 71 45 0 3
0 1 86 49 1 1
0 1 55 5 0 0
0 1 112 58 1 2
0 1 29 50 1 0
0 1 2 13 0 2
0 1 83 4 1 1
0 1 129 16 1 3
0 1 23 15 0 1
0 1 15 48 1 3
0 1 75 51 0 0
0 1 83 18 0 0
0 1 9 17 0 2
0 1 105 18 0 3
0 1 111 45 1 1
0 1 124 37 1 2
0 1 69 53 0 2
0 1 121 27 0 0
0 1 93 51 1 1
0 1 24 40 1 3
0 1 98 19 0 2
0 1 109 29 0 2
0 1 23 63 1 1
0 1 106 63 1 3
0 1 28 15 0 2
0 1 62 24 0 3
0 1 59 54 0 1
0 1 13 2 1 2
0 1 37 14 1 2
0 1 76 26 1 0
0 1 79 40 1 0
0 1 17 5 1 1
0 1 45 9 1 2
0 1 36 50 0 3
0 1 101 39 0 2
0 1 67 45 0 2
0 1 70 37 0 1
0 1 86 8 0 3
0 1 12 33 1 1
0 1 31 6 0 3
0 1 121 49 1 0
0 1 80 48 0 0
0 1 60 47 1 1
0 1 27 49 0 2
0 1 71 38 1 3
0 1 8 3 1 0
0 1 79 46 0 1
0 1 67 0 1 3
0 1 94 27 1 3
0 1 114 4 0 3
0 1 32 44 1 1
0 1 52 63 1 2
0 1 103 59 1 3
0 1 81 32 1 0
0 1 126 60 0 3
0 1 105 33 1 0
0 1 118 20 1 1
0 1 38 5 1 2
0 1 117 6 1 0
0 1 39 18 1 2
0 1 108 28 1 0
0 1 110 31 1 1
0 1 108 31 0 2
0 1 118 11 0 0
0 1 9 30 1 0
0 1 109 16 1 2
0 1 43 12 1 0
0 1 94 36 0 2
0 1 61 19 1 0
0 1 10 14 1 3
0 1 89 52 1 1
0 1 92 35 0 2
0 1 128 52 0 0
0 1 72 16 1 0
0 1 64 57 1 3
0 1 21 20 0 0
0 1 73 62 1 1
0 1 29 10 0 3
0 1 34 3 0 3
0 1 116 22 1 2
0 1 61 17 0 1
0 1 107 21 1 3
0 1 40 21 1 0
0 1 43 54 0 0
0 1 26 58 1 3
0 1 6 32 1 3
0 1 99 23 1 3
0 1 96 8 1 0
0 1 88 54 0 3
0 1 73 61 0 3
0 1 25 45 0 0
0 1 72 62 0 3
0 1 1 41 1 3
0 1 54 43 0 2
0 1 84 42 0 3
0 1 117 34 0 0
0 1 22 7 1 3
0 1 48 2 0 1
0 1 33 46 1 3
0 1 126 1 1 3
0 1 7 0 1 1
0 1 7 17 0 3
0 1 93 56 0 2
0 1 63 12 0 1
0 1 18 51 1 3
0 1 129 8 0 1
0 1 100 9 0 0
0 1 90 6 0 2
0 1 122 53 0 1
0 1 16 27 0 1
0 1 4 40 0 1
0 1 57 25 0 0
0 1 47 19 1 3
0 1 97 24 0 1
0 1 59 47 1 2
0 1 17 44 0 0
0 1 97 26 1 3
0 1 14 64 0 2
0 1 5 57 1 1
0 1 40 7 0 1
0 1 1 61 0 2
0 1 58 38 0 1
0 1 85 29 0 1
0 1 101 0 1 0
0 1 50 4 0 2
0 1 123 30 1 2
0 1 4 35 1 3
0 1 55 59 1 2
0 1 3 50 0 1
0 1 42 5 1 3
0 1 56 55 0 3
0 1 52 13 0 0
0 1 36 44 1 3
0 1 58 37 1 0
0 1 57 10 1 2
0 1 20 36 0 1
0 1 75 34 1 1
0 1 120 9 0 1
0 1 116 15 0 0
0 1 19 20 0 3
0 1 45 39 0 1
0 1 38 58 0 1
0 1 91 22 1 3
0 1 77 23 0 0
0 1 69 32 1 2
0 1 115 26 0 1
0 1 84 57 1 2
0 1 50 33 1 2
0 1 24 21 0 1
0 1 33 42 0 2
0 1 124 53 0 0
0 1 82 60 0 0
0 1 125 1 0 1
0 1 66 62 1 0
0 1 53 42 1 0
0 1 107 41 0 0
0 1 85 63 1 0
0 1 54 56 1 1
