0 1 73 52 0 3
0 1 36 12 1 3
0 1 87 61 0 2
0 1 10 56 1 0
0 1 30 34 0 3
0 1 79 19 1 0
0 1 33 3 0 2
0 1 129 39 0 1
0 1 67 41 0 2
0 1 88 64 1 0
0 1 21 5 0 1
0 1 26 45 1 0
0 1 114 50 0 3
0 1 57 53 0 2
0 1 90 55 0 0
0 1 61 19 1 3
0 1 9 3 0 3
0 1 110 22 0 3
0 1 105 16 0 3
0 1 107 62 0 1
0 1 69 21 1 2
0 1 64 49 0 2
0 1 99 60 0 2
0 1 117 54 0 0
0 1 17 57 1 1
0 1 23 24 0 3
0 1 31 45 0 2
0 1 62 2 0 0
0 1 100 50 1 2
0 1 98 38 1 2
0 1 12 22 1 2
0 1 83 19 1 1
0 1 97 6 0 3
0 1 114 30 1 2
0 1 56 33 1 2
0 1 58 29 0 3
0 1 32 54 1 1
0 1 56 44 0 3
0 1 25 1 1 1
0 1 31 10 1 1
0 1 39 36 1 1
0 1 4 35 0 0
0 1 63 32 1 0
0 1 34 9 0 3
0 1 8 57 1 0
0 1 51 12 0 2
0 1 126 14 1 1
0 1 26 51 0 0
0 1 65 43 1 3
0 1 43 44 0 1
0 1 127 60 0 3
0 1 13 32 0 1
0 1 68 11 1 3
0 1 78 7 0 0
0 1 116 55 1 3
0 1 113 27 0 0
0 1 81 25 0 1
0 1 127 8 1 2
0 1 87 30 1 0
0 1 34 18 1 3
0 1 90 63 1 3
0 1 21 35 1 2
0 1 19 25 0 0
0 1 7 51 0 3
0 1 38 21 0 3
0 1 53 43 1 0
0 1 67 34 1 2
0 1 18 40 0 0
0 1 94 35 0 1
0 1 111 21 1 0
0 1 8 46 0 0
0 1 86 58 1 2
0 1 36 36 0 0
0 1 104 59 1 2
0 1 75 49 1 3
0 1 85 48 0 0
0 1 55 11 1 2
0 1 126 56 0 1
0 1 19 13 1 1
0 1 16 2 0 2
0 1 20 28 0 0
0 1 128 38 1 1
0 1 70 27 1 2
0 1 73 16 1 0
0 1 45 10 1 2
0 1 82 39 1 3
0 1 92 46 0 2
0 1 117 64 1 1
0 1 23 1 1 2
0 1 28 40 0 3
0 1 51 42 1 1
0 1 39 16 0 1
0 1 123 33 0 0
0 1 100 37 0 3
0 1 58 62 1 3
0 1 112 8 1 3
0 1 123 48 1 1
0 1 116 20 0 2
0 1 40 29 0 0
0 1 20 41 1 1
0 1 52 26 0 3
0 1 5 17 0 2
0 1 84 15 0 1
0 1 91 23 0 2
0 1 49 53 1 0
0 1 98 12 0 0
0 1 42 39 1 2
0 1 71 23 0 0
0 1 95 26 1 1
0 1 96 5 1 2
0 1 3 22 0 0
0 1 83 15 0 2
0 1 47 0 1 0
0 1 29 27 1 1
0 1 77 18 1 2
0 1 124 28 1 2
0 1 15 17 0 1
0 1 95 42 0 0
0 1 89 47 1 0
0 1 75 24 0 0
0 1 11 47 0 1
0 1 1 53 0 1
0 1 25 24 0 2
0 1 32 56 0 2
0 1 97 6 1 1
0 1 94 4 1 1
0 1 105 10 1 0
0 1 49 14 0 0
0 1 96 9 0 1
0 1 103 13 1 2
0 1 48 31 0 3
0 1 16 63 1 0
0 1 121 28 0 1
0 1 86 20 0 3
0 1 42 20 0 1
0 1 102 14 1 2
0 1 5 49 1 0
0 1 119 64 1 3
0 1 46 11 1 1
0 1 115 3 0 1
0 1 47 57 0 3
0 1 7 11 1 0
0 1 69 39 0 0
0 1 72 17 0 0
0 1 113 23 1 3
0 1 77 24 0 1
0 1 76 26 1 2
0 1 37 7 0 3
0 1 76 3 0 0
0 1 33 54 1 3
0 1 60 41 0 3
0 1 101 62 1 2
0 1 118 32 0 3
0 1 129 37 1 1
0 1 64 43 1 1
0 1 65 58 0 3
0 1 80 46 0 3
0 1 17 9 0 0
0 1 82 6 0 2
0 1 63 58 0 0
0 1 106 52 1 2
0 1 108 43 0 2
0 1 27 50 0 1
0 1 43 31 1 0
0 1 122 48 1 3
0 1 61 30 0 3
0 1 1 16 1 2
0 1 18 34 1 1
0 1 109 54 1 2
0 1 57 40 1 1
0 1 59 61 1 1
0 1 40 60 1 1
0 1 93 0 0 2
0 1 89 56 0 3
0 1 2 2 1 1
0 1 45 45 0 1
0 1 9 25 1 3
0 1 71 59 1 3
0 1 35 61 0 0
0 1 78 32 1 2
0 1 125 47 0 2
0 1 60 4 1 3
0 1 44 6 1 0
0 1 104 29 0 1
0 1 79 51 0 1
0 1 112 4 0 2
0 1 107 26 1 0
0 1 13 15 1 3
0 1 120 7 0 1
0 1 111 27 0 3
0 1 41 52 1 1
0 1 14 0 0 3
0 1 48 38 1 0
0 1 59 8 0 0
0 1 119 44 0 2
0 1 54 5 1 3
0 1 50 40 1 2
0 1 92 4 1 0
0 1 81 20 1 0
0 1 10 44 0 0
0 1 109 46 0 1
0 1 68 17 0 3
0 1 11 42 1 3
0 1 80 29 1 2
0 1 124 15 0 0
0 1 110 13 1 0
0 1 44 1 0 0
0 1 14 64 1 2
0 1 74 18 1 1
0 1 102 5 0 0
0 1 62 25 1 2
0 1 101 18 0 0
0 1 41 30 0 1
0 1 50 33 0 1
0 1 22 7 0 2
0 1 2 61 0 3
0 1 53 59 0 0
0 1 121 22 1 1
0 1 128 36 0 3
0 1 52 55 1 2
0 1 28 59 1 1
0 1 27 31 1 2
0 1 84 37 1 0
0 1 15 35 1 3
0 1 35 2 1 3
0 1 125 10 1 3
0 1 0 42 0 2
0 1 24 63 1 1
0 1 4 52 1 0
0 1 106 45 0 3
0 1 46 38 0 3
0 1 22 12 1 1
0 1 3 21 1 1
0 1 12 13 0 3
0 1 74 55 0 1
0 1 66 50 0 0
0 1 30 14 1 3
0 1 120 58 1 1
0 1 70 53 0 3
0 1 66 60 1 0
0 1 72 63 1 2
0 1 6 19 1 2
0 1 122 47 0 3
0 1 6 33 0 3
0 1 29 51 0 2
0 1 38 8 1 1
0 1 54 1 0 3
0 1 108 37 1 2
0 1 85 62 1 0
0 1 93 28 1 3
0 1 37 49 1 1
0 1 91 31 1 1
0 1 118 23 1 1
0 1 99 41 1 0
0 1 55 34 0 0
0 1 0 9 1 2
0 1 88 36 0 2
0 1 115 0 1 1
0 1 103 57 0 2
0 1 24 48 0 2
