0 1 7 43 0 0
0 1 48 14 0 1
0 1 98 23 1 1
0 1 73 3 0 3
0 1 30 38 1 3
0 1 60 24 1 3
0 1 22 60 0 0
0 1 110 42 1 0
0 1 71 5 0 1
0 1 25 35 1 1
0 1 88 52 0 3
0 1 78 37 1 2
0 1 112 4 1 2
0 1 32 62 1 3
0 1 102 7 0 0
0 1 96 4 0 3
0 1 79 51 1 0
0 1 117 41 0 1
0 1 52 9 1 2
0 1 45 55 1 3
0 1 39 64 0 0
0 1 37 32 1 0
0 1 52 19 0 1
0 1 75 54 0 3
0 1 29 55 0 1
0 1 26 64 0 1
0 1 94 54 0 1
0 1 44 16 0 2
0 1 108 48 1 2
0 1 103 41 0 2
0 1 43 23 0 3
0 1 3 28 1 1
0 1 40 2 1 0
0 1 70 63 0 3
0 1 68 15 1 3
0 1 2 10 1 3
0 1 27 34 1 3
0 1 107 21 0 3
0 1 47 12 1 3
0 1 53 13 0 3
0 1 54 44 0 2
0 1 17 58 0 2
0 1 125 50 0 1
0 1 40 11 0 3
0 1 59 18 1 1
0 1 16 22 1 0
0 1 30 47 0 3
0 1 128 1 1 0
0 1 4 38 1 2
0 1 82 35 0 3
0 1 15 19 0 0
0 1 3 20 0 1
0 1 97 8 0 1
0 1 23 9 1 3
0 1 62 17 1 1
0 1 119 26 1 1
0 1 129 62 1 0
0 1 41 27 1 2
0 1 53 21 1 0
0 1 0 1 1 1
0 1 111 60 0 2
0 1 32 47 0 1
0 1 68 49 0 3
0 1 92 16 1 1
0 1 81 11 0 1
0 1 10 6 0 0
0 1 31 42 1 3
0 1 95 45 0 1
0 1 120 52 0 2
0 1 64 57 0 0
0 1 99 35 0 0
0 1 50 10 1 0
0 1 93 17 1 3
0 1 55 8 1 0
0 1 45 62 0 1
0 1 19 53 1 3
0 1 58 0 1 2
0 1 83 40 0 3
0 1 42 46 1 3
0 1 74 39 1 0
0 1 50 38 0 1
0 1 58 25 0 1
0 1 49 46 1 0
0 1 109 31 0 1
0 1 13 56 0 0
0 1 93 34 0 1
0 1 56 18 1 3
0 1 5 31 0 2
0 1 18 12 1 1
0 1 59 32 0 1
0 1 20 53 1 0
0 1 14 13 0 2
0 1 65 37 0 0
0 1 121 33 1 2
0 1 2 26 0 3
0 1 89 15 1 1
0 1 57 48 0 1
0 1 69 34 1 0
0 1 78 1 0 3
0 1 28 57 1 3
0 1 114 20 0 0
0 1 76 22 0 2
0 1 100 51 0 3
0 1 67 56 1 1
0 1 36 63 0 1
0 1 75 45 1 3
0 1 104 36 0 3
0 1 77 33 0 3
0 1 80 11 0 2
0 1 95 6 1 1
0 1 96 29 1 0
0 1 114 6 1 3
0 1 124 61 1 1
0 1 122 59 0 3
0 1 62 0 0 0
0 1 57 48 1 3
0 1 123 19 0 3
0 1 102 8 1 2
0 1 28 30 0 1
0 1 118 40 1 0
0 1 105 2 0 3
0 1 67 54 0 0
0 1 108 59 0 2
0 1 46 55 0 0
0 1 100 53 1 2
0 1 34 45 1 0
0 1 97 14 1 3
0 1 21 40 0 1
0 1 86 46 1 2
0 1 98 43 0 1
0 1 111 32 1 3
0 1 91 32 1 2
0 1 101 27 0 0
0 1 63 50 1 0
0 1 26 19 1 2
0 1 33 42 1 2
0 1 66 9 1 0
0 1 85 23 0 0
0 1 24 51 1 2
0 1 15 49 1 1
0 1 127 42 1 1
0 1 21 36 1 1
0 1 19 41 0 0
0 1 55 59 0 0
0 1 105 16 1 0
0 1 51 28 0 0
0 1 11 39 0 3
0 1 127 64 0 2
0 1 76 63 1 2
0 1 12 7 1 3
0 1 9 27 0 1
0 1 69 11 0 0
0 1 13 10 1 1
0 1 17 3 1 0
0 1 18 2 0 1
0 1 20 44 0 1
0 1 37 58 0 3
0 1 11 33 1 0
0 1 36 24 1 0
0 1 113 62 0 2
0 1 73 24 1 1
0 1 8 23 0 2
0 1 87 9 1 1
0 1 89 29 0 3
0 1 85 2 1 2
0 1 72 7 0 1
0 1 79 26 0 0
0 1 12 14 0 2
0 1 46 49 1 2
0 1 71 26 1 2
0 1 61 5 0 3
0 1 35 20 0 2
0 1 101 50 1 3
0 1 113 31 1 0
0 1 115 16 1 3
0 1 51 25 1 3
0 1 106 12 0 0
0 1 94 58 1 1
0 1 120 22 1 3
0 1 34 29 0 1
0 1 121 0 0 3
0 1 9 60 1 3
0 1 23 33 0 1
0 1 118 12 0 2
0 1 84 56 0 2
0 1 129 49 0 0
0 1 24 28 0 2
0 1 6 45 0 2
0 1 65 7 1 2
0 1 22 8 1 3
0 1 48 21 1 1
0 1 122 25 1 0
0 1 82 22 1 1
0 1 90 18 1 2
0 1 124 13 0 0
0 1 70 17 1 0
0 1 31 56 0 3
0 1 109 14 1 0
0 1 27 61 0 3
0 1 112 28 0 3
0 1 56 47 0 2
0 1 74 30 0 0
0 1 106 48 1 0
0 1 66 63 0 0
0 1 116 61 0 2
0 1 72 39 1 2
0 1 7 17 1 2
0 1 104 40 1 2
0 1 25 20 0 3
0 1 87 51 0 1
0 1 123 18 1 0
0 1 84 36 1 0
0 1 90 30 0 3
0 1 41 3 0 1
0 1 128 10 0 2
0 1 116 57 1 2
0 1 47 37 0 1
0 1 1 6 1 2
0 1 86 5 0 2
0 1 64 44 1 0
0 1 91 34 0 2
0 1 44 52 1 1
0 1 1 38 0 0
0 1 49 41 0 3
0 1 4 13 0 1
0 1 99 60 1 1
0 1 43 58 1 0
0 1 10 15 1 0
0 1 88 1 1 2
0 1 33 3 0 2
0 1 117 24 1 2
0 1 103 43 1 3
0 1 54 61 1 0
0 1 126 44 0 3
0 1 119 47 0 0
0 1 16 25 0 2
0 1 125 21 1 2
0 1 126 43 1 2
0 1 83 46 1 1
0 1 107 52 1 0
0 1 80 4 1 0
0 1 77 4 1 1
0 1 63 31 0 3
0 1 8 57 1 1
0 1 115 64 0 3
0 1 61 29 1 2
0 1 60 53 0 1
0 1 110 39 0 1
0 1 38 36 1 2
0 1 29 27 1 3
0 1 92 55 0 2
0 1 5 50 1 2
0 1 39 37 1 3
0 1 6 0 1 1
0 1 42 15 0 2
0 1 14 35 1 2
0 1 38 5 0 0
0 1 81 54 1 2
0 1 35 30 1 2
0 1 0 59 0 1
