0 1 79 15 0 1
0 1 79 4 1 3
0 1 17 15 0 3
0 1 109 35 0 0
0 1 100 3 0 1
0 1 106 9 0 0
0 1 23 32 0 3
0 1 123 49 1 1
0 1 7 53 0 0
0 1 28 50 1 1
0 1 54 5 1 2
0 1 14 31 1 1
0 1 35 33 0 3
0 1 9 40 0 3
0 1 90 37 0 0
0 1 38 41 0 1
0 1 65 60 1 1
0 1 118 28 0 2
0 1 41 12 0 1
0 1 52 42 0 1
0 1 50 20 1 1
0 1 19 36 0 0
0 1 88 54 1 1
0 1 118 51 1 1
0 1 64 43 1 0
0 1 15 60 1 2
0 1 98 56 0 0
0 1 46 55 0 1
0 1 103 18 0 1
0 1 11 38 1 2
0 1 69 12 0 3
0 1 117 20 0 2
0 1 0 26 0 0
0 1 114 61 0 2
0 1 1 14 0 0
0 1 115 2 0 1
0 1 40 27 1 3
0 1 105 5 1 3
0 1 72 59 0 2
0 1 75 30 0 2
0 1 84 21 0 1
0 1 78 38 0 1
0 1 95 0 0 0
0 1 31 58 1 1
0 1 24 42 0 3
0 1 36 26 1 1
0 1 52 19 1 3
0 1 55 58 1 3
0 1 29 33 0 0
0 1 8 52 1 0
0 1 75 59 1 1
0 1 104 2 1 0
0 1 108 48 0 2
0 1 128 39 0 1
0 1 53 49 1 3
0 1 71 12 0 2
0 1 64 13 0 2
0 1 35 46 1 0
0 1 127 57 1 3
0 1 119 27 0 2
0 1 126 43 0 3
0 1 72 37 1 3
0 1 6 29 1 2
0 1 103 62 1 1
0 1 2 22 0 3
0 1 48 2 0 3
0 1 76 50 1 2
0 1 13 44 0 3
0 1 89 47 1 0
0 1 34 8 1 1
0 1 36 1 0 1
0 1 85 10 1 1
0 1 69 26 1 3
0 1 42 53 0 3
0 1 116 16 1 2
0 1 127 43 0 2
0 1 54 25 0 0
0 1 26 54 0 2
0 1 82 6 0 2
0 1 18 30 0 0
0 1 125 48 0 1
0 1 61 52 0 1
0 1 21 49 0 0
0 1 47 16 1 1
0 1 57 23 1 1
0 1 124 44 1 0
0 1 33 51 1 2
0 1 98 38 1 0
0 1 67 64 0 0
0 1 87 11 1 3
0 1 113 63 1 2
0 1 125 41 1 2
0 1 68 11 0 1
0 1 38 55 1 0
0 1 2 0 1 2
0 1 73 35 0 1
0 1 24 62 1 2
0 1 56 18 1 2
0 1 43 24 1 1
0 1 67 14 1 2
0 1 83 7 1 0
0 1 5 37 0 2
0 1 14 57 0 0
0 1 29 17 1 2
0 1 111 45 0 0
0 1 31 38 0 3
0 1 92 25 0 2
0 1 108 35 1 3
0 1 55 61 0 3
0 1 49 56 1 1
0 1 47 30 0 1
0 1 96 63 1 3
0 1 81 0 0 1
0 1 15 11 0 2
0 1 63 18 1 0
0 1 101 29 1 3
0 1 48 10 1 2
0 1 115 21 1 3
0 1 22 8 0 0
0 1 12 34 0 0
0 1 126 16 1 3
0 1 32 31 0 0
0 1 3 28 1 1
0 1 68 32 1 0
0 1 94 46 1 1
0 1 114 43 1 1
0 1 117 45 1 1
0 1 94 47 0 1
0 1 71 11 1 0
0 1 22 39 1 2
0 1 16 17 1 0
0 1 66 64 1 1
0 1 49 25 0 1
0 1 46 9 1 1
0 1 23 24 1 3
0 1 61 51 1 3
0 1 10 58 1 0
0 1 9 39 1 3
0 1 19 19 1 0
0 1 91 59 1 0
0 1 123 23 0 2
0 1 60 46 1 3
0 1 101 3 0 3
0 1 112 34 0 3
0 1 30 22 1 1
0 1 44 0 0 3
0 1 56 29 0 1
0 1 11 36 0 3
0 1 82 57 1 1
0 1 113 63 0 1
0 1 77 18 0 3
0 1 34 21 0 0
0 1 97 27 1 0
0 1 40 52 0 2
0 1 60 34 0 2
0 1 45 7 1 2
0 1 5 56 1 2
0 1 6 4 0 0
0 1 51 44 1 2
0 1 57 5 0 1
0 1 3 45 0 3
0 1 78 53 1 1
0 1 25 31 0 2
0 1 92 59 1 3
0 1 93 33 0 1
0 1 70 40 0 0
0 1 97 58 0 2
0 1 62 19 0 2
0 1 120 7 1 3
0 1 33 27 0 1
0 1 129 4 0 2
0 1 28 1 0 0
0 1 0 54 1 0
0 1 119 50 1 3
0 1 120 13 0 1
0 1 109 6 1 3
0 1 25 10 1 3
0 1 107 4 1 1
0 1 66 32 0 2
0 1 63 23 0 3
0 1 4 21 1 2
0 1 105 36 0 1
0 1 1 9 1 2
0 1 106 32 1 1
0 1 50 55 0 2
0 1 42 60 1 3
0 1 65 28 0 3
0 1 30 22 0 0
0 1 39 3 1 0
0 1 37 14 1 1
0 1 41 47 1 2
0 1 121 8 0 3
0 1 99 40 1 1
0 1 87 25 0 3
0 1 58 48 1 0
0 1 21 49 1 2
0 1 95 61 1 0
0 1 85 1 0 2
0 1 80 34 0 1
0 1 4 26 0 2
0 1 96 24 0 0
0 1 104 6 0 0
0 1 88 62 0 0
0 1 77 17 1 3
0 1 18 29 1 0
0 1 99 20 0 0
0 1 100 15 1 2
0 1 80 24 1 2
0 1 26 22 1 2
0 1 20 20 1 3
0 1 107 13 0 3
0 1 83 48 0 3
0 1 122 28 1 0
0 1 110 14 0 3
0 1 27 31 1 3
0 1 8 1 0 3
0 1 74 45 1 2
0 1 102 23 0 0
0 1 74 6 0 1
0 1 59 9 0 3
0 1 62 53 1 2
0 1 43 39 0 0
0 1 112 42 1 2
0 1 128 19 1 1
0 1 110 52 1 3
0 1 111 36 1 2
0 1 102 33 1 2
0 1 20 16 0 0
0 1 93 37 1 1
0 1 51 41 0 3
0 1 13 61 1 1
0 1 45 35 0 2
0 1 124 64 0 3
0 1 73 55 1 3
0 1 86 56 1 3
0 1 91 50 0 0
0 1 122 5 0 0
0 1 27 60 0 0
0 1 16 12 0 0
0 1 10 54 0 3
0 1 58 17 0 1
0 1 39 64 0 2
0 1 129 44 1 1
0 1 53 30 0 3
0 1 116 3 0 2
0 1 59 41 1 0
0 1 90 57 1 2
0 1 37 2 0 2
0 1 81 62 1 3
0 1 17 15 1 0
0 1 32 47 1 3
0 1 121 51 1 0
0 1 86 42 0 0
0 1 84 13 1 0
0 1 7 7 1 1
0 1 12 10 1 0
0 1 44 40 1 2
0 1 76 46 0 2
0 1 70 8 1 2
0 1 89 63 0 0
