0 1 55 0 1 2
0 1 112 18 0 0
0 1 4 20 1 0
0 1 89 7 1 0
0 1 51 36 1 1
0 1 41 27 0 2
0 1 102 42 0 0
0 1 6 30 1 1
0 1 123 1 0 0
0 1 45 7 0 3
0 1 5 12 1 3
0 1 63 48 0 0
0 1 73 40 1 0
0 1 95 34 0 3
0 1 17 64 1 1
0 1 29 24 0 3
0 1 124 23 0 0
0 1 72 61 0 2
0 1 116 56 1 2
0 1 8 5 0 1
0 1 81 14 1 1
0 1 96 25 1 1
0 1 81 47 0 0
0 1 40 32 1 2
0 1 116 15 0 3
0 1 126 19 0 1
0 1 68 51 0 0
0 1 57 14 1 2
0 1 38 8 1 1
0 1 25 54 0 3
0 1 1 10 1 0
0 1 46 57 1 2
0 1 44 2 1 2
0 1 71 33 1 1
0 1 66 35 1 3
0 1 119 16 0 1
0 1 50 22 0 3
0 1 108 9 1 2
0 1 35 38 1 1
0 1 16 63 0 1
0 1 13 50 0 1
0 1 62 62 0 3
0 1 52 35 1 2
0 1 37 46 1 2
0 1 5 64 0 2
0 1 84 34 1 2
0 1 20 45 0 1
0 1 1 25 0 0
0 1 49 55 1 0
0 1 85 53 1 1
0 1 3 48 1 1
0 1 126 33 1 3
0 1 2 33 1 2
0 1 7 1 1 1
0 1 2 49 0 1
0 1 29 18 1 3
0 1 48 20 0 1
0 1 9 49 0 0
0 1 48 27 1 0
0 1 18 19 0 0
0 1 27 51 1 1
0 1 101 12 1 2
0 1 108 13 0 3
0 1 36 43 0 2
0 1 78 21 0 3
0 1 114 4 1 3
0 1 53 24 0 0
0 1 73 57 0 1
0 1 88 50 0 3
0 1 58 39 0 2
0 1 39 26 0 1
0 1 74 52 1 0
0 1 66 19 0 2
0 1 35 57 0 0
0 1 103 3 0 0
0 1 113 63 0 3
0 1 8 16 1 2
0 1 7 22 0 0
0 1 60 35 0 1
0 1 90 63 1 2
0 1 120 46 0 3
0 1 120 53 1 2
0 1 31 14 1 3
0 1 69 38 1 3
0 1 28 1 1 2
0 1 33 60 1 0
0 1 99 41 1 1
0 1 59 26 0 0
0 1 127 10 0 3
0 1 15 11 1 1
0 1 79 8 1 3
0 1 99 15 0 1
0 1 17 4 0 1
0 1 62 17 1 3
0 1 122 55 0 1
0 1 115 36 1 3
0 1 61 45 0 3
0 1 117 20 0 2
0 1 25 3 1 2
0 1 103 29 1 2
0 1 121 58 1 2
0 1 4 28 0 2
0 1 45 13 1 1
0 1 115 52 0 2
0 1 71 17 0 1
0 1 127 56 1 0
0 1 96 31 0 1
0 1 24 40 0 3
0 1 27 31 0 2
0 1 82 29 1 3
0 1 67 41 0 0
0 1 21 44 0 3
0 1 54 29 0 1
0 1 101 42 0 3
0 1 12 59 0 0
0 1 105 53 1 3
0 1 104 31 1 3
0 1 16 21 1 1
0 1 77 9 1 3
0 1 44 54 0 2
0 1 19 56 0 3
0 1 34 18 0 2
0 1 56 30 1 3
0 1 28 60 0 3
0 1 70 44 0 0
0 1 54 23 1 2
0 1 94 6 0 2
0 1 109 45 1 0
0 1 79 0 0 1
0 1 74 50 0 2
0 1 49 47 0 1
0 1 110 38 0 0
0 1 50 12 1 1
0 1 32 14 0 0
0 1 23 8 1 2
0 1 100 46 1 1
0 1 129 37 1 0
0 1 117 44 1 2
0 1 70 59 1 1
0 1 67 43 1 1
0 1 123 5 1 3
0 1 11 34 0 1
0 1 72 5 1 0
0 1 22 3 1 1
0 1 26 59 1 2
0 1 94 37 1 3
0 1 84 10 0 2
0 1 129 4 0 2
0 1 75 55 1 3
0 1 110 39 1 0
0 1 107 6 1 0
0 1 42 17 1 2
0 1 57 6 0 1
0 1 78 32 1 1
0 1 80 43 1 3
0 1 19 25 1 3
0 1 6 21 0 2
0 1 26 12 0 0
0 1 69 11 0 0
0 1 95 48 1 3
0 1 125 54 0 0
0 1 64 30 0 0
0 1 85 23 0 3
0 1 105 40 0 1
0 1 15 37 0 1
0 1 10 28 1 3
0 1 87 51 1 3
0 1 42 58 0 1
0 1 128 32 0 0
0 1 124 28 1 0
0 1 91 61 1 1
0 1 9 52 1 3
0 1 0 13 1 2
0 1 118 47 0 3
0 1 121 17 0 0
0 1 3 27 0 3
0 1 21 42 1 1
0 1 83 3 1 3
0 1 61 1 1 3
0 1 55 11 0 3
0 1 14 61 1 3
0 1 92 39 0 3
0 1 97 15 0 2
0 1 113 52 1 1
0 1 109 62 0 2
0 1 12 48 1 2
0 1 77 0 0 0
0 1 76 24 1 2
0 1 40 39 0 1
0 1 18 49 1 2
0 1 10 2 0 0
0 1 93 2 1 1
0 1 58 44 1 1
0 1 83 4 0 0
0 1 64 0 1 3
0 1 92 9 1 0
0 1 63 62 1 0
0 1 32 16 1 3
0 1 128 30 1 2
0 1 23 54 0 1
0 1 106 35 1 0
0 1 39 41 1 2
0 1 13 64 1 3
0 1 37 26 0 2
0 1 76 22 0 2
0 1 60 31 1 0
0 1 33 47 0 2
0 1 111 32 1 3
0 1 98 34 1 0
0 1 47 42 1 2
0 1 59 8 1 0
0 1 30 23 0 1
0 1 56 10 0 1
0 1 89 26 0 3
0 1 87 49 0 3
0 1 24 16 1 0
0 1 36 25 1 2
0 1 52 43 0 0
0 1 98 64 0 0
0 1 82 29 0 0
0 1 30 38 1 2
0 1 88 18 1 1
0 1 102 59 1 3
0 1 11 24 1 1
0 1 43 7 1 1
0 1 68 51 1 2
0 1 65 60 0 1
0 1 106 53 0 0
0 1 97 37 1 2
0 1 100 58 0 0
0 1 51 45 0 2
0 1 43 33 0 0
0 1 65 57 1 3
0 1 46 62 0 1
0 1 22 11 0 2
0 1 112 58 1 3
0 1 122 13 1 0
0 1 90 46 0 0
0 1 0 28 0 1
0 1 93 2 0 3
0 1 104 41 0 3
0 1 47 60 0 2
0 1 107 19 0 3
0 1 111 61 0 0
0 1 41 27 1 1
0 1 75 40 0 2
0 1 31 7 0 2
0 1 20 55 1 2
0 1 114 21 0 0
0 1 53 9 1 1
0 1 38 36 0 2
0 1 14 56 0 1
0 1 119 20 1 3
0 1 86 63 1 0
0 1 91 15 0 0
0 1 125 36 1 0
0 1 80 6 0 3
0 1 118 22 1 1
0 1 34 50 1 0
0 1 86 5 0 2
