0 1 97 16 1 1
0 1 126 49 1 1
0 1 7 24 0 2
0 1 62 31 1 3
0 1 113 27 0 1
0 1 23 51 1 1
0 1 16 58 1 0
0 1 15 60 0 1
0 1 8 44 0 1
0 1 9 7 1 2
0 1 93 23 0 3
0 1 3 48 0 3
0 1 117 45 1 0
0 1 43 29 1 0
0 1 84 2 0 1
0 1 115 35 1 3
0 1 68 55 1 3
0 1 99 56 1 2
0 1 40 6 0 1
0 1 116 42 0 0
0 1 123 8 1 2
0 1 53 36 1 3
0 1 68 8 0 0
0 1 120 26 0 1
0 1 1 61 0 3
0 1 70 28 1 2
0 1 50 63 0 2
0 1 21 54 0 2
0 1 75 64 1 1
0 1 22 23 0 2
0 1 67 30 0 2
0 1 72 3 0 0
0 1 103 19 1 0
0 1 103 62 0 0
0 1 56 37 0 3
0 1 31 62 1 1
0 1 13 11 0 1
0 1 98 22 1 1
0 1 63 55 0 2
0 1 124 15 1 0
0 1 11 20 1 1
0 1 58 13 0 2
0 1 76 46 1 0
0 1 93 34 1 2
0 1 70 12 0 3
0 1 81 9 0 1
0 1 10 60 0 3
0 1 14 20 0 0
0 1 112 11 0 3
0 1 35 29 0 3
0 1 47 31 0 1
0 1 79 39 0 2
0 1 80 57 1 1
0 1 23 28 0 3
0 1 40 13 1 1
0 1 112 33 1 2
0 1 105 45 0 2
0 1 24 47 1 2
0 1 65 39 0 1
0 1 79 20 1 3
0 1 27 56 0 1
0 1 34 32 0 2
0 1 90 51 1 3
0 1 17 16 0 3
0 1 38 34 0 0
0 1 25 58 1 3
0 1 2 41 0 3
0 1 119 64 0 0
0 1 117 19 0 2
0 1 97 31 0 0
0 1 104 40 1 3
0 1 59 52 0 3
0 1 85 10 0 0
0 1 108 0 0 3
0 1 6 60 0 2
0 1 55 18 0 3
0 1 25 49 0 2
0 1 15 27 1 2
0 1 125 1 0 3
0 1 12 54 0 3
0 1 91 50 1 1
0 1 39 42 1 1
0 1 32 41 0 2
0 1 43 43 0 1
0 1 58 12 1 0
0 1 26 52 0 1
0 1 51 9 0 3
0 1 129 38 0 1
0 1 14 14 1 2
0 1 7 53 1 3
0 1 74 40 0 0
0 1 94 63 0 3
0 1 118 41 1 0
0 1 125 8 1 3
0 1 54 11 1 2
0 1 27 26 1 0
0 1 96 18 1 1
0 1 19 54 0 1
0 1 34 56 1 0
0 1 60 48 1 2
0 1 57 21 1 0
0 1 71 52 1 0
0 1 67 44 1 3
0 1 73 5 0 0
0 1 2 33 1 1
0 1 44 36 0 2
0 1 73 46 1 3
0 1 104 30 0 0
0 1 95 21 0 2
0 1 37 3 0 3
0 1 60 32 0 3
0 1 24 46 0 2
0 1 0 2 0 3
0 1 96 21 0 1
0 1 109 57 0 2
0 1 102 6 0 0
0 1 30 49 1 3
0 1 45 47 1 1
0 1 84 30 1 3
0 1 64 14 1 1
0 1 82 33 0 3
0 1 124 59 0 1
0 1 107 53 0 2
0 1 50 9 1 0
0 1 41 35 1 2
0 1 110 4 1 1
0 1 108 37 1 2
0 1 128 37 1 1
0 1 77 5 1 1
0 1 91 47 0 0
0 1 92 44 0 0
0 1 49 39 0 3
0 1 122 61 1 1
0 1 106 18 0 0
0 1 101 37 1 0
0 1 121 43 0 0
0 1 22 12 1 1
0 1 89 50 1 3
0 1 52 17 1 2
0 1 63 22 1 0
0 1 75 61 0 2
0 1 85 7 1 1
0 1 13 10 1 2
0 1 86 61 1 0
0 1 38 59 1 0
0 1 81 54 1 0
0 1 59 25 1 2
0 1 35 43 1 2
0 1 19 1 1 1
0 1 5 58 0 2
0 1 82 26 1 3
0 1 105 17 1 3
0 1 0 8 1 1
0 1 69 10 1 1
0 1 111 29 1 1
0 1 88 32 1 0
0 1 3 40 1 1
0 1 115 57 0 3
0 1 47 38 1 2
0 1 126 7 0 3
0 1 88 27 0 3
0 1 18 58 0 1
0 1 66 19 1 3
0 1 113 28 1 0
0 1 29 2 0 0
0 1 62 22 0 3
0 1 44 48 1 1
0 1 32 64 1 2
0 1 101 16 0 0
0 1 129 52 1 2
0 1 114 24 0 3
0 1 65 36 1 1
0 1 42 1 1 0
0 1 80 0 0 1
0 1 28 34 0 3
0 1 52 13 0 3
0 1 45 3 0 1
0 1 28 53 1 0
0 1 33 25 1 3
0 1 78 17 1 1
0 1 100 51 0 0
0 1 36 10 1 3
0 1 9 48 0 0
0 1 123 38 0 0
0 1 17 35 1 1
0 1 83 32 1 1
0 1 90 6 0 3
0 1 98 59 0 2
0 1 77 55 0 1
0 1 31 2 0 2
0 1 46 40 0 2
0 1 26 5 1 2
0 1 5 36 1 0
0 1 41 33 0 0
0 1 64 60 0 0
0 1 106 44 1 2
0 1 39 15 0 3
0 1 21 24 1 0
0 1 4 17 1 0
0 1 56 1 1 2
0 1 99 15 0 1
0 1 128 23 0 1
0 1 100 0 1 2
0 1 53 13 0 0
0 1 127 14 0 0
0 1 69 64 0 3
0 1 94 31 1 2
0 1 119 21 1 3
0 1 118 63 0 0
0 1 83 62 0 2
0 1 11 16 0 2
0 1 10 25 1 1
0 1 48 30 1 1
0 1 92 53 1 1
0 1 12 7 1 0
0 1 87 12 1 2
0 1 6 47 1 3
0 1 66 46 0 1
0 1 87 55 0 0
0 1 114 4 1 0
0 1 111 5 0 3
0 1 16 57 0 0
0 1 30 4 0 2
0 1 4 62 0 3
0 1 49 27 1 0
0 1 48 18 0 2
0 1 122 42 0 3
0 1 71 4 0 3
0 1 120 3 1 2
0 1 86 9 0 2
0 1 109 43 1 3
0 1 20 28 1 1
0 1 102 50 1 2
0 1 18 6 1 2
0 1 116 39 1 0
0 1 20 45 0 1
0 1 8 0 1 0
0 1 61 29 1 2
0 1 110 56 0 3
0 1 76 34 0 1
0 1 33 19 0 1
0 1 95 22 1 2
0 1 74 25 1 0
0 1 1 51 1 2
0 1 78 24 0 1
0 1 55 14 1 3
0 1 107 50 1 0
0 1 42 41 0 1
0 1 127 23 1 0
0 1 89 42 0 2
0 1 29 49 1 0
0 1 36 35 0 0
0 1 121 45 1 3
0 1 46 26 1 2
0 1 61 59 0 3
0 1 51 15 1 2
0 1 72 38 1 3
0 1 57 11 0 0
0 1 54 20 0 2
0 1 37 63 1 1
