0 1 108 30 1 0
0 1 119 52 0 1
0 1 106 17 1 2
0 1 98 56 0 1
0 1 6 4 0 1
0 1 3 39 1 0
0 1 73 26 1 2
0 1 42 18 0 3
0 1 99 27 0 3
0 1 115 40 0 0
0 1 113 29 0 1
0 1 10 50 1 3
0 1 58 3 1 2
0 1 22 12 0 2
0 1 16 52 0 0
0 1 104 60 1 2
0 1 87 34 0 2
0 1 48 62 0 1
0 1 49 7 1 1
0 1 44 2 0 3
0 1 15 40 0 3
0 1 126 21 1 3
0 1 129 48 1 3
0 1 11 25 0 2
0 1 58 36 0 1
0 1 120 16 1 2
0 1 113 15 1 2
0 1 93 11 0 2
0 1 107 1 1 2
0 1 17 39 0 1
0 1 47 29 0 3
0 1 114 10 0 1
0 1 76 27 0 1
0 1 105 0 0 3
0 1 79 22 1 3
0 1 17 44 1 2
0 1 9 57 0 3
0 1 26 15 0 0
0 1 11 64 1 0
0 1 39 43 0 3
0 1 62 1 0 0
0 1 101 59 0 1
0 1 103 59 0 0
0 1 118 9 0 1
0 1 31 28 0 3
0 1 76 23 1 1
0 1 104 58 0 0
0 1 24 25 1 0
0 1 18 37 0 2
0 1 13 63 1 0
0 1 8 45 0 3
0 1 59 21 1 1
0 1 52 49 1 1
0 1 116 48 1 0
0 1 52 53 0 1
0 1 36 41 0 2
0 1 16 50 1 1
0 1 82 46 0 2
0 1 100 64 1 2
0 1 27 63 1 3
0 1 105 7 1 0
0 1 95 31 0 3
0 1 23 38 0 1
0 1 55 51 1 2
0 1 97 32 1 3
0 1 94 43 0 2
0 1 56 14 0 3
0 1 57 3 0 0
0 1 47 61 1 3
0 1 116 17 0 3
0 1 109 42 0 2
0 1 69 17 0 1
0 1 99 32 1 2
0 1 59 39 0 3
0 1 94 4 1 3
0 1 110 58 1 2
0 1 92 18 0 2
0 1 28 55 0 3
0 1 123 7 1 2
0 1 129 59 0 3
0 1 126 12 0 1
0 1 77 5 0 2
0 1 10 8 0 3
0 1 82 14 1 0
0 1 124 29 0 0
0 1 56 47 1 0
0 1 61 41 0 3
0 1 91 4 0 0
0 1 77 30 1 3
0 1 22 13 1 1
0 1 35 54 0 2
0 1 34 58 0 1
0 1 65 35 1 2
0 1 23 2 1 1
0 1 71 19 1 3
0 1 91 51 1 0
0 1 100 54 0 0
0 1 121 35 0 0
0 1 26 9 1 0
0 1 64 55 0 0
0 1 89 3 0 3
0 1 21 30 1 2
0 1 60 6 0 1
0 1 51 37 0 1
0 1 57 57 1 0
0 1 46 10 1 0
0 1 88 36 1 0
0 1 3 47 0 3
0 1 75 44 1 3
0 1 9 37 1 3
0 1 13 61 0 0
0 1 74 10 1 2
0 1 96 22 0 0
0 1 79 25 0 1
0 1 78 63 1 2
0 1 33 32 0 0
0 1 70 49 1 2
0 1 66 8 0 1
0 1 7 36 0 2
0 1 21 44 0 0
0 1 95 13 1 2
0 1 37 29 1 2
0 1 108 24 0 3
0 1 40 0 0 0
0 1 1 52 1 3
0 1 35 23 1 0
0 1 78 35 0 1
0 1 122 40 0 1
0 1 93 19 1 2
0 1 24 23 0 3
0 1 6 16 1 0
0 1 32 6 0 3
0 1 14 0 1 1
0 1 1 42 0 3
0 1 50 54 0 1
0 1 64 2 1 2
0 1 74 28 0 0
0 1 72 24 1 2
0 1 40 21 1 2
0 1 29 4 0 2
0 1 48 56 1 0
0 1 38 20 0 3
0 1 112 15 0 1
0 1 80 20 0 1
0 1 87 35 1 3
0 1 121 34 1 0
0 1 19 1 0 1
0 1 53 19 0 0
0 1 34 46 1 0
0 1 72 8 0 0
0 1 80 20 1 0
0 1 127 18 0 0
0 1 55 26 0 3
0 1 112 13 1 0
0 1 12 5 0 1
0 1 61 6 1 0
0 1 117 24 0 0
0 1 68 17 0 0
0 1 83 30 1 1
0 1 96 55 1 1
0 1 46 14 0 1
0 1 75 42 0 1
0 1 60 53 1 3
0 1 124 41 1 0
0 1 0 48 0 2
0 1 84 33 1 2
0 1 68 60 1 0
0 1 88 57 0 2
0 1 0 11 1 1
0 1 86 62 0 0
0 1 127 31 1 2
0 1 109 27 1 0
0 1 119 53 1 0
0 1 2 51 0 1
0 1 128 11 0 3
0 1 43 16 1 3
0 1 92 38 1 3
0 1 30 47 1 1
0 1 98 46 1 3
0 1 103 15 1 3
0 1 123 28 0 2
0 1 25 46 1 1
0 1 18 38 1 2
0 1 85 23 0 2
0 1 12 33 1 3
0 1 14 61 0 1
0 1 20 56 0 3
0 1 118 50 1 2
0 1 49 62 0 3
0 1 128 41 1 1
0 1 29 49 1 3
0 1 31 64 1 3
0 1 41 45 0 1
0 1 19 63 1 1
0 1 89 11 1 0
0 1 122 34 1 3
0 1 7 9 1 3
0 1 110 5 0 3
0 1 111 57 1 1
0 1 45 7 0 3
0 1 8 12 1 0
0 1 5 1 0 3
0 1 25 33 0 0
0 1 39 5 1 0
0 1 44 21 1 0
0 1 51 50 1 0
0 1 117 45 1 2
0 1 27 0 0 2
0 1 81 43 0 0
0 1 54 26 1 1
0 1 69 60 1 1
0 1 120 64 0 1
0 1 4 16 0 1
0 1 63 54 1 3
0 1 33 10 1 3
0 1 125 24 1 1
0 1 4 28 1 1
0 1 65 31 0 0
0 1 37 38 0 0
0 1 32 3 1 1
0 1 42 62 1 2
0 1 111 22 0 1
0 1 102 20 0 2
0 1 36 19 1 1
0 1 63 60 0 3
0 1 70 47 0 2
0 1 20 45 1 0
0 1 15 51 1 3
0 1 101 61 1 2
0 1 38 53 1 2
0 1 54 12 0 3
0 1 114 42 1 0
0 1 30 43 0 1
0 1 90 27 0 2
0 1 62 26 1 0
0 1 50 39 1 2
0 1 106 40 0 2
0 1 125 22 0 2
0 1 83 44 0 1
0 1 71 58 0 3
0 1 90 32 1 1
0 1 67 36 0 3
0 1 84 55 0 2
0 1 102 56 1 2
0 1 107 8 0 2
0 1 53 37 1 0
0 1 81 9 1 2
0 1 73 49 0 0
0 1 86 13 1 3
0 1 41 31 1 1
0 1 43 52 0 2
0 1 28 18 1 1
0 1 97 25 0 3
0 1 67 48 1 1
0 1 45 33 1 1
0 1 115 2 1 0
0 1 85 34 1 1
0 1 5 14 1 2
0 1 66 59 1 2
0 1 2 6 1 2
