0 1 75 5 0 3
0 1 72 6 0 1
0 1 98 25 0 3
0 1 85 9 0 3
0 1 88 2 1 0
0 1 52 16 1 0
0 1 123 60 1 2
0 1 71 45 0 2
0 1 122 2 0 2
0 1 39 38 0 3
0 1 111 47 0 3
0 1 127 37 0 2
0 1 87 62 1 0
0 1 34 17 0 0
0 1 51 27 0 1
0 1 10 63 0 1
0 1 115 61 0 1
0 1 39 1 1 3
0 1 48 39 1 1
0 1 126 8 1 1
0 1 124 52 0 2
0 1 30 61 1 3
0 1 103 31 1 2
0 1 27 45 0 0
0 1 22 64 1 3
0 1 45 39 1 2
0 1 49 29 1 3
0 1 51 32 1 3
0 1 37 4 1 2
0 1 80 12 1 1
0 1 20 44 0 0
0 1 44 3 1 0
0 1 121 59 1 2
0 1 73 22 0 1
0 1 21 28 1 0
0 1 125 19 1 3
0 1 56 5 1 1
0 1 23 15 1 3
0 1 67 54 1 2
0 1 93 24 1 1
0 1 68 27 1 3
0 1 42 40 0 3
0 1 6 34 0 3
0 1 100 25 1 1
0 1 2 8 1 2
0 1 5 56 1 0
0 1 98 46 1 0
0 1 20 23 1 2
0 1 70 7 0 2
0 1 81 47 0 1
0 1 68 1 0 1
0 1 117 10 1 1
0 1 107 62 0 1
0 1 76 34 0 2
0 1 94 18 0 0
0 1 110 33 0 2
0 1 116 50 0 0
0 1 104 18 0 1
0 1 117 48 0 0
0 1 83 28 0 2
0 1 121 44 0 3
0 1 79 26 0 0
0 1 95 20 1 3
0 1 90 17 0 1
0 1 29 12 1 0
0 1 93 32 0 0
0 1 65 46 0 2
0 1 25 58 0 2
0 1 69 11 0 2
0 1 76 30 1 2
0 1 118 53 1 0
0 1 12 3 1 1
0 1 85 10 1 0
0 1 69 0 1 0
0 1 57 49 1 3
0 1 59 42 0 0
0 1 102 35 0 3
0 1 63 38 0 0
0 1 106 48 1 1
0 1 33 7 1 0
0 1 90 57 1 1
0 1 108 21 0 0
0 1 115 45 1 3
0 1 113 24 0 3
0 1 109 64 0 2
0 1 60 4 1 1
0 1 89 14 0 2
0 1 16 37 1 3
0 1 23 15 0 2
0 1 119 29 1 1
0 1 77 9 0 0
0 1 17 19 1 2
0 1 120 48 1 2
0 1 55 32 0 1
0 1 35 14 1 1
0 1 13 50 1 1
0 1 49 30 0 3
0 1 77 24 1 2
0 1 88 56 0 1
0 1 31 56 0 2
0 1 50 49 1 0
0 1 46 16 1 3
0 1 89 7 1 3
0 1 105 0 1 2
0 1 127 11 1 0
0 1 120 36 0 1
0 1 28 5 0 2
0 1 28 25 1 2
0 1 25 63 1 3
0 1 36 30 0 1
0 1 114 55 0 3
0 1 108 17 1 2
0 1 41 21 1 3
0 1 114 2 1 1
0 1 14 42 1 2
0 1 83 31 1 3
0 1 53 31 0 0
0 1 79 28 1 3
0 1 12 54 0 3
0 1 97 41 0 3
0 1 36 18 1 3
0 1 84 43 0 1
0 1 31 33 1 0
0 1 82 17 1 3
0 1 94 29 1 0
0 1 82 48 0 3
0 1 9 37 0 0
0 1 78 13 1 1
0 1 102 59 1 0
0 1 103 15 0 0
0 1 122 5 1 0
0 1 35 43 0 2
0 1 47 11 1 1
0 1 5 21 0 1
0 1 80 36 0 2
0 1 105 51 0 3
0 1 14 58 0 0
0 1 99 25 0 0
0 1 71 13 1 0
0 1 48 51 0 0
0 1 19 7 0 1
0 1 109 57 1 2
0 1 43 43 1 0
0 1 19 60 1 0
0 1 15 56 0 3
0 1 110 8 1 0
0 1 62 41 1 2
0 1 100 34 0 1
0 1 13 4 0 0
0 1 11 13 0 3
0 1 34 16 1 1
0 1 4 55 0 1
0 1 92 23 0 3
0 1 87 41 0 0
0 1 4 3 1 2
0 1 66 33 0 1
0 1 86 53 0 1
0 1 11 27 1 0
0 1 61 60 0 1
0 1 60 57 0 3
0 1 81 22 1 2
0 1 40 30 1 0
0 1 9 11 1 3
0 1 126 52 0 1
0 1 22 0 0 3
0 1 32 63 1 0
0 1 24 28 1 1
0 1 55 59 1 1
0 1 124 60 1 3
0 1 66 6 1 0
0 1 21 58 0 1
0 1 0 22 1 0
0 1 26 20 1 1
0 1 43 39 0 3
0 1 64 4 0 3
0 1 38 27 0 2
0 1 7 19 1 1
0 1 74 54 0 1
0 1 58 55 0 2
0 1 54 40 0 2
0 1 33 12 0 2
0 1 92 42 1 1
0 1 52 21 0 2
0 1 45 26 0 2
0 1 111 26 1 3
0 1 18 53 1 2
0 1 47 32 0 2
0 1 125 35 0 2
0 1 29 15 0 1
0 1 96 10 1 3
0 1 75 6 1 2
0 1 54 14 1 3
0 1 46 57 0 0
0 1 101 50 0 3
0 1 128 23 0 1
0 1 104 49 1 1
0 1 57 40 0 0
0 1 67 63 0 2
0 1 38 44 1 1
0 1 3 51 1 1
0 1 40 37 0 1
0 1 129 61 1 2
0 1 56 61 0 0
0 1 1 42 1 3
0 1 10 9 1 1
0 1 44 47 0 2
0 1 24 41 0 1
0 1 129 23 0 0
0 1 53 52 1 3
0 1 17 1 0 2
0 1 62 64 0 1
0 1 74 53 1 3
0 1 116 8 1 3
0 1 1 51 0 2
0 1 32 38 0 1
0 1 6 35 1 1
0 1 70 38 1 2
0 1 37 18 0 2
0 1 86 40 1 1
0 1 8 59 0 3
0 1 27 1 1 0
0 1 112 54 0 0
0 1 59 6 1 3
0 1 65 58 1 3
0 1 96 46 0 3
0 1 112 10 1 2
0 1 16 62 0 3
0 1 101 62 1 2
0 1 61 29 1 2
0 1 91 31 1 1
0 1 30 44 0 2
0 1 0 50 0 2
0 1 123 16 0 2
0 1 91 0 0 1
0 1 113 36 1 3
0 1 3 14 0 0
0 1 78 20 0 2
0 1 95 52 0 0
0 1 118 43 0 3
0 1 58 45 1 1
0 1 42 24 1 0
0 1 128 55 1 0
0 1 63 36 1 0
0 1 84 20 1 0
0 1 15 64 1 0
0 1 64 33 1 3
0 1 107 22 1 3
0 1 8 26 1 1
0 1 72 19 1 0
0 1 119 46 0 1
0 1 97 12 1 3
0 1 18 3 0 3
0 1 41 34 0 0
0 1 2 49 0 2
0 1 106 39 0 0
0 1 99 9 1 2
0 1 26 47 0 0
0 1 73 35 1 0
0 1 50 13 0 2
0 1 7 2 0 3
