0 1 59 34 0 0
0 1 98 35 1 3
0 1 6 7 0 0
0 1 44 6 1 2
0 1 128 23 0 1
0 1 117 2 0 0
0 1 30 30 0 1
0 1 107 0 1 2
0 1 49 18 1 3
0 1 82 36 1 2
0 1 75 46 0 1
0 1 101 43 0 0
0 1 34 59 0 1
0 1 39 29 0 3
0 1 124 1 0 0
0 1 40 10 0 0
0 1 62 8 0 0
0 1 61 11 1 3
0 1 126 3 1 3
0 1 32 45 0 3
0 1 14 14 0 2
0 1 39 27 1 3
0 1 9 4 0 2
0 1 108 23 0 3
0 1 118 61 1 0
0 1 76 48 0 0
0 1 127 52 0 0
0 1 37 45 0 0
0 1 114 42 1 1
0 1 66 21 0 2
0 1 31 14 0 3
0 1 13 33 1 2
0 1 64 46 0 2
0 1 95 63 0 3
0 1 45 5 0 1
0 1 63 40 0 0
0 1 50 57 0 0
0 1 0 16 1 3
0 1 4 5 0 2
0 1 67 5 0 3
0 1 119 20 1 1
0 1 106 54 0 0
0 1 18 30 0 2
0 1 26 12 0 2
0 1 65 64 0 1
0 1 107 39 0 1
0 1 88 41 0 1
0 1 96 55 0 0
0 1 93 2 0 2
0 1 120 9 0 3
0 1 24 17 1 1
0 1 1 58 0 3
0 1 46 44 1 0
0 1 65 20 1 3
0 1 86 18 0 0
0 1 2 34 0 3
0 1 24 19 0 1
0 1 83 53 0 0
0 1 79 60 1 2
0 1 4 8 1 1
0 1 37 62 1 3
0 1 58 11 0 2
0 1 70 26 0 3
0 1 27 38 0 1
0 1 1 33 1 0
0 1 102 6 0 1
0 1 40 15 1 2
0 1 43 25 1 3
0 1 105 6 0 0
0 1 103 52 1 1
0 1 101 1 1 2
0 1 68 32 0 3
0 1 125 51 0 2
0 1 28 50 0 1
0 1 59 53 1 3
0 1 58 59 1 3
0 1 52 29 0 0
0 1 125 64 1 0
0 1 129 19 0 0
0 1 5 39 0 0
0 1 96 51 1 1
0 1 109 57 1 2
0 1 74 25 0 2
0 1 57 47 0 0
0 1 72 50 1 2
0 1 12 0 0 0
0 1 3 48 1 2
0 1 111 4 0 1
0 1 122 32 1 2
0 1 89 26 0 0
0 1 112 21 0 3
0 1 23 13 0 0
0 1 69 26 1 1
0 1 20 45 0 1
0 1 10 8 1 3
0 1 2 22 1 1
0 1 126 62 0 0
0 1 99 24 1 1
0 1 7 47 1 1
0 1 0 40 0 1
0 1 60 24 1 0
0 1 63 62 1 1
0 1 118 37 0 3
0 1 67 54 1 3
0 1 6 42 1 3
0 1 113 7 1 3
0 1 106 25 1 0
0 1 105 51 1 3
0 1 70 31 1 2
0 1 88 63 1 0
0 1 36 30 0 0
0 1 19 15 0 1
0 1 8 13 1 1
0 1 95 2 1 1
0 1 12 3 1 1
0 1 111 58 1 1
0 1 71 37 0 1
0 1 112 17 1 0
0 1 11 56 1 0
0 1 13 40 0 3
0 1 122 17 0 2
0 1 53 4 1 0
0 1 114 0 0 1
0 1 49 32 0 0
0 1 94 12 0 0
0 1 73 44 0 2
0 1 77 41 0 2
0 1 104 28 0 1
0 1 34 31 1 1
0 1 60 35 0 1
0 1 100 19 0 2
0 1 116 53 0 2
0 1 113 16 0 1
0 1 115 36 1 1
0 1 82 13 0 3
0 1 43 21 0 1
0 1 68 6 1 3
0 1 128 54 1 2
0 1 76 3 1 2
0 1 21 22 0 2
0 1 66 12 1 1
0 1 20 32 1 1
0 1 38 7 0 1
0 1 51 9 0 0
0 1 47 56 0 1
0 1 44 44 0 1
0 1 57 31 1 3
0 1 42 46 1 3
0 1 31 49 1 1
0 1 115 61 0 3
0 1 41 38 1 3
0 1 123 49 1 0
0 1 9 46 1 0
0 1 109 34 0 2
0 1 41 24 0 2
0 1 120 37 1 0
0 1 99 30 0 3
0 1 97 22 1 0
0 1 38 56 1 2
0 1 69 47 0 2
0 1 92 28 1 2
0 1 80 55 0 2
0 1 78 43 0 3
0 1 54 63 1 1
0 1 47 29 1 1
0 1 93 39 1 2
0 1 55 36 0 3
0 1 62 49 1 2
0 1 119 24 0 3
0 1 72 27 0 0
0 1 91 33 0 3
0 1 18 52 1 3
0 1 35 43 0 2
0 1 92 15 0 0
0 1 15 22 1 3
0 1 102 10 1 1
0 1 25 11 1 1
0 1 15 47 0 3
0 1 32 33 1 1
0 1 73 1 1 3
0 1 97 42 0 2
0 1 10 53 0 1
0 1 85 52 0 2
0 1 29 41 1 0
0 1 75 17 1 3
0 1 127 57 1 3
0 1 123 41 0 3
0 1 46 26 0 2
0 1 7 58 0 0
0 1 22 3 0 0
0 1 116 61 1 1
0 1 33 50 0 3
0 1 100 25 1 1
0 1 8 28 0 0
0 1 50 48 1 1
0 1 81 14 1 1
0 1 29 18 0 2
0 1 17 55 0 3
0 1 52 19 1 3
0 1 84 9 1 1
0 1 30 23 1 0
0 1 71 27 1 1
0 1 36 37 1 2
0 1 104 35 1 2
0 1 61 13 0 2
0 1 22 4 1 3
0 1 110 59 0 2
0 1 81 60 0 1
0 1 19 1 1 1
0 1 89 28 1 3
0 1 90 23 0 2
0 1 78 38 1 0
0 1 42 38 0 2
0 1 56 7 1 2
0 1 121 8 0 2
0 1 85 64 1 3
0 1 48 11 1 0
0 1 87 15 0 3
0 1 14 20 1 2
0 1 84 40 0 2
0 1 90 0 1 3
0 1 55 54 1 1
0 1 83 62 1 2
0 1 110 39 1 3
0 1 98 16 0 2
0 1 33 10 1 2
0 1 28 60 1 0
0 1 103 45 0 2
0 1 17 44 1 3
0 1 54 42 0 0
0 1 11 58 0 2
0 1 45 59 1 0
0 1 87 27 1 2
0 1 51 29 1 2
0 1 16 63 1 2
0 1 23 18 1 1
0 1 129 57 1 1
0 1 117 16 1 0
0 1 86 10 1 3
0 1 91 2 1 3
0 1 48 60 0 3
0 1 124 12 1 3
0 1 3 48 0 3
0 1 27 35 1 0
0 1 74 14 1 0
0 1 25 9 0 2
0 1 26 34 1 1
0 1 16 50 0 0
0 1 77 64 1 2
0 1 53 43 0 1
0 1 80 36 1 0
0 1 79 31 0 0
0 1 21 61 1 2
0 1 108 55 1 1
0 1 35 20 1 0
0 1 94 56 1 3
0 1 121 49 1 3
0 1 56 5 0 0
0 1 5 21 1 0
0 1 64 51 1 0
