0 1 112 45 0 0
0 1 64 28 1 0
0 1 62 6 0 1
0 1 90 39 0 3
0 1 66 13 0 0
0 1 56 42 0 2
0 1 104 36 0 3
0 1 71 10 0 3
0 1 129 60 1 1
0 1 122 55 1 1
0 1 33 64 0 3
0 1 28 26 0 2
0 1 113 58 1 3
0 1 41 26 0 1
0 1 32 25 0 2
0 1 92 51 1 3
0 1 53 54 0 1
0 1 74 51 0 1
0 1 36 59 0 1
0 1 68 2 0 0
0 1 98 33 0 3
0 1 60 38 1 0
0 1 116 12 0 3
0 1 71 34 1 0
0 1 82 0 0 2
0 1 54 21 0 0
0 1 98 56 1 3
0 1 22 63 1 0
0 1 67 4 1 3
0 1 128 4 1 0
0 1 116 40 1 2
0 1 86 17 1 2
0 1 58 35 0 1
0 1 22 16 0 2
0 1 27 38 0 3
0 1 53 15 1 1
0 1 100 19 0 2
0 1 78 25 1 1
0 1 125 63 1 1
0 1 26 3 0 3
0 1 79 29 0 2
0 1 41 22 1 3
0 1 127 22 0 0
0 1 40 28 1 1
0 1 58 9 1 1
0 1 50 44 0 2
0 1 27 18 1 3
0 1 61 18 0 2
0 1 37 57 0 1
0 1 76 49 0 1
0 1 51 50 1 2
0 1 36 8 1 3
0 1 102 32 1 2
0 1 40 42 0 3
0 1 83 34 1 2
0 1 48 45 1 3
0 1 23 2 0 3
0 1 64 62 0 0
0 1 110 3 0 0
0 1 103 7 0 2
0 1 72 52 0 3
0 1 43 32 0 1
0 1 61 39 1 1
0 1 34 22 1 2
0 1 5 24 1 2
0 1 96 27 1 3
0 1 99 7 0 3
0 1 79 26 1 0
0 1 17 48 0 0
0 1 20 8 1 1
0 1 85 59 1 2
0 1 94 53 1 3
0 1 30 36 0 1
0 1 35 51 1 0
0 1 30 0 1 0
0 1 126 19 0 3
0 1 25 23 1 1
0 1 0 48 0 1
0 1 88 15 0 0
0 1 39 43 0 1
0 1 13 14 1 0
0 1 112 41 1 3
0 1 96 37 0 1
0 1 123 8 0 0
0 1 52 5 1 0
0 1 60 32 0 3
0 1 29 57 0 0
0 1 4 16 0 1
0 1 121 1 0 3
0 1 70 30 0 2
0 1 8 14 0 1
0 1 119 10 0 2
0 1 25 21 0 2
0 1 101 9 1 2
0 1 115 20 1 3
0 1 48 27 0 0
0 1 121 11 1 0
0 1 17 35 1 3
0 1 93 31 1 1
0 1 21 36 1 0
0 1 6 61 1 1
0 1 44 43 0 3
0 1 89 17 1 0
0 1 24 30 0 1
0 1 31 55 1 2
0 1 47 63 1 3
0 1 46 49 0 2
0 1 37 7 1 0
0 1 90 40 1 3
0 1 6 47 0 3
0 1 118 24 1 0
0 1 19 45 0 2
0 1 94 57 0 3
0 1 109 35 0 2
0 1 59 58 0 0
0 1 115 19 0 0
0 1 91 64 1 0
0 1 51 12 0 0
0 1 10 33 0 1
0 1 23 61 1 0
0 1 103 9 1 0
0 1 65 33 0 2
0 1 122 58 0 2
0 1 92 50 0 0
0 1 78 6 0 3
0 1 80 18 0 0
0 1 117 46 0 1
0 1 129 21 0 3
0 1 106 31 0 0
0 1 9 2 0 2
0 1 80 13 1 2
0 1 81 45 1 1
0 1 111 5 1 3
0 1 86 44 0 0
0 1 12 52 1 1
0 1 114 51 0 2
0 1 31 47 0 2
0 1 49 54 0 0
0 1 65 49 1 3
0 1 5 40 0 0
0 1 91 47 0 1
0 1 2 42 1 0
0 1 109 27 1 2
0 1 110 63 1 2
0 1 76 18 1 1
0 1 26 11 1 2
0 1 119 43 1 2
0 1 54 23 1 3
0 1 18 52 1 0
0 1 77 6 1 2
0 1 120 10 0 0
0 1 83 8 0 2
0 1 87 61 0 2
0 1 44 28 1 3
0 1 16 48 1 3
0 1 14 58 1 1
0 1 82 60 1 3
0 1 111 62 0 2
0 1 81 53 0 0
0 1 74 26 1 3
0 1 33 53 1 2
0 1 99 29 1 1
0 1 75 6 1 0
0 1 9 17 1 3
0 1 73 64 0 1
0 1 0 41 1 2
0 1 117 20 1 0
0 1 34 61 0 3
0 1 66 14 1 2
0 1 38 38 1 2
0 1 11 32 1 0
0 1 38 50 0 1
0 1 101 34 0 1
0 1 42 36 1 2
0 1 69 49 1 0
0 1 72 7 1 1
0 1 59 56 1 2
0 1 124 31 0 3
0 1 68 21 1 1
0 1 1 37 0 2
0 1 107 35 0 0
0 1 84 4 0 2
0 1 57 1 1 0
0 1 29 1 1 2
0 1 7 16 0 0
0 1 50 5 1 2
0 1 56 46 1 3
0 1 32 48 1 2
0 1 75 0 0 3
0 1 114 20 1 2
0 1 126 12 1 1
0 1 11 17 0 1
0 1 47 15 0 2
0 1 55 11 1 1
0 1 57 30 0 0
0 1 2 42 0 1
0 1 85 38 0 1
0 1 108 29 1 3
0 1 39 22 1 1
0 1 88 13 1 1
0 1 120 29 1 0
0 1 13 46 0 0
0 1 69 23 0 2
0 1 87 39 1 2
0 1 24 56 1 0
0 1 16 44 0 1
0 1 97 3 1 1
0 1 107 52 1 2
0 1 10 20 1 1
0 1 124 60 1 0
0 1 70 37 1 3
0 1 73 4 1 1
0 1 123 15 1 3
0 1 97 57 0 2
0 1 43 54 1 3
0 1 108 12 0 2
0 1 100 34 1 3
0 1 102 19 0 1
0 1 15 24 0 3
0 1 35 43 0 0
0 1 14 55 0 0
0 1 95 0 1 1
0 1 106 25 1 3
0 1 45 59 1 3
0 1 20 41 0 1
0 1 46 47 1 0
0 1 63 59 0 0
0 1 1 53 1 1
0 1 104 37 1 0
0 1 55 54 0 2
0 1 125 1 0 1
0 1 8 16 1 3
0 1 18 46 0 2
0 1 77 25 0 0
0 1 93 64 0 2
0 1 113 56 0 1
0 1 28 10 1 1
0 1 84 55 1 3
0 1 95 14 0 3
0 1 128 5 0 1
0 1 45 33 0 0
0 1 21 11 0 3
0 1 3 62 1 1
0 1 63 27 1 1
0 1 118 40 0 1
0 1 105 39 1 0
0 1 15 28 1 2
0 1 3 62 0 3
0 1 62 41 1 0
0 1 12 24 0 1
0 1 105 9 0 3
0 1 19 50 1 3
0 1 67 30 0 3
0 1 7 23 1 0
0 1 42 2 0 1
0 1 127 60 1 2
0 1 52 31 0 2
0 1 4 44 1 3
0 1 49 3 1 2
0 1 89 13 0 3
