0 1 91 3 0 3
0 1 126 50 1 0
0 1 106 48 0 1
0 1 123 55 1 1
0 1 80 56 1 2
0 1 82 20 1 2
0 1 59 63 1 1
0 1 11 5 0 3
0 1 88 1 1 1
0 1 9 0 0 3
0 1 46 2 1 2
0 1 122 21 1 3
0 1 1 28 0 1
0 1 55 25 0 3
0 1 38 56 0 1
0 1 55 34 1 2
0 1 81 9 1 2
0 1 129 6 0 2
0 1 99 51 1 3
0 1 111 45 0 1
0 1 124 55 1 0
0 1 27 37 1 1
0 1 100 61 0 0
0 1 95 26 0 2
0 1 77 54 0 3
0 1 106 22 1 1
0 1 96 14 0 1
0 1 98 23 0 0
0 1 118 63 1 2
0 1 109 10 0 1
0 1 26 20 1 1
0 1 47 15 1 3
0 1 56 13 1 1
0 1 85 43 1 3
0 1 128 42 1 0
0 1 5 43 1 0
0 1 32 12 1 2
0 1 41 16 1 2
0 1 49 53 1 2
0 1 64 19 0 3
0 1 117 0 1 0
0 1 97 31 1 2
0 1 25 47 0 1
0 1 29 17 0 1
0 1 19 20 0 3
0 1 102 44 1 0
0 1 3 32 1 0
0 1 115 49 0 1
0 1 83 29 1 1
0 1 37 64 0 2
0 1 21 7 0 1
0 1 57 18 1 0
0 1 12 50 1 2
0 1 7 5 0 0
0 1 18 55 0 2
0 1 120 36 1 0
0 1 121 30 0 0
0 1 30 33 1 3
0 1 72 39 1 2
0 1 17 34 0 0
0 1 127 46 1 2
0 1 97 30 0 3
0 1 81 17 0 3
0 1 85 54 0 0
0 1 13 37 1 3
0 1 16 38 1 1
0 1 35 14 1 2
0 1 43 60 0 1
0 1 74 1 1 2
0 1 100 12 1 0
0 1 44 49 1 2
0 1 101 27 1 2
0 1 93 15 0 2
0 1 33 8 0 2
0 1 0 15 1 0
0 1 73 9 0 3
0 1 40 41 1 2
0 1 70 7 0 3
0 1 63 4 0 0
0 1 117 23 0 3
0 1 89 36 0 1
0 1 42 45 0 3
0 1 60 52 1 1
0 1 93 19 1 2
0 1 33 10 1 2
0 1 44 62 0 2
0 1 114 35 0 0
0 1 2 7 1 0
0 1 116 33 1 2
0 1 122 39 0 1
0 1 24 3 0 1
0 1 3 18 0 2
0 1 29 30 1 2
0 1 52 38 1 0
0 1 28 57 1 0
0 1 6 47 1 3
0 1 82 37 0 2
0 1 125 25 0 1
0 1 119 44 1 2
0 1 6 11 0 0
0 1 45 37 1 0
0 1 114 58 1 3
0 1 62 52 1 3
0 1 35 54 0 2
0 1 67 32 1 1
0 1 75 24 0 0
0 1 107 42 1 2
0 1 13 8 0 3
0 1 94 54 0 1
0 1 105 46 1 1
0 1 2 14 0 3
0 1 62 44 0 1
0 1 70 2 1 0
0 1 125 32 1 3
0 1 38 62 1 0
0 1 46 40 0 1
0 1 98 46 1 3
0 1 24 40 1 0
0 1 34 49 0 0
0 1 113 41 0 1
0 1 9 43 1 2
0 1 21 17 1 2
0 1 126 35 0 1
0 1 1 40 1 3
0 1 92 47 1 0
0 1 79 64 1 1
0 1 104 23 1 2
0 1 75 7 1 2
0 1 48 22 1 0
0 1 102 19 0 1
0 1 86 24 0 1
0 1 27 16 0 1
0 1 78 60 1 2
0 1 63 58 1 0
0 1 120 51 0 0
0 1 11 16 1 0
0 1 37 5 1 2
0 1 99 48 0 0
0 1 17 59 1 0
0 1 59 51 0 1
0 1 57 2 0 3
0 1 52 53 0 3
0 1 77 0 1 2
0 1 127 50 0 1
0 1 109 31 1 3
0 1 129 25 1 2
0 1 15 4 0 2
0 1 4 60 0 3
0 1 115 12 1 1
0 1 23 6 0 3
0 1 22 11 1 1
0 1 31 43 0 1
0 1 41 33 0 1
0 1 87 10 1 3
0 1 105 21 0 2
0 1 30 16 0 3
0 1 90 60 1 0
0 1 107 58 0 2
0 1 5 11 0 3
0 1 108 52 1 2
0 1 84 61 1 2
0 1 36 28 0 2
0 1 22 6 0 1
0 1 53 31 1 1
0 1 101 3 0 2
0 1 53 27 0 1
0 1 51 26 1 1
0 1 39 47 1 2
0 1 104 45 0 2
0 1 54 48 0 3
0 1 20 39 0 3
0 1 7 57 1 1
0 1 89 29 1 2
0 1 18 13 1 3
0 1 112 59 0 1
0 1 19 1 1 3
0 1 14 51 1 2
0 1 40 22 0 3
0 1 84 29 0 3
0 1 54 26 1 3
0 1 124 24 0 2
0 1 32 4 0 3
0 1 71 3 0 0
0 1 103 26 1 0
0 1 88 48 0 2
0 1 110 10 1 0
0 1 92 2 0 1
0 1 60 45 0 0
0 1 61 27 1 0
0 1 83 59 0 3
0 1 121 0 1 1
0 1 68 28 1 3
0 1 49 21 0 0
0 1 26 38 0 3
0 1 72 17 0 0
0 1 113 36 1 3
0 1 110 19 0 0
0 1 39 23 0 1
0 1 31 25 1 0
0 1 87 24 0 3
0 1 128 64 0 0
0 1 69 33 1 0
0 1 34 53 1 0
0 1 65 35 1 3
0 1 111 63 1 3
0 1 90 63 0 0
0 1 76 13 0 0
0 1 78 39 0 0
0 1 69 8 0 1
0 1 20 22 1 2
0 1 61 57 0 3
0 1 119 64 0 3
0 1 112 9 1 0
0 1 50 21 1 1
0 1 0 18 0 3
0 1 94 56 1 0
0 1 48 62 0 3
0 1 8 14 0 0
0 1 23 40 1 2
0 1 95 41 1 3
0 1 56 31 0 0
0 1 10 42 1 3
0 1 51 57 0 2
0 1 67 11 0 2
0 1 4 18 1 1
0 1 91 29 1 0
0 1 116 44 0 3
0 1 42 38 1 2
0 1 108 13 0 2
0 1 14 34 0 3
0 1 68 30 0 1
0 1 58 62 0 1
0 1 66 42 1 1
0 1 123 36 0 2
0 1 66 52 0 0
0 1 64 6 1 0
0 1 28 59 0 2
0 1 71 55 1 3
0 1 86 9 1 1
0 1 16 61 0 3
0 1 25 27 1 3
0 1 118 8 0 0
0 1 8 49 1 3
0 1 12 5 0 1
0 1 103 46 0 0
0 1 45 56 0 3
0 1 36 20 1 0
0 1 65 58 0 1
0 1 96 4 1 1
0 1 50 61 0 1
0 1 76 32 1 2
0 1 74 41 0 0
0 1 73 50 1 3
0 1 58 12 1 3
0 1 80 1 0 0
0 1 47 34 0 1
0 1 43 28 1 0
0 1 10 53 0 1
0 1 15 15 1 1
0 1 79 35 0 2
