0 1 25 17 1 0
0 1 124 52 0 3
0 1 41 35 1 1
0 1 37 56 0 3
0 1 52 28 1 0
0 1 122 22 1 1
0 1 110 26 0 3
0 1 93 61 1 1
0 1 18 1 0 0
0 1 55 63 1 1
0 1 113 14 0 3
0 1 60 59 1 3
0 1 52 9 0 1
0 1 25 32 0 0
0 1 13 41 1 1
0 1 97 10 0 2
0 1 20 38 1 3
0 1 89 62 0 2
0 1 30 12 0 2
0 1 81 50 0 0
0 1 67 39 0 2
0 1 71 35 1 0
0 1 57 21 0 3
0 1 17 50 1 1
0 1 88 16 1 0
0 1 121 2 1 2
0 1 91 5 1 3
0 1 4 29 1 2
0 1 69 53 0 3
0 1 84 6 1 1
0 1 34 31 1 0
0 1 85 8 0 3
0 1 65 20 1 2
0 1 0 62 0 3
0 1 116 18 0 1
0 1 80 54 1 3
0 1 42 2 0 1
0 1 6 40 1 3
0 1 104 58 0 0
0 1 77 51 0 2
0 1 49 25 0 0
0 1 33 3 0 0
0 1 24 15 0 1
0 1 31 7 0 3
0 1 109 21 1 0
0 1 101 10 1 1
0 1 128 53 1 2
0 1 47 63 0 0
0 1 22 64 0 2
0 1 78 47 0 1
0 1 73 4 1 0
0 1 106 11 1 0
0 1 11 57 1 2
0 1 95 0 1 0
0 1 4 8 0 0
0 1 57 27 1 3
0 1 31 48 1 0
0 1 1 36 1 0
0 1 87 40 1 0
0 1 53 48 0 2
0 1 84 37 0 1
0 1 120 13 1 1
0 1 125 45 0 3
0 1 26 34 0 0
0 1 66 23 0 3
0 1 85 56 1 2
0 1 101 19 0 0
0 1 14 49 1 1
0 1 28 10 1 0
0 1 86 55 1 1
0 1 38 24 0 2
0 1 91 62 0 1
0 1 103 58 1 3
0 1 98 31 0 1
0 1 48 28 1 2
0 1 124 42 1 0
0 1 7 26 0 1
0 1 48 9 0 0
0 1 10 62 1 0
0 1 61 52 0 1
0 1 50 18 0 3
0 1 23 17 1 1
0 1 102 51 0 3
0 1 8 8 1 2
0 1 40 38 0 0
0 1 54 11 0 1
0 1 44 49 0 3
0 1 96 30 1 0
0 1 17 15 0 2
0 1 90 60 1 0
0 1 42 19 1 2
0 1 28 53 0 1
0 1 76 29 0 3
0 1 118 4 1 1
0 1 106 16 0 3
0 1 1 37 0 2
0 1 66 16 1 2
0 1 100 51 0 0
0 1 15 7 1 0
0 1 40 20 1 3
0 1 43 14 0 2
0 1 3 41 0 0
0 1 37 44 1 2
0 1 82 55 0 0
0 1 43 7 1 1
0 1 79 1 1 2
0 1 112 3 1 3
0 1 5 36 1 3
0 1 9 57 1 1
0 1 108 11 1 2
0 1 80 28 0 1
0 1 109 42 0 3
0 1 64 40 0 2
0 1 33 21 1 2
0 1 72 60 1 2
0 1 86 4 0 2
0 1 71 22 0 0
0 1 128 35 0 3
0 1 97 54 1 2
0 1 118 63 0 3
0 1 92 4 0 3
0 1 111 43 0 1
0 1 49 23 1 1
0 1 121 61 0 3
0 1 98 34 1 3
0 1 63 30 1 1
0 1 107 63 1 2
0 1 117 14 0 0
0 1 6 44 0 1
0 1 2 52 1 0
0 1 68 47 0 0
0 1 12 9 1 2
0 1 113 53 1 0
0 1 21 33 1 3
0 1 27 15 1 3
0 1 105 0 1 1
0 1 127 39 0 3
0 1 47 47 1 2
0 1 72 22 0 3
0 1 120 23 0 0
0 1 75 61 1 0
0 1 93 39 0 0
0 1 59 24 1 3
0 1 8 49 0 0
0 1 90 0 0 3
0 1 45 1 1 1
0 1 34 43 0 3
0 1 68 20 1 0
0 1 44 54 1 1
0 1 89 61 1 2
0 1 67 36 1 1
0 1 104 56 1 0
0 1 127 17 1 3
0 1 103 31 0 3
0 1 51 57 0 0
0 1 46 60 1 1
0 1 41 21 0 1
0 1 110 50 1 3
0 1 7 33 1 2
0 1 78 6 1 0
0 1 123 32 0 1
0 1 2 25 0 1
0 1 30 19 1 3
0 1 35 3 0 2
0 1 119 12 1 1
0 1 94 12 1 0
0 1 46 56 0 1
0 1 87 20 0 1
0 1 102 22 1 2
0 1 38 52 1 2
0 1 126 64 0 3
0 1 39 18 0 0
0 1 11 27 0 1
0 1 9 46 0 3
0 1 100 24 1 0
0 1 116 43 1 0
0 1 95 2 0 0
0 1 24 42 1 1
0 1 23 5 0 1
0 1 15 29 0 0
0 1 122 46 0 1
0 1 99 58 0 2
0 1 12 45 0 2
0 1 54 13 1 0
0 1 56 13 1 2
0 1 112 27 0 0
0 1 51 5 1 0
0 1 82 14 1 1
0 1 129 54 1 0
0 1 21 11 0 3
0 1 99 30 1 3
0 1 19 58 0 1
0 1 16 31 1 2
0 1 39 32 1 2
0 1 55 41 0 3
0 1 18 37 1 3
0 1 61 59 1 1
0 1 92 43 1 2
0 1 94 24 0 1
0 1 32 30 0 2
0 1 20 57 0 3
0 1 14 29 0 1
0 1 79 27 0 2
0 1 75 38 0 2
0 1 70 3 0 1
0 1 36 2 0 3
0 1 58 59 0 2
0 1 56 47 0 3
0 1 129 64 0 1
0 1 119 6 0 2
0 1 114 64 0 0
0 1 115 40 0 1
0 1 45 44 0 0
0 1 74 19 1 1
0 1 107 26 0 2
0 1 63 34 0 2
0 1 3 5 1 2
0 1 81 9 1 3
0 1 36 34 1 1
0 1 69 46 1 0
0 1 65 46 0 2
0 1 105 44 0 3
0 1 74 38 0 1
0 1 29 10 0 3
0 1 114 35 1 2
0 1 117 25 1 2
0 1 83 36 1 2
0 1 115 60 1 3
0 1 16 45 0 1
0 1 76 32 1 3
0 1 126 7 1 2
0 1 70 50 1 2
0 1 62 42 1 2
0 1 96 48 0 1
0 1 27 41 0 2
0 1 125 55 1 2
0 1 88 51 0 1
0 1 108 12 0 3
0 1 60 26 0 0
0 1 32 33 1 0
0 1 5 0 0 2
0 1 29 49 1 2
0 1 10 13 0 3
0 1 50 59 1 0
0 1 59 17 0 2
0 1 83 33 0 1
0 1 123 25 1 3
0 1 77 16 1 1
0 1 58 1 1 3
0 1 53 8 1 1
0 1 64 37 1 0
0 1 111 15 1 0
0 1 19 6 1 3
0 1 22 48 1 3
0 1 35 39 1 1
0 1 0 23 1 2
0 1 62 28 0 3
0 1 26 45 1 0
0 1 73 55 0 3
0 1 13 18 0 2
