0 1 104 14 0 3
0 1 88 57 0 2
0 1 28 36 0 1
0 1 42 19 1 3
0 1 122 35 1 2
0 1 120 15 1 0
0 1 70 8 0 3
0 1 24 64 1 0
0 1 46 55 0 0
0 1 108 29 0 2
0 1 44 20 0 2
0 1 72 33 1 3
0 1 47 16 1 1
0 1 26 49 0 1
0 1 107 24 0 3
0 1 5 10 0 2
0 1 19 20 0 3
0 1 32 18 1 1
0 1 7 8 1 0
0 1 58 4 0 2
0 1 74 38 1 3
0 1 105 34 0 0
0 1 105 0 1 1
0 1 12 32 1 2
0 1 92 53 1 0
0 1 0 28 1 2
0 1 89 42 1 1
0 1 53 3 0 0
0 1 40 58 0 2
0 1 83 1 0 1
0 1 35 45 1 0
0 1 17 5 1 3
0 1 72 62 0 1
0 1 64 29 1 3
0 1 112 11 0 3
0 1 49 7 1 2
0 1 23 2 0 0
0 1 30 38 1 0
0 1 119 61 0 0
0 1 109 62 1 3
0 1 110 39 0 0
0 1 25 25 1 2
0 1 14 17 1 0
0 1 4 20 0 0
0 1 56 23 1 3
0 1 108 27 1 3
0 1 71 53 0 3
0 1 62 35 0 1
0 1 6 1 0 2
0 1 113 41 0 2
0 1 20 26 0 3
0 1 13 39 1 1
0 1 44 40 1 0
0 1 115 22 1 3
0 1 61 43 0 1
0 1 94 22 0 1
0 1 63 2 1 1
0 1 6 64 1 1
0 1 68 58 1 3
0 1 123 6 1 0
0 1 15 25 1 3
0 1 1 13 1 0
0 1 8 34 1 3
0 1 126 48 0 1
0 1 91 33 1 0
0 1 26 7 1 0
0 1 37 31 0 1
0 1 58 48 1 3
0 1 79 15 1 2
0 1 100 42 1 3
0 1 14 4 0 0
0 1 35 30 0 3
0 1 60 60 1 0
0 1 119 26 1 0
0 1 93 12 0 2
0 1 52 63 1 3
0 1 106 32 1 1
0 1 34 49 1 2
0 1 129 47 0 0
0 1 10 28 0 1
0 1 129 13 1 1
0 1 113 58 1 0
0 1 57 40 1 1
0 1 101 44 0 1
0 1 54 49 1 3
0 1 81 57 1 1
0 1 84 21 0 0
0 1 53 40 1 3
0 1 49 39 0 2
0 1 102 44 0 3
0 1 93 30 1 2
0 1 36 4 0 3
0 1 117 52 0 2
0 1 22 18 1 3
0 1 79 54 0 2
0 1 22 41 0 0
0 1 111 22 0 0
0 1 55 46 1 0
0 1 121 37 0 2
0 1 39 59 0 3
0 1 7 60 0 1
0 1 64 52 0 3
0 1 85 21 0 2
0 1 30 56 0 0
0 1 5 3 1 2
0 1 128 9 1 0
0 1 54 37 0 0
0 1 42 15 0 3
0 1 31 21 1 3
0 1 96 21 0 1
0 1 56 27 0 0
0 1 9 37 1 1
0 1 107 55 1 1
0 1 76 50 0 3
0 1 96 54 1 3
0 1 75 0 0 2
0 1 117 17 1 3
0 1 80 19 0 0
0 1 101 5 1 0
0 1 100 0 0 0
0 1 125 61 1 1
0 1 39 31 1 3
0 1 29 41 1 1
0 1 9 28 0 0
0 1 102 33 1 2
0 1 36 2 1 2
0 1 91 23 0 1
0 1 24 22 0 2
0 1 103 11 1 2
0 1 38 13 1 2
0 1 78 3 1 3
0 1 114 46 1 3
0 1 118 9 0 1
0 1 19 31 1 0
0 1 78 63 0 0
0 1 16 47 1 3
0 1 89 50 0 0
0 1 68 54 0 0
0 1 125 12 0 0
0 1 76 18 1 2
0 1 120 53 0 1
0 1 25 11 0 1
0 1 111 6 1 1
0 1 110 59 1 0
0 1 106 54 0 1
0 1 122 57 0 3
0 1 77 27 0 2
0 1 28 46 1 2
0 1 31 29 0 0
0 1 127 32 1 3
0 1 92 48 0 2
0 1 124 51 1 3
0 1 69 6 1 3
0 1 2 56 1 2
0 1 8 44 0 0
0 1 95 63 1 1
0 1 98 35 0 0
0 1 66 51 1 0
0 1 40 24 1 2
0 1 109 36 0 0
0 1 62 36 1 3
0 1 34 29 0 1
0 1 99 45 0 3
0 1 65 9 1 3
0 1 4 0 1 3
0 1 94 53 1 2
0 1 69 1 0 3
0 1 20 63 1 2
0 1 84 14 1 2
0 1 16 7 0 3
0 1 51 60 1 2
0 1 57 13 0 3
0 1 88 57 1 0
0 1 51 31 0 2
0 1 32 38 0 2
0 1 50 10 0 3
0 1 104 24 1 0
0 1 18 14 1 0
0 1 2 60 0 3
0 1 59 23 0 0
0 1 116 47 1 2
0 1 123 61 0 3
0 1 70 41 1 3
0 1 90 25 0 1
0 1 87 50 0 1
0 1 81 45 0 2
0 1 95 43 0 0
0 1 21 52 1 1
0 1 43 64 1 2
0 1 90 28 1 3
0 1 48 43 1 2
0 1 87 10 1 1
0 1 46 16 1 2
0 1 67 17 1 2
0 1 82 10 1 0
0 1 3 56 1 3
0 1 11 59 0 2
0 1 43 23 0 2
0 1 124 12 0 1
0 1 121 61 1 2
0 1 33 58 1 1
0 1 45 55 0 2
0 1 12 6 0 2
0 1 128 62 0 0
0 1 74 55 0 3
0 1 55 8 0 1
0 1 67 36 0 2
0 1 80 38 1 1
0 1 85 46 1 1
0 1 47 62 0 2
0 1 116 25 0 0
0 1 114 16 0 0
0 1 15 34 0 2
0 1 82 19 0 2
0 1 38 42 0 2
0 1 63 14 0 1
0 1 71 27 1 1
0 1 48 12 0 3
0 1 73 43 1 3
0 1 45 3 1 1
0 1 50 2 1 3
0 1 3 33 0 1
0 1 126 26 1 1
0 1 66 1 0 0
0 1 18 51 0 2
0 1 86 24 0 1
0 1 13 5 0 2
0 1 97 20 0 1
0 1 60 32 0 0
0 1 1 56 0 1
0 1 83 64 1 3
0 1 52 11 0 0
0 1 65 59 0 1
0 1 37 42 1 0
0 1 118 19 1 1
0 1 41 4 1 1
0 1 77 34 1 1
0 1 103 49 0 0
0 1 29 9 0 2
0 1 0 8 0 2
0 1 61 30 1 0
0 1 115 17 0 1
0 1 112 35 1 3
0 1 75 7 1 1
0 1 27 30 1 1
0 1 11 5 1 1
0 1 86 48 1 0
0 1 127 50 0 2
0 1 41 44 0 2
0 1 27 15 0 1
0 1 59 39 1 3
0 1 99 45 1 1
0 1 97 52 1 0
0 1 33 37 0 3
0 1 98 40 1 2
0 1 10 18 1 0
0 1 17 16 0 3
0 1 21 26 0 2
0 1 23 51 1 1
0 1 73 47 0 1
