0 1 38 9 1 1
0 1 44 19 1 1
0 1 23 55 0 3
0 1 108 21 1 0
0 1 65 2 0 2
0 1 77 18 0 1
0 1 86 22 1 3
0 1 72 4 1 2
0 1 17 21 0 3
0 1 115 37 1 3
0 1 55 40 1 0
0 1 67 14 1 1
0 1 107 11 0 0
0 1 43 62 1 0
0 1 37 3 1 1
0 1 48 10 1 2
0 1 102 24 0 0
0 1 106 23 1 3
0 1 93 38 0 0
0 1 41 44 0 1
0 1 125 34 1 2
0 1 21 27 1 3
0 1 24 16 1 2
0 1 78 13 1 3
0 1 75 56 0 3
0 1 6 47 1 3
0 1 117 58 0 1
0 1 96 6 0 3
0 1 12 9 0 2
0 1 127 60 0 0
0 1 89 52 1 3
0 1 114 46 0 3
0 1 121 45 0 1
0 1 27 64 1 3
0 1 92 43 1 2
0 1 122 18 0 3
0 1 95 64 1 0
0 1 40 12 0 0
0 1 71 20 0 2
0 1 36 11 1 1
0 1 58 58 1 2
0 1 101 25 1 1
0 1 6 24 0 3
0 1 104 49 1 3
0 1 1 53 1 2
0 1 94 4 0 0
0 1 49 16 0 3
0 1 36 52 0 2
0 1 15 45 1 2
0 1 15 13 0 1
0 1 42 12 1 1
0 1 60 32 1 3
0 1 2 41 0 3
0 1 2 63 1 3
0 1 88 30 0 2
0 1 32 7 1 0
0 1 117 26 1 3
0 1 123 1 1 1
0 1 54 28 0 1
0 1 59 14 0 0
0 1 62 51 0 2
0 1 0 15 0 0
0 1 104 25 0 0
0 1 0 59 1 2
0 1 113 50 0 0
0 1 18 8 0 3
0 1 19 40 1 2
0 1 99 29 1 1
0 1 29 17 1 3
0 1 126 26 0 1
0 1 109 51 1 1
0 1 122 26 1 2
0 1 26 20 0 3
0 1 33 36 0 1
0 1 101 61 0 0
0 1 4 50 0 2
0 1 74 62 1 1
0 1 79 28 0 3
0 1 121 0 1 2
0 1 18 1 1 2
0 1 124 63 0 1
0 1 114 15 1 2
0 1 57 35 1 3
0 1 91 38 1 1
0 1 33 39 1 3
0 1 50 55 0 1
0 1 53 18 0 2
0 1 79 0 1 0
0 1 52 33 0 1
0 1 22 43 1 0
0 1 69 39 1 1
0 1 70 20 1 1
0 1 87 37 1 0
0 1 3 42 1 0
0 1 97 8 0 2
0 1 51 27 0 2
0 1 37 47 0 1
0 1 83 23 1 0
0 1 116 54 0 0
0 1 86 36 0 0
0 1 84 57 1 3
0 1 52 52 1 1
0 1 115 6 0 2
0 1 105 28 1 2
0 1 4 10 1 1
0 1 46 11 1 2
0 1 31 45 1 0
0 1 20 34 0 3
0 1 62 24 1 2
0 1 108 58 0 0
0 1 112 14 0 3
0 1 40 26 1 0
0 1 28 44 0 0
0 1 23 62 1 3
0 1 44 0 0 1
0 1 8 56 0 1
0 1 83 29 0 3
0 1 34 16 0 0
0 1 61 48 0 2
0 1 119 4 1 1
0 1 45 12 0 2
0 1 106 41 0 1
0 1 96 64 1 1
0 1 70 60 0 3
0 1 100 15 0 1
0 1 98 42 1 2
0 1 84 56 0 0
0 1 82 1 0 0
0 1 47 41 1 2
0 1 11 30 1 1
0 1 9 17 1 1
0 1 1 3 0 0
0 1 80 34 1 0
0 1 13 56 0 2
0 1 120 2 1 0
0 1 10 60 1 2
0 1 34 54 1 2
0 1 75 24 1 1
0 1 90 63 1 2
0 1 10 43 0 1
0 1 22 33 0 3
0 1 87 0 0 3
0 1 120 30 0 0
0 1 119 61 0 1
0 1 68 5 0 0
0 1 19 17 0 2
0 1 9 57 0 1
0 1 21 59 0 1
0 1 124 19 1 3
0 1 29 35 0 1
0 1 13 32 1 0
0 1 118 30 0 3
0 1 65 62 1 2
0 1 14 2 1 3
0 1 68 49 1 1
0 1 38 38 0 3
0 1 78 53 0 0
0 1 89 20 0 0
0 1 5 36 1 3
0 1 76 46 1 2
0 1 77 47 1 0
0 1 63 55 1 0
0 1 103 25 1 3
0 1 69 44 0 3
0 1 51 1 1 3
0 1 99 9 0 3
0 1 129 54 1 1
0 1 35 48 0 0
0 1 27 48 0 3
0 1 39 51 1 3
0 1 30 39 0 0
0 1 81 6 1 1
0 1 90 31 0 0
0 1 28 40 1 3
0 1 63 22 0 2
0 1 91 43 0 3
0 1 56 36 0 2
0 1 3 33 0 0
0 1 12 61 1 3
0 1 73 32 1 1
0 1 110 15 1 3
0 1 17 8 1 0
0 1 73 44 0 2
0 1 85 13 0 2
0 1 20 14 1 2
0 1 61 49 1 2
0 1 31 7 0 3
0 1 35 49 1 0
0 1 125 13 0 0
0 1 97 3 1 2
0 1 5 18 0 0
0 1 58 51 0 0
0 1 8 29 1 2
0 1 66 61 1 2
0 1 50 42 1 3
0 1 92 46 0 1
0 1 54 37 1 2
0 1 71 5 1 2
0 1 41 37 1 1
0 1 105 27 0 0
0 1 39 17 0 0
0 1 32 31 0 3
0 1 60 23 0 1
0 1 26 10 1 3
0 1 100 21 1 2
0 1 129 9 0 0
0 1 56 7 1 1
0 1 128 57 1 0
0 1 67 40 0 1
0 1 111 31 1 1
0 1 93 53 1 1
0 1 7 35 0 2
0 1 80 22 0 0
0 1 64 59 0 3
0 1 14 19 0 0
0 1 47 57 0 2
0 1 88 41 1 0
0 1 30 19 1 2
0 1 127 22 1 1
0 1 49 38 1 2
0 1 57 29 0 0
0 1 43 28 0 0
0 1 48 25 0 2
0 1 46 7 0 2
0 1 85 21 1 1
0 1 95 50 0 1
0 1 55 5 0 1
0 1 64 23 1 2
0 1 113 59 1 0
0 1 110 5 0 3
0 1 11 3 0 3
0 1 128 60 0 1
0 1 53 6 1 0
0 1 16 39 0 2
0 1 82 27 1 1
0 1 123 58 0 3
0 1 118 50 1 3
0 1 116 45 1 3
0 1 42 54 0 3
0 1 102 46 1 0
0 1 16 47 1 2
0 1 112 4 1 3
0 1 111 52 0 0
0 1 25 11 1 3
0 1 25 63 0 0
0 1 81 31 0 2
0 1 24 2 0 1
0 1 109 48 0 1
0 1 76 35 0 0
0 1 66 16 0 1
0 1 94 34 1 1
0 1 126 42 1 1
0 1 72 33 0 2
0 1 103 8 0 1
0 1 59 55 1 2
0 1 7 32 1 2
0 1 74 64 0 2
0 1 45 12 1 3
0 1 98 10 0 0
0 1 107 53 1 3
