0 1 122 24 1 0
0 1 79 27 1 3
0 1 86 62 0 0
0 1 54 39 1 1
0 1 41 45 0 0
0 1 84 26 0 3
0 1 2 52 0 0
0 1 121 34 1 1
0 1 43 17 1 0
0 1 89 35 1 2
0 1 116 3 1 1
0 1 60 20 0 1
0 1 38 16 0 1
0 1 40 30 1 2
0 1 6 50 0 0
0 1 4 51 0 3
0 1 105 42 0 3
0 1 19 48 0 2
0 1 104 21 1 1
0 1 61 8 1 2
0 1 120 0 1 2
0 1 77 38 0 1
0 1 111 25 1 3
0 1 44 14 0 2
0 1 29 47 0 1
0 1 7 5 0 1
0 1 71 23 0 2
0 1 82 32 1 3
0 1 124 56 1 2
0 1 30 9 1 0
0 1 83 13 1 0
0 1 38 40 1 1
0 1 30 9 0 2
0 1 44 33 1 0
0 1 4 46 1 0
0 1 112 5 1 3
0 1 8 1 1 1
0 1 10 12 0 3
0 1 17 54 0 1
0 1 67 60 1 1
0 1 49 64 0 3
0 1 122 16 0 0
0 1 63 6 0 1
0 1 58 6 1 2
0 1 61 49 0 0
0 1 102 31 0 2
0 1 84 8 1 1
0 1 18 58 1 0
0 1 81 1 0 2
0 1 106 39 0 3
0 1 32 45 0 1
0 1 62 43 1 3
0 1 116 22 0 0
0 1 90 57 0 0
0 1 86 59 1 1
0 1 6 44 1 1
0 1 2 47 1 3
0 1 55 51 0 2
0 1 63 11 1 3
0 1 87 41 1 1
0 1 0 15 1 1
0 1 66 61 0 1
0 1 94 19 1 3
0 1 55 52 1 2
0 1 77 0 1 3
0 1 46 62 1 2
0 1 123 7 0 2
0 1 113 12 0 2
0 1 97 59 0 0
0 1 104 18 0 3
0 1 57 60 0 0
0 1 102 20 1 3
0 1 50 50 0 3
0 1 98 29 0 0
0 1 49 53 1 1
0 1 36 15 1 2
0 1 78 13 1 2
0 1 53 54 0 3
0 1 119 27 1 0
0 1 28 4 1 3
0 1 121 23 0 3
0 1 35 44 1 2
0 1 70 43 0 2
0 1 92 48 0 0
0 1 96 4 0 2
0 1 93 55 1 0
0 1 53 19 1 1
0 1 73 55 1 1
0 1 21 31 1 1
0 1 3 20 1 2
0 1 79 61 0 0
0 1 73 10 0 2
0 1 15 31 1 3
0 1 108 25 0 2
0 1 12 54 0 0
0 1 52 28 0 1
0 1 123 30 1 1
0 1 110 14 1 3
0 1 103 42 0 2
0 1 101 17 1 3
0 1 75 18 0 2
0 1 39 49 1 1
0 1 59 24 1 2
0 1 88 28 0 2
0 1 118 58 0 2
0 1 54 12 0 1
0 1 92 60 1 3
0 1 68 3 0 3
0 1 119 42 0 0
0 1 31 32 0 2
0 1 91 56 1 0
0 1 65 58 0 1
0 1 81 10 1 3
0 1 37 33 1 1
0 1 16 43 0 1
0 1 127 38 0 2
0 1 37 0 0 0
0 1 114 39 1 0
0 1 21 43 0 0
0 1 106 21 1 3
0 1 48 63 0 2
0 1 42 33 1 3
0 1 23 59 1 3
0 1 128 52 0 1
0 1 72 34 0 0
0 1 60 13 1 1
0 1 1 46 0 3
0 1 9 18 0 1
0 1 64 34 1 3
0 1 11 46 0 2
0 1 93 48 0 3
0 1 97 62 1 3
0 1 129 37 1 3
0 1 41 11 1 0
0 1 82 2 0 3
0 1 11 3 1 2
0 1 32 7 1 1
0 1 29 29 1 3
0 1 13 51 0 0
0 1 66 0 1 1
0 1 26 11 0 2
0 1 24 37 0 0
0 1 115 13 1 3
0 1 20 8 0 0
0 1 59 40 0 3
0 1 126 31 1 0
0 1 16 22 1 1
0 1 39 50 0 2
0 1 126 63 0 1
0 1 20 4 1 0
0 1 87 50 0 1
0 1 1 17 1 1
0 1 107 32 1 0
0 1 26 20 1 0
0 1 85 26 0 0
0 1 90 35 1 1
0 1 91 27 0 2
0 1 109 52 1 3
0 1 117 29 1 1
0 1 58 41 0 2
0 1 35 56 0 1
0 1 120 6 0 0
0 1 69 33 0 2
0 1 109 17 0 2
0 1 76 36 0 2
0 1 14 15 1 0
0 1 94 37 0 1
0 1 117 21 0 2
0 1 65 61 1 3
0 1 111 32 0 1
0 1 36 38 0 0
0 1 8 44 0 3
0 1 22 24 0 3
0 1 99 57 1 3
0 1 13 7 1 0
0 1 24 53 1 0
0 1 52 39 1 2
0 1 129 37 0 2
0 1 14 22 0 2
0 1 31 30 1 3
0 1 50 36 1 3
0 1 74 55 1 2
0 1 105 2 1 2
0 1 107 1 0 0
0 1 48 8 1 3
0 1 125 41 0 0
0 1 34 16 1 2
0 1 67 10 0 0
0 1 95 3 0 0
0 1 62 9 0 1
0 1 46 34 0 2
0 1 27 57 1 2
0 1 17 36 1 0
0 1 113 23 1 1
0 1 42 42 0 1
0 1 51 26 0 2
0 1 47 59 0 2
0 1 57 35 1 3
0 1 96 16 1 3
0 1 3 47 0 0
0 1 72 29 1 2
0 1 15 26 0 1
0 1 71 28 1 3
0 1 89 40 0 2
0 1 33 5 1 2
0 1 10 14 1 0
0 1 74 5 0 0
0 1 7 63 1 3
0 1 18 6 0 3
0 1 28 38 0 3
0 1 75 22 1 3
0 1 108 14 1 1
0 1 51 15 1 3
0 1 25 56 0 3
0 1 80 55 1 3
0 1 78 45 0 3
0 1 56 63 0 0
0 1 83 19 0 2
0 1 69 57 1 1
0 1 40 53 0 3
0 1 27 23 0 0
0 1 112 64 0 0
0 1 5 53 0 2
0 1 5 21 1 0
0 1 128 49 1 2
0 1 95 64 1 1
0 1 12 46 1 1
0 1 114 51 0 1
0 1 25 24 1 1
0 1 100 27 1 1
0 1 98 4 1 1
0 1 101 25 0 1
0 1 127 10 1 1
0 1 22 60 1 2
0 1 23 64 0 2
0 1 33 36 0 1
0 1 85 40 1 0
0 1 45 30 1 0
0 1 76 2 1 1
0 1 47 44 1 0
0 1 0 47 0 2
0 1 64 2 0 0
0 1 80 25 0 0
0 1 124 58 0 3
0 1 103 62 1 1
0 1 34 19 0 0
0 1 19 18 1 0
0 1 45 45 0 2
0 1 56 49 1 3
0 1 68 7 1 3
0 1 9 41 1 3
0 1 70 54 1 2
0 1 88 28 1 0
0 1 43 11 0 1
0 1 99 35 0 0
0 1 110 9 0 3
0 1 125 1 1 3
0 1 115 61 0 2
0 1 118 12 1 0
0 1 100 48 0 1
