0 1 17 42 1 2
0 1 111 38 0 0
0 1 51 57 1 0
0 1 23 21 1 1
0 1 64 30 0 1
0 1 15 17 1 1
0 1 92 33 1 2
0 1 82 44 1 2
0 1 17 29 0 0
0 1 91 24 0 2
0 1 78 26 1 0
0 1 84 0 1 2
0 1 120 7 0 2
0 1 18 51 1 3
0 1 60 12 1 1
0 1 16 49 0 3
0 1 85 62 1 1
0 1 21 32 0 0
0 1 63 14 1 2
0 1 22 2 1 1
0 1 118 41 0 0
0 1 12 64 0 0
0 1 119 5 1 0
0 1 11 39 1 2
0 1 129 22 0 0
0 1 59 23 0 2
0 1 88 13 0 1
0 1 111 1 1 1
0 1 54 54 1 3
0 1 68 3 0 3
0 1 29 18 0 0
0 1 109 31 0 2
0 1 53 58 1 3
0 1 101 19 0 0
0 1 27 44 0 3
0 1 68 40 1 3
0 1 30 11 1 0
0 1 69 48 1 3
0 1 50 59 0 2
0 1 36 50 0 1
0 1 35 5 0 3
0 1 123 46 1 3
0 1 37 31 1 3
0 1 90 9 1 3
0 1 103 34 0 1
0 1 123 17 0 2
0 1 121 20 0 0
0 1 26 33 1 3
0 1 1 59 0 3
0 1 101 61 1 0
0 1 44 44 0 0
0 1 40 6 0 0
0 1 128 37 1 3
0 1 40 62 1 2
0 1 53 36 0 3
0 1 1 27 1 3
0 1 126 53 1 2
0 1 76 18 0 2
0 1 0 4 0 1
0 1 47 2 0 2
0 1 26 34 0 0
0 1 55 42 1 3
0 1 87 14 1 1
0 1 56 10 1 3
0 1 34 63 0 3
0 1 48 52 1 0
0 1 34 7 1 1
0 1 11 9 0 2
0 1 107 25 1 1
0 1 10 32 1 1
0 1 67 28 0 1
0 1 41 43 1 3
0 1 65 54 1 1
0 1 3 8 0 0
0 1 75 15 1 3
0 1 110 23 0 1
0 1 102 39 1 3
0 1 12 39 1 0
0 1 116 52 1 3
0 1 105 46 1 1
0 1 35 56 1 2
0 1 13 8 1 3
0 1 120 18 1 3
0 1 14 50 0 2
0 1 86 61 0 2
0 1 69 26 0 1
0 1 129 61 1 1
0 1 10 6 0 1
0 1 66 20 1 1
0 1 16 17 1 0
0 1 117 64 1 1
0 1 30 54 0 2
0 1 9 35 0 0
0 1 124 15 1 2
0 1 118 45 1 2
0 1 57 27 1 0
0 1 47 19 1 3
0 1 56 9 0 1
0 1 96 16 0 0
0 1 90 64 0 2
0 1 46 49 1 0
0 1 6 22 1 3
0 1 97 48 1 2
0 1 7 0 0 1
0 1 19 8 1 1
0 1 33 21 0 0
0 1 45 35 1 2
0 1 70 31 0 0
0 1 113 15 0 1
0 1 43 47 1 2
0 1 6 32 0 3
0 1 86 11 1 1
0 1 64 58 1 1
0 1 52 22 1 2
0 1 27 29 1 2
0 1 62 43 0 1
0 1 62 50 1 0
0 1 115 20 1 2
0 1 8 43 0 2
0 1 73 14 0 3
0 1 46 45 0 0
0 1 5 55 0 0
0 1 38 55 1 2
0 1 28 58 0 2
0 1 3 12 1 0
0 1 23 36 0 2
0 1 122 6 1 3
0 1 112 38 0 2
0 1 72 10 0 2
0 1 24 51 1 0
0 1 60 1 0 3
0 1 82 41 0 1
0 1 54 30 0 3
0 1 44 3 1 2
0 1 81 25 1 0
0 1 2 18 0 1
0 1 81 48 0 0
0 1 109 53 1 0
0 1 80 28 0 3
0 1 61 42 1 1
0 1 125 29 0 3
0 1 33 63 1 2
0 1 8 13 1 2
0 1 102 35 0 3
0 1 49 11 1 3
0 1 126 25 0 3
0 1 71 56 1 3
0 1 100 62 1 0
0 1 78 7 0 3
0 1 18 29 0 1
0 1 4 5 0 2
0 1 32 27 0 2
0 1 49 47 0 0
0 1 95 36 1 0
0 1 77 60 1 0
0 1 14 20 1 3
0 1 76 16 1 3
0 1 51 4 0 3
0 1 63 4 0 0
0 1 15 60 0 1
0 1 84 59 0 1
0 1 32 37 1 2
0 1 22 16 0 2
0 1 70 57 1 1
0 1 77 55 0 1
0 1 87 2 0 3
0 1 59 57 1 2
0 1 9 24 1 3
0 1 66 41 0 3
0 1 121 38 1 1
0 1 114 19 1 1
0 1 94 37 0 0
0 1 92 34 0 3
0 1 58 40 0 2
0 1 21 32 1 2
0 1 108 60 1 3
0 1 124 24 0 0
0 1 38 9 0 0
0 1 80 25 1 2
0 1 39 14 0 0
0 1 20 22 1 1
0 1 73 28 1 0
0 1 119 21 0 3
0 1 13 56 0 0
0 1 122 49 0 1
0 1 72 33 1 1
0 1 105 31 0 1
0 1 115 46 0 2
0 1 85 27 0 1
0 1 100 63 0 1
0 1 28 11 1 2
0 1 25 12 0 3
0 1 4 19 1 2
0 1 42 30 1 0
0 1 108 28 0 2
0 1 55 51 0 1
0 1 106 61 0 3
0 1 5 13 1 3
0 1 74 47 1 3
0 1 7 40 1 0
0 1 37 6 0 2
0 1 67 57 1 3
0 1 127 38 1 3
0 1 106 64 1 3
0 1 57 53 0 3
0 1 41 51 0 2
0 1 112 0 1 3
0 1 93 10 0 0
0 1 52 10 0 1
0 1 58 54 1 0
0 1 19 1 0 2
0 1 79 24 0 1
0 1 61 30 0 2
0 1 113 13 1 0
0 1 45 60 0 2
0 1 50 3 1 1
0 1 110 46 1 0
0 1 91 62 1 3
0 1 127 21 0 2
0 1 43 53 0 1
0 1 83 36 1 1
0 1 98 23 1 3
0 1 98 43 0 0
0 1 125 23 1 0
0 1 104 3 0 0
0 1 48 1 0 0
0 1 88 17 1 3
0 1 89 33 1 0
0 1 114 59 0 0
0 1 42 4 0 2
0 1 36 39 1 1
0 1 71 52 0 1
0 1 24 37 0 1
0 1 99 5 0 1
0 1 0 47 1 1
0 1 83 45 0 3
0 1 75 58 0 0
0 1 74 35 0 1
0 1 117 55 0 3
0 1 116 7 0 0
0 1 97 63 0 0
0 1 103 44 1 1
0 1 128 42 0 0
0 1 20 15 0 0
0 1 104 8 1 2
0 1 29 56 1 1
0 1 2 50 1 3
0 1 31 48 1 1
0 1 99 12 1 2
0 1 31 26 0 2
0 1 94 52 1 2
0 1 107 45 0 1
0 1 25 0 1 0
0 1 93 34 1 2
0 1 39 26 1 3
0 1 96 49 1 2
0 1 89 16 0 1
0 1 79 41 1 2
0 1 65 2 0 0
0 1 95 40 0 1
