0 1 104 9 0 3
0 1 51 24 1 3
0 1 13 12 1 0
0 1 19 23 0 0
0 1 81 34 0 1
0 1 55 43 0 2
0 1 38 9 1 1
0 1 91 8 0 2
0 1 103 1 0 3
0 1 62 45 0 0
0 1 65 24 0 0
0 1 29 42 0 3
0 1 35 26 1 0
0 1 10 54 0 3
0 1 44 11 0 3
0 1 43 54 0 0
0 1 40 49 1 0
0 1 42 62 1 0
0 1 83 57 0 1
0 1 115 5 0 0
0 1 82 37 0 0
0 1 86 42 0 0
0 1 121 7 0 3
0 1 5 47 0 2
0 1 119 52 0 2
0 1 58 12 1 1
0 1 112 22 0 1
0 1 64 55 0 2
0 1 129 19 1 2
0 1 127 35 1 2
0 1 51 36 0 2
0 1 19 64 1 1
0 1 42 11 0 2
0 1 98 4 1 0
0 1 126 17 0 3
0 1 15 63 1 1
0 1 112 3 1 1
0 1 43 0 1 3
0 1 0 60 0 0
0 1 25 28 0 3
0 1 76 3 1 2
0 1 47 31 1 1
0 1 3 27 0 1
0 1 116 61 1 0
0 1 101 62 0 3
0 1 1 21 1 1
0 1 124 0 0 1
0 1 95 8 0 3
0 1 71 27 0 2
0 1 70 20 1 2
0 1 52 10 0 3
0 1 128 53 1 0
0 1 34 20 0 3
0 1 74 16 1 3
0 1 17 40 1 1
0 1 24 49 1 2
0 1 94 32 1 3
0 1 70 41 0 0
0 1 12 33 0 3
0 1 53 39 1 2
0 1 41 2 0 3
0 1 54 57 0 3
0 1 129 59 0 2
0 1 76 46 0 3
0 1 72 48 0 0
0 1 120 29 0 1
0 1 109 51 1 2
0 1 99 29 0 2
0 1 80 18 1 2
0 1 2 18 0 0
0 1 122 6 1 1
0 1 75 38 1 2
0 1 38 14 0 0
0 1 94 0 0 2
0 1 118 44 0 1
0 1 22 9 1 0
0 1 35 21 0 3
0 1 79 23 1 3
0 1 115 14 1 2
0 1 96 48 0 1
0 1 37 8 1 0
0 1 95 50 1 2
0 1 7 45 1 1
0 1 25 29 1 3
0 1 30 43 0 1
0 1 34 59 1 3
0 1 14 49 0 3
0 1 6 32 1 2
0 1 103 1 1 2
0 1 39 36 0 1
0 1 56 14 1 1
0 1 27 60 1 1
0 1 60 4 0 3
0 1 104 56 1 0
0 1 50 13 0 0
0 1 79 43 0 3
0 1 24 35 0 0
0 1 41 4 1 2
0 1 89 15 0 1
0 1 26 19 1 1
0 1 30 61 1 3
0 1 106 17 0 2
0 1 73 32 1 0
0 1 77 13 1 1
0 1 114 10 1 1
0 1 12 26 1 3
0 1 39 15 1 0
0 1 128 10 0 0
0 1 59 20 1 1
0 1 10 3 1 3
0 1 78 6 0 2
0 1 72 40 1 0
0 1 97 41 1 3
0 1 55 50 1 0
0 1 100 58 0 1
0 1 9 30 0 2
0 1 58 6 0 3
0 1 73 64 0 0
0 1 107 23 1 1
0 1 111 34 1 2
0 1 80 52 0 0
0 1 88 16 1 0
0 1 93 55 0 3
0 1 16 57 1 0
0 1 62 33 1 1
0 1 9 60 1 3
0 1 27 22 0 0
0 1 69 7 0 0
0 1 101 50 1 3
0 1 109 16 0 1
0 1 113 31 0 3
0 1 90 25 0 2
0 1 22 48 0 3
0 1 117 26 1 2
0 1 23 55 1 1
0 1 8 28 0 2
0 1 66 22 0 3
0 1 1 38 0 1
0 1 63 30 0 0
0 1 106 13 1 3
0 1 31 53 1 1
0 1 32 8 1 1
0 1 120 58 1 0
0 1 107 3 0 0
0 1 56 47 0 3
0 1 57 38 0 0
0 1 93 2 1 1
0 1 60 46 1 1
0 1 46 23 1 2
0 1 29 34 1 0
0 1 117 22 0 2
0 1 11 63 1 0
0 1 92 12 0 2
0 1 111 53 0 3
0 1 46 63 0 2
0 1 102 44 0 2
0 1 96 56 1 1
0 1 61 1 0 1
0 1 116 15 0 2
0 1 36 24 1 2
0 1 18 25 1 3
0 1 63 64 1 3
0 1 59 50 0 1
0 1 105 2 0 2
0 1 100 11 1 0
0 1 20 51 0 1
0 1 45 31 1 2
0 1 99 32 1 1
0 1 90 44 1 0
0 1 21 5 1 1
0 1 110 18 1 3
0 1 108 5 1 3
0 1 113 27 1 0
0 1 26 41 0 2
0 1 67 21 0 2
0 1 0 48 1 2
0 1 65 62 1 1
0 1 68 30 1 3
0 1 125 40 1 2
0 1 110 37 0 2
0 1 66 6 1 0
0 1 75 17 0 1
0 1 67 35 1 3
0 1 40 57 0 2
0 1 49 42 1 2
0 1 82 21 1 0
0 1 31 17 0 0
0 1 71 1 1 0
0 1 86 27 1 3
0 1 13 36 0 3
0 1 87 33 0 0
0 1 53 39 0 0
0 1 5 58 1 3
0 1 4 10 0 2
0 1 45 46 0 0
0 1 83 7 1 2
0 1 127 11 0 1
0 1 50 45 1 3
0 1 37 28 0 0
0 1 77 59 0 1
0 1 33 47 1 0
0 1 78 29 1 0
0 1 14 49 1 1
0 1 7 16 0 2
0 1 48 34 1 3
0 1 124 52 1 1
0 1 57 36 1 0
0 1 8 47 1 1
0 1 123 51 0 0
0 1 15 35 0 1
0 1 16 5 0 2
0 1 122 40 0 3
0 1 61 7 1 1
0 1 68 39 0 1
0 1 108 45 0 2
0 1 87 13 1 2
0 1 36 43 0 0
0 1 121 52 1 3
0 1 126 54 1 1
0 1 84 60 0 2
0 1 20 18 1 1
0 1 52 4 1 1
0 1 28 41 0 1
0 1 88 44 0 3
0 1 81 61 1 1
0 1 123 19 1 3
0 1 125 62 0 2
0 1 17 25 0 1
0 1 92 20 1 0
0 1 3 37 1 1
0 1 32 54 0 2
0 1 69 26 1 1
0 1 64 24 1 1
0 1 48 46 0 2
0 1 102 33 1 2
0 1 74 30 0 1
0 1 2 12 1 3
0 1 6 37 0 3
0 1 85 56 1 2
0 1 114 61 0 2
0 1 28 14 1 3
0 1 54 15 1 3
0 1 98 28 0 1
0 1 33 51 0 3
0 1 44 38 1 3
0 1 105 25 1 0
0 1 49 9 0 2
0 1 91 0 1 0
0 1 18 58 0 2
0 1 118 64 1 2
0 1 4 55 1 0
0 1 11 39 0 3
0 1 21 19 0 0
0 1 97 56 0 3
0 1 84 59 1 0
0 1 23 31 0 0
0 1 119 42 1 1
0 1 89 63 1 3
0 1 47 53 0 2
0 1 85 2 0 0
