0 1 66 0 1 2
0 1 111 63 0 0
0 1 42 54 1 2
0 1 34 19 1 0
0 1 118 14 0 0
0 1 106 4 0 3
0 1 66 26 0 1
0 1 13 22 1 3
0 1 98 53 0 2
0 1 117 21 0 0
0 1 51 51 0 2
0 1 125 23 1 1
0 1 103 7 1 2
0 1 70 24 1 0
0 1 40 33 0 1
0 1 108 32 0 3
0 1 16 30 1 1
0 1 114 49 1 2
0 1 39 58 1 0
0 1 89 43 1 1
0 1 52 27 0 2
0 1 112 33 1 2
0 1 81 55 0 0
0 1 50 45 0 3
0 1 25 37 1 3
0 1 30 12 1 3
0 1 95 41 0 1
0 1 110 62 1 1
0 1 73 45 0 1
0 1 103 50 0 3
0 1 55 48 1 2
0 1 35 50 0 2
0 1 31 25 0 1
0 1 53 19 1 1
0 1 33 6 0 1
0 1 23 10 0 3
0 1 34 18 0 3
0 1 6 48 0 0
0 1 79 60 1 2
0 1 2 29 0 2
0 1 120 55 0 1
0 1 26 11 1 2
0 1 86 42 0 2
0 1 106 52 1 0
0 1 43 1 0 2
0 1 56 14 0 1
0 1 67 43 1 0
0 1 122 3 1 2
0 1 129 44 0 0
0 1 18 57 0 1
0 1 77 64 1 0
0 1 116 40 0 3
0 1 32 0 0 0
0 1 105 42 0 1
0 1 70 63 0 1
0 1 60 38 0 3
0 1 71 40 1 0
0 1 92 38 0 1
0 1 76 9 0 0
0 1 97 15 0 2
0 1 24 10 1 0
0 1 96 64 1 1
0 1 36 7 1 3
0 1 125 8 0 0
0 1 128 55 0 3
0 1 0 36 1 1
0 1 12 23 1 3
0 1 69 29 1 1
0 1 82 53 0 0
0 1 58 28 0 2
0 1 77 59 0 0
0 1 91 2 0 2
0 1 5 17 1 1
0 1 71 63 0 3
0 1 104 35 0 0
0 1 30 26 0 3
0 1 15 26 0 0
0 1 109 18 1 1
0 1 46 28 1 0
0 1 64 5 0 2
0 1 62 54 1 3
0 1 110 51 0 1
0 1 45 39 1 0
0 1 28 23 1 2
0 1 122 18 0 2
0 1 91 47 1 3
0 1 109 52 0 2
0 1 88 34 0 1
0 1 82 5 1 3
0 1 102 16 0 0
0 1 41 54 1 0
0 1 3 43 1 3
0 1 74 57 1 3
0 1 95 47 1 0
0 1 27 13 1 0
0 1 104 58 1 2
0 1 33 15 1 0
0 1 38 43 0 2
0 1 61 46 0 1
0 1 76 34 1 0
0 1 123 40 1 2
0 1 4 21 1 3
0 1 22 36 0 0
0 1 7 46 0 0
0 1 72 44 1 2
0 1 38 37 1 1
0 1 54 28 1 1
0 1 60 61 1 3
0 1 94 17 1 3
0 1 53 31 0 3
0 1 19 50 1 1
0 1 3 39 0 3
0 1 44 6 0 3
0 1 85 20 1 3
0 1 99 36 0 2
0 1 85 61 0 1
0 1 19 25 0 0
0 1 121 20 0 2
0 1 63 0 1 1
0 1 47 51 1 0
0 1 121 42 1 3
0 1 5 57 0 0
0 1 4 30 0 3
0 1 94 41 0 0
0 1 45 31 0 0
0 1 88 37 1 2
0 1 80 1 0 1
0 1 74 55 0 2
0 1 24 1 0 0
0 1 67 47 0 1
0 1 10 22 1 2
0 1 100 48 0 3
0 1 36 31 0 2
0 1 0 46 0 2
0 1 73 20 1 1
0 1 54 34 0 2
0 1 64 0 1 3
0 1 107 59 0 3
0 1 83 54 0 1
0 1 61 8 1 3
0 1 56 4 1 2
0 1 12 12 0 2
0 1 21 44 1 1
0 1 119 16 0 3
0 1 117 10 1 2
0 1 100 38 1 2
0 1 18 24 1 1
0 1 11 60 0 1
0 1 47 27 0 3
0 1 31 62 1 3
0 1 28 11 0 3
0 1 1 35 1 1
0 1 46 4 0 1
0 1 41 39 0 2
0 1 78 3 1 3
0 1 6 5 1 1
0 1 115 49 1 3
0 1 126 14 1 2
0 1 90 21 0 1
0 1 69 32 0 0
0 1 40 4 1 0
0 1 65 2 1 0
0 1 107 56 1 3
0 1 87 19 1 2
0 1 92 41 1 3
0 1 116 32 1 2
0 1 13 51 0 3
0 1 96 13 0 2
0 1 101 61 0 2
0 1 35 52 1 3
0 1 29 30 0 0
0 1 57 29 1 0
0 1 105 56 1 1
0 1 75 12 0 0
0 1 48 17 0 2
0 1 123 3 0 0
0 1 52 53 1 3
0 1 68 13 1 3
0 1 42 25 0 2
0 1 29 32 1 1
0 1 58 38 1 0
0 1 37 37 1 0
0 1 126 62 0 0
0 1 14 42 1 0
0 1 112 11 0 0
0 1 118 16 1 2
0 1 93 56 1 0
0 1 10 62 0 2
0 1 78 34 0 3
0 1 83 9 1 3
0 1 113 49 0 0
0 1 120 60 1 0
0 1 127 57 1 2
0 1 37 19 0 3
0 1 43 5 1 0
0 1 20 63 0 2
0 1 80 8 1 1
0 1 89 2 0 1
0 1 57 16 0 1
0 1 124 41 0 2
0 1 63 14 0 3
0 1 11 50 1 0
0 1 101 47 1 2
0 1 75 46 1 3
0 1 65 15 0 3
0 1 16 58 0 1
0 1 44 45 1 0
0 1 84 12 0 1
0 1 2 13 1 1
0 1 17 52 0 1
0 1 129 29 1 3
0 1 22 48 1 1
0 1 113 27 1 1
0 1 99 1 1 3
0 1 39 35 0 2
0 1 21 22 0 0
0 1 62 7 0 0
0 1 27 64 0 2
0 1 114 6 0 0
0 1 15 7 1 1
0 1 8 40 1 1
0 1 55 53 0 1
0 1 111 64 1 3
0 1 90 27 1 0
0 1 93 17 0 0
0 1 98 23 1 0
0 1 7 44 1 3
0 1 128 58 1 3
0 1 25 35 0 3
0 1 124 9 1 2
0 1 26 33 0 3
0 1 48 24 1 3
0 1 8 36 0 3
0 1 59 39 0 1
0 1 86 10 1 1
0 1 51 61 1 0
0 1 127 24 0 2
0 1 84 59 1 2
0 1 49 8 0 2
0 1 81 18 1 0
0 1 108 31 1 1
0 1 102 45 1 2
0 1 119 11 1 1
0 1 20 21 1 2
0 1 9 2 1 3
0 1 1 30 0 2
0 1 50 3 1 1
0 1 87 60 0 3
0 1 79 28 0 3
0 1 14 15 0 1
0 1 23 22 1 1
0 1 68 6 0 2
0 1 97 20 1 0
0 1 9 59 0 1
0 1 17 56 1 2
0 1 59 9 1 1
0 1 115 25 0 3
0 1 72 26 0 2
0 1 32 33 1 0
0 1 49 49 1 1
