0 1 45 52 1 2
0 1 100 34 1 2
0 1 123 63 1 0
0 1 9 10 0 0
0 1 123 35 0 2
0 1 119 9 0 1
0 1 106 29 0 3
0 1 41 64 1 2
0 1 114 49 0 2
0 1 118 14 1 1
0 1 76 46 0 3
0 1 51 62 1 1
0 1 61 37 1 3
0 1 45 51 0 0
0 1 36 41 1 3
0 1 121 19 0 0
0 1 127 16 0 0
0 1 83 6 0 1
0 1 94 27 0 0
0 1 6 55 1 2
0 1 92 11 1 1
0 1 60 13 0 1
0 1 31 40 0 0
0 1 98 24 1 3
0 1 111 26 1 2
0 1 84 37 0 2
0 1 0 58 1 2
0 1 120 7 1 0
0 1 81 60 0 3
0 1 1 38 1 1
0 1 109 18 1 1
0 1 42 59 1 0
0 1 83 4 1 2
0 1 33 39 0 1
0 1 106 15 1 0
0 1 44 17 0 2
0 1 2 27 0 3
0 1 116 36 1 2
0 1 124 28 1 0
0 1 21 5 0 3
0 1 53 56 0 1
0 1 87 44 1 0
0 1 91 14 0 0
0 1 67 54 1 2
0 1 64 20 1 1
0 1 42 11 0 2
0 1 56 49 1 0
0 1 59 47 0 0
0 1 89 44 0 2
0 1 111 12 0 3
0 1 110 57 0 1
0 1 98 21 0 1
0 1 93 1 0 0
0 1 43 7 0 3
0 1 95 42 1 2
0 1 37 63 1 2
0 1 14 8 0 3
0 1 113 41 1 2
0 1 16 14 0 2
0 1 28 22 0 1
0 1 108 32 0 1
0 1 128 24 1 1
0 1 78 50 1 3
0 1 75 38 1 3
0 1 107 1 0 1
0 1 46 30 0 1
0 1 16 55 1 0
0 1 54 50 0 0
0 1 80 13 1 3
0 1 18 52 0 1
0 1 57 3 1 2
0 1 117 61 0 3
0 1 99 54 1 0
0 1 79 5 0 0
0 1 20 35 0 0
0 1 59 43 1 1
0 1 2 33 1 1
0 1 102 49 1 1
0 1 48 63 1 3
0 1 96 30 1 3
0 1 71 2 1 3
0 1 124 28 0 2
0 1 104 46 0 1
0 1 87 45 0 1
0 1 115 32 0 2
0 1 63 22 1 2
0 1 79 56 1 2
0 1 3 8 0 1
0 1 13 38 1 0
0 1 33 64 1 3
0 1 17 17 1 3
0 1 82 7 1 1
0 1 84 54 1 3
0 1 13 12 0 1
0 1 96 39 0 0
0 1 118 31 0 2
0 1 120 12 0 0
0 1 91 23 1 1
0 1 14 40 1 1
0 1 40 17 1 1
0 1 26 8 1 2
0 1 74 43 0 3
0 1 90 20 1 0
0 1 129 19 1 1
0 1 104 11 1 3
0 1 68 53 0 3
0 1 80 61 0 1
0 1 52 47 1 3
0 1 21 45 1 0
0 1 122 29 1 2
0 1 77 20 1 2
0 1 64 62 0 0
0 1 77 6 0 3
0 1 37 60 0 1
0 1 54 1 1 2
0 1 90 58 0 0
0 1 85 33 0 0
0 1 86 27 0 2
0 1 15 43 0 2
0 1 38 18 0 2
0 1 94 0 1 1
0 1 30 25 0 3
0 1 8 25 0 1
0 1 122 45 0 2
0 1 30 30 1 2
0 1 44 10 1 2
0 1 126 9 0 2
0 1 107 5 1 2
0 1 39 60 1 0
0 1 99 34 0 0
0 1 119 46 1 0
0 1 36 48 0 2
0 1 121 0 1 3
0 1 50 50 0 2
0 1 11 52 1 3
0 1 78 41 0 0
0 1 10 36 1 1
0 1 4 31 0 0
0 1 40 13 0 2
0 1 27 50 0 1
0 1 31 19 1 3
0 1 125 53 0 0
0 1 75 51 0 2
0 1 20 3 1 1
0 1 1 22 0 0
0 1 55 25 1 0
0 1 35 32 1 3
0 1 105 6 1 2
0 1 63 2 0 1
0 1 112 57 0 3
0 1 73 51 1 1
0 1 125 10 1 1
0 1 116 42 0 1
0 1 49 26 1 1
0 1 29 28 0 3
0 1 70 56 1 3
0 1 88 34 1 3
0 1 50 59 1 3
0 1 61 36 0 3
0 1 7 47 0 2
0 1 26 28 0 1
0 1 7 26 1 3
0 1 103 61 1 2
0 1 69 51 1 3
0 1 58 15 0 3
0 1 6 29 0 1
0 1 70 35 0 3
0 1 57 59 0 2
0 1 110 48 1 1
0 1 34 2 0 0
0 1 60 4 1 0
0 1 23 16 0 3
0 1 101 15 0 1
0 1 52 26 0 0
0 1 81 31 1 1
0 1 4 44 1 3
0 1 46 3 1 0
0 1 97 45 0 3
0 1 23 64 1 1
0 1 65 39 1 3
0 1 51 18 0 0
0 1 65 8 0 0
0 1 127 46 1 2
0 1 69 23 0 0
0 1 28 23 1 2
0 1 11 20 0 3
0 1 115 48 1 0
0 1 117 21 1 3
0 1 22 55 1 1
0 1 74 15 1 2
0 1 103 13 0 0
0 1 112 55 1 3
0 1 9 58 1 3
0 1 92 33 0 2
0 1 56 4 0 1
0 1 66 9 1 0
0 1 55 53 0 1
0 1 41 16 0 1
0 1 0 42 0 0
0 1 47 14 1 3
0 1 89 37 1 1
0 1 19 53 1 2
0 1 49 48 0 3
0 1 102 3 0 3
0 1 32 27 0 1
0 1 18 57 1 0
0 1 24 30 0 0
0 1 32 33 1 3
0 1 128 31 0 3
0 1 88 7 0 2
0 1 95 40 0 2
0 1 85 34 1 1
0 1 126 4 1 3
0 1 72 21 0 2
0 1 82 39 0 2
0 1 73 24 0 2
0 1 34 38 1 2
0 1 35 23 0 3
0 1 5 12 0 2
0 1 105 32 0 0
0 1 10 18 0 3
0 1 27 19 1 2
0 1 67 60 0 2
0 1 58 17 1 0
0 1 12 0 0 0
0 1 43 62 1 2
0 1 86 36 1 0
0 1 129 61 0 0
0 1 101 25 1 2
0 1 108 5 1 1
0 1 68 11 1 0
0 1 72 0 1 2
0 1 66 9 0 3
0 1 53 62 1 3
0 1 5 16 1 2
0 1 29 59 1 1
0 1 76 64 1 0
0 1 71 37 0 0
0 1 25 29 0 0
0 1 97 42 1 3
0 1 38 6 1 0
0 1 22 56 0 0
0 1 3 54 1 1
0 1 15 49 1 3
0 1 100 52 0 0
0 1 17 1 0 3
0 1 39 47 0 1
0 1 12 58 1 1
0 1 47 24 0 0
0 1 62 41 0 1
0 1 25 35 1 1
0 1 114 2 1 2
0 1 113 22 0 3
0 1 8 57 1 2
0 1 19 44 0 1
0 1 62 63 1 1
0 1 93 43 1 0
0 1 48 10 0 3
0 1 109 40 0 3
0 1 24 21 1 0
