0 1 142 12 0 1
0 1 139 29 0 1
0 1 110 49 1 0
0 1 27 9 1 5
0 1 57 3 0 3
0 1 141 40 0 2
0 1 88 33 0 3
0 1 54 34 1 0
0 1 103 19 0 2
0 1 144 1 0 3
0 1 142 1 1 4
0 1 43 5 0 5
0 1 53 49 0 1
0 1 138 39 1 4
0 1 136 31 1 4
0 1 29 34 0 2
0 1 66 26 0 4
0 1 133 6 0 3
0 1 63 41 1 1
0 1 39 16 1 1
0 1 48 6 0 5
0 1 43 48 1 5
0 1 24 30 0 0
0 1 4 39 1 2
0 1 44 2 1 5
0 1 60 47 0 0
0 1 7 13 0 2
0 1 141 18 1 0
0 1 143 48 0 3
0 1 76 43 1 5
0 1 47 5 1 2
0 1 89 41 0 2
0 1 132 42 1 2
0 1 67 20 0 0
0 1 32 38 0 2
0 1 113 17 1 4
0 1 56 44 1 0
0 1 82 19 0 1
0 1 8 29 0 3
0 1 91 32 0 4
0 1 38 22 1 4
0 1 117 45 1 1
0 1 149 32 0 0
0 1 94 35 0 0
0 1 83 38 0 4
0 1 136 4 0 1
0 1 49 23 0 1
0 1 78 45 1 0
0 1 51 24 0 5
0 1 52 27 1 0
0 1 60 16 1 3
0 1 41 2 1 1
0 1 26 47 0 5
0 1 54 17 0 3
0 1 125 29 0 0
0 1 25 48 1 1
0 1 84 22 1 5
0 1 2 25 1 3
0 1 112 46 1 1
0 1 67 28 1 2
0 1 118 32 1 1
0 1 5 7 0 1
0 1 146 44 1 4
0 1 92 8 0 0
0 1 81 32 1 3
0 1 135 40 1 5
0 1 11 36 1 4
0 1 35 13 1 5
0 1 1 5 1 4
0 1 32 26 1 5
0 1 117 38 0 3
0 1 35 15 0 0
0 1 13 12 0 0
0 1 45 2 1 0
0 1 83 17 1 5
0 1 132 9 0 4
0 1 147 21 0 2
0 1 4 1 0 1
0 1 31 42 1 3
0 1 87 18 1 5
0 1 14 21 0 3
0 1 103 15 1 1
0 1 100 25 1 0
0 1 0 11 0 3
0 1 145 15 0 5
0 1 109 27 0 4
0 1 44 19 0 5
0 1 93 6 0 0
0 1 96 25 1 5
0 1 112 10 0 0
0 1 102 41 1 3
0 1 104 29 0 4
0 1 133 14 1 4
0 1 28 27 1 5
0 1 69 44 0 2
0 1 75 11 1 5
0 1 1 30 0 1
0 1 116 12 0 5
0 1 13 7 1 2
0 1 11 37 0 3
0 1 81 1 0 5
0 1 121 35 1 1
0 1 53 25 1 4
0 1 96 21 0 0
0 1 41 19 0 3
0 1 69 24 1 0
0 1 114 3 0 2
0 1 10 20 0 2
0 1 29 17 1 2
0 1 114 9 1 1
0 1 78 6 0 4
0 1 130 23 1 3
0 1 49 17 1 0
0 1 20 21 0 5
0 1 65 10 1 5
0 1 73 33 1 2
0 1 23 45 0 5
0 1 108 42 1 5
0 1 128 49 1 2
0 1 28 40 0 0
0 1 9 44 1 5
0 1 50 36 0 2
0 1 22 34 0 1
0 1 85 27 0 1
0 1 8 30 1 3
0 1 149 34 1 4
0 1 101 39 0 5
0 1 51 0 1 1
0 1 46 37 1 0
0 1 22 28 1 3
0 1 115 13 0 1
0 1 16 14 1 5
0 1 61 0 0 4
0 1 20 35 1 3
0 1 90 16 0 4
0 1 71 42 0 0
0 1 70 30 1 4
0 1 5 8 1 3
0 1 34 3 1 1
0 1 82 32 1 2
0 1 9 49 0 3
0 1 116 43 1 4
0 1 99 40 1 1
0 1 108 2 0 4
0 1 140 39 1 0
0 1 111 1 0 0
0 1 129 41 0 5
0 1 34 46 0 0
0 1 97 5 1 3
0 1 14 31 1 1
0 1 42 0 1 5
0 1 50 41 1 4
0 1 105 23 0 2
0 1 55 36 0 3
0 1 113 26 0 1
0 1 137 6 0 2
0 1 89 8 1 1
0 1 131 29 0 5
0 1 145 10 1 4
0 1 124 11 1 2
0 1 48 31 1 3
0 1 88 16 1 2
0 1 2 22 0 3
0 1 12 37 1 2
0 1 80 24 1 2
0 1 63 4 0 2
0 1 146 28 0 1
0 1 64 43 1 1
0 1 27 15 0 2
0 1 127 0 1 3
0 1 64 37 0 1
0 1 91 35 1 5
0 1 122 23 0 0
0 1 93 20 1 3
0 1 86 22 0 0
0 1 110 18 0 1
0 1 25 26 0 2
0 1 61 31 1 0
0 1 17 46 1 2
0 1 19 38 1 1
0 1 65 36 0 0
0 1 148 5 0 0
0 1 101 7 1 0
0 1 131 14 1 0
0 1 76 1 0 2
0 1 30 45 0 2
0 1 62 18 0 2
0 1 39 36 0 5
0 1 80 16 0 0
0 1 10 12 1 4
0 1 105 8 1 2
0 1 120 20 0 4
0 1 140 24 0 3
0 1 95 43 1 3
0 1 128 3 0 5
0 1 73 4 0 3
0 1 58 27 0 2
0 1 107 46 0 5
0 1 98 13 0 4
0 1 126 28 0 5
0 1 106 13 0 0
0 1 77 2 0 3
0 1 95 18 0 3
0 1 59 38 1 0
0 1 15 15 0 3
0 1 109 10 1 3
0 1 17 10 0 1
0 1 33 48 1 0
0 1 3 11 0 1
0 1 137 47 1 4
0 1 68 23 1 4
0 1 124 4 0 0
0 1 100 9 0 3
0 1 18 47 1 2
0 1 36 4 0 4
0 1 31 14 0 1
0 1 59 11 0 0
0 1 86 3 1 4
0 1 130 26 0 0
0 1 134 8 1 4
0 1 56 43 0 0
0 1 79 34 1 3
0 1 58 33 1 4
0 1 52 28 0 4
0 1 45 20 0 1
0 1 37 37 0 4
0 1 66 0 1 2
0 1 12 7 0 4
0 1 126 39 1 1
0 1 119 21 0 4
0 1 115 33 1 5
0 1 106 25 1 2
0 1 74 19 0 0
0 1 123 43 0 2
0 1 7 31 1 2
0 1 144 45 1 4
0 1 97 20 0 5
0 1 72 30 1 2
0 1 6 14 0 2
0 1 87 40 0 4
0 1 0 15 1 4
0 1 139 12 1 3
0 1 21 24 1 4
0 1 72 18 0 4
0 1 98 49 1 4
0 1 102 35 0 4
0 1 99 33 0 1
0 1 92 47 1 3
0 1 94 2 1 2
0 1 135 37 0 5
0 1 77 17 1 1
0 1 26 19 1 4
0 1 68 40 0 3
0 1 3 45 1 3
0 1 62 31 1 5
0 1 111 9 1 2
0 1 138 48 0 2
0 1 46 7 0 5
0 1 33 30 0 5
0 1 70 12 0 2
0 1 19 46 0 3
0 1 37 42 1 1
0 1 143 44 1 3
0 1 40 35 0 2
0 1 107 7 1 3
0 1 129 38 1 5
0 1 127 22 0 1
0 1 120 13 1 3
0 1 40 42 1 4
0 1 18 8 0 5
0 1 16 6 0 1
0 1 85 32 1 5
0 1 134 9 0 0
0 1 42 24 0 1
0 1 122 28 1 0
0 1 79 48 0 4
0 1 24 41 1 0
0 1 47 29 0 2
0 1 38 3 0 0
0 1 71 5 1 1
0 1 36 34 1 5
0 1 21 11 0 4
0 1 121 25 0 1
0 1 125 33 1 0
0 1 123 47 1 1
0 1 84 36 0 1
0 1 23 23 1 5
0 1 147 16 1 5
0 1 118 0 0 0
0 1 148 39 1 3
0 1 57 4 1 5
0 1 119 14 1 3
0 1 15 44 1 1
0 1 104 10 1 2
0 1 30 49 1 5
0 1 6 22 1 2
0 1 55 46 1 4
0 1 74 27 1 3
0 1 90 26 1 3
0 1 75 21 0 1
