0 1 36 28 0 4
0 1 0 2 1 3
0 1 3 16 1 1
0 1 105 18 1 4
0 1 36 29 1 2
0 1 15 24 1 2
0 1 99 38 0 4
0 1 82 25 1 3
0 1 21 40 0 3
0 1 11 13 0 1
0 1 73 4 1 0
0 1 11 22 1 1
0 1 67 2 0 0
0 1 130 43 1 5
0 1 121 8 1 0
0 1 107 17 0 1
0 1 17 35 1 4
0 1 27 37 0 0
0 1 69 39 1 2
0 1 109 8 1 1
0 1 117 13 0 0
0 1 139 44 0 1
0 1 28 20 0 4
0 1 16 20 1 2
0 1 146 2 1 4
0 1 10 30 1 5
0 1 35 48 0 2
0 1 138 23 0 3
0 1 110 20 0 3
0 1 129 40 1 5
0 1 112 16 1 0
0 1 65 45 1 4
0 1 72 48 1 3
0 1 70 33 0 1
0 1 131 31 0 5
0 1 63 49 1 0
0 1 68 18 1 3
0 1 85 10 0 1
0 1 116 19 0 2
0 1 110 17 1 0
0 1 46 32 1 1
0 1 81 5 1 4
0 1 44 15 0 4
0 1 61 15 0 0
0 1 25 35 0 0
0 1 116 17 1 4
0 1 121 21 0 4
0 1 120 27 0 4
0 1 91 14 1 4
0 1 123 9 0 0
0 1 58 22 1 3
0 1 102 48 0 1
0 1 137 41 1 1
0 1 86 30 0 1
0 1 1 6 1 3
0 1 29 7 1 5
0 1 145 25 0 1
0 1 124 12 1 1
0 1 71 26 1 3
0 1 7 7 1 3
0 1 107 12 1 5
0 1 3 9 0 3
0 1 95 27 0 2
0 1 2 1 1 3
0 1 139 10 1 0
0 1 128 42 1 0
0 1 140 1 1 4
0 1 75 6 0 1
0 1 97 46 1 1
0 1 64 5 0 3
0 1 74 19 0 3
0 1 31 11 1 1
0 1 42 11 1 4
0 1 149 31 0 1
0 1 51 25 1 0
0 1 136 35 1 5
0 1 145 14 1 0
0 1 2 47 0 5
0 1 6 46 1 3
0 1 123 44 1 2
0 1 113 33 1 4
0 1 147 15 0 3
0 1 29 34 0 0
0 1 16 43 0 4
0 1 115 4 1 3
0 1 103 39 0 1
0 1 148 36 0 3
0 1 58 23 0 5
0 1 46 22 0 2
0 1 99 9 1 4
0 1 126 22 1 4
0 1 48 0 1 4
0 1 98 45 1 0
0 1 50 19 1 0
0 1 132 18 0 5
0 1 69 30 0 2
0 1 114 22 0 5
0 1 34 7 0 1
0 1 23 2 0 5
0 1 147 32 1 2
0 1 57 31 0 4
0 1 48 3 0 0
0 1 108 6 0 5
0 1 76 27 1 3
0 1 41 21 1 5
0 1 64 45 1 5
0 1 27 37 1 1
0 1 76 5 0 2
0 1 55 47 1 1
0 1 24 43 0 1
0 1 59 5 0 0
0 1 56 9 1 1
0 1 34 41 1 2
0 1 104 42 0 4
0 1 79 7 1 4
0 1 40 12 0 0
0 1 144 1 0 5
0 1 56 11 0 0
0 1 96 49 0 1
0 1 81 18 0 1
0 1 108 34 1 3
0 1 22 36 0 4
0 1 85 44 1 5
0 1 142 31 1 3
0 1 26 13 1 4
0 1 84 14 0 2
0 1 141 25 1 4
0 1 65 26 0 1
0 1 83 28 1 1
0 1 101 13 0 5
0 1 22 41 1 5
0 1 7 34 0 5
0 1 98 39 0 5
0 1 106 25 0 2
0 1 130 0 0 5
0 1 26 15 0 1
0 1 32 38 1 1
0 1 119 24 1 0
0 1 21 24 1 5
0 1 30 47 1 4
0 1 138 16 1 2
0 1 140 3 0 4
0 1 97 5 0 5
0 1 31 43 0 2
0 1 117 6 1 0
0 1 103 20 1 1
0 1 72 45 0 3
0 1 5 24 0 4
0 1 77 23 0 2
0 1 73 11 0 5
0 1 17 37 0 3
0 1 9 44 0 0
0 1 144 30 1 3
0 1 62 0 1 0
0 1 49 36 0 0
0 1 6 3 0 5
0 1 136 38 0 0
0 1 71 23 0 0
0 1 114 48 1 0
0 1 41 12 0 3
0 1 87 4 1 2
0 1 149 36 1 5
0 1 125 28 0 0
0 1 105 16 0 3
0 1 131 26 1 5
0 1 8 27 0 1
0 1 89 21 0 1
0 1 14 32 0 5
0 1 122 17 0 5
0 1 74 28 1 5
0 1 55 33 0 3
0 1 86 8 1 3
0 1 52 8 0 4
0 1 47 13 0 3
0 1 63 11 0 2
0 1 28 40 1 2
0 1 19 40 1 4
0 1 38 29 1 4
0 1 49 34 1 1
0 1 66 23 1 1
0 1 113 35 0 3
0 1 137 19 0 1
0 1 44 41 1 0
0 1 135 29 1 0
0 1 134 26 0 2
0 1 18 44 1 4
0 1 132 42 1 3
0 1 118 32 1 3
0 1 35 17 1 3
0 1 13 1 1 2
0 1 50 42 0 1
0 1 62 4 0 1
0 1 25 29 1 5
0 1 53 10 0 5
0 1 111 0 0 1
0 1 12 0 0 3
0 1 141 6 0 4
0 1 23 38 1 2
0 1 118 49 0 3
0 1 111 49 1 2
0 1 112 10 0 3
0 1 146 47 0 3
0 1 57 43 1 0
0 1 90 7 0 0
0 1 93 31 1 0
0 1 78 45 0 2
0 1 135 29 0 1
0 1 100 1 1 0
0 1 119 4 0 4
0 1 87 37 0 5
0 1 75 16 1 4
0 1 24 20 1 0
0 1 10 46 0 4
0 1 91 3 0 3
0 1 32 14 0 5
0 1 52 21 1 0
0 1 1 33 0 0
0 1 66 36 0 1
0 1 84 47 1 0
0 1 15 28 0 3
0 1 96 14 1 3
0 1 120 33 1 5
0 1 67 30 1 0
0 1 61 46 1 5
0 1 133 45 0 1
0 1 148 46 1 2
0 1 47 8 1 5
0 1 92 9 1 5
0 1 102 35 1 1
0 1 104 31 1 2
0 1 20 17 0 2
0 1 77 24 1 1
0 1 51 40 0 1
0 1 14 3 1 1
0 1 45 18 1 2
0 1 70 39 1 0
0 1 18 15 0 5
0 1 88 1 1 1
0 1 37 34 1 4
0 1 127 12 0 4
0 1 122 21 1 2
0 1 20 49 1 5
0 1 9 4 1 5
0 1 93 41 0 4
0 1 8 37 1 4
0 1 33 19 1 4
0 1 128 27 0 0
0 1 94 26 1 0
0 1 125 10 1 2
0 1 60 15 1 2
0 1 38 46 0 0
0 1 78 14 1 1
0 1 127 32 1 0
0 1 79 39 0 3
0 1 4 32 1 4
0 1 33 38 0 3
0 1 30 42 0 2
0 1 143 43 0 3
0 1 68 2 0 1
0 1 109 48 0 5
0 1 106 39 1 4
0 1 4 20 0 5
0 1 124 0 0 2
0 1 90 3 1 2
0 1 134 9 1 2
0 1 37 23 0 4
0 1 43 2 1 2
0 1 0 44 0 3
0 1 60 5 0 1
0 1 115 26 0 4
0 1 82 48 0 4
0 1 45 13 0 2
0 1 129 19 0 5
0 1 5 37 1 2
0 1 133 8 1 2
0 1 40 47 1 2
0 1 53 42 1 5
0 1 89 38 1 5
0 1 39 21 1 3
0 1 88 12 0 2
0 1 80 11 1 3
0 1 142 49 0 4
0 1 143 40 1 0
0 1 12 41 1 3
0 1 54 36 1 2
0 1 80 6 0 2
0 1 100 33 0 2
0 1 83 29 0 3
0 1 95 7 1 2
0 1 94 18 0 0
0 1 92 24 0 3
0 1 43 27 0 5
0 1 19 16 0 5
0 1 39 22 0 0
0 1 101 34 1 2
0 1 54 28 0 2
0 1 42 10 0 4
0 1 13 25 0 5
0 1 59 30 1 4
0 1 126 35 0 2
