0 1 114 29 0 0
0 1 6 16 0 0
0 1 89 39 0 0
0 1 93 41 1 5
0 1 60 6 1 3
0 1 117 32 1 4
0 1 131 29 1 2
0 1 122 34 1 5
0 1 32 21 1 1
0 1 59 21 1 0
0 1 144 45 1 3
0 1 70 43 0 1
0 1 41 22 0 0
0 1 98 47 0 0
0 1 94 7 0 3
0 1 7 0 0 5
0 1 96 9 1 3
0 1 98 33 1 5
0 1 145 17 0 5
0 1 109 48 0 0
0 1 66 44 1 4
0 1 128 17 0 2
0 1 50 44 1 0
0 1 56 18 0 3
0 1 87 1 1 4
0 1 134 15 1 2
0 1 5 31 0 0
0 1 110 44 1 2
0 1 33 33 1 2
0 1 95 16 0 4
0 1 104 49 1 2
0 1 40 4 1 2
0 1 136 14 1 2
0 1 57 28 0 5
0 1 116 0 0 1
0 1 112 43 0 3
0 1 20 23 1 1
0 1 47 5 1 1
0 1 37 31 1 1
0 1 31 3 0 0
0 1 78 34 1 0
0 1 129 0 1 4
0 1 18 8 0 2
0 1 90 25 0 2
0 1 74 43 0 0
0 1 0 46 0 2
0 1 109 2 1 0
0 1 17 25 0 4
0 1 76 41 1 1
0 1 55 35 1 5
0 1 40 9 0 2
0 1 121 2 0 5
0 1 146 27 1 4
0 1 33 11 0 4
0 1 57 37 1 2
0 1 69 18 1 0
0 1 4 40 0 3
0 1 20 40 0 2
0 1 76 4 0 1
0 1 77 10 1 2
0 1 135 3 1 1
0 1 85 18 1 1
0 1 75 32 0 2
0 1 69 40 0 4
0 1 81 8 0 0
0 1 130 33 1 4
0 1 74 26 1 1
0 1 15 26 1 2
0 1 44 2 1 3
0 1 26 20 0 4
0 1 143 42 0 0
0 1 32 23 0 0
0 1 1 3 0 2
0 1 102 3 1 3
0 1 67 12 1 2
0 1 114 28 1 3
0 1 35 6 1 1
0 1 18 37 1 4
0 1 103 42 1 4
0 1 82 35 1 1
0 1 125 41 1 3
0 1 58 10 1 4
0 1 124 6 1 0
0 1 108 27 1 0
0 1 133 36 1 1
0 1 35 4 0 5
0 1 149 38 1 5
0 1 79 2 1 2
0 1 106 38 0 1
0 1 142 28 1 1
0 1 118 0 1 0
0 1 64 36 0 5
0 1 21 13 1 0
0 1 43 34 0 3
0 1 131 1 0 2
0 1 50 38 0 3
0 1 53 36 1 2
0 1 60 13 0 4
0 1 143 30 1 0
0 1 52 31 0 4
0 1 23 19 1 0
0 1 52 35 1 3
0 1 104 35 0 2
0 1 91 23 0 3
0 1 106 22 1 4
0 1 42 24 0 4
0 1 99 37 1 3
0 1 90 44 1 1
0 1 127 48 0 1
0 1 5 12 1 1
0 1 13 39 0 3
0 1 44 45 0 0
0 1 82 45 0 5
0 1 83 21 0 5
0 1 24 32 1 3
0 1 83 11 1 2
0 1 41 37 1 5
0 1 137 8 1 1
0 1 19 33 1 1
0 1 141 35 0 0
0 1 111 48 1 3
0 1 120 47 0 2
0 1 54 48 1 4
0 1 62 38 1 0
0 1 88 14 0 3
0 1 72 46 1 1
0 1 103 25 0 3
0 1 87 49 0 1
0 1 11 10 0 0
0 1 135 27 0 3
0 1 94 28 1 2
0 1 139 40 0 1
0 1 8 14 0 1
0 1 140 3 1 5
0 1 125 15 0 3
0 1 39 24 1 2
0 1 10 22 1 5
0 1 85 15 0 0
0 1 75 31 1 2
0 1 7 17 1 4
0 1 14 22 1 2
0 1 31 47 1 3
0 1 8 1 1 3
0 1 47 30 0 3
0 1 64 26 1 0
0 1 48 19 1 3
0 1 4 8 1 5
0 1 138 7 0 2
0 1 37 43 0 2
0 1 88 17 1 1
0 1 146 4 0 4
0 1 63 2 0 4
0 1 2 5 1 0
0 1 27 5 0 4
0 1 61 10 0 5
0 1 92 18 0 4
0 1 105 11 1 1
0 1 148 41 1 2
0 1 110 19 0 2
0 1 71 13 1 2
0 1 126 25 0 1
0 1 68 1 1 0
0 1 16 34 0 2
0 1 105 36 0 0
0 1 128 11 1 5
0 1 53 6 0 5
0 1 3 45 1 4
0 1 97 24 1 0
0 1 71 30 0 2
0 1 24 12 0 5
0 1 132 36 0 3
0 1 107 9 0 0
0 1 115 49 1 4
0 1 17 17 1 3
0 1 130 39 0 5
0 1 67 16 0 2
0 1 51 27 1 1
0 1 65 5 1 3
0 1 38 38 1 4
0 1 142 7 0 4
0 1 42 48 1 5
0 1 102 29 0 1
0 1 72 26 0 4
0 1 78 42 0 1
0 1 115 42 0 3
0 1 28 19 1 5
0 1 11 18 1 2
0 1 13 20 1 5
0 1 65 43 0 4
0 1 38 14 0 5
0 1 147 46 1 0
0 1 36 39 0 1
0 1 3 0 0 3
0 1 112 11 1 3
0 1 62 16 0 1
0 1 9 12 0 3
0 1 101 44 1 5
0 1 61 30 1 4
0 1 139 22 1 1
0 1 30 30 0 5
0 1 140 49 0 3
0 1 100 15 0 5
0 1 23 23 0 4
0 1 99 13 0 5
0 1 138 19 1 1
0 1 122 21 0 3
0 1 73 20 1 1
0 1 108 15 0 4
0 1 147 32 0 5
0 1 123 14 0 0
0 1 95 29 1 5
0 1 73 25 0 0
0 1 149 6 0 4
0 1 141 32 1 0
0 1 144 46 0 5
0 1 134 42 0 2
0 1 91 7 1 5
0 1 56 10 1 3
0 1 46 16 0 5
0 1 14 24 0 3
0 1 84 5 1 2
0 1 148 26 0 5
0 1 29 46 1 3
0 1 136 20 0 3
0 1 36 8 1 4
0 1 25 23 0 5
0 1 58 13 0 1
0 1 120 28 1 4
0 1 70 1 1 5
0 1 86 9 0 5
0 1 10 20 0 2
0 1 137 45 0 2
0 1 9 44 1 3
0 1 77 33 0 3
0 1 132 40 1 5
0 1 54 31 0 5
0 1 129 4 0 3
0 1 124 47 0 1
0 1 93 47 0 5
0 1 89 12 1 0
0 1 27 24 1 1
0 1 16 37 1 0
0 1 119 49 1 0
0 1 123 25 1 5
0 1 111 7 0 0
0 1 51 34 0 4
0 1 107 0 1 2
0 1 68 9 0 4
0 1 113 29 0 3
0 1 22 9 1 1
0 1 101 34 0 1
0 1 12 46 0 4
0 1 45 27 0 2
0 1 45 39 1 2
0 1 15 40 0 0
0 1 39 41 0 0
0 1 0 21 1 4
0 1 127 7 1 1
0 1 55 18 0 5
0 1 133 27 0 5
0 1 145 4 1 0
0 1 96 49 0 5
0 1 12 43 1 5
0 1 59 13 0 3
0 1 66 38 0 2
0 1 80 37 0 1
0 1 1 5 1 5
0 1 22 19 0 4
0 1 81 2 1 1
0 1 48 1 0 1
0 1 119 6 0 2
0 1 97 33 0 0
0 1 46 17 1 0
0 1 100 14 1 4
0 1 117 24 0 5
0 1 34 21 0 2
0 1 49 47 0 4
0 1 29 41 0 4
0 1 121 20 1 0
0 1 19 15 0 1
0 1 2 31 0 3
0 1 113 26 1 3
0 1 30 22 1 3
0 1 126 28 1 0
0 1 25 3 1 4
0 1 34 16 1 3
0 1 116 39 1 4
0 1 26 29 1 4
0 1 118 12 0 4
0 1 80 48 1 2
0 1 63 30 1 1
0 1 43 10 1 1
0 1 6 42 1 5
0 1 28 11 0 0
0 1 49 35 1 4
0 1 86 8 1 3
0 1 79 32 0 1
0 1 21 23 0 2
0 1 92 36 1 4
0 1 84 45 0 1
