0 1 64 47 1 0
0 1 46 33 0 3
0 1 35 2 1 0
0 1 76 18 1 1
0 1 41 42 1 1
0 1 104 44 0 0
0 1 147 34 1 3
0 1 112 4 0 4
0 1 81 9 0 5
0 1 107 29 0 5
0 1 138 47 1 4
0 1 126 10 1 2
0 1 141 20 1 1
0 1 123 9 0 4
0 1 59 48 1 2
0 1 34 32 0 3
0 1 19 30 0 5
0 1 116 43 0 4
0 1 62 29 1 3
0 1 101 22 1 0
0 1 105 6 0 4
0 1 32 13 0 5
0 1 140 38 0 1
0 1 17 28 1 4
0 1 2 10 1 0
0 1 134 15 0 4
0 1 111 0 1 2
0 1 12 24 1 3
0 1 85 39 1 0
0 1 56 25 0 5
0 1 28 27 0 2
0 1 83 37 0 3
0 1 114 41 0 3
0 1 124 20 1 2
0 1 94 49 1 1
0 1 99 21 1 5
0 1 18 26 0 1
0 1 33 19 0 0
0 1 16 43 1 2
0 1 90 13 0 4
0 1 66 12 0 0
0 1 142 16 1 4
0 1 47 1 0 5
0 1 77 34 0 4
0 1 87 34 0 5
0 1 71 39 0 4
0 1 77 30 1 4
0 1 116 23 1 2
0 1 105 45 1 3
0 1 88 17 1 3
0 1 25 5 1 2
0 1 125 49 0 3
0 1 65 19 1 4
0 1 1 12 1 5
0 1 98 34 1 2
0 1 0 48 0 1
0 1 101 39 0 2
0 1 80 7 0 0
0 1 141 22 0 2
0 1 145 11 1 0
0 1 51 38 1 2
0 1 64 5 0 5
0 1 51 42 0 0
0 1 119 0 0 0
0 1 5 10 0 5
0 1 114 46 1 5
0 1 139 22 0 3
0 1 27 24 1 1
0 1 44 28 1 5
0 1 9 15 0 2
0 1 25 17 0 4
0 1 74 33 1 2
0 1 136 28 0 3
0 1 127 7 0 1
0 1 11 4 1 0
0 1 102 21 0 3
0 1 60 27 0 1
0 1 93 11 1 1
0 1 74 25 0 4
0 1 75 5 1 1
0 1 6 14 0 5
0 1 52 15 0 1
0 1 131 45 1 1
0 1 59 23 0 1
0 1 144 11 0 4
0 1 3 20 1 3
0 1 67 23 1 4
0 1 27 49 0 5
0 1 103 41 0 1
0 1 106 40 1 2
0 1 4 2 1 2
0 1 146 24 0 4
0 1 41 11 0 5
0 1 68 13 0 3
0 1 8 44 0 5
0 1 109 16 0 0
0 1 128 8 0 1
0 1 128 20 1 0
0 1 107 31 1 2
0 1 53 34 1 1
0 1 84 44 0 4
0 1 52 17 1 1
0 1 61 13 0 2
0 1 134 43 1 0
0 1 124 23 0 3
0 1 135 2 0 1
0 1 67 3 0 3
0 1 14 16 0 3
0 1 19 12 1 2
0 1 117 33 0 0
0 1 47 19 1 2
0 1 34 3 1 2
0 1 7 13 0 1
0 1 38 18 1 2
0 1 40 30 0 2
0 1 26 28 0 0
0 1 48 21 1 4
0 1 122 0 0 4
0 1 80 5 1 4
0 1 115 38 0 3
0 1 21 47 1 2
0 1 133 40 0 4
0 1 45 40 0 1
0 1 97 42 0 3
0 1 43 37 0 0
0 1 106 41 0 4
0 1 126 35 0 0
0 1 85 1 0 2
0 1 109 20 1 4
0 1 32 15 1 5
0 1 69 11 1 2
0 1 70 3 1 0
0 1 38 38 0 0
0 1 136 32 1 2
0 1 48 36 0 1
0 1 1 6 0 0
0 1 45 27 1 0
0 1 75 47 0 5
0 1 110 22 1 4
0 1 82 4 0 2
0 1 108 14 0 0
0 1 130 29 1 1
0 1 95 25 0 2
0 1 7 40 1 3
0 1 87 8 1 3
0 1 3 7 0 5
0 1 121 45 0 2
0 1 149 27 1 5
0 1 73 48 0 4
0 1 30 44 1 3
0 1 72 9 1 0
0 1 70 35 0 3
0 1 55 37 0 4
0 1 6 30 1 1
0 1 23 23 1 5
0 1 131 24 0 2
0 1 146 26 1 3
0 1 5 3 1 4
0 1 14 29 1 4
0 1 110 12 0 1
0 1 13 35 1 1
0 1 66 6 1 2
0 1 20 25 1 1
0 1 37 18 1 5
0 1 96 35 1 5
0 1 148 4 1 1
0 1 108 46 1 0
0 1 65 43 0 1
0 1 71 46 1 2
0 1 89 0 1 5
0 1 44 49 0 4
0 1 17 33 0 4
0 1 61 28 1 1
0 1 36 8 1 0
0 1 8 43 1 3
0 1 73 31 1 1
0 1 68 8 1 5
0 1 118 7 1 4
0 1 102 19 1 5
0 1 120 2 0 4
0 1 31 34 0 0
0 1 63 41 1 5
0 1 138 36 0 4
0 1 117 17 1 5
0 1 54 14 1 2
0 1 22 38 1 4
0 1 78 6 0 5
0 1 10 39 1 3
0 1 50 36 1 2
0 1 95 46 1 1
0 1 98 26 0 2
0 1 100 16 0 5
0 1 148 31 0 4
0 1 119 26 1 5
0 1 144 37 1 5
0 1 10 21 0 0
0 1 42 1 0 3
0 1 58 7 0 3
0 1 63 31 0 3
0 1 129 40 0 5
0 1 84 39 1 5
0 1 120 47 1 1
0 1 113 0 1 1
0 1 145 31 0 0
0 1 127 35 1 4
0 1 26 32 1 1
0 1 40 41 1 2
0 1 39 3 1 1
0 1 147 10 0 4
0 1 92 15 1 0
0 1 91 9 0 3
0 1 22 1 0 0
0 1 79 29 0 2
0 1 72 48 0 0
0 1 76 18 0 0
0 1 54 40 0 0
0 1 35 29 0 0
0 1 93 12 0 4
0 1 97 36 1 3
0 1 139 18 1 3
0 1 129 45 1 5
0 1 90 9 1 1
0 1 2 21 0 2
0 1 60 49 1 2
0 1 112 42 1 5
0 1 56 16 1 1
0 1 88 19 0 3
0 1 81 46 1 4
0 1 12 32 0 0
0 1 143 17 0 2
0 1 55 44 1 1
0 1 62 2 0 5
0 1 123 0 1 3
0 1 50 10 0 3
0 1 20 8 0 4
0 1 0 33 1 5
0 1 83 45 1 0
0 1 132 18 0 4
0 1 122 24 1 5
0 1 96 32 0 4
0 1 99 48 0 5
0 1 53 37 0 1
0 1 24 19 0 1
0 1 86 33 1 1
0 1 42 26 1 0
0 1 31 4 1 5
0 1 29 25 1 3
0 1 18 42 1 2
0 1 130 27 0 4
0 1 30 5 0 0
0 1 4 1 0 1
0 1 121 14 1 4
0 1 28 14 1 1
0 1 36 36 0 0
0 1 100 10 1 1
0 1 39 6 0 3
0 1 9 3 1 5
0 1 140 30 1 3
0 1 57 23 0 0
0 1 133 17 1 0
0 1 92 22 0 1
0 1 58 7 1 2
0 1 49 1 1 4
0 1 57 8 1 2
0 1 137 32 1 5
0 1 125 5 1 3
0 1 149 46 0 3
0 1 43 26 1 4
0 1 78 6 1 1
0 1 24 30 1 0
0 1 29 13 0 0
0 1 137 12 0 3
0 1 91 47 1 3
0 1 132 44 1 2
0 1 86 14 0 3
0 1 46 22 1 5
0 1 111 49 0 0
0 1 103 42 1 4
0 1 16 21 0 1
0 1 79 4 1 3
0 1 143 16 1 2
0 1 49 11 0 3
0 1 104 37 1 2
0 1 115 43 1 5
0 1 118 2 0 3
0 1 33 41 1 0
0 1 82 45 1 4
0 1 23 31 0 5
0 1 11 48 0 3
0 1 89 35 0 2
0 1 13 25 0 0
0 1 69 24 0 0
0 1 113 9 0 2
0 1 21 38 0 5
0 1 135 15 1 3
0 1 37 27 0 3
0 1 94 20 0 5
0 1 15 28 0 2
0 1 15 39 1 1
0 1 142 36 0 5
