0 1 22 30 0 4
0 1 131 9 1 0
0 1 96 47 1 1
0 1 5 40 0 1
0 1 19 13 0 1
0 1 83 37 1 1
0 1 61 46 1 3
0 1 119 28 1 5
0 1 121 34 0 5
0 1 32 23 0 5
0 1 133 36 0 4
0 1 92 22 1 1
0 1 44 31 0 5
0 1 57 16 1 2
0 1 87 10 1 4
0 1 143 25 1 4
0 1 56 10 1 0
0 1 85 45 1 5
0 1 3 40 0 0
0 1 103 46 1 1
0 1 144 3 0 5
0 1 11 17 0 5
0 1 134 20 1 3
0 1 76 6 1 1
0 1 53 27 0 0
0 1 114 39 0 4
0 1 143 3 0 2
0 1 99 21 1 0
0 1 40 11 0 5
0 1 78 32 0 5
0 1 74 7 1 2
0 1 78 5 1 1
0 1 76 31 0 4
0 1 32 23 1 3
0 1 138 36 0 5
0 1 81 8 1 0
0 1 119 43 0 2
0 1 104 19 1 0
0 1 149 37 1 4
0 1 107 49 1 0
0 1 146 2 0 4
0 1 41 9 1 3
0 1 105 37 1 3
0 1 92 9 0 1
0 1 114 3 1 3
0 1 1 2 0 0
0 1 103 36 0 3
0 1 127 45 1 3
0 1 123 33 0 5
0 1 51 24 1 3
0 1 77 28 0 2
0 1 113 17 1 3
0 1 9 32 1 1
0 1 9 35 0 1
0 1 129 14 0 0
0 1 42 43 0 0
0 1 116 12 0 3
0 1 83 44 0 4
0 1 123 18 1 1
0 1 128 26 0 3
0 1 106 33 1 3
0 1 70 13 1 2
0 1 24 15 1 3
0 1 59 4 0 0
0 1 60 40 0 3
0 1 133 1 1 2
0 1 36 20 1 5
0 1 70 38 0 3
0 1 58 24 0 5
0 1 142 15 0 1
0 1 46 49 1 2
0 1 137 1 0 5
0 1 49 49 0 5
0 1 68 4 1 2
0 1 35 2 0 2
0 1 118 48 0 3
0 1 149 0 0 0
0 1 59 17 1 1
0 1 46 2 0 3
0 1 57 21 0 3
0 1 43 5 0 2
0 1 69 44 0 2
0 1 45 11 1 2
0 1 65 13 1 3
0 1 77 36 1 1
0 1 15 30 1 5
0 1 105 19 0 1
0 1 82 39 1 1
0 1 102 16 1 0
0 1 28 8 1 3
0 1 68 28 0 0
0 1 86 31 0 3
0 1 65 24 0 4
0 1 63 26 0 4
0 1 1 9 1 4
0 1 148 3 1 0
0 1 110 22 0 4
0 1 29 0 0 4
0 1 120 27 0 1
0 1 14 45 0 0
0 1 128 49 1 4
0 1 98 15 1 0
0 1 72 11 1 1
0 1 10 29 1 2
0 1 139 42 0 5
0 1 72 38 0 4
0 1 30 27 1 2
0 1 55 41 1 3
0 1 100 18 1 5
0 1 75 28 1 1
0 1 88 19 1 4
0 1 136 6 1 5
0 1 0 34 1 2
0 1 53 45 1 1
0 1 104 41 0 4
0 1 112 0 1 5
0 1 94 12 0 5
0 1 110 6 1 0
0 1 147 10 0 3
0 1 11 45 1 4
0 1 82 23 0 2
0 1 109 38 0 5
0 1 108 29 1 3
0 1 8 8 1 5
0 1 52 5 0 3
0 1 117 43 1 4
0 1 108 25 0 3
0 1 6 32 1 0
0 1 116 42 1 2
0 1 56 11 0 4
0 1 34 42 0 4
0 1 140 47 0 2
0 1 38 47 0 3
0 1 75 38 0 0
0 1 63 6 1 4
0 1 124 19 1 3
0 1 125 30 0 3
0 1 97 23 1 4
0 1 127 14 0 2
0 1 30 28 0 3
0 1 47 33 0 0
0 1 107 2 0 1
0 1 17 49 0 1
0 1 94 4 1 1
0 1 124 26 0 1
0 1 31 20 1 2
0 1 73 37 1 0
0 1 54 24 1 2
0 1 27 0 0 1
0 1 141 25 1 0
0 1 50 35 1 3
0 1 101 47 1 4
0 1 13 14 0 5
0 1 80 0 0 3
0 1 97 42 0 1
0 1 61 16 0 5
0 1 79 30 0 2
0 1 112 34 0 1
0 1 98 10 0 5
0 1 38 16 1 4
0 1 2 18 0 2
0 1 33 20 0 1
0 1 47 42 1 3
0 1 7 8 0 2
0 1 21 32 1 4
0 1 23 46 0 0
0 1 90 29 1 5
0 1 16 26 0 5
0 1 132 40 1 2
0 1 138 29 1 0
0 1 102 46 0 2
0 1 43 44 1 3
0 1 20 35 0 0
0 1 147 43 1 1
0 1 62 44 0 5
0 1 3 19 1 2
0 1 109 25 1 2
0 1 8 1 0 4
0 1 39 33 1 4
0 1 17 39 1 2
0 1 134 15 0 2
0 1 64 31 0 1
0 1 69 11 1 3
0 1 139 21 1 2
0 1 4 12 0 1
0 1 80 46 1 4
0 1 64 4 1 4
0 1 122 7 1 1
0 1 67 7 1 0
0 1 55 48 0 2
0 1 135 22 0 3
0 1 10 7 0 4
0 1 40 14 1 4
0 1 4 35 1 5
0 1 37 32 0 3
0 1 29 3 1 4
0 1 36 4 0 5
0 1 126 13 1 5
0 1 62 37 1 2
0 1 16 36 1 2
0 1 89 47 1 5
0 1 26 21 0 5
0 1 12 20 0 4
0 1 117 43 0 3
0 1 141 23 0 0
0 1 35 5 1 4
0 1 85 48 0 5
0 1 91 1 1 1
0 1 126 6 0 3
0 1 58 5 1 5
0 1 7 27 1 3
0 1 99 19 0 5
0 1 31 3 0 1
0 1 26 9 1 2
0 1 24 21 0 4
0 1 101 41 0 0
0 1 135 48 1 1
0 1 144 41 1 1
0 1 74 17 0 4
0 1 52 24 1 1
0 1 19 12 1 0
0 1 129 22 1 2
0 1 71 18 1 0
0 1 115 34 0 4
0 1 113 2 0 5
0 1 137 12 1 2
0 1 142 16 1 3
0 1 21 38 0 1
0 1 45 18 0 4
0 1 66 14 1 3
0 1 90 1 0 3
0 1 148 35 0 2
0 1 140 25 1 5
0 1 84 39 1 3
0 1 100 44 0 0
0 1 130 9 1 5
0 1 42 39 1 5
0 1 49 13 1 4
0 1 122 10 0 1
0 1 22 1 1 0
0 1 71 29 0 1
0 1 86 7 1 5
0 1 48 14 1 1
0 1 81 31 0 2
0 1 132 26 0 2
0 1 39 17 0 2
0 1 54 8 0 1
0 1 111 33 0 2
0 1 27 27 1 5
0 1 41 29 0 4
0 1 118 41 1 5
0 1 13 15 1 4
0 1 6 41 0 2
0 1 48 42 0 0
0 1 25 32 1 2
0 1 60 45 1 2
0 1 145 44 0 1
0 1 93 48 1 0
0 1 125 37 1 5
0 1 25 26 0 0
0 1 84 40 0 5
0 1 33 34 1 0
0 1 37 22 1 5
0 1 23 18 1 3
0 1 91 27 0 4
0 1 0 39 0 0
0 1 136 11 0 0
0 1 18 47 1 0
0 1 115 30 1 1
0 1 5 23 1 1
0 1 28 8 0 4
0 1 34 17 1 0
0 1 106 49 0 3
0 1 79 33 1 1
0 1 20 28 1 4
0 1 14 6 1 2
0 1 50 35 0 4
0 1 95 46 0 5
0 1 87 24 0 0
0 1 89 5 0 0
0 1 145 40 1 4
0 1 121 21 1 1
0 1 120 4 1 3
0 1 12 25 1 1
0 1 66 31 0 0
0 1 95 10 1 2
0 1 15 43 0 5
0 1 2 16 1 1
0 1 51 15 0 5
0 1 73 7 0 3
0 1 67 20 0 0
0 1 111 34 1 3
0 1 131 48 0 4
0 1 88 36 0 0
0 1 93 22 0 0
0 1 96 30 0 0
0 1 44 38 1 2
0 1 18 0 0 2
0 1 130 13 0 0
0 1 146 12 1 4
