0 1 57 46 1 5
0 1 143 19 0 0
0 1 22 23 0 2
0 1 75 35 1 0
0 1 5 24 0 0
0 1 89 35 1 5
0 1 120 42 1 2
0 1 95 48 1 3
0 1 139 15 1 4
0 1 41 7 0 0
0 1 104 16 1 1
0 1 23 32 0 4
0 1 24 21 0 0
0 1 63 24 0 3
0 1 62 4 1 4
0 1 109 0 0 4
0 1 102 41 0 3
0 1 127 1 1 3
0 1 126 29 1 5
0 1 66 30 0 1
0 1 110 9 0 5
0 1 48 11 0 4
0 1 105 36 0 5
0 1 12 39 0 3
0 1 82 34 0 5
0 1 77 25 1 2
0 1 51 49 0 0
0 1 122 44 1 5
0 1 125 13 1 4
0 1 87 17 1 4
0 1 146 45 0 3
0 1 118 10 1 2
0 1 123 49 1 5
0 1 94 15 1 2
0 1 53 8 0 2
0 1 78 16 0 3
0 1 61 17 1 1
0 1 115 3 1 1
0 1 113 17 0 5
0 1 99 11 1 1
0 1 36 14 0 0
0 1 142 32 0 1
0 1 17 48 1 1
0 1 130 14 1 3
0 1 32 5 0 2
0 1 136 27 0 1
0 1 137 20 1 1
0 1 8 26 0 4
0 1 45 31 0 5
0 1 25 30 0 5
0 1 103 44 1 2
0 1 132 41 1 0
0 1 76 7 0 2
0 1 129 39 1 5
0 1 33 22 0 3
0 1 38 37 0 3
0 1 71 30 0 0
0 1 37 29 1 0
0 1 73 10 0 1
0 1 0 15 0 5
0 1 27 43 1 2
0 1 19 8 0 3
0 1 15 34 0 3
0 1 59 25 0 1
0 1 88 18 1 1
0 1 47 21 1 3
0 1 149 34 0 4
0 1 105 20 1 5
0 1 139 41 0 5
0 1 1 18 0 4
0 1 134 45 1 0
0 1 102 40 1 5
0 1 30 12 1 3
0 1 20 27 1 3
0 1 149 38 1 1
0 1 32 49 1 1
0 1 41 24 1 4
0 1 11 35 0 2
0 1 110 33 1 1
0 1 123 15 0 1
0 1 88 2 0 1
0 1 50 38 1 0
0 1 116 2 0 5
0 1 127 27 0 2
0 1 83 36 0 1
0 1 82 31 1 2
0 1 89 42 0 4
0 1 77 36 0 0
0 1 96 40 0 2
0 1 40 22 0 1
0 1 64 0 1 3
0 1 58 27 0 5
0 1 44 20 1 3
0 1 43 12 0 4
0 1 71 18 1 0
0 1 61 14 0 2
0 1 59 46 1 0
0 1 58 40 1 1
0 1 24 34 1 1
0 1 48 2 1 4
0 1 42 0 0 5
0 1 52 28 0 0
0 1 18 5 1 5
0 1 114 45 0 5
0 1 7 13 1 0
0 1 20 19 0 1
0 1 63 24 1 1
0 1 6 44 1 0
0 1 18 25 0 5
0 1 116 23 1 0
0 1 8 22 1 5
0 1 49 17 1 0
0 1 43 39 1 0
0 1 36 13 1 3
0 1 13 47 0 0
0 1 90 28 0 5
0 1 66 37 1 1
0 1 84 38 0 5
0 1 79 38 0 3
0 1 56 6 0 1
0 1 70 22 0 0
0 1 54 43 1 4
0 1 87 9 0 2
0 1 138 6 0 5
0 1 93 1 0 2
0 1 7 39 0 4
0 1 115 33 0 0
0 1 30 19 0 5
0 1 117 42 0 3
0 1 111 47 1 4
0 1 93 19 1 3
0 1 52 48 1 4
0 1 29 22 0 4
0 1 97 28 0 4
0 1 14 5 1 1
0 1 53 0 1 2
0 1 16 6 1 0
0 1 3 40 0 4
0 1 9 42 1 1
0 1 6 29 0 1
0 1 98 19 1 4
0 1 112 31 1 1
0 1 21 29 0 3
0 1 40 4 1 0
0 1 126 8 0 5
0 1 67 5 1 4
0 1 106 20 1 0
0 1 60 49 1 4
0 1 37 48 0 2
0 1 129 8 0 1
0 1 56 40 1 3
0 1 101 25 1 3
0 1 15 21 1 4
0 1 104 38 0 4
0 1 55 41 0 1
0 1 83 16 1 2
0 1 68 41 0 2
0 1 2 23 1 4
0 1 39 14 0 4
0 1 136 39 1 2
0 1 28 25 1 0
0 1 78 35 1 3
0 1 55 3 1 0
0 1 92 23 0 3
0 1 74 28 1 1
0 1 135 7 1 1
0 1 106 9 0 0
0 1 113 11 1 3
0 1 76 12 1 2
0 1 144 11 0 2
0 1 124 43 1 5
0 1 85 42 1 0
0 1 90 3 1 5
0 1 38 46 1 3
0 1 79 16 1 5
0 1 134 37 0 5
0 1 121 33 0 2
0 1 69 4 1 2
0 1 68 1 1 5
0 1 131 0 0 1
0 1 29 44 1 4
0 1 5 10 1 5
0 1 114 8 1 0
0 1 107 33 1 5
0 1 145 31 0 0
0 1 34 26 1 2
0 1 97 47 1 3
0 1 4 4 0 1
0 1 108 6 0 3
0 1 57 28 0 2
0 1 25 26 1 1
0 1 35 32 0 5
0 1 140 6 1 4
0 1 92 13 1 2
0 1 74 15 0 0
0 1 47 9 0 1
0 1 44 3 0 4
0 1 27 10 0 3
0 1 138 16 1 0
0 1 9 32 0 0
0 1 135 30 0 3
0 1 17 18 0 5
0 1 146 43 1 3
0 1 96 7 1 4
0 1 3 46 1 1
0 1 1 5 1 3
0 1 147 1 1 0
0 1 81 4 0 3
0 1 28 34 0 0
0 1 130 45 0 1
0 1 112 37 0 2
0 1 46 36 0 4
0 1 95 25 0 4
0 1 141 12 1 1
0 1 42 26 1 0
0 1 108 27 1 4
0 1 80 33 0 4
0 1 122 12 0 0
0 1 148 45 0 4
0 1 45 45 1 2
0 1 86 30 1 2
0 1 128 8 0 4
0 1 50 20 0 4
0 1 22 14 1 5
0 1 132 9 0 3
0 1 16 13 0 5
0 1 119 32 0 3
0 1 120 7 0 5
0 1 144 29 1 2
0 1 142 35 1 1
0 1 143 21 1 1
0 1 10 43 1 1
0 1 75 46 0 4
0 1 124 47 0 1
0 1 13 17 1 3
0 1 65 47 1 5
0 1 21 3 1 3
0 1 117 24 1 2
0 1 128 44 1 3
0 1 31 36 1 2
0 1 86 21 0 5
0 1 125 2 0 3
0 1 137 48 0 5
0 1 14 11 0 0
0 1 94 2 0 0
0 1 39 26 1 5
0 1 84 18 1 3
0 1 148 24 1 5
0 1 60 27 0 0
0 1 4 47 1 2
0 1 101 12 0 5
0 1 26 20 1 2
0 1 31 19 0 2
0 1 100 23 1 5
0 1 111 49 0 3
0 1 10 17 0 2
0 1 0 10 1 4
0 1 72 7 0 3
0 1 100 37 0 0
0 1 98 1 0 1
0 1 35 31 1 4
0 1 46 34 1 2
0 1 109 32 1 2
0 1 140 3 0 2
0 1 51 16 1 4
0 1 33 4 1 5
0 1 133 43 0 0
0 1 11 13 1 1
0 1 73 9 1 4
0 1 141 39 0 1
0 1 65 29 0 4
0 1 23 15 1 3
0 1 81 48 1 0
0 1 64 22 0 2
0 1 49 26 0 3
0 1 91 33 1 3
0 1 91 41 0 4
0 1 103 2 0 2
0 1 69 6 0 2
0 1 131 18 1 2
0 1 145 37 1 4
0 1 72 49 1 2
0 1 147 35 0 4
0 1 107 14 0 1
0 1 19 40 1 0
0 1 67 38 0 2
0 1 133 44 1 1
0 1 26 36 0 3
0 1 99 11 0 5
0 1 2 42 0 5
0 1 62 31 0 3
0 1 85 28 0 3
0 1 12 30 1 4
0 1 54 5 0 0
0 1 80 46 1 2
0 1 118 10 0 0
0 1 119 21 1 2
0 1 34 0 0 0
0 1 70 23 1 1
0 1 121 1 1 4
