0 1 126 42 1 1
0 1 140 22 0 1
0 1 141 20 0 0
0 1 106 39 1 1
0 1 100 33 0 3
0 1 122 11 0 5
0 1 107 45 0 5
0 1 0 23 0 3
0 1 89 28 1 2
0 1 38 4 0 1
0 1 138 2 0 2
0 1 15 36 1 1
0 1 115 8 0 0
0 1 48 27 0 1
0 1 86 38 0 0
0 1 14 47 0 1
0 1 108 18 0 2
0 1 101 30 0 3
0 1 108 19 1 1
0 1 147 19 0 0
0 1 73 0 1 4
0 1 120 18 1 4
0 1 44 29 1 4
0 1 79 14 0 2
0 1 117 32 0 0
0 1 49 15 1 5
0 1 31 11 0 4
0 1 127 31 0 0
0 1 64 36 1 3
0 1 31 3 1 2
0 1 127 23 1 2
0 1 51 21 0 5
0 1 37 14 0 5
0 1 145 20 1 5
0 1 112 48 1 2
0 1 142 1 1 2
0 1 23 5 1 3
0 1 72 18 1 3
0 1 66 37 1 3
0 1 70 31 1 3
0 1 61 12 0 2
0 1 60 10 0 4
0 1 90 42 0 3
0 1 96 46 1 1
0 1 78 10 0 0
0 1 110 43 1 0
0 1 9 37 0 1
0 1 62 39 0 5
0 1 146 6 0 5
0 1 99 40 0 3
0 1 149 44 0 1
0 1 15 27 0 5
0 1 91 13 1 4
0 1 67 0 0 3
0 1 69 25 0 4
0 1 121 46 0 0
0 1 93 5 1 0
0 1 119 28 1 0
0 1 119 1 0 0
0 1 40 17 1 3
0 1 65 45 1 4
0 1 101 46 1 3
0 1 36 0 1 5
0 1 55 24 0 0
0 1 64 47 0 0
0 1 145 36 0 2
0 1 33 8 1 4
0 1 105 36 1 0
0 1 77 35 1 1
0 1 35 16 0 0
0 1 63 2 1 1
0 1 54 4 1 0
0 1 81 21 0 2
0 1 83 49 1 1
0 1 37 47 1 4
0 1 117 20 1 4
0 1 5 39 0 3
0 1 109 2 0 4
0 1 44 9 0 5
0 1 123 25 0 2
0 1 52 38 0 3
0 1 98 42 0 0
0 1 11 34 1 5
0 1 33 33 0 1
0 1 46 23 0 0
0 1 113 23 0 4
0 1 29 26 1 3
0 1 95 35 0 3
0 1 50 44 0 5
0 1 75 48 0 1
0 1 81 41 1 1
0 1 7 1 0 5
0 1 7 25 1 0
0 1 60 3 1 1
0 1 39 41 1 2
0 1 65 10 0 1
0 1 53 9 0 4
0 1 132 32 0 2
0 1 116 6 1 0
0 1 43 45 1 1
0 1 122 29 1 5
0 1 26 23 0 1
0 1 107 43 1 1
0 1 3 41 1 3
0 1 24 34 0 4
0 1 116 30 0 0
0 1 0 20 1 3
0 1 57 7 0 1
0 1 80 20 1 2
0 1 66 34 0 1
0 1 132 16 1 3
0 1 97 15 0 4
0 1 88 10 0 3
0 1 74 40 0 0
0 1 148 13 1 3
0 1 46 41 1 4
0 1 140 1 1 1
0 1 128 36 0 5
0 1 13 26 1 1
0 1 53 35 1 5
0 1 95 16 1 4
0 1 106 22 0 4
0 1 114 26 0 0
0 1 1 39 1 2
0 1 51 5 1 1
0 1 21 30 0 4
0 1 146 40 1 4
0 1 89 0 0 2
0 1 25 26 1 4
0 1 68 12 0 5
0 1 58 28 0 4
0 1 12 6 1 3
0 1 26 33 1 0
0 1 67 49 1 5
0 1 82 18 0 1
0 1 102 9 1 2
0 1 5 11 1 1
0 1 142 22 0 5
0 1 71 21 0 3
0 1 97 17 1 2
0 1 129 43 1 2
0 1 131 41 1 0
0 1 3 14 0 1
0 1 111 30 1 5
0 1 77 21 0 0
0 1 34 49 0 3
0 1 34 32 1 5
0 1 143 21 0 4
0 1 58 31 1 4
0 1 30 13 1 1
0 1 125 46 1 2
0 1 20 12 1 0
0 1 73 13 0 0
0 1 78 44 1 4
0 1 126 8 0 2
0 1 17 7 1 0
0 1 137 47 1 3
0 1 121 24 1 3
0 1 111 4 0 5
0 1 137 27 0 4
0 1 144 19 1 4
0 1 48 12 1 3
0 1 12 33 0 4
0 1 50 17 1 5
0 1 70 48 0 0
0 1 29 13 0 2
0 1 76 26 1 2
0 1 45 14 0 4
0 1 133 35 0 4
0 1 75 49 1 2
0 1 69 16 1 2
0 1 56 34 1 2
0 1 99 32 1 4
0 1 98 37 1 0
0 1 139 48 0 3
0 1 61 2 1 0
0 1 90 31 1 2
0 1 49 28 0 3
0 1 94 22 1 0
0 1 118 43 0 5
0 1 4 14 1 0
0 1 39 3 0 3
0 1 148 11 0 3
0 1 22 8 0 3
0 1 130 28 0 1
0 1 104 25 1 5
0 1 82 47 1 2
0 1 19 48 1 4
0 1 92 43 0 4
0 1 104 24 0 2
0 1 59 3 0 5
0 1 129 24 0 4
0 1 40 7 0 5
0 1 19 18 0 0
0 1 56 15 0 0
0 1 120 37 0 5
0 1 84 27 0 3
0 1 100 17 1 1
0 1 36 15 0 2
0 1 6 22 1 2
0 1 55 40 1 2
0 1 87 0 0 0
0 1 91 42 0 2
0 1 20 6 0 1
0 1 32 19 0 3
0 1 57 37 1 2
0 1 2 27 1 2
0 1 133 9 1 3
0 1 21 38 1 2
0 1 118 46 1 5
0 1 10 15 0 3
0 1 25 38 0 4
0 1 54 9 0 0
0 1 47 29 1 0
0 1 139 43 1 3
0 1 105 42 0 4
0 1 42 44 1 3
0 1 92 6 1 2
0 1 128 12 1 4
0 1 11 5 0 2
0 1 141 45 1 2
0 1 144 31 0 1
0 1 123 40 1 5
0 1 43 2 0 3
0 1 38 19 1 2
0 1 47 11 0 0
0 1 59 29 1 2
0 1 71 4 1 3
0 1 94 17 0 0
0 1 28 49 0 0
0 1 113 32 1 1
0 1 23 13 0 5
0 1 149 7 1 4
0 1 84 38 1 1
0 1 32 28 1 5
0 1 79 46 1 4
0 1 136 36 1 4
0 1 2 5 0 5
0 1 18 33 1 5
0 1 28 34 1 3
0 1 103 33 1 2
0 1 134 9 0 1
0 1 83 44 0 0
0 1 27 30 1 1
0 1 4 29 0 3
0 1 9 10 1 2
0 1 22 32 1 3
0 1 18 47 0 5
0 1 17 45 0 0
0 1 85 7 0 3
0 1 87 39 1 0
0 1 52 12 1 1
0 1 63 3 0 4
0 1 124 22 1 3
0 1 136 1 0 3
0 1 16 25 0 3
0 1 13 27 0 0
0 1 110 23 0 5
0 1 131 3 0 0
0 1 103 8 0 1
0 1 27 35 0 2
0 1 30 45 0 3
0 1 76 24 0 1
0 1 93 29 0 1
0 1 68 25 1 1
0 1 124 39 0 4
0 1 109 4 1 4
0 1 8 0 0 1
0 1 85 6 1 4
0 1 14 42 1 5
0 1 1 40 0 1
0 1 41 20 1 1
0 1 80 38 0 5
0 1 45 34 1 0
0 1 135 10 0 5
0 1 115 24 1 5
0 1 102 4 0 2
0 1 138 16 1 1
0 1 143 2 1 5
0 1 86 1 1 4
0 1 130 14 1 3
0 1 74 11 1 2
0 1 35 48 1 5
0 1 24 17 1 4
0 1 16 49 1 4
0 1 147 18 1 5
0 1 135 5 1 4
0 1 125 35 0 0
0 1 6 31 0 5
0 1 62 8 1 5
0 1 96 15 0 1
0 1 41 7 0 2
0 1 72 26 0 5
0 1 42 30 0 2
0 1 134 21 1 1
0 1 114 16 1 5
0 1 10 37 1 4
0 1 8 19 1 5
0 1 112 44 0 2
0 1 88 41 1 5
