0 1 146 8 0 1
0 1 109 20 0 2
0 1 122 35 0 4
0 1 9 40 1 5
0 1 82 29 0 3
0 1 136 30 0 5
0 1 58 21 0 0
0 1 8 37 0 2
0 1 10 48 1 4
0 1 99 49 0 3
0 1 24 32 0 2
0 1 7 40 1 2
0 1 138 26 1 1
0 1 100 26 0 3
0 1 113 29 0 0
0 1 135 28 1 5
0 1 143 38 1 2
0 1 27 6 1 4
0 1 40 25 1 4
0 1 145 42 0 1
0 1 46 22 1 5
0 1 48 44 1 5
0 1 71 0 1 2
0 1 45 46 1 3
0 1 55 31 1 3
0 1 45 23 0 4
0 1 37 36 0 5
0 1 116 43 0 0
0 1 60 46 1 1
0 1 1 4 0 0
0 1 84 35 1 5
0 1 124 45 0 3
0 1 35 5 1 4
0 1 23 43 0 1
0 1 132 24 1 3
0 1 126 48 0 3
0 1 76 8 1 2
0 1 29 2 1 3
0 1 2 18 0 4
0 1 59 13 0 3
0 1 36 3 1 0
0 1 52 2 1 2
0 1 77 16 1 4
0 1 147 23 0 5
0 1 141 8 1 3
0 1 87 5 1 0
0 1 133 7 0 5
0 1 30 13 1 0
0 1 106 38 1 0
0 1 105 48 1 2
0 1 131 39 1 4
0 1 49 17 1 1
0 1 62 10 0 5
0 1 61 15 1 2
0 1 127 34 1 3
0 1 121 47 1 4
0 1 88 33 0 2
0 1 149 15 1 0
0 1 115 39 0 3
0 1 118 37 0 0
0 1 99 15 1 4
0 1 49 32 0 4
0 1 102 49 1 0
0 1 42 16 1 5
0 1 111 0 1 5
0 1 21 6 1 2
0 1 95 27 1 2
0 1 60 22 0 0
0 1 115 18 1 1
0 1 63 42 0 4
0 1 4 19 0 2
0 1 83 12 1 3
0 1 90 9 1 2
0 1 25 16 1 2
0 1 103 25 1 0
0 1 67 16 0 3
0 1 20 45 1 5
0 1 31 26 0 2
0 1 147 3 1 2
0 1 31 36 1 2
0 1 43 23 1 1
0 1 126 32 1 1
0 1 129 47 0 5
0 1 97 11 1 4
0 1 110 46 0 5
0 1 95 30 0 4
0 1 110 1 1 1
0 1 101 29 1 4
0 1 142 19 1 3
0 1 51 14 1 3
0 1 68 44 1 4
0 1 38 1 1 4
0 1 69 28 0 4
0 1 40 12 0 1
0 1 139 14 1 4
0 1 68 46 0 2
0 1 116 31 1 0
0 1 96 44 0 1
0 1 69 12 1 4
0 1 18 42 1 3
0 1 108 25 1 1
0 1 138 41 0 3
0 1 85 15 1 3
0 1 88 24 1 4
0 1 41 24 1 2
0 1 35 34 0 1
0 1 119 2 0 0
0 1 46 43 0 3
0 1 134 35 1 3
0 1 140 13 0 1
0 1 74 41 0 0
0 1 71 27 0 1
0 1 136 9 1 1
0 1 5 45 0 0
0 1 3 38 0 1
0 1 52 20 0 0
0 1 2 28 1 0
0 1 42 14 0 5
0 1 108 10 0 2
0 1 134 2 0 4
0 1 94 39 1 2
0 1 7 0 0 3
0 1 39 45 0 1
0 1 8 18 1 5
0 1 104 34 1 0
0 1 125 6 0 1
0 1 84 7 0 0
0 1 14 40 0 0
0 1 10 27 0 0
0 1 93 21 1 4
0 1 53 11 0 0
0 1 17 4 0 1
0 1 19 0 0 4
0 1 75 40 0 3
0 1 112 25 1 2
0 1 15 31 0 1
0 1 56 23 0 0
0 1 75 16 1 0
0 1 54 10 0 0
0 1 33 17 0 0
0 1 6 3 1 5
0 1 87 20 0 4
0 1 124 27 1 5
0 1 86 2 0 5
0 1 25 32 0 3
0 1 127 41 0 2
0 1 125 25 1 5
0 1 118 6 1 3
0 1 33 20 1 3
0 1 123 23 1 2
0 1 50 42 1 5
0 1 146 24 1 1
0 1 101 47 0 1
0 1 112 17 0 3
0 1 117 48 1 1
0 1 63 17 1 4
0 1 34 36 0 1
0 1 22 39 1 5
0 1 26 29 1 2
0 1 148 13 0 5
0 1 141 20 0 5
0 1 18 9 0 5
0 1 79 19 0 1
0 1 128 8 1 0
0 1 73 3 1 4
0 1 23 1 1 0
0 1 120 28 0 3
0 1 16 38 1 3
0 1 80 9 1 4
0 1 3 9 1 0
0 1 133 10 1 3
0 1 47 37 1 1
0 1 89 11 0 5
0 1 48 44 0 0
0 1 97 49 0 4
0 1 148 21 1 3
0 1 51 21 0 1
0 1 17 38 1 4
0 1 66 38 1 5
0 1 13 31 0 2
0 1 137 34 1 5
0 1 65 41 1 1
0 1 106 7 0 3
0 1 64 12 0 0
0 1 56 30 1 1
0 1 131 3 0 1
0 1 77 27 0 3
0 1 28 49 1 1
0 1 34 43 1 5
0 1 66 47 0 2
0 1 130 41 0 5
0 1 0 5 0 2
0 1 37 1 1 2
0 1 120 22 1 1
0 1 6 18 0 0
0 1 39 19 1 5
0 1 61 4 0 4
0 1 27 18 0 2
0 1 67 14 1 0
0 1 5 5 1 1
0 1 22 6 0 5
0 1 1 31 1 4
0 1 14 11 1 3
0 1 59 24 1 5
0 1 32 36 1 3
0 1 62 22 1 4
0 1 96 28 1 1
0 1 123 39 0 0
0 1 83 34 0 2
0 1 57 22 1 2
0 1 92 32 0 5
0 1 11 33 0 4
0 1 119 45 1 2
0 1 76 21 0 2
0 1 82 0 1 1
0 1 102 0 0 0
0 1 12 7 0 4
0 1 132 30 0 0
0 1 91 37 0 4
0 1 100 33 1 0
0 1 15 4 1 3
0 1 130 49 1 2
0 1 19 21 1 5
0 1 44 26 1 5
0 1 36 26 0 4
0 1 72 29 0 1
0 1 44 4 0 5
0 1 107 14 0 2
0 1 38 43 0 2
0 1 78 44 0 2
0 1 98 48 1 5
0 1 109 17 1 5
0 1 81 35 1 2
0 1 94 33 0 3
0 1 73 36 0 4
0 1 104 47 0 3
0 1 80 44 0 3
0 1 29 19 0 4
0 1 50 35 0 1
0 1 89 37 1 5
0 1 98 30 0 3
0 1 85 10 0 1
0 1 0 8 1 5
0 1 81 33 0 5
0 1 20 23 0 3
0 1 32 12 0 5
0 1 12 7 1 1
0 1 65 14 0 1
0 1 11 42 1 2
0 1 53 49 1 5
0 1 90 37 0 3
0 1 43 35 0 0
0 1 93 5 0 3
0 1 13 29 1 5
0 1 4 11 1 1
0 1 16 7 0 2
0 1 105 47 0 0
0 1 30 31 0 5
0 1 47 15 0 5
0 1 92 1 1 5
0 1 86 20 1 1
0 1 128 12 0 2
0 1 117 10 0 4
0 1 91 5 1 5
0 1 144 15 0 1
0 1 129 4 1 2
0 1 149 40 0 1
0 1 122 46 1 0
0 1 103 28 0 2
0 1 114 13 0 2
0 1 79 19 1 0
0 1 142 18 0 3
0 1 21 8 0 4
0 1 111 25 0 3
0 1 24 33 1 1
0 1 55 30 0 2
0 1 140 32 1 0
0 1 58 42 1 0
0 1 135 34 0 4
0 1 107 26 1 0
0 1 70 48 1 0
0 1 70 45 0 4
0 1 121 27 0 4
0 1 114 41 1 4
0 1 113 40 1 4
0 1 137 24 0 0
0 1 139 11 0 2
0 1 41 17 0 2
0 1 64 2 1 1
0 1 9 9 0 3
0 1 26 39 0 1
0 1 78 6 1 0
0 1 144 43 1 4
0 1 143 16 0 1
0 1 28 3 0 3
0 1 74 1 1 3
0 1 57 13 0 4
0 1 72 22 1 3
0 1 145 36 1 0
0 1 54 46 1 4
