0 1 44 25 0 0
0 1 66 9 0 4
0 1 109 16 0 5
0 1 31 24 0 5
0 1 62 11 1 1
0 1 146 21 0 3
0 1 69 40 0 3
0 1 26 26 0 1
0 1 122 32 1 5
0 1 105 46 1 2
0 1 1 29 0 0
0 1 56 15 1 1
0 1 82 25 0 1
0 1 140 49 0 5
0 1 7 20 0 2
0 1 95 41 0 5
0 1 34 19 0 1
0 1 41 34 0 4
0 1 111 49 0 3
0 1 82 0 1 3
0 1 23 29 1 2
0 1 45 32 1 1
0 1 97 30 1 1
0 1 93 3 0 0
0 1 47 26 1 3
0 1 28 28 0 1
0 1 72 17 0 2
0 1 55 18 1 3
0 1 62 46 0 4
0 1 18 9 1 3
0 1 50 33 1 2
0 1 115 21 0 4
0 1 96 17 0 3
0 1 94 29 1 1
0 1 117 18 1 2
0 1 134 22 1 5
0 1 147 31 0 1
0 1 59 27 1 4
0 1 93 30 1 4
0 1 138 16 0 2
0 1 132 47 1 5
0 1 43 31 0 0
0 1 98 37 0 5
0 1 64 17 1 5
0 1 139 38 1 1
0 1 87 36 1 3
0 1 49 8 0 5
0 1 145 0 0 0
0 1 119 23 1 2
0 1 143 39 1 3
0 1 32 45 1 2
0 1 101 17 0 0
0 1 45 40 0 1
0 1 77 42 0 3
0 1 86 14 1 3
0 1 30 26 0 5
0 1 7 15 1 3
0 1 137 22 1 1
0 1 144 2 1 2
0 1 6 49 1 2
0 1 14 4 1 0
0 1 21 11 1 0
0 1 129 17 1 4
0 1 23 34 0 0
0 1 75 24 0 0
0 1 34 27 1 2
0 1 104 32 1 2
0 1 135 35 1 2
0 1 121 6 1 1
0 1 44 40 1 4
0 1 78 20 1 5
0 1 26 27 1 3
0 1 92 22 0 2
0 1 58 5 1 1
0 1 80 7 0 3
0 1 48 7 1 0
0 1 39 35 1 3
0 1 124 19 1 0
0 1 0 16 1 3
0 1 79 42 1 0
0 1 101 2 1 4
0 1 81 13 1 0
0 1 56 3 0 2
0 1 22 13 0 2
0 1 65 10 0 4
0 1 20 32 0 3
0 1 127 28 0 5
0 1 94 12 0 2
0 1 83 36 0 4
0 1 128 5 0 4
0 1 78 8 0 0
0 1 11 12 0 5
0 1 86 38 0 0
0 1 146 1 1 1
0 1 88 9 0 5
0 1 9 39 0 1
0 1 61 37 0 3
0 1 71 28 0 2
0 1 0 45 0 0
0 1 41 25 1 5
0 1 33 34 1 2
0 1 13 41 1 4
0 1 112 19 0 5
0 1 25 1 1 0
0 1 24 2 1 3
0 1 145 48 1 2
0 1 88 46 1 5
0 1 5 44 0 2
0 1 46 42 0 5
0 1 97 9 0 2
0 1 60 20 0 1
0 1 8 10 1 1
0 1 113 45 1 1
0 1 12 29 0 5
0 1 74 3 1 5
0 1 54 0 0 4
0 1 17 15 1 2
0 1 15 43 1 1
0 1 71 30 1 0
0 1 54 48 1 0
0 1 104 47 0 3
0 1 122 35 0 4
0 1 28 45 1 4
0 1 19 46 0 0
0 1 130 31 1 2
0 1 59 48 0 1
0 1 139 14 0 2
0 1 69 15 1 4
0 1 72 40 1 2
0 1 37 23 1 5
0 1 138 8 1 2
0 1 68 42 1 1
0 1 4 43 0 3
0 1 116 48 1 4
0 1 10 25 0 3
0 1 126 39 0 0
0 1 8 33 0 5
0 1 42 39 0 2
0 1 2 12 0 1
0 1 33 5 0 3
0 1 58 35 0 5
0 1 76 6 0 2
0 1 116 1 0 4
0 1 18 5 0 0
0 1 108 2 1 5
0 1 14 43 0 5
0 1 53 3 1 1
0 1 10 44 1 5
0 1 103 22 0 0
0 1 100 37 1 1
0 1 144 47 0 4
0 1 12 11 1 3
0 1 65 14 1 5
0 1 123 33 1 1
0 1 50 7 0 2
0 1 136 14 1 4
0 1 148 21 0 5
0 1 79 23 0 4
0 1 100 20 0 4
0 1 129 34 0 5
0 1 110 44 0 0
0 1 77 37 1 0
0 1 5 34 1 1
0 1 76 24 1 2
0 1 84 24 1 3
0 1 125 48 1 5
0 1 83 13 1 5
0 1 142 31 0 3
0 1 81 18 0 0
0 1 30 27 1 5
0 1 48 36 0 1
0 1 112 43 1 0
0 1 60 36 1 2
0 1 125 23 0 3
0 1 126 7 1 5
0 1 136 21 0 1
0 1 70 32 1 4
0 1 135 24 0 4
0 1 46 26 1 2
0 1 36 6 0 0
0 1 106 1 0 2
0 1 95 19 1 2
0 1 40 14 0 0
0 1 106 38 1 2
0 1 38 30 1 3
0 1 20 4 1 5
0 1 73 39 0 4
0 1 120 41 0 3
0 1 74 16 0 1
0 1 42 10 1 2
0 1 102 2 1 1
0 1 37 47 0 0
0 1 16 38 1 3
0 1 21 21 0 2
0 1 110 41 1 2
0 1 92 19 1 4
0 1 103 16 1 0
0 1 73 31 1 5
0 1 89 47 1 2
0 1 53 10 0 5
0 1 99 0 1 2
0 1 107 39 0 5
0 1 114 42 0 2
0 1 132 7 0 1
0 1 49 45 1 3
0 1 127 35 1 1
0 1 80 13 1 3
0 1 70 18 0 1
0 1 6 33 0 4
0 1 36 10 1 3
0 1 137 28 0 4
0 1 35 12 1 4
0 1 99 20 0 0
0 1 114 2 1 0
0 1 19 11 1 2
0 1 133 1 0 5
0 1 67 30 0 2
0 1 120 8 1 1
0 1 3 49 0 0
0 1 124 49 0 4
0 1 108 46 0 3
0 1 38 5 0 5
0 1 140 23 1 0
0 1 107 4 1 1
0 1 117 44 0 3
0 1 25 6 0 5
0 1 85 4 1 3
0 1 91 8 1 4
0 1 130 40 0 0
0 1 149 3 0 3
0 1 55 43 0 2
0 1 134 37 0 2
0 1 141 28 1 0
0 1 27 41 1 0
0 1 102 29 0 3
0 1 16 45 0 5
0 1 22 0 1 5
0 1 105 26 0 4
0 1 29 27 1 0
0 1 9 9 1 1
0 1 63 38 1 5
0 1 90 32 1 0
0 1 113 11 0 5
0 1 51 6 1 4
0 1 11 42 1 4
0 1 149 13 1 4
0 1 118 15 1 5
0 1 123 49 0 1
0 1 57 12 0 3
0 1 24 37 0 4
0 1 147 33 1 0
0 1 2 22 1 4
0 1 67 35 1 0
0 1 90 23 0 1
0 1 3 31 1 4
0 1 85 26 0 0
0 1 13 36 0 0
0 1 131 44 1 1
0 1 133 43 1 4
0 1 15 4 0 4
0 1 40 6 1 3
0 1 131 17 0 1
0 1 109 15 1 0
0 1 32 25 0 2
0 1 52 36 1 5
0 1 52 24 0 1
0 1 141 14 0 1
0 1 98 18 1 5
0 1 115 20 1 3
0 1 63 11 0 4
0 1 4 16 1 4
0 1 68 33 0 3
0 1 91 12 0 0
0 1 27 46 0 1
0 1 84 18 0 4
0 1 119 3 0 4
0 1 87 8 0 3
0 1 35 30 0 5
0 1 142 34 1 3
0 1 17 4 0 2
0 1 143 29 0 4
0 1 118 9 0 0
0 1 51 47 0 1
0 1 1 22 1 3
0 1 43 21 1 0
0 1 64 0 0 1
0 1 47 27 0 1
0 1 96 28 1 3
0 1 128 7 1 4
0 1 57 1 1 3
0 1 89 10 0 0
0 1 39 40 0 5
0 1 66 48 1 3
0 1 111 44 1 4
0 1 61 13 1 1
0 1 121 41 0 1
0 1 75 38 1 4
0 1 31 5 1 2
0 1 148 25 1 4
0 1 29 19 0 3
