0 1 20 31 0 0
0 1 49 6 0 2
0 1 114 18 0 5
0 1 144 16 0 5
0 1 72 24 0 4
0 1 33 33 1 0
0 1 60 21 0 0
0 1 50 13 0 4
0 1 110 24 0 2
0 1 59 20 0 5
0 1 3 1 1 3
0 1 51 21 1 4
0 1 77 32 0 1
0 1 50 4 1 1
0 1 21 17 1 5
0 1 40 23 0 0
0 1 113 8 0 3
0 1 8 39 1 5
0 1 72 2 1 0
0 1 86 36 0 5
0 1 102 37 1 2
0 1 58 1 1 5
0 1 91 15 0 1
0 1 74 46 1 2
0 1 54 27 0 5
0 1 142 48 1 3
0 1 105 42 1 2
0 1 29 34 1 5
0 1 23 35 1 5
0 1 80 25 0 0
0 1 48 7 1 2
0 1 65 28 0 2
0 1 87 15 0 0
0 1 16 11 1 2
0 1 142 45 0 5
0 1 26 47 0 0
0 1 59 26 1 3
0 1 69 17 0 0
0 1 38 7 1 5
0 1 46 13 1 3
0 1 43 35 0 2
0 1 111 5 1 5
0 1 99 34 0 0
0 1 115 27 1 0
0 1 9 48 0 4
0 1 46 48 0 2
0 1 14 19 1 2
0 1 49 34 1 3
0 1 145 13 0 1
0 1 53 12 0 1
0 1 8 43 0 5
0 1 75 37 1 1
0 1 73 29 0 1
0 1 33 40 0 0
0 1 107 1 1 0
0 1 94 14 0 4
0 1 102 4 0 5
0 1 122 26 1 2
0 1 63 32 1 0
0 1 40 37 1 0
0 1 135 30 0 3
0 1 97 3 0 1
0 1 148 30 0 1
0 1 119 17 0 3
0 1 57 19 1 3
0 1 34 44 1 2
0 1 30 22 1 4
0 1 138 25 0 5
0 1 71 38 1 4
0 1 69 47 1 5
0 1 131 11 0 1
0 1 13 43 0 0
0 1 76 32 1 4
0 1 39 49 0 4
0 1 112 23 1 4
0 1 70 13 1 0
0 1 26 47 1 3
0 1 34 41 0 4
0 1 130 49 1 3
0 1 83 3 1 3
0 1 19 6 1 5
0 1 5 4 0 2
0 1 41 5 1 1
0 1 62 42 0 0
0 1 128 41 0 5
0 1 122 39 0 0
0 1 84 49 0 2
0 1 103 9 1 5
0 1 36 6 1 0
0 1 43 12 1 3
0 1 100 36 1 2
0 1 130 20 0 1
0 1 85 0 0 0
0 1 11 30 1 4
0 1 29 40 0 3
0 1 124 46 0 4
0 1 126 38 0 3
0 1 56 0 0 5
0 1 60 48 1 1
0 1 136 21 1 2
0 1 86 29 1 0
0 1 120 22 1 0
0 1 30 25 0 1
0 1 75 9 0 1
0 1 10 12 1 0
0 1 125 11 0 3
0 1 134 43 0 3
0 1 96 3 0 5
0 1 106 19 1 0
0 1 32 24 1 1
0 1 146 3 1 4
0 1 90 15 1 4
0 1 14 10 0 2
0 1 12 45 0 3
0 1 111 23 0 2
0 1 89 8 1 5
0 1 127 10 0 4
0 1 149 23 1 1
0 1 61 7 0 1
0 1 96 17 1 4
0 1 83 49 0 0
0 1 71 47 0 1
0 1 16 46 0 1
0 1 55 4 0 3
0 1 81 13 0 5
0 1 85 30 1 2
0 1 117 27 1 4
0 1 78 46 0 3
0 1 93 24 1 3
0 1 81 14 1 5
0 1 1 5 0 2
0 1 98 27 0 2
0 1 110 41 1 2
0 1 112 36 0 4
0 1 44 28 0 1
0 1 0 15 0 5
0 1 15 16 1 3
0 1 88 14 1 1
0 1 97 31 1 1
0 1 136 7 0 3
0 1 53 20 1 4
0 1 37 5 0 0
0 1 119 12 1 5
0 1 68 41 1 3
0 1 47 14 1 0
0 1 88 16 0 2
0 1 79 34 0 4
0 1 115 25 0 3
0 1 58 2 0 5
0 1 137 34 1 1
0 1 39 31 1 5
0 1 27 11 1 4
0 1 120 35 0 0
0 1 45 9 0 4
0 1 148 29 1 5
0 1 25 24 0 0
0 1 2 28 0 5
0 1 123 26 0 1
0 1 2 18 1 2
0 1 123 33 1 1
0 1 19 19 0 5
0 1 7 35 1 3
0 1 139 43 1 4
0 1 63 18 0 0
0 1 90 22 0 5
0 1 6 21 0 1
0 1 79 29 1 2
0 1 116 41 0 1
0 1 45 36 1 0
0 1 144 42 1 3
0 1 87 44 1 3
0 1 94 16 1 0
0 1 57 26 0 0
0 1 12 0 1 1
0 1 11 32 0 5
0 1 135 17 1 1
0 1 95 49 0 1
0 1 109 18 1 4
0 1 129 21 1 5
0 1 74 33 0 4
0 1 9 2 1 4
0 1 104 40 0 5
0 1 36 8 0 0
0 1 134 44 1 4
0 1 125 26 1 4
0 1 37 44 1 5
0 1 4 11 1 0
0 1 89 2 0 3
0 1 15 1 0 4
0 1 104 46 1 0
0 1 10 7 0 4
0 1 106 39 0 2
0 1 66 45 1 4
0 1 76 31 0 4
0 1 27 0 0 3
0 1 121 10 0 5
0 1 31 10 0 0
0 1 132 45 1 0
0 1 137 42 0 4
0 1 146 38 0 5
0 1 101 39 1 1
0 1 48 45 0 2
0 1 141 6 1 1
0 1 61 5 1 3
0 1 127 18 1 1
0 1 91 22 1 3
0 1 42 31 1 2
0 1 35 28 1 0
0 1 5 33 1 3
0 1 18 27 1 3
0 1 113 40 1 4
0 1 99 9 1 3
0 1 105 0 0 4
0 1 47 47 0 2
0 1 22 38 1 2
0 1 18 16 0 4
0 1 145 38 1 1
0 1 93 10 0 1
0 1 20 44 1 0
0 1 116 6 1 3
0 1 17 9 1 2
0 1 66 20 0 0
0 1 101 20 0 3
0 1 78 8 1 2
0 1 109 39 0 3
0 1 1 14 1 2
0 1 21 19 0 4
0 1 41 22 0 1
0 1 23 37 0 3
0 1 149 1 0 2
0 1 118 12 0 2
0 1 56 37 1 4
0 1 118 23 1 5
0 1 84 31 1 3
0 1 55 36 1 3
0 1 7 42 0 1
0 1 13 28 1 4
0 1 22 30 0 0
0 1 64 27 1 1
0 1 42 36 0 1
0 1 62 33 1 5
0 1 77 2 1 2
0 1 108 35 1 1
0 1 73 25 1 4
0 1 140 43 1 2
0 1 126 40 1 2
0 1 117 48 0 5
0 1 52 3 0 0
0 1 64 4 0 4
0 1 121 22 1 2
0 1 70 3 0 2
0 1 31 8 1 1
0 1 38 33 0 2
0 1 17 15 0 2
0 1 4 44 0 1
0 1 68 29 0 3
0 1 108 12 0 4
0 1 65 0 1 2
0 1 133 15 1 3
0 1 32 32 0 3
0 1 141 49 0 5
0 1 114 47 1 4
0 1 107 19 0 1
0 1 24 35 1 4
0 1 103 43 0 1
0 1 124 42 1 5
0 1 28 40 0 1
0 1 133 5 0 4
0 1 129 1 0 1
0 1 140 29 0 4
0 1 147 2 1 1
0 1 131 32 1 2
0 1 139 20 0 2
0 1 67 25 0 2
0 1 24 8 0 4
0 1 138 30 1 5
0 1 51 21 0 3
0 1 3 39 0 4
0 1 25 48 1 0
0 1 35 14 0 3
0 1 44 45 1 1
0 1 82 46 0 5
0 1 52 41 1 0
0 1 82 24 1 5
0 1 100 9 0 0
0 1 54 7 1 0
0 1 6 26 1 5
0 1 143 10 1 3
0 1 132 16 0 1
0 1 0 11 1 5
0 1 28 28 1 3
0 1 80 17 1 2
0 1 92 37 0 5
0 1 95 13 1 2
0 1 128 4 1 0
0 1 67 18 1 3
0 1 143 23 0 3
0 1 92 6 1 4
0 1 147 38 0 0
0 1 98 34 1 2
