0 1 71 6 0 4
0 1 111 35 1 5
0 1 95 42 0 3
0 1 85 35 0 4
0 1 145 26 0 1
0 1 43 46 0 0
0 1 25 14 0 3
0 1 100 16 1 0
0 1 32 23 0 5
0 1 73 1 0 5
0 1 48 49 1 3
0 1 98 45 1 3
0 1 67 29 0 3
0 1 4 28 0 0
0 1 93 42 1 0
0 1 18 9 0 0
0 1 71 38 1 2
0 1 146 48 1 3
0 1 45 3 1 2
0 1 39 12 1 4
0 1 143 42 1 1
0 1 146 2 0 5
0 1 51 36 0 3
0 1 147 2 0 4
0 1 80 31 0 5
0 1 22 46 1 4
0 1 27 15 0 1
0 1 147 17 1 4
0 1 57 16 1 3
0 1 117 30 0 3
0 1 63 29 0 5
0 1 29 9 0 1
0 1 102 32 0 2
0 1 132 38 1 4
0 1 134 34 0 4
0 1 40 24 0 2
0 1 51 21 1 0
0 1 90 8 1 0
0 1 127 5 0 5
0 1 88 28 1 3
0 1 64 15 0 5
0 1 36 9 1 3
0 1 15 19 1 3
0 1 79 5 0 1
0 1 34 23 1 4
0 1 69 44 1 0
0 1 55 41 1 4
0 1 103 8 1 4
0 1 1 14 0 1
0 1 4 13 1 4
0 1 64 20 1 2
0 1 139 36 1 4
0 1 90 17 0 1
0 1 18 8 1 2
0 1 32 41 1 2
0 1 37 1 1 4
0 1 42 24 0 5
0 1 41 18 0 1
0 1 123 40 0 5
0 1 137 18 1 5
0 1 129 40 0 3
0 1 70 0 0 1
0 1 44 13 0 3
0 1 7 19 1 1
0 1 58 19 1 0
0 1 92 14 0 0
0 1 5 2 0 1
0 1 70 26 1 0
0 1 83 35 0 2
0 1 91 43 1 1
0 1 105 32 0 1
0 1 128 33 0 4
0 1 66 21 1 4
0 1 130 11 0 3
0 1 28 31 1 2
0 1 57 27 0 5
0 1 67 37 1 1
0 1 144 29 1 0
0 1 75 23 1 0
0 1 100 27 0 1
0 1 114 22 0 1
0 1 33 3 0 4
0 1 34 41 0 3
0 1 48 1 0 0
0 1 92 39 1 2
0 1 149 7 1 0
0 1 140 4 1 2
0 1 12 10 1 3
0 1 140 48 0 1
0 1 35 0 1 3
0 1 111 13 0 2
0 1 132 48 0 0
0 1 72 10 1 2
0 1 5 46 1 3
0 1 13 49 0 2
0 1 16 24 1 0
0 1 65 0 0 0
0 1 101 44 0 3
0 1 93 31 0 3
0 1 47 24 0 1
0 1 21 35 0 0
0 1 77 17 1 3
0 1 101 10 1 5
0 1 94 18 1 0
0 1 75 2 0 0
0 1 109 43 1 2
0 1 131 25 1 0
0 1 84 49 1 0
0 1 28 4 0 4
0 1 58 20 0 4
0 1 110 29 0 4
0 1 95 33 1 0
0 1 110 7 1 1
0 1 127 17 1 0
0 1 24 47 1 0
0 1 125 41 1 5
0 1 52 36 0 1
0 1 25 29 1 1
0 1 123 11 1 0
0 1 9 36 1 5
0 1 114 37 1 0
0 1 115 41 1 0
0 1 99 16 1 2
0 1 134 21 1 1
0 1 87 3 1 0
0 1 60 31 0 4
0 1 2 26 1 4
0 1 122 43 1 4
0 1 116 28 0 2
0 1 59 36 1 2
0 1 145 48 1 2
0 1 19 12 1 3
0 1 43 38 1 3
0 1 12 25 0 4
0 1 14 42 0 5
0 1 96 45 0 1
0 1 113 19 0 5
0 1 49 10 0 4
0 1 53 39 1 5
0 1 2 15 0 4
0 1 82 35 0 1
0 1 121 13 1 1
0 1 30 26 0 3
0 1 38 27 1 3
0 1 63 43 1 0
0 1 112 16 0 4
0 1 106 37 1 2
0 1 107 23 0 2
0 1 0 2 0 3
0 1 21 20 1 0
0 1 16 39 0 3
0 1 136 8 0 3
0 1 85 40 1 0
0 1 74 22 0 4
0 1 98 20 0 5
0 1 24 33 0 2
0 1 99 21 0 2
0 1 97 46 1 2
0 1 113 11 1 1
0 1 72 44 0 5
0 1 142 18 1 4
0 1 8 12 1 1
0 1 91 3 0 3
0 1 13 22 1 0
0 1 117 4 1 1
0 1 56 49 0 1
0 1 26 44 0 4
0 1 89 12 0 5
0 1 122 7 0 2
0 1 78 14 0 5
0 1 137 3 0 1
0 1 49 30 1 4
0 1 136 45 1 5
0 1 46 32 0 3
0 1 14 27 1 4
0 1 125 25 0 5
0 1 119 12 0 0
0 1 54 22 1 2
0 1 138 47 1 5
0 1 76 32 0 0
0 1 61 33 1 1
0 1 0 39 1 1
0 1 3 47 1 1
0 1 17 7 0 5
0 1 78 5 1 0
0 1 23 39 0 0
0 1 56 1 1 1
0 1 126 30 0 0
0 1 86 34 0 0
0 1 107 6 1 2
0 1 7 6 0 5
0 1 128 47 1 3
0 1 77 40 0 2
0 1 8 0 0 2
0 1 10 4 0 0
0 1 76 36 1 0
0 1 41 37 1 4
0 1 83 25 1 1
0 1 84 27 0 0
0 1 9 6 0 1
0 1 109 15 0 2
0 1 86 23 1 3
0 1 120 26 0 2
0 1 138 34 0 2
0 1 69 28 0 1
0 1 73 38 1 1
0 1 26 31 1 0
0 1 53 9 0 2
0 1 102 0 1 4
0 1 133 45 0 4
0 1 3 11 0 5
0 1 6 19 0 2
0 1 22 46 0 1
0 1 121 5 0 4
0 1 141 30 1 2
0 1 11 38 1 5
0 1 94 48 0 5
0 1 50 34 0 5
0 1 68 25 0 3
0 1 42 49 1 5
0 1 40 42 1 2
0 1 19 11 0 2
0 1 20 32 0 4
0 1 143 24 0 4
0 1 135 8 0 5
0 1 27 10 1 1
0 1 15 23 0 1
0 1 31 10 1 0
0 1 124 45 1 0
0 1 11 33 0 5
0 1 118 44 0 2
0 1 133 47 1 4
0 1 10 22 1 3
0 1 35 18 0 3
0 1 96 14 1 4
0 1 104 47 1 2
0 1 135 5 1 3
0 1 149 27 0 2
0 1 61 4 0 3
0 1 59 9 0 4
0 1 115 44 0 1
0 1 105 28 1 5
0 1 124 17 0 5
0 1 106 22 0 5
0 1 33 48 1 4
0 1 112 15 1 0
0 1 82 16 1 5
0 1 97 24 0 3
0 1 44 18 1 2
0 1 139 37 0 5
0 1 50 42 1 4
0 1 130 34 1 1
0 1 129 30 1 5
0 1 52 1 1 3
0 1 119 0 1 5
0 1 108 25 1 2
0 1 126 20 1 1
0 1 79 21 1 3
0 1 1 43 1 3
0 1 89 6 1 3
0 1 87 45 0 2
0 1 81 7 1 4
0 1 30 20 1 3
0 1 104 16 0 1
0 1 20 13 1 5
0 1 60 9 1 5
0 1 62 40 0 1
0 1 36 33 0 3
0 1 55 34 0 3
0 1 6 21 1 5
0 1 141 30 0 1
0 1 131 2 0 2
0 1 65 5 1 2
0 1 29 6 1 0
0 1 108 12 0 2
0 1 148 39 1 4
0 1 81 15 0 3
0 1 37 49 0 4
0 1 103 28 0 4
0 1 45 1 0 2
0 1 116 32 1 5
0 1 142 4 0 5
0 1 54 17 0 2
0 1 144 14 0 2
0 1 66 43 0 5
0 1 23 40 1 4
0 1 38 46 0 5
0 1 46 26 1 5
0 1 68 41 1 1
0 1 62 3 1 5
0 1 80 31 1 1
0 1 88 7 0 3
0 1 47 35 1 3
0 1 120 11 1 4
0 1 148 19 0 4
0 1 39 37 0 3
0 1 118 38 1 0
0 1 17 13 1 0
0 1 31 29 0 2
0 1 74 8 1 1
