0 1 64 7 0 3
0 1 50 36 1 4
0 1 147 18 0 1
0 1 137 13 0 4
0 1 113 49 1 4
0 1 18 39 1 3
0 1 127 16 0 5
0 1 63 32 0 1
0 1 77 45 0 4
0 1 131 8 1 4
0 1 46 35 1 5
0 1 5 47 1 4
0 1 54 43 1 4
0 1 96 41 0 1
0 1 69 12 0 4
0 1 145 44 0 1
0 1 58 1 0 1
0 1 98 27 1 0
0 1 37 31 1 3
0 1 74 5 1 3
0 1 135 27 1 2
0 1 53 37 0 3
0 1 137 34 1 5
0 1 124 35 1 3
0 1 72 4 1 5
0 1 128 26 0 0
0 1 96 6 1 2
0 1 111 10 0 1
0 1 99 49 0 2
0 1 9 9 0 1
0 1 128 34 1 3
0 1 41 14 1 4
0 1 149 23 0 1
0 1 2 44 1 2
0 1 116 19 1 4
0 1 63 32 1 0
0 1 129 33 1 3
0 1 105 2 0 5
0 1 107 27 0 3
0 1 85 47 0 0
0 1 130 48 1 3
0 1 101 45 0 5
0 1 100 3 1 5
0 1 28 29 0 0
0 1 93 1 1 2
0 1 45 6 1 4
0 1 38 7 0 5
0 1 144 39 0 5
0 1 122 45 1 2
0 1 73 6 0 1
0 1 101 38 1 5
0 1 20 10 1 4
0 1 0 24 0 4
0 1 78 33 1 1
0 1 67 22 1 5
0 1 48 32 0 5
0 1 4 5 1 0
0 1 23 10 1 3
0 1 119 38 1 1
0 1 34 14 0 2
0 1 139 28 1 3
0 1 108 14 1 1
0 1 4 9 0 3
0 1 98 18 0 4
0 1 124 30 0 2
0 1 90 36 0 2
0 1 16 1 1 0
0 1 23 9 0 2
0 1 114 15 0 3
0 1 12 45 0 3
0 1 139 4 0 1
0 1 29 40 1 1
0 1 109 24 1 2
0 1 32 31 1 2
0 1 74 20 0 0
0 1 9 20 1 4
0 1 55 29 1 4
0 1 140 17 1 3
0 1 60 49 0 0
0 1 39 42 0 2
0 1 111 13 1 2
0 1 22 41 1 0
0 1 45 35 0 4
0 1 118 22 1 2
0 1 14 40 1 5
0 1 104 48 0 5
0 1 11 13 1 3
0 1 36 32 0 2
0 1 82 11 0 0
0 1 3 6 0 0
0 1 86 42 0 1
0 1 142 21 1 0
0 1 25 26 1 2
0 1 94 42 1 0
0 1 113 7 0 2
0 1 147 41 1 5
0 1 79 2 0 1
0 1 29 39 0 4
0 1 88 12 0 0
0 1 40 35 1 1
0 1 36 15 1 1
0 1 103 23 1 0
0 1 62 4 1 0
0 1 26 47 0 2
0 1 116 18 0 0
0 1 72 38 0 2
0 1 55 4 0 3
0 1 3 17 1 5
0 1 40 21 0 2
0 1 148 46 1 4
0 1 56 31 0 4
0 1 42 21 1 4
0 1 53 11 1 5
0 1 13 11 1 1
0 1 133 0 1 2
0 1 83 22 0 1
0 1 83 31 1 5
0 1 66 39 0 1
0 1 117 42 0 4
0 1 142 40 0 2
0 1 123 19 0 5
0 1 11 5 0 4
0 1 117 25 1 1
0 1 57 7 0 4
0 1 130 27 0 4
0 1 121 18 1 3
0 1 14 16 0 2
0 1 67 30 0 3
0 1 140 2 0 3
0 1 33 6 0 3
0 1 103 37 0 2
0 1 97 8 1 5
0 1 19 48 1 1
0 1 84 37 0 1
0 1 0 2 1 4
0 1 75 24 1 0
0 1 125 9 0 5
0 1 59 30 0 4
0 1 25 41 0 4
0 1 87 28 1 4
0 1 120 19 1 2
0 1 119 26 0 1
0 1 7 13 1 0
0 1 127 46 1 5
0 1 91 22 0 4
0 1 145 0 1 4
0 1 82 40 1 3
0 1 1 25 0 3
0 1 134 24 0 5
0 1 108 49 0 3
0 1 17 25 0 5
0 1 6 12 1 1
0 1 42 47 0 1
0 1 121 9 0 0
0 1 118 25 0 2
0 1 132 30 1 0
0 1 7 16 0 3
0 1 26 29 1 2
0 1 141 2 1 0
0 1 21 8 1 0
0 1 89 34 1 0
0 1 61 23 1 2
0 1 49 15 1 0
0 1 77 37 1 4
0 1 19 36 0 5
0 1 41 44 0 4
0 1 81 3 1 4
0 1 54 15 0 4
0 1 100 23 0 4
0 1 15 36 0 0
0 1 122 21 0 1
0 1 115 10 1 2
0 1 110 43 0 0
0 1 132 1 0 4
0 1 52 29 0 5
0 1 136 15 0 5
0 1 143 5 0 1
0 1 51 44 1 3
0 1 44 34 1 1
0 1 39 3 1 1
0 1 64 49 1 1
0 1 85 14 1 0
0 1 27 35 1 2
0 1 134 32 1 4
0 1 31 0 1 5
0 1 125 28 1 1
0 1 102 46 0 2
0 1 18 38 0 0
0 1 136 0 1 0
0 1 73 26 1 4
0 1 15 39 1 0
0 1 76 34 1 2
0 1 90 48 1 0
0 1 24 33 1 4
0 1 87 24 0 1
0 1 34 3 1 3
0 1 57 13 1 1
0 1 32 33 0 5
0 1 37 17 0 2
0 1 71 21 0 5
0 1 94 12 0 2
0 1 59 41 1 2
0 1 65 28 1 2
0 1 129 18 0 2
0 1 114 14 1 3
0 1 126 26 1 3
0 1 1 20 1 1
0 1 30 27 0 5
0 1 123 11 1 3
0 1 10 43 0 1
0 1 95 47 1 5
0 1 56 8 1 3
0 1 8 12 1 5
0 1 75 8 0 1
0 1 149 46 1 3
0 1 138 17 1 4
0 1 104 31 1 1
0 1 76 7 0 1
0 1 5 5 0 2
0 1 88 14 1 5
0 1 48 24 1 3
0 1 95 46 0 1
0 1 2 1 0 3
0 1 27 45 0 0
0 1 79 20 1 3
0 1 50 39 0 2
0 1 46 45 0 1
0 1 68 40 0 4
0 1 61 16 0 1
0 1 105 15 1 2
0 1 93 33 0 2
0 1 62 19 0 1
0 1 99 19 1 3
0 1 43 30 1 5
0 1 58 35 1 0
0 1 69 43 1 5
0 1 35 43 1 2
0 1 120 0 0 1
0 1 65 44 0 5
0 1 106 6 1 5
0 1 47 37 0 5
0 1 35 42 0 5
0 1 51 33 0 0
0 1 133 37 0 0
0 1 91 22 1 0
0 1 81 16 0 0
0 1 6 11 0 2
0 1 22 36 0 3
0 1 49 3 0 0
0 1 143 3 1 2
0 1 144 9 1 4
0 1 112 28 1 0
0 1 92 30 0 1
0 1 21 29 0 3
0 1 80 20 0 2
0 1 60 49 1 5
0 1 131 4 0 4
0 1 70 17 1 0
0 1 92 48 1 4
0 1 89 8 0 2
0 1 10 28 1 5
0 1 80 25 1 4
0 1 52 23 1 5
0 1 135 23 0 3
0 1 24 38 0 3
0 1 138 13 0 5
0 1 126 5 0 5
0 1 20 11 0 4
0 1 12 21 1 3
0 1 86 10 1 5
0 1 71 44 1 0
0 1 107 12 1 3
0 1 47 0 1 3
0 1 66 40 1 0
0 1 43 27 0 1
0 1 84 47 1 3
0 1 112 26 0 5
0 1 16 48 0 2
0 1 70 19 0 0
0 1 38 25 1 0
0 1 110 41 1 3
0 1 141 43 0 3
0 1 17 29 1 1
0 1 109 4 0 2
0 1 115 17 0 1
0 1 13 42 0 3
0 1 106 2 0 2
0 1 68 16 1 4
0 1 146 34 1 4
0 1 148 31 0 0
0 1 78 1 0 5
0 1 30 22 1 3
0 1 146 32 0 3
0 1 44 18 0 5
0 1 31 7 0 0
0 1 28 46 1 0
0 1 97 38 0 4
0 1 8 10 0 0
0 1 102 20 1 5
0 1 33 36 1 1
