0 1 40 16 1 2
0 1 97 17 0 0
0 1 92 2 1 1
0 1 67 9 1 4
0 1 137 43 0 3
0 1 87 48 0 0
0 1 83 45 1 0
0 1 35 3 1 3
0 1 76 13 0 1
0 1 73 45 0 5
0 1 24 14 1 4
0 1 64 47 0 2
0 1 69 38 1 5
0 1 32 24 0 4
0 1 0 39 1 1
0 1 114 46 1 4
0 1 38 49 0 5
0 1 141 23 0 2
0 1 119 24 1 5
0 1 102 34 0 2
0 1 15 37 1 2
0 1 2 26 1 3
0 1 1 46 1 3
0 1 82 41 0 2
0 1 47 14 0 2
0 1 48 27 1 4
0 1 125 42 0 0
0 1 58 12 1 3
0 1 10 44 1 5
0 1 21 13 0 2
0 1 40 38 0 1
0 1 81 26 1 4
0 1 52 45 0 4
0 1 11 19 0 3
0 1 85 28 1 1
0 1 149 33 0 2
0 1 84 49 1 2
0 1 20 41 0 0
0 1 33 25 1 3
0 1 5 20 0 4
0 1 71 48 0 1
0 1 30 22 0 3
0 1 78 8 0 4
0 1 44 35 0 0
0 1 75 1 1 0
0 1 107 32 1 5
0 1 102 0 1 1
0 1 46 43 1 1
0 1 110 8 1 0
0 1 26 14 0 3
0 1 80 21 0 0
0 1 93 2 0 3
0 1 4 9 0 1
0 1 94 11 0 1
0 1 79 41 1 4
0 1 132 43 0 0
0 1 141 32 1 3
0 1 101 31 0 2
0 1 127 18 1 3
0 1 77 10 1 4
0 1 93 37 1 3
0 1 45 6 0 0
0 1 96 39 1 0
0 1 7 11 0 2
0 1 95 19 0 2
0 1 32 48 1 5
0 1 67 34 0 0
0 1 118 9 1 2
0 1 143 19 0 0
0 1 86 16 0 3
0 1 18 30 0 3
0 1 53 22 1 4
0 1 57 20 0 3
0 1 48 31 0 3
0 1 146 42 0 5
0 1 128 8 1 5
0 1 38 10 1 1
0 1 123 34 0 3
0 1 31 48 1 3
0 1 85 33 0 4
0 1 58 39 0 4
0 1 89 30 0 1
0 1 65 19 0 4
0 1 11 5 1 5
0 1 28 12 1 5
0 1 6 23 1 5
0 1 105 15 0 3
0 1 16 21 1 5
0 1 144 33 1 1
0 1 71 7 1 5
0 1 7 40 1 4
0 1 8 1 0 1
0 1 122 7 0 3
0 1 27 10 1 2
0 1 129 24 0 0
0 1 73 39 1 3
0 1 114 6 0 4
0 1 17 26 0 1
0 1 37 8 0 2
0 1 121 5 0 4
0 1 117 13 0 4
0 1 108 36 0 5
0 1 121 40 1 2
0 1 9 37 0 4
0 1 105 31 1 0
0 1 13 11 1 0
0 1 30 25 1 5
0 1 131 26 0 2
0 1 50 4 1 4
0 1 90 32 0 1
0 1 135 0 1 2
0 1 133 2 1 5
0 1 49 23 1 4
0 1 41 11 1 5
0 1 70 18 1 2
0 1 140 30 1 4
0 1 140 13 0 3
0 1 74 45 0 2
0 1 147 44 1 1
0 1 28 9 0 3
0 1 17 44 1 2
0 1 26 22 1 1
0 1 89 35 1 2
0 1 6 15 0 4
0 1 127 35 0 5
0 1 8 11 1 4
0 1 24 17 0 4
0 1 62 42 1 1
0 1 147 23 0 1
0 1 125 17 1 2
0 1 66 4 0 0
0 1 96 35 0 4
0 1 20 29 1 2
0 1 131 10 1 5
0 1 22 15 1 5
0 1 104 49 0 1
0 1 103 30 1 0
0 1 139 43 0 5
0 1 91 24 1 2
0 1 0 7 0 1
0 1 27 47 0 4
0 1 77 48 0 4
0 1 97 36 1 4
0 1 44 0 1 0
0 1 15 7 0 0
0 1 43 40 0 5
0 1 5 49 1 0
0 1 124 28 0 2
0 1 145 37 1 1
0 1 54 34 0 1
0 1 92 17 0 5
0 1 31 42 0 4
0 1 88 0 1 5
0 1 101 35 1 3
0 1 109 21 0 4
0 1 72 16 0 0
0 1 87 22 1 5
0 1 148 1 0 5
0 1 45 36 1 3
0 1 59 29 0 1
0 1 95 1 1 4
0 1 135 33 0 5
0 1 122 20 1 0
0 1 108 25 1 1
0 1 109 12 1 0
0 1 138 44 1 0
0 1 42 9 0 5
0 1 54 8 1 1
0 1 56 18 1 1
0 1 63 41 1 1
0 1 115 31 0 5
0 1 72 5 1 3
0 1 129 12 1 4
0 1 88 36 0 0
0 1 75 38 0 4
0 1 139 33 1 3
0 1 34 7 1 2
0 1 50 38 0 3
0 1 124 27 1 2
0 1 91 47 0 1
0 1 116 16 0 4
0 1 36 46 1 5
0 1 130 3 0 2
0 1 113 27 0 0
0 1 29 32 1 0
0 1 55 39 1 2
0 1 41 25 0 4
0 1 90 6 1 3
0 1 9 46 1 2
0 1 23 47 0 5
0 1 134 4 0 5
0 1 62 15 0 0
0 1 34 40 0 1
0 1 39 29 0 3
0 1 25 37 0 5
0 1 130 14 1 0
0 1 12 23 0 3
0 1 10 20 0 2
0 1 53 18 0 4
0 1 49 38 0 2
0 1 1 21 0 1
0 1 59 3 1 0
0 1 149 13 1 5
0 1 136 28 1 3
0 1 100 14 0 1
0 1 120 5 0 2
0 1 51 0 1 4
0 1 103 20 0 5
0 1 18 3 1 5
0 1 118 6 0 1
0 1 23 18 1 0
0 1 83 19 0 5
0 1 117 15 1 2
0 1 19 18 1 5
0 1 4 49 1 4
0 1 14 12 1 1
0 1 3 34 0 5
0 1 137 1 1 2
0 1 100 32 1 2
0 1 57 4 1 1
0 1 21 27 1 1
0 1 126 2 1 4
0 1 36 16 0 5
0 1 111 28 1 5
0 1 98 2 1 2
0 1 111 25 0 2
0 1 3 29 1 0
0 1 128 21 0 3
0 1 106 46 0 0
0 1 143 31 1 1
0 1 133 4 0 2
0 1 46 33 0 0
0 1 126 41 0 3
0 1 39 29 1 5
0 1 16 47 0 3
0 1 37 10 1 0
0 1 33 5 0 0
0 1 148 15 1 1
0 1 112 30 0 2
0 1 107 24 0 1
0 1 12 23 1 0
0 1 47 3 1 1
0 1 94 26 1 0
0 1 134 43 1 2
0 1 42 28 1 4
0 1 69 22 0 0
0 1 142 45 0 1
0 1 106 40 1 0
0 1 56 43 0 4
0 1 116 37 1 0
0 1 29 1 0 3
0 1 145 17 0 1
0 1 84 36 0 2
0 1 136 44 0 3
0 1 112 29 1 4
0 1 146 45 1 3
0 1 66 42 1 3
0 1 99 40 0 3
0 1 25 42 1 2
0 1 144 39 0 5
0 1 113 31 1 4
0 1 110 32 0 4
0 1 132 7 1 4
0 1 51 6 0 2
0 1 79 28 0 0
0 1 81 27 0 3
0 1 123 35 1 1
0 1 82 5 1 1
0 1 86 30 1 5
0 1 68 12 1 2
0 1 78 47 1 0
0 1 64 41 1 5
0 1 70 26 0 5
0 1 43 36 1 1
0 1 19 24 0 3
0 1 120 3 1 4
0 1 13 46 0 1
0 1 74 27 1 5
0 1 63 48 0 2
0 1 22 49 0 3
0 1 68 38 0 0
0 1 2 17 0 3
0 1 14 10 0 3
0 1 60 11 1 3
0 1 104 2 1 0
0 1 35 0 0 3
0 1 80 16 1 1
0 1 55 13 0 0
0 1 115 22 1 2
0 1 65 9 1 0
0 1 60 21 0 2
0 1 119 25 0 0
0 1 138 19 0 1
0 1 61 8 0 3
0 1 52 6 1 5
0 1 99 4 1 3
0 1 76 34 1 4
0 1 98 20 0 1
0 1 61 44 1 4
0 1 142 14 1 5
