0 1 5 26 1 0
0 1 69 25 0 0
0 1 64 32 1 0
0 1 139 48 0 4
0 1 7 46 1 0
0 1 130 33 0 2
0 1 7 10 0 1
0 1 72 4 0 4
0 1 148 5 0 4
0 1 147 28 1 1
0 1 61 47 0 5
0 1 125 35 0 5
0 1 25 30 1 0
0 1 124 21 1 3
0 1 123 9 1 0
0 1 76 39 1 5
0 1 38 20 0 0
0 1 97 16 1 0
0 1 78 48 1 0
0 1 0 12 1 4
0 1 27 24 1 5
0 1 80 38 0 2
0 1 42 45 0 0
0 1 34 17 0 3
0 1 146 19 1 4
0 1 143 22 1 2
0 1 111 24 0 4
0 1 92 36 0 5
0 1 102 7 1 1
0 1 78 7 0 4
0 1 121 39 0 0
0 1 66 42 1 3
0 1 87 45 1 3
0 1 94 41 1 3
0 1 53 27 0 2
0 1 97 26 0 5
0 1 35 37 1 2
0 1 144 44 1 2
0 1 118 40 1 0
0 1 121 21 1 1
0 1 57 40 1 1
0 1 77 43 0 4
0 1 76 22 0 4
0 1 123 34 0 1
0 1 51 5 1 2
0 1 48 29 1 0
0 1 39 28 1 5
0 1 71 1 0 5
0 1 96 39 1 1
0 1 135 3 0 5
0 1 79 19 1 3
0 1 18 2 1 4
0 1 79 38 0 1
0 1 20 2 0 1
0 1 108 10 0 5
0 1 109 12 0 0
0 1 36 24 1 3
0 1 122 22 0 0
0 1 12 20 0 3
0 1 44 16 1 5
0 1 83 41 1 2
0 1 63 0 1 3
0 1 33 7 1 5
0 1 9 20 1 1
0 1 89 15 1 0
0 1 100 6 0 4
0 1 40 1 0 3
0 1 122 49 1 5
0 1 147 23 0 4
0 1 77 30 1 4
0 1 92 6 1 0
0 1 8 16 0 1
0 1 4 23 1 2
0 1 26 26 0 4
0 1 21 42 0 4
0 1 50 2 0 2
0 1 126 49 0 4
0 1 45 9 1 3
0 1 75 18 0 3
0 1 140 34 0 2
0 1 81 11 0 3
0 1 132 25 1 1
0 1 103 23 0 3
0 1 82 5 1 1
0 1 115 8 0 5
0 1 47 30 1 1
0 1 86 26 0 2
0 1 33 16 0 2
0 1 111 13 1 2
0 1 2 4 1 0
0 1 11 47 0 4
0 1 81 43 1 0
0 1 45 8 0 4
0 1 106 6 1 1
0 1 18 15 0 1
0 1 59 31 1 5
0 1 73 29 1 5
0 1 62 33 0 5
0 1 75 13 1 1
0 1 27 45 0 5
0 1 30 19 1 2
0 1 134 24 1 0
0 1 99 46 0 5
0 1 107 7 0 3
0 1 94 36 0 3
0 1 52 34 1 3
0 1 113 27 0 3
0 1 29 14 1 5
0 1 105 28 0 0
0 1 13 41 1 0
0 1 99 24 1 1
0 1 70 31 1 2
0 1 63 43 0 3
0 1 50 0 1 2
0 1 91 41 1 5
0 1 19 15 0 5
0 1 110 27 0 4
0 1 137 11 0 2
0 1 41 33 0 4
0 1 98 25 1 4
0 1 47 47 0 1
0 1 28 44 0 4
0 1 72 27 1 1
0 1 103 3 1 0
0 1 9 37 0 1
0 1 124 11 0 1
0 1 28 37 1 4
0 1 119 6 1 3
0 1 29 21 0 5
0 1 56 40 0 3
0 1 34 36 1 2
0 1 90 39 0 4
0 1 67 30 0 2
0 1 132 45 0 2
0 1 20 5 1 5
0 1 1 14 0 3
0 1 16 37 0 0
0 1 113 1 1 4
0 1 112 18 0 4
0 1 85 8 1 2
0 1 55 29 0 3
0 1 49 47 0 0
0 1 54 32 0 5
0 1 46 15 1 2
0 1 101 43 0 2
0 1 138 31 0 3
0 1 23 35 0 0
0 1 17 17 1 5
0 1 5 15 0 3
0 1 67 17 1 0
0 1 136 27 1 0
0 1 101 49 1 0
0 1 60 14 0 4
0 1 39 14 0 2
0 1 110 28 1 3
0 1 1 8 1 1
0 1 17 33 0 0
0 1 142 13 0 4
0 1 145 27 0 5
0 1 68 23 0 0
0 1 95 25 0 3
0 1 84 36 0 4
0 1 136 48 0 1
0 1 58 32 0 4
0 1 30 49 0 3
0 1 40 25 1 5
0 1 116 10 0 2
0 1 64 40 0 2
0 1 43 20 1 4
0 1 74 46 0 4
0 1 84 5 1 3
0 1 116 12 1 1
0 1 59 12 0 2
0 1 35 46 0 2
0 1 56 4 1 5
0 1 26 0 1 4
0 1 139 18 1 0
0 1 91 18 0 2
0 1 90 42 1 0
0 1 142 0 1 1
0 1 46 3 0 2
0 1 88 2 0 3
0 1 61 0 1 5
0 1 16 17 1 2
0 1 141 10 1 3
0 1 4 19 0 1
0 1 13 32 0 3
0 1 117 29 1 1
0 1 58 29 1 2
0 1 117 1 0 1
0 1 36 31 0 0
0 1 10 20 1 5
0 1 3 44 1 5
0 1 38 31 1 4
0 1 66 43 0 1
0 1 49 35 1 3
0 1 74 3 1 3
0 1 95 21 1 2
0 1 127 12 0 5
0 1 31 44 1 0
0 1 137 9 1 4
0 1 48 3 0 1
0 1 15 13 1 5
0 1 51 1 0 0
0 1 69 28 1 2
0 1 93 39 0 2
0 1 106 35 0 2
0 1 107 37 1 5
0 1 15 48 0 5
0 1 80 21 1 0
0 1 71 0 1 0
0 1 37 24 1 2
0 1 138 16 1 4
0 1 0 22 0 3
0 1 149 18 1 5
0 1 62 30 1 5
0 1 104 10 1 4
0 1 43 38 0 5
0 1 141 48 0 2
0 1 42 42 1 2
0 1 83 42 0 1
0 1 133 38 0 4
0 1 120 9 0 2
0 1 145 17 1 4
0 1 148 26 1 1
0 1 130 32 1 2
0 1 96 4 0 1
0 1 87 9 0 5
0 1 52 8 0 3
0 1 24 13 1 0
0 1 73 13 0 3
0 1 54 41 1 1
0 1 114 38 0 3
0 1 60 6 1 5
0 1 37 36 0 1
0 1 82 42 0 5
0 1 25 35 0 1
0 1 119 47 0 3
0 1 135 15 1 4
0 1 134 4 0 2
0 1 118 11 0 0
0 1 68 45 1 1
0 1 89 11 0 5
0 1 44 39 0 3
0 1 140 23 1 5
0 1 105 33 1 3
0 1 6 34 0 0
0 1 93 34 1 4
0 1 57 19 0 0
0 1 11 23 1 1
0 1 41 28 1 4
0 1 6 12 1 3
0 1 125 49 1 1
0 1 19 22 1 1
0 1 104 21 0 4
0 1 70 3 0 4
0 1 131 14 0 1
0 1 146 46 0 1
0 1 24 5 0 0
0 1 128 2 1 5
0 1 21 7 1 2
0 1 3 40 0 4
0 1 32 20 0 2
0 1 144 6 0 2
0 1 32 37 1 3
0 1 129 26 1 3
0 1 14 41 0 4
0 1 31 35 0 4
0 1 88 29 1 4
0 1 98 9 0 1
0 1 100 44 1 3
0 1 131 46 1 3
0 1 85 45 0 4
0 1 126 10 1 0
0 1 8 1 1 2
0 1 23 22 1 5
0 1 102 16 0 3
0 1 2 2 0 0
0 1 86 14 1 0
0 1 55 43 1 5
0 1 53 40 1 5
0 1 127 19 1 5
0 1 65 18 1 1
0 1 10 11 0 4
0 1 108 30 1 3
0 1 12 7 1 0
0 1 22 4 1 3
0 1 65 31 0 1
0 1 129 32 0 1
0 1 143 49 0 2
0 1 128 48 0 3
0 1 114 47 1 2
0 1 22 36 0 0
0 1 149 17 0 1
0 1 109 34 1 5
0 1 120 8 1 0
0 1 14 33 1 1
0 1 115 25 1 2
0 1 112 38 1 0
0 1 133 44 1 1
