0 1 34 15 0 5
0 1 101 21 0 2
0 1 58 40 0 5
0 1 40 15 1 0
0 1 2 17 1 3
0 1 149 35 1 1
0 1 21 19 0 5
0 1 123 31 0 1
0 1 90 20 1 5
0 1 28 20 0 1
0 1 65 6 0 3
0 1 141 30 1 1
0 1 118 38 0 5
0 1 116 28 0 1
0 1 5 8 0 0
0 1 128 41 1 2
0 1 98 7 1 0
0 1 123 10 1 0
0 1 51 8 0 4
0 1 135 4 0 2
0 1 118 0 1 2
0 1 38 46 0 0
0 1 79 32 1 4
0 1 109 47 1 0
0 1 108 23 0 1
0 1 115 46 0 2
0 1 97 23 1 0
0 1 1 22 1 3
0 1 50 33 0 1
0 1 6 22 0 2
0 1 39 18 0 0
0 1 114 23 1 3
0 1 78 48 0 5
0 1 54 4 0 5
0 1 97 31 0 2
0 1 53 23 0 2
0 1 138 42 1 5
0 1 39 40 1 1
0 1 140 21 0 4
0 1 56 14 0 4
0 1 71 2 0 4
0 1 107 11 1 2
0 1 11 49 1 2
0 1 129 30 1 4
0 1 49 6 0 5
0 1 84 33 0 4
0 1 40 24 0 0
0 1 117 29 0 2
0 1 1 26 0 3
0 1 17 4 1 1
0 1 12 17 1 1
0 1 117 16 1 5
0 1 128 39 0 3
0 1 66 38 1 3
0 1 136 37 0 1
0 1 62 3 0 3
0 1 100 44 0 4
0 1 100 27 1 0
0 1 64 10 0 3
0 1 113 33 0 5
0 1 126 1 1 5
0 1 76 35 0 5
0 1 24 24 0 2
0 1 75 34 0 4
0 1 52 35 0 2
0 1 75 20 1 4
0 1 14 43 0 1
0 1 99 26 0 0
0 1 107 44 0 0
0 1 90 0 0 4
0 1 36 48 1 1
0 1 110 48 1 0
0 1 147 31 1 0
0 1 42 36 0 1
0 1 106 32 1 0
0 1 22 24 1 5
0 1 22 25 0 5
0 1 112 16 0 4
0 1 149 22 0 0
0 1 47 6 0 1
0 1 37 13 1 4
0 1 92 27 0 2
0 1 131 15 0 4
0 1 10 6 0 2
0 1 30 28 1 2
0 1 18 3 0 2
0 1 0 1 0 4
0 1 44 47 0 1
0 1 17 45 0 3
0 1 127 6 1 0
0 1 73 49 0 0
0 1 4 17 1 5
0 1 142 47 1 3
0 1 74 48 1 2
0 1 114 42 0 3
0 1 19 31 0 4
0 1 64 26 1 2
0 1 72 5 0 1
0 1 122 1 0 1
0 1 124 22 1 5
0 1 70 11 1 5
0 1 94 43 0 5
0 1 21 15 1 3
0 1 76 13 1 5
0 1 5 5 1 2
0 1 3 49 0 4
0 1 72 40 1 0
0 1 29 39 1 5
0 1 96 43 0 4
0 1 144 45 1 0
0 1 7 7 0 2
0 1 104 12 1 3
0 1 14 14 1 3
0 1 137 21 1 0
0 1 56 25 1 1
0 1 38 19 1 4
0 1 129 8 0 3
0 1 94 32 1 2
0 1 119 9 1 5
0 1 48 14 1 0
0 1 139 41 1 3
0 1 15 29 0 3
0 1 63 33 0 2
0 1 87 37 0 4
0 1 137 17 0 4
0 1 50 14 1 5
0 1 8 44 0 2
0 1 115 18 1 5
0 1 69 8 0 2
0 1 23 40 1 4
0 1 34 11 1 0
0 1 36 22 0 1
0 1 146 38 1 1
0 1 69 12 1 1
0 1 23 7 0 1
0 1 116 26 1 1
0 1 132 49 1 5
0 1 86 39 0 1
0 1 0 30 1 0
0 1 85 0 0 1
0 1 144 10 0 2
0 1 81 21 1 1
0 1 6 38 1 4
0 1 55 0 0 3
0 1 25 2 1 2
0 1 13 24 1 3
0 1 89 43 0 0
0 1 81 12 0 2
0 1 82 43 1 2
0 1 26 5 0 0
0 1 59 7 1 5
0 1 80 42 1 4
0 1 54 11 1 3
0 1 132 31 0 5
0 1 66 12 0 4
0 1 29 29 0 1
0 1 9 34 1 0
0 1 121 13 1 1
0 1 37 13 0 0
0 1 55 36 1 0
0 1 12 27 0 4
0 1 99 9 1 3
0 1 98 44 0 3
0 1 65 45 1 1
0 1 42 25 1 0
0 1 124 20 0 3
0 1 148 29 1 4
0 1 3 2 1 1
0 1 11 24 0 1
0 1 2 2 0 5
0 1 59 3 0 4
0 1 125 1 0 2
0 1 58 18 1 4
0 1 104 35 0 4
0 1 41 9 1 1
0 1 88 11 0 1
0 1 91 17 1 2
0 1 20 28 0 4
0 1 70 34 0 2
0 1 4 46 0 1
0 1 77 37 1 5
0 1 43 36 1 3
0 1 41 10 0 5
0 1 119 4 0 4
0 1 103 19 1 3
0 1 136 16 1 2
0 1 57 39 1 4
0 1 84 18 1 2
0 1 130 5 0 4
0 1 88 32 1 5
0 1 122 28 1 0
0 1 134 41 1 4
0 1 18 5 1 5
0 1 62 42 1 1
0 1 9 18 0 3
0 1 108 48 1 3
0 1 105 19 1 1
0 1 141 8 0 5
0 1 121 3 0 1
0 1 49 9 1 2
0 1 7 16 1 3
0 1 146 37 0 3
0 1 60 45 1 4
0 1 87 49 1 3
0 1 27 40 1 3
0 1 127 41 0 5
0 1 93 4 1 0
0 1 35 46 0 5
0 1 106 7 0 3
0 1 111 34 0 3
0 1 80 30 0 3
0 1 32 29 1 5
0 1 77 25 0 4
0 1 68 16 0 0
0 1 91 12 0 0
0 1 15 6 1 4
0 1 110 9 0 0
0 1 131 2 1 0
0 1 83 47 1 2
0 1 92 47 1 5
0 1 74 5 0 3
0 1 145 36 0 2
0 1 86 36 1 5
0 1 46 41 0 1
0 1 26 25 1 2
0 1 103 10 0 4
0 1 63 19 1 0
0 1 102 20 1 0
0 1 126 46 0 3
0 1 143 45 0 5
0 1 120 44 1 5
0 1 139 34 0 1
0 1 19 32 1 1
0 1 53 35 1 0
0 1 45 15 0 2
0 1 102 13 0 3
0 1 33 27 0 3
0 1 31 21 0 5
0 1 25 27 0 5
0 1 135 4 1 3
0 1 143 23 1 4
0 1 31 13 1 2
0 1 67 14 1 2
0 1 71 30 1 2
0 1 30 42 0 0
0 1 48 26 0 4
0 1 73 24 1 4
0 1 95 33 0 3
0 1 35 12 1 5
0 1 46 28 1 3
0 1 112 25 1 3
0 1 43 47 0 4
0 1 89 33 1 0
0 1 105 9 0 4
0 1 96 20 1 2
0 1 68 42 1 2
0 1 145 37 1 0
0 1 109 43 0 3
0 1 147 32 0 3
0 1 33 3 1 0
0 1 78 11 1 4
0 1 138 39 0 2
0 1 134 2 0 3
0 1 8 45 1 2
0 1 52 8 1 1
0 1 47 26 1 5
0 1 57 21 0 3
0 1 133 14 1 1
0 1 51 18 1 1
0 1 93 22 0 4
0 1 133 0 0 5
0 1 32 38 0 2
0 1 125 0 1 0
0 1 79 49 0 1
0 1 24 1 1 3
0 1 120 46 0 4
0 1 20 16 1 1
0 1 140 7 1 4
0 1 101 28 1 5
0 1 111 30 1 5
0 1 44 38 1 0
0 1 85 36 1 4
0 1 28 23 1 5
0 1 16 48 0 4
0 1 10 17 1 0
0 1 16 27 1 1
0 1 27 31 0 3
0 1 142 15 0 1
0 1 67 19 0 2
0 1 82 44 0 1
0 1 45 3 1 5
0 1 148 1 0 0
0 1 83 10 0 1
0 1 61 35 0 3
0 1 113 41 1 0
0 1 60 39 0 0
0 1 61 29 1 0
0 1 130 34 1 5
0 1 95 40 1 2
0 1 13 37 0 2
