0 1 144 10 0 1
0 1 53 49 1 4
0 1 95 7 0 2
0 1 3 31 1 0
0 1 104 42 0 3
0 1 14 39 0 2
0 1 144 17 1 1
0 1 91 34 1 5
0 1 141 26 0 3
0 1 59 0 1 4
0 1 46 20 1 3
0 1 10 19 1 3
0 1 145 27 0 5
0 1 101 37 1 0
0 1 148 40 1 2
0 1 128 22 1 0
0 1 115 12 0 4
0 1 70 27 1 1
0 1 39 34 1 0
0 1 64 38 0 5
0 1 35 19 1 5
0 1 60 23 1 2
0 1 1 24 1 2
0 1 52 6 0 4
0 1 146 8 1 4
0 1 76 15 0 2
0 1 55 38 1 0
0 1 93 36 0 5
0 1 81 49 0 5
0 1 61 2 1 0
0 1 138 3 1 3
0 1 17 23 1 0
0 1 47 32 0 3
0 1 53 10 0 5
0 1 24 4 0 1
0 1 108 27 0 2
0 1 147 21 1 5
0 1 94 12 1 1
0 1 121 1 0 1
0 1 120 20 1 0
0 1 67 6 0 1
0 1 58 23 0 3
0 1 105 47 1 2
0 1 130 31 0 2
0 1 40 35 1 0
0 1 77 28 1 3
0 1 0 15 1 1
0 1 84 46 0 2
0 1 119 46 0 3
0 1 15 28 1 2
0 1 75 7 0 5
0 1 124 16 0 4
0 1 135 22 1 1
0 1 99 37 1 1
0 1 129 6 0 3
0 1 41 43 1 3
0 1 143 39 1 0
0 1 56 47 1 3
0 1 19 2 0 2
0 1 13 32 0 4
0 1 31 13 0 0
0 1 43 9 1 1
0 1 52 46 1 4
0 1 120 11 0 5
0 1 63 39 1 3
0 1 139 30 0 4
0 1 110 13 1 3
0 1 95 8 1 2
0 1 127 19 1 2
0 1 50 29 1 3
0 1 91 16 0 1
0 1 126 48 0 2
0 1 116 14 0 3
0 1 72 5 1 1
0 1 40 45 0 1
0 1 128 34 0 3
0 1 20 21 1 0
0 1 4 25 0 2
0 1 81 4 1 2
0 1 132 41 1 4
0 1 34 9 0 0
0 1 108 14 1 0
0 1 137 13 0 2
0 1 69 2 0 1
0 1 0 41 0 3
0 1 62 9 1 4
0 1 118 40 0 3
0 1 123 3 0 1
0 1 1 21 0 2
0 1 59 35 0 4
0 1 19 17 1 0
0 1 141 1 1 5
0 1 136 34 1 2
0 1 94 0 0 3
0 1 134 11 1 2
0 1 133 44 0 0
0 1 96 14 0 5
0 1 109 18 1 3
0 1 5 23 1 4
0 1 74 3 1 2
0 1 88 34 1 4
0 1 119 39 1 5
0 1 61 33 0 5
0 1 46 45 0 3
0 1 27 45 0 4
0 1 47 12 1 2
0 1 28 5 0 0
0 1 117 16 1 0
0 1 145 26 1 1
0 1 140 9 1 3
0 1 97 40 1 0
0 1 85 4 1 5
0 1 82 33 0 4
0 1 142 7 1 0
0 1 41 11 0 0
0 1 129 37 1 5
0 1 57 24 1 3
0 1 37 15 0 3
0 1 9 5 1 4
0 1 62 20 0 4
0 1 130 41 1 5
0 1 126 42 1 4
0 1 78 6 0 2
0 1 14 0 1 0
0 1 50 29 0 0
0 1 93 21 1 1
0 1 132 25 0 4
0 1 32 11 0 1
0 1 87 29 1 2
0 1 30 41 0 2
0 1 8 37 1 3
0 1 33 1 0 0
0 1 65 31 1 1
0 1 139 20 1 2
0 1 15 15 0 0
0 1 4 47 1 4
0 1 37 36 1 2
0 1 20 35 0 3
0 1 133 2 1 5
0 1 122 5 0 5
0 1 113 35 0 5
0 1 73 18 0 0
0 1 135 18 0 5
0 1 107 1 1 4
0 1 64 25 1 5
0 1 98 8 0 0
0 1 89 29 1 1
0 1 44 9 1 5
0 1 147 14 0 2
0 1 31 17 1 5
0 1 79 43 1 4
0 1 34 40 1 5
0 1 117 30 0 3
0 1 134 25 0 3
0 1 85 8 0 5
0 1 48 19 1 1
0 1 112 43 1 0
0 1 45 12 1 5
0 1 111 48 0 3
0 1 123 38 1 3
0 1 54 10 0 4
0 1 26 17 0 2
0 1 29 36 1 1
0 1 112 16 0 2
0 1 51 28 0 1
0 1 5 16 0 3
0 1 127 44 0 5
0 1 18 37 0 4
0 1 39 49 0 0
0 1 106 7 1 1
0 1 92 3 1 5
0 1 97 49 0 2
0 1 103 0 0 1
0 1 26 39 1 4
0 1 118 32 1 5
0 1 28 44 1 2
0 1 70 6 0 0
0 1 9 24 0 1
0 1 136 36 0 4
0 1 10 33 0 1
0 1 75 26 1 2
0 1 72 13 0 1
0 1 38 43 1 2
0 1 74 27 0 3
0 1 101 30 0 5
0 1 49 38 1 4
0 1 125 22 1 3
0 1 149 35 0 1
0 1 11 12 0 3
0 1 146 10 0 3
0 1 29 18 0 1
0 1 55 12 0 0
0 1 100 44 1 1
0 1 68 4 0 0
0 1 82 28 1 4
0 1 16 18 1 2
0 1 57 47 0 0
0 1 7 36 1 0
0 1 42 48 0 4
0 1 2 28 1 5
0 1 111 31 1 5
0 1 114 1 0 2
0 1 49 33 0 3
0 1 138 27 0 4
0 1 78 30 1 0
0 1 137 3 1 0
0 1 44 48 0 1
0 1 122 22 1 2
0 1 22 14 0 4
0 1 60 29 0 4
0 1 142 42 0 1
0 1 113 21 1 3
0 1 131 33 1 2
0 1 6 44 0 4
0 1 65 9 0 2
0 1 22 45 1 0
0 1 43 31 0 3
0 1 143 46 0 5
0 1 106 20 0 1
0 1 88 31 0 4
0 1 2 32 0 1
0 1 131 17 0 4
0 1 140 42 0 5
0 1 80 32 0 0
0 1 90 40 1 4
0 1 24 26 1 5
0 1 83 44 0 3
0 1 48 3 0 4
0 1 71 10 1 0
0 1 102 21 1 4
0 1 86 46 1 1
0 1 25 47 1 5
0 1 63 19 0 4
0 1 99 19 0 0
0 1 38 22 0 4
0 1 35 25 0 0
0 1 18 49 1 1
0 1 148 24 0 4
0 1 27 5 1 3
0 1 114 15 1 4
0 1 6 43 1 5
0 1 67 7 1 4
0 1 66 38 0 1
0 1 121 24 1 5
0 1 23 0 0 2
0 1 17 48 0 5
0 1 45 23 0 5
0 1 13 26 1 4
0 1 42 2 1 3
0 1 11 42 1 2
0 1 80 8 1 1
0 1 68 13 1 4
0 1 125 11 0 3
0 1 12 30 1 1
0 1 90 41 0 0
0 1 16 45 0 5
0 1 8 38 0 2
0 1 56 42 0 0
0 1 83 35 1 2
0 1 98 4 1 4
0 1 71 41 0 1
0 1 69 0 1 5
0 1 79 36 0 3
0 1 7 43 0 1
0 1 109 17 0 3
0 1 110 39 0 1
0 1 96 29 1 5
0 1 23 4 1 3
0 1 36 40 1 1
0 1 104 7 1 3
0 1 84 45 1 2
0 1 89 14 0 1
0 1 3 13 0 5
0 1 58 46 1 0
0 1 87 22 0 5
0 1 124 32 1 2
0 1 92 27 0 0
0 1 105 16 0 5
0 1 21 49 1 3
0 1 86 37 0 2
0 1 115 1 1 3
0 1 103 30 1 2
0 1 33 33 1 0
0 1 30 20 1 5
0 1 77 10 0 2
0 1 54 11 1 4
0 1 32 24 1 0
0 1 107 34 0 1
0 1 66 48 1 0
0 1 25 28 0 0
0 1 12 25 0 1
0 1 102 47 0 1
0 1 36 5 0 2
0 1 116 15 1 5
0 1 100 8 0 3
0 1 73 2 1 4
0 1 51 26 1 0
0 1 21 23 0 1
0 1 149 6 1 5
0 1 76 18 1 4
