0 1 64 22 1 2
0 1 70 44 0 3
0 1 123 24 0 3
0 1 75 1 0 3
0 1 42 16 1 5
0 1 19 43 1 0
0 1 139 37 0 1
0 1 120 30 1 3
0 1 15 29 1 2
0 1 142 33 0 2
0 1 101 40 0 3
0 1 148 48 1 3
0 1 20 28 1 3
0 1 118 23 1 1
0 1 131 11 0 4
0 1 23 24 1 5
0 1 30 27 1 3
0 1 87 14 1 0
0 1 80 34 0 4
0 1 54 41 0 3
0 1 118 38 0 3
0 1 90 14 0 3
0 1 93 49 0 1
0 1 37 17 0 3
0 1 144 9 0 2
0 1 35 45 0 5
0 1 26 36 0 4
0 1 58 27 1 1
0 1 68 41 0 5
0 1 51 47 1 2
0 1 85 41 0 2
0 1 41 19 1 5
0 1 50 26 1 1
0 1 85 12 1 5
0 1 109 11 0 5
0 1 119 16 0 4
0 1 67 32 1 3
0 1 120 15 0 5
0 1 144 17 1 4
0 1 135 8 0 5
0 1 116 18 0 0
0 1 134 46 1 1
0 1 137 1 1 5
0 1 75 8 1 3
0 1 104 2 1 4
0 1 54 8 1 4
0 1 21 35 0 2
0 1 114 3 0 4
0 1 124 48 0 4
0 1 71 23 0 3
0 1 69 21 0 4
0 1 145 21 0 3
0 1 48 9 0 1
0 1 105 10 0 2
0 1 140 30 1 2
0 1 72 48 0 0
0 1 28 20 1 4
0 1 62 46 0 3
0 1 94 9 1 5
0 1 91 5 1 2
0 1 112 28 0 5
0 1 60 35 1 0
0 1 1 15 0 3
0 1 77 17 0 0
0 1 88 10 1 1
0 1 95 39 0 0
0 1 101 45 1 3
0 1 27 19 1 1
0 1 53 0 1 2
0 1 2 25 1 3
0 1 43 29 1 5
0 1 110 35 1 4
0 1 117 20 1 0
0 1 116 20 1 5
0 1 44 13 0 4
0 1 106 14 0 4
0 1 40 36 1 0
0 1 10 16 1 3
0 1 8 26 1 4
0 1 10 31 0 3
0 1 33 24 0 0
0 1 7 20 0 3
0 1 53 41 0 4
0 1 139 13 1 0
0 1 98 22 0 3
0 1 73 49 1 0
0 1 14 27 0 0
0 1 90 40 1 0
0 1 113 44 1 0
0 1 66 2 1 1
0 1 27 7 0 1
0 1 126 43 0 3
0 1 64 11 0 0
0 1 74 29 0 4
0 1 17 38 0 2
0 1 78 40 0 1
0 1 22 31 0 4
0 1 127 6 0 2
0 1 123 28 1 0
0 1 117 42 0 1
0 1 103 9 0 4
0 1 12 1 1 0
0 1 127 36 1 5
0 1 96 21 1 2
0 1 21 42 1 5
0 1 7 42 1 0
0 1 4 21 1 5
0 1 42 44 0 5
0 1 0 24 0 1
0 1 91 43 0 2
0 1 70 42 1 3
0 1 39 7 1 2
0 1 110 30 0 0
0 1 4 32 0 2
0 1 0 6 1 0
0 1 11 32 0 4
0 1 44 0 1 1
0 1 104 4 0 2
0 1 39 39 0 4
0 1 76 3 1 0
0 1 87 5 0 3
0 1 81 46 0 5
0 1 60 19 0 3
0 1 23 6 0 1
0 1 98 30 1 5
0 1 62 39 1 3
0 1 16 2 0 5
0 1 56 7 0 4
0 1 84 22 1 1
0 1 35 25 1 2
0 1 58 8 0 2
0 1 115 38 0 4
0 1 19 13 0 2
0 1 18 10 0 4
0 1 149 3 1 5
0 1 122 14 1 1
0 1 18 0 1 5
0 1 141 3 1 3
0 1 130 34 1 0
0 1 34 12 0 1
0 1 128 45 1 1
0 1 129 7 0 3
0 1 37 15 1 0
0 1 129 26 1 5
0 1 138 37 0 0
0 1 95 41 1 1
0 1 14 47 1 4
0 1 74 6 1 4
0 1 29 42 0 4
0 1 141 28 0 1
0 1 61 2 0 2
0 1 143 24 1 2
0 1 136 32 1 5
0 1 25 33 0 5
0 1 83 35 1 1
0 1 30 38 0 1
0 1 102 19 1 2
0 1 133 46 1 4
0 1 88 23 0 4
0 1 59 34 0 1
0 1 13 22 0 0
0 1 89 44 0 1
0 1 69 29 1 1
0 1 113 17 0 2
0 1 40 5 0 1
0 1 125 13 0 1
0 1 131 15 1 2
0 1 2 5 0 5
0 1 36 26 1 0
0 1 16 35 1 5
0 1 77 40 1 5
0 1 146 43 0 5
0 1 52 27 1 2
0 1 8 49 0 2
0 1 112 11 1 1
0 1 143 35 0 3
0 1 76 0 0 0
0 1 24 34 0 5
0 1 5 22 1 4
0 1 3 31 1 0
0 1 46 5 1 0
0 1 72 1 1 1
0 1 5 12 0 2
0 1 17 16 1 1
0 1 140 33 0 3
0 1 73 17 0 5
0 1 111 12 0 3
0 1 31 49 1 5
0 1 103 4 1 3
0 1 59 1 1 4
0 1 84 33 0 1
0 1 45 31 1 1
0 1 108 43 1 1
0 1 34 39 1 2
0 1 114 25 1 0
0 1 46 36 0 1
0 1 124 40 1 2
0 1 11 47 1 1
0 1 6 18 0 5
0 1 121 25 0 4
0 1 81 23 1 2
0 1 105 19 1 0
0 1 132 37 0 2
0 1 136 4 0 4
0 1 48 32 1 0
0 1 45 47 0 3
0 1 12 27 0 4
0 1 82 13 0 5
0 1 80 28 1 4
0 1 28 46 0 0
0 1 1 49 1 3
0 1 107 10 1 0
0 1 82 10 1 3
0 1 66 6 0 5
0 1 147 18 1 2
0 1 9 4 1 0
0 1 119 16 1 2
0 1 71 44 1 4
0 1 94 37 0 5
0 1 38 7 0 5
0 1 63 48 1 2
0 1 24 18 1 4
0 1 31 14 0 5
0 1 149 29 0 3
0 1 128 24 0 4
0 1 93 33 1 4
0 1 86 39 0 5
0 1 122 27 0 5
0 1 137 45 0 0
0 1 13 26 1 2
0 1 22 38 1 0
0 1 134 3 0 2
0 1 78 9 1 0
0 1 126 15 1 1
0 1 100 45 1 2
0 1 47 18 0 1
0 1 38 0 1 4
0 1 36 12 0 4
0 1 125 2 1 3
0 1 102 46 0 2
0 1 49 42 1 2
0 1 99 31 1 2
0 1 92 20 1 1
0 1 111 25 1 5
0 1 100 30 0 1
0 1 15 33 0 0
0 1 97 48 0 5
0 1 107 8 0 0
0 1 32 34 0 3
0 1 89 20 1 2
0 1 29 21 1 0
0 1 25 4 1 5
0 1 47 43 1 4
0 1 79 19 0 4
0 1 67 47 0 0
0 1 132 32 1 1
0 1 51 23 0 5
0 1 115 11 1 3
0 1 142 36 1 2
0 1 138 22 1 5
0 1 148 0 0 3
0 1 133 23 0 0
0 1 55 49 0 4
0 1 57 47 0 5
0 1 33 17 1 1
0 1 79 18 1 3
0 1 20 5 0 4
0 1 109 37 1 3
0 1 41 16 0 0
0 1 86 48 1 1
0 1 52 1 0 2
0 1 57 15 1 4
0 1 97 38 1 5
0 1 135 37 1 4
0 1 121 44 1 2
0 1 56 7 1 0
0 1 96 9 0 3
0 1 65 26 0 3
0 1 147 36 0 3
0 1 43 34 0 2
0 1 106 30 1 4
0 1 146 25 1 1
0 1 26 11 1 2
0 1 130 4 0 1
0 1 61 2 1 0
0 1 83 13 0 3
0 1 6 3 1 1
0 1 9 45 0 4
0 1 145 14 1 2
0 1 108 21 0 1
0 1 50 31 0 5
0 1 68 28 1 2
0 1 49 12 0 0
0 1 92 39 0 1
0 1 99 6 0 3
0 1 32 40 1 4
0 1 63 29 0 0
0 1 65 10 1 5
0 1 3 41 0 0
0 1 55 8 1 1
