0 1 37 18 1 1
0 1 83 45 0 2
0 1 98 28 0 4
0 1 13 11 0 5
0 1 122 41 0 1
0 1 45 9 0 5
0 1 74 36 1 1
0 1 14 37 1 2
0 1 57 43 1 3
0 1 78 21 1 4
0 1 0 42 0 2
0 1 32 9 0 1
0 1 101 29 1 4
0 1 71 15 1 3
0 1 124 34 1 2
0 1 52 38 0 1
0 1 8 15 0 2
0 1 67 26 0 4
0 1 1 49 0 2
0 1 125 13 0 4
0 1 96 25 1 4
0 1 66 11 0 2
0 1 22 6 1 5
0 1 47 20 0 0
0 1 75 12 0 0
0 1 120 46 0 5
0 1 1 0 1 4
0 1 28 21 0 2
0 1 19 6 0 0
0 1 37 44 0 4
0 1 24 44 1 5
0 1 118 35 1 0
0 1 30 16 1 5
0 1 11 5 0 0
0 1 16 17 0 5
0 1 8 23 1 2
0 1 31 25 0 3
0 1 83 22 1 0
0 1 117 27 1 1
0 1 18 19 1 1
0 1 23 47 0 0
0 1 127 33 1 5
0 1 39 14 1 4
0 1 72 20 1 3
0 1 36 17 1 0
0 1 41 36 1 5
0 1 20 1 0 2
0 1 70 4 0 2
0 1 116 35 1 4
0 1 76 45 1 5
0 1 17 19 1 0
0 1 10 30 0 3
0 1 104 7 1 2
0 1 118 37 0 3
0 1 105 24 0 0
0 1 119 29 0 5
0 1 124 17 0 4
0 1 35 32 0 2
0 1 65 26 1 5
0 1 54 40 1 4
0 1 107 28 0 2
0 1 77 3 0 3
0 1 89 48 0 1
0 1 10 17 1 1
0 1 143 7 0 0
0 1 109 42 0 0
0 1 138 16 1 2
0 1 128 34 0 5
0 1 41 0 0 0
0 1 93 48 1 0
0 1 101 39 0 5
0 1 62 11 1 1
0 1 82 47 0 3
0 1 35 18 1 5
0 1 27 18 0 3
0 1 81 23 0 4
0 1 68 2 1 3
0 1 25 8 1 2
0 1 146 43 1 2
0 1 147 36 0 4
0 1 48 35 0 1
0 1 63 29 1 3
0 1 99 1 0 3
0 1 133 33 1 0
0 1 5 27 0 5
0 1 149 30 1 5
0 1 135 44 1 3
0 1 95 18 0 0
0 1 146 39 0 2
0 1 103 19 1 2
0 1 123 10 0 4
0 1 29 44 1 0
0 1 116 10 0 5
0 1 86 4 1 4
0 1 112 2 1 2
0 1 136 38 1 0
0 1 34 22 0 5
0 1 17 9 0 2
0 1 44 41 1 3
0 1 39 13 0 2
0 1 126 5 0 1
0 1 102 44 1 2
0 1 12 28 1 0
0 1 142 0 0 5
0 1 9 46 1 3
0 1 79 41 1 0
0 1 72 6 0 2
0 1 45 28 1 5
0 1 115 46 0 4
0 1 13 37 1 4
0 1 27 1 1 5
0 1 110 39 1 3
0 1 131 43 1 5
0 1 132 7 0 1
0 1 102 2 0 1
0 1 23 22 1 1
0 1 43 19 0 4
0 1 115 30 1 4
0 1 109 40 1 2
0 1 28 37 1 0
0 1 135 10 0 2
0 1 119 0 1 3
0 1 77 31 1 4
0 1 100 27 0 2
0 1 92 8 1 0
0 1 71 20 0 2
0 1 58 42 1 1
0 1 133 22 0 3
0 1 145 16 0 1
0 1 26 15 0 4
0 1 137 36 0 3
0 1 108 47 0 5
0 1 21 38 0 4
0 1 93 31 0 5
0 1 140 26 0 0
0 1 47 34 1 1
0 1 90 24 0 5
0 1 81 47 1 1
0 1 105 10 1 1
0 1 88 46 0 0
0 1 130 12 1 2
0 1 68 33 0 1
0 1 91 49 0 0
0 1 103 1 0 4
0 1 120 40 1 1
0 1 134 19 0 5
0 1 57 15 0 1
0 1 66 35 1 5
0 1 3 42 1 5
0 1 148 3 1 1
0 1 132 6 1 3
0 1 63 4 0 0
0 1 113 12 1 4
0 1 78 33 0 3
0 1 33 13 1 0
0 1 137 24 1 1
0 1 149 23 0 1
0 1 50 4 0 5
0 1 106 32 0 1
0 1 128 41 1 5
0 1 7 13 0 1
0 1 2 38 1 3
0 1 125 45 1 0
0 1 64 48 1 3
0 1 0 49 1 5
0 1 95 23 1 5
0 1 56 16 1 0
0 1 16 34 1 4
0 1 19 27 1 0
0 1 94 14 0 0
0 1 53 9 0 0
0 1 144 39 1 4
0 1 86 29 0 2
0 1 62 31 0 1
0 1 121 0 1 1
0 1 110 3 0 0
0 1 6 20 0 5
0 1 111 49 1 3
0 1 99 31 1 3
0 1 91 28 1 1
0 1 46 8 1 4
0 1 40 23 1 3
0 1 114 40 0 5
0 1 32 32 1 5
0 1 55 45 0 4
0 1 36 4 0 1
0 1 69 5 1 4
0 1 136 7 0 4
0 1 143 30 1 2
0 1 126 21 1 5
0 1 113 5 0 5
0 1 9 36 0 0
0 1 121 26 0 3
0 1 90 48 1 4
0 1 46 48 0 2
0 1 11 34 1 3
0 1 129 11 1 4
0 1 18 43 0 1
0 1 85 1 1 0
0 1 52 21 1 0
0 1 58 41 0 4
0 1 141 34 1 0
0 1 14 24 0 3
0 1 114 33 1 4
0 1 134 10 1 0
0 1 4 25 1 1
0 1 92 46 0 1
0 1 84 25 1 2
0 1 106 3 1 5
0 1 73 12 0 1
0 1 84 29 0 0
0 1 2 22 0 4
0 1 87 14 0 3
0 1 30 14 0 5
0 1 15 35 0 3
0 1 138 10 0 3
0 1 145 2 1 4
0 1 139 8 0 5
0 1 82 30 1 1
0 1 131 43 0 4
0 1 123 31 1 0
0 1 88 22 1 2
0 1 89 3 1 2
0 1 87 6 1 1
0 1 59 15 0 0
0 1 75 32 1 4
0 1 139 21 1 3
0 1 117 38 0 2
0 1 25 25 0 0
0 1 20 32 1 3
0 1 49 7 1 5
0 1 148 27 0 4
0 1 3 27 0 3
0 1 97 43 1 0
0 1 96 40 0 0
0 1 42 16 1 4
0 1 33 18 0 2
0 1 73 26 1 2
0 1 65 12 0 5
0 1 76 16 0 3
0 1 94 37 1 5
0 1 97 2 0 0
0 1 22 25 0 5
0 1 43 45 1 1
0 1 44 42 0 4
0 1 50 3 1 4
0 1 60 15 0 5
0 1 49 20 0 4
0 1 12 47 0 4
0 1 34 39 1 1
0 1 31 8 1 1
0 1 26 13 1 3
0 1 15 13 1 5
0 1 142 9 1 3
0 1 108 49 1 1
0 1 130 14 0 2
0 1 5 40 1 3
0 1 112 11 0 0
0 1 38 5 0 3
0 1 51 17 0 3
0 1 29 35 0 2
0 1 122 33 1 2
0 1 38 44 1 1
0 1 70 19 1 3
0 1 144 5 0 2
0 1 61 39 0 0
0 1 53 28 1 3
0 1 107 49 1 4
0 1 111 14 0 1
0 1 42 21 0 1
0 1 74 45 0 3
0 1 48 24 1 2
0 1 98 4 1 3
0 1 6 38 1 5
0 1 85 24 0 4
0 1 61 18 1 4
0 1 54 20 0 1
0 1 80 7 0 3
0 1 104 23 0 0
0 1 80 29 1 1
0 1 129 41 0 2
0 1 21 6 1 4
0 1 67 0 1 2
0 1 4 47 0 2
0 1 51 2 1 5
0 1 55 48 1 5
0 1 40 36 0 2
0 1 59 26 1 1
0 1 64 37 0 1
0 1 60 8 1 3
0 1 147 42 1 3
0 1 56 1 0 1
0 1 24 31 0 2
0 1 140 30 1 0
0 1 69 32 0 0
0 1 141 12 0 3
0 1 100 46 1 2
0 1 79 9 0 4
0 1 7 17 1 2
0 1 127 11 0 3
