0 1 91 34 0 0
0 1 129 36 1 3
0 1 116 49 0 3
0 1 86 31 1 3
0 1 75 42 1 3
0 1 27 0 1 0
0 1 146 40 0 0
0 1 72 2 0 2
0 1 21 26 1 4
0 1 57 46 0 5
0 1 87 32 1 3
0 1 33 7 1 4
0 1 60 46 1 1
0 1 63 32 0 4
0 1 58 38 0 4
0 1 53 33 1 0
0 1 30 12 0 5
0 1 122 18 1 5
0 1 49 6 1 0
0 1 127 21 0 4
0 1 101 25 1 1
0 1 67 29 1 1
0 1 1 3 0 1
0 1 68 17 1 5
0 1 77 13 1 5
0 1 11 18 1 3
0 1 2 36 1 2
0 1 37 48 1 5
0 1 39 19 1 1
0 1 40 11 0 3
0 1 99 47 0 2
0 1 96 24 1 1
0 1 137 7 0 2
0 1 22 11 1 4
0 1 55 28 0 2
0 1 7 48 0 1
0 1 135 28 0 5
0 1 43 37 0 0
0 1 14 19 0 3
0 1 19 14 1 4
0 1 148 34 0 3
0 1 126 39 0 5
0 1 70 29 0 3
0 1 17 11 0 1
0 1 66 43 1 1
0 1 86 5 0 4
0 1 33 20 0 5
0 1 130 23 0 1
0 1 71 36 1 5
0 1 143 30 1 1
0 1 88 7 1 3
0 1 42 17 1 2
0 1 147 4 0 5
0 1 87 35 0 5
0 1 54 20 0 0
0 1 108 21 1 2
0 1 74 43 1 0
0 1 41 23 1 4
0 1 55 5 1 1
0 1 56 30 1 0
0 1 4 1 1 3
0 1 51 27 1 0
0 1 59 33 1 3
0 1 29 44 0 1
0 1 49 49 0 4
0 1 79 31 1 0
0 1 76 15 0 5
0 1 48 42 1 0
0 1 35 34 0 4
0 1 99 2 1 4
0 1 117 40 0 3
0 1 123 49 0 1
0 1 96 44 0 0
0 1 149 24 0 0
0 1 34 27 0 1
0 1 146 18 1 0
0 1 75 15 0 3
0 1 111 9 1 3
0 1 110 20 0 3
0 1 2 3 0 5
0 1 72 9 1 5
0 1 121 26 1 5
0 1 78 0 1 5
0 1 50 4 0 0
0 1 29 43 1 2
0 1 85 41 1 3
0 1 145 19 0 2
0 1 136 6 0 5
0 1 113 10 0 1
0 1 103 24 1 5
0 1 14 23 1 2
0 1 140 22 0 5
0 1 89 11 1 0
0 1 61 37 0 2
0 1 140 32 1 2
0 1 147 7 1 0
0 1 9 24 0 2
0 1 118 41 1 2
0 1 10 1 1 2
0 1 119 0 1 2
0 1 12 10 0 5
0 1 25 3 1 0
0 1 108 32 0 5
0 1 7 8 1 0
0 1 16 4 0 1
0 1 76 16 1 3
0 1 117 10 1 3
0 1 61 35 1 0
0 1 107 31 1 5
0 1 3 8 0 2
0 1 134 27 1 2
0 1 138 44 1 4
0 1 98 15 0 0
0 1 58 37 1 3
0 1 132 14 1 1
0 1 45 6 1 1
0 1 59 48 0 2
0 1 139 43 1 3
0 1 102 10 1 2
0 1 63 12 1 1
0 1 127 34 1 1
0 1 1 18 1 4
0 1 12 16 1 0
0 1 31 36 0 4
0 1 114 22 0 4
0 1 143 9 0 4
0 1 135 0 1 4
0 1 93 38 1 0
0 1 41 46 0 4
0 1 83 25 1 3
0 1 15 38 1 1
0 1 100 2 1 0
0 1 48 15 0 2
0 1 82 17 1 4
0 1 133 34 0 2
0 1 35 21 1 3
0 1 78 26 0 1
0 1 128 33 1 5
0 1 105 12 0 3
0 1 47 13 0 2
0 1 80 48 1 0
0 1 83 47 0 0
0 1 0 9 1 2
0 1 18 5 0 5
0 1 113 5 1 2
0 1 84 40 1 5
0 1 73 45 0 1
0 1 52 39 0 2
0 1 37 17 0 0
0 1 38 30 1 2
0 1 81 25 0 5
0 1 107 31 0 4
0 1 60 13 0 1
0 1 16 14 1 5
0 1 20 20 1 2
0 1 148 22 1 3
0 1 94 1 1 4
0 1 45 28 0 0
0 1 92 33 1 2
0 1 92 1 0 0
0 1 67 14 0 3
0 1 17 44 1 2
0 1 103 37 0 4
0 1 36 12 1 4
0 1 73 45 1 4
0 1 97 23 0 5
0 1 24 8 1 4
0 1 130 26 1 0
0 1 123 18 1 2
0 1 32 37 1 1
0 1 23 45 1 2
0 1 21 23 0 0
0 1 116 4 1 2
0 1 122 20 0 4
0 1 64 35 1 4
0 1 66 28 0 3
0 1 54 41 1 4
0 1 124 35 1 3
0 1 52 4 1 3
0 1 38 36 0 1
0 1 28 21 1 1
0 1 25 47 0 4
0 1 114 39 1 4
0 1 19 47 0 1
0 1 68 29 0 2
0 1 62 38 1 3
0 1 139 30 0 4
0 1 70 41 1 5
0 1 23 2 0 5
0 1 8 25 0 0
0 1 27 42 0 5
0 1 101 49 0 0
0 1 90 31 0 1
0 1 5 6 1 2
0 1 88 15 0 1
0 1 144 46 0 0
0 1 13 12 0 0
0 1 141 19 1 0
0 1 3 48 1 3
0 1 4 29 0 5
0 1 131 43 0 5
0 1 110 32 1 1
0 1 31 45 1 3
0 1 10 10 0 4
0 1 109 9 1 0
0 1 8 45 1 5
0 1 89 40 0 1
0 1 36 13 0 0
0 1 142 16 1 5
0 1 0 33 0 1
0 1 24 19 0 4
0 1 126 41 1 1
0 1 104 29 0 0
0 1 44 49 1 5
0 1 56 25 0 4
0 1 111 17 0 1
0 1 95 8 1 3
0 1 85 1 0 1
0 1 43 24 1 4
0 1 53 14 0 0
0 1 145 39 1 1
0 1 138 13 0 3
0 1 6 39 1 0
0 1 74 21 0 0
0 1 128 30 0 5
0 1 144 35 1 1
0 1 112 22 0 1
0 1 30 26 1 2
0 1 82 27 0 3
0 1 93 40 0 4
0 1 118 12 0 2
0 1 9 38 1 5
0 1 46 16 0 1
0 1 131 39 1 3
0 1 47 6 1 4
0 1 115 8 0 5
0 1 65 3 0 3
0 1 121 46 0 2
0 1 136 22 1 0
0 1 105 42 1 1
0 1 95 28 0 1
0 1 71 27 0 4
0 1 125 7 1 5
0 1 94 48 0 4
0 1 40 47 1 5
0 1 62 5 0 3
0 1 13 2 1 1
0 1 80 34 0 5
0 1 79 38 0 2
0 1 65 11 1 2
0 1 46 1 1 5
0 1 50 24 1 3
0 1 149 8 1 1
0 1 34 42 1 2
0 1 22 22 0 2
0 1 90 3 1 2
0 1 124 16 0 4
0 1 28 2 0 3
0 1 102 44 0 5
0 1 11 36 0 0
0 1 18 5 1 0
0 1 125 27 0 5
0 1 141 18 0 1
0 1 137 28 1 4
0 1 51 7 0 1
0 1 20 0 0 3
0 1 77 49 0 2
0 1 98 15 1 4
0 1 109 23 0 3
0 1 42 31 0 2
0 1 26 44 1 3
0 1 100 43 0 4
0 1 104 10 1 0
0 1 6 32 0 0
0 1 97 35 1 2
0 1 69 3 0 4
0 1 91 25 1 2
0 1 64 17 0 3
0 1 142 14 0 2
0 1 133 13 1 4
0 1 5 30 0 3
0 1 39 11 0 5
0 1 132 16 0 2
0 1 115 9 1 1
0 1 134 0 0 1
0 1 81 46 1 3
0 1 57 29 1 4
0 1 120 6 1 3
0 1 120 26 0 3
0 1 112 42 1 4
0 1 44 37 0 5
0 1 106 40 1 2
0 1 26 4 0 4
0 1 106 45 0 0
0 1 84 21 0 5
0 1 15 47 0 3
0 1 69 20 1 1
0 1 129 33 0 4
0 1 32 19 0 5
0 1 119 41 0 0
