0 1 131 7 1 0
0 1 51 48 1 5
0 1 57 3 0 3
0 1 16 9 0 5
0 1 81 2 0 5
0 1 146 3 1 0
0 1 116 9 1 4
0 1 115 15 1 4
0 1 77 36 1 2
0 1 72 30 0 0
0 1 143 11 0 5
0 1 127 33 0 2
0 1 130 15 0 5
0 1 78 46 1 4
0 1 107 4 0 4
0 1 38 35 1 5
0 1 86 13 1 4
0 1 92 48 1 0
0 1 128 37 1 0
0 1 74 9 1 2
0 1 32 1 1 5
0 1 25 29 1 4
0 1 69 40 1 0
0 1 8 27 0 0
0 1 20 39 1 2
0 1 12 17 0 0
0 1 135 22 0 5
0 1 75 2 0 2
0 1 46 45 1 5
0 1 109 21 1 1
0 1 126 17 1 1
0 1 138 37 1 5
0 1 94 32 1 3
0 1 97 5 0 2
0 1 40 20 0 0
0 1 67 22 0 2
0 1 5 18 0 3
0 1 68 12 0 0
0 1 15 26 0 2
0 1 29 14 1 0
0 1 98 19 0 2
0 1 100 48 0 4
0 1 79 22 0 4
0 1 45 15 0 0
0 1 70 0 1 2
0 1 18 16 0 1
0 1 6 11 0 0
0 1 49 28 1 4
0 1 85 21 0 0
0 1 3 47 0 2
0 1 99 17 0 5
0 1 55 11 1 1
0 1 94 44 0 5
0 1 116 25 0 4
0 1 96 32 1 0
0 1 28 14 0 2
0 1 70 35 0 4
0 1 44 6 1 4
0 1 132 23 0 1
0 1 14 38 0 5
0 1 134 23 1 4
0 1 0 25 1 0
0 1 103 9 1 0
0 1 122 33 0 3
0 1 34 8 0 0
0 1 75 27 1 2
0 1 50 23 0 3
0 1 8 4 1 2
0 1 145 27 0 3
0 1 80 41 1 0
0 1 46 10 0 5
0 1 24 8 0 3
0 1 62 2 1 3
0 1 6 5 1 3
0 1 25 33 0 0
0 1 31 34 0 0
0 1 22 43 1 5
0 1 87 18 0 2
0 1 47 33 0 5
0 1 19 31 1 1
0 1 111 4 1 5
0 1 33 1 1 4
0 1 61 42 0 1
0 1 72 13 1 1
0 1 50 37 1 2
0 1 90 41 1 3
0 1 17 26 1 0
0 1 88 8 1 1
0 1 41 41 1 1
0 1 91 43 0 3
0 1 81 42 1 5
0 1 144 12 0 2
0 1 136 26 0 4
0 1 125 2 0 0
0 1 141 49 1 5
0 1 23 19 1 1
0 1 120 29 1 1
0 1 123 9 1 3
0 1 104 10 0 3
0 1 78 0 0 5
0 1 58 45 0 3
0 1 43 14 1 4
0 1 79 17 1 3
0 1 140 46 0 3
0 1 48 36 0 4
0 1 59 38 0 3
0 1 39 24 1 4
0 1 102 24 1 0
0 1 41 45 0 4
0 1 147 34 0 1
0 1 103 7 0 5
0 1 93 1 1 2
0 1 20 10 0 4
0 1 118 31 0 0
0 1 101 24 0 1
0 1 93 13 0 2
0 1 45 39 1 5
0 1 65 32 1 1
0 1 10 42 1 4
0 1 24 36 1 5
0 1 59 43 1 0
0 1 101 20 1 3
0 1 142 0 0 4
0 1 84 15 1 3
0 1 127 28 1 5
0 1 124 29 0 3
0 1 53 42 1 3
0 1 140 49 1 0
0 1 36 35 0 0
0 1 37 46 0 1
0 1 104 17 1 4
0 1 83 30 1 1
0 1 18 1 1 1
0 1 113 43 0 4
0 1 66 6 0 5
0 1 27 22 1 0
0 1 61 18 1 0
0 1 139 34 0 4
0 1 97 20 1 5
0 1 136 39 1 4
0 1 76 28 0 3
0 1 31 49 1 2
0 1 73 5 0 1
0 1 21 0 0 3
0 1 111 37 0 1
0 1 133 28 1 2
0 1 38 39 0 1
0 1 90 30 0 2
0 1 35 21 0 4
0 1 36 29 1 2
0 1 57 5 1 0
0 1 60 14 0 1
0 1 87 34 1 2
0 1 39 34 0 3
0 1 106 35 1 3
0 1 56 18 1 4
0 1 124 37 1 3
0 1 100 44 1 4
0 1 130 41 1 5
0 1 107 12 1 3
0 1 114 44 1 2
0 1 121 10 1 0
0 1 82 23 0 2
0 1 86 44 0 3
0 1 12 11 1 3
0 1 53 33 0 4
0 1 109 24 0 5
0 1 89 6 1 1
0 1 35 3 1 4
0 1 10 47 0 5
0 1 55 30 0 5
0 1 121 45 0 0
0 1 34 38 1 0
0 1 52 11 0 4
0 1 60 19 1 3
0 1 71 20 0 2
0 1 148 3 1 1
0 1 56 16 0 0
0 1 106 0 0 1
0 1 54 12 0 5
0 1 99 14 1 3
0 1 108 21 0 5
0 1 67 7 1 1
0 1 112 16 0 2
0 1 30 8 1 4
0 1 5 25 1 3
0 1 105 27 0 1
0 1 80 16 0 5
0 1 13 39 1 0
0 1 42 38 0 4
0 1 95 36 0 0
0 1 54 47 1 4
0 1 92 12 0 1
0 1 27 32 0 4
0 1 17 22 0 3
0 1 112 4 1 3
0 1 128 7 0 2
0 1 149 40 1 5
0 1 95 13 1 3
0 1 119 49 1 1
0 1 118 46 1 0
0 1 74 1 0 0
0 1 64 25 0 1
0 1 3 31 1 2
0 1 63 29 1 0
0 1 1 40 0 1
0 1 134 40 0 2
0 1 102 26 0 1
0 1 11 49 0 3
0 1 108 48 1 1
0 1 51 30 0 4
0 1 76 31 1 5
0 1 0 45 0 1
0 1 91 32 1 2
0 1 62 4 0 0
0 1 122 40 1 3
0 1 144 40 1 4
0 1 137 6 0 2
0 1 9 3 1 5
0 1 117 19 0 0
0 1 83 47 0 1
0 1 105 20 1 1
0 1 138 5 0 4
0 1 71 47 1 3
0 1 84 44 0 1
0 1 49 36 0 1
0 1 33 43 0 2
0 1 115 6 0 3
0 1 11 18 1 1
0 1 2 23 1 0
0 1 52 25 1 2
0 1 143 7 1 3
0 1 13 42 0 2
0 1 82 38 1 2
0 1 64 16 1 4
0 1 110 41 1 4
0 1 30 13 0 5
0 1 7 35 1 2
0 1 23 8 0 5
0 1 145 26 1 5
0 1 4 37 0 4
0 1 69 44 0 0
0 1 77 15 0 2
0 1 129 36 1 3
0 1 120 31 0 3
0 1 65 26 0 3
0 1 142 47 1 0
0 1 2 49 0 4
0 1 119 21 0 3
0 1 1 48 1 3
0 1 48 19 1 4
0 1 149 9 0 1
0 1 16 19 1 5
0 1 63 22 0 1
0 1 139 33 1 1
0 1 137 32 1 5
0 1 110 18 0 5
0 1 66 16 1 3
0 1 4 3 1 2
0 1 133 2 0 4
0 1 114 34 0 5
0 1 96 2 0 1
0 1 129 27 0 4
0 1 22 10 0 1
0 1 14 0 1 0
0 1 132 8 1 2
0 1 123 38 0 1
0 1 88 14 0 5
0 1 26 24 1 2
0 1 42 42 1 0
0 1 15 46 1 2
0 1 98 13 1 0
0 1 19 17 0 2
0 1 85 4 1 1
0 1 141 10 0 2
0 1 28 5 1 5
0 1 113 20 1 4
0 1 43 39 0 3
0 1 89 45 0 2
0 1 32 28 0 0
0 1 73 25 1 5
0 1 40 12 1 4
0 1 148 28 0 1
0 1 47 35 1 1
0 1 44 31 0 4
0 1 147 41 1 2
0 1 117 24 1 3
0 1 9 48 0 2
0 1 29 21 0 2
0 1 68 1 1 3
0 1 135 30 1 3
0 1 125 11 1 2
0 1 131 27 0 5
0 1 146 15 0 1
0 1 7 23 0 5
0 1 21 6 1 0
0 1 26 46 0 5
0 1 37 29 1 5
0 1 58 43 1 1
0 1 126 7 0 4
