0 1 2 25 0 0
0 1 9 37 0 0
0 1 13 50 0 0
0 1 21 5 0 0
0 1 25 48 0 0
0 1 26 34 0 0
0 1 29 58 0 0
0 1 49 1 0 0
0 1 52 48 0 0
0 1 62 23 0 0
0 1 64 22 0 0
0 1 65 39 0 0
0 1 66 35 0 0
0 1 71 17 0 0
0 1 74 36 0 0
0 1 75 28 0 0
0 1 81 43 0 0
0 1 81 15 0 0
0 1 97 4 0 0
0 1 99 22 0 0
0 1 99 37 0 0
0 1 112 8 0 0
0 1 0 60 0 0
0 1 11 20 0 0
0 1 53 19 0 0
0 1 54 47 0 0
0 1 92 63 0 0
0 1 116 53 0 0
0 1 122 50 0 0
0 1 128 46 0 0
0 1 43 4 0 0
0 1 57 34 0 0
0 1 12 45 0 0
0 1 72 29 0 0
0 1 93 62 0 0
0 1 126 30 0 0
0 1 41 22 0 0
0 1 6 0 0 0
0 1 53 47 0 0
0 1 56 27 0 0
0 1 74 49 0 0
0 1 117 4 0 0
0 1 24 14 0 0
0 1 32 64 0 0
0 1 37 5 0 0
0 1 37 38 0 0
0 1 72 39 0 0
0 1 123 21 0 0
0 1 125 6 0 0
0 1 8 15 0 0
0 1 82 17 0 0
0 1 119 8 0 0
0 1 78 8 0 0
0 1 27 16 0 0
0 1 105 40 0 0
0 1 31 41 0 0
0 1 124 55 0 0
0 1 30 63 0 0
0 1 3 7 0 0
0 1 8 11 0 0
0 1 32 32 0 0
0 1 83 44 0 0
0 1 45 46 0 0
0 1 33 25 0 0
0 1 113 15 0 0
0 1 15 46 0 0
0 1 93 9 0 0
0 1 120 51 0 0
0 1 55 40 0 0
0 1 98 15 0 0
0 1 107 16 0 0
0 1 2 61 0 0
0 1 51 36 0 0
0 1 113 51 0 0
0 1 24 61 0 0
0 1 87 59 0 0
0 1 96 62 0 0
0 1 127 60 0 0
0 1 120 37 0 0
0 1 1 2 0 0
0 1 38 10 0 0
0 1 112 61 0 0
0 1 3 42 0 0
0 1 126 56 0 0
0 1 7 14 0 0
0 1 60 24 0 0
0 1 49 58 0 0
0 1 58 21 0 0
0 1 6 52 0 0
0 1 85 28 0 0
0 1 31 23 0 0
0 1 47 54 0 0
0 1 22 21 0 0
0 1 44 18 0 0
0 1 51 35 0 0
0 1 50 38 0 0
0 1 83 42 0 0
0 1 27 14 0 0
0 1 69 56 0 0
0 1 35 29 0 0
0 1 36 23 0 0
0 1 18 18 0 0
0 1 13 11 0 0
0 1 73 17 0 0
0 1 80 62 0 0
0 1 100 17 0 0
0 1 95 25 0 0
0 1 82 3 0 0
0 1 111 26 0 0
0 1 102 7 0 0
0 1 18 44 0 0
0 1 92 6 0 0
0 1 36 0 0 0
0 1 10 24 0 0
0 1 62 61 0 0
0 1 0 45 0 0
0 1 115 44 0 0
0 1 39 64 0 0
0 1 48 55 0 0
0 1 109 53 0 0
0 1 44 50 0 0
0 1 104 53 0 0
0 1 28 27 0 0
0 1 117 9 0 0
0 1 19 40 0 0
0 1 79 3 0 0
0 1 5 57 0 0
0 1 91 55 0 0
0 1 46 41 0 0
0 1 22 31 0 0
0 1 15 47 0 0
0 1 129 57 0 0
0 1 97 40 0 0
0 1 28 32 0 0
0 1 129 0 0 0
0 1 100 45 0 0
0 1 59 33 0 0
0 1 78 27 0 0
0 1 101 45 0 0
0 1 54 64 0 0
0 1 29 13 0 0
0 1 86 28 0 0
0 1 76 51 0 0
0 1 57 0 0 0
0 1 70 4 0 0
0 1 90 10 0 0
0 1 89 63 0 0
0 1 114 56 0 0
0 1 10 62 0 0
0 1 47 12 0 0
0 1 115 14 0 0
0 1 65 60 0 0
0 1 122 28 0 0
0 1 14 26 0 0
0 1 118 3 0 0
0 1 68 1 0 0
0 1 91 20 0 0
0 1 111 10 0 0
0 1 88 10 0 0
0 1 40 2 0 0
0 1 118 19 0 0
0 1 105 42 0 0
0 1 63 39 0 0
0 1 70 2 0 0
0 1 63 13 0 0
0 1 94 41 0 0
0 1 38 63 0 0
0 1 73 60 0 0
0 1 77 30 0 0
0 1 20 54 0 0
0 1 26 54 0 0
0 1 20 21 0 0
0 1 110 27 0 0
0 1 42 32 0 0
0 1 90 22 0 0
0 1 23 39 0 0
0 1 77 32 0 0
0 1 84 53 0 0
0 1 52 52 0 0
0 1 40 59 0 0
0 1 101 5 0 0
0 1 66 31 0 0
0 1 7 52 0 0
0 1 84 31 0 0
0 1 87 55 0 0
0 1 102 51 0 0
0 1 127 35 0 0
0 1 58 11 0 0
0 1 19 49 0 0
0 1 9 26 0 0
0 1 103 37 0 0
0 1 107 20 0 0
0 1 17 26 0 0
0 1 96 50 0 0
0 1 89 24 0 0
0 1 33 48 0 0
0 1 59 52 0 0
0 1 128 3 0 0
0 1 76 33 0 0
0 1 124 11 0 0
0 1 17 33 0 0
0 1 43 2 0 0
0 1 1 9 0 0
0 1 12 1 0 0
0 1 4 57 0 0
0 1 108 5 0 0
