0 1 3 58 0 0
0 1 22 29 0 0
0 1 24 57 0 0
0 1 24 12 0 0
0 1 31 52 0 0
0 1 46 15 0 0
0 1 53 5 0 0
0 1 55 64 0 0
0 1 70 40 0 0
0 1 76 60 0 0
0 1 91 10 0 0
0 1 100 33 0 0
0 1 108 18 0 0
0 1 117 6 0 0
0 1 125 20 0 0
0 1 128 44 0 0
0 1 4 22 0 0
0 1 13 28 0 0
0 1 20 20 0 0
0 1 41 9 0 0
0 1 63 25 0 0
0 1 68 6 0 0
0 1 85 15 0 0
0 1 87 19 0 0
0 1 41 5 0 0
0 1 42 10 0 0
0 1 117 15 0 0
0 1 18 63 0 0
0 1 125 45 0 0
0 1 23 46 0 0
0 1 46 55 0 0
0 1 50 3 0 0
0 1 59 22 0 0
0 1 60 21 0 0
0 1 82 50 0 0
0 1 102 34 0 0
0 1 19 20 0 0
0 1 32 40 0 0
0 1 37 36 0 0
0 1 10 15 0 0
0 1 80 50 0 0
0 1 89 45 0 0
0 1 18 8 0 0
0 1 22 39 0 0
0 1 27 56 0 0
0 1 63 23 0 0
0 1 71 14 0 0
0 1 88 60 0 0
0 1 53 17 0 0
0 1 49 10 0 0
0 1 104 24 0 0
0 1 127 48 0 0
0 1 76 21 0 0
0 1 68 9 0 0
0 1 88 14 0 0
0 1 65 29 0 0
0 1 50 41 0 0
0 1 62 57 0 0
0 1 81 62 0 0
0 1 3 40 0 0
0 1 15 28 0 0
0 1 87 13 0 0
0 1 11 14 0 0
0 1 39 64 0 0
0 1 114 53 0 0
0 1 12 64 0 0
0 1 44 10 0 0
0 1 9 31 0 0
0 1 66 58 0 0
0 1 101 8 0 0
0 1 31 60 0 0
0 1 47 14 0 0
0 1 26 49 0 0
0 1 51 12 0 0
0 1 105 61 0 0
0 1 30 3 0 0
0 1 66 26 0 0
0 1 54 31 0 0
0 1 2 23 0 0
0 1 17 49 0 0
0 1 91 50 0 0
0 1 120 20 0 0
0 1 98 21 0 0
0 1 105 43 0 0
0 1 124 63 0 0
0 1 98 63 0 0
0 1 38 12 0 0
0 1 84 31 0 0
0 1 126 31 0 0
0 1 20 32 0 0
0 1 109 47 0 0
0 1 109 51 0 0
0 1 113 26 0 0
0 1 44 17 0 0
0 1 36 29 0 0
0 1 115 50 0 0
0 1 99 64 0 0
0 1 51 30 0 0
0 1 86 11 0 0
0 1 122 34 0 0
0 1 65 62 0 0
0 1 92 1 0 0
0 1 101 59 0 0
0 1 78 55 0 0
0 1 115 49 0 0
0 1 25 11 0 0
0 1 126 34 0 0
0 1 11 37 0 0
0 1 38 53 0 0
0 1 56 39 0 0
0 1 96 49 0 0
0 1 90 18 0 0
0 1 103 41 0 0
0 1 83 2 0 0
0 1 0 25 0 0
0 1 78 56 0 0
0 1 40 18 0 0
0 1 49 39 0 0
0 1 70 37 0 0
0 1 43 36 0 0
0 1 99 9 0 0
0 1 6 16 0 0
0 1 16 53 0 0
0 1 14 26 0 0
0 1 129 12 0 0
0 1 9 2 0 0
0 1 121 61 0 0
0 1 97 42 0 0
0 1 28 19 0 0
0 1 72 48 0 0
0 1 48 47 0 0
0 1 61 53 0 0
0 1 37 59 0 0
0 1 57 57 0 0
0 1 52 41 0 0
0 1 107 47 0 0
0 1 62 41 0 0
0 1 121 45 0 0
0 1 81 30 0 0
0 1 52 55 0 0
0 1 30 18 0 0
0 1 29 6 0 0
0 1 89 7 0 0
0 1 79 5 0 0
0 1 26 47 0 0
0 1 48 25 0 0
0 1 80 17 0 0
0 1 28 7 0 0
0 1 72 16 0 0
0 1 6 58 0 0
0 1 96 61 0 0
0 1 118 61 0 0
0 1 0 59 0 0
0 1 21 35 0 0
0 1 119 51 0 0
0 1 73 23 0 0
0 1 127 27 0 0
0 1 100 30 0 0
0 1 93 25 0 0
0 1 74 42 0 0
0 1 12 51 0 0
0 1 118 36 0 0
0 1 1 27 0 0
0 1 82 0 0 0
0 1 75 54 0 0
0 1 95 34 0 0
0 1 108 32 0 0
0 1 104 8 0 0
0 1 1 27 0 0
0 1 106 27 0 0
0 1 19 11 0 0
0 1 73 21 0 0
0 1 8 13 0 0
0 1 94 8 0 0
0 1 123 17 0 0
0 1 93 4 0 0
0 1 116 4 0 0
0 1 74 43 0 0
0 1 29 13 0 0
0 1 97 57 0 0
0 1 5 16 0 0
0 1 122 28 0 0
0 1 25 13 0 0
0 1 16 54 0 0
0 1 110 35 0 0
0 1 60 39 0 0
0 1 8 32 0 0
0 1 107 29 0 0
0 1 58 26 0 0
0 1 14 1 0 0
0 1 27 28 0 0
0 1 69 51 0 0
0 1 2 40 0 0
0 1 86 3 0 0
0 1 59 54 0 0
0 1 17 32 0 0
0 1 110 33 0 0
0 1 45 35 0 0
0 1 13 33 0 0
0 1 34 2 0 0
0 1 32 24 0 0
0 1 75 36 0 0
0 1 84 3 0 0
