0 1 3 36 0 0
0 1 3 26 0 0
0 1 11 16 0 0
0 1 13 29 0 0
0 1 17 45 0 0
0 1 18 18 0 0
0 1 21 4 0 0
0 1 26 49 0 0
0 1 78 22 0 0
0 1 93 3 0 0
0 1 96 22 0 0
0 1 98 40 0 0
0 1 106 64 0 0
0 1 109 55 0 0
0 1 112 5 0 0
0 1 118 62 0 0
0 1 1 24 0 0
0 1 9 44 0 0
0 1 15 23 0 0
0 1 32 26 0 0
0 1 58 47 0 0
0 1 105 61 0 0
0 1 109 61 0 0
0 1 115 46 0 0
0 1 127 30 0 0
0 1 69 55 0 0
0 1 17 57 0 0
0 1 40 14 0 0
0 1 55 28 0 0
0 1 95 63 0 0
0 1 46 16 0 0
0 1 25 41 0 0
0 1 58 17 0 0
0 1 77 63 0 0
0 1 2 35 0 0
0 1 92 6 0 0
0 1 120 20 0 0
0 1 55 50 0 0
0 1 90 45 0 0
0 1 91 46 0 0
0 1 126 58 0 0
0 1 118 13 0 0
0 1 123 45 0 0
0 1 79 31 0 0
0 1 72 45 0 0
0 1 6 13 0 0
0 1 47 24 0 0
0 1 62 25 0 0
0 1 4 21 0 0
0 1 79 6 0 0
0 1 80 8 0 0
0 1 77 26 0 0
0 1 50 62 0 0
0 1 7 53 0 0
0 1 45 38 0 0
0 1 52 33 0 0
0 1 117 51 0 0
0 1 42 30 0 0
0 1 82 0 0 0
0 1 122 18 0 0
0 1 0 21 0 0
0 1 2 51 0 0
0 1 44 54 0 0
0 1 81 1 0 0
0 1 84 29 0 0
0 1 10 48 0 0
0 1 105 28 0 0
0 1 76 56 0 0
0 1 108 40 0 0
0 1 73 56 0 0
0 1 104 60 0 0
0 1 90 21 0 0
0 1 87 62 0 0
0 1 120 36 0 0
0 1 12 34 0 0
0 1 125 52 0 0
0 1 67 14 0 0
0 1 51 49 0 0
0 1 86 44 0 0
0 1 53 0 0 0
0 1 67 16 0 0
0 1 110 58 0 0
0 1 5 3 0 0
0 1 16 37 0 0
0 1 93 5 0 0
0 1 60 12 0 0
0 1 72 62 0 0
0 1 18 63 0 0
0 1 31 55 0 0
0 1 61 40 0 0
0 1 33 44 0 0
0 1 111 17 0 0
0 1 63 54 0 0
0 1 121 53 0 0
0 1 73 1 0 0
0 1 41 42 0 0
0 1 65 2 0 0
0 1 62 50 0 0
0 1 94 20 0 0
0 1 74 39 0 0
0 1 34 1 0 0
0 1 103 9 0 0
0 1 125 19 0 0
0 1 22 32 0 0
0 1 28 23 0 0
0 1 107 42 0 0
0 1 127 60 0 0
0 1 75 32 0 0
0 1 70 2 0 0
0 1 63 7 0 0
0 1 110 53 0 0
0 1 14 55 0 0
0 1 129 31 0 0
0 1 114 41 0 0
0 1 87 10 0 0
0 1 19 34 0 0
0 1 38 6 0 0
0 1 126 15 0 0
0 1 128 39 0 0
0 1 84 59 0 0
0 1 56 46 0 0
0 1 37 43 0 0
0 1 82 58 0 0
0 1 83 52 0 0
0 1 66 48 0 0
0 1 112 33 0 0
0 1 122 27 0 0
0 1 45 56 0 0
0 1 97 10 0 0
0 1 15 19 0 0
0 1 36 23 0 0
0 1 69 27 0 0
0 1 60 12 0 0
0 1 74 37 0 0
0 1 46 53 0 0
0 1 39 11 0 0
0 1 96 7 0 0
0 1 59 4 0 0
0 1 92 37 0 0
0 1 35 33 0 0
0 1 23 11 0 0
0 1 9 10 0 0
0 1 85 54 0 0
0 1 27 56 0 0
0 1 11 24 0 0
0 1 0 10 0 0
0 1 23 11 0 0
0 1 8 64 0 0
0 1 40 28 0 0
0 1 76 38 0 0
0 1 49 29 0 0
0 1 54 30 0 0
0 1 95 32 0 0
0 1 28 51 0 0
0 1 119 35 0 0
0 1 101 47 0 0
0 1 83 59 0 0
0 1 70 8 0 0
0 1 1 42 0 0
0 1 94 16 0 0
0 1 71 2 0 0
0 1 100 60 0 0
0 1 30 39 0 0
0 1 116 27 0 0
0 1 19 42 0 0
0 1 78 29 0 0
0 1 107 0 0 0
0 1 113 51 0 0
0 1 29 61 0 0
0 1 89 7 0 0
0 1 97 32 0 0
0 1 54 52 0 0
0 1 22 7 0 0
0 1 88 40 0 0
0 1 29 4 0 0
0 1 102 43 0 0
0 1 50 25 0 0
0 1 43 49 0 0
0 1 5 38 0 0
0 1 53 28 0 0
0 1 51 35 0 0
0 1 32 57 0 0
0 1 42 48 0 0
0 1 98 54 0 0
0 1 21 9 0 0
0 1 99 46 0 0
0 1 27 50 0 0
0 1 56 41 0 0
0 1 86 63 0 0
0 1 57 1 0 0
0 1 57 12 0 0
0 1 75 60 0 0
0 1 33 48 0 0
0 1 128 8 0 0
0 1 103 35 0 0
0 1 49 43 0 0
0 1 121 5 0 0
0 1 47 36 0 0
0 1 80 17 0 0
0 1 102 41 0 0
0 1 91 49 0 0
0 1 116 21 0 0
0 1 111 34 0 0
0 1 124 34 0 0
