0 1 10 33 0 0
0 1 15 44 0 0
0 1 16 38 0 0
0 1 24 24 0 0
0 1 26 27 0 0
0 1 30 39 0 0
0 1 43 0 0 0
0 1 51 12 0 0
0 1 56 18 0 0
0 1 57 6 0 0
0 1 59 20 0 0
0 1 67 21 0 0
0 1 71 28 0 0
0 1 84 55 0 0
0 1 89 49 0 0
0 1 95 47 0 0
0 1 97 24 0 0
0 1 99 37 0 0
0 1 115 46 0 0
0 1 128 31 0 0
0 1 12 41 0 0
0 1 17 19 0 0
0 1 26 22 0 0
0 1 39 2 0 0
0 1 42 57 0 0
0 1 47 7 0 0
0 1 61 10 0 0
0 1 68 8 0 0
0 1 74 51 0 0
0 1 91 23 0 0
0 1 91 64 0 0
0 1 121 43 0 0
0 1 13 20 0 0
0 1 63 21 0 0
0 1 59 10 0 0
0 1 31 9 0 0
0 1 35 52 0 0
0 1 40 57 0 0
0 1 46 62 0 0
0 1 48 35 0 0
0 1 102 25 0 0
0 1 103 16 0 0
0 1 111 42 0 0
0 1 51 12 0 0
0 1 20 35 0 0
0 1 82 57 0 0
0 1 36 11 0 0
0 1 52 4 0 0
0 1 71 37 0 0
0 1 85 18 0 0
0 1 85 60 0 0
0 1 15 31 0 0
0 1 98 15 0 0
0 1 112 29 0 0
0 1 77 5 0 0
0 1 100 56 0 0
0 1 53 58 0 0
0 1 93 34 0 0
0 1 96 9 0 0
0 1 34 49 0 0
0 1 72 43 0 0
0 1 87 40 0 0
0 1 45 17 0 0
0 1 68 55 0 0
0 1 104 36 0 0
0 1 9 50 0 0
0 1 119 60 0 0
0 1 53 63 0 0
0 1 50 48 0 0
0 1 16 26 0 0
0 1 35 23 0 0
0 1 28 58 0 0
0 1 79 64 0 0
0 1 117 21 0 0
0 1 124 37 0 0
0 1 2 14 0 0
0 1 103 53 0 0
0 1 106 32 0 0
0 1 36 28 0 0
0 1 3 38 0 0
0 1 129 4 0 0
0 1 7 39 0 0
0 1 110 24 0 0
0 1 127 58 0 0
0 1 25 51 0 0
0 1 20 55 0 0
0 1 70 58 0 0
0 1 126 19 0 0
0 1 41 9 0 0
0 1 29 62 0 0
0 1 58 56 0 0
0 1 29 42 0 0
0 1 80 32 0 0
0 1 87 60 0 0
0 1 61 60 0 0
0 1 69 34 0 0
0 1 19 26 0 0
0 1 105 7 0 0
0 1 55 41 0 0
0 1 129 52 0 0
0 1 67 35 0 0
0 1 100 16 0 0
0 1 108 25 0 0
0 1 95 6 0 0
0 1 7 59 0 0
0 1 23 26 0 0
0 1 4 54 0 0
0 1 47 40 0 0
0 1 83 46 0 0
0 1 19 64 0 0
0 1 72 48 0 0
0 1 97 33 0 0
0 1 120 15 0 0
0 1 27 44 0 0
0 1 27 44 0 0
0 1 90 7 0 0
0 1 32 42 0 0
0 1 64 32 0 0
0 1 115 13 0 0
0 1 60 13 0 0
0 1 73 29 0 0
0 1 109 34 0 0
0 1 78 14 0 0
0 1 18 12 0 0
0 1 126 13 0 0
0 1 110 49 0 0
0 1 90 48 0 0
0 1 49 47 0 0
0 1 118 64 0 0
0 1 123 10 0 0
0 1 88 44 0 0
0 1 113 9 0 0
0 1 13 14 0 0
0 1 64 39 0 0
0 1 99 62 0 0
0 1 125 29 0 0
0 1 94 15 0 0
0 1 89 23 0 0
0 1 92 11 0 0
0 1 10 15 0 0
0 1 78 2 0 0
0 1 63 37 0 0
0 1 65 1 0 0
0 1 94 5 0 0
0 1 54 51 0 0
0 1 60 4 0 0
0 1 9 50 0 0
0 1 114 6 0 0
0 1 58 0 0 0
0 1 23 61 0 0
0 1 21 1 0 0
0 1 14 63 0 0
0 1 57 24 0 0
0 1 4 28 0 0
0 1 120 63 0 0
0 1 116 61 0 0
0 1 75 11 0 0
0 1 24 5 0 0
0 1 11 50 0 0
0 1 49 8 0 0
0 1 42 18 0 0
0 1 18 25 0 0
0 1 44 16 0 0
0 1 75 27 0 0
0 1 46 48 0 0
0 1 119 33 0 0
0 1 6 54 0 0
0 1 102 61 0 0
0 1 92 13 0 0
0 1 25 8 0 0
0 1 117 2 0 0
0 1 86 23 0 0
0 1 98 59 0 0
0 1 76 47 0 0
0 1 11 57 0 0
0 1 107 16 0 0
0 1 40 54 0 0
0 1 3 33 0 0
0 1 86 55 0 0
0 1 6 40 0 0
0 1 8 61 0 0
0 1 30 18 0 0
0 1 8 43 0 0
0 1 96 41 0 0
0 1 22 31 0 0
0 1 111 17 0 0
0 1 38 56 0 0
0 1 56 26 0 0
0 1 22 39 0 0
0 1 70 54 0 0
0 1 118 1 0 0
0 1 33 3 0 0
0 1 76 38 0 0
0 1 74 41 0 0
0 1 1 29 0 0
0 1 114 31 0 0
0 1 77 7 0 0
0 1 122 62 0 0
0 1 109 2 0 0
0 1 28 30 0 0
0 1 62 59 0 0
0 1 37 40 0 0
0 1 37 53 0 0
0 1 93 5 0 0
0 1 108 50 0 0
