0 1 8 42 0 0
0 1 10 41 0 0
0 1 12 35 0 0
0 1 14 19 0 0
0 1 16 7 0 0
0 1 18 36 0 0
0 1 30 4 0 0
0 1 40 44 0 0
0 1 53 61 0 0
0 1 54 50 0 0
0 1 56 23 0 0
0 1 91 20 0 0
0 1 115 3 0 0
0 1 116 32 0 0
0 1 128 13 0 0
0 1 1 62 0 0
0 1 2 57 0 0
0 1 2 57 0 0
0 1 4 35 0 0
0 1 17 45 0 0
0 1 38 63 0 0
0 1 41 16 0 0
0 1 59 24 0 0
0 1 60 38 0 0
0 1 76 28 0 0
0 1 83 49 0 0
0 1 84 11 0 0
0 1 91 60 0 0
0 1 96 6 0 0
0 1 105 62 0 0
0 1 106 34 0 0
0 1 116 40 0 0
0 1 120 36 0 0
0 1 124 64 0 0
0 1 129 26 0 0
0 1 113 50 0 0
0 1 119 35 0 0
0 1 6 12 0 0
0 1 15 1 0 0
0 1 33 46 0 0
0 1 40 10 0 0
0 1 72 48 0 0
0 1 79 1 0 0
0 1 122 38 0 0
0 1 93 28 0 0
0 1 26 28 0 0
0 1 39 43 0 0
0 1 48 24 0 0
0 1 58 15 0 0
0 1 122 9 0 0
0 1 50 20 0 0
0 1 81 51 0 0
0 1 103 11 0 0
0 1 113 15 0 0
0 1 127 26 0 0
0 1 117 20 0 0
0 1 44 37 0 0
0 1 108 12 0 0
0 1 129 44 0 0
0 1 108 3 0 0
0 1 51 19 0 0
0 1 94 39 0 0
0 1 86 40 0 0
0 1 89 10 0 0
0 1 123 55 0 0
0 1 70 50 0 0
0 1 81 3 0 0
0 1 13 37 0 0
0 1 37 61 0 0
0 1 67 2 0 0
0 1 95 64 0 0
0 1 17 31 0 0
0 1 98 60 0 0
0 1 126 16 0 0
0 1 57 54 0 0
0 1 20 14 0 0
0 1 69 32 0 0
0 1 31 38 0 0
0 1 117 51 0 0
0 1 16 39 0 0
0 1 35 33 0 0
0 1 55 14 0 0
0 1 83 24 0 0
0 1 74 45 0 0
0 1 39 7 0 0
0 1 29 8 0 0
0 1 53 21 0 0
0 1 110 22 0 0
0 1 107 58 0 0
0 1 38 8 0 0
0 1 23 56 0 0
0 1 85 29 0 0
0 1 3 52 0 0
0 1 29 40 0 0
0 1 70 55 0 0
0 1 111 61 0 0
0 1 9 10 0 0
0 1 36 14 0 0
0 1 104 54 0 0
0 1 50 60 0 0
0 1 42 55 0 0
0 1 94 58 0 0
0 1 64 30 0 0
0 1 92 41 0 0
0 1 0 26 0 0
0 1 22 39 0 0
0 1 93 53 0 0
0 1 5 18 0 0
0 1 102 39 0 0
0 1 18 56 0 0
0 1 90 13 0 0
0 1 77 25 0 0
0 1 62 52 0 0
0 1 55 30 0 0
0 1 19 49 0 0
0 1 101 45 0 0
0 1 104 9 0 0
0 1 20 31 0 0
0 1 43 9 0 0
0 1 100 47 0 0
0 1 25 32 0 0
0 1 87 61 0 0
0 1 100 7 0 0
0 1 1 41 0 0
0 1 47 38 0 0
0 1 74 24 0 0
0 1 69 13 0 0
0 1 47 10 0 0
0 1 11 22 0 0
0 1 46 49 0 0
0 1 77 53 0 0
0 1 111 2 0 0
0 1 9 58 0 0
0 1 28 12 0 0
0 1 124 16 0 0
0 1 99 25 0 0
0 1 5 51 0 0
0 1 112 51 0 0
0 1 65 47 0 0
0 1 95 34 0 0
0 1 52 0 0 0
0 1 84 32 0 0
0 1 78 5 0 0
0 1 13 64 0 0
0 1 49 60 0 0
0 1 73 46 0 0
0 1 64 5 0 0
0 1 97 18 0 0
0 1 26 8 0 0
0 1 37 28 0 0
0 1 114 18 0 0
0 1 34 1 0 0
0 1 63 57 0 0
0 1 27 16 0 0
0 1 88 46 0 0
0 1 23 40 0 0
0 1 4 37 0 0
0 1 127 30 0 0
0 1 67 36 0 0
0 1 32 19 0 0
0 1 19 49 0 0
0 1 3 17 0 0
0 1 105 15 0 0
0 1 49 17 0 0
0 1 98 19 0 0
0 1 68 27 0 0
0 1 125 42 0 0
0 1 61 9 0 0
0 1 34 37 0 0
0 1 7 47 0 0
0 1 31 11 0 0
0 1 115 31 0 0
0 1 6 5 0 0
0 1 65 47 0 0
0 1 72 3 0 0
0 1 36 41 0 0
0 1 112 6 0 0
0 1 80 20 0 0
0 1 123 4 0 0
0 1 99 6 0 0
0 1 80 6 0 0
0 1 58 35 0 0
0 1 51 48 0 0
0 1 97 57 0 0
0 1 107 21 0 0
0 1 79 2 0 0
0 1 106 23 0 0
0 1 75 59 0 0
0 1 66 8 0 0
0 1 45 30 0 0
0 1 10 59 0 0
0 1 92 53 0 0
0 1 75 15 0 0
0 1 43 29 0 0
0 1 88 62 0 0
0 1 56 4 0 0
0 1 35 26 0 0
0 1 21 12 0 0
0 1 25 18 0 0
