0 1 10 38 0 0
0 1 22 40 0 0
0 1 23 4 0 0
0 1 30 16 0 0
0 1 30 39 0 0
0 1 34 17 0 0
0 1 40 30 0 0
0 1 40 51 0 0
0 1 61 37 0 0
0 1 76 26 0 0
0 1 77 18 0 0
0 1 79 61 0 0
0 1 82 23 0 0
0 1 97 55 0 0
0 1 98 64 0 0
0 1 111 57 0 0
0 1 121 18 0 0
0 1 124 33 0 0
0 1 7 55 0 0
0 1 8 13 0 0
0 1 11 4 0 0
0 1 14 45 0 0
0 1 23 62 0 0
0 1 47 40 0 0
0 1 56 54 0 0
0 1 64 47 0 0
0 1 66 22 0 0
0 1 80 42 0 0
0 1 86 53 0 0
0 1 114 11 0 0
0 1 118 35 0 0
0 1 39 37 0 0
0 1 27 25 0 0
0 1 41 17 0 0
0 1 126 45 0 0
0 1 128 0 0 0
0 1 129 29 0 0
0 1 19 32 0 0
0 1 26 61 0 0
0 1 45 7 0 0
0 1 99 2 0 0
0 1 112 28 0 0
0 1 8 54 0 0
0 1 56 40 0 0
0 1 36 10 0 0
0 1 70 36 0 0
0 1 109 37 0 0
0 1 5 55 0 0
0 1 76 61 0 0
0 1 2 6 0 0
0 1 38 14 0 0
0 1 63 12 0 0
0 1 28 63 0 0
0 1 51 43 0 0
0 1 75 43 0 0
0 1 116 44 0 0
0 1 127 49 0 0
0 1 11 50 0 0
0 1 16 15 0 0
0 1 25 8 0 0
0 1 29 63 0 0
0 1 108 10 0 0
0 1 114 42 0 0
0 1 22 52 0 0
0 1 54 53 0 0
0 1 18 50 0 0
0 1 108 27 0 0
0 1 0 59 0 0
0 1 52 21 0 0
0 1 100 13 0 0
0 1 62 33 0 0
0 1 21 51 0 0
0 1 10 24 0 0
0 1 60 5 0 0
0 1 59 21 0 0
0 1 43 3 0 0
0 1 15 62 0 0
0 1 83 46 0 0
0 1 94 20 0 0
0 1 53 63 0 0
0 1 52 57 0 0
0 1 82 63 0 0
0 1 17 28 0 0
0 1 119 9 0 0
0 1 119 48 0 0
0 1 104 42 0 0
0 1 49 48 0 0
0 1 86 38 0 0
0 1 93 41 0 0
0 1 127 58 0 0
0 1 74 22 0 0
0 1 81 36 0 0
0 1 17 23 0 0
0 1 84 52 0 0
0 1 3 60 0 0
0 1 70 8 0 0
0 1 96 58 0 0
0 1 88 7 0 0
0 1 129 34 0 0
0 1 102 3 0 0
0 1 44 0 0 0
0 1 43 23 0 0
0 1 65 11 0 0
0 1 87 36 0 0
0 1 99 35 0 0
0 1 105 29 0 0
0 1 69 27 0 0
0 1 27 45 0 0
0 1 64 14 0 0
0 1 18 52 0 0
0 1 78 33 0 0
0 1 62 12 0 0
0 1 73 48 0 0
0 1 54 5 0 0
0 1 73 30 0 0
0 1 118 27 0 0
0 1 5 15 0 0
0 1 35 9 0 0
0 1 68 8 0 0
0 1 109 17 0 0
0 1 101 4 0 0
0 1 67 59 0 0
0 1 91 56 0 0
0 1 102 28 0 0
0 1 79 35 0 0
0 1 33 20 0 0
0 1 20 51 0 0
0 1 74 62 0 0
0 1 4 58 0 0
0 1 34 64 0 0
0 1 12 24 0 0
0 1 50 24 0 0
0 1 90 5 0 0
0 1 75 41 0 0
0 1 84 50 0 0
0 1 42 18 0 0
0 1 81 11 0 0
0 1 120 15 0 0
0 1 15 47 0 0
0 1 28 6 0 0
0 1 106 21 0 0
0 1 85 5 0 0
0 1 80 56 0 0
0 1 115 28 0 0
0 1 126 3 0 0
0 1 83 2 0 0
0 1 58 6 0 0
0 1 71 16 0 0
0 1 6 47 0 0
0 1 92 10 0 0
0 1 91 18 0 0
0 1 106 1 0 0
0 1 55 1 0 0
0 1 89 25 0 0
0 1 32 54 0 0
0 1 24 29 0 0
0 1 88 7 0 0
0 1 85 19 0 0
0 1 3 33 0 0
0 1 29 53 0 0
0 1 128 39 0 0
0 1 48 41 0 0
0 1 2 29 0 0
0 1 122 44 0 0
0 1 58 19 0 0
0 1 50 31 0 0
0 1 65 0 0 0
0 1 6 49 0 0
0 1 53 53 0 0
0 1 14 26 0 0
0 1 121 48 0 0
0 1 41 39 0 0
0 1 49 51 0 0
0 1 46 36 0 0
0 1 95 57 0 0
0 1 110 30 0 0
0 1 16 61 0 0
0 1 66 56 0 0
0 1 122 37 0 0
0 1 42 27 0 0
0 1 110 34 0 0
0 1 98 16 0 0
0 1 20 14 0 0
0 1 33 58 0 0
0 1 72 15 0 0
0 1 9 64 0 0
0 1 112 7 0 0
0 1 117 14 0 0
0 1 69 46 0 0
0 1 37 46 0 0
0 1 60 59 0 0
0 1 31 41 0 0
0 1 113 60 0 0
0 1 111 44 0 0
0 1 78 57 0 0
0 1 120 60 0 0
0 1 123 24 0 0
0 1 100 19 0 0
0 1 68 25 0 0
0 1 113 31 0 0
0 1 105 22 0 0
0 1 48 35 0 0
0 1 38 21 0 0
0 1 116 56 0 0
0 1 19 3 0 0
0 1 92 8 0 0
