0 1 8 59 0 0
0 1 28 55 0 0
0 1 49 64 0 0
0 1 65 27 0 0
0 1 75 20 0 0
0 1 76 47 0 0
0 1 76 16 0 0
0 1 77 46 0 0
0 1 81 5 0 0
0 1 93 37 0 0
0 1 129 40 0 0
0 1 2 39 0 0
0 1 5 51 0 0
0 1 25 2 0 0
0 1 27 59 0 0
0 1 27 10 0 0
0 1 36 12 0 0
0 1 37 61 0 0
0 1 45 30 0 0
0 1 85 26 0 0
0 1 91 13 0 0
0 1 122 3 0 0
0 1 124 62 0 0
0 1 90 20 0 0
0 1 29 13 0 0
0 1 50 42 0 0
0 1 57 45 0 0
0 1 71 41 0 0
0 1 78 61 0 0
0 1 79 54 0 0
0 1 87 38 0 0
0 1 115 28 0 0
0 1 88 49 0 0
0 1 31 55 0 0
0 1 51 48 0 0
0 1 54 56 0 0
0 1 103 35 0 0
0 1 113 4 0 0
0 1 16 6 0 0
0 1 61 17 0 0
0 1 64 46 0 0
0 1 80 43 0 0
0 1 89 18 0 0
0 1 99 17 0 0
0 1 52 26 0 0
0 1 60 15 0 0
0 1 98 8 0 0
0 1 128 12 0 0
0 1 56 46 0 0
0 1 128 10 0 0
0 1 66 36 0 0
0 1 70 63 0 0
0 1 74 0 0 0
0 1 101 27 0 0
0 1 107 26 0 0
0 1 123 4 0 0
0 1 58 53 0 0
0 1 111 27 0 0
0 1 16 25 0 0
0 1 64 33 0 0
0 1 118 63 0 0
0 1 121 18 0 0
0 1 69 43 0 0
0 1 29 43 0 0
0 1 3 24 0 0
0 1 33 6 0 0
0 1 104 5 0 0
0 1 21 39 0 0
0 1 47 14 0 0
0 1 103 31 0 0
0 1 15 4 0 0
0 1 44 42 0 0
0 1 4 18 0 0
0 1 62 41 0 0
0 1 32 35 0 0
0 1 20 8 0 0
0 1 124 16 0 0
0 1 40 49 0 0
0 1 126 40 0 0
0 1 39 14 0 0
0 1 32 54 0 0
0 1 54 52 0 0
0 1 95 38 0 0
0 1 40 9 0 0
0 1 72 21 0 0
0 1 79 9 0 0
0 1 41 25 0 0
0 1 7 5 0 0
0 1 104 39 0 0
0 1 6 50 0 0
0 1 111 60 0 0
0 1 57 61 0 0
0 1 97 12 0 0
0 1 24 7 0 0
0 1 87 45 0 0
0 1 97 44 0 0
0 1 98 50 0 0
0 1 41 40 0 0
0 1 117 59 0 0
0 1 100 60 0 0
0 1 67 48 0 0
0 1 36 14 0 0
0 1 66 2 0 0
0 1 26 23 0 0
0 1 100 58 0 0
0 1 42 16 0 0
0 1 86 47 0 0
0 1 46 3 0 0
0 1 108 56 0 0
0 1 106 38 0 0
0 1 23 20 0 0
0 1 63 37 0 0
0 1 59 35 0 0
0 1 55 29 0 0
0 1 127 34 0 0
0 1 15 7 0 0
0 1 95 28 0 0
0 1 31 22 0 0
0 1 126 7 0 0
0 1 19 38 0 0
0 1 86 35 0 0
0 1 43 57 0 0
0 1 51 24 0 0
0 1 7 11 0 0
0 1 101 36 0 0
0 1 61 32 0 0
0 1 6 27 0 0
0 1 129 43 0 0
0 1 52 31 0 0
0 1 73 33 0 0
0 1 8 40 0 0
0 1 35 62 0 0
0 1 22 36 0 0
0 1 102 50 0 0
0 1 43 11 0 0
0 1 78 54 0 0
0 1 115 32 0 0
0 1 13 41 0 0
0 1 26 28 0 0
0 1 1 1 0 0
0 1 117 33 0 0
0 1 24 11 0 0
0 1 112 61 0 0
0 1 22 34 0 0
0 1 56 8 0 0
0 1 49 53 0 0
0 1 37 13 0 0
0 1 20 53 0 0
0 1 105 15 0 0
0 1 0 1 0 0
0 1 45 30 0 0
0 1 116 29 0 0
0 1 83 42 0 0
0 1 109 56 0 0
0 1 106 64 0 0
0 1 1 34 0 0
0 1 80 31 0 0
0 1 4 60 0 0
0 1 30 21 0 0
0 1 38 46 0 0
0 1 92 20 0 0
0 1 38 48 0 0
0 1 74 31 0 0
0 1 82 10 0 0
0 1 10 13 0 0
0 1 125 5 0 0
0 1 12 49 0 0
0 1 48 17 0 0
0 1 60 51 0 0
0 1 69 23 0 0
0 1 122 36 0 0
0 1 123 42 0 0
0 1 14 58 0 0
0 1 9 32 0 0
0 1 121 19 0 0
0 1 121 6 0 0
0 1 42 64 0 0
0 1 44 37 0 0
0 1 5 15 0 0
0 1 119 8 0 0
0 1 116 18 0 0
0 1 21 63 0 0
0 1 99 33 0 0
0 1 39 28 0 0
0 1 127 3 0 0
0 1 18 34 0 0
0 1 84 56 0 0
0 1 68 6 0 0
0 1 96 44 0 0
0 1 17 44 0 0
0 1 0 60 0 0
0 1 73 55 0 0
0 1 63 11 0 0
0 1 50 59 0 0
0 1 75 32 0 0
0 1 34 51 0 0
0 1 11 41 0 0
0 1 47 14 0 0
0 1 19 25 0 0
0 1 120 45 0 0
0 1 83 39 0 0
