0 1 1 3 0 0
0 1 5 34 0 0
0 1 9 39 0 0
0 1 10 40 0 0
0 1 12 49 0 0
0 1 34 2 0 0
0 1 38 50 0 0
0 1 46 33 0 0
0 1 49 7 0 0
0 1 70 46 0 0
0 1 75 31 0 0
0 1 86 63 0 0
0 1 87 8 0 0
0 1 106 52 0 0
0 1 108 41 0 0
0 1 115 56 0 0
0 1 121 29 0 0
0 1 129 18 0 0
0 1 5 20 0 0
0 1 40 36 0 0
0 1 55 60 0 0
0 1 67 47 0 0
0 1 76 42 0 0
0 1 94 13 0 0
0 1 57 31 0 0
0 1 32 48 0 0
0 1 65 43 0 0
0 1 91 55 0 0
0 1 3 17 0 0
0 1 7 45 0 0
0 1 12 32 0 0
0 1 30 63 0 0
0 1 41 62 0 0
0 1 115 8 0 0
0 1 56 52 0 0
0 1 113 43 0 0
0 1 8 5 0 0
0 1 20 5 0 0
0 1 25 23 0 0
0 1 110 0 0 0
0 1 29 8 0 0
0 1 17 26 0 0
0 1 49 53 0 0
0 1 89 0 0 0
0 1 126 17 0 0
0 1 95 25 0 0
0 1 101 56 0 0
0 1 6 5 0 0
0 1 111 27 0 0
0 1 120 26 0 0
0 1 18 53 0 0
0 1 61 54 0 0
0 1 85 43 0 0
0 1 41 40 0 0
0 1 16 22 0 0
0 1 31 38 0 0
0 1 34 57 0 0
0 1 44 31 0 0
0 1 72 59 0 0
0 1 99 38 0 0
0 1 32 9 0 0
0 1 42 34 0 0
0 1 127 21 0 0
0 1 102 0 0 0
0 1 97 27 0 0
0 1 15 42 0 0
0 1 118 48 0 0
0 1 64 38 0 0
0 1 123 28 0 0
0 1 113 6 0 0
0 1 68 32 0 0
0 1 99 15 0 0
0 1 79 47 0 0
0 1 94 59 0 0
0 1 119 49 0 0
0 1 112 29 0 0
0 1 59 57 0 0
0 1 80 41 0 0
0 1 19 61 0 0
0 1 105 3 0 0
0 1 48 33 0 0
0 1 0 38 0 0
0 1 76 58 0 0
0 1 95 19 0 0
0 1 23 58 0 0
0 1 45 27 0 0
0 1 80 17 0 0
0 1 122 26 0 0
0 1 100 23 0 0
0 1 58 45 0 0
0 1 71 62 0 0
0 1 81 39 0 0
0 1 60 40 0 0
0 1 88 25 0 0
0 1 62 37 0 0
0 1 60 61 0 0
0 1 90 61 0 0
0 1 25 17 0 0
0 1 66 64 0 0
0 1 92 16 0 0
0 1 116 23 0 0
0 1 69 54 0 0
0 1 29 47 0 0
0 1 52 51 0 0
0 1 104 9 0 0
0 1 50 58 0 0
0 1 19 20 0 0
0 1 8 51 0 0
0 1 24 2 0 0
0 1 10 28 0 0
0 1 4 10 0 0
0 1 117 60 0 0
0 1 15 32 0 0
0 1 55 39 0 0
0 1 125 53 0 0
0 1 21 54 0 0
0 1 43 60 0 0
0 1 108 47 0 0
0 1 54 58 0 0
0 1 54 10 0 0
0 1 33 19 0 0
0 1 45 6 0 0
0 1 107 4 0 0
0 1 65 29 0 0
0 1 72 13 0 0
0 1 117 56 0 0
0 1 127 12 0 0
0 1 21 12 0 0
0 1 79 22 0 0
0 1 83 19 0 0
0 1 18 28 0 0
0 1 63 49 0 0
0 1 30 18 0 0
0 1 97 31 0 0
0 1 38 30 0 0
0 1 1 25 0 0
0 1 57 37 0 0
0 1 40 18 0 0
0 1 2 4 0 0
0 1 120 64 0 0
0 1 124 28 0 0
0 1 23 50 0 0
0 1 87 36 0 0
0 1 77 51 0 0
0 1 74 36 0 0
0 1 17 42 0 0
0 1 64 18 0 0
0 1 109 24 0 0
0 1 101 6 0 0
0 1 52 45 0 0
0 1 73 33 0 0
0 1 47 32 0 0
0 1 39 24 0 0
0 1 93 56 0 0
0 1 43 64 0 0
0 1 98 11 0 0
0 1 53 27 0 0
0 1 27 50 0 0
0 1 53 35 0 0
0 1 91 34 0 0
0 1 22 16 0 0
0 1 70 13 0 0
0 1 13 45 0 0
0 1 114 59 0 0
0 1 78 14 0 0
0 1 37 16 0 0
0 1 73 46 0 0
0 1 20 63 0 0
0 1 74 10 0 0
0 1 107 1 0 0
0 1 86 9 0 0
0 1 66 29 0 0
0 1 104 42 0 0
0 1 26 54 0 0
0 1 126 55 0 0
0 1 62 52 0 0
0 1 56 5 0 0
0 1 129 8 0 0
0 1 35 0 0 0
0 1 42 36 0 0
0 1 128 55 0 0
0 1 116 2 0 0
0 1 98 46 0 0
0 1 69 41 0 0
0 1 85 20 0 0
0 1 84 1 0 0
0 1 78 41 0 0
0 1 48 24 0 0
0 1 124 2 0 0
0 1 2 39 0 0
0 1 106 37 0 0
0 1 28 22 0 0
0 1 24 21 0 0
0 1 122 59 0 0
0 1 82 7 0 0
0 1 35 48 0 0
0 1 109 44 0 0
0 1 0 25 0 0
0 1 111 53 0 0
0 1 28 7 0 0
0 1 112 1 0 0
0 1 59 14 0 0
0 1 27 34 0 0
0 1 123 55 0 0
0 1 89 11 0 0
0 1 121 64 0 0
0 1 96 3 0 0
0 1 47 20 0 0
0 1 3 49 0 0
