0 1 0 34 0 0
0 1 1 25 0 0
0 1 11 13 0 0
0 1 15 40 0 0
0 1 16 5 0 0
0 1 26 20 0 0
0 1 43 63 0 0
0 1 45 58 0 0
0 1 54 43 0 0
0 1 60 58 0 0
0 1 85 12 0 0
0 1 86 32 0 0
0 1 88 56 0 0
0 1 91 64 0 0
0 1 94 31 0 0
0 1 103 34 0 0
0 1 115 28 0 0
0 1 17 18 0 0
0 1 22 27 0 0
0 1 23 46 0 0
0 1 25 48 0 0
0 1 30 62 0 0
0 1 50 53 0 0
0 1 57 61 0 0
0 1 83 51 0 0
0 1 95 24 0 0
0 1 107 39 0 0
0 1 110 42 0 0
0 1 125 17 0 0
0 1 92 32 0 0
0 1 3 40 0 0
0 1 56 4 0 0
0 1 87 13 0 0
0 1 42 35 0 0
0 1 113 35 0 0
0 1 121 8 0 0
0 1 80 17 0 0
0 1 122 54 0 0
0 1 85 62 0 0
0 1 96 31 0 0
0 1 32 48 0 0
0 1 60 45 0 0
0 1 78 36 0 0
0 1 82 35 0 0
0 1 93 34 0 0
0 1 31 33 0 0
0 1 111 48 0 0
0 1 44 64 0 0
0 1 114 25 0 0
0 1 10 37 0 0
0 1 61 21 0 0
0 1 63 8 0 0
0 1 126 22 0 0
0 1 122 64 0 0
0 1 24 50 0 0
0 1 75 17 0 0
0 1 89 24 0 0
0 1 4 43 0 0
0 1 109 8 0 0
0 1 65 52 0 0
0 1 21 10 0 0
0 1 67 32 0 0
0 1 7 9 0 0
0 1 93 37 0 0
0 1 81 23 0 0
0 1 106 52 0 0
0 1 103 45 0 0
0 1 40 52 0 0
0 1 95 14 0 0
0 1 48 9 0 0
0 1 96 36 0 0
0 1 123 56 0 0
0 1 12 3 0 0
0 1 3 45 0 0
0 1 7 3 0 0
0 1 44 16 0 0
0 1 9 28 0 0
0 1 8 19 0 0
0 1 104 16 0 0
0 1 19 19 0 0
0 1 34 27 0 0
0 1 90 57 0 0
0 1 108 14 0 0
0 1 50 23 0 0
0 1 112 20 0 0
0 1 64 26 0 0
0 1 45 60 0 0
0 1 61 55 0 0
0 1 6 4 0 0
0 1 105 33 0 0
0 1 79 31 0 0
0 1 35 33 0 0
0 1 76 1 0 0
0 1 68 61 0 0
0 1 26 41 0 0
0 1 47 52 0 0
0 1 114 42 0 0
0 1 105 48 0 0
0 1 63 29 0 0
0 1 101 56 0 0
0 1 10 11 0 0
0 1 71 7 0 0
0 1 51 7 0 0
0 1 116 49 0 0
0 1 64 18 0 0
0 1 124 54 0 0
0 1 124 25 0 0
0 1 29 20 0 0
0 1 104 36 0 0
0 1 102 1 0 0
0 1 117 10 0 0
0 1 49 6 0 0
0 1 53 11 0 0
0 1 53 44 0 0
0 1 1 49 0 0
0 1 102 6 0 0
0 1 30 53 0 0
0 1 2 0 0 0
0 1 82 62 0 0
0 1 52 0 0 0
0 1 128 2 0 0
0 1 57 39 0 0
0 1 13 40 0 0
0 1 2 15 0 0
0 1 23 2 0 0
0 1 31 10 0 0
0 1 25 47 0 0
0 1 127 41 0 0
0 1 81 11 0 0
0 1 65 41 0 0
0 1 52 3 0 0
0 1 58 24 0 0
0 1 77 12 0 0
0 1 70 47 0 0
0 1 51 0 0 0
0 1 97 5 0 0
0 1 18 43 0 0
0 1 47 38 0 0
0 1 46 60 0 0
0 1 89 59 0 0
0 1 11 4 0 0
0 1 69 61 0 0
0 1 86 38 0 0
0 1 111 23 0 0
0 1 72 1 0 0
0 1 100 33 0 0
0 1 40 38 0 0
0 1 74 61 0 0
0 1 118 24 0 0
0 1 128 44 0 0
0 1 5 15 0 0
0 1 120 58 0 0
0 1 39 15 0 0
0 1 83 16 0 0
0 1 24 36 0 0
0 1 38 44 0 0
0 1 74 11 0 0
0 1 98 64 0 0
0 1 98 49 0 0
0 1 22 13 0 0
0 1 5 28 0 0
0 1 92 22 0 0
0 1 112 59 0 0
0 1 33 47 0 0
0 1 6 29 0 0
0 1 18 5 0 0
0 1 0 14 0 0
0 1 37 14 0 0
0 1 126 0 0 0
0 1 20 34 0 0
0 1 109 19 0 0
0 1 119 4 0 0
0 1 16 57 0 0
0 1 88 62 0 0
0 1 49 42 0 0
0 1 129 41 0 0
0 1 14 37 0 0
0 1 55 47 0 0
0 1 87 5 0 0
0 1 17 46 0 0
0 1 71 37 0 0
0 1 28 50 0 0
0 1 35 25 0 0
0 1 41 15 0 0
0 1 90 26 0 0
0 1 78 16 0 0
0 1 110 59 0 0
0 1 28 58 0 0
0 1 121 26 0 0
0 1 12 3 0 0
0 1 113 45 0 0
0 1 41 20 0 0
0 1 36 19 0 0
0 1 19 23 0 0
0 1 77 46 0 0
0 1 91 27 0 0
0 1 42 55 0 0
0 1 66 10 0 0
0 1 4 30 0 0
0 1 67 2 0 0
0 1 69 22 0 0
0 1 108 28 0 0
