0 1 2 43 0 0
0 1 6 12 0 0
0 1 10 18 0 0
0 1 17 53 0 0
0 1 28 6 0 0
0 1 53 9 0 0
0 1 53 47 0 0
0 1 54 53 0 0
0 1 65 28 0 0
0 1 68 55 0 0
0 1 80 49 0 0
0 1 85 27 0 0
0 1 93 12 0 0
0 1 97 7 0 0
0 1 129 17 0 0
0 1 22 34 0 0
0 1 34 0 0 0
0 1 56 39 0 0
0 1 59 62 0 0
0 1 69 23 0 0
0 1 89 4 0 0
0 1 103 33 0 0
0 1 83 12 0 0
0 1 3 51 0 0
0 1 11 6 0 0
0 1 27 31 0 0
0 1 35 15 0 0
0 1 70 41 0 0
0 1 72 3 0 0
0 1 90 63 0 0
0 1 25 28 0 0
0 1 1 45 0 0
0 1 14 61 0 0
0 1 51 22 0 0
0 1 55 48 0 0
0 1 122 40 0 0
0 1 129 64 0 0
0 1 102 31 0 0
0 1 13 27 0 0
0 1 30 61 0 0
0 1 47 57 0 0
0 1 50 23 0 0
0 1 91 18 0 0
0 1 2 21 0 0
0 1 63 36 0 0
0 1 58 60 0 0
0 1 76 25 0 0
0 1 107 11 0 0
0 1 25 63 0 0
0 1 73 61 0 0
0 1 112 33 0 0
0 1 46 51 0 0
0 1 82 15 0 0
0 1 88 8 0 0
0 1 127 34 0 0
0 1 18 40 0 0
0 1 38 48 0 0
0 1 40 39 0 0
0 1 39 46 0 0
0 1 74 56 0 0
0 1 74 34 0 0
0 1 54 30 0 0
0 1 41 31 0 0
0 1 15 51 0 0
0 1 57 50 0 0
0 1 55 4 0 0
0 1 8 59 0 0
0 1 19 5 0 0
0 1 98 26 0 0
0 1 121 47 0 0
0 1 126 64 0 0
0 1 109 16 0 0
0 1 61 40 0 0
0 1 38 44 0 0
0 1 9 59 0 0
0 1 59 58 0 0
0 1 48 56 0 0
0 1 32 3 0 0
0 1 101 49 0 0
0 1 17 19 0 0
0 1 8 64 0 0
0 1 90 1 0 0
0 1 100 50 0 0
0 1 124 54 0 0
0 1 31 17 0 0
0 1 39 36 0 0
0 1 5 1 0 0
0 1 35 26 0 0
0 1 94 58 0 0
0 1 125 8 0 0
0 1 60 57 0 0
0 1 64 39 0 0
0 1 98 37 0 0
0 1 106 7 0 0
0 1 7 24 0 0
0 1 58 23 0 0
0 1 45 38 0 0
0 1 16 9 0 0
0 1 78 26 0 0
0 1 43 47 0 0
0 1 126 23 0 0
0 1 97 54 0 0
0 1 123 46 0 0
0 1 78 2 0 0
0 1 124 20 0 0
0 1 49 24 0 0
0 1 106 20 0 0
0 1 14 16 0 0
0 1 108 28 0 0
0 1 41 54 0 0
0 1 91 35 0 0
0 1 52 4 0 0
0 1 3 48 0 0
0 1 0 64 0 0
0 1 115 7 0 0
0 1 21 55 0 0
0 1 65 11 0 0
0 1 21 33 0 0
0 1 86 47 0 0
0 1 111 12 0 0
0 1 46 1 0 0
0 1 9 11 0 0
0 1 19 0 0 0
0 1 107 61 0 0
0 1 51 29 0 0
0 1 62 5 0 0
0 1 79 32 0 0
0 1 48 8 0 0
0 1 22 59 0 0
0 1 77 37 0 0
0 1 28 25 0 0
0 1 87 32 0 0
0 1 37 41 0 0
0 1 1 52 0 0
0 1 67 1 0 0
0 1 122 17 0 0
0 1 4 16 0 0
0 1 26 56 0 0
0 1 75 9 0 0
0 1 83 32 0 0
0 1 6 48 0 0
0 1 123 21 0 0
0 1 88 38 0 0
0 1 81 55 0 0
0 1 104 27 0 0
0 1 29 13 0 0
0 1 23 60 0 0
0 1 23 21 0 0
0 1 105 46 0 0
0 1 40 53 0 0
0 1 117 63 0 0
0 1 92 50 0 0
0 1 12 43 0 0
0 1 62 46 0 0
0 1 49 62 0 0
0 1 118 37 0 0
0 1 119 43 0 0
0 1 105 36 0 0
0 1 44 13 0 0
0 1 77 36 0 0
0 1 45 2 0 0
0 1 27 35 0 0
0 1 71 6 0 0
0 1 67 38 0 0
0 1 16 57 0 0
0 1 57 19 0 0
0 1 34 0 0 0
0 1 109 22 0 0
0 1 37 52 0 0
0 1 47 2 0 0
0 1 121 5 0 0
0 1 113 10 0 0
0 1 4 63 0 0
0 1 43 9 0 0
0 1 71 13 0 0
0 1 69 57 0 0
0 1 76 42 0 0
0 1 60 10 0 0
0 1 102 7 0 0
0 1 33 62 0 0
0 1 119 60 0 0
0 1 111 0 0 0
0 1 114 33 0 0
0 1 11 17 0 0
0 1 52 14 0 0
0 1 87 10 0 0
0 1 72 58 0 0
0 1 103 41 0 0
0 1 93 56 0 0
0 1 117 3 0 0
0 1 79 41 0 0
0 1 32 14 0 0
0 1 80 60 0 0
0 1 96 3 0 0
0 1 99 50 0 0
0 1 82 52 0 0
0 1 44 32 0 0
0 1 89 45 0 0
0 1 75 44 0 0
0 1 92 19 0 0
0 1 118 13 0 0
0 1 33 34 0 0
