0 1 2 40 0 0
0 1 3 1 0 0
0 1 20 31 0 0
0 1 30 34 0 0
0 1 43 7 0 0
0 1 44 36 0 0
0 1 46 13 0 0
0 1 54 37 0 0
0 1 59 25 0 0
0 1 63 46 0 0
0 1 76 26 0 0
0 1 77 64 0 0
0 1 80 63 0 0
0 1 88 52 0 0
0 1 90 6 0 0
0 1 106 4 0 0
0 1 112 22 0 0
0 1 119 28 0 0
0 1 16 35 0 0
0 1 16 59 0 0
0 1 18 51 0 0
0 1 39 21 0 0
0 1 47 27 0 0
0 1 74 10 0 0
0 1 92 27 0 0
0 1 112 46 0 0
0 1 120 39 0 0
0 1 121 39 0 0
0 1 127 13 0 0
0 1 65 22 0 0
0 1 36 49 0 0
0 1 52 62 0 0
0 1 75 54 0 0
0 1 103 7 0 0
0 1 128 0 0 0
0 1 129 5 0 0
0 1 15 41 0 0
0 1 30 0 0 0
0 1 36 3 0 0
0 1 54 21 0 0
0 1 62 9 0 0
0 1 66 15 0 0
0 1 70 22 0 0
0 1 87 14 0 0
0 1 120 12 0 0
0 1 124 19 0 0
0 1 124 52 0 0
0 1 3 49 0 0
0 1 49 42 0 0
0 1 89 60 0 0
0 1 94 5 0 0
0 1 100 45 0 0
0 1 107 17 0 0
0 1 19 18 0 0
0 1 79 37 0 0
0 1 49 0 0 0
0 1 10 1 0 0
0 1 60 53 0 0
0 1 67 37 0 0
0 1 117 23 0 0
0 1 67 25 0 0
0 1 9 48 0 0
0 1 63 23 0 0
0 1 83 58 0 0
0 1 122 29 0 0
0 1 53 1 0 0
0 1 13 8 0 0
0 1 31 10 0 0
0 1 69 61 0 0
0 1 71 61 0 0
0 1 25 29 0 0
0 1 91 38 0 0
0 1 97 6 0 0
0 1 12 38 0 0
0 1 103 32 0 0
0 1 99 52 0 0
0 1 106 51 0 0
0 1 86 3 0 0
0 1 51 16 0 0
0 1 80 25 0 0
0 1 58 27 0 0
0 1 116 48 0 0
0 1 40 48 0 0
0 1 24 57 0 0
0 1 108 14 0 0
0 1 22 13 0 0
0 1 56 47 0 0
0 1 125 63 0 0
0 1 11 15 0 0
0 1 58 9 0 0
0 1 7 32 0 0
0 1 5 10 0 0
0 1 38 53 0 0
0 1 97 46 0 0
0 1 14 44 0 0
0 1 33 53 0 0
0 1 85 13 0 0
0 1 82 36 0 0
0 1 41 28 0 0
0 1 115 58 0 0
0 1 1 39 0 0
0 1 85 45 0 0
0 1 102 24 0 0
0 1 6 18 0 0
0 1 13 44 0 0
0 1 111 29 0 0
0 1 61 50 0 0
0 1 34 32 0 0
0 1 23 35 0 0
0 1 19 18 0 0
0 1 105 35 0 0
0 1 87 26 0 0
0 1 22 7 0 0
0 1 28 47 0 0
0 1 41 51 0 0
0 1 126 38 0 0
0 1 27 42 0 0
0 1 15 40 0 0
0 1 57 31 0 0
0 1 91 12 0 0
0 1 115 56 0 0
0 1 25 56 0 0
0 1 111 44 0 0
0 1 127 8 0 0
0 1 31 50 0 0
0 1 32 38 0 0
0 1 35 6 0 0
0 1 78 56 0 0
0 1 93 40 0 0
0 1 0 63 0 0
0 1 59 25 0 0
0 1 20 2 0 0
0 1 110 58 0 0
0 1 73 12 0 0
0 1 1 26 0 0
0 1 11 26 0 0
0 1 55 36 0 0
0 1 74 17 0 0
0 1 125 35 0 0
0 1 51 22 0 0
0 1 84 20 0 0
0 1 123 16 0 0
0 1 71 20 0 0
0 1 98 34 0 0
0 1 26 10 0 0
0 1 117 36 0 0
0 1 4 32 0 0
0 1 48 24 0 0
0 1 118 47 0 0
0 1 102 31 0 0
0 1 60 42 0 0
0 1 113 54 0 0
0 1 92 9 0 0
0 1 78 16 0 0
0 1 42 19 0 0
0 1 95 57 0 0
0 1 2 45 0 0
0 1 89 16 0 0
0 1 64 33 0 0
0 1 18 39 0 0
0 1 37 53 0 0
0 1 96 31 0 0
0 1 42 41 0 0
0 1 100 44 0 0
0 1 109 27 0 0
0 1 46 49 0 0
0 1 62 21 0 0
0 1 5 60 0 0
0 1 86 30 0 0
0 1 104 43 0 0
0 1 10 60 0 0
0 1 84 15 0 0
0 1 129 17 0 0
0 1 52 33 0 0
0 1 126 57 0 0
0 1 76 51 0 0
0 1 45 0 0 0
0 1 64 15 0 0
0 1 47 23 0 0
0 1 34 1 0 0
0 1 33 20 0 0
0 1 12 43 0 0
0 1 88 59 0 0
0 1 26 8 0 0
0 1 23 34 0 0
0 1 8 6 0 0
0 1 21 34 0 0
0 1 27 24 0 0
0 1 70 40 0 0
0 1 72 17 0 0
0 1 44 4 0 0
0 1 95 11 0 0
0 1 48 11 0 0
0 1 14 58 0 0
0 1 69 54 0 0
0 1 28 60 0 0
0 1 43 7 0 0
0 1 81 20 0 0
0 1 50 50 0 0
0 1 57 56 0 0
