0 1 7 43 0 0
0 1 8 9 0 0
0 1 10 55 0 0
0 1 14 40 0 0
0 1 38 64 0 0
0 1 43 44 0 0
0 1 45 23 0 0
0 1 55 28 0 0
0 1 62 20 0 0
0 1 88 25 0 0
0 1 100 39 0 0
0 1 112 36 0 0
0 1 3 53 0 0
0 1 25 41 0 0
0 1 47 56 0 0
0 1 51 3 0 0
0 1 54 54 0 0
0 1 89 17 0 0
0 1 25 36 0 0
0 1 47 31 0 0
0 1 51 39 0 0
0 1 100 41 0 0
0 1 126 30 0 0
0 1 17 17 0 0
0 1 23 13 0 0
0 1 61 59 0 0
0 1 77 47 0 0
0 1 82 49 0 0
0 1 104 15 0 0
0 1 124 7 0 0
0 1 127 21 0 0
0 1 21 1 0 0
0 1 24 23 0 0
0 1 63 51 0 0
0 1 67 3 0 0
0 1 74 16 0 0
0 1 78 24 0 0
0 1 60 13 0 0
0 1 123 15 0 0
0 1 39 62 0 0
0 1 65 50 0 0
0 1 2 41 0 0
0 1 13 37 0 0
0 1 69 0 0 0
0 1 75 26 0 0
0 1 15 33 0 0
0 1 91 5 0 0
0 1 70 14 0 0
0 1 99 57 0 0
0 1 57 21 0 0
0 1 54 17 0 0
0 1 129 46 0 0
0 1 0 5 0 0
0 1 83 38 0 0
0 1 99 7 0 0
0 1 113 59 0 0
0 1 79 34 0 0
0 1 125 16 0 0
0 1 107 30 0 0
0 1 109 48 0 0
0 1 63 33 0 0
0 1 9 39 0 0
0 1 108 61 0 0
0 1 123 57 0 0
0 1 21 47 0 0
0 1 41 32 0 0
0 1 56 51 0 0
0 1 113 19 0 0
0 1 121 25 0 0
0 1 35 12 0 0
0 1 34 7 0 0
0 1 66 24 0 0
0 1 44 31 0 0
0 1 18 4 0 0
0 1 50 35 0 0
0 1 94 37 0 0
0 1 2 53 0 0
0 1 97 47 0 0
0 1 81 2 0 0
0 1 103 26 0 0
0 1 30 0 0 0
0 1 78 12 0 0
0 1 28 20 0 0
0 1 80 31 0 0
0 1 110 61 0 0
0 1 46 44 0 0
0 1 93 4 0 0
0 1 98 12 0 0
0 1 112 36 0 0
0 1 30 48 0 0
0 1 108 54 0 0
0 1 70 43 0 0
0 1 55 10 0 0
0 1 20 59 0 0
0 1 8 45 0 0
0 1 60 41 0 0
0 1 22 42 0 0
0 1 31 55 0 0
0 1 129 45 0 0
0 1 11 6 0 0
0 1 52 6 0 0
0 1 34 61 0 0
0 1 10 18 0 0
0 1 11 49 0 0
0 1 101 6 0 0
0 1 117 7 0 0
0 1 13 64 0 0
0 1 118 36 0 0
0 1 111 28 0 0
0 1 40 56 0 0
0 1 9 53 0 0
0 1 122 52 0 0
0 1 102 50 0 0
0 1 0 20 0 0
0 1 120 33 0 0
0 1 121 43 0 0
0 1 56 55 0 0
0 1 72 0 0 0
0 1 73 18 0 0
0 1 36 22 0 0
0 1 22 60 0 0
0 1 95 42 0 0
0 1 58 52 0 0
0 1 19 22 0 0
0 1 114 60 0 0
0 1 91 46 0 0
0 1 88 58 0 0
0 1 86 50 0 0
0 1 111 27 0 0
0 1 77 29 0 0
0 1 1 64 0 0
0 1 114 4 0 0
0 1 43 3 0 0
0 1 32 40 0 0
0 1 94 22 0 0
0 1 49 3 0 0
0 1 89 27 0 0
0 1 67 21 0 0
0 1 66 5 0 0
0 1 96 52 0 0
0 1 48 16 0 0
0 1 18 6 0 0
0 1 44 34 0 0
0 1 17 48 0 0
0 1 81 2 0 0
0 1 50 35 0 0
0 1 68 55 0 0
0 1 29 12 0 0
0 1 84 40 0 0
0 1 14 18 0 0
0 1 24 33 0 0
0 1 120 35 0 0
0 1 127 30 0 0
0 1 93 9 0 0
0 1 29 62 0 0
0 1 107 21 0 0
0 1 96 50 0 0
0 1 82 49 0 0
0 1 48 15 0 0
0 1 92 46 0 0
0 1 106 29 0 0
0 1 40 25 0 0
0 1 71 48 0 0
0 1 85 62 0 0
0 1 90 29 0 0
0 1 95 64 0 0
0 1 86 2 0 0
0 1 52 56 0 0
0 1 38 10 0 0
0 1 16 56 0 0
0 1 59 14 0 0
0 1 98 58 0 0
0 1 23 34 0 0
0 1 69 32 0 0
0 1 80 1 0 0
0 1 27 2 0 0
0 1 42 43 0 0
0 1 1 16 0 0
0 1 87 63 0 0
0 1 72 1 0 0
0 1 6 54 0 0
0 1 12 38 0 0
0 1 87 30 0 0
0 1 35 60 0 0
0 1 28 11 0 0
0 1 84 51 0 0
0 1 33 9 0 0
0 1 126 60 0 0
0 1 64 57 0 0
0 1 115 52 0 0
0 1 73 4 0 0
0 1 7 23 0 0
0 1 76 9 0 0
0 1 119 25 0 0
0 1 62 27 0 0
0 1 64 63 0 0
0 1 102 37 0 0
0 1 105 59 0 0
0 1 57 40 0 0
0 1 53 58 0 0
0 1 59 32 0 0
0 1 32 14 0 0
0 1 31 13 0 0
0 1 37 11 0 0
0 1 128 63 0 0
0 1 74 49 0 0
0 1 110 54 0 0
