0 1 0 27 0 0
0 1 4 47 0 0
0 1 12 3 0 0
0 1 24 50 0 0
0 1 36 31 0 0
0 1 51 11 0 0
0 1 59 58 0 0
0 1 60 51 0 0
0 1 83 14 0 0
0 1 88 23 0 0
0 1 96 2 0 0
0 1 109 61 0 0
0 1 112 28 0 0
0 1 113 35 0 0
0 1 116 13 0 0
0 1 117 16 0 0
0 1 129 5 0 0
0 1 57 62 0 0
0 1 104 18 0 0
0 1 41 58 0 0
0 1 78 23 0 0
0 1 18 48 0 0
0 1 22 63 0 0
0 1 64 2 0 0
0 1 70 38 0 0
0 1 73 54 0 0
0 1 119 45 0 0
0 1 14 27 0 0
0 1 49 42 0 0
0 1 80 24 0 0
0 1 80 4 0 0
0 1 99 12 0 0
0 1 126 56 0 0
0 1 34 45 0 0
0 1 14 9 0 0
0 1 39 0 0 0
0 1 82 6 0 0
0 1 28 27 0 0
0 1 103 42 0 0
0 1 108 5 0 0
0 1 110 13 0 0
0 1 34 7 0 0
0 1 73 42 0 0
0 1 125 53 0 0
0 1 3 37 0 0
0 1 9 19 0 0
0 1 85 8 0 0
0 1 101 58 0 0
0 1 23 37 0 0
0 1 46 41 0 0
0 1 50 29 0 0
0 1 61 31 0 0
0 1 83 1 0 0
0 1 53 56 0 0
0 1 27 41 0 0
0 1 104 50 0 0
0 1 19 17 0 0
0 1 42 49 0 0
0 1 47 60 0 0
0 1 37 62 0 0
0 1 63 20 0 0
0 1 64 10 0 0
0 1 111 57 0 0
0 1 85 1 0 0
0 1 111 2 0 0
0 1 6 38 0 0
0 1 11 47 0 0
0 1 15 13 0 0
0 1 75 56 0 0
0 1 61 32 0 0
0 1 123 6 0 0
0 1 33 30 0 0
0 1 43 54 0 0
0 1 23 16 0 0
0 1 49 53 0 0
0 1 45 24 0 0
0 1 60 8 0 0
0 1 86 47 0 0
0 1 26 19 0 0
0 1 76 52 0 0
0 1 54 6 0 0
0 1 57 38 0 0
0 1 46 39 0 0
0 1 51 10 0 0
0 1 106 15 0 0
0 1 105 2 0 0
0 1 56 43 0 0
0 1 55 18 0 0
0 1 28 60 0 0
0 1 20 8 0 0
0 1 0 47 0 0
0 1 117 24 0 0
0 1 84 38 0 0
0 1 90 34 0 0
0 1 125 26 0 0
0 1 87 19 0 0
0 1 52 57 0 0
0 1 5 40 0 0
0 1 54 55 0 0
0 1 115 60 0 0
0 1 119 12 0 0
0 1 17 12 0 0
0 1 116 19 0 0
0 1 89 48 0 0
0 1 110 45 0 0
0 1 25 43 0 0
0 1 39 17 0 0
0 1 8 59 0 0
0 1 107 0 0 0
0 1 68 1 0 0
0 1 38 35 0 0
0 1 69 14 0 0
0 1 41 42 0 0
0 1 123 3 0 0
0 1 33 56 0 0
0 1 1 14 0 0
0 1 58 4 0 0
0 1 127 22 0 0
0 1 27 32 0 0
0 1 13 16 0 0
0 1 98 3 0 0
0 1 31 57 0 0
0 1 58 64 0 0
0 1 35 40 0 0
0 1 9 62 0 0
0 1 102 7 0 0
0 1 48 9 0 0
0 1 36 34 0 0
0 1 92 25 0 0
0 1 90 33 0 0
0 1 63 46 0 0
0 1 128 12 0 0
0 1 24 21 0 0
0 1 19 17 0 0
0 1 79 15 0 0
0 1 94 51 0 0
0 1 102 17 0 0
0 1 12 55 0 0
0 1 37 45 0 0
0 1 67 46 0 0
0 1 38 18 0 0
0 1 87 51 0 0
0 1 72 35 0 0
0 1 105 1 0 0
0 1 120 24 0 0
0 1 20 64 0 0
0 1 22 40 0 0
0 1 43 37 0 0
0 1 114 29 0 0
0 1 32 43 0 0
0 1 11 46 0 0
0 1 118 26 0 0
0 1 129 5 0 0
0 1 101 7 0 0
0 1 6 35 0 0
0 1 7 49 0 0
0 1 88 29 0 0
0 1 77 4 0 0
0 1 42 18 0 0
0 1 16 3 0 0
0 1 21 4 0 0
0 1 3 37 0 0
0 1 65 34 0 0
0 1 45 25 0 0
0 1 128 13 0 0
0 1 69 28 0 0
0 1 10 34 0 0
0 1 55 15 0 0
0 1 50 10 0 0
0 1 113 21 0 0
0 1 96 57 0 0
0 1 107 44 0 0
0 1 126 49 0 0
0 1 100 31 0 0
0 1 100 0 0 0
0 1 71 21 0 0
0 1 120 60 0 0
0 1 48 58 0 0
0 1 103 52 0 0
0 1 97 30 0 0
0 1 77 43 0 0
0 1 59 6 0 0
0 1 109 50 0 0
0 1 32 44 0 0
0 1 84 63 0 0
0 1 30 61 0 0
0 1 40 59 0 0
0 1 72 59 0 0
0 1 127 62 0 0
0 1 56 20 0 0
0 1 4 14 0 0
0 1 62 41 0 0
0 1 76 25 0 0
0 1 44 0 0 0
0 1 66 41 0 0
0 1 74 36 0 0
0 1 93 8 0 0
0 1 114 10 0 0
0 1 65 25 0 0
0 1 70 49 0 0
0 1 52 55 0 0
0 1 122 11 0 0
0 1 94 31 0 0
0 1 93 9 0 0
0 1 67 15 0 0
0 1 1 21 0 0
