0 1 2 23 0 0
0 1 16 59 0 0
0 1 19 44 0 0
0 1 24 5 0 0
0 1 38 42 0 0
0 1 43 54 0 0
0 1 51 55 0 0
0 1 64 30 0 0
0 1 72 34 0 0
0 1 75 46 0 0
0 1 80 56 0 0
0 1 82 49 0 0
0 1 85 50 0 0
0 1 88 36 0 0
0 1 100 12 0 0
0 1 113 33 0 0
0 1 129 16 0 0
0 1 51 15 0 0
0 1 54 41 0 0
0 1 58 29 0 0
0 1 99 22 0 0
0 1 100 62 0 0
0 1 112 3 0 0
0 1 22 21 0 0
0 1 35 9 0 0
0 1 44 25 0 0
0 1 49 11 0 0
0 1 90 5 0 0
0 1 127 41 0 0
0 1 80 44 0 0
0 1 92 34 0 0
0 1 114 47 0 0
0 1 122 18 0 0
0 1 40 1 0 0
0 1 57 35 0 0
0 1 69 26 0 0
0 1 121 33 0 0
0 1 1 47 0 0
0 1 9 34 0 0
0 1 89 41 0 0
0 1 14 63 0 0
0 1 61 8 0 0
0 1 79 17 0 0
0 1 110 58 0 0
0 1 64 45 0 0
0 1 120 58 0 0
0 1 60 60 0 0
0 1 6 28 0 0
0 1 34 1 0 0
0 1 54 7 0 0
0 1 71 15 0 0
0 1 108 23 0 0
0 1 26 54 0 0
0 1 38 16 0 0
0 1 18 45 0 0
0 1 32 10 0 0
0 1 37 1 0 0
0 1 0 7 0 0
0 1 33 37 0 0
0 1 52 30 0 0
0 1 42 22 0 0
0 1 5 57 0 0
0 1 56 61 0 0
0 1 66 24 0 0
0 1 20 27 0 0
0 1 41 26 0 0
0 1 87 25 0 0
0 1 17 4 0 0
0 1 30 52 0 0
0 1 23 48 0 0
0 1 90 35 0 0
0 1 60 2 0 0
0 1 122 64 0 0
0 1 39 6 0 0
0 1 36 35 0 0
0 1 42 42 0 0
0 1 109 19 0 0
0 1 93 7 0 0
0 1 33 43 0 0
0 1 102 38 0 0
0 1 5 23 0 0
0 1 117 36 0 0
0 1 9 60 0 0
0 1 124 21 0 0
0 1 119 46 0 0
0 1 14 61 0 0
0 1 116 26 0 0
0 1 28 55 0 0
0 1 15 36 0 0
0 1 83 39 0 0
0 1 20 5 0 0
0 1 78 39 0 0
0 1 94 59 0 0
0 1 39 52 0 0
0 1 46 38 0 0
0 1 48 51 0 0
0 1 18 22 0 0
0 1 69 26 0 0
0 1 3 13 0 0
0 1 21 64 0 0
0 1 87 31 0 0
0 1 102 57 0 0
0 1 29 50 0 0
0 1 67 50 0 0
0 1 107 1 0 0
0 1 126 4 0 0
0 1 106 57 0 0
0 1 81 28 0 0
0 1 63 39 0 0
0 1 95 32 0 0
0 1 128 50 0 0
0 1 68 30 0 0
0 1 107 9 0 0
0 1 106 12 0 0
0 1 11 14 0 0
0 1 118 38 0 0
0 1 77 46 0 0
0 1 128 58 0 0
0 1 111 52 0 0
0 1 91 53 0 0
0 1 50 38 0 0
0 1 25 14 0 0
0 1 74 29 0 0
0 1 62 34 0 0
0 1 86 27 0 0
0 1 78 24 0 0
0 1 31 63 0 0
0 1 62 48 0 0
0 1 27 48 0 0
0 1 3 31 0 0
0 1 45 43 0 0
0 1 105 43 0 0
0 1 99 10 0 0
0 1 68 61 0 0
0 1 47 63 0 0
0 1 59 62 0 0
0 1 0 10 0 0
0 1 83 40 0 0
0 1 50 24 0 0
0 1 84 13 0 0
0 1 8 61 0 0
0 1 98 16 0 0
0 1 121 24 0 0
0 1 93 29 0 0
0 1 85 39 0 0
0 1 47 55 0 0
0 1 19 32 0 0
0 1 88 40 0 0
0 1 76 13 0 0
0 1 116 47 0 0
0 1 98 20 0 0
0 1 17 49 0 0
0 1 117 28 0 0
0 1 53 15 0 0
0 1 76 4 0 0
0 1 95 2 0 0
0 1 25 18 0 0
0 1 8 13 0 0
0 1 44 29 0 0
0 1 22 18 0 0
0 1 27 33 0 0
0 1 53 53 0 0
0 1 96 45 0 0
0 1 4 62 0 0
0 1 35 46 0 0
0 1 127 59 0 0
0 1 73 52 0 0
0 1 52 54 0 0
0 1 113 54 0 0
0 1 29 31 0 0
0 1 108 6 0 0
0 1 109 25 0 0
0 1 103 0 0 0
0 1 12 8 0 0
0 1 30 59 0 0
0 1 101 9 0 0
0 1 4 51 0 0
0 1 61 41 0 0
0 1 13 17 0 0
0 1 57 21 0 0
0 1 23 43 0 0
0 1 1 6 0 0
0 1 126 56 0 0
0 1 91 20 0 0
0 1 79 62 0 0
0 1 26 22 0 0
0 1 111 42 0 0
0 1 86 17 0 0
0 1 125 20 0 0
0 1 11 7 0 0
0 1 89 27 0 0
0 1 115 49 0 0
0 1 105 45 0 0
0 1 129 28 0 0
0 1 37 57 0 0
0 1 74 32 0 0
0 1 65 37 0 0
0 1 104 49 0 0
0 1 34 58 0 0
0 1 36 37 0 0
0 1 72 44 0 0
0 1 97 60 0 0
0 1 124 18 0 0
0 1 24 63 0 0
0 1 103 40 0 0
0 1 10 6 0 0
