0 1 2 56 0 0
0 1 6 19 0 0
0 1 12 18 0 0
0 1 24 42 0 0
0 1 38 9 0 0
0 1 43 24 0 0
0 1 43 29 0 0
0 1 47 48 0 0
0 1 59 25 0 0
0 1 65 0 0 0
0 1 68 17 0 0
0 1 70 10 0 0
0 1 75 52 0 0
0 1 78 44 0 0
0 1 87 60 0 0
0 1 91 28 0 0
0 1 105 48 0 0
0 1 120 3 0 0
0 1 125 15 0 0
0 1 127 35 0 0
0 1 22 38 0 0
0 1 32 16 0 0
0 1 35 7 0 0
0 1 40 21 0 0
0 1 63 39 0 0
0 1 63 62 0 0
0 1 115 12 0 0
0 1 44 63 0 0
0 1 48 1 0 0
0 1 105 38 0 0
0 1 19 50 0 0
0 1 33 31 0 0
0 1 49 13 0 0
0 1 127 35 0 0
0 1 113 10 0 0
0 1 14 54 0 0
0 1 57 58 0 0
0 1 67 2 0 0
0 1 51 33 0 0
0 1 56 5 0 0
0 1 84 22 0 0
0 1 94 19 0 0
0 1 102 57 0 0
0 1 128 57 0 0
0 1 40 41 0 0
0 1 66 34 0 0
0 1 86 54 0 0
0 1 9 62 0 0
0 1 114 21 0 0
0 1 4 9 0 0
0 1 5 18 0 0
0 1 76 40 0 0
0 1 100 4 0 0
0 1 106 30 0 0
0 1 56 60 0 0
0 1 28 61 0 0
0 1 118 26 0 0
0 1 14 63 0 0
0 1 50 7 0 0
0 1 88 43 0 0
0 1 106 44 0 0
0 1 36 45 0 0
0 1 53 4 0 0
0 1 49 14 0 0
0 1 73 45 0 0
0 1 86 31 0 0
0 1 3 14 0 0
0 1 8 41 0 0
0 1 18 12 0 0
0 1 122 29 0 0
0 1 9 39 0 0
0 1 104 64 0 0
0 1 31 32 0 0
0 1 92 23 0 0
0 1 30 5 0 0
0 1 100 46 0 0
0 1 46 6 0 0
0 1 95 51 0 0
0 1 74 42 0 0
0 1 7 49 0 0
0 1 55 46 0 0
0 1 104 44 0 0
0 1 81 61 0 0
0 1 31 15 0 0
0 1 70 22 0 0
0 1 69 56 0 0
0 1 129 21 0 0
0 1 72 10 0 0
0 1 0 56 0 0
0 1 89 39 0 0
0 1 89 12 0 0
0 1 111 17 0 0
0 1 128 6 0 0
0 1 65 18 0 0
0 1 75 33 0 0
0 1 21 31 0 0
0 1 35 11 0 0
0 1 108 51 0 0
0 1 15 30 0 0
0 1 87 54 0 0
0 1 42 28 0 0
0 1 84 15 0 0
0 1 11 13 0 0
0 1 113 51 0 0
0 1 19 25 0 0
0 1 0 9 0 0
0 1 91 6 0 0
0 1 25 36 0 0
0 1 99 36 0 0
0 1 45 20 0 0
0 1 60 22 0 0
0 1 27 43 0 0
0 1 59 26 0 0
0 1 94 49 0 0
0 1 88 1 0 0
0 1 114 55 0 0
0 1 64 14 0 0
0 1 41 35 0 0
0 1 93 30 0 0
0 1 24 24 0 0
0 1 33 25 0 0
0 1 85 55 0 0
0 1 25 61 0 0
0 1 102 55 0 0
0 1 79 8 0 0
0 1 121 53 0 0
0 1 1 10 0 0
0 1 116 5 0 0
0 1 44 45 0 0
0 1 110 38 0 0
0 1 6 8 0 0
0 1 34 20 0 0
0 1 109 20 0 0
0 1 62 59 0 0
0 1 76 0 0 0
0 1 61 32 0 0
0 1 82 21 0 0
0 1 39 4 0 0
0 1 80 34 0 0
0 1 72 3 0 0
0 1 61 59 0 0
0 1 26 57 0 0
0 1 16 2 0 0
0 1 73 50 0 0
0 1 55 35 0 0
0 1 122 38 0 0
0 1 37 47 0 0
0 1 51 8 0 0
0 1 119 29 0 0
0 1 119 54 0 0
0 1 7 22 0 0
0 1 18 33 0 0
0 1 74 6 0 0
0 1 116 23 0 0
0 1 81 41 0 0
0 1 15 49 0 0
0 1 126 4 0 0
0 1 3 9 0 0
0 1 20 51 0 0
0 1 23 32 0 0
0 1 47 5 0 0
0 1 53 59 0 0
0 1 48 23 0 0
0 1 129 28 0 0
0 1 21 13 0 0
0 1 20 45 0 0
0 1 112 11 0 0
0 1 98 47 0 0
0 1 45 32 0 0
0 1 117 60 0 0
0 1 95 64 0 0
0 1 12 41 0 0
0 1 80 47 0 0
0 1 111 12 0 0
0 1 123 16 0 0
0 1 98 36 0 0
0 1 117 37 0 0
0 1 36 61 0 0
0 1 38 48 0 0
0 1 26 2 0 0
0 1 58 59 0 0
0 1 13 31 0 0
0 1 34 26 0 0
0 1 32 25 0 0
0 1 96 64 0 0
0 1 118 8 0 0
0 1 123 62 0 0
0 1 96 62 0 0
0 1 4 17 0 0
0 1 97 18 0 0
0 1 68 34 0 0
0 1 30 34 0 0
0 1 10 44 0 0
0 1 17 0 0 0
0 1 50 23 0 0
0 1 2 27 0 0
0 1 42 60 0 0
0 1 37 63 0 0
0 1 90 58 0 0
0 1 64 16 0 0
0 1 16 27 0 0
0 1 83 42 0 0
0 1 8 58 0 0
0 1 112 17 0 0
