0 1 10 25 0 0
0 1 23 6 0 0
0 1 35 32 0 0
0 1 47 36 0 0
0 1 52 14 0 0
0 1 58 10 0 0
0 1 65 23 0 0
0 1 70 33 0 0
0 1 84 34 0 0
0 1 85 56 0 0
0 1 86 7 0 0
0 1 87 60 0 0
0 1 88 45 0 0
0 1 99 28 0 0
0 1 104 16 0 0
0 1 109 14 0 0
0 1 113 39 0 0
0 1 115 63 0 0
0 1 126 58 0 0
0 1 17 64 0 0
0 1 98 43 0 0
0 1 94 6 0 0
0 1 15 37 0 0
0 1 28 47 0 0
0 1 36 56 0 0
0 1 78 2 0 0
0 1 108 63 0 0
0 1 4 58 0 0
0 1 15 33 0 0
0 1 22 4 0 0
0 1 24 27 0 0
0 1 48 42 0 0
0 1 34 61 0 0
0 1 68 50 0 0
0 1 106 19 0 0
0 1 111 5 0 0
0 1 104 24 0 0
0 1 7 59 0 0
0 1 9 21 0 0
0 1 94 8 0 0
0 1 74 7 0 0
0 1 79 16 0 0
0 1 38 44 0 0
0 1 51 48 0 0
0 1 86 57 0 0
0 1 126 37 0 0
0 1 71 53 0 0
0 1 68 36 0 0
0 1 114 19 0 0
0 1 42 16 0 0
0 1 62 15 0 0
0 1 69 23 0 0
0 1 105 24 0 0
0 1 21 50 0 0
0 1 63 54 0 0
0 1 93 41 0 0
0 1 88 49 0 0
0 1 32 30 0 0
0 1 85 55 0 0
0 1 80 10 0 0
0 1 41 1 0 0
0 1 45 51 0 0
0 1 33 47 0 0
0 1 127 12 0 0
0 1 50 57 0 0
0 1 26 1 0 0
0 1 65 19 0 0
0 1 16 25 0 0
0 1 16 54 0 0
0 1 5 38 0 0
0 1 112 62 0 0
0 1 52 32 0 0
0 1 99 49 0 0
0 1 40 23 0 0
0 1 84 10 0 0
0 1 6 9 0 0
0 1 40 27 0 0
0 1 60 48 0 0
0 1 91 1 0 0
0 1 39 41 0 0
0 1 89 20 0 0
0 1 45 6 0 0
0 1 127 26 0 0
0 1 0 48 0 0
0 1 83 63 0 0
0 1 114 29 0 0
0 1 92 36 0 0
0 1 37 13 0 0
0 1 120 61 0 0
0 1 53 0 0 0
0 1 107 3 0 0
0 1 117 4 0 0
0 1 43 45 0 0
0 1 56 61 0 0
0 1 75 35 0 0
0 1 95 13 0 0
0 1 8 52 0 0
0 1 9 30 0 0
0 1 118 34 0 0
0 1 123 20 0 0
0 1 103 38 0 0
0 1 118 3 0 0
0 1 39 40 0 0
0 1 12 18 0 0
0 1 98 40 0 0
0 1 57 26 0 0
0 1 61 16 0 0
0 1 113 5 0 0
0 1 83 11 0 0
0 1 107 30 0 0
0 1 21 9 0 0
0 1 100 54 0 0
0 1 10 44 0 0
0 1 100 24 0 0
0 1 73 5 0 0
0 1 62 15 0 0
0 1 2 56 0 0
0 1 49 27 0 0
0 1 61 20 0 0
0 1 38 49 0 0
0 1 119 19 0 0
0 1 20 10 0 0
0 1 42 43 0 0
0 1 36 3 0 0
0 1 73 13 0 0
0 1 72 32 0 0
0 1 112 11 0 0
0 1 96 21 0 0
0 1 11 40 0 0
0 1 18 52 0 0
0 1 78 18 0 0
0 1 30 39 0 0
0 1 125 31 0 0
0 1 16 53 0 0
0 1 3 44 0 0
0 1 122 0 0 0
0 1 6 9 0 0
0 1 64 11 0 0
0 1 59 53 0 0
0 1 1 39 0 0
0 1 18 26 0 0
0 1 105 41 0 0
0 1 128 41 0 0
0 1 116 11 0 0
0 1 128 14 0 0
0 1 109 52 0 0
0 1 72 26 0 0
0 1 75 63 0 0
0 1 13 60 0 0
0 1 77 56 0 0
0 1 103 62 0 0
0 1 5 4 0 0
0 1 27 43 0 0
0 1 64 7 0 0
0 1 74 64 0 0
0 1 129 13 0 0
0 1 79 53 0 0
0 1 90 44 0 0
0 1 110 36 0 0
0 1 46 58 0 0
0 1 69 23 0 0
0 1 60 8 0 0
0 1 54 5 0 0
0 1 29 0 0 0
0 1 53 31 0 0
0 1 121 64 0 0
0 1 30 62 0 0
0 1 17 42 0 0
0 1 115 29 0 0
0 1 116 21 0 0
0 1 119 37 0 0
0 1 32 15 0 0
0 1 23 29 0 0
0 1 48 55 0 0
0 1 66 18 0 0
0 1 37 21 0 0
0 1 102 50 0 0
0 1 31 47 0 0
0 1 91 38 0 0
0 1 101 42 0 0
0 1 29 45 0 0
0 1 70 9 0 0
0 1 89 24 0 0
0 1 8 1 0 0
0 1 106 47 0 0
0 1 125 14 0 0
0 1 102 49 0 0
0 1 33 4 0 0
0 1 24 7 0 0
0 1 46 48 0 0
0 1 97 29 0 0
0 1 95 37 0 0
0 1 55 61 0 0
0 1 44 6 0 0
0 1 47 38 0 0
0 1 58 58 0 0
