0 1 0 63 0 0
0 1 5 39 0 0
0 1 7 45 0 0
0 1 30 28 0 0
0 1 36 33 0 0
0 1 41 2 0 0
0 1 49 1 0 0
0 1 53 19 0 0
0 1 73 32 0 0
0 1 75 62 0 0
0 1 76 22 0 0
0 1 97 3 0 0
0 1 108 10 0 0
0 1 109 42 0 0
0 1 115 0 0 0
0 1 3 6 0 0
0 1 27 56 0 0
0 1 38 33 0 0
0 1 60 48 0 0
0 1 70 13 0 0
0 1 91 21 0 0
0 1 95 64 0 0
0 1 116 25 0 0
0 1 124 3 0 0
0 1 127 1 0 0
0 1 42 10 0 0
0 1 0 38 0 0
0 1 8 59 0 0
0 1 9 52 0 0
0 1 19 20 0 0
0 1 31 11 0 0
0 1 47 53 0 0
0 1 71 44 0 0
0 1 90 31 0 0
0 1 94 55 0 0
0 1 122 43 0 0
0 1 20 56 0 0
0 1 35 30 0 0
0 1 61 14 0 0
0 1 78 37 0 0
0 1 81 40 0 0
0 1 87 6 0 0
0 1 93 54 0 0
0 1 5 30 0 0
0 1 13 46 0 0
0 1 54 5 0 0
0 1 109 58 0 0
0 1 20 55 0 0
0 1 2 30 0 0
0 1 51 0 0 0
0 1 56 15 0 0
0 1 26 6 0 0
0 1 6 43 0 0
0 1 10 35 0 0
0 1 64 42 0 0
0 1 82 34 0 0
0 1 101 58 0 0
0 1 19 58 0 0
0 1 24 31 0 0
0 1 24 20 0 0
0 1 32 4 0 0
0 1 45 49 0 0
0 1 65 35 0 0
0 1 85 21 0 0
0 1 91 62 0 0
0 1 25 24 0 0
0 1 99 41 0 0
0 1 84 1 0 0
0 1 96 47 0 0
0 1 48 14 0 0
0 1 89 51 0 0
0 1 84 20 0 0
0 1 68 10 0 0
0 1 37 29 0 0
0 1 100 61 0 0
0 1 108 39 0 0
0 1 129 36 0 0
0 1 38 42 0 0
0 1 66 11 0 0
0 1 43 27 0 0
0 1 81 17 0 0
0 1 39 18 0 0
0 1 16 40 0 0
0 1 95 4 0 0
0 1 114 7 0 0
0 1 77 4 0 0
0 1 12 21 0 0
0 1 61 62 0 0
0 1 88 19 0 0
0 1 126 52 0 0
0 1 44 40 0 0
0 1 27 53 0 0
0 1 58 8 0 0
0 1 71 60 0 0
0 1 104 54 0 0
0 1 63 47 0 0
0 1 105 33 0 0
0 1 89 64 0 0
0 1 112 45 0 0
0 1 6 44 0 0
0 1 66 38 0 0
0 1 28 49 0 0
0 1 63 54 0 0
0 1 55 61 0 0
0 1 44 41 0 0
0 1 1 25 0 0
0 1 39 12 0 0
0 1 26 23 0 0
0 1 29 43 0 0
0 1 68 24 0 0
0 1 104 2 0 0
0 1 102 24 0 0
0 1 40 27 0 0
0 1 12 46 0 0
0 1 76 41 0 0
0 1 33 22 0 0
0 1 118 57 0 0
0 1 45 9 0 0
0 1 117 13 0 0
0 1 83 9 0 0
0 1 107 38 0 0
0 1 67 51 0 0
0 1 1 38 0 0
0 1 82 57 0 0
0 1 79 63 0 0
0 1 129 56 0 0
0 1 18 33 0 0
0 1 50 52 0 0
0 1 59 61 0 0
0 1 46 24 0 0
0 1 112 50 0 0
0 1 121 61 0 0
0 1 119 48 0 0
0 1 67 60 0 0
0 1 55 1 0 0
0 1 65 16 0 0
0 1 78 16 0 0
0 1 25 45 0 0
0 1 17 46 0 0
0 1 31 21 0 0
0 1 74 12 0 0
0 1 30 60 0 0
0 1 121 50 0 0
0 1 86 25 0 0
0 1 9 18 0 0
0 1 58 18 0 0
0 1 110 43 0 0
0 1 120 4 0 0
0 1 57 36 0 0
0 1 11 25 0 0
0 1 52 23 0 0
0 1 46 31 0 0
0 1 79 37 0 0
0 1 2 32 0 0
0 1 110 49 0 0
0 1 113 15 0 0
0 1 69 46 0 0
0 1 80 28 0 0
0 1 22 19 0 0
0 1 118 11 0 0
0 1 32 64 0 0
0 1 114 53 0 0
0 1 90 39 0 0
0 1 22 18 0 0
0 1 53 63 0 0
0 1 128 53 0 0
0 1 4 12 0 0
0 1 80 10 0 0
0 1 10 55 0 0
0 1 97 8 0 0
0 1 59 57 0 0
0 1 93 26 0 0
0 1 54 7 0 0
0 1 98 0 0 0
0 1 11 17 0 0
0 1 75 32 0 0
0 1 37 29 0 0
0 1 120 49 0 0
0 1 125 55 0 0
0 1 34 34 0 0
0 1 73 20 0 0
0 1 99 3 0 0
0 1 3 34 0 0
0 1 34 28 0 0
0 1 15 45 0 0
0 1 14 7 0 0
0 1 124 47 0 0
0 1 14 52 0 0
0 1 126 59 0 0
0 1 35 30 0 0
0 1 62 37 0 0
0 1 83 7 0 0
0 1 111 57 0 0
0 1 64 50 0 0
0 1 49 32 0 0
0 1 23 15 0 0
0 1 51 35 0 0
0 1 102 3 0 0
0 1 86 51 0 0
0 1 94 12 0 0
0 1 15 40 0 0
0 1 115 19 0 0
0 1 87 35 0 0
0 1 107 16 0 0
0 1 33 41 0 0
0 1 13 36 0 0
0 1 125 37 0 0
