0 1 14 21 0 0
0 1 16 40 0 0
0 1 24 47 0 0
0 1 42 48 0 0
0 1 44 1 0 0
0 1 55 61 0 0
0 1 65 3 0 0
0 1 66 2 0 0
0 1 72 23 0 0
0 1 74 19 0 0
0 1 76 41 0 0
0 1 95 14 0 0
0 1 98 8 0 0
0 1 100 12 0 0
0 1 116 8 0 0
0 1 128 59 0 0
0 1 14 29 0 0
0 1 23 35 0 0
0 1 23 63 0 0
0 1 40 58 0 0
0 1 45 6 0 0
0 1 63 9 0 0
0 1 81 49 0 0
0 1 91 6 0 0
0 1 48 14 0 0
0 1 91 54 0 0
0 1 50 48 0 0
0 1 57 3 0 0
0 1 106 34 0 0
0 1 118 56 0 0
0 1 0 10 0 0
0 1 21 44 0 0
0 1 30 13 0 0
0 1 32 20 0 0
0 1 41 12 0 0
0 1 51 42 0 0
0 1 67 40 0 0
0 1 81 45 0 0
0 1 103 52 0 0
0 1 114 7 0 0
0 1 115 25 0 0
0 1 44 55 0 0
0 1 46 11 0 0
0 1 127 44 0 0
0 1 1 52 0 0
0 1 56 19 0 0
0 1 82 15 0 0
0 1 1 4 0 0
0 1 63 32 0 0
0 1 105 24 0 0
0 1 17 17 0 0
0 1 85 41 0 0
0 1 27 26 0 0
0 1 53 36 0 0
0 1 78 60 0 0
0 1 17 29 0 0
0 1 9 14 0 0
0 1 20 46 0 0
0 1 20 64 0 0
0 1 113 56 0 0
0 1 80 57 0 0
0 1 101 33 0 0
0 1 68 49 0 0
0 1 60 21 0 0
0 1 12 53 0 0
0 1 106 0 0 0
0 1 112 14 0 0
0 1 21 37 0 0
0 1 18 13 0 0
0 1 62 62 0 0
0 1 41 51 0 0
0 1 4 28 0 0
0 1 78 4 0 0
0 1 37 25 0 0
0 1 93 47 0 0
0 1 0 18 0 0
0 1 35 46 0 0
0 1 47 17 0 0
0 1 104 39 0 0
0 1 123 3 0 0
0 1 64 0 0 0
0 1 86 55 0 0
0 1 90 63 0 0
0 1 7 52 0 0
0 1 11 31 0 0
0 1 36 6 0 0
0 1 59 1 0 0
0 1 32 18 0 0
0 1 121 45 0 0
0 1 26 64 0 0
0 1 13 22 0 0
0 1 128 46 0 0
0 1 79 16 0 0
0 1 7 27 0 0
0 1 12 27 0 0
0 1 54 35 0 0
0 1 33 5 0 0
0 1 28 33 0 0
0 1 49 24 0 0
0 1 107 16 0 0
0 1 125 29 0 0
0 1 15 33 0 0
0 1 73 17 0 0
0 1 62 62 0 0
0 1 96 55 0 0
0 1 3 43 0 0
0 1 29 15 0 0
0 1 6 53 0 0
0 1 67 57 0 0
0 1 87 50 0 0
0 1 83 31 0 0
0 1 37 50 0 0
0 1 126 11 0 0
0 1 124 50 0 0
0 1 51 44 0 0
0 1 68 30 0 0
0 1 109 28 0 0
0 1 76 10 0 0
0 1 66 10 0 0
0 1 77 60 0 0
0 1 110 11 0 0
0 1 53 30 0 0
0 1 104 45 0 0
0 1 127 35 0 0
0 1 65 38 0 0
0 1 42 54 0 0
0 1 40 12 0 0
0 1 5 40 0 0
0 1 99 22 0 0
0 1 31 50 0 0
0 1 84 42 0 0
0 1 43 31 0 0
0 1 24 43 0 0
0 1 124 56 0 0
0 1 71 62 0 0
0 1 30 12 0 0
0 1 22 59 0 0
0 1 103 46 0 0
0 1 18 62 0 0
0 1 75 6 0 0
0 1 108 16 0 0
0 1 49 56 0 0
0 1 97 22 0 0
0 1 19 26 0 0
0 1 116 24 0 0
0 1 90 55 0 0
0 1 107 18 0 0
0 1 47 42 0 0
0 1 92 52 0 0
0 1 94 64 0 0
0 1 15 7 0 0
0 1 26 20 0 0
0 1 38 44 0 0
0 1 77 43 0 0
0 1 96 41 0 0
0 1 88 53 0 0
0 1 73 42 0 0
0 1 34 35 0 0
0 1 19 0 0 0
0 1 10 27 0 0
0 1 69 32 0 0
0 1 43 60 0 0
0 1 34 9 0 0
0 1 52 37 0 0
0 1 48 9 0 0
0 1 98 32 0 0
0 1 61 40 0 0
0 1 25 8 0 0
0 1 22 32 0 0
0 1 69 21 0 0
0 1 122 49 0 0
0 1 3 29 0 0
0 1 46 20 0 0
0 1 6 11 0 0
0 1 72 33 0 0
0 1 125 49 0 0
0 1 94 13 0 0
0 1 16 19 0 0
0 1 114 43 0 0
0 1 52 36 0 0
0 1 25 51 0 0
0 1 123 8 0 0
0 1 111 41 0 0
0 1 117 5 0 0
0 1 64 34 0 0
0 1 115 28 0 0
0 1 70 0 0 0
0 1 59 4 0 0
0 1 120 31 0 0
0 1 54 2 0 0
0 1 39 34 0 0
0 1 39 7 0 0
0 1 105 28 0 0
0 1 36 27 0 0
0 1 122 13 0 0
0 1 31 15 0 0
0 1 108 17 0 0
0 1 56 58 0 0
0 1 71 19 0 0
0 1 57 38 0 0
0 1 55 22 0 0
0 1 119 10 0 0
0 1 58 39 0 0
