0 1 3 7 0 0
0 1 8 48 0 0
0 1 14 36 0 0
0 1 21 21 0 0
0 1 23 5 0 0
0 1 32 13 0 0
0 1 32 20 0 0
0 1 34 44 0 0
0 1 45 20 0 0
0 1 57 45 0 0
0 1 66 3 0 0
0 1 71 16 0 0
0 1 72 23 0 0
0 1 80 27 0 0
0 1 84 4 0 0
0 1 86 33 0 0
0 1 98 15 0 0
0 1 99 35 0 0
0 1 101 59 0 0
0 1 102 57 0 0
0 1 104 64 0 0
0 1 115 2 0 0
0 1 1 11 0 0
0 1 20 57 0 0
0 1 27 10 0 0
0 1 27 49 0 0
0 1 47 17 0 0
0 1 54 16 0 0
0 1 58 11 0 0
0 1 66 19 0 0
0 1 86 12 0 0
0 1 96 19 0 0
0 1 112 40 0 0
0 1 124 52 0 0
0 1 126 42 0 0
0 1 12 64 0 0
0 1 40 58 0 0
0 1 43 25 0 0
0 1 105 9 0 0
0 1 128 8 0 0
0 1 4 39 0 0
0 1 13 51 0 0
0 1 55 10 0 0
0 1 63 41 0 0
0 1 129 52 0 0
0 1 36 1 0 0
0 1 37 60 0 0
0 1 41 29 0 0
0 1 48 14 0 0
0 1 80 9 0 0
0 1 97 2 0 0
0 1 38 39 0 0
0 1 61 36 0 0
0 1 17 38 0 0
0 1 4 39 0 0
0 1 91 20 0 0
0 1 3 26 0 0
0 1 35 6 0 0
0 1 36 52 0 0
0 1 116 48 0 0
0 1 117 14 0 0
0 1 46 36 0 0
0 1 50 19 0 0
0 1 59 55 0 0
0 1 24 2 0 0
0 1 60 57 0 0
0 1 35 45 0 0
0 1 0 22 0 0
0 1 78 49 0 0
0 1 125 59 0 0
0 1 0 23 0 0
0 1 111 44 0 0
0 1 94 13 0 0
0 1 65 16 0 0
0 1 114 22 0 0
0 1 72 6 0 0
0 1 49 24 0 0
0 1 90 47 0 0
0 1 26 61 0 0
0 1 31 51 0 0
0 1 64 14 0 0
0 1 113 61 0 0
0 1 93 14 0 0
0 1 13 43 0 0
0 1 122 9 0 0
0 1 1 60 0 0
0 1 105 50 0 0
0 1 78 40 0 0
0 1 17 20 0 0
0 1 53 32 0 0
0 1 51 28 0 0
0 1 12 53 0 0
0 1 115 35 0 0
0 1 25 24 0 0
0 1 49 56 0 0
0 1 20 1 0 0
0 1 87 13 0 0
0 1 28 0 0 0
0 1 85 44 0 0
0 1 60 31 0 0
0 1 101 33 0 0
0 1 69 41 0 0
0 1 22 54 0 0
0 1 44 63 0 0
0 1 106 63 0 0
0 1 126 46 0 0
0 1 57 3 0 0
0 1 56 58 0 0
0 1 54 42 0 0
0 1 64 33 0 0
0 1 104 4 0 0
0 1 96 1 0 0
0 1 108 34 0 0
0 1 19 38 0 0
0 1 103 11 0 0
0 1 119 38 0 0
0 1 70 43 0 0
0 1 114 5 0 0
0 1 92 0 0 0
0 1 37 5 0 0
0 1 42 41 0 0
0 1 14 34 0 0
0 1 41 24 0 0
0 1 81 50 0 0
0 1 73 40 0 0
0 1 113 7 0 0
0 1 118 36 0 0
0 1 67 17 0 0
0 1 74 46 0 0
0 1 24 2 0 0
0 1 52 37 0 0
0 1 76 41 0 0
0 1 119 10 0 0
0 1 98 34 0 0
0 1 76 0 0 0
0 1 124 50 0 0
0 1 18 28 0 0
0 1 30 5 0 0
0 1 29 15 0 0
0 1 62 28 0 0
0 1 7 52 0 0
0 1 81 12 0 0
0 1 6 46 0 0
0 1 19 22 0 0
0 1 108 49 0 0
0 1 90 64 0 0
0 1 127 28 0 0
0 1 94 57 0 0
0 1 68 49 0 0
0 1 56 39 0 0
0 1 58 53 0 0
0 1 100 33 0 0
0 1 30 18 0 0
0 1 23 62 0 0
0 1 7 60 0 0
0 1 116 6 0 0
0 1 16 40 0 0
0 1 95 51 0 0
0 1 127 62 0 0
0 1 93 0 0 0
0 1 77 12 0 0
0 1 75 53 0 0
0 1 44 55 0 0
0 1 100 59 0 0
0 1 128 17 0 0
0 1 123 21 0 0
0 1 31 54 0 0
0 1 85 18 0 0
0 1 91 61 0 0
0 1 97 10 0 0
0 1 121 50 0 0
0 1 50 24 0 0
0 1 123 29 0 0
0 1 15 29 0 0
0 1 26 48 0 0
0 1 55 12 0 0
0 1 73 27 0 0
0 1 10 4 0 0
0 1 117 4 0 0
0 1 106 11 0 0
0 1 15 7 0 0
0 1 87 18 0 0
0 1 82 64 0 0
0 1 39 35 0 0
0 1 107 19 0 0
0 1 33 37 0 0
0 1 83 59 0 0
0 1 88 45 0 0
0 1 34 27 0 0
0 1 122 32 0 0
0 1 70 22 0 0
0 1 77 25 0 0
0 1 18 26 0 0
0 1 25 51 0 0
