0 1 4 17 0 0
0 1 9 0 0 0
0 1 10 10 0 0
0 1 11 47 0 0
0 1 20 61 0 0
0 1 25 60 0 0
0 1 31 57 0 0
0 1 49 13 0 0
0 1 50 44 0 0
0 1 56 3 0 0
0 1 58 45 0 0
0 1 59 15 0 0
0 1 81 7 0 0
0 1 85 47 0 0
0 1 97 6 0 0
0 1 100 30 0 0
0 1 105 37 0 0
0 1 113 54 0 0
0 1 114 17 0 0
0 1 116 28 0 0
0 1 0 49 0 0
0 1 12 12 0 0
0 1 39 40 0 0
0 1 41 59 0 0
0 1 43 64 0 0
0 1 74 29 0 0
0 1 119 4 0 0
0 1 124 20 0 0
0 1 32 30 0 0
0 1 53 2 0 0
0 1 59 10 0 0
0 1 107 32 0 0
0 1 17 47 0 0
0 1 103 44 0 0
0 1 8 31 0 0
0 1 15 5 0 0
0 1 28 24 0 0
0 1 41 58 0 0
0 1 46 18 0 0
0 1 90 27 0 0
0 1 119 39 0 0
0 1 127 47 0 0
0 1 14 16 0 0
0 1 24 33 0 0
0 1 24 55 0 0
0 1 63 9 0 0
0 1 84 0 0 0
0 1 63 15 0 0
0 1 15 7 0 0
0 1 78 54 0 0
0 1 16 21 0 0
0 1 21 51 0 0
0 1 64 14 0 0
0 1 11 59 0 0
0 1 26 42 0 0
0 1 38 55 0 0
0 1 77 14 0 0
0 1 3 40 0 0
0 1 51 2 0 0
0 1 47 16 0 0
0 1 75 5 0 0
0 1 102 44 0 0
0 1 67 41 0 0
0 1 3 5 0 0
0 1 17 32 0 0
0 1 4 36 0 0
0 1 33 3 0 0
0 1 121 36 0 0
0 1 121 3 0 0
0 1 13 48 0 0
0 1 70 50 0 0
0 1 37 1 0 0
0 1 70 22 0 0
0 1 85 38 0 0
0 1 92 38 0 0
0 1 57 14 0 0
0 1 40 35 0 0
0 1 123 50 0 0
0 1 82 9 0 0
0 1 96 51 0 0
0 1 32 35 0 0
0 1 86 60 0 0
0 1 42 35 0 0
0 1 34 52 0 0
0 1 23 34 0 0
0 1 126 11 0 0
0 1 80 18 0 0
0 1 12 23 0 0
0 1 48 39 0 0
0 1 6 27 0 0
0 1 82 50 0 0
0 1 50 11 0 0
0 1 103 4 0 0
0 1 65 21 0 0
0 1 60 62 0 0
0 1 111 12 0 0
0 1 77 34 0 0
0 1 99 55 0 0
0 1 13 61 0 0
0 1 63 6 0 0
0 1 47 42 0 0
0 1 98 12 0 0
0 1 66 43 0 0
0 1 127 18 0 0
0 1 6 58 0 0
0 1 112 7 0 0
0 1 71 6 0 0
0 1 43 8 0 0
0 1 18 31 0 0
0 1 18 37 0 0
0 1 69 49 0 0
0 1 53 60 0 0
0 1 65 25 0 0
0 1 105 62 0 0
0 1 72 1 0 0
0 1 14 45 0 0
0 1 29 40 0 0
0 1 115 29 0 0
0 1 129 58 0 0
0 1 29 13 0 0
0 1 71 59 0 0
0 1 87 34 0 0
0 1 98 22 0 0
0 1 19 12 0 0
0 1 112 33 0 0
0 1 62 64 0 0
0 1 76 51 0 0
0 1 90 22 0 0
0 1 27 63 0 0
0 1 89 24 0 0
0 1 45 23 0 0
0 1 22 29 0 0
0 1 117 63 0 0
0 1 111 34 0 0
0 1 57 2 0 0
0 1 36 57 0 0
0 1 62 28 0 0
0 1 124 33 0 0
0 1 46 11 0 0
0 1 87 55 0 0
0 1 20 37 0 0
0 1 38 6 0 0
0 1 114 1 0 0
0 1 79 19 0 0
0 1 125 45 0 0
0 1 48 13 0 0
0 1 52 64 0 0
0 1 101 49 0 0
0 1 36 57 0 0
0 1 27 46 0 0
0 1 95 63 0 0
0 1 22 33 0 0
0 1 94 28 0 0
0 1 5 45 0 0
0 1 26 62 0 0
0 1 26 39 0 0
0 1 16 48 0 0
0 1 7 13 0 0
0 1 49 53 0 0
0 1 30 43 0 0
0 1 115 24 0 0
0 1 129 2 0 0
0 1 68 46 0 0
0 1 73 7 0 0
0 1 1 31 0 0
0 1 107 35 0 0
0 1 5 43 0 0
0 1 89 52 0 0
0 1 28 31 0 0
0 1 120 36 0 0
0 1 100 54 0 0
0 1 88 49 0 0
0 1 109 42 0 0
0 1 109 23 0 0
0 1 125 41 0 0
0 1 79 30 0 0
0 1 92 19 0 0
0 1 81 41 0 0
0 1 106 19 0 0
0 1 19 38 0 0
0 1 45 0 0 0
0 1 76 14 0 0
0 1 104 3 0 0
0 1 25 4 0 0
0 1 108 25 0 0
0 1 35 28 0 0
0 1 117 22 0 0
0 1 39 17 0 0
0 1 75 64 0 0
