0 1 24 45 0 0
0 1 110 30 0 3
0 1 112 29 1 4
0 1 44 19 0 3
0 1 47 36 0 0
0 1 90 47 0 4
0 1 16 35 0 2
0 1 24 35 1 0
0 1 1 40 1 2
0 1 50 39 0 1
0 1 27 51 0 3
0 1 36 20 0 3
0 1 77 3 1 4
0 1 40 24 0 1
0 1 75 33 1 3
0 1 120 40 1 0
0 1 113 4 0 4
0 1 62 41 0 4
0 1 25 16 1 3
0 1 123 18 0 3
0 1 97 6 1 0
0 1 47 10 1 4
0 1 100 23 0 4
0 1 43 32 0 1
0 1 48 13 1 2
0 1 131 27 1 3
0 1 20 36 0 4
0 1 2 9 1 1
0 1 56 19 0 2
0 1 116 13 0 1
0 1 81 18 0 1
0 1 63 53 0 0
0 1 76 23 1 1
0 1 118 22 1 1
0 1 84 2 1 3
0 1 119 8 1 2
0 1 136 42 1 3
0 1 54 3 1 0
0 1 65 51 1 4
0 1 99 22 1 4
0 1 17 53 0 2
0 1 22 43 1 2
0 1 4 21 1 4
0 1 20 25 1 4
0 1 98 37 0 2
0 1 110 20 1 1
0 1 94 10 1 0
0 1 103 40 1 1
0 1 77 42 0 2
0 1 13 15 1 2
0 1 57 0 0 1
0 1 64 41 1 3
0 1 32 9 1 4
0 1 33 0 0 0
0 1 137 24 0 2
0 1 73 44 0 4
0 1 88 0 0 4
0 1 72 40 1 4
0 1 34 45 1 4
0 1 38 30 0 1
0 1 136 27 0 0
0 1 45 12 0 3
0 1 128 31 0 4
0 1 88 37 1 4
0 1 115 17 1 3
0 1 39 39 1 3
0 1 69 4 1 1
0 1 135 16 1 1
0 1 43 16 1 4
0 1 106 6 0 3
0 1 18 29 1 2
0 1 19 26 0 2
0 1 122 26 0 4
0 1 125 18 0 0
0 1 95 33 1 0
0 1 4 19 0 0
0 1 66 29 1 1
0 1 128 6 1 2
0 1 2 41 0 0
0 1 60 39 1 0
0 1 71 52 0 4
0 1 104 41 1 1
0 1 127 46 1 1
0 1 134 19 1 1
0 1 6 23 0 0
0 1 114 1 0 0
0 1 137 39 1 2
0 1 135 20 0 2
0 1 132 14 0 4
0 1 107 46 1 0
0 1 18 26 0 3
0 1 122 49 1 2
0 1 105 12 1 4
0 1 26 30 0 2
0 1 52 30 0 4
0 1 131 36 0 2
0 1 33 12 1 2
0 1 109 21 0 0
0 1 55 49 1 1
0 1 45 18 1 2
0 1 21 47 1 3
0 1 36 43 1 0
0 1 80 50 0 4
0 1 83 25 1 2
0 1 70 42 0 4
0 1 65 48 0 4
0 1 82 54 1 3
0 1 40 34 1 4
0 1 29 25 1 3
0 1 99 21 0 2
0 1 7 28 1 1
0 1 66 14 0 0
0 1 16 55 1 4
0 1 9 15 0 3
0 1 15 47 1 0
0 1 139 15 0 1
0 1 102 50 1 1
0 1 5 46 1 2
0 1 5 28 0 0
0 1 49 17 1 0
0 1 134 50 0 3
0 1 21 32 0 2
0 1 48 17 0 2
0 1 58 39 1 4
0 1 111 29 0 0
0 1 1 22 0 2
0 1 108 10 1 3
0 1 55 36 0 3
0 1 69 54 0 2
0 1 123 21 1 1
0 1 26 6 1 4
0 1 28 2 0 4
0 1 23 38 1 2
0 1 121 55 1 3
0 1 37 11 1 0
0 1 56 22 1 0
0 1 100 0 1 2
0 1 30 10 0 1
0 1 61 33 1 2
0 1 58 17 0 4
0 1 28 2 1 2
0 1 27 7 1 0
0 1 96 34 1 0
0 1 32 37 0 0
0 1 82 37 0 1
0 1 90 28 1 2
0 1 51 1 0 4
0 1 14 49 1 0
0 1 86 31 1 2
0 1 54 32 0 3
0 1 81 9 1 2
0 1 127 18 0 4
0 1 117 43 1 3
0 1 111 4 1 0
0 1 68 8 0 0
0 1 126 52 1 2
0 1 91 21 0 3
0 1 86 52 0 3
0 1 3 28 1 3
0 1 107 14 0 1
0 1 93 11 0 3
0 1 22 53 0 3
0 1 8 45 0 3
0 1 109 51 1 0
0 1 129 30 0 0
0 1 104 3 0 2
0 1 108 27 0 4
0 1 101 53 1 1
0 1 42 48 0 0
0 1 31 55 1 1
0 1 39 55 0 2
0 1 92 16 0 2
0 1 53 35 1 4
0 1 34 31 0 0
0 1 133 44 1 0
0 1 74 3 1 1
0 1 52 11 1 1
0 1 13 43 0 4
0 1 119 31 0 3
0 1 133 4 0 2
0 1 8 38 1 4
0 1 25 47 0 2
0 1 30 34 1 1
0 1 67 48 0 1
0 1 94 35 0 3
0 1 138 54 0 1
0 1 11 12 0 1
0 1 120 22 0 3
0 1 126 54 0 0
0 1 29 13 0 3
0 1 7 8 0 4
0 1 12 24 0 3
0 1 102 32 0 4
0 1 98 36 1 1
0 1 63 46 1 3
0 1 0 37 1 3
0 1 87 51 0 2
0 1 10 7 1 1
0 1 3 42 0 1
0 1 42 29 1 3
0 1 89 35 1 1
0 1 85 8 0 1
0 1 49 32 0 0
0 1 50 50 1 2
0 1 78 28 0 4
0 1 105 14 0 2
0 1 46 24 0 0
0 1 121 20 0 4
0 1 19 47 1 1
0 1 44 11 1 4
0 1 71 46 1 4
0 1 129 15 1 0
0 1 37 20 0 0
0 1 23 12 0 0
0 1 6 5 1 2
0 1 78 6 1 1
0 1 59 5 1 0
0 1 80 42 1 0
0 1 72 55 0 0
0 1 130 13 1 4
0 1 106 11 1 2
0 1 35 1 0 3
0 1 38 24 1 4
0 1 92 2 1 1
0 1 14 48 0 3
0 1 93 41 1 2
0 1 60 19 0 4
0 1 67 38 1 0
0 1 10 53 0 4
0 1 76 38 0 1
0 1 139 52 1 1
0 1 11 4 1 3
0 1 31 15 0 4
0 1 101 26 0 1
0 1 85 17 1 1
0 1 87 1 1 2
0 1 61 7 0 4
0 1 103 44 0 2
0 1 124 1 0 1
0 1 125 7 1 3
0 1 41 26 0 0
0 1 68 45 1 2
0 1 79 49 0 4
0 1 41 25 1 1
0 1 91 34 1 3
0 1 9 14 1 3
0 1 138 54 1 4
0 1 12 2 1 0
0 1 17 48 1 2
0 1 132 43 1 1
0 1 115 31 0 1
0 1 75 5 0 4
0 1 73 51 1 1
0 1 64 23 0 2
0 1 84 34 0 2
0 1 83 13 0 0
0 1 97 38 0 3
0 1 117 40 0 3
0 1 62 27 1 1
0 1 51 10 1 2
0 1 95 45 0 1
0 1 130 33 0 1
0 1 112 23 0 3
0 1 74 16 0 0
0 1 0 52 0 0
0 1 113 44 1 1
0 1 114 50 1 0
0 1 57 8 1 3
0 1 96 0 0 3
0 1 89 7 0 2
0 1 35 49 1 3
0 1 15 44 0 3
0 1 59 9 0 0
0 1 116 25 1 0
0 1 53 3 0 3
0 1 46 9 1 3
0 1 118 5 0 1
0 1 79 27 1 2
0 1 70 33 1 4
0 1 124 5 1 3
