0 1 122 45 0 3
0 1 99 36 1 1
0 1 120 33 1 1
0 1 64 16 1 3
0 1 117 39 0 4
0 1 112 38 1 1
0 1 62 20 1 0
0 1 98 34 0 3
0 1 66 12 0 1
0 1 35 16 0 4
0 1 15 8 1 1
0 1 80 31 1 4
0 1 30 49 1 3
0 1 113 46 1 0
0 1 54 19 1 3
0 1 89 26 0 4
0 1 38 0 1 2
0 1 81 34 1 4
0 1 30 18 0 4
0 1 73 39 1 0
0 1 7 3 1 1
0 1 54 27 0 0
0 1 8 16 1 2
0 1 26 38 0 2
0 1 23 23 1 4
0 1 89 38 1 3
0 1 45 2 1 2
0 1 121 52 0 1
0 1 111 32 0 1
0 1 66 42 1 2
0 1 95 5 0 0
0 1 57 53 0 3
0 1 1 23 0 1
0 1 18 15 1 1
0 1 74 30 0 1
0 1 130 40 1 0
0 1 35 5 1 1
0 1 76 55 1 0
0 1 12 7 0 3
0 1 93 28 0 2
0 1 82 44 1 0
0 1 33 27 0 4
0 1 1 33 1 4
0 1 5 11 0 2
0 1 133 27 1 2
0 1 109 37 1 2
0 1 21 32 1 3
0 1 86 1 1 4
0 1 75 18 0 2
0 1 130 15 0 4
0 1 115 7 1 2
0 1 96 45 1 0
0 1 32 42 1 0
0 1 2 9 0 4
0 1 83 41 1 4
0 1 72 24 1 4
0 1 52 55 1 4
0 1 122 23 1 3
0 1 65 44 0 4
0 1 0 11 0 0
0 1 103 6 1 3
0 1 92 55 0 1
0 1 85 53 0 1
0 1 7 40 0 3
0 1 115 13 0 2
0 1 120 35 0 4
0 1 91 27 0 1
0 1 83 33 0 3
0 1 63 48 1 4
0 1 67 12 1 3
0 1 20 16 1 0
0 1 65 11 1 4
0 1 44 0 0 0
0 1 16 0 0 3
0 1 21 31 0 2
0 1 97 7 0 4
0 1 138 49 0 2
0 1 101 28 1 1
0 1 63 53 0 4
0 1 46 32 1 2
0 1 128 51 0 4
0 1 50 50 0 3
0 1 126 38 1 0
0 1 69 34 0 2
0 1 92 43 1 2
0 1 67 9 0 0
0 1 59 4 0 3
0 1 9 6 0 0
0 1 28 37 1 4
0 1 134 10 0 1
0 1 61 50 0 1
0 1 31 24 0 1
0 1 131 17 0 1
0 1 113 31 0 3
0 1 87 42 1 4
0 1 13 29 1 0
0 1 102 32 1 4
0 1 124 24 1 0
0 1 41 2 0 0
0 1 134 26 1 1
0 1 22 40 1 2
0 1 100 4 0 4
0 1 29 33 0 2
0 1 2 24 1 3
0 1 42 13 1 4
0 1 53 39 1 3
0 1 73 6 0 1
0 1 34 53 0 2
0 1 20 30 0 3
0 1 124 21 0 1
0 1 132 41 1 3
0 1 49 19 1 4
0 1 48 54 1 3
0 1 118 3 0 4
0 1 118 10 1 0
0 1 41 44 1 1
0 1 106 3 1 0
0 1 105 0 1 4
0 1 128 29 1 1
0 1 136 10 0 2
0 1 135 21 0 0
0 1 50 9 1 3
0 1 94 4 0 1
0 1 24 46 1 1
0 1 71 8 1 0
0 1 36 26 1 3
0 1 40 51 0 3
0 1 57 51 1 0
0 1 46 29 0 3
0 1 137 49 0 0
0 1 19 21 0 2
0 1 71 33 0 0
0 1 18 45 0 1
0 1 62 2 0 4
0 1 48 48 0 1
0 1 74 37 1 1
0 1 17 54 1 2
0 1 99 10 0 4
0 1 119 25 1 1
0 1 90 1 0 3
0 1 102 11 0 3
0 1 51 52 0 3
0 1 119 18 0 0
0 1 132 45 0 4
0 1 34 4 1 2
0 1 0 38 1 4
0 1 100 7 1 0
0 1 15 22 0 1
0 1 109 12 0 2
0 1 33 50 1 4
0 1 17 8 0 4
0 1 25 22 0 3
0 1 43 50 0 2
0 1 79 54 0 4
0 1 125 18 1 1
0 1 31 55 1 3
0 1 77 8 0 2
0 1 61 9 1 2
0 1 94 1 1 0
0 1 14 29 1 2
0 1 32 31 0 0
0 1 93 14 1 1
0 1 26 22 1 2
0 1 47 22 1 4
0 1 91 36 1 2
0 1 6 21 1 3
0 1 56 43 0 1
0 1 79 52 1 0
0 1 3 28 1 0
0 1 139 41 0 0
0 1 81 25 0 3
0 1 27 48 0 2
0 1 44 25 1 0
0 1 60 43 1 3
0 1 95 40 1 1
0 1 72 21 0 4
0 1 105 13 0 0
0 1 39 12 1 0
0 1 47 49 0 1
0 1 87 53 0 0
0 1 70 42 0 3
0 1 111 13 1 3
0 1 53 46 0 4
0 1 135 3 1 3
0 1 68 50 1 0
0 1 4 6 1 4
0 1 116 19 1 0
0 1 52 31 0 1
0 1 104 15 0 0
0 1 55 49 0 4
0 1 121 15 1 3
0 1 27 28 1 3
0 1 96 7 0 1
0 1 68 3 0 2
0 1 80 35 0 3
0 1 107 25 0 2
0 1 77 18 1 3
0 1 127 1 1 2
0 1 78 34 1 1
0 1 40 40 1 4
0 1 4 14 0 3
0 1 36 36 0 4
0 1 123 17 0 2
0 1 19 25 1 4
0 1 37 47 0 1
0 1 97 30 1 0
0 1 38 20 0 3
0 1 98 45 1 2
0 1 123 5 1 2
0 1 56 16 1 1
0 1 84 54 1 0
0 1 133 47 0 4
0 1 108 35 0 1
0 1 25 22 1 0
0 1 137 28 1 4
0 1 114 36 1 3
0 1 45 15 0 2
0 1 55 34 1 0
0 1 12 47 1 3
0 1 11 17 0 0
0 1 13 48 0 3
0 1 86 46 0 3
0 1 70 55 1 2
0 1 78 24 0 2
0 1 108 36 1 0
0 1 112 47 0 0
0 1 24 44 0 2
0 1 69 23 1 0
0 1 84 48 0 0
0 1 5 23 1 2
0 1 43 26 1 0
0 1 82 5 0 4
0 1 75 9 1 1
0 1 16 20 1 4
0 1 88 37 0 3
0 1 129 2 1 1
0 1 60 20 0 2
0 1 9 35 1 2
0 1 6 14 0 0
0 1 85 41 1 2
0 1 22 19 0 2
0 1 10 47 0 2
0 1 64 10 0 3
0 1 37 2 1 3
0 1 59 51 1 2
0 1 11 44 1 3
0 1 139 0 1 1
0 1 110 39 0 1
0 1 90 29 1 4
0 1 42 14 0 4
0 1 125 42 0 1
0 1 58 17 1 3
0 1 101 11 0 1
0 1 8 12 0 4
0 1 138 54 1 1
0 1 131 26 1 2
0 1 76 46 0 2
0 1 110 37 1 0
0 1 58 4 0 0
0 1 114 1 0 1
0 1 116 35 0 0
0 1 88 52 1 2
0 1 10 32 1 0
0 1 28 39 0 2
0 1 39 20 0 1
0 1 23 6 0 2
0 1 29 14 1 2
0 1 107 43 1 4
0 1 103 19 0 1
0 1 49 41 0 1
0 1 104 17 1 4
0 1 127 27 0 3
0 1 126 8 0 3
0 1 3 43 0 0
0 1 51 51 1 1
0 1 117 5 1 3
0 1 136 52 1 4
0 1 14 30 0 2
0 1 129 13 0 1
0 1 106 30 0 4
