0 1 34 28 0 0
0 1 20 53 0 4
0 1 21 17 1 1
0 1 22 41 1 2
0 1 36 4 0 1
0 1 88 30 0 1
0 1 63 15 1 2
0 1 101 52 1 0
0 1 74 47 1 1
0 1 20 25 1 3
0 1 125 45 1 1
0 1 99 21 0 4
0 1 39 38 1 1
0 1 50 1 1 4
0 1 7 38 1 4
0 1 13 47 0 3
0 1 8 33 1 1
0 1 110 19 1 4
0 1 0 12 0 2
0 1 83 55 1 4
0 1 40 24 1 2
0 1 128 17 1 4
0 1 1 30 0 4
0 1 1 33 1 3
0 1 87 27 0 3
0 1 129 34 1 1
0 1 104 18 1 1
0 1 53 10 1 1
0 1 112 16 0 2
0 1 21 44 0 4
0 1 43 49 0 4
0 1 28 42 0 1
0 1 106 12 0 0
0 1 92 22 1 0
0 1 93 13 0 1
0 1 68 41 0 3
0 1 19 48 1 1
0 1 75 29 1 4
0 1 49 26 1 2
0 1 86 32 1 2
0 1 130 8 0 0
0 1 84 55 0 3
0 1 93 27 1 0
0 1 64 36 1 4
0 1 100 10 1 2
0 1 46 53 1 2
0 1 55 2 0 3
0 1 25 47 1 2
0 1 118 5 1 0
0 1 115 40 0 2
0 1 0 7 1 4
0 1 98 20 1 3
0 1 133 27 1 1
0 1 94 29 0 1
0 1 12 49 1 3
0 1 91 12 1 4
0 1 31 32 0 1
0 1 18 36 1 2
0 1 26 12 0 1
0 1 72 20 0 0
0 1 34 0 1 3
0 1 138 0 1 2
0 1 121 50 1 3
0 1 17 22 1 3
0 1 117 54 1 4
0 1 123 9 0 3
0 1 134 50 1 1
0 1 71 50 0 0
0 1 109 10 0 0
0 1 65 49 1 1
0 1 10 39 1 0
0 1 25 25 0 4
0 1 52 33 1 2
0 1 98 18 0 4
0 1 103 35 0 1
0 1 41 54 0 0
0 1 137 10 1 3
0 1 105 5 0 3
0 1 127 38 0 3
0 1 118 11 0 4
0 1 5 53 0 3
0 1 77 22 0 1
0 1 58 34 0 0
0 1 72 43 1 4
0 1 42 33 0 0
0 1 112 18 1 0
0 1 29 4 0 2
0 1 136 3 1 4
0 1 111 35 1 4
0 1 104 48 0 0
0 1 76 44 1 2
0 1 57 39 1 2
0 1 52 37 0 0
0 1 138 7 0 3
0 1 16 6 1 1
0 1 83 13 0 3
0 1 7 8 0 2
0 1 85 16 0 0
0 1 95 46 1 4
0 1 92 55 0 0
0 1 74 43 0 1
0 1 135 13 0 2
0 1 113 11 0 0
0 1 87 8 1 3
0 1 17 39 0 4
0 1 3 21 1 2
0 1 96 0 0 4
0 1 11 3 1 1
0 1 79 21 1 3
0 1 106 16 1 1
0 1 135 36 1 0
0 1 80 9 0 1
0 1 66 14 1 0
0 1 62 35 0 0
0 1 82 49 0 2
0 1 131 53 0 0
0 1 62 51 1 3
0 1 59 30 0 0
0 1 100 47 0 4
0 1 15 42 0 4
0 1 124 9 0 2
0 1 10 24 0 0
0 1 35 17 0 0
0 1 35 5 1 2
0 1 114 41 1 4
0 1 69 45 0 0
0 1 46 24 0 3
0 1 86 21 0 1
0 1 108 27 1 2
0 1 126 55 1 1
0 1 51 19 1 2
0 1 97 31 0 4
0 1 38 34 1 4
0 1 107 20 0 4
0 1 115 46 1 3
0 1 61 2 1 1
0 1 32 42 0 0
0 1 64 48 0 4
0 1 56 29 1 3
0 1 78 14 0 2
0 1 114 50 0 4
0 1 47 23 0 1
0 1 73 13 1 0
0 1 8 14 0 4
0 1 84 29 1 0
0 1 101 12 0 3
0 1 103 44 1 0
0 1 24 37 1 2
0 1 139 51 1 0
0 1 58 28 1 3
0 1 6 23 1 2
0 1 85 17 1 3
0 1 131 22 1 4
0 1 88 40 1 4
0 1 67 54 1 3
0 1 120 5 0 1
0 1 60 18 0 3
0 1 75 17 0 2
0 1 122 3 1 3
0 1 44 1 1 2
0 1 125 33 0 4
0 1 48 45 0 4
0 1 128 15 0 4
0 1 44 7 0 1
0 1 51 51 0 2
0 1 31 47 1 0
0 1 77 11 1 1
0 1 37 37 1 1
0 1 137 26 0 3
0 1 76 9 0 0
0 1 81 45 1 3
0 1 43 2 1 0
0 1 33 27 0 4
0 1 67 40 0 1
0 1 2 0 1 0
0 1 40 21 0 0
0 1 50 34 0 3
0 1 56 23 0 0
0 1 69 3 1 2
0 1 66 40 0 0
0 1 42 43 1 0
0 1 4 28 1 2
0 1 11 39 0 1
0 1 102 23 0 3
0 1 45 48 1 2
0 1 18 48 0 3
0 1 89 4 0 4
0 1 109 52 1 1
0 1 47 25 1 1
0 1 89 46 1 2
0 1 2 19 0 1
0 1 116 53 0 1
0 1 134 11 0 3
0 1 27 26 0 4
0 1 33 26 1 1
0 1 23 51 1 1
0 1 48 55 1 2
0 1 3 49 0 0
0 1 39 32 0 3
0 1 15 41 1 1
0 1 14 51 0 4
0 1 59 38 1 0
0 1 54 24 0 4
0 1 80 1 1 1
0 1 22 7 0 0
0 1 95 10 0 4
0 1 123 11 1 2
0 1 49 52 0 4
0 1 19 44 0 3
0 1 45 1 0 0
0 1 132 32 0 0
0 1 129 15 0 3
0 1 70 46 0 0
0 1 30 6 1 4
0 1 28 20 1 1
0 1 124 8 1 1
0 1 132 26 1 0
0 1 117 25 0 0
0 1 65 36 0 3
0 1 119 2 1 4
0 1 127 9 1 4
0 1 24 20 0 2
0 1 78 31 1 0
0 1 97 14 1 1
0 1 81 42 0 2
0 1 71 35 1 3
0 1 61 31 0 2
0 1 136 8 0 4
0 1 41 18 1 2
0 1 79 16 0 4
0 1 94 6 1 0
0 1 16 38 0 2
0 1 53 3 0 0
0 1 9 54 0 1
0 1 32 41 1 0
0 1 57 15 0 1
0 1 105 23 1 4
0 1 139 5 0 4
0 1 30 6 0 3
0 1 108 1 0 3
0 1 68 2 1 2
0 1 107 39 1 3
0 1 96 34 1 2
0 1 54 52 1 3
0 1 120 28 1 4
0 1 36 4 1 3
0 1 90 22 0 2
0 1 91 43 0 2
0 1 90 37 1 3
0 1 6 7 0 2
0 1 26 19 1 0
0 1 12 31 0 3
0 1 130 52 1 2
0 1 126 19 0 3
0 1 29 30 1 2
0 1 13 28 1 1
0 1 102 25 1 2
0 1 82 45 1 2
0 1 37 30 0 3
0 1 27 4 1 0
0 1 5 37 1 4
0 1 119 35 0 2
0 1 55 13 1 4
0 1 111 40 0 3
0 1 121 32 0 4
0 1 122 42 0 3
0 1 60 15 1 0
0 1 9 6 1 2
0 1 4 24 0 1
0 1 110 54 0 2
0 1 116 44 1 1
0 1 63 50 0 2
0 1 73 16 0 3
0 1 99 31 1 1
0 1 38 14 0 3
0 1 70 29 1 2
0 1 133 36 0 1
0 1 23 43 0 3
0 1 113 0 1 1
0 1 14 46 1 1
