0 1 53 51 1 1
0 1 1 30 0 2
0 1 15 22 1 4
0 1 49 1 0 0
0 1 70 6 0 1
0 1 93 6 0 0
0 1 62 24 1 3
0 1 106 23 1 2
0 1 79 45 0 3
0 1 132 21 0 3
0 1 130 51 0 2
0 1 65 44 0 1
0 1 112 52 0 2
0 1 115 10 0 0
0 1 31 21 1 0
0 1 11 1 0 3
0 1 44 43 1 1
0 1 74 42 0 4
0 1 61 44 0 0
0 1 13 1 1 1
0 1 109 6 1 4
0 1 63 46 0 2
0 1 33 9 1 0
0 1 101 14 1 1
0 1 113 19 0 3
0 1 111 19 0 1
0 1 34 1 0 2
0 1 98 0 0 4
0 1 18 16 1 4
0 1 78 23 1 3
0 1 123 18 1 1
0 1 73 23 1 4
0 1 63 27 1 1
0 1 90 47 0 1
0 1 48 43 0 2
0 1 122 6 0 2
0 1 29 35 0 2
0 1 52 54 1 1
0 1 80 12 1 3
0 1 55 4 1 4
0 1 88 49 1 4
0 1 21 54 1 0
0 1 29 2 1 2
0 1 69 0 0 2
0 1 37 39 1 0
0 1 75 22 0 3
0 1 57 4 1 0
0 1 61 13 1 4
0 1 5 2 1 4
0 1 84 17 1 4
0 1 113 18 1 4
0 1 14 48 1 0
0 1 107 33 1 3
0 1 102 34 0 2
0 1 131 39 0 1
0 1 92 33 1 4
0 1 47 28 1 3
0 1 24 8 1 3
0 1 81 38 1 2
0 1 78 44 0 2
0 1 121 14 1 3
0 1 66 43 1 3
0 1 118 32 0 1
0 1 54 54 1 2
0 1 54 3 0 4
0 1 46 28 1 0
0 1 15 47 0 2
0 1 107 50 0 2
0 1 59 39 1 2
0 1 125 14 0 4
0 1 34 16 1 3
0 1 117 53 1 0
0 1 25 24 0 4
0 1 110 40 1 3
0 1 67 5 0 0
0 1 131 17 1 0
0 1 20 15 0 1
0 1 30 16 1 2
0 1 127 13 1 0
0 1 10 29 1 4
0 1 124 19 1 4
0 1 79 23 1 1
0 1 108 48 1 2
0 1 19 35 1 3
0 1 40 25 1 3
0 1 9 50 1 4
0 1 109 11 0 3
0 1 66 34 0 1
0 1 35 7 0 4
0 1 100 41 0 4
0 1 60 54 1 4
0 1 44 49 0 0
0 1 99 34 0 0
0 1 86 29 1 2
0 1 26 10 0 3
0 1 115 31 1 1
0 1 94 8 0 1
0 1 98 31 1 0
0 1 69 33 1 2
0 1 3 37 1 3
0 1 12 48 0 3
0 1 30 19 0 0
0 1 64 26 1 4
0 1 24 47 0 4
0 1 35 21 1 2
0 1 20 6 1 3
0 1 42 12 1 0
0 1 82 16 0 1
0 1 136 45 1 1
0 1 6 52 1 3
0 1 52 16 0 0
0 1 80 22 0 0
0 1 13 33 0 0
0 1 43 27 0 4
0 1 89 41 1 1
0 1 2 41 0 2
0 1 76 27 0 0
0 1 25 53 1 1
0 1 130 30 1 1
0 1 75 8 1 0
0 1 4 25 1 0
0 1 91 32 1 4
0 1 88 42 0 3
0 1 138 38 0 4
0 1 74 20 1 4
0 1 40 51 0 3
0 1 70 40 1 4
0 1 104 12 1 1
0 1 71 32 1 0
0 1 17 20 0 2
0 1 17 49 1 1
0 1 135 17 0 1
0 1 55 41 0 0
0 1 129 53 1 2
0 1 90 2 1 1
0 1 83 31 0 3
0 1 64 35 0 1
0 1 92 8 0 4
0 1 41 51 1 4
0 1 95 25 1 1
0 1 46 10 0 4
0 1 23 37 0 1
0 1 73 33 0 1
0 1 50 13 0 3
0 1 56 15 1 2
0 1 139 37 0 2
0 1 47 11 0 0
0 1 39 2 1 3
0 1 137 47 1 0
0 1 8 47 0 3
0 1 28 53 0 3
0 1 97 22 1 1
0 1 57 0 0 1
0 1 94 28 1 2
0 1 32 2 1 0
0 1 16 55 1 0
0 1 132 9 1 2
0 1 121 29 0 3
0 1 134 54 0 3
0 1 84 52 0 1
0 1 68 36 1 0
0 1 72 4 0 2
0 1 18 20 0 0
0 1 23 39 1 3
0 1 103 15 0 3
0 1 76 25 1 2
0 1 82 26 1 2
0 1 116 27 0 2
0 1 10 44 0 3
0 1 58 18 0 3
0 1 87 50 1 3
0 1 19 24 0 0
0 1 87 7 0 3
0 1 120 40 1 2
0 1 86 55 0 3
0 1 104 49 0 3
0 1 103 0 1 0
0 1 50 28 1 1
0 1 114 5 1 4
0 1 99 3 1 3
0 1 39 51 0 0
0 1 38 5 0 3
0 1 68 46 0 1
0 1 124 20 0 1
0 1 126 39 1 4
0 1 3 46 0 4
0 1 33 24 0 1
0 1 139 3 1 2
0 1 38 48 1 1
0 1 11 9 1 4
0 1 14 29 0 0
0 1 71 45 0 0
0 1 89 31 0 4
0 1 85 35 1 0
0 1 62 43 0 4
0 1 6 42 0 2
0 1 96 12 0 4
0 1 108 18 0 0
0 1 53 25 0 4
0 1 59 7 0 1
0 1 106 42 0 0
0 1 42 17 0 3
0 1 7 23 0 0
0 1 127 42 0 1
0 1 5 24 0 2
0 1 133 0 0 3
0 1 105 52 1 0
0 1 135 3 1 0
0 1 9 11 0 1
0 1 85 45 0 4
0 1 65 21 1 1
0 1 101 27 0 3
0 1 8 38 1 1
0 1 60 52 0 4
0 1 105 31 0 2
0 1 77 7 0 0
0 1 22 14 1 2
0 1 97 20 0 3
0 1 122 26 1 1
0 1 114 10 0 1
0 1 129 11 0 2
0 1 41 9 0 3
0 1 51 30 0 3
0 1 123 10 0 2
0 1 118 7 1 2
0 1 111 46 1 3
0 1 116 18 1 2
0 1 1 34 1 3
0 1 112 40 1 1
0 1 2 55 1 4
0 1 126 55 0 2
0 1 110 36 0 4
0 1 91 15 0 4
0 1 95 4 0 3
0 1 51 26 1 3
0 1 31 5 0 1
0 1 32 43 0 0
0 1 137 13 0 2
0 1 27 32 1 3
0 1 119 37 0 0
0 1 58 22 1 2
0 1 77 34 1 4
0 1 128 38 1 0
0 1 133 45 1 2
0 1 12 11 1 4
0 1 49 4 1 1
0 1 21 8 0 2
0 1 27 44 0 4
0 1 56 21 0 4
0 1 93 19 1 2
0 1 100 32 1 2
0 1 81 1 0 4
0 1 36 50 0 0
0 1 16 29 0 1
0 1 67 46 1 0
0 1 125 28 1 4
0 1 0 3 1 1
0 1 83 38 1 3
0 1 37 13 0 1
0 1 26 35 1 4
0 1 48 30 1 0
0 1 0 26 0 0
0 1 28 50 1 1
0 1 22 12 0 2
0 1 134 5 1 2
0 1 36 17 1 2
0 1 43 9 1 1
0 1 128 30 0 4
0 1 72 15 1 0
0 1 117 53 0 4
0 1 120 49 0 2
0 1 96 48 1 4
0 1 45 55 1 1
0 1 45 36 0 1
0 1 119 36 1 2
0 1 4 14 0 0
0 1 136 37 0 4
0 1 102 36 1 3
0 1 7 40 1 0
0 1 138 41 1 3
