0 1 54 52 0 4
0 1 73 48 0 0
0 1 107 46 0 1
0 1 118 37 0 1
0 1 78 20 1 0
0 1 34 19 1 4
0 1 138 54 0 2
0 1 70 24 1 3
0 1 131 18 0 1
0 1 89 37 0 3
0 1 109 41 1 1
0 1 43 40 1 3
0 1 92 53 0 2
0 1 20 15 1 0
0 1 119 9 1 3
0 1 64 42 0 0
0 1 138 14 1 3
0 1 71 30 1 0
0 1 53 12 0 3
0 1 91 2 0 1
0 1 128 15 1 2
0 1 59 44 0 4
0 1 64 5 1 1
0 1 112 36 1 4
0 1 132 35 1 2
0 1 96 21 0 4
0 1 107 16 1 2
0 1 12 46 1 0
0 1 67 54 0 3
0 1 77 22 0 1
0 1 125 49 0 3
0 1 125 32 1 2
0 1 87 25 1 3
0 1 68 7 0 4
0 1 123 11 1 2
0 1 55 34 1 0
0 1 2 27 1 0
0 1 31 51 0 0
0 1 57 49 1 2
0 1 17 52 0 0
0 1 56 13 1 0
0 1 58 38 1 4
0 1 2 45 0 3
0 1 75 10 0 3
0 1 80 13 0 2
0 1 42 55 1 2
0 1 114 17 1 0
0 1 38 40 0 1
0 1 97 46 0 3
0 1 7 50 1 3
0 1 110 1 0 3
0 1 69 24 0 2
0 1 53 6 1 2
0 1 111 26 1 2
0 1 58 7 0 1
0 1 136 32 1 4
0 1 50 28 0 4
0 1 1 8 0 3
0 1 33 3 0 3
0 1 25 45 0 0
0 1 84 37 1 0
0 1 72 54 0 0
0 1 11 1 0 2
0 1 119 28 0 3
0 1 3 30 1 3
0 1 134 27 1 2
0 1 109 35 0 3
0 1 47 47 1 3
0 1 100 3 1 0
0 1 94 2 0 4
0 1 17 9 1 0
0 1 133 14 1 2
0 1 37 47 0 0
0 1 108 14 0 0
0 1 22 15 0 3
0 1 30 26 0 3
0 1 120 14 0 1
0 1 29 4 0 4
0 1 45 13 1 4
0 1 120 52 1 3
0 1 74 34 0 3
0 1 96 38 1 2
0 1 118 53 1 0
0 1 43 37 0 4
0 1 136 12 0 0
0 1 81 5 1 2
0 1 50 20 1 3
0 1 135 31 0 2
0 1 88 38 1 1
0 1 29 25 1 2
0 1 110 40 1 4
0 1 40 29 0 0
0 1 18 4 0 3
0 1 62 40 1 0
0 1 80 14 1 4
0 1 67 51 1 2
0 1 8 32 0 1
0 1 99 49 1 0
0 1 129 1 0 4
0 1 56 42 0 2
0 1 85 48 0 1
0 1 13 44 1 0
0 1 51 4 0 0
0 1 89 29 1 3
0 1 49 49 0 1
0 1 106 48 0 4
0 1 73 22 1 4
0 1 21 6 0 0
0 1 30 8 1 0
0 1 88 21 0 3
0 1 39 45 0 2
0 1 133 39 0 0
0 1 71 0 0 3
0 1 113 10 1 2
0 1 86 34 0 4
0 1 28 43 0 1
0 1 139 39 1 3
0 1 35 33 1 4
0 1 95 37 1 2
0 1 41 6 0 4
0 1 112 2 0 2
0 1 5 22 0 3
0 1 13 32 0 3
0 1 10 30 1 1
0 1 20 28 0 2
0 1 0 31 1 4
0 1 129 23 1 0
0 1 84 31 0 0
0 1 47 53 0 3
0 1 82 26 0 1
0 1 139 21 0 0
0 1 99 32 0 0
0 1 49 4 1 2
0 1 21 33 1 0
0 1 124 48 0 3
0 1 10 25 0 0
0 1 19 30 0 4
0 1 0 43 0 4
0 1 116 20 0 2
0 1 74 27 1 3
0 1 27 41 1 0
0 1 11 31 1 1
0 1 12 23 0 4
0 1 36 39 1 1
0 1 63 48 0 2
0 1 66 16 0 0
0 1 34 0 0 0
0 1 63 49 1 4
0 1 93 18 0 2
0 1 76 15 1 4
0 1 52 12 0 4
0 1 18 24 1 0
0 1 15 33 0 1
0 1 38 12 1 1
0 1 22 16 1 4
0 1 90 10 1 4
0 1 130 18 1 4
0 1 91 9 1 2
0 1 60 17 1 1
0 1 103 10 0 1
0 1 132 44 0 1
0 1 59 3 1 1
0 1 82 20 1 4
0 1 39 47 1 1
0 1 9 35 0 0
0 1 5 51 1 1
0 1 4 6 1 3
0 1 127 36 1 3
0 1 23 43 0 2
0 1 114 2 0 3
0 1 81 17 0 2
0 1 94 4 1 1
0 1 124 27 1 4
0 1 42 43 0 3
0 1 72 42 1 1
0 1 115 11 1 4
0 1 61 5 1 4
0 1 130 44 0 2
0 1 116 54 1 4
0 1 104 15 1 1
0 1 52 17 1 4
0 1 65 24 0 4
0 1 15 36 1 1
0 1 65 6 1 1
0 1 70 5 0 3
0 1 98 52 1 1
0 1 111 1 0 1
0 1 32 44 1 3
0 1 131 3 1 4
0 1 16 7 0 3
0 1 123 54 0 1
0 1 128 38 0 3
0 1 35 19 0 2
0 1 14 35 1 4
0 1 1 13 1 1
0 1 14 8 0 2
0 1 85 8 1 1
0 1 95 12 0 2
0 1 24 41 1 3
0 1 127 39 0 4
0 1 79 42 1 4
0 1 137 18 0 0
0 1 75 19 1 1
0 1 126 43 0 0
0 1 28 52 1 2
0 1 66 9 1 1
0 1 41 33 1 3
0 1 122 20 0 1
0 1 134 31 0 3
0 1 97 33 1 2
0 1 102 38 1 0
0 1 19 2 1 0
0 1 113 11 0 1
0 1 48 34 0 1
0 1 25 25 1 4
0 1 55 26 0 4
0 1 102 30 0 2
0 1 4 26 0 0
0 1 46 9 0 4
0 1 101 50 1 2
0 1 16 41 1 4
0 1 26 50 0 0
0 1 83 7 1 0
0 1 6 17 1 3
0 1 40 29 1 4
0 1 92 29 1 1
0 1 68 1 1 0
0 1 45 5 0 0
0 1 6 3 0 2
0 1 83 53 0 4
0 1 121 0 0 1
0 1 108 51 1 3
0 1 23 23 1 2
0 1 27 46 0 4
0 1 115 21 0 2
0 1 61 55 0 4
0 1 33 8 1 4
0 1 87 22 0 2
0 1 105 10 1 0
0 1 54 53 1 1
0 1 44 45 0 1
0 1 93 7 1 2
0 1 105 36 0 2
0 1 51 39 1 2
0 1 121 16 1 3
0 1 137 27 1 1
0 1 117 35 0 1
0 1 31 18 1 3
0 1 100 29 0 2
0 1 77 42 1 3
0 1 26 11 1 3
0 1 8 24 1 1
0 1 117 47 1 2
0 1 86 45 1 4
0 1 126 23 1 3
0 1 76 50 0 1
0 1 98 46 0 2
0 1 46 28 1 0
0 1 104 28 0 1
0 1 60 40 0 2
0 1 101 19 0 3
0 1 48 0 1 2
0 1 24 25 0 1
0 1 62 36 0 0
0 1 32 55 0 0
0 1 9 21 1 1
0 1 57 41 0 2
0 1 3 34 0 2
0 1 69 11 1 0
0 1 37 13 1 3
0 1 90 51 0 4
0 1 79 55 0 1
0 1 103 47 1 4
0 1 122 55 1 3
0 1 36 50 0 4
0 1 106 22 1 0
0 1 78 23 0 1
0 1 44 0 1 4
0 1 7 16 0 1
0 1 135 19 1 0
