0 1 78 39 0 3
0 1 75 5 0 4
0 1 19 43 1 1
0 1 117 37 1 1
0 1 116 32 0 1
0 1 97 43 0 3
0 1 72 17 0 0
0 1 0 22 0 0
0 1 126 33 0 4
0 1 60 35 0 1
0 1 0 6 1 4
0 1 101 1 1 2
0 1 99 39 0 4
0 1 70 20 1 3
0 1 73 53 0 0
0 1 69 3 0 3
0 1 42 50 0 1
0 1 104 10 1 0
0 1 49 46 1 1
0 1 65 25 1 1
0 1 126 52 1 2
0 1 71 26 0 2
0 1 110 30 0 3
0 1 33 29 1 3
0 1 32 48 1 0
0 1 55 27 1 4
0 1 5 43 0 4
0 1 61 19 1 3
0 1 37 41 1 2
0 1 130 47 1 2
0 1 84 26 0 4
0 1 55 41 0 0
0 1 120 52 1 3
0 1 124 54 0 4
0 1 90 41 0 4
0 1 17 30 1 4
0 1 107 53 1 1
0 1 112 49 1 0
0 1 89 13 1 1
0 1 104 20 0 1
0 1 119 21 0 2
0 1 37 8 0 1
0 1 88 51 0 2
0 1 113 48 0 1
0 1 29 18 0 1
0 1 14 38 0 4
0 1 25 5 0 0
0 1 77 43 0 0
0 1 38 24 1 3
0 1 19 38 0 1
0 1 95 40 1 4
0 1 4 44 0 0
0 1 6 1 1 4
0 1 28 16 0 3
0 1 20 38 0 0
0 1 81 1 0 1
0 1 122 7 0 3
0 1 83 7 1 0
0 1 64 6 1 3
0 1 47 32 1 3
0 1 20 15 1 4
0 1 21 17 1 1
0 1 34 21 0 1
0 1 71 27 1 2
0 1 93 54 0 1
0 1 34 43 1 2
0 1 11 55 1 1
0 1 80 53 0 2
0 1 28 19 1 0
0 1 54 28 0 4
0 1 58 29 0 1
0 1 15 10 1 1
0 1 115 33 0 2
0 1 129 40 1 2
0 1 99 48 1 4
0 1 64 14 0 4
0 1 137 47 1 3
0 1 41 24 0 0
0 1 7 28 0 0
0 1 83 34 0 2
0 1 129 5 0 1
0 1 27 54 1 2
0 1 2 18 0 0
0 1 118 35 0 0
0 1 70 45 0 1
0 1 32 25 0 4
0 1 69 32 1 0
0 1 24 39 1 1
0 1 79 9 0 1
0 1 57 20 0 2
0 1 123 12 1 3
0 1 102 20 1 4
0 1 30 34 0 4
0 1 44 15 0 1
0 1 87 37 1 0
0 1 137 45 0 4
0 1 118 22 1 4
0 1 68 12 0 2
0 1 41 27 1 1
0 1 2 17 1 4
0 1 8 39 0 0
0 1 86 55 1 2
0 1 78 45 1 0
0 1 43 31 1 0
0 1 103 25 0 3
0 1 134 2 1 0
0 1 119 18 1 2
0 1 9 15 1 3
0 1 58 35 1 4
0 1 43 55 0 4
0 1 52 13 0 0
0 1 114 30 0 2
0 1 91 7 0 1
0 1 93 37 1 4
0 1 117 4 0 2
0 1 46 21 0 4
0 1 136 2 1 4
0 1 111 52 1 4
0 1 3 44 1 3
0 1 48 23 1 1
0 1 62 36 1 2
0 1 112 28 0 1
0 1 22 28 0 3
0 1 101 19 0 1
0 1 131 29 0 0
0 1 127 31 0 2
0 1 133 34 0 1
0 1 116 0 1 3
0 1 66 33 0 1
0 1 23 44 0 2
0 1 80 27 1 0
0 1 18 3 0 0
0 1 8 45 1 3
0 1 1 20 0 0
0 1 57 9 1 0
0 1 46 36 1 1
0 1 12 41 1 1
0 1 84 10 1 4
0 1 35 19 1 4
0 1 65 34 0 3
0 1 124 49 1 4
0 1 125 48 1 3
0 1 22 14 1 2
0 1 114 19 1 2
0 1 60 2 1 1
0 1 59 15 1 2
0 1 98 4 0 1
0 1 16 24 0 2
0 1 26 6 1 2
0 1 87 50 0 4
0 1 21 52 0 1
0 1 122 21 1 0
0 1 38 11 0 2
0 1 72 11 1 1
0 1 131 0 1 0
0 1 105 25 1 0
0 1 130 16 0 4
0 1 49 8 0 3
0 1 26 50 0 3
0 1 88 50 1 0
0 1 15 0 0 1
0 1 135 17 0 3
0 1 108 32 1 4
0 1 85 4 1 0
0 1 5 38 1 2
0 1 13 32 1 2
0 1 92 42 0 3
0 1 52 29 1 4
0 1 82 44 0 4
0 1 111 28 0 2
0 1 73 2 1 3
0 1 74 3 1 2
0 1 66 46 1 3
0 1 51 26 1 1
0 1 30 49 1 2
0 1 136 42 0 1
0 1 139 55 1 3
0 1 7 37 1 3
0 1 23 8 1 0
0 1 102 49 0 1
0 1 36 33 0 3
0 1 110 36 1 4
0 1 54 46 1 2
0 1 13 8 0 4
0 1 139 37 0 2
0 1 39 42 1 2
0 1 89 12 0 0
0 1 85 29 0 2
0 1 44 42 1 0
0 1 62 13 0 4
0 1 105 30 0 0
0 1 11 11 0 3
0 1 100 48 0 2
0 1 10 42 0 4
0 1 90 6 1 0
0 1 75 13 1 2
0 1 121 4 1 4
0 1 113 40 1 1
0 1 107 21 0 3
0 1 128 12 0 1
0 1 96 16 1 1
0 1 77 39 1 2
0 1 103 45 1 2
0 1 134 51 0 1
0 1 79 14 1 0
0 1 63 1 0 3
0 1 128 10 1 3
0 1 16 51 1 0
0 1 10 46 1 0
0 1 100 26 1 0
0 1 27 9 0 4
0 1 120 9 0 3
0 1 3 55 0 0
0 1 48 2 0 2
0 1 82 23 1 0
0 1 35 8 0 2
0 1 92 34 1 0
0 1 17 18 0 3
0 1 31 30 0 1
0 1 53 51 0 3
0 1 138 17 1 2
0 1 68 0 1 4
0 1 96 27 0 3
0 1 50 52 0 0
0 1 109 22 1 3
0 1 94 4 0 3
0 1 6 44 0 1
0 1 61 51 0 4
0 1 53 9 1 2
0 1 115 23 1 2
0 1 59 22 0 1
0 1 81 16 1 0
0 1 67 23 1 4
0 1 36 47 1 4
0 1 108 53 0 4
0 1 14 11 1 4
0 1 76 7 0 2
0 1 95 22 0 2
0 1 51 12 0 4
0 1 86 23 0 3
0 1 121 5 0 3
0 1 45 36 0 0
0 1 74 10 0 2
0 1 12 25 0 2
0 1 25 13 1 3
0 1 45 35 1 2
0 1 67 24 0 4
0 1 98 24 1 1
0 1 9 6 0 1
0 1 40 15 0 0
0 1 135 40 1 3
0 1 76 7 1 4
0 1 50 33 1 0
0 1 33 3 0 4
0 1 56 54 0 0
0 1 106 35 0 3
0 1 123 49 0 3
0 1 109 53 0 3
0 1 24 47 0 0
0 1 31 50 1 2
0 1 138 47 0 1
0 1 97 41 1 3
0 1 132 31 0 4
0 1 94 31 1 3
0 1 42 18 1 4
0 1 56 46 1 4
0 1 106 5 1 2
0 1 47 40 0 0
0 1 91 36 1 3
0 1 133 14 1 1
0 1 4 11 1 0
0 1 132 3 1 1
0 1 125 14 0 3
0 1 63 54 1 3
0 1 29 38 1 3
0 1 18 16 1 2
0 1 1 1 1 0
0 1 40 31 1 1
0 1 127 0 1 2
0 1 39 26 0 3
