0 1 130 10 1 0
0 1 85 12 1 1
0 1 37 11 1 0
0 1 134 37 0 3
0 1 46 17 1 4
0 1 41 45 0 3
0 1 27 6 0 4
0 1 22 17 0 2
0 1 65 39 1 0
0 1 90 36 1 4
0 1 111 0 0 4
0 1 33 35 0 0
0 1 78 51 0 1
0 1 91 25 0 2
0 1 114 20 1 3
0 1 6 4 1 4
0 1 93 15 0 0
0 1 134 24 1 2
0 1 95 12 1 2
0 1 11 13 1 0
0 1 113 32 1 0
0 1 109 46 1 4
0 1 54 41 0 3
0 1 120 1 1 4
0 1 129 2 0 1
0 1 75 48 1 0
0 1 67 20 0 2
0 1 84 9 0 1
0 1 1 53 1 4
0 1 17 43 1 0
0 1 5 7 0 1
0 1 133 42 0 1
0 1 63 14 1 4
0 1 12 5 0 2
0 1 100 7 0 3
0 1 84 16 1 2
0 1 4 33 0 1
0 1 108 12 1 3
0 1 87 19 1 0
0 1 99 24 1 3
0 1 83 4 0 0
0 1 74 1 0 2
0 1 99 18 0 4
0 1 70 34 0 0
0 1 73 38 0 3
0 1 123 22 1 1
0 1 20 29 0 0
0 1 135 47 0 2
0 1 68 55 0 0
0 1 76 24 1 0
0 1 112 31 1 4
0 1 22 8 1 2
0 1 107 30 0 2
0 1 43 40 1 3
0 1 72 2 0 2
0 1 79 19 0 3
0 1 14 53 0 0
0 1 46 40 0 0
0 1 66 37 1 4
0 1 89 8 1 0
0 1 24 21 1 2
0 1 12 44 1 3
0 1 45 50 0 4
0 1 59 47 0 0
0 1 122 1 0 3
0 1 128 44 0 1
0 1 38 26 1 1
0 1 62 31 1 1
0 1 69 55 1 4
0 1 19 54 1 2
0 1 40 27 0 2
0 1 115 8 0 4
0 1 42 8 1 3
0 1 116 3 0 3
0 1 34 35 1 3
0 1 14 49 1 0
0 1 8 41 0 1
0 1 93 5 1 0
0 1 15 42 0 4
0 1 98 52 0 4
0 1 56 31 0 3
0 1 55 41 1 0
0 1 71 35 0 4
0 1 90 30 0 3
0 1 61 10 0 3
0 1 104 28 1 1
0 1 139 15 0 2
0 1 15 36 1 1
0 1 47 47 0 3
0 1 50 0 0 2
0 1 124 50 1 2
0 1 30 18 1 3
0 1 52 28 0 2
0 1 105 38 1 2
0 1 118 3 0 4
0 1 102 38 0 0
0 1 8 16 1 3
0 1 80 38 1 4
0 1 79 0 1 0
0 1 36 54 1 3
0 1 0 18 0 0
0 1 31 51 1 0
0 1 113 53 0 2
0 1 89 48 0 1
0 1 74 2 1 3
0 1 82 49 0 2
0 1 100 46 1 1
0 1 66 26 0 4
0 1 115 50 1 0
0 1 97 21 0 0
0 1 23 33 0 2
0 1 106 1 0 0
0 1 136 27 0 0
0 1 101 7 0 2
0 1 42 6 0 0
0 1 137 11 1 2
0 1 110 13 1 2
0 1 63 9 0 4
0 1 69 15 0 3
0 1 53 25 1 4
0 1 49 17 0 1
0 1 18 9 0 0
0 1 56 39 1 3
0 1 41 52 1 0
0 1 126 31 0 0
0 1 31 52 0 3
0 1 16 15 1 4
0 1 77 2 0 4
0 1 7 29 1 3
0 1 76 20 0 1
0 1 83 7 1 4
0 1 16 54 0 4
0 1 44 3 1 2
0 1 62 26 0 3
0 1 118 4 1 1
0 1 121 43 1 4
0 1 70 25 1 0
0 1 123 30 0 0
0 1 96 44 0 0
0 1 91 6 1 2
0 1 9 5 1 3
0 1 57 24 1 4
0 1 52 53 1 3
0 1 127 20 1 0
0 1 86 40 1 2
0 1 80 47 0 4
0 1 82 19 1 4
0 1 10 29 1 1
0 1 7 22 0 4
0 1 92 1 0 1
0 1 126 11 1 1
0 1 125 4 0 2
0 1 85 48 0 3
0 1 20 44 1 2
0 1 97 38 1 1
0 1 117 29 0 2
0 1 0 32 1 4
0 1 132 36 1 0
0 1 92 55 1 3
0 1 109 43 0 3
0 1 60 26 0 0
0 1 55 37 0 1
0 1 9 36 0 2
0 1 17 16 0 4
0 1 119 40 1 4
0 1 72 2 1 0
0 1 48 14 0 0
0 1 117 52 1 2
0 1 32 20 0 4
0 1 114 22 0 3
0 1 51 23 1 1
0 1 32 45 1 1
0 1 54 36 1 3
0 1 48 51 1 4
0 1 10 55 0 1
0 1 132 32 0 1
0 1 36 48 0 4
0 1 139 33 1 4
0 1 37 9 0 2
0 1 104 47 0 1
0 1 102 35 1 1
0 1 138 29 0 4
0 1 21 48 0 2
0 1 94 39 0 4
0 1 136 27 1 1
0 1 75 42 0 0
0 1 77 13 1 1
0 1 3 54 1 1
0 1 95 49 0 4
0 1 39 17 1 0
0 1 94 46 1 0
0 1 137 6 0 1
0 1 68 10 1 2
0 1 60 32 1 3
0 1 44 41 0 4
0 1 51 39 0 1
0 1 112 8 0 1
0 1 35 21 0 1
0 1 110 10 0 1
0 1 103 24 1 1
0 1 58 28 1 3
0 1 130 31 0 2
0 1 39 28 0 0
0 1 119 27 0 4
0 1 101 34 1 1
0 1 50 3 1 1
0 1 61 39 1 2
0 1 1 21 0 4
0 1 4 13 1 3
0 1 78 12 1 0
0 1 67 0 1 1
0 1 25 33 1 3
0 1 135 34 1 2
0 1 18 42 1 3
0 1 64 17 1 3
0 1 19 34 0 4
0 1 57 52 0 1
0 1 122 49 1 3
0 1 107 4 1 3
0 1 6 35 0 2
0 1 38 25 0 3
0 1 125 33 1 0
0 1 2 5 1 4
0 1 23 3 1 0
0 1 111 44 1 4
0 1 40 41 1 2
0 1 131 16 0 1
0 1 81 45 1 4
0 1 35 49 1 1
0 1 81 51 0 3
0 1 24 37 0 0
0 1 73 50 1 3
0 1 88 9 0 3
0 1 43 23 0 0
0 1 120 37 0 2
0 1 71 6 1 3
0 1 26 15 0 1
0 1 129 22 1 0
0 1 5 18 1 1
0 1 133 14 1 1
0 1 88 0 1 3
0 1 59 12 1 4
0 1 3 27 0 3
0 1 64 43 0 2
0 1 21 51 1 2
0 1 28 16 0 0
0 1 29 50 1 1
0 1 128 10 1 4
0 1 105 23 0 4
0 1 65 18 0 2
0 1 49 40 1 1
0 1 108 23 0 3
0 1 27 19 1 2
0 1 116 55 1 2
0 1 25 54 0 0
0 1 103 43 0 1
0 1 86 32 0 2
0 1 58 46 0 3
0 1 47 26 1 2
0 1 138 14 1 3
0 1 30 14 0 2
0 1 124 23 0 2
0 1 2 45 0 0
0 1 96 19 1 1
0 1 11 11 0 3
0 1 98 28 1 4
0 1 28 46 1 2
0 1 34 25 0 1
0 1 13 53 0 1
0 1 26 11 1 4
0 1 45 21 1 3
0 1 29 22 0 2
0 1 127 34 0 3
0 1 121 30 0 1
0 1 106 7 1 0
0 1 53 5 0 1
0 1 13 13 1 4
0 1 87 45 0 2
0 1 33 42 1 2
0 1 131 30 1 4
