0 1 56 42 1 0
0 1 47 36 0 2
0 1 103 25 1 4
0 1 29 6 0 1
0 1 88 52 0 0
0 1 78 3 0 2
0 1 132 4 1 2
0 1 130 9 1 0
0 1 9 11 0 1
0 1 86 25 0 3
0 1 31 11 1 0
0 1 64 30 1 3
0 1 131 45 1 4
0 1 93 33 1 4
0 1 62 50 1 3
0 1 82 48 1 0
0 1 85 46 0 0
0 1 74 1 0 1
0 1 95 43 0 1
0 1 7 17 1 0
0 1 11 37 0 2
0 1 83 15 1 4
0 1 104 26 0 4
0 1 73 46 1 1
0 1 27 14 1 3
0 1 138 18 1 4
0 1 23 3 0 1
0 1 90 9 0 2
0 1 115 2 1 1
0 1 116 29 0 4
0 1 21 35 0 0
0 1 79 32 1 0
0 1 71 19 0 2
0 1 62 55 0 2
0 1 111 43 1 4
0 1 98 24 1 2
0 1 1 27 0 1
0 1 132 41 0 4
0 1 129 22 1 4
0 1 70 38 0 3
0 1 129 20 0 4
0 1 139 38 0 1
0 1 2 51 1 1
0 1 35 41 0 1
0 1 115 48 0 4
0 1 113 51 0 2
0 1 83 18 0 0
0 1 21 16 1 2
0 1 55 17 0 1
0 1 69 4 0 1
0 1 57 30 1 2
0 1 59 12 0 3
0 1 111 41 0 2
0 1 133 29 0 0
0 1 34 24 1 0
0 1 51 12 0 2
0 1 44 40 1 3
0 1 76 31 1 3
0 1 131 42 0 3
0 1 122 33 0 0
0 1 26 28 1 1
0 1 74 53 1 2
0 1 38 12 0 4
0 1 137 16 1 3
0 1 71 47 1 0
0 1 50 48 1 1
0 1 14 32 0 1
0 1 109 10 1 0
0 1 72 39 1 1
0 1 99 47 1 2
0 1 28 18 1 1
0 1 94 34 1 0
0 1 108 55 0 0
0 1 121 7 1 0
0 1 61 55 0 3
0 1 91 1 1 4
0 1 25 45 0 0
0 1 123 14 1 0
0 1 52 9 1 4
0 1 49 49 1 3
0 1 68 26 1 3
0 1 10 33 0 3
0 1 66 13 1 1
0 1 91 1 0 2
0 1 117 26 0 1
0 1 60 42 0 4
0 1 20 6 1 3
0 1 120 7 1 4
0 1 118 53 0 3
0 1 124 4 1 3
0 1 36 47 0 3
0 1 38 28 1 4
0 1 110 45 0 2
0 1 19 23 1 0
0 1 46 19 1 4
0 1 33 20 1 1
0 1 99 28 0 2
0 1 23 49 1 0
0 1 19 14 0 2
0 1 40 35 0 2
0 1 103 46 0 3
0 1 93 54 0 3
0 1 104 0 1 0
0 1 26 37 0 3
0 1 7 24 0 1
0 1 128 48 0 3
0 1 113 0 1 3
0 1 75 14 0 1
0 1 53 15 0 0
0 1 44 36 0 1
0 1 68 23 0 2
0 1 123 20 0 3
0 1 76 36 0 4
0 1 17 40 0 2
0 1 102 55 1 1
0 1 87 55 1 4
0 1 50 27 0 0
0 1 24 44 0 3
0 1 105 2 0 2
0 1 107 53 0 0
0 1 82 42 0 2
0 1 119 25 0 0
0 1 45 49 1 2
0 1 12 15 1 2
0 1 100 35 0 3
0 1 139 27 1 2
0 1 117 43 1 0
0 1 70 31 1 2
0 1 37 19 1 0
0 1 84 22 1 0
0 1 65 29 1 1
0 1 85 24 1 3
0 1 49 25 0 2
0 1 95 7 1 2
0 1 86 5 1 4
0 1 122 2 1 4
0 1 114 15 0 1
0 1 78 0 1 1
0 1 89 5 1 2
0 1 54 39 1 3
0 1 33 19 0 3
0 1 77 40 1 1
0 1 8 23 0 1
0 1 119 25 1 1
0 1 75 9 1 3
0 1 41 21 1 1
0 1 125 24 1 4
0 1 54 18 0 2
0 1 20 17 0 3
0 1 14 42 1 1
0 1 17 36 1 3
0 1 30 45 0 3
0 1 58 23 0 3
0 1 87 7 0 1
0 1 42 10 0 4
0 1 4 13 0 2
0 1 36 54 1 0
0 1 138 21 0 4
0 1 3 36 1 0
0 1 135 53 0 1
0 1 101 41 1 0
0 1 110 38 1 2
0 1 9 8 1 1
0 1 60 17 1 4
0 1 133 23 1 4
0 1 61 8 1 4
0 1 13 1 1 3
0 1 126 6 0 2
0 1 73 40 0 4
0 1 6 34 0 3
0 1 46 7 0 3
0 1 10 31 1 1
0 1 43 31 0 0
0 1 96 33 1 1
0 1 27 13 0 0
0 1 40 28 1 3
0 1 112 47 0 4
0 1 58 32 1 3
0 1 137 49 0 1
0 1 24 5 1 0
0 1 97 12 0 0
0 1 16 20 1 0
0 1 32 37 0 1
0 1 80 15 1 3
0 1 127 32 0 4
0 1 81 41 1 3
0 1 57 10 0 1
0 1 47 44 1 2
0 1 90 50 1 1
0 1 130 34 0 4
0 1 88 16 1 1
0 1 89 40 0 0
0 1 34 34 0 1
0 1 84 5 0 1
0 1 94 39 0 4
0 1 125 20 0 2
0 1 45 30 0 0
0 1 134 9 0 1
0 1 42 21 1 3
0 1 67 4 0 4
0 1 4 46 1 2
0 1 79 52 0 3
0 1 63 6 0 4
0 1 77 53 0 4
0 1 66 12 0 1
0 1 59 14 1 4
0 1 32 30 1 1
0 1 48 2 1 3
0 1 101 27 0 3
0 1 30 51 1 0
0 1 5 35 0 4
0 1 96 43 0 2
0 1 114 6 1 0
0 1 48 30 0 4
0 1 127 11 1 2
0 1 106 17 0 2
0 1 108 10 1 3
0 1 31 43 0 3
0 1 0 44 0 4
0 1 11 52 1 1
0 1 35 32 1 2
0 1 29 44 1 1
0 1 136 8 0 3
0 1 43 21 1 0
0 1 126 54 1 4
0 1 118 13 1 4
0 1 92 39 1 0
0 1 107 51 1 3
0 1 22 10 1 2
0 1 55 29 1 3
0 1 1 3 1 0
0 1 6 13 1 3
0 1 22 39 0 2
0 1 5 37 1 0
0 1 65 45 0 1
0 1 98 22 0 3
0 1 39 8 0 2
0 1 135 8 1 0
0 1 128 16 1 0
0 1 134 22 1 2
0 1 69 2 1 0
0 1 52 21 0 2
0 1 18 50 0 4
0 1 37 16 0 4
0 1 92 5 0 3
0 1 18 54 1 1
0 1 15 52 0 2
0 1 53 18 1 3
0 1 112 51 1 4
0 1 39 0 1 4
0 1 72 48 0 2
0 1 106 38 1 0
0 1 25 37 1 4
0 1 136 26 1 2
0 1 13 22 0 1
0 1 121 3 0 4
0 1 51 0 1 2
0 1 12 11 0 4
0 1 67 52 1 4
0 1 2 28 0 0
0 1 16 27 0 4
0 1 81 50 0 0
0 1 0 54 1 2
0 1 8 19 1 1
0 1 109 26 0 0
0 1 116 29 1 2
0 1 120 38 0 4
0 1 15 3 1 3
0 1 102 50 0 2
0 1 64 33 0 2
0 1 97 44 1 0
0 1 80 11 0 3
0 1 56 1 0 0
0 1 28 49 0 4
0 1 105 34 1 2
0 1 124 47 0 1
0 1 41 31 0 4
0 1 100 46 1 4
0 1 63 4 1 0
0 1 3 35 0 1
