0 1 40 16 1 2
0 1 134 43 0 1
0 1 76 18 0 1
0 1 52 3 0 1
0 1 98 38 1 1
0 1 34 1 1 4
0 1 25 50 0 0
0 1 0 9 1 1
0 1 60 20 0 4
0 1 132 4 1 4
0 1 4 36 0 4
0 1 26 38 1 2
0 1 43 53 0 1
0 1 18 53 0 3
0 1 17 13 0 4
0 1 138 30 1 4
0 1 79 11 1 1
0 1 115 18 0 3
0 1 28 45 1 4
0 1 10 40 1 1
0 1 3 45 0 2
0 1 131 29 0 2
0 1 15 54 0 1
0 1 127 40 0 4
0 1 12 44 1 4
0 1 43 51 1 0
0 1 88 34 1 3
0 1 22 52 1 2
0 1 56 17 0 2
0 1 89 16 0 1
0 1 91 55 0 2
0 1 62 16 0 3
0 1 125 7 1 0
0 1 118 41 0 3
0 1 114 52 0 0
0 1 57 46 1 4
0 1 120 21 1 4
0 1 54 5 1 1
0 1 65 34 1 0
0 1 53 41 1 0
0 1 84 47 0 2
0 1 109 33 1 0
0 1 137 32 0 3
0 1 47 55 0 0
0 1 32 4 0 0
0 1 1 6 1 3
0 1 51 13 0 3
0 1 83 52 1 4
0 1 128 50 0 4
0 1 64 35 1 3
0 1 62 32 1 2
0 1 78 22 0 2
0 1 107 10 1 4
0 1 113 1 1 1
0 1 58 35 1 2
0 1 23 20 0 0
0 1 99 0 0 1
0 1 113 14 0 4
0 1 98 12 0 2
0 1 45 54 0 3
0 1 103 37 0 1
0 1 96 17 0 1
0 1 124 14 1 0
0 1 102 0 0 2
0 1 26 2 0 2
0 1 13 25 0 2
0 1 1 41 0 2
0 1 42 49 1 4
0 1 23 30 1 0
0 1 41 26 1 2
0 1 21 19 0 1
0 1 50 19 1 3
0 1 110 11 1 3
0 1 68 27 0 1
0 1 40 9 0 2
0 1 99 39 1 1
0 1 9 2 0 1
0 1 75 23 0 1
0 1 9 31 1 0
0 1 30 10 0 3
0 1 109 14 0 1
0 1 73 7 1 2
0 1 85 39 1 0
0 1 56 3 1 3
0 1 129 9 1 4
0 1 31 10 0 1
0 1 79 5 0 3
0 1 13 55 1 3
0 1 117 37 1 3
0 1 111 12 1 0
0 1 117 27 0 4
0 1 71 26 1 1
0 1 22 0 0 4
0 1 49 25 0 4
0 1 77 36 1 2
0 1 27 5 0 0
0 1 63 16 0 0
0 1 60 33 1 1
0 1 59 45 1 1
0 1 121 48 0 4
0 1 17 20 1 1
0 1 30 7 1 4
0 1 15 5 1 2
0 1 76 22 1 1
0 1 31 10 1 2
0 1 91 11 1 4
0 1 58 44 0 0
0 1 73 33 0 4
0 1 136 1 0 2
0 1 78 46 1 3
0 1 75 42 1 1
0 1 126 17 0 4
0 1 67 2 0 3
0 1 70 27 0 3
0 1 50 4 0 1
0 1 11 37 1 4
0 1 53 26 0 3
0 1 38 53 0 4
0 1 82 35 0 4
0 1 115 31 1 2
0 1 106 52 0 3
0 1 119 3 0 0
0 1 48 20 1 3
0 1 8 25 1 0
0 1 7 2 0 0
0 1 93 44 1 3
0 1 37 51 0 1
0 1 24 2 0 4
0 1 94 49 1 1
0 1 87 31 0 1
0 1 29 46 0 1
0 1 35 28 0 4
0 1 74 42 1 3
0 1 139 19 0 0
0 1 124 51 0 2
0 1 130 32 1 1
0 1 97 13 0 0
0 1 4 6 1 0
0 1 16 36 1 3
0 1 5 0 1 3
0 1 96 23 1 2
0 1 134 8 1 0
0 1 42 22 0 4
0 1 89 24 1 4
0 1 114 22 1 0
0 1 90 29 1 4
0 1 35 8 1 4
0 1 107 17 0 3
0 1 38 32 1 0
0 1 29 6 1 2
0 1 93 48 0 2
0 1 80 11 0 2
0 1 6 34 0 1
0 1 92 21 1 1
0 1 131 14 1 2
0 1 21 49 1 3
0 1 104 9 0 3
0 1 128 48 1 0
0 1 132 40 0 2
0 1 8 30 0 2
0 1 46 21 0 3
0 1 69 35 0 0
0 1 108 42 1 0
0 1 66 30 1 3
0 1 18 34 1 4
0 1 125 55 0 4
0 1 94 22 0 3
0 1 39 43 0 3
0 1 120 31 0 4
0 1 68 25 1 1
0 1 112 12 1 4
0 1 11 26 0 0
0 1 10 50 0 2
0 1 67 54 1 2
0 1 101 48 0 3
0 1 45 55 1 1
0 1 70 1 1 0
0 1 46 31 1 3
0 1 34 15 0 4
0 1 19 42 0 2
0 1 116 21 0 2
0 1 108 27 0 0
0 1 57 52 0 1
0 1 52 50 1 1
0 1 20 3 1 2
0 1 123 23 1 3
0 1 122 3 0 4
0 1 80 35 1 1
0 1 66 53 0 0
0 1 135 15 0 3
0 1 100 12 0 3
0 1 51 39 1 4
0 1 39 21 1 0
0 1 127 26 1 4
0 1 77 38 0 0
0 1 2 33 1 3
0 1 32 43 1 4
0 1 126 48 1 1
0 1 55 39 0 3
0 1 20 4 0 3
0 1 28 38 0 4
0 1 33 19 1 2
0 1 119 47 1 4
0 1 44 11 1 0
0 1 33 6 0 1
0 1 61 41 1 1
0 1 16 18 0 2
0 1 133 27 0 2
0 1 90 13 0 2
0 1 81 0 0 0
0 1 102 37 1 2
0 1 14 20 0 2
0 1 49 54 1 4
0 1 48 29 0 0
0 1 121 46 1 0
0 1 111 33 0 2
0 1 63 45 1 3
0 1 47 8 1 3
0 1 2 4 0 2
0 1 95 32 0 4
0 1 65 15 0 2
0 1 19 12 1 1
0 1 64 36 0 0
0 1 71 7 0 3
0 1 129 51 0 4
0 1 100 5 1 4
0 1 104 15 1 0
0 1 36 29 1 3
0 1 105 29 0 1
0 1 135 1 1 3
0 1 37 16 1 4
0 1 72 36 1 1
0 1 133 28 1 2
0 1 72 25 0 3
0 1 82 28 1 0
0 1 41 19 0 4
0 1 85 47 0 3
0 1 14 40 1 3
0 1 36 51 0 3
0 1 118 18 1 0
0 1 0 46 0 2
0 1 59 14 0 3
0 1 95 6 1 4
0 1 122 7 1 1
0 1 6 49 1 2
0 1 110 43 0 0
0 1 25 10 1 0
0 1 44 30 0 1
0 1 12 47 0 1
0 1 106 18 1 4
0 1 5 47 0 0
0 1 116 23 1 4
0 1 61 38 0 3
0 1 81 45 1 0
0 1 97 50 1 3
0 1 138 28 0 3
0 1 92 39 0 2
0 1 88 23 0 0
0 1 123 24 0 2
0 1 84 49 1 0
0 1 55 17 1 0
0 1 27 41 1 4
0 1 24 24 1 1
0 1 112 37 0 0
0 1 7 28 1 1
0 1 74 9 0 0
0 1 130 42 0 4
0 1 87 34 1 2
0 1 101 43 1 2
0 1 69 24 1 3
0 1 86 44 1 2
0 1 105 15 1 1
0 1 136 53 1 2
0 1 139 8 1 1
0 1 86 40 0 0
0 1 54 13 0 1
0 1 137 8 1 2
0 1 103 44 1 1
0 1 3 54 1 0
0 1 83 24 0 0
