0 1 74 47 1 0
0 1 50 41 1 1
0 1 1 46 1 2
0 1 89 40 1 4
0 1 119 4 1 4
0 1 134 11 1 4
0 1 20 52 0 0
0 1 117 44 0 4
0 1 93 21 0 0
0 1 59 43 1 2
0 1 68 3 1 2
0 1 138 42 1 0
0 1 104 45 1 0
0 1 98 11 1 1
0 1 59 18 0 1
0 1 10 16 1 3
0 1 63 33 0 4
0 1 52 49 1 3
0 1 134 44 0 0
0 1 80 45 0 4
0 1 0 19 0 4
0 1 123 25 0 2
0 1 67 31 0 4
0 1 36 9 0 2
0 1 137 25 1 1
0 1 64 52 1 2
0 1 121 39 1 1
0 1 40 50 0 2
0 1 43 46 0 1
0 1 24 24 0 2
0 1 13 0 0 3
0 1 29 6 0 3
0 1 80 34 1 0
0 1 33 29 1 4
0 1 27 1 0 1
0 1 84 51 0 2
0 1 38 4 1 1
0 1 79 53 0 4
0 1 105 48 0 4
0 1 101 33 0 0
0 1 41 3 1 4
0 1 29 55 1 0
0 1 131 25 0 0
0 1 126 21 1 4
0 1 94 9 0 1
0 1 100 49 1 4
0 1 87 0 1 0
0 1 28 53 0 3
0 1 54 6 0 2
0 1 8 22 1 2
0 1 77 53 0 2
0 1 27 5 1 4
0 1 13 22 1 3
0 1 32 39 0 2
0 1 128 13 1 0
0 1 22 35 1 3
0 1 39 9 0 3
0 1 102 55 0 4
0 1 91 33 0 3
0 1 30 15 0 0
0 1 68 25 0 3
0 1 132 11 0 0
0 1 132 54 1 2
0 1 103 47 1 2
0 1 7 17 0 3
0 1 95 41 0 3
0 1 58 17 0 0
0 1 111 47 0 3
0 1 3 46 0 0
0 1 10 24 0 1
0 1 91 51 1 4
0 1 21 51 1 3
0 1 98 20 0 3
0 1 131 12 1 0
0 1 14 35 0 1
0 1 139 55 0 1
0 1 113 46 1 3
0 1 136 38 0 1
0 1 108 18 1 3
0 1 96 0 0 4
0 1 23 13 0 3
0 1 11 28 1 0
0 1 19 0 1 2
0 1 106 52 1 1
0 1 55 41 1 0
0 1 0 36 1 4
0 1 37 10 1 4
0 1 24 26 1 4
0 1 77 44 1 3
0 1 107 28 1 2
0 1 93 52 1 4
0 1 90 31 0 1
0 1 101 10 1 3
0 1 56 23 0 2
0 1 135 51 0 0
0 1 34 7 1 4
0 1 128 24 0 4
0 1 15 32 0 3
0 1 118 3 0 3
0 1 34 3 0 1
0 1 25 7 0 0
0 1 19 42 0 2
0 1 104 34 0 4
0 1 44 37 1 1
0 1 84 27 1 2
0 1 6 52 1 3
0 1 70 37 1 0
0 1 18 20 0 1
0 1 32 16 1 4
0 1 16 34 0 1
0 1 43 36 1 3
0 1 17 30 0 4
0 1 66 10 1 2
0 1 31 45 1 1
0 1 65 8 0 3
0 1 49 17 1 4
0 1 112 39 0 0
0 1 64 28 0 3
0 1 61 14 1 0
0 1 92 20 0 2
0 1 48 31 0 2
0 1 11 2 0 3
0 1 9 32 0 1
0 1 48 10 1 1
0 1 46 50 1 3
0 1 121 10 0 0
0 1 55 5 0 0
0 1 65 55 1 3
0 1 14 38 1 2
0 1 60 31 0 3
0 1 82 26 0 3
0 1 100 29 0 2
0 1 87 5 0 3
0 1 125 12 1 4
0 1 18 18 1 4
0 1 97 7 1 3
0 1 133 11 0 3
0 1 88 42 1 4
0 1 114 35 1 4
0 1 108 53 0 0
0 1 22 49 0 2
0 1 73 27 1 0
0 1 76 37 1 2
0 1 119 54 0 1
0 1 113 29 0 1
0 1 82 17 1 2
0 1 122 27 1 3
0 1 44 47 0 1
0 1 120 41 0 4
0 1 37 43 0 1
0 1 75 19 1 2
0 1 127 8 1 4
0 1 109 4 0 0
0 1 103 6 0 0
0 1 60 13 1 4
0 1 38 16 0 2
0 1 3 42 1 1
0 1 2 40 0 1
0 1 36 36 1 2
0 1 114 8 0 1
0 1 39 37 1 3
0 1 42 14 1 1
0 1 35 12 1 3
0 1 125 49 0 0
0 1 129 20 0 0
0 1 7 9 1 4
0 1 47 17 1 1
0 1 5 54 0 0
0 1 96 7 1 1
0 1 126 40 0 2
0 1 74 3 0 0
0 1 69 2 0 1
0 1 71 2 0 0
0 1 116 30 0 1
0 1 78 26 1 0
0 1 72 25 0 4
0 1 2 33 1 2
0 1 12 7 0 2
0 1 25 26 1 2
0 1 112 32 1 4
0 1 49 13 0 1
0 1 115 2 0 4
0 1 50 42 0 3
0 1 56 36 1 0
0 1 85 19 0 1
0 1 124 22 0 4
0 1 57 28 1 1
0 1 71 26 1 1
0 1 129 8 1 0
0 1 73 30 0 0
0 1 109 23 1 1
0 1 1 33 0 1
0 1 117 29 1 3
0 1 53 43 1 0
0 1 35 23 0 3
0 1 26 16 1 0
0 1 81 38 1 0
0 1 110 53 1 1
0 1 46 21 0 2
0 1 16 14 1 4
0 1 105 30 1 3
0 1 72 40 1 3
0 1 95 38 1 3
0 1 83 38 0 4
0 1 130 48 1 3
0 1 123 15 1 1
0 1 45 15 0 3
0 1 33 50 0 0
0 1 86 41 0 2
0 1 90 43 1 3
0 1 66 54 0 4
0 1 124 34 1 2
0 1 111 37 1 4
0 1 81 48 0 1
0 1 94 22 1 0
0 1 130 49 0 1
0 1 17 43 1 4
0 1 31 24 0 0
0 1 139 27 1 1
0 1 9 1 1 0
0 1 99 50 0 4
0 1 51 39 0 4
0 1 57 20 0 4
0 1 47 40 0 0
0 1 23 12 1 1
0 1 58 45 1 2
0 1 83 2 1 2
0 1 62 21 1 3
0 1 116 4 1 3
0 1 53 1 0 3
0 1 69 21 1 1
0 1 137 32 0 2
0 1 28 48 1 2
0 1 85 35 1 2
0 1 92 31 1 0
0 1 102 45 1 3
0 1 127 9 0 0
0 1 86 28 1 4
0 1 78 39 0 3
0 1 89 6 0 1
0 1 136 15 1 4
0 1 110 14 0 2
0 1 15 19 1 3
0 1 138 18 0 0
0 1 51 44 1 2
0 1 6 18 0 2
0 1 97 48 0 0
0 1 4 54 0 3
0 1 8 27 0 4
0 1 52 5 0 2
0 1 118 12 1 2
0 1 4 44 1 1
0 1 115 24 1 3
0 1 20 34 1 3
0 1 12 50 1 1
0 1 67 46 1 4
0 1 26 47 0 4
0 1 107 8 0 2
0 1 42 4 0 2
0 1 70 5 0 1
0 1 21 30 0 2
0 1 133 23 1 4
0 1 54 22 1 1
0 1 99 13 1 2
0 1 75 11 0 2
0 1 88 14 0 3
0 1 61 29 0 0
0 1 30 16 1 1
0 1 135 23 1 0
0 1 40 0 1 1
0 1 76 1 0 4
0 1 63 15 1 2
0 1 120 36 1 1
0 1 45 35 1 0
0 1 79 1 1 2
0 1 122 6 0 4
0 1 106 19 0 0
0 1 5 55 1 2
0 1 41 32 0 0
0 1 62 51 0 1
