0 1 29 28 1 2
0 1 55 4 1 2
0 1 56 45 0 1
0 1 110 4 1 3
0 1 54 6 1 2
0 1 45 37 0 1
0 1 40 21 0 3
0 1 67 7 1 0
0 1 100 48 1 2
0 1 89 52 1 4
0 1 46 54 0 0
0 1 102 10 0 0
0 1 8 25 1 1
0 1 41 25 0 3
0 1 77 53 0 3
0 1 18 16 1 0
0 1 113 2 0 0
0 1 43 55 0 3
0 1 123 23 1 1
0 1 107 49 0 2
0 1 19 6 0 3
0 1 5 25 1 2
0 1 61 14 0 0
0 1 122 49 1 3
0 1 83 2 1 4
0 1 129 44 1 0
0 1 82 11 1 3
0 1 95 14 0 1
0 1 31 25 0 4
0 1 66 12 0 3
0 1 51 3 1 3
0 1 4 21 0 4
0 1 69 47 1 3
0 1 32 50 0 1
0 1 77 39 1 0
0 1 104 20 1 2
0 1 128 26 1 2
0 1 84 50 1 0
0 1 59 30 0 1
0 1 128 3 0 1
0 1 120 40 0 4
0 1 95 8 1 4
0 1 10 47 1 1
0 1 17 35 1 1
0 1 14 41 0 3
0 1 134 39 0 1
0 1 50 29 1 4
0 1 99 45 1 2
0 1 137 10 1 1
0 1 99 55 0 0
0 1 122 16 0 4
0 1 133 46 0 3
0 1 55 27 0 3
0 1 138 42 1 3
0 1 67 43 0 4
0 1 131 6 1 4
0 1 121 13 1 0
0 1 127 40 0 0
0 1 61 54 1 2
0 1 63 39 1 3
0 1 43 55 1 4
0 1 90 11 0 2
0 1 131 26 0 3
0 1 16 48 0 4
0 1 20 35 0 4
0 1 50 0 0 3
0 1 52 18 1 1
0 1 36 41 0 4
0 1 6 19 0 2
0 1 116 46 0 0
0 1 118 47 1 2
0 1 80 1 1 4
0 1 101 45 1 3
0 1 74 22 0 0
0 1 44 38 1 3
0 1 37 34 0 0
0 1 114 23 0 3
0 1 114 54 1 1
0 1 111 4 1 4
0 1 87 4 1 1
0 1 15 5 0 2
0 1 15 24 1 0
0 1 45 12 1 2
0 1 13 51 0 3
0 1 76 19 1 3
0 1 42 17 1 3
0 1 85 52 1 1
0 1 28 33 0 0
0 1 107 23 1 2
0 1 124 42 0 4
0 1 94 30 1 3
0 1 75 34 0 4
0 1 72 24 1 3
0 1 79 44 1 1
0 1 86 2 0 3
0 1 108 7 0 3
0 1 32 48 1 3
0 1 23 46 0 1
0 1 89 9 0 4
0 1 106 6 1 1
0 1 96 21 0 2
0 1 28 8 1 2
0 1 57 7 1 1
0 1 31 38 1 2
0 1 3 22 0 3
0 1 136 1 0 3
0 1 51 19 0 0
0 1 86 1 1 2
0 1 81 53 0 2
0 1 119 21 1 0
0 1 91 36 1 2
0 1 125 43 1 1
0 1 26 16 1 2
0 1 93 51 0 2
0 1 70 55 0 2
0 1 46 5 1 4
0 1 92 54 0 3
0 1 5 41 0 1
0 1 98 27 0 0
0 1 47 23 0 4
0 1 13 31 1 2
0 1 119 28 0 3
0 1 112 26 1 1
0 1 38 36 0 0
0 1 127 12 1 0
0 1 117 20 1 0
0 1 27 53 0 0
0 1 2 43 1 2
0 1 56 22 1 4
0 1 81 54 1 4
0 1 8 34 0 2
0 1 70 8 1 3
0 1 30 11 0 0
0 1 72 7 0 2
0 1 44 44 0 3
0 1 30 1 1 0
0 1 84 19 0 4
0 1 24 51 0 0
0 1 22 42 0 1
0 1 17 39 0 4
0 1 2 34 0 1
0 1 21 40 0 3
0 1 132 10 1 2
0 1 20 15 1 1
0 1 65 27 1 2
0 1 14 3 1 4
0 1 116 35 1 2
0 1 54 41 0 0
0 1 49 4 0 0
0 1 109 19 0 1
0 1 98 46 1 2
0 1 69 22 0 2
0 1 0 18 0 3
0 1 37 17 1 2
0 1 58 30 0 4
0 1 60 44 0 2
0 1 39 21 1 1
0 1 3 28 1 1
0 1 117 45 0 0
0 1 91 53 0 1
0 1 121 2 0 1
0 1 48 20 1 3
0 1 75 51 1 1
0 1 129 9 0 3
0 1 41 29 1 0
0 1 113 2 1 2
0 1 58 52 1 2
0 1 23 22 1 1
0 1 97 27 0 1
0 1 33 5 0 1
0 1 120 33 1 3
0 1 0 16 1 1
0 1 103 26 0 0
0 1 11 25 1 0
0 1 88 38 1 1
0 1 11 36 0 4
0 1 42 51 0 4
0 1 102 55 1 1
0 1 106 35 0 3
0 1 137 33 0 1
0 1 48 44 0 4
0 1 115 6 0 0
0 1 133 26 1 4
0 1 62 5 0 3
0 1 65 30 0 2
0 1 38 28 1 0
0 1 57 14 0 3
0 1 7 31 1 0
0 1 4 12 1 1
0 1 73 13 1 2
0 1 19 0 1 1
0 1 71 48 1 0
0 1 115 50 1 3
0 1 62 53 1 4
0 1 97 17 1 1
0 1 105 18 1 0
0 1 64 52 1 0
0 1 94 5 0 0
0 1 135 11 0 1
0 1 52 48 0 1
0 1 35 24 0 4
0 1 68 43 0 3
0 1 27 15 1 2
0 1 39 50 0 2
0 1 123 30 0 0
0 1 88 9 0 2
0 1 110 13 0 3
0 1 126 8 0 0
0 1 92 24 1 2
0 1 22 37 1 2
0 1 83 15 0 0
0 1 24 49 1 4
0 1 109 29 1 2
0 1 76 41 0 2
0 1 79 0 0 0
0 1 100 28 0 4
0 1 87 32 0 0
0 1 25 35 0 0
0 1 101 13 0 4
0 1 34 39 0 2
0 1 124 37 1 3
0 1 138 49 0 0
0 1 130 13 0 1
0 1 10 23 0 0
0 1 9 33 1 2
0 1 125 33 0 4
0 1 96 11 1 4
0 1 18 29 0 3
0 1 135 3 1 0
0 1 112 37 0 4
0 1 93 38 1 0
0 1 12 10 0 3
0 1 64 42 0 2
0 1 71 27 0 4
0 1 7 47 0 4
0 1 34 31 1 3
0 1 21 12 1 4
0 1 59 42 1 0
0 1 47 32 1 3
0 1 33 7 1 4
0 1 53 36 1 3
0 1 104 14 0 2
0 1 26 3 0 2
0 1 136 49 1 1
0 1 53 1 0 1
0 1 68 34 1 3
0 1 103 0 1 2
0 1 36 8 1 1
0 1 60 40 1 2
0 1 134 14 1 4
0 1 105 47 0 0
0 1 1 0 1 4
0 1 49 24 1 1
0 1 25 43 1 0
0 1 12 15 1 4
0 1 66 9 1 1
0 1 139 45 1 4
0 1 29 18 0 2
0 1 130 10 1 4
0 1 16 18 1 4
0 1 40 50 1 4
0 1 73 17 0 0
0 1 108 17 1 4
0 1 111 20 0 4
0 1 63 36 0 1
0 1 82 40 0 1
0 1 1 20 0 1
0 1 78 16 1 3
0 1 132 32 0 1
0 1 126 38 1 4
0 1 74 9 1 0
0 1 6 31 1 4
0 1 85 37 0 0
0 1 139 32 0 2
0 1 78 32 0 4
0 1 90 31 1 1
0 1 35 46 1 4
0 1 9 29 0 1
0 1 118 15 0 3
0 1 80 52 0 3
