0 1 136 4 0 1
0 1 138 53 1 0
0 1 56 54 1 0
0 1 104 43 1 2
0 1 72 46 1 3
0 1 51 4 0 4
0 1 97 30 0 0
0 1 136 12 1 0
0 1 33 9 0 1
0 1 97 44 1 3
0 1 112 27 0 0
0 1 55 24 1 3
0 1 83 9 0 2
0 1 89 18 1 3
0 1 116 3 1 3
0 1 125 30 0 3
0 1 42 31 0 3
0 1 78 19 0 4
0 1 78 28 1 3
0 1 101 29 1 3
0 1 24 21 1 3
0 1 123 29 1 1
0 1 100 11 1 3
0 1 109 11 0 1
0 1 133 47 0 3
0 1 19 25 0 1
0 1 62 20 0 0
0 1 54 22 1 4
0 1 111 48 0 0
0 1 11 38 1 1
0 1 133 1 1 4
0 1 36 0 0 2
0 1 110 6 0 4
0 1 88 54 0 1
0 1 92 4 1 3
0 1 91 42 1 2
0 1 112 5 1 2
0 1 44 7 1 1
0 1 44 22 0 2
0 1 106 35 0 4
0 1 16 3 0 1
0 1 115 46 1 4
0 1 30 55 1 1
0 1 94 21 0 0
0 1 59 16 1 0
0 1 77 19 0 3
0 1 104 48 0 3
0 1 24 25 0 4
0 1 45 55 0 2
0 1 96 19 1 2
0 1 100 37 0 1
0 1 76 47 0 0
0 1 63 2 0 3
0 1 113 49 0 4
0 1 2 34 0 3
0 1 52 24 0 2
0 1 131 11 1 4
0 1 45 40 1 1
0 1 31 43 1 1
0 1 86 49 1 3
0 1 39 13 1 3
0 1 20 51 1 3
0 1 61 47 1 2
0 1 21 50 1 4
0 1 114 44 0 2
0 1 54 1 0 3
0 1 30 16 0 4
0 1 0 40 0 3
0 1 105 6 0 1
0 1 114 49 1 2
0 1 0 15 1 2
0 1 10 41 1 3
0 1 86 51 0 1
0 1 9 28 0 0
0 1 127 53 0 1
0 1 27 7 1 0
0 1 49 10 0 0
0 1 35 15 0 4
0 1 123 55 0 3
0 1 77 23 1 0
0 1 7 39 0 3
0 1 18 41 1 4
0 1 81 7 0 4
0 1 35 8 1 3
0 1 70 50 1 2
0 1 23 55 1 0
0 1 41 18 1 1
0 1 120 6 0 3
0 1 131 47 0 4
0 1 10 26 0 0
0 1 41 13 0 4
0 1 69 8 0 0
0 1 134 3 0 0
0 1 128 31 0 1
0 1 28 36 1 1
0 1 90 41 1 1
0 1 119 44 1 0
0 1 117 10 1 1
0 1 48 40 1 4
0 1 13 42 1 1
0 1 85 45 0 0
0 1 70 54 0 3
0 1 101 8 0 2
0 1 15 5 1 0
0 1 128 35 1 2
0 1 13 39 0 4
0 1 138 50 0 1
0 1 32 30 0 2
0 1 130 14 1 3
0 1 56 51 0 0
0 1 115 48 0 1
0 1 58 34 1 1
0 1 124 33 1 1
0 1 28 2 0 4
0 1 106 32 1 2
0 1 29 28 0 2
0 1 26 38 0 0
0 1 121 29 0 2
0 1 87 9 0 0
0 1 111 45 1 4
0 1 107 11 0 0
0 1 2 17 1 0
0 1 91 32 0 3
0 1 15 37 0 2
0 1 21 54 0 4
0 1 66 53 0 2
0 1 63 48 1 2
0 1 72 34 0 0
0 1 12 15 1 1
0 1 107 12 1 4
0 1 27 26 0 2
0 1 26 10 1 3
0 1 122 20 0 4
0 1 25 30 1 4
0 1 12 5 0 3
0 1 33 13 1 2
0 1 108 16 0 2
0 1 60 26 0 1
0 1 14 19 0 0
0 1 84 11 0 2
0 1 89 26 0 3
0 1 37 27 0 2
0 1 130 12 0 3
0 1 68 36 1 3
0 1 64 5 0 1
0 1 74 7 1 2
0 1 96 46 0 2
0 1 105 22 1 1
0 1 40 20 0 2
0 1 61 32 0 1
0 1 116 23 0 1
0 1 95 23 1 3
0 1 1 6 1 0
0 1 94 44 1 1
0 1 38 52 1 1
0 1 38 53 0 3
0 1 8 8 0 1
0 1 126 16 1 3
0 1 134 25 1 0
0 1 1 4 0 0
0 1 122 33 1 3
0 1 16 31 1 0
0 1 25 47 0 1
0 1 108 54 1 2
0 1 71 7 1 3
0 1 135 18 1 0
0 1 50 38 1 4
0 1 43 35 0 3
0 1 52 49 1 1
0 1 18 38 0 2
0 1 124 39 0 1
0 1 74 29 0 4
0 1 127 8 1 4
0 1 99 41 0 2
0 1 67 52 0 3
0 1 75 42 1 4
0 1 76 17 1 2
0 1 93 46 0 1
0 1 22 1 0 0
0 1 32 25 1 3
0 1 73 55 1 4
0 1 7 52 1 0
0 1 98 0 1 1
0 1 66 40 1 2
0 1 137 21 0 4
0 1 102 22 1 0
0 1 110 14 1 4
0 1 118 42 0 3
0 1 6 40 0 0
0 1 5 0 0 3
0 1 73 36 0 4
0 1 22 9 1 4
0 1 95 49 0 0
0 1 31 33 0 4
0 1 37 37 1 0
0 1 40 9 1 3
0 1 3 26 0 4
0 1 57 20 0 3
0 1 11 51 0 4
0 1 121 50 1 0
0 1 39 33 0 2
0 1 50 23 0 4
0 1 47 52 1 2
0 1 64 51 1 2
0 1 36 34 1 2
0 1 19 2 1 2
0 1 113 52 1 4
0 1 79 35 1 0
0 1 102 0 0 4
0 1 46 38 0 3
0 1 103 29 1 0
0 1 46 5 1 4
0 1 58 13 0 1
0 1 53 2 0 1
0 1 117 17 0 4
0 1 137 28 1 1
0 1 139 36 1 2
0 1 53 16 1 1
0 1 60 24 1 0
0 1 82 35 1 1
0 1 69 24 1 1
0 1 125 39 1 2
0 1 42 44 1 4
0 1 14 50 1 3
0 1 51 3 1 4
0 1 34 2 0 0
0 1 81 15 1 3
0 1 55 28 0 4
0 1 88 27 1 4
0 1 43 1 1 1
0 1 20 37 0 4
0 1 23 27 0 1
0 1 17 1 0 2
0 1 132 21 0 2
0 1 119 3 0 2
0 1 65 12 1 1
0 1 93 36 1 0
0 1 3 53 1 4
0 1 109 17 1 3
0 1 62 34 1 4
0 1 80 39 1 0
0 1 29 12 1 2
0 1 71 13 0 0
0 1 57 30 1 1
0 1 9 31 1 4
0 1 85 45 1 3
0 1 48 6 0 2
0 1 67 32 1 0
0 1 120 0 1 0
0 1 8 43 1 3
0 1 132 22 1 3
0 1 83 37 1 3
0 1 5 14 1 2
0 1 80 41 0 0
0 1 79 25 0 2
0 1 98 23 0 2
0 1 90 46 0 0
0 1 17 31 1 2
0 1 49 32 1 4
0 1 82 18 0 2
0 1 47 48 0 4
0 1 6 19 1 1
0 1 139 27 0 3
0 1 4 33 1 0
0 1 68 10 0 2
0 1 84 18 1 4
0 1 65 20 0 1
0 1 103 14 0 0
0 1 135 15 0 0
0 1 4 43 0 0
0 1 129 4 1 2
0 1 118 24 1 4
0 1 126 43 0 4
0 1 34 45 1 2
0 1 92 21 0 1
0 1 129 10 0 4
0 1 99 45 1 1
0 1 59 42 0 0
0 1 87 17 1 1
0 1 75 14 0 1
