0 1 121 7 1 3
0 1 89 2 1 3
0 1 101 38 0 1
0 1 4 20 1 1
0 1 70 41 1 3
0 1 6 31 1 2
0 1 127 19 0 1
0 1 77 32 0 2
0 1 62 30 1 1
0 1 55 38 1 2
0 1 53 20 1 2
0 1 87 16 0 1
0 1 130 55 0 0
0 1 83 37 1 2
0 1 31 44 0 3
0 1 40 38 0 4
0 1 56 35 1 4
0 1 37 1 0 4
0 1 91 11 1 4
0 1 129 25 0 2
0 1 117 33 1 3
0 1 8 17 1 2
0 1 118 51 0 0
0 1 105 50 1 1
0 1 134 23 1 3
0 1 79 50 1 3
0 1 69 0 0 3
0 1 45 11 1 0
0 1 25 30 1 2
0 1 11 1 1 0
0 1 89 22 0 0
0 1 23 17 1 3
0 1 61 45 1 4
0 1 39 3 1 0
0 1 82 31 0 1
0 1 96 35 0 2
0 1 34 28 0 0
0 1 73 0 0 4
0 1 125 47 1 3
0 1 5 46 1 4
0 1 10 52 1 4
0 1 116 24 1 0
0 1 10 31 0 3
0 1 2 39 0 4
0 1 115 44 0 0
0 1 92 6 1 1
0 1 99 8 1 2
0 1 40 10 1 1
0 1 95 21 1 0
0 1 36 9 0 2
0 1 28 22 0 3
0 1 31 1 1 2
0 1 105 40 0 1
0 1 27 47 1 0
0 1 34 38 1 0
0 1 128 24 0 1
0 1 41 21 0 1
0 1 119 19 0 4
0 1 1 39 0 1
0 1 104 36 1 1
0 1 134 45 0 1
0 1 64 3 1 1
0 1 96 44 1 1
0 1 88 43 1 2
0 1 64 33 0 4
0 1 44 44 0 2
0 1 20 9 0 1
0 1 107 26 0 2
0 1 100 46 0 2
0 1 32 47 1 4
0 1 70 13 0 4
0 1 19 30 1 4
0 1 132 32 0 1
0 1 74 18 1 2
0 1 81 15 1 0
0 1 20 18 1 3
0 1 112 33 0 2
0 1 138 2 0 1
0 1 124 47 1 1
0 1 90 52 1 3
0 1 60 19 1 2
0 1 58 6 0 3
0 1 28 49 1 3
0 1 115 13 1 0
0 1 113 21 1 2
0 1 132 53 1 2
0 1 13 53 0 0
0 1 59 34 1 2
0 1 7 19 0 0
0 1 57 12 1 4
0 1 112 23 1 0
0 1 24 23 1 1
0 1 94 8 1 3
0 1 90 46 0 3
0 1 131 19 0 3
0 1 127 0 1 1
0 1 50 40 0 0
0 1 33 33 1 0
0 1 113 52 0 1
0 1 103 26 1 1
0 1 84 14 0 2
0 1 80 27 1 3
0 1 51 42 0 2
0 1 74 48 0 3
0 1 109 24 0 4
0 1 86 49 0 0
0 1 72 20 0 0
0 1 114 10 0 3
0 1 122 28 0 4
0 1 22 28 1 1
0 1 14 32 1 0
0 1 38 5 1 4
0 1 98 9 1 0
0 1 133 5 1 3
0 1 43 52 1 0
0 1 84 35 1 3
0 1 55 37 0 4
0 1 48 37 0 0
0 1 94 50 0 4
0 1 123 6 0 2
0 1 49 16 1 0
0 1 35 51 0 3
0 1 135 24 1 2
0 1 69 15 1 2
0 1 102 36 0 4
0 1 58 12 1 1
0 1 77 51 1 4
0 1 108 49 1 1
0 1 15 36 1 2
0 1 21 22 0 2
0 1 51 29 1 2
0 1 33 5 0 1
0 1 50 18 1 1
0 1 137 7 0 4
0 1 122 24 1 3
0 1 63 33 0 1
0 1 17 4 0 2
0 1 35 15 1 3
0 1 65 35 1 0
0 1 60 20 0 4
0 1 45 43 0 4
0 1 117 41 0 0
0 1 25 6 0 4
0 1 56 8 0 1
0 1 86 45 1 2
0 1 9 11 1 3
0 1 71 34 0 3
0 1 54 10 0 2
0 1 78 23 0 4
0 1 114 34 1 1
0 1 1 37 1 3
0 1 43 43 0 0
0 1 116 40 0 4
0 1 36 8 1 4
0 1 100 39 1 2
0 1 17 26 1 4
0 1 29 54 1 1
0 1 126 42 0 0
0 1 62 5 0 2
0 1 135 3 0 4
0 1 92 53 0 4
0 1 79 35 0 1
0 1 104 29 0 1
0 1 29 9 0 3
0 1 27 55 0 1
0 1 139 7 1 0
0 1 0 55 0 3
0 1 32 45 0 0
0 1 139 21 0 3
0 1 6 26 0 3
0 1 24 29 0 4
0 1 23 4 0 3
0 1 120 54 0 2
0 1 98 4 0 0
0 1 2 54 1 4
0 1 42 26 1 0
0 1 125 29 0 0
0 1 76 2 0 4
0 1 11 5 0 0
0 1 42 37 0 1
0 1 91 43 0 3
0 1 3 2 0 2
0 1 52 1 0 3
0 1 76 30 1 0
0 1 57 54 0 3
0 1 66 22 1 1
0 1 75 13 0 3
0 1 16 15 1 4
0 1 59 41 0 1
0 1 119 22 1 4
0 1 71 47 1 2
0 1 103 30 0 3
0 1 126 41 1 4
0 1 44 17 1 0
0 1 85 44 0 4
0 1 85 27 1 4
0 1 68 39 1 0
0 1 133 46 0 0
0 1 108 31 0 4
0 1 66 48 0 4
0 1 63 11 1 2
0 1 26 8 1 0
0 1 95 14 0 1
0 1 18 10 1 0
0 1 120 50 1 0
0 1 65 54 0 0
0 1 121 0 0 0
0 1 106 11 1 1
0 1 97 4 0 1
0 1 93 32 0 3
0 1 97 17 1 4
0 1 129 31 1 0
0 1 15 50 0 2
0 1 9 17 0 1
0 1 47 48 0 2
0 1 110 28 1 2
0 1 83 3 0 3
0 1 93 28 1 3
0 1 12 51 0 1
0 1 52 12 1 3
0 1 5 48 0 0
0 1 128 13 1 2
0 1 46 16 1 4
0 1 80 32 0 4
0 1 72 10 1 4
0 1 41 9 1 4
0 1 49 25 0 4
0 1 46 27 0 1
0 1 30 4 0 4
0 1 48 0 1 2
0 1 67 25 1 3
0 1 102 49 1 4
0 1 61 20 0 3
0 1 118 7 1 1
0 1 12 45 1 3
0 1 78 49 1 2
0 1 38 42 0 3
0 1 13 42 1 4
0 1 8 15 0 1
0 1 3 29 1 3
0 1 124 43 0 1
0 1 109 51 1 2
0 1 14 52 0 2
0 1 73 16 1 3
0 1 99 39 0 3
0 1 107 23 1 2
0 1 75 34 1 4
0 1 19 3 0 2
0 1 53 36 0 0
0 1 22 27 0 0
0 1 130 46 1 1
0 1 26 2 0 0
0 1 39 16 0 2
0 1 82 53 1 1
0 1 37 12 1 0
0 1 138 55 1 4
0 1 137 40 1 2
0 1 47 27 1 2
0 1 87 21 1 4
0 1 101 14 1 0
0 1 68 41 0 2
0 1 16 14 0 4
0 1 7 1 1 1
0 1 54 55 1 2
0 1 136 12 1 2
0 1 131 34 1 0
0 1 18 40 0 3
0 1 106 18 0 4
0 1 88 36 0 3
0 1 4 18 0 0
0 1 111 53 0 3
0 1 111 6 1 0
0 1 21 48 1 1
0 1 123 25 1 1
0 1 110 13 0 1
0 1 67 14 0 3
0 1 30 42 1 1
0 1 81 25 0 0
0 1 136 38 0 3
0 1 0 7 1 2
