0 1 104 37 1 3
0 1 127 16 0 4
0 1 30 42 0 3
0 1 2 55 0 1
0 1 41 33 1 0
0 1 129 10 0 3
0 1 58 16 1 2
0 1 37 43 0 2
0 1 83 15 0 1
0 1 5 30 1 4
0 1 14 53 0 2
0 1 45 33 1 2
0 1 120 2 0 4
0 1 94 0 0 2
0 1 90 37 0 2
0 1 55 41 0 0
0 1 19 22 1 3
0 1 36 40 1 0
0 1 76 2 1 2
0 1 38 34 0 2
0 1 128 17 0 1
0 1 84 28 1 2
0 1 121 42 1 1
0 1 3 15 0 3
0 1 23 34 0 1
0 1 77 14 0 2
0 1 57 40 0 1
0 1 72 12 1 0
0 1 91 28 0 1
0 1 42 47 1 1
0 1 118 19 0 1
0 1 33 19 0 4
0 1 17 20 1 2
0 1 99 33 0 3
0 1 135 6 0 1
0 1 92 29 1 2
0 1 6 28 0 4
0 1 96 49 0 2
0 1 11 53 0 4
0 1 62 54 1 3
0 1 9 39 0 1
0 1 3 6 1 4
0 1 105 43 1 4
0 1 40 51 1 4
0 1 130 25 0 2
0 1 87 12 1 2
0 1 52 39 0 2
0 1 6 9 1 2
0 1 61 8 1 2
0 1 52 34 1 3
0 1 60 13 1 1
0 1 16 5 0 3
0 1 4 22 0 0
0 1 78 21 0 4
0 1 112 2 1 1
0 1 30 36 1 0
0 1 14 51 1 3
0 1 24 44 0 0
0 1 116 36 0 4
0 1 51 5 1 0
0 1 53 42 0 2
0 1 97 23 0 4
0 1 122 55 0 2
0 1 28 26 1 0
0 1 119 45 1 2
0 1 135 18 1 1
0 1 137 20 0 4
0 1 19 43 0 1
0 1 44 40 0 4
0 1 4 3 1 3
0 1 68 14 1 3
0 1 42 20 0 1
0 1 23 55 1 0
0 1 129 17 1 3
0 1 88 52 1 4
0 1 36 46 0 1
0 1 21 45 0 1
0 1 15 11 1 2
0 1 81 33 1 1
0 1 109 49 0 4
0 1 130 44 1 3
0 1 28 37 0 0
0 1 132 16 1 0
0 1 18 2 0 0
0 1 75 48 0 1
0 1 136 51 1 0
0 1 1 54 1 4
0 1 115 39 0 0
0 1 16 46 1 3
0 1 18 31 1 0
0 1 86 17 1 4
0 1 133 15 0 0
0 1 13 31 0 2
0 1 94 42 1 4
0 1 74 13 1 0
0 1 132 12 0 4
0 1 138 27 1 2
0 1 106 8 0 4
0 1 107 50 0 2
0 1 29 14 0 0
0 1 26 6 1 3
0 1 40 23 0 3
0 1 123 14 0 1
0 1 35 54 0 2
0 1 22 35 1 1
0 1 12 10 1 0
0 1 35 52 1 0
0 1 76 48 0 3
0 1 83 55 1 3
0 1 120 0 1 1
0 1 90 16 1 1
0 1 49 49 0 0
0 1 117 32 0 3
0 1 108 36 0 3
0 1 69 20 1 3
0 1 22 48 0 0
0 1 2 38 1 4
0 1 27 24 0 4
0 1 44 7 1 3
0 1 105 11 0 1
0 1 77 7 1 2
0 1 124 5 0 1
0 1 10 27 0 1
0 1 110 9 1 3
0 1 123 29 1 1
0 1 49 2 1 3
0 1 100 54 1 1
0 1 85 50 1 4
0 1 32 15 1 4
0 1 88 41 0 1
0 1 81 29 0 4
0 1 126 5 1 2
0 1 7 9 1 1
0 1 65 32 0 4
0 1 95 28 1 0
0 1 57 51 1 1
0 1 87 22 0 2
0 1 46 10 0 1
0 1 100 40 0 3
0 1 121 47 0 0
0 1 101 1 1 0
0 1 56 45 1 4
0 1 127 38 1 2
0 1 70 17 0 0
0 1 96 6 1 2
0 1 110 23 0 1
0 1 108 25 1 4
0 1 1 39 0 4
0 1 107 7 1 1
0 1 0 52 1 1
0 1 20 27 0 0
0 1 119 18 0 3
0 1 131 23 0 0
0 1 137 43 1 3
0 1 92 46 0 0
0 1 54 24 0 1
0 1 60 3 0 2
0 1 97 13 1 4
0 1 67 30 1 0
0 1 93 18 1 0
0 1 91 41 1 3
0 1 79 49 0 1
0 1 26 43 0 0
0 1 139 41 0 4
0 1 63 55 1 4
0 1 27 8 1 3
0 1 103 4 1 0
0 1 125 1 1 3
0 1 104 7 0 4
0 1 133 4 1 1
0 1 112 44 0 1
0 1 43 0 1 4
0 1 20 38 1 1
0 1 115 31 1 1
0 1 10 33 1 4
0 1 39 35 1 4
0 1 99 6 1 0
0 1 61 24 0 0
0 1 138 35 0 2
0 1 75 46 1 4
0 1 67 37 0 4
0 1 24 7 1 0
0 1 41 9 0 4
0 1 64 42 1 0
0 1 73 54 0 0
0 1 37 26 1 4
0 1 118 12 1 3
0 1 53 17 1 2
0 1 101 32 0 1
0 1 25 3 0 1
0 1 17 47 0 2
0 1 89 47 1 3
0 1 113 32 0 2
0 1 109 16 1 3
0 1 128 13 1 3
0 1 62 19 0 2
0 1 74 8 0 0
0 1 125 48 0 4
0 1 7 35 0 3
0 1 32 15 0 2
0 1 31 12 0 1
0 1 113 36 1 1
0 1 58 4 0 2
0 1 50 31 1 4
0 1 139 38 1 0
0 1 85 52 0 2
0 1 59 4 0 4
0 1 46 18 1 2
0 1 9 14 1 4
0 1 131 22 1 4
0 1 43 52 0 3
0 1 80 27 1 3
0 1 31 19 1 0
0 1 65 22 1 1
0 1 106 10 1 4
0 1 21 34 1 4
0 1 84 51 0 2
0 1 39 46 0 2
0 1 98 24 1 3
0 1 116 41 1 2
0 1 95 9 0 0
0 1 5 1 0 4
0 1 56 36 0 2
0 1 71 34 0 0
0 1 86 27 0 4
0 1 64 3 0 4
0 1 89 49 0 3
0 1 13 31 1 3
0 1 69 4 0 3
0 1 134 28 0 3
0 1 71 1 1 1
0 1 111 32 0 0
0 1 98 11 0 0
0 1 102 20 1 0
0 1 68 21 0 1
0 1 66 13 1 2
0 1 38 50 1 0
0 1 114 45 1 3
0 1 93 30 0 3
0 1 8 40 0 2
0 1 114 38 0 3
0 1 73 37 1 1
0 1 122 1 1 2
0 1 54 21 1 3
0 1 70 47 1 4
0 1 8 50 1 3
0 1 25 21 1 0
0 1 55 23 1 2
0 1 102 26 0 1
0 1 48 48 0 2
0 1 63 35 0 0
0 1 12 30 0 2
0 1 78 29 1 0
0 1 103 3 0 0
0 1 79 25 1 1
0 1 82 44 1 2
0 1 15 50 0 1
0 1 48 29 1 3
0 1 124 53 1 1
0 1 51 19 0 3
0 1 134 24 1 2
0 1 0 25 0 0
0 1 111 45 1 0
0 1 29 25 1 3
0 1 50 11 0 3
0 1 47 5 1 4
0 1 47 39 0 3
0 1 117 26 1 3
0 1 11 53 1 0
0 1 82 10 0 2
0 1 34 18 0 4
0 1 45 26 0 2
0 1 136 21 0 2
0 1 33 0 1 3
0 1 80 11 0 4
0 1 66 0 0 0
0 1 126 44 0 4
0 1 59 53 1 3
0 1 72 8 0 1
0 1 34 30 1 1
