0 1 23 2 1 3
0 1 70 9 0 1
0 1 81 31 0 3
0 1 5 13 0 4
0 1 70 17 1 4
0 1 50 41 0 1
0 1 39 52 0 2
0 1 135 9 0 4
0 1 114 14 0 2
0 1 44 31 0 4
0 1 67 3 0 3
0 1 12 34 1 4
0 1 83 49 1 4
0 1 60 19 1 3
0 1 18 52 0 0
0 1 97 11 1 4
0 1 76 12 1 3
0 1 12 49 0 1
0 1 11 48 0 2
0 1 6 30 1 1
0 1 48 32 0 2
0 1 33 0 1 4
0 1 139 1 1 0
0 1 0 20 1 0
0 1 72 46 1 0
0 1 2 2 1 1
0 1 17 30 1 3
0 1 13 43 0 3
0 1 1 55 1 1
0 1 114 47 1 1
0 1 113 55 1 3
0 1 3 47 1 3
0 1 48 27 1 3
0 1 11 0 1 0
0 1 57 27 0 0
0 1 86 41 0 2
0 1 59 30 0 4
0 1 138 51 0 4
0 1 52 12 1 0
0 1 115 24 1 3
0 1 50 33 1 2
0 1 125 15 0 2
0 1 14 26 1 1
0 1 63 44 0 2
0 1 45 20 1 3
0 1 116 1 1 2
0 1 66 5 0 0
0 1 132 32 1 0
0 1 95 23 1 3
0 1 136 14 1 1
0 1 77 40 1 4
0 1 54 31 0 1
0 1 57 11 1 0
0 1 135 48 1 3
0 1 84 37 1 2
0 1 118 51 1 2
0 1 39 7 1 0
0 1 94 1 1 3
0 1 16 53 0 0
0 1 110 21 1 4
0 1 24 11 1 2
0 1 113 6 0 0
0 1 96 39 1 4
0 1 51 22 1 1
0 1 9 47 0 2
0 1 56 36 0 1
0 1 16 25 1 4
0 1 78 43 1 0
0 1 38 3 1 2
0 1 41 1 1 4
0 1 133 10 1 4
0 1 25 39 1 2
0 1 104 5 0 2
0 1 18 49 1 0
0 1 109 23 0 4
0 1 0 55 0 0
0 1 20 32 0 4
0 1 117 7 1 4
0 1 67 5 1 4
0 1 38 25 0 3
0 1 121 42 1 0
0 1 116 4 0 1
0 1 111 39 1 3
0 1 34 50 1 2
0 1 112 46 0 3
0 1 130 21 1 1
0 1 94 30 0 2
0 1 109 19 1 2
0 1 47 21 0 3
0 1 101 18 0 2
0 1 17 22 0 3
0 1 65 29 1 2
0 1 20 3 1 4
0 1 133 8 0 3
0 1 123 15 1 4
0 1 45 28 0 4
0 1 101 20 1 1
0 1 122 14 0 0
0 1 131 24 1 4
0 1 30 16 0 4
0 1 5 44 1 1
0 1 43 0 1 3
0 1 29 5 0 3
0 1 119 10 0 2
0 1 64 13 1 3
0 1 49 27 1 4
0 1 127 45 1 0
0 1 102 44 0 4
0 1 8 50 0 4
0 1 98 25 0 0
0 1 120 49 0 2
0 1 1 48 0 4
0 1 36 29 0 1
0 1 66 36 1 4
0 1 80 16 0 2
0 1 19 50 1 1
0 1 130 44 0 3
0 1 24 12 0 2
0 1 93 21 0 2
0 1 82 36 0 0
0 1 134 16 1 0
0 1 125 40 1 0
0 1 129 28 1 2
0 1 29 39 1 0
0 1 61 8 1 0
0 1 105 26 0 2
0 1 19 13 0 2
0 1 13 34 1 3
0 1 3 37 0 3
0 1 42 10 1 1
0 1 27 11 1 1
0 1 33 54 0 3
0 1 63 36 1 3
0 1 14 16 0 1
0 1 97 18 0 0
0 1 139 17 0 2
0 1 4 35 1 3
0 1 124 8 1 1
0 1 10 40 1 1
0 1 26 11 0 3
0 1 43 22 0 4
0 1 77 45 0 1
0 1 91 12 0 4
0 1 34 7 0 2
0 1 85 38 0 3
0 1 115 3 0 1
0 1 88 53 0 4
0 1 27 25 0 1
0 1 65 52 0 3
0 1 99 34 1 0
0 1 100 28 0 0
0 1 62 47 1 4
0 1 104 35 1 1
0 1 23 40 0 3
0 1 21 0 1 1
0 1 84 54 0 0
0 1 102 23 1 0
0 1 119 37 1 1
0 1 110 23 0 2
0 1 123 20 0 4
0 1 55 37 0 0
0 1 30 51 1 3
0 1 75 4 1 2
0 1 103 34 1 1
0 1 6 33 0 4
0 1 62 24 0 2
0 1 58 2 1 2
0 1 60 29 0 4
0 1 22 32 1 1
0 1 36 27 1 1
0 1 31 17 0 3
0 1 107 6 1 2
0 1 99 37 0 4
0 1 15 7 0 1
0 1 59 15 1 3
0 1 73 51 1 1
0 1 132 54 0 2
0 1 21 27 0 2
0 1 122 46 1 2
0 1 137 4 0 3
0 1 53 48 0 0
0 1 35 12 1 1
0 1 80 9 1 0
0 1 126 19 1 0
0 1 35 8 0 2
0 1 71 54 1 4
0 1 126 24 0 1
0 1 51 49 0 3
0 1 128 41 1 4
0 1 76 55 0 2
0 1 52 35 0 2
0 1 138 44 1 0
0 1 41 18 0 4
0 1 81 13 1 0
0 1 136 22 0 0
0 1 128 17 0 0
0 1 111 53 0 1
0 1 137 4 1 0
0 1 134 25 0 2
0 1 31 30 1 0
0 1 131 21 0 0
0 1 74 43 1 1
0 1 124 40 0 2
0 1 96 35 0 4
0 1 87 41 1 0
0 1 68 13 1 1
0 1 100 23 1 1
0 1 55 52 1 4
0 1 106 5 1 1
0 1 107 42 0 1
0 1 79 54 1 1
0 1 73 0 0 2
0 1 112 33 1 3
0 1 88 26 1 0
0 1 92 55 0 4
0 1 108 46 1 1
0 1 44 33 1 1
0 1 26 38 1 0
0 1 47 16 1 3
0 1 49 34 0 2
0 1 40 38 1 4
0 1 40 18 0 3
0 1 15 7 1 3
0 1 127 14 0 4
0 1 7 43 1 4
0 1 7 20 0 2
0 1 129 10 0 3
0 1 28 24 1 0
0 1 87 6 0 1
0 1 89 8 1 4
0 1 56 52 1 1
0 1 46 4 1 4
0 1 68 14 0 3
0 1 32 43 1 2
0 1 58 45 0 2
0 1 89 53 0 3
0 1 86 53 1 2
0 1 98 42 1 3
0 1 117 15 0 0
0 1 42 45 0 3
0 1 32 9 0 3
0 1 85 33 1 0
0 1 37 42 0 4
0 1 120 10 1 0
0 1 108 22 0 2
0 1 105 2 1 0
0 1 72 6 0 4
0 1 4 41 0 3
0 1 10 36 0 2
0 1 64 3 0 0
0 1 83 15 0 1
0 1 75 47 0 0
0 1 69 31 1 2
0 1 22 39 0 1
0 1 78 29 0 3
0 1 93 38 1 2
0 1 8 32 1 3
0 1 106 17 0 1
0 1 46 2 0 4
0 1 95 31 0 0
0 1 9 19 1 1
0 1 69 45 0 4
0 1 53 42 1 2
0 1 103 38 0 1
0 1 90 29 1 0
0 1 54 6 1 3
0 1 74 28 0 1
0 1 79 46 0 4
0 1 91 1 1 1
0 1 121 26 0 3
0 1 71 19 0 4
0 1 37 18 1 1
0 1 61 26 0 4
0 1 25 35 0 0
0 1 82 28 1 3
0 1 92 50 1 3
0 1 2 51 0 0
0 1 118 9 0 2
0 1 28 48 0 1
0 1 90 50 0 0
