0 1 78 43 0 0
0 1 24 30 0 2
0 1 98 33 0 1
0 1 133 34 1 1
0 1 25 7 0 4
0 1 116 55 1 4
0 1 131 13 1 4
0 1 124 38 0 3
0 1 51 47 1 0
0 1 30 9 1 1
0 1 77 43 0 3
0 1 132 24 0 0
0 1 95 30 0 3
0 1 53 41 0 4
0 1 67 35 1 4
0 1 139 31 0 4
0 1 82 45 1 1
0 1 137 31 0 3
0 1 81 50 1 3
0 1 63 26 1 3
0 1 113 24 0 1
0 1 68 16 1 3
0 1 22 11 0 0
0 1 26 12 1 0
0 1 83 45 0 3
0 1 120 7 0 2
0 1 28 34 0 3
0 1 89 19 1 2
0 1 51 32 0 4
0 1 30 0 0 2
0 1 21 16 0 1
0 1 32 10 0 3
0 1 138 8 0 3
0 1 96 53 1 3
0 1 8 47 1 4
0 1 35 13 1 2
0 1 122 15 1 1
0 1 87 11 1 4
0 1 93 31 0 0
0 1 111 2 0 2
0 1 74 3 0 2
0 1 99 48 0 1
0 1 7 14 0 0
0 1 31 27 1 2
0 1 40 19 0 4
0 1 10 37 0 1
0 1 117 54 1 0
0 1 72 14 1 3
0 1 45 1 1 3
0 1 22 29 1 1
0 1 56 39 1 0
0 1 56 12 0 3
0 1 110 33 0 0
0 1 97 42 0 4
0 1 28 13 1 3
0 1 123 51 1 3
0 1 66 46 1 1
0 1 46 28 0 3
0 1 78 46 1 2
0 1 91 20 1 1
0 1 47 40 0 0
0 1 33 47 0 1
0 1 123 54 0 1
0 1 79 21 0 0
0 1 128 36 0 3
0 1 103 27 0 4
0 1 93 55 1 0
0 1 43 30 0 1
0 1 87 32 0 0
0 1 36 29 0 0
0 1 89 5 0 1
0 1 60 28 0 1
0 1 42 53 0 1
0 1 75 0 0 1
0 1 46 35 1 2
0 1 121 44 0 3
0 1 133 48 0 2
0 1 107 17 0 1
0 1 82 8 0 4
0 1 45 49 0 3
0 1 127 35 0 0
0 1 13 23 1 4
0 1 118 52 1 0
0 1 63 25 0 0
0 1 17 14 0 1
0 1 130 46 1 0
0 1 126 40 0 2
0 1 85 5 0 0
0 1 130 5 0 4
0 1 35 53 0 2
0 1 34 26 1 1
0 1 70 33 0 2
0 1 17 38 1 4
0 1 3 22 0 2
0 1 4 40 0 3
0 1 62 4 0 3
0 1 116 20 0 3
0 1 107 11 1 3
0 1 127 26 1 2
0 1 105 55 1 3
0 1 76 14 1 2
0 1 15 53 0 4
0 1 77 3 1 0
0 1 136 9 1 2
0 1 8 48 0 3
0 1 1 0 0 0
0 1 18 30 0 0
0 1 2 24 1 3
0 1 131 33 0 3
0 1 97 12 1 4
0 1 129 34 0 4
0 1 23 6 1 3
0 1 132 52 1 3
0 1 50 1 1 2
0 1 42 36 1 0
0 1 19 39 1 3
0 1 14 28 1 2
0 1 74 1 1 0
0 1 85 29 1 2
0 1 48 22 1 0
0 1 23 23 0 0
0 1 47 29 1 3
0 1 0 40 1 1
0 1 67 44 0 4
0 1 115 26 0 0
0 1 27 28 0 4
0 1 64 21 0 2
0 1 122 15 0 4
0 1 16 35 1 1
0 1 66 6 0 0
0 1 70 0 1 4
0 1 111 43 1 1
0 1 60 18 1 2
0 1 135 38 0 0
0 1 84 23 1 1
0 1 104 25 0 1
0 1 86 34 1 2
0 1 9 31 1 1
0 1 53 15 1 2
0 1 120 19 1 1
0 1 69 4 1 2
0 1 80 21 0 4
0 1 112 51 0 4
0 1 37 42 1 3
0 1 59 15 1 3
0 1 75 37 1 4
0 1 119 22 0 4
0 1 73 34 1 0
0 1 44 10 0 1
0 1 71 18 0 0
0 1 38 1 0 1
0 1 92 7 1 0
0 1 106 44 1 0
0 1 41 41 0 3
0 1 57 49 0 4
0 1 114 43 1 2
0 1 27 39 1 1
0 1 90 27 1 3
0 1 113 36 1 2
0 1 49 50 0 2
0 1 52 26 1 4
0 1 54 51 0 0
0 1 41 25 1 3
0 1 62 52 1 4
0 1 135 11 1 1
0 1 100 16 0 2
0 1 69 13 0 0
0 1 48 47 0 3
0 1 81 4 0 4
0 1 94 16 1 4
0 1 39 9 0 4
0 1 101 18 0 1
0 1 0 33 0 4
0 1 96 55 0 1
0 1 34 17 0 0
0 1 138 51 1 2
0 1 9 22 0 1
0 1 7 5 1 3
0 1 126 38 1 1
0 1 71 30 1 4
0 1 5 11 0 2
0 1 11 31 1 2
0 1 121 20 1 2
0 1 83 36 1 4
0 1 12 0 0 3
0 1 20 17 0 4
0 1 124 45 1 0
0 1 32 36 1 1
0 1 36 14 1 4
0 1 115 52 1 1
0 1 102 7 1 1
0 1 61 46 1 4
0 1 68 39 0 4
0 1 33 19 1 3
0 1 18 24 1 4
0 1 109 5 1 2
0 1 86 6 0 2
0 1 1 7 1 3
0 1 76 41 0 2
0 1 2 9 0 3
0 1 79 25 1 4
0 1 21 6 1 4
0 1 11 12 0 2
0 1 40 37 1 2
0 1 112 12 1 1
0 1 65 38 1 2
0 1 26 52 0 2
0 1 108 8 0 0
0 1 119 29 1 4
0 1 72 8 0 1
0 1 58 19 1 0
0 1 114 18 0 3
0 1 125 28 1 0
0 1 137 10 1 2
0 1 29 44 1 2
0 1 58 27 0 0
0 1 3 50 1 4
0 1 57 25 1 2
0 1 31 49 0 0
0 1 55 13 0 1
0 1 108 54 1 3
0 1 139 4 1 1
0 1 61 15 0 0
0 1 73 49 0 1
0 1 59 3 0 3
0 1 136 55 0 2
0 1 4 24 1 2
0 1 80 35 1 3
0 1 29 18 0 4
0 1 91 20 0 4
0 1 117 2 0 3
0 1 15 9 1 0
0 1 65 50 0 1
0 1 109 27 0 1
0 1 19 32 0 1
0 1 88 54 1 2
0 1 52 50 0 0
0 1 37 43 0 4
0 1 24 2 1 4
0 1 84 6 0 1
0 1 100 37 1 0
0 1 129 3 1 1
0 1 90 51 0 1
0 1 13 54 0 4
0 1 110 22 1 3
0 1 6 37 0 3
0 1 104 48 1 0
0 1 125 21 0 3
0 1 92 42 0 2
0 1 12 45 1 4
0 1 94 42 0 1
0 1 16 16 0 0
0 1 128 39 1 2
0 1 98 45 1 2
0 1 88 17 0 2
0 1 43 53 1 0
0 1 103 20 1 0
0 1 64 44 1 1
0 1 102 8 0 2
0 1 101 49 1 2
0 1 99 41 1 0
0 1 10 32 1 3
0 1 25 2 1 1
0 1 55 46 1 3
0 1 20 1 1 4
0 1 134 4 0 0
0 1 44 17 1 3
0 1 39 42 1 0
0 1 106 23 0 3
0 1 118 41 0 1
0 1 38 40 1 4
0 1 5 10 1 4
0 1 105 10 0 0
0 1 95 23 1 2
0 1 14 48 0 4
0 1 49 21 1 1
0 1 54 3 1 4
0 1 50 47 0 2
0 1 6 2 1 0
0 1 134 32 1 2
