0 1 40 19 0 3
0 1 34 9 0 1
0 1 90 53 1 3
0 1 28 25 0 2
0 1 63 38 1 1
0 1 8 29 1 0
0 1 51 45 0 2
0 1 27 48 0 0
0 1 107 15 0 2
0 1 122 23 1 3
0 1 60 40 1 1
0 1 70 15 0 4
0 1 33 42 0 4
0 1 99 34 0 2
0 1 136 39 1 1
0 1 119 40 1 4
0 1 33 55 1 3
0 1 118 17 0 2
0 1 37 54 0 3
0 1 113 49 1 4
0 1 80 51 1 4
0 1 77 33 1 0
0 1 80 4 0 2
0 1 13 8 0 4
0 1 40 54 1 0
0 1 86 32 1 2
0 1 138 7 1 4
0 1 123 4 0 4
0 1 126 39 1 0
0 1 96 38 0 0
0 1 55 50 1 1
0 1 67 31 0 0
0 1 37 23 1 1
0 1 106 6 0 2
0 1 110 22 1 3
0 1 12 6 1 3
0 1 59 16 1 1
0 1 47 24 1 1
0 1 94 30 0 0
0 1 108 25 0 1
0 1 119 14 0 2
0 1 19 22 0 1
0 1 65 26 0 0
0 1 76 51 0 0
0 1 117 2 0 2
0 1 2 8 1 3
0 1 32 44 1 4
0 1 19 24 1 3
0 1 109 41 0 4
0 1 77 45 0 4
0 1 50 49 0 2
0 1 113 43 0 1
0 1 11 12 1 0
0 1 39 18 1 4
0 1 66 32 1 4
0 1 14 28 1 0
0 1 102 37 1 1
0 1 138 1 0 2
0 1 111 55 0 0
0 1 112 48 0 1
0 1 53 40 1 3
0 1 83 15 1 1
0 1 112 31 1 4
0 1 24 6 1 0
0 1 82 16 0 3
0 1 133 29 0 4
0 1 72 44 1 2
0 1 110 46 0 2
0 1 89 10 0 0
0 1 139 55 1 1
0 1 43 20 0 0
0 1 74 31 1 2
0 1 95 50 1 0
0 1 122 7 0 1
0 1 73 11 1 3
0 1 123 27 1 4
0 1 63 8 0 2
0 1 92 29 0 3
0 1 50 34 1 4
0 1 126 20 0 1
0 1 39 5 0 3
0 1 0 26 1 1
0 1 9 7 1 0
0 1 101 27 0 0
0 1 84 35 0 4
0 1 49 5 1 0
0 1 6 19 1 1
0 1 1 34 1 3
0 1 26 20 0 3
0 1 54 40 0 2
0 1 96 12 1 3
0 1 115 3 1 1
0 1 58 1 1 3
0 1 4 14 1 1
0 1 69 51 0 2
0 1 24 55 0 4
0 1 137 48 1 2
0 1 134 36 1 1
0 1 7 41 0 1
0 1 102 30 0 1
0 1 105 18 1 3
0 1 57 28 0 2
0 1 4 5 0 4
0 1 125 30 1 2
0 1 104 38 0 2
0 1 48 31 0 3
0 1 60 0 0 4
0 1 11 4 0 0
0 1 29 0 0 3
0 1 75 41 1 2
0 1 118 16 1 0
0 1 71 52 1 1
0 1 116 10 1 3
0 1 15 42 0 1
0 1 88 39 1 3
0 1 115 24 0 4
0 1 108 10 1 2
0 1 87 53 1 2
0 1 121 39 0 4
0 1 95 37 0 3
0 1 56 36 1 3
0 1 73 42 0 3
0 1 27 33 1 1
0 1 105 36 0 0
0 1 71 15 0 3
0 1 36 0 1 1
0 1 69 5 1 1
0 1 88 48 0 3
0 1 106 14 1 0
0 1 16 31 0 1
0 1 66 44 0 3
0 1 41 21 1 2
0 1 7 25 1 0
0 1 67 37 1 2
0 1 135 47 0 4
0 1 78 28 0 3
0 1 65 11 1 2
0 1 125 25 0 3
0 1 0 22 0 0
0 1 12 52 0 2
0 1 35 16 1 4
0 1 31 54 1 4
0 1 23 13 1 2
0 1 103 35 1 3
0 1 68 43 1 2
0 1 98 49 0 1
0 1 93 52 1 0
0 1 97 19 1 4
0 1 15 26 1 4
0 1 26 54 1 1
0 1 5 8 0 0
0 1 134 2 0 4
0 1 116 49 0 3
0 1 101 4 1 1
0 1 81 27 0 1
0 1 90 30 0 4
0 1 28 14 1 3
0 1 54 41 1 3
0 1 22 2 1 0
0 1 131 35 0 2
0 1 86 50 0 2
0 1 100 25 0 4
0 1 42 18 0 0
0 1 21 13 0 0
0 1 61 27 1 2
0 1 120 24 0 0
0 1 89 33 1 3
0 1 46 45 1 1
0 1 43 51 1 1
0 1 22 9 0 4
0 1 58 9 0 0
0 1 48 32 1 1
0 1 109 6 1 1
0 1 114 35 0 1
0 1 64 0 0 2
0 1 3 15 1 0
0 1 124 27 0 3
0 1 38 18 1 2
0 1 91 34 1 0
0 1 17 47 1 2
0 1 128 3 0 2
0 1 98 46 1 0
0 1 136 9 0 3
0 1 44 43 0 3
0 1 76 43 1 4
0 1 130 44 1 0
0 1 3 3 0 3
0 1 121 4 1 3
0 1 93 47 0 0
0 1 45 17 1 3
0 1 1 22 0 4
0 1 59 17 0 0
0 1 130 53 0 4
0 1 114 32 1 3
0 1 70 21 1 3
0 1 18 5 0 2
0 1 30 16 1 2
0 1 2 3 0 4
0 1 10 26 0 2
0 1 36 7 0 3
0 1 85 8 1 1
0 1 128 19 1 2
0 1 78 22 1 2
0 1 139 21 0 4
0 1 107 20 1 4
0 1 41 50 0 4
0 1 133 42 1 2
0 1 25 0 1 0
0 1 100 9 1 2
0 1 25 29 0 2
0 1 5 47 1 3
0 1 120 33 1 2
0 1 137 28 0 4
0 1 132 13 1 1
0 1 55 13 0 3
0 1 127 37 0 0
0 1 21 12 1 2
0 1 38 49 0 0
0 1 9 38 0 3
0 1 10 13 1 4
0 1 97 28 0 1
0 1 20 1 0 1
0 1 99 37 1 4
0 1 18 17 1 4
0 1 23 54 0 2
0 1 30 39 0 2
0 1 79 33 0 4
0 1 94 12 1 4
0 1 111 51 1 3
0 1 84 32 1 0
0 1 127 36 1 4
0 1 129 48 0 4
0 1 129 11 1 1
0 1 81 53 1 1
0 1 79 10 1 1
0 1 135 20 1 2
0 1 53 14 0 4
0 1 103 55 0 2
0 1 132 34 0 1
0 1 17 11 0 0
0 1 47 2 0 1
0 1 61 52 0 4
0 1 87 44 0 1
0 1 34 23 1 2
0 1 64 19 1 0
0 1 45 11 0 4
0 1 124 46 1 4
0 1 29 29 1 1
0 1 83 17 0 1
0 1 117 18 1 1
0 1 68 40 0 0
0 1 131 10 1 4
0 1 16 1 1 4
0 1 57 26 1 3
0 1 62 36 1 2
0 1 62 42 0 0
0 1 56 45 0 3
0 1 6 41 0 0
0 1 104 35 1 0
0 1 85 30 0 3
0 1 13 52 1 3
0 1 49 24 0 2
0 1 8 53 0 0
0 1 14 21 0 1
0 1 46 47 0 1
0 1 52 2 0 3
0 1 82 23 1 4
0 1 31 3 0 0
0 1 72 23 0 0
0 1 35 45 0 0
0 1 92 7 1 2
0 1 32 12 0 1
0 1 42 21 1 0
0 1 75 6 0 4
0 1 52 43 1 0
0 1 51 46 1 1
0 1 74 38 0 4
0 1 91 1 0 0
0 1 44 50 1 3
0 1 20 46 1 3
