0 1 47 4 1 0
0 1 9 50 0 2
0 1 124 25 1 1
0 1 105 43 1 0
0 1 130 49 1 3
0 1 111 54 0 2
0 1 63 20 1 2
0 1 99 28 1 4
0 1 23 36 1 4
0 1 81 30 1 1
0 1 27 21 1 0
0 1 107 51 1 3
0 1 123 54 1 1
0 1 76 42 1 2
0 1 94 43 1 3
0 1 125 12 1 3
0 1 120 46 0 4
0 1 126 52 1 3
0 1 137 45 1 1
0 1 68 9 1 0
0 1 31 37 1 4
0 1 0 9 1 3
0 1 11 5 1 2
0 1 13 25 1 0
0 1 121 11 0 2
0 1 24 50 0 0
0 1 119 6 1 1
0 1 38 27 1 3
0 1 125 48 0 1
0 1 132 36 1 1
0 1 64 55 1 1
0 1 58 15 0 3
0 1 42 6 0 2
0 1 36 8 0 2
0 1 15 0 0 0
0 1 75 13 0 2
0 1 39 52 1 1
0 1 48 46 1 2
0 1 37 3 0 3
0 1 91 50 0 4
0 1 128 35 1 0
0 1 24 0 1 2
0 1 106 51 0 4
0 1 134 23 1 4
0 1 52 21 0 3
0 1 97 50 1 3
0 1 90 49 1 0
0 1 17 14 0 4
0 1 74 20 1 3
0 1 108 17 1 4
0 1 53 28 1 1
0 1 4 24 0 4
0 1 68 47 0 4
0 1 139 5 1 0
0 1 18 22 0 2
0 1 135 26 1 2
0 1 52 28 1 2
0 1 17 27 1 2
0 1 8 11 1 1
0 1 16 49 1 2
0 1 57 3 1 2
0 1 13 13 0 3
0 1 12 43 0 1
0 1 20 11 1 0
0 1 116 51 0 1
0 1 14 18 1 0
0 1 72 27 1 4
0 1 59 23 0 3
0 1 34 55 0 3
0 1 32 32 0 3
0 1 101 44 0 1
0 1 106 48 1 4
0 1 64 30 0 2
0 1 114 39 1 4
0 1 51 41 1 3
0 1 3 31 1 1
0 1 135 19 0 0
0 1 40 48 1 2
0 1 117 50 1 1
0 1 131 38 0 2
0 1 88 38 1 3
0 1 33 0 1 4
0 1 45 17 1 0
0 1 44 39 0 1
0 1 112 35 0 3
0 1 79 38 1 4
0 1 137 16 0 0
0 1 115 33 0 4
0 1 115 2 1 0
0 1 96 10 1 4
0 1 75 24 1 2
0 1 133 27 0 1
0 1 12 32 1 4
0 1 9 7 1 2
0 1 130 37 0 0
0 1 87 53 0 3
0 1 89 24 0 1
0 1 3 44 0 0
0 1 95 41 1 1
0 1 102 16 0 1
0 1 104 10 0 1
0 1 20 5 0 4
0 1 54 47 0 3
0 1 25 36 1 3
0 1 1 4 1 2
0 1 37 40 1 0
0 1 5 9 0 1
0 1 85 48 1 3
0 1 82 8 1 0
0 1 2 41 1 4
0 1 11 33 0 1
0 1 65 26 0 0
0 1 99 21 0 4
0 1 127 40 1 2
0 1 22 19 1 2
0 1 69 3 0 1
0 1 33 23 0 0
0 1 92 22 0 1
0 1 36 13 1 1
0 1 109 32 0 2
0 1 67 18 0 1
0 1 35 1 0 2
0 1 70 12 1 1
0 1 101 13 1 0
0 1 51 26 0 4
0 1 39 26 0 1
0 1 25 47 0 0
0 1 57 46 0 3
0 1 133 30 1 0
0 1 79 31 0 0
0 1 58 42 1 3
0 1 98 34 0 2
0 1 46 5 1 1
0 1 124 6 0 4
0 1 122 12 0 4
0 1 27 28 0 3
0 1 113 15 1 0
0 1 93 19 1 4
0 1 116 7 1 3
0 1 111 29 1 4
0 1 93 49 0 4
0 1 46 51 0 0
0 1 41 47 1 1
0 1 21 21 1 1
0 1 108 31 0 2
0 1 55 22 0 4
0 1 86 2 1 4
0 1 118 52 1 0
0 1 48 4 0 4
0 1 61 6 0 0
0 1 86 31 0 4
0 1 7 45 0 3
0 1 85 52 0 2
0 1 60 17 0 3
0 1 30 25 0 3
0 1 73 46 0 1
0 1 59 29 1 1
0 1 55 26 1 3
0 1 77 42 1 1
0 1 77 21 0 2
0 1 78 18 0 4
0 1 95 18 0 3
0 1 69 40 1 3
0 1 71 55 0 2
0 1 6 41 1 0
0 1 112 53 1 2
0 1 31 35 0 1
0 1 84 25 1 4
0 1 7 17 1 2
0 1 114 34 0 0
0 1 74 17 0 1
0 1 117 10 0 2
0 1 44 54 1 0
0 1 47 0 0 3
0 1 32 29 1 0
0 1 80 42 0 4
0 1 29 55 1 4
0 1 105 45 0 0
0 1 113 44 0 4
0 1 54 35 1 2
0 1 63 36 0 2
0 1 109 3 1 4
0 1 30 11 1 4
0 1 10 35 0 4
0 1 15 23 1 2
0 1 92 32 1 1
0 1 18 29 1 2
0 1 123 14 0 2
0 1 76 30 0 3
0 1 42 1 1 1
0 1 120 2 1 3
0 1 129 42 0 0
0 1 78 38 1 0
0 1 4 54 1 4
0 1 14 10 0 3
0 1 6 1 0 0
0 1 65 31 1 3
0 1 88 28 0 0
0 1 56 34 1 1
0 1 38 7 0 0
0 1 89 1 1 3
0 1 16 1 0 4
0 1 118 25 0 2
0 1 1 44 0 3
0 1 34 2 1 1
0 1 26 34 0 4
0 1 41 20 0 0
0 1 91 4 1 1
0 1 2 41 0 2
0 1 103 53 0 4
0 1 128 14 0 0
0 1 94 20 0 1
0 1 66 34 0 3
0 1 97 9 0 2
0 1 26 7 1 1
0 1 82 22 0 0
0 1 126 38 0 1
0 1 35 43 1 2
0 1 49 36 0 0
0 1 122 40 1 1
0 1 107 39 0 2
0 1 102 11 1 3
0 1 100 52 1 4
0 1 136 10 1 0
0 1 62 20 1 4
0 1 119 16 0 2
0 1 23 27 0 0
0 1 19 23 0 1
0 1 73 12 1 0
0 1 28 30 1 4
0 1 131 37 1 2
0 1 132 2 0 2
0 1 22 46 0 0
0 1 138 29 1 3
0 1 138 55 0 0
0 1 50 24 0 0
0 1 83 22 0 3
0 1 60 13 1 4
0 1 96 45 0 2
0 1 56 40 0 4
0 1 29 5 0 3
0 1 5 24 1 3
0 1 45 32 0 0
0 1 110 8 1 4
0 1 90 48 0 0
0 1 49 6 1 3
0 1 81 9 0 4
0 1 110 49 0 1
0 1 83 33 1 2
0 1 129 33 1 3
0 1 10 43 1 4
0 1 40 19 0 1
0 1 84 16 0 3
0 1 67 12 1 2
0 1 103 47 1 2
0 1 0 54 0 3
0 1 66 15 1 1
0 1 43 53 1 0
0 1 71 51 1 2
0 1 139 0 0 1
0 1 87 37 1 1
0 1 28 45 0 4
0 1 104 16 1 4
0 1 8 3 0 0
0 1 134 14 0 3
0 1 121 4 1 3
0 1 72 39 0 0
0 1 100 8 0 3
0 1 136 7 0 4
0 1 62 18 0 2
0 1 80 15 1 4
0 1 53 44 0 2
0 1 43 19 0 3
0 1 19 8 1 1
0 1 70 14 0 1
0 1 98 53 1 1
0 1 61 37 1 3
0 1 21 39 0 3
0 1 50 15 1 2
0 1 127 33 0 0
