0 1 88 1 1 1
0 1 68 50 1 2
0 1 24 2 1 2
0 1 17 43 1 3
0 1 102 7 0 1
0 1 91 45 1 4
0 1 80 25 0 3
0 1 25 2 0 1
0 1 52 5 1 2
0 1 130 20 1 1
0 1 66 52 0 4
0 1 40 14 0 1
0 1 41 15 1 1
0 1 117 1 0 4
0 1 28 10 1 4
0 1 16 21 1 3
0 1 117 6 1 0
0 1 120 34 0 1
0 1 126 39 0 0
0 1 11 21 1 2
0 1 101 47 1 0
0 1 82 6 0 4
0 1 116 38 1 2
0 1 0 9 0 2
0 1 79 13 0 2
0 1 45 14 0 0
0 1 90 9 1 3
0 1 129 31 1 0
0 1 14 40 1 0
0 1 1 44 1 1
0 1 53 46 1 1
0 1 92 28 1 1
0 1 83 21 0 1
0 1 64 9 1 4
0 1 51 15 1 2
0 1 136 42 1 1
0 1 42 11 1 3
0 1 49 12 1 4
0 1 11 3 0 1
0 1 18 38 1 4
0 1 14 53 0 4
0 1 21 32 1 2
0 1 71 51 0 1
0 1 3 42 0 0
0 1 101 51 0 2
0 1 13 20 0 3
0 1 35 24 0 2
0 1 128 32 1 0
0 1 33 15 0 4
0 1 29 39 1 2
0 1 119 12 0 1
0 1 65 6 1 3
0 1 54 45 1 2
0 1 114 30 1 1
0 1 95 9 1 0
0 1 129 3 0 2
0 1 38 51 1 3
0 1 26 0 0 3
0 1 9 29 1 2
0 1 88 20 0 0
0 1 131 33 1 0
0 1 16 29 0 0
0 1 7 29 1 4
0 1 96 54 0 3
0 1 80 0 1 2
0 1 54 19 0 2
0 1 97 47 0 3
0 1 110 26 1 1
0 1 89 38 1 3
0 1 127 38 1 1
0 1 109 35 1 3
0 1 107 7 1 0
0 1 108 20 0 4
0 1 131 53 0 0
0 1 13 24 1 3
0 1 99 50 1 3
0 1 124 35 1 0
0 1 108 30 1 3
0 1 134 36 0 3
0 1 46 32 0 3
0 1 32 15 1 0
0 1 106 52 0 2
0 1 115 18 0 4
0 1 113 46 0 3
0 1 128 18 0 3
0 1 125 8 0 3
0 1 55 16 0 3
0 1 12 22 1 0
0 1 48 55 1 0
0 1 118 45 1 0
0 1 138 12 0 3
0 1 39 4 1 3
0 1 31 41 0 4
0 1 23 27 1 2
0 1 82 42 1 4
0 1 51 30 0 2
0 1 71 49 1 2
0 1 95 8 0 2
0 1 5 19 0 4
0 1 18 29 0 1
0 1 112 37 0 3
0 1 12 11 0 4
0 1 29 26 0 3
0 1 87 5 1 1
0 1 34 14 0 4
0 1 72 0 1 1
0 1 104 40 0 2
0 1 102 8 1 0
0 1 35 31 1 2
0 1 73 8 0 1
0 1 109 48 0 1
0 1 43 34 1 2
0 1 114 48 0 4
0 1 65 3 0 3
0 1 127 22 0 1
0 1 67 26 1 0
0 1 98 21 1 4
0 1 68 55 0 3
0 1 17 28 0 3
0 1 123 39 0 3
0 1 44 42 0 3
0 1 44 16 1 2
0 1 74 22 1 4
0 1 10 34 0 3
0 1 121 19 0 3
0 1 112 1 1 2
0 1 94 14 1 3
0 1 55 50 1 1
0 1 116 38 0 0
0 1 61 25 0 4
0 1 100 31 1 3
0 1 137 55 0 1
0 1 100 13 0 3
0 1 76 54 1 4
0 1 73 13 1 4
0 1 77 19 0 1
0 1 78 48 0 3
0 1 24 43 0 2
0 1 81 55 1 4
0 1 30 8 1 4
0 1 3 36 1 2
0 1 46 46 1 2
0 1 9 4 0 4
0 1 69 54 0 0
0 1 59 39 0 4
0 1 86 17 1 1
0 1 92 28 0 4
0 1 60 34 1 4
0 1 15 44 0 2
0 1 103 55 0 2
0 1 27 7 0 3
0 1 89 44 0 3
0 1 93 46 1 0
0 1 123 40 1 3
0 1 125 26 1 4
0 1 4 19 0 0
0 1 41 11 0 1
0 1 113 49 1 4
0 1 63 7 0 4
0 1 33 18 1 1
0 1 66 46 1 4
0 1 19 0 1 4
0 1 47 52 0 1
0 1 111 14 0 2
0 1 134 26 1 2
0 1 107 40 0 4
0 1 126 44 1 4
0 1 70 31 0 1
0 1 52 33 0 3
0 1 15 25 1 2
0 1 84 10 1 3
0 1 37 54 0 2
0 1 58 52 0 3
0 1 47 20 1 2
0 1 135 28 1 2
0 1 56 41 1 3
0 1 85 10 1 1
0 1 90 51 0 4
0 1 32 11 0 2
0 1 87 27 0 3
0 1 27 36 1 4
0 1 133 28 0 0
0 1 99 13 0 0
0 1 119 27 1 4
0 1 59 48 1 2
0 1 58 45 1 1
0 1 2 5 1 4
0 1 38 51 0 0
0 1 31 17 1 3
0 1 8 30 1 4
0 1 96 33 1 2
0 1 97 41 1 0
0 1 45 49 1 0
0 1 115 39 1 1
0 1 7 45 0 3
0 1 10 32 1 4
0 1 64 13 0 1
0 1 120 53 1 3
0 1 122 9 1 1
0 1 42 43 0 1
0 1 50 23 1 2
0 1 25 5 1 0
0 1 136 10 0 0
0 1 43 23 0 3
0 1 86 24 0 4
0 1 8 25 0 1
0 1 74 1 0 3
0 1 6 2 0 4
0 1 83 47 1 2
0 1 53 4 0 2
0 1 110 32 0 1
0 1 132 12 0 0
0 1 63 31 1 4
0 1 103 3 1 4
0 1 98 53 0 1
0 1 77 10 1 2
0 1 61 4 1 1
0 1 50 49 0 1
0 1 1 2 0 0
0 1 139 7 0 2
0 1 94 34 0 0
0 1 28 37 0 2
0 1 111 6 1 1
0 1 36 47 0 1
0 1 122 35 0 2
0 1 118 21 0 0
0 1 40 41 1 2
0 1 5 23 1 1
0 1 57 22 1 2
0 1 84 17 0 0
0 1 19 54 0 1
0 1 6 43 1 4
0 1 30 16 0 1
0 1 124 50 0 4
0 1 48 49 0 3
0 1 75 18 0 0
0 1 60 42 0 2
0 1 133 33 1 1
0 1 91 23 0 4
0 1 20 11 0 0
0 1 49 5 0 3
0 1 76 43 0 0
0 1 57 37 0 0
0 1 137 36 1 1
0 1 26 35 1 1
0 1 22 24 1 0
0 1 2 0 0 0
0 1 104 27 1 0
0 1 85 48 0 0
0 1 62 40 0 1
0 1 81 16 0 0
0 1 79 33 1 4
0 1 36 37 1 4
0 1 105 27 0 1
0 1 4 2 1 3
0 1 39 12 0 2
0 1 72 24 0 1
0 1 67 29 0 3
0 1 0 6 1 2
0 1 135 35 0 4
0 1 70 16 1 4
0 1 93 17 0 4
0 1 139 17 1 2
0 1 62 52 1 0
0 1 56 25 0 0
0 1 23 36 0 0
0 1 20 23 1 0
0 1 130 15 0 3
0 1 21 1 0 0
0 1 105 30 1 0
0 1 37 44 1 0
0 1 132 4 1 0
0 1 78 22 1 3
0 1 22 41 0 1
0 1 138 3 1 0
0 1 69 18 1 2
0 1 121 53 1 2
0 1 106 47 1 4
0 1 75 37 1 1
0 1 34 50 1 0
