0 1 78 24 1 0
0 1 64 22 0 2
0 1 110 49 0 3
0 1 108 36 0 4
0 1 4 38 0 3
0 1 119 43 1 2
0 1 136 13 1 4
0 1 70 18 1 0
0 1 19 35 0 1
0 1 72 45 0 3
0 1 62 34 0 1
0 1 6 17 0 3
0 1 84 44 0 3
0 1 9 21 1 2
0 1 96 21 0 0
0 1 11 1 0 1
0 1 76 33 1 0
0 1 35 1 1 0
0 1 24 17 1 2
0 1 13 22 0 1
0 1 49 55 1 3
0 1 59 47 1 4
0 1 33 18 0 2
0 1 134 32 1 4
0 1 5 39 0 1
0 1 29 46 0 0
0 1 138 7 0 4
0 1 97 54 1 0
0 1 132 22 1 0
0 1 37 48 1 2
0 1 47 37 1 4
0 1 102 44 1 4
0 1 12 48 0 3
0 1 117 6 1 0
0 1 28 49 0 1
0 1 122 0 1 4
0 1 67 28 1 3
0 1 51 39 0 0
0 1 34 0 1 3
0 1 61 13 0 2
0 1 47 5 0 2
0 1 6 20 1 0
0 1 133 27 1 1
0 1 83 38 0 0
0 1 79 6 0 4
0 1 56 29 0 2
0 1 77 27 1 4
0 1 106 37 0 0
0 1 137 48 0 1
0 1 87 9 0 3
0 1 112 30 1 4
0 1 89 13 0 0
0 1 30 26 1 1
0 1 39 6 0 2
0 1 101 43 1 4
0 1 82 51 1 1
0 1 115 1 0 2
0 1 14 35 0 0
0 1 57 38 1 1
0 1 134 23 0 3
0 1 95 24 1 3
0 1 28 10 1 1
0 1 32 9 1 0
0 1 9 2 0 1
0 1 86 18 0 1
0 1 137 41 1 2
0 1 104 5 0 3
0 1 106 7 1 0
0 1 118 32 1 1
0 1 135 26 0 4
0 1 42 13 1 1
0 1 2 54 1 3
0 1 96 24 1 1
0 1 123 29 0 1
0 1 54 35 1 4
0 1 129 55 0 2
0 1 112 22 0 4
0 1 26 15 1 3
0 1 136 19 0 4
0 1 76 42 0 2
0 1 66 25 1 0
0 1 98 25 0 2
0 1 80 23 1 1
0 1 41 2 1 3
0 1 111 31 0 1
0 1 48 46 1 1
0 1 25 25 1 1
0 1 127 37 1 1
0 1 60 8 0 2
0 1 22 47 0 3
0 1 55 14 0 0
0 1 21 9 1 2
0 1 46 6 1 1
0 1 69 53 1 0
0 1 63 4 1 1
0 1 55 15 1 0
0 1 95 34 0 0
0 1 20 20 0 3
0 1 30 14 0 1
0 1 123 20 1 4
0 1 23 48 0 4
0 1 94 11 0 4
0 1 26 53 0 2
0 1 65 14 0 4
0 1 100 50 1 1
0 1 128 3 1 3
0 1 50 43 0 1
0 1 85 16 1 2
0 1 52 15 1 1
0 1 5 7 1 2
0 1 110 12 1 4
0 1 35 40 0 3
0 1 29 40 1 2
0 1 75 55 1 4
0 1 71 13 0 3
0 1 45 46 0 4
0 1 88 5 1 0
0 1 125 11 0 1
0 1 126 41 0 1
0 1 122 27 0 2
0 1 72 29 1 3
0 1 105 47 0 1
0 1 15 54 1 4
0 1 27 12 1 1
0 1 37 37 0 3
0 1 116 3 1 1
0 1 15 49 0 0
0 1 3 40 0 1
0 1 131 14 0 3
0 1 61 54 1 1
0 1 130 52 0 2
0 1 17 50 0 4
0 1 45 35 1 2
0 1 89 47 1 2
0 1 74 2 0 4
0 1 68 31 1 4
0 1 82 54 0 2
0 1 75 52 0 1
0 1 139 45 1 4
0 1 81 26 1 2
0 1 121 7 1 1
0 1 2 10 0 3
0 1 120 50 1 0
0 1 41 34 0 4
0 1 16 5 0 4
0 1 135 19 1 0
0 1 43 21 1 4
0 1 139 44 0 1
0 1 99 42 0 1
0 1 24 10 0 0
0 1 44 2 0 0
0 1 39 39 1 2
0 1 71 6 1 3
0 1 19 8 1 0
0 1 103 55 0 1
0 1 98 25 1 3
0 1 83 52 1 0
0 1 36 33 1 4
0 1 133 38 0 2
0 1 52 32 0 2
0 1 11 4 1 3
0 1 8 29 0 4
0 1 50 45 1 2
0 1 51 0 1 2
0 1 70 18 0 3
0 1 12 53 1 3
0 1 77 42 0 0
0 1 103 41 1 0
0 1 14 46 1 2
0 1 74 36 1 3
0 1 68 4 0 4
0 1 38 41 0 4
0 1 129 36 1 0
0 1 88 5 0 1
0 1 21 8 0 3
0 1 44 30 1 2
0 1 107 23 1 4
0 1 114 11 0 0
0 1 108 45 1 0
0 1 0 52 0 3
0 1 42 49 0 2
0 1 111 18 1 4
0 1 43 43 0 3
0 1 58 43 0 0
0 1 84 7 1 3
0 1 1 40 0 0
0 1 0 19 1 2
0 1 48 17 0 1
0 1 87 34 1 2
0 1 64 9 1 1
0 1 57 4 0 0
0 1 93 50 1 2
0 1 109 52 1 4
0 1 10 30 0 1
0 1 17 16 1 4
0 1 100 25 0 4
0 1 80 42 0 3
0 1 79 31 1 3
0 1 56 1 1 4
0 1 7 49 0 4
0 1 132 15 0 4
0 1 7 53 1 1
0 1 38 42 1 4
0 1 128 46 0 3
0 1 53 20 1 2
0 1 114 8 1 4
0 1 59 10 0 4
0 1 20 33 1 1
0 1 125 32 1 3
0 1 63 28 0 0
0 1 18 37 0 2
0 1 90 15 0 2
0 1 60 39 1 3
0 1 36 27 0 0
0 1 40 55 1 0
0 1 58 33 1 3
0 1 54 1 0 3
0 1 78 41 0 3
0 1 62 0 1 0
0 1 130 2 1 2
0 1 3 36 1 2
0 1 18 51 1 3
0 1 31 53 0 4
0 1 97 29 0 0
0 1 109 33 0 2
0 1 107 11 0 3
0 1 138 36 1 1
0 1 13 28 1 2
0 1 31 50 1 3
0 1 115 21 1 1
0 1 73 34 1 3
0 1 105 30 1 3
0 1 126 31 1 2
0 1 92 48 1 0
0 1 121 31 0 0
0 1 81 39 0 4
0 1 33 22 1 3
0 1 91 23 0 0
0 1 1 3 1 2
0 1 34 21 0 3
0 1 124 0 0 1
0 1 92 28 0 4
0 1 73 19 0 1
0 1 66 28 0 1
0 1 16 44 1 2
0 1 32 51 0 2
0 1 91 10 1 2
0 1 93 9 0 4
0 1 25 38 0 4
0 1 49 11 0 2
0 1 131 24 1 2
0 1 67 45 0 1
0 1 127 51 0 0
0 1 86 47 1 0
0 1 104 26 1 3
0 1 99 12 1 2
0 1 8 3 1 4
0 1 69 4 0 2
0 1 120 3 0 0
0 1 53 17 0 4
0 1 113 14 1 2
0 1 4 16 1 0
0 1 102 8 0 1
0 1 101 51 0 4
0 1 90 30 1 0
0 1 118 27 0 3
0 1 85 32 0 0
0 1 40 17 0 0
0 1 113 12 0 0
0 1 65 26 1 0
0 1 116 44 0 0
0 1 94 24 1 4
0 1 117 23 0 2
0 1 27 16 0 3
0 1 10 16 1 1
0 1 22 20 1 1
0 1 124 19 1 3
0 1 119 35 0 3
0 1 23 40 1 4
0 1 46 12 0 3
