mmer1	mmer2
13	187
125	195
88	193
146	162
84	185
127	169
120	174
105	190
21	185
133	182
140	193
18	192
109	170
58	162
11	197
37	171
47	154
101	181
68	170
62	167
143	156
136	182
134	177
51	180
95	158
107	155
20	167
12	160
29	199
99	181
16	183
70	185
7	187
145	178
106	176
134	153
8	160
130	191
102	186
98	171
46	152
67	183
101	155
11	180
79	164
93	166
15	155
118	157
103	169
44	186
104	187
2	158
91	190
3	177
86	194
108	175
116	168
30	159
96	159
100	161
96	178
128	155
124	159
30	156
5	169
131	196
85	197
109	188
19	163
45	190
98	183
34	179
144	150
135	151
0	178
14	150
1	197
49	196
137	164
79	150
56	170
129	195
46	153
90	155
14	158
41	174
25	167
80	168
76	194
132	196
35	193
122	178
140	184
52	170
108	189
4	157
78	195
84	176
148	178
115	175
15	188
23	165
119	151
23	196
87	162
10	156
34	166
31	172
86	177
125	179
116	187
139	165
124	193
24	158
74	185
99	153
43	199
40	192
120	176
146	168
68	198
141	156
60	156
53	175
147	192
41	167
36	175
77	190
37	186
139	199
112	199
17	189
21	175
85	161
72	182
12	160
113	194
3	177
100	157
118	194
80	163
81	170
92	165
17	196
147	163
55	152
143	183
74	169
83	191
67	172
111	176
52	161
9	173
7	159
144	184
105	150
22	173
8	179
1	191
76	186
55	184
35	178
104	160
141	184
82	157
51	195
115	197
39	153
25	191
64	188
65	163
63	168
136	154
131	196
130	161
149	173
33	199
126	173
87	190
16	164
66	198
59	180
33	182
94	179
48	169
58	194
112	188
110	171
48	181
65	162
81	180
149	164
135	181
6	151
31	188
69	180
138	176
128	189
117	172
89	154
113	160
133	157
93	156
111	197
28	193
73	151
28	152
27	171
107	192
4	153
32	184
61	198
62	158
137	165
5	166
57	181
106	159
45	187
42	171
78	152
127	172
2	154
73	166
71	170
97	183
114	186
94	180
40	165
50	158
60	168
88	163
10	174
24	181
42	162
71	169
75	195
50	187
70	177
47	157
121	152
61	150
29	198
110	167
63	166
49	173
6	191
91	164
114	161
138	168
122	179
56	151
117	172
53	184
126	193
59	174
27	198
132	150
57	189
54	154
54	189
129	165
38	192
119	174
26	183
39	182
123	195
145	185
95	163
64	151
75	194
142	171
22	154
142	167
121	175
36	182
102	164
89	155
43	176
32	166
97	162
18	198
13	179
19	197
123	173
44	174
20	189
0	161
69	152
9	160
103	159
38	186
90	190
72	191
148	172
83	192
66	188
26	153
82	185
92	177
77	199
