mmer1	mmer2
15	193
78	169
108	153
30	182
90	181
12	171
17	172
123	190
128	171
108	179
60	167
87	176
56	155
94	167
140	192
18	190
138	166
88	176
77	186
129	192
42	181
122	166
50	179
72	152
126	168
55	153
39	175
136	195
50	173
76	187
137	170
32	184
101	180
9	196
20	173
94	160
7	165
53	152
120	158
49	165
146	162
35	178
135	153
95	178
133	199
14	194
113	155
118	186
112	193
125	189
85	196
142	168
73	166
112	174
28	158
67	150
22	185
69	183
129	186
25	164
127	172
30	183
97	199
79	191
115	159
23	183
88	183
9	154
145	193
59	150
63	161
59	160
65	199
104	164
124	176
121	180
131	151
102	190
46	196
147	174
63	185
8	182
110	155
141	189
82	185
0	177
122	192
130	158
41	198
111	174
25	168
17	150
57	183
58	191
80	154
138	175
91	192
98	190
62	190
47	176
106	196
64	180
89	161
71	172
26	178
8	178
12	164
31	168
19	159
98	160
10	169
117	193
123	160
103	156
3	161
49	173
86	198
41	163
139	176
44	182
38	188
119	192
5	171
22	173
72	152
48	161
143	150
34	155
102	159
66	175
75	190
44	199
105	170
125	181
134	175
74	186
104	197
20	195
32	180
103	152
121	152
43	162
40	195
16	187
36	166
2	198
52	191
13	151
107	197
45	158
114	151
54	156
92	157
137	156
106	198
81	154
23	162
19	199
5	191
113	162
100	175
134	197
61	167
48	159
100	153
111	185
74	191
77	174
148	163
75	197
132	169
149	164
61	189
66	165
79	182
53	165
60	181
71	198
131	178
34	169
81	152
141	194
143	156
146	161
78	179
68	160
145	160
0	187
3	196
147	156
95	156
39	154
38	194
67	184
83	171
65	157
89	170
15	177
35	183
107	187
130	188
24	170
13	166
16	187
93	188
27	189
42	169
21	151
90	182
92	163
57	159
135	157
58	182
83	168
24	172
43	198
37	165
36	179
69	177
45	155
119	173
10	179
55	167
84	185
110	172
109	186
87	174
114	188
51	194
115	153
64	175
99	180
96	158
99	164
128	194
51	197
86	195
52	176
29	191
133	177
40	151
7	195
140	184
144	184
11	170
73	177
6	157
124	164
26	199
93	163
4	167
148	181
96	193
47	171
1	167
85	184
120	157
144	189
31	188
149	195
127	168
62	162
136	193
109	159
80	166
37	169
2	163
116	196
18	177
70	181
29	154
91	179
54	163
11	155
56	189
101	162
27	180
97	172
142	161
4	188
84	171
28	187
46	178
21	151
6	194
33	150
117	153
118	192
126	197
14	186
70	185
105	174
68	173
76	157
82	154
139	165
116	170
1	158
132	184
33	150
