mmer1	mmer2
136	191
122	168
139	157
30	192
129	160
8	156
58	176
14	162
130	195
48	162
18	195
42	168
76	179
62	152
111	172
145	167
129	182
81	199
138	191
67	150
107	170
138	161
115	198
51	175
87	185
143	167
135	176
77	196
148	154
23	164
54	187
42	173
40	198
80	184
147	155
113	185
61	159
63	173
27	173
52	187
133	179
73	151
92	186
118	177
1	161
99	189
142	173
100	170
103	186
72	166
93	154
47	153
15	174
124	156
141	185
88	168
99	189
96	194
120	179
121	154
50	183
119	187
39	150
133	180
123	158
111	151
33	181
47	177
71	199
57	165
107	198
119	199
143	169
34	194
20	185
97	166
56	188
24	180
19	158
115	157
55	169
90	155
102	163
6	190
89	192
57	165
110	152
22	155
31	178
104	182
25	183
101	197
126	153
66	190
41	176
126	195
116	188
86	151
137	187
23	188
127	180
125	193
59	153
125	156
37	175
65	173
146	181
46	192
45	182
70	189
53	175
64	153
51	171
72	183
2	197
78	155
10	153
145	170
44	199
94	190
17	188
33	167
28	183
25	193
3	150
22	182
114	171
105	165
0	176
0	186
106	176
114	152
43	189
9	196
113	162
26	178
24	158
98	168
48	195
87	175
36	171
38	191
8	163
79	192
80	151
29	191
128	164
6	177
11	160
146	159
32	160
71	190
74	171
34	152
54	179
109	190
35	170
112	167
103	181
52	166
75	154
95	153
53	169
90	152
100	182
77	151
104	184
91	170
45	164
84	154
82	186
134	184
116	199
61	169
117	196
102	192
43	189
13	161
74	178
149	158
75	186
101	171
93	164
83	175
98	155
16	164
121	196
4	168
131	180
68	180
97	169
21	177
46	195
147	181
7	198
144	160
13	157
127	192
142	193
1	183
66	156
38	159
11	162
124	197
64	171
18	159
60	159
132	184
17	174
9	174
73	158
134	165
88	185
92	172
79	166
85	193
106	181
94	194
19	186
95	188
21	172
67	161
118	178
5	168
96	162
105	181
16	187
137	165
117	197
20	175
55	193
44	163
27	174
136	177
31	174
78	157
139	159
86	150
39	157
141	150
69	156
10	152
3	196
91	193
81	166
49	177
36	191
32	163
14	172
50	178
82	191
65	166
63	196
62	197
29	169
128	172
4	167
83	179
59	170
108	199
58	190
85	151
28	176
84	161
123	165
49	154
144	160
110	150
135	173
130	195
149	194
112	172
109	185
40	194
132	188
12	167
122	163
15	155
30	184
35	198
68	178
12	183
60	198
69	158
5	163
131	180
120	156
7	184
2	161
70	179
76	194
41	187
140	182
26	197
140	164
56	162
108	174
89	157
37	189
148	160
