mmer1	mmer2
45	166
107	178
115	173
108	199
86	159
138	196
49	176
35	163
111	156
54	170
119	195
67	161
31	199
143	162
65	158
149	193
72	161
99	182
84	171
2	194
37	196
146	170
70	179
125	184
101	165
87	197
78	160
98	184
100	175
89	191
124	198
73	152
117	165
114	157
125	162
85	190
46	157
143	172
149	186
99	164
132	160
97	152
30	153
95	169
132	189
110	150
38	160
37	156
126	185
10	156
140	177
107	179
1	187
138	171
91	151
109	181
147	192
59	169
1	199
39	175
144	169
85	194
53	189
62	155
81	172
122	195
29	186
26	190
88	167
131	197
29	198
15	162
7	179
30	153
46	166
113	180
131	172
5	199
67	188
33	154
119	199
80	151
47	171
127	150
120	156
49	192
64	174
134	184
104	197
18	198
86	184
27	185
144	158
141	176
124	193
114	177
118	155
112	171
78	194
75	153
127	170
54	154
26	152
8	175
97	166
4	193
45	183
35	176
69	184
94	176
21	186
141	154
118	179
48	188
50	170
44	168
24	197
34	163
62	174
63	158
79	188
68	159
52	150
87	161
31	155
93	180
120	164
133	179
106	177
9	178
61	159
106	179
60	168
53	185
90	169
74	155
123	173
7	178
113	181
16	177
64	159
27	182
90	186
96	178
139	182
32	165
2	157
82	164
111	189
13	180
105	193
128	199
17	170
71	171
76	165
117	159
103	175
21	195
145	172
28	158
38	185
14	192
5	153
126	188
100	190
0	164
11	192
57	181
105	184
148	197
88	166
92	152
10	187
133	181
140	173
41	150
25	178
79	196
15	156
130	154
77	188
63	161
73	158
59	189
56	195
43	182
146	190
51	194
33	154
23	162
42	181
17	180
12	167
134	167
32	198
103	175
89	194
71	153
136	160
22	183
145	157
147	165
66	182
96	196
110	166
142	168
91	174
128	196
57	168
34	163
83	192
94	187
70	174
4	191
61	173
101	163
55	187
60	168
56	152
44	167
12	151
55	182
11	198
102	151
116	171
139	167
135	177
74	195
115	173
20	164
68	157
95	172
121	162
28	191
18	159
98	175
112	187
19	185
51	196
129	158
58	185
22	180
3	191
137	183
40	174
66	163
9	183
48	190
41	160
84	189
3	193
129	183
20	170
75	188
76	189
40	176
25	192
137	194
14	191
19	160
6	183
6	176
122	169
116	173
47	151
36	198
108	153
52	191
36	161
43	164
104	151
58	155
82	163
123	186
42	154
77	180
136	162
148	197
130	150
92	174
50	181
65	193
102	177
142	186
81	195
93	155
109	187
83	152
16	150
39	167
0	157
135	169
13	156
72	166
8	190
80	165
69	178
24	172
121	161
23	168
