mmer1	mmer2
126	151
113	150
122	154
139	194
140	198
60	195
37	174
11	167
125	181
142	177
27	172
26	163
138	169
129	181
133	168
2	172
82	187
75	160
89	155
105	178
71	190
101	188
147	175
31	183
24	164
108	186
41	152
118	157
2	167
134	157
100	170
127	177
40	152
120	195
21	171
136	150
138	163
99	153
149	150
90	179
121	196
52	194
81	182
42	158
68	198
37	183
47	185
1	154
36	199
70	173
98	180
15	156
59	156
149	159
12	151
67	186
71	190
148	182
94	179
32	169
142	180
24	161
104	192
54	169
78	196
64	155
19	168
52	165
102	189
79	191
96	174
36	153
85	182
132	154
107	199
81	192
67	182
16	168
76	185
33	172
109	161
115	185
69	184
93	174
4	172
91	193
38	174
17	179
97	175
70	166
1	197
80	181
48	154
106	186
9	187
55	173
59	170
51	174
146	177
61	197
23	198
49	161
99	165
127	153
124	186
30	158
104	179
22	184
92	194
130	187
49	175
38	183
147	189
145	151
75	197
19	171
74	172
10	156
120	181
4	165
50	187
116	165
64	170
86	176
136	183
69	193
135	199
144	159
146	185
35	184
44	195
44	189
118	165
57	195
117	173
73	197
82	173
130	153
107	198
5	196
56	180
16	189
60	188
114	184
6	194
116	178
134	162
141	188
105	177
63	182
31	199
14	168
13	193
28	176
43	198
5	191
94	158
78	177
112	193
100	193
131	164
26	172
95	166
21	171
87	159
128	156
57	169
92	168
88	155
84	156
143	195
80	170
42	152
72	171
35	192
33	160
124	197
40	192
117	159
8	178
135	166
62	171
119	167
110	191
12	180
111	152
0	161
114	160
3	159
58	191
119	163
25	155
65	167
76	188
143	169
23	161
88	191
123	163
30	150
148	162
29	173
63	184
18	157
29	178
85	199
115	160
72	164
111	182
84	186
66	194
132	167
15	190
55	175
7	153
20	160
83	153
39	160
17	171
102	166
128	162
121	163
122	158
28	176
45	188
7	189
86	155
46	177
103	190
103	164
65	166
50	168
45	198
3	189
11	196
139	176
97	162
91	184
137	183
46	187
141	150
22	196
123	157
95	154
79	192
62	179
34	150
129	176
9	162
96	181
66	159
53	151
109	151
43	192
68	196
14	164
73	178
20	170
101	158
13	169
93	152
77	151
87	174
112	175
98	185
51	167
125	161
41	190
131	190
126	158
0	188
56	166
89	155
144	187
145	183
6	154
133	199
110	175
113	191
77	181
61	193
74	176
48	164
54	180
83	152
8	157
39	197
53	186
47	180
27	179
32	165
140	185
108	195
137	162
25	156
58	173
10	163
34	157
106	170
18	194
90	178
