mmer1	mmer2
69	186
134	167
139	156
117	162
100	151
149	193
146	164
122	157
42	174
106	187
107	161
33	195
38	158
116	192
7	180
88	184
20	161
99	163
45	171
30	181
53	160
32	197
135	189
70	162
143	157
50	183
3	171
38	152
114	196
9	182
26	191
24	192
13	153
55	174
121	175
115	185
134	180
133	150
48	154
57	169
17	198
145	168
7	190
56	159
9	194
82	165
91	175
4	199
113	188
83	173
96	182
103	195
122	163
120	176
110	173
104	197
2	177
87	188
37	186
17	154
144	190
125	192
121	158
51	164
53	167
34	191
85	183
93	183
131	193
46	192
110	185
116	167
58	181
16	163
24	171
29	186
27	153
104	163
15	173
71	198
89	154
27	178
45	178
69	195
12	161
82	187
51	165
143	170
41	183
125	199
28	152
43	191
105	189
25	181
23	177
92	157
85	151
3	169
138	181
21	184
39	156
124	191
10	185
97	176
28	152
73	166
128	174
46	158
113	155
129	171
49	155
146	172
52	179
14	160
127	150
105	182
80	168
128	173
139	150
22	156
11	176
18	165
13	198
118	168
1	174
94	177
108	194
109	177
54	198
6	160
149	189
47	151
78	170
64	162
148	168
37	189
147	161
22	185
52	150
19	156
60	186
98	166
130	175
148	183
92	197
76	179
123	196
33	175
102	198
20	190
141	179
0	167
73	169
67	152
44	197
145	154
144	178
40	188
77	193
62	167
142	153
58	178
140	172
72	179
44	184
147	193
15	170
70	185
108	154
124	191
81	164
131	158
81	162
8	199
63	194
135	172
90	164
90	194
61	174
72	188
25	188
56	162
60	184
31	187
136	165
30	178
18	187
107	183
23	160
78	153
67	163
112	156
16	151
140	166
21	193
59	159
94	190
75	180
77	176
118	187
117	159
103	168
62	196
5	199
8	169
26	192
55	165
86	150
31	172
123	166
136	173
91	195
98	155
119	174
42	160
41	194
126	150
68	158
80	182
4	196
120	167
54	159
2	180
12	157
63	161
114	176
40	151
10	154
126	173
6	186
84	190
129	168
132	172
99	170
101	190
74	156
133	188
49	157
112	159
84	181
101	178
14	171
96	175
64	196
93	169
142	177
57	155
86	155
59	176
65	165
39	160
50	164
65	182
66	197
138	193
0	164
1	179
29	170
100	189
88	199
109	179
119	172
11	158
61	159
115	194
137	166
95	152
95	163
48	166
19	161
47	153
89	192
35	195
76	162
68	187
111	180
83	198
130	171
71	153
102	184
137	186
32	199
36	182
97	177
79	155
36	151
5	170
74	195
132	191
127	152
35	197
106	157
43	185
87	175
66	184
75	196
34	180
141	169
79	181
111	189
