0 1 7 29 0 0
0 1 20 18 0 0
0 1 22 21 0 0
0 1 24 39 0 0
0 1 33 3 0 0
0 1 39 48 0 0
0 1 41 23 0 0
0 1 54 29 0 0
0 1 58 42 0 0
0 1 65 46 0 0
0 1 70 47 0 0
0 1 73 22 0 0
0 1 74 26 0 0
0 1 77 27 0 0
0 1 83 4 0 0
0 1 118 7 0 0
0 1 71 48 0 0
0 1 13 2 0 0
0 1 81 1 0 0
0 1 85 8 0 0
0 1 137 25 0 0
0 1 111 18 0 0
0 1 111 2 0 0
0 1 52 49 0 0
0 1 92 48 0 0
0 1 124 20 0 0
0 1 37 21 0 0
0 1 125 31 0 0
0 1 22 8 0 0
0 1 28 53 0 0
0 1 56 32 0 0
0 1 82 10 0 0
0 1 16 7 0 0
0 1 30 14 0 0
0 1 66 11 0 0
0 1 15 23 0 0
0 1 42 29 0 0
0 1 6 9 0 0
0 1 60 51 0 0
0 1 88 40 0 0
0 1 96 41 0 0
0 1 101 5 0 0
0 1 135 24 0 0
0 1 136 50 0 0
0 1 109 36 0 0
0 1 8 20 0 0
0 1 99 36 0 0
0 1 130 0 0 0
0 1 57 55 0 0
0 1 60 23 0 0
0 1 81 0 0 0
0 1 114 15 0 0
0 1 18 55 0 0
0 1 79 46 0 0
0 1 76 30 0 0
0 1 97 12 0 0
0 1 98 43 0 0
0 1 34 24 0 0
0 1 29 28 0 0
0 1 65 54 0 0
0 1 126 27 0 0
0 1 76 6 0 0
0 1 61 49 0 0
0 1 126 5 0 0
0 1 120 46 0 0
0 1 2 5 0 0
0 1 128 38 0 0
0 1 1 51 0 0
0 1 45 13 0 0
0 1 4 33 0 0
0 1 23 44 0 0
0 1 63 34 0 0
0 1 131 41 0 0
0 1 42 45 0 0
0 1 20 13 0 0
0 1 100 38 0 0
0 1 55 37 0 0
0 1 69 50 0 0
0 1 25 17 0 0
0 1 89 26 0 0
0 1 17 14 0 0
0 1 33 16 0 0
0 1 116 18 0 0
0 1 59 9 0 0
0 1 40 31 0 0
0 1 134 28 0 0
0 1 73 24 0 0
0 1 64 9 0 0
0 1 97 35 0 0
0 1 136 52 0 0
0 1 123 55 0 0
0 1 0 30 0 0
0 1 86 5 0 0
0 1 10 40 0 0
0 1 24 42 0 0
0 1 90 39 0 0
0 1 21 25 0 0
0 1 36 20 0 0
0 1 117 51 0 0
0 1 118 28 0 0
0 1 119 43 0 0
0 1 90 52 0 0
0 1 9 39 0 0
0 1 82 6 0 0
0 1 132 34 0 0
0 1 94 4 0 0
0 1 139 19 0 0
0 1 21 54 0 0
0 1 135 46 0 0
0 1 72 32 0 0
0 1 77 48 0 0
0 1 2 11 0 0
0 1 58 21 0 0
0 1 131 5 0 0
0 1 129 11 0 0
0 1 10 33 0 0
0 1 38 15 0 0
0 1 39 14 0 0
0 1 49 44 0 0
0 1 79 17 0 0
0 1 37 10 0 0
0 1 139 47 0 0
0 1 133 8 0 0
0 1 121 36 0 0
0 1 104 10 0 0
0 1 127 47 0 0
0 1 51 36 0 0
0 1 50 36 0 0
0 1 87 51 0 0
0 1 92 15 0 0
0 1 48 48 0 0
0 1 5 28 0 0
0 1 32 22 0 0
0 1 121 45 0 0
0 1 3 7 0 0
0 1 29 29 0 0
0 1 116 21 0 0
0 1 95 1 0 0
0 1 8 4 0 0
0 1 49 2 0 0
0 1 54 50 0 0
0 1 28 17 0 0
0 1 127 19 0 0
0 1 53 32 0 0
0 1 86 45 0 0
0 1 104 3 0 0
0 1 14 32 0 0
0 1 84 40 0 0
0 1 7 50 0 0
0 1 36 33 0 0
0 1 123 30 0 0
0 1 115 47 0 0
0 1 26 26 0 0
0 1 72 52 0 0
0 1 128 11 0 0
0 1 75 28 0 0
0 1 91 19 0 0
0 1 15 51 0 0
0 1 14 45 0 0
0 1 17 20 0 0
0 1 40 41 0 0
0 1 68 24 0 0
0 1 50 23 0 0
0 1 6 12 0 0
0 1 56 41 0 0
0 1 98 45 0 0
0 1 107 42 0 0
0 1 51 15 0 0
0 1 66 26 0 0
0 1 101 25 0 0
0 1 35 49 0 0
0 1 78 34 0 0
0 1 43 16 0 0
0 1 80 3 0 0
0 1 103 54 0 0
0 1 112 39 0 0
0 1 44 8 0 0
0 1 132 35 0 0
0 1 102 38 0 0
0 1 47 30 0 0
0 1 59 0 0 0
0 1 57 39 0 0
0 1 67 40 0 0
0 1 68 17 0 0
0 1 23 17 0 0
0 1 61 46 0 0
0 1 62 49 0 0
0 1 103 7 0 0
0 1 95 22 0 0
0 1 48 22 0 0
0 1 38 20 0 0
0 1 105 53 0 0
0 1 94 7 0 0
0 1 3 2 0 0
0 1 78 44 0 0
0 1 75 42 0 0
0 1 35 0 0 0
0 1 27 50 0 0
0 1 113 6 0 0
0 1 80 54 0 0
0 1 108 0 0 0
0 1 105 30 0 0
0 1 44 49 0 0
0 1 124 4 0 0
0 1 122 24 0 0
0 1 110 9 0 0
