0 1 9 52 0 0
0 1 12 47 0 0
0 1 13 9 0 0
0 1 18 49 0 0
0 1 22 46 0 0
0 1 35 10 0 0
0 1 38 0 0 0
0 1 41 19 0 0
0 1 63 25 0 0
0 1 65 24 0 0
0 1 74 18 0 0
0 1 75 54 0 0
0 1 76 40 0 0
0 1 84 29 0 0
0 1 102 28 0 0
0 1 106 12 0 0
0 1 107 38 0 0
0 1 109 2 0 0
0 1 126 39 0 0
0 1 127 48 0 0
0 1 22 46 0 0
0 1 25 49 0 0
0 1 107 38 0 0
0 1 132 48 0 0
0 1 34 31 0 0
0 1 36 8 0 0
0 1 40 53 0 0
0 1 55 28 0 0
0 1 55 20 0 0
0 1 59 55 0 0
0 1 69 24 0 0
0 1 112 41 0 0
0 1 118 45 0 0
0 1 123 13 0 0
0 1 127 54 0 0
0 1 72 49 0 0
0 1 131 29 0 0
0 1 7 50 0 0
0 1 20 7 0 0
0 1 74 6 0 0
0 1 124 28 0 0
0 1 29 21 0 0
0 1 39 45 0 0
0 1 49 5 0 0
0 1 56 30 0 0
0 1 84 18 0 0
0 1 88 43 0 0
0 1 98 14 0 0
0 1 39 45 0 0
0 1 62 2 0 0
0 1 54 38 0 0
0 1 69 4 0 0
0 1 121 51 0 0
0 1 93 55 0 0
0 1 108 49 0 0
0 1 51 10 0 0
0 1 21 15 0 0
0 1 29 30 0 0
0 1 134 42 0 0
0 1 0 1 0 0
0 1 136 12 0 0
0 1 2 24 0 0
0 1 94 43 0 0
0 1 136 12 0 0
0 1 60 22 0 0
0 1 85 34 0 0
0 1 80 17 0 0
0 1 100 26 0 0
0 1 15 9 0 0
0 1 24 23 0 0
0 1 61 11 0 0
0 1 130 25 0 0
0 1 3 22 0 0
0 1 42 3 0 0
0 1 86 43 0 0
0 1 92 13 0 0
0 1 100 47 0 0
0 1 42 48 0 0
0 1 91 52 0 0
0 1 56 18 0 0
0 1 95 19 0 0
0 1 110 23 0 0
0 1 110 38 0 0
0 1 91 19 0 0
0 1 104 26 0 0
0 1 113 41 0 0
0 1 93 14 0 0
0 1 32 26 0 0
0 1 120 13 0 0
0 1 31 17 0 0
0 1 82 53 0 0
0 1 0 2 0 0
0 1 22 15 0 0
0 1 99 45 0 0
0 1 103 20 0 0
0 1 57 32 0 0
0 1 49 1 0 0
0 1 139 22 0 0
0 1 90 1 0 0
0 1 131 27 0 0
0 1 139 2 0 0
0 1 9 16 0 0
0 1 14 17 0 0
0 1 106 41 0 0
0 1 3 16 0 0
0 1 118 44 0 0
0 1 11 26 0 0
0 1 27 25 0 0
0 1 47 5 0 0
0 1 68 36 0 0
0 1 88 44 0 0
0 1 121 20 0 0
0 1 128 53 0 0
0 1 89 48 0 0
0 1 86 24 0 0
0 1 6 34 0 0
0 1 122 11 0 0
0 1 33 35 0 0
0 1 103 46 0 0
0 1 117 16 0 0
0 1 46 20 0 0
0 1 67 10 0 0
0 1 43 40 0 0
0 1 4 14 0 0
0 1 102 21 0 0
0 1 89 12 0 0
0 1 28 27 0 0
0 1 126 6 0 0
0 1 71 37 0 0
0 1 125 37 0 0
0 1 27 35 0 0
0 1 114 35 0 0
0 1 101 37 0 0
0 1 30 27 0 0
0 1 46 30 0 0
0 1 136 36 0 0
0 1 1 33 0 0
0 1 10 21 0 0
0 1 20 39 0 0
0 1 66 36 0 0
0 1 114 3 0 0
0 1 87 46 0 0
0 1 50 51 0 0
0 1 108 55 0 0
0 1 43 17 0 0
0 1 58 12 0 0
0 1 35 16 0 0
0 1 18 42 0 0
0 1 4 51 0 0
0 1 64 5 0 0
0 1 48 10 0 0
0 1 47 36 0 0
0 1 67 54 0 0
0 1 137 44 0 0
0 1 57 32 0 0
0 1 101 40 0 0
0 1 32 18 0 0
0 1 31 19 0 0
0 1 120 25 0 0
0 1 83 20 0 0
0 1 17 23 0 0
0 1 70 53 0 0
0 1 19 8 0 0
0 1 97 41 0 0
0 1 99 5 0 0
0 1 78 44 0 0
0 1 125 50 0 0
0 1 115 3 0 0
0 1 133 41 0 0
0 1 105 6 0 0
0 1 60 4 0 0
0 1 94 27 0 0
0 1 123 4 0 0
0 1 64 24 0 0
0 1 119 4 0 0
0 1 37 50 0 0
0 1 15 9 0 0
0 1 122 37 0 0
0 1 70 37 0 0
0 1 36 11 0 0
0 1 61 8 0 0
0 1 85 50 0 0
0 1 96 22 0 0
0 1 116 16 0 0
0 1 129 55 0 0
0 1 77 10 0 0
0 1 24 32 0 0
0 1 137 21 0 0
0 1 44 14 0 0
0 1 59 32 0 0
0 1 48 51 0 0
0 1 63 17 0 0
0 1 40 40 0 0
0 1 33 30 0 0
0 1 53 43 0 0
0 1 72 51 0 0
0 1 26 44 0 0
0 1 54 9 0 0
0 1 92 47 0 0
0 1 25 29 0 0
0 1 109 11 0 0
0 1 80 2 0 0
0 1 117 14 0 0
0 1 16 15 0 0
0 1 12 50 0 0
0 1 45 26 0 0
0 1 97 53 0 0
0 1 39 21 0 0
0 1 28 31 0 0
0 1 10 31 0 0
0 1 111 31 0 0
0 1 79 42 0 0
0 1 135 34 0 0
0 1 52 35 0 0
