0 1 0 41 0 0
0 1 34 40 0 0
0 1 37 29 0 0
0 1 39 3 0 0
0 1 42 23 0 0
0 1 44 4 0 0
0 1 74 21 0 0
0 1 79 8 0 0
0 1 82 31 0 0
0 1 88 20 0 0
0 1 92 19 0 0
0 1 100 2 0 0
0 1 108 38 0 0
0 1 112 21 0 0
0 1 117 14 0 0
0 1 124 17 0 0
0 1 132 13 0 0
0 1 136 16 0 0
0 1 44 4 0 0
0 1 51 25 0 0
0 1 82 31 0 0
0 1 112 2 0 0
0 1 116 5 0 0
0 1 11 34 0 0
0 1 50 41 0 0
0 1 123 17 0 0
0 1 23 3 0 0
0 1 116 38 0 0
0 1 8 37 0 0
0 1 28 15 0 0
0 1 57 32 0 0
0 1 126 30 0 0
0 1 138 26 0 0
0 1 68 37 0 0
0 1 69 12 0 0
0 1 48 19 0 0
0 1 107 43 0 0
0 1 131 14 0 0
0 1 62 8 0 0
0 1 73 39 0 0
0 1 84 23 0 0
0 1 103 18 0 0
0 1 134 51 0 0
0 1 23 37 0 0
0 1 49 19 0 0
0 1 124 47 0 0
0 1 134 51 0 0
0 1 55 6 0 0
0 1 31 18 0 0
0 1 66 23 0 0
0 1 59 25 0 0
0 1 70 30 0 0
0 1 89 11 0 0
0 1 95 6 0 0
0 1 16 38 0 0
0 1 43 27 0 0
0 1 14 20 0 0
0 1 106 0 0 0
0 1 137 14 0 0
0 1 84 20 0 0
0 1 39 40 0 0
0 1 1 32 0 0
0 1 105 19 0 0
0 1 110 9 0 0
0 1 47 29 0 0
0 1 53 27 0 0
0 1 123 9 0 0
0 1 24 50 0 0
0 1 103 7 0 0
0 1 92 4 0 0
0 1 18 31 0 0
0 1 69 28 0 0
0 1 96 39 0 0
0 1 7 17 0 0
0 1 18 12 0 0
0 1 44 54 0 0
0 1 78 13 0 0
0 1 114 35 0 0
0 1 111 13 0 0
0 1 56 12 0 0
0 1 94 7 0 0
0 1 126 27 0 0
0 1 113 29 0 0
0 1 0 0 0 0
0 1 34 18 0 0
0 1 66 48 0 0
0 1 91 53 0 0
0 1 78 2 0 0
0 1 115 37 0 0
0 1 76 41 0 0
0 1 81 34 0 0
0 1 9 52 0 0
0 1 90 36 0 0
0 1 31 47 0 0
0 1 114 6 0 0
0 1 81 4 0 0
0 1 21 38 0 0
0 1 2 14 0 0
0 1 41 42 0 0
0 1 47 42 0 0
0 1 24 26 0 0
0 1 102 17 0 0
0 1 19 50 0 0
0 1 4 44 0 0
0 1 38 50 0 0
0 1 93 34 0 0
0 1 139 8 0 0
0 1 57 30 0 0
0 1 110 5 0 0
0 1 15 11 0 0
0 1 58 24 0 0
0 1 14 43 0 0
0 1 127 43 0 0
0 1 133 21 0 0
0 1 10 24 0 0
0 1 125 28 0 0
0 1 98 18 0 0
0 1 52 33 0 0
0 1 101 13 0 0
0 1 128 37 0 0
0 1 104 49 0 0
0 1 52 33 0 0
0 1 76 30 0 0
0 1 11 35 0 0
0 1 96 15 0 0
0 1 120 10 0 0
0 1 2 54 0 0
0 1 29 25 0 0
0 1 48 10 0 0
0 1 71 39 0 0
0 1 100 29 0 0
0 1 35 6 0 0
0 1 99 43 0 0
0 1 128 53 0 0
0 1 125 43 0 0
0 1 16 2 0 0
0 1 59 46 0 0
0 1 120 47 0 0
0 1 41 10 0 0
0 1 36 33 0 0
0 1 136 5 0 0
0 1 20 39 0 0
0 1 122 49 0 0
0 1 97 8 0 0
0 1 61 23 0 0
0 1 106 36 0 0
0 1 35 15 0 0
0 1 46 32 0 0
0 1 10 30 0 0
0 1 5 0 0 0
0 1 33 20 0 0
0 1 118 40 0 0
0 1 38 55 0 0
0 1 86 25 0 0
0 1 33 3 0 0
0 1 97 55 0 0
0 1 79 52 0 0
0 1 135 47 0 0
0 1 28 16 0 0
0 1 83 16 0 0
0 1 51 0 0 0
0 1 77 44 0 0
0 1 132 31 0 0
0 1 56 28 0 0
0 1 37 28 0 0
0 1 133 14 0 0
0 1 85 47 0 0
0 1 54 10 0 0
0 1 8 15 0 0
0 1 6 48 0 0
0 1 20 10 0 0
0 1 65 2 0 0
0 1 74 54 0 0
0 1 50 9 0 0
0 1 121 48 0 0
0 1 118 27 0 0
0 1 21 54 0 0
0 1 85 51 0 0
0 1 130 50 0 0
0 1 90 35 0 0
0 1 55 52 0 0
0 1 129 35 0 0
0 1 4 4 0 0
0 1 130 41 0 0
0 1 107 18 0 0
0 1 58 9 0 0
0 1 19 44 0 0
0 1 1 35 0 0
0 1 15 40 0 0
0 1 30 5 0 0
0 1 43 23 0 0
0 1 46 55 0 0
0 1 88 25 0 0
0 1 122 54 0 0
0 1 80 26 0 0
0 1 12 21 0 0
0 1 5 34 0 0
0 1 32 24 0 0
