0 1 0 6 0 0
0 1 3 8 0 0
0 1 5 29 0 0
0 1 9 16 0 0
0 1 23 1 0 0
0 1 29 49 0 0
0 1 29 28 0 0
0 1 33 33 0 0
0 1 34 52 0 0
0 1 35 38 0 0
0 1 37 41 0 0
0 1 37 18 0 0
0 1 38 23 0 0
0 1 46 45 0 0
0 1 60 12 0 0
0 1 71 0 0 0
0 1 84 33 0 0
0 1 89 13 0 0
0 1 120 50 0 0
0 1 123 34 0 0
0 1 127 6 0 0
0 1 22 19 0 0
0 1 54 38 0 0
0 1 122 15 0 0
0 1 123 46 0 0
0 1 21 17 0 0
0 1 32 54 0 0
0 1 58 32 0 0
0 1 74 43 0 0
0 1 98 9 0 0
0 1 101 14 0 0
0 1 116 42 0 0
0 1 42 33 0 0
0 1 69 16 0 0
0 1 90 36 0 0
0 1 109 6 0 0
0 1 36 3 0 0
0 1 117 47 0 0
0 1 139 24 0 0
0 1 12 32 0 0
0 1 82 28 0 0
0 1 102 14 0 0
0 1 104 17 0 0
0 1 107 43 0 0
0 1 103 50 0 0
0 1 48 0 0 0
0 1 53 29 0 0
0 1 112 32 0 0
0 1 35 4 0 0
0 1 111 51 0 0
0 1 137 3 0 0
0 1 8 1 0 0
0 1 104 10 0 0
0 1 95 19 0 0
0 1 101 2 0 0
0 1 17 25 0 0
0 1 34 46 0 0
0 1 41 36 0 0
0 1 74 5 0 0
0 1 116 18 0 0
0 1 50 9 0 0
0 1 116 18 0 0
0 1 95 22 0 0
0 1 63 42 0 0
0 1 108 6 0 0
0 1 24 11 0 0
0 1 20 26 0 0
0 1 30 36 0 0
0 1 11 50 0 0
0 1 65 11 0 0
0 1 109 17 0 0
0 1 134 41 0 0
0 1 19 24 0 0
0 1 129 12 0 0
0 1 26 47 0 0
0 1 4 24 0 0
0 1 88 55 0 0
0 1 54 22 0 0
0 1 86 39 0 0
0 1 17 29 0 0
0 1 18 44 0 0
0 1 31 55 0 0
0 1 64 43 0 0
0 1 40 12 0 0
0 1 92 41 0 0
0 1 110 26 0 0
0 1 124 40 0 0
0 1 61 7 0 0
0 1 61 9 0 0
0 1 92 45 0 0
0 1 91 53 0 0
0 1 78 54 0 0
0 1 16 55 0 0
0 1 76 2 0 0
0 1 48 17 0 0
0 1 72 27 0 0
0 1 79 46 0 0
0 1 132 54 0 0
0 1 45 14 0 0
0 1 6 5 0 0
0 1 131 44 0 0
0 1 72 40 0 0
0 1 131 2 0 0
0 1 93 34 0 0
0 1 121 49 0 0
0 1 23 53 0 0
0 1 3 7 0 0
0 1 99 24 0 0
0 1 112 50 0 0
0 1 121 34 0 0
0 1 82 23 0 0
0 1 81 8 0 0
0 1 90 11 0 0
0 1 10 10 0 0
0 1 113 6 0 0
0 1 32 49 0 0
0 1 46 47 0 0
0 1 117 19 0 0
0 1 96 8 0 0
0 1 126 23 0 0
0 1 38 23 0 0
0 1 14 15 0 0
0 1 76 35 0 0
0 1 77 55 0 0
0 1 66 11 0 0
0 1 40 18 0 0
0 1 81 10 0 0
0 1 45 31 0 0
0 1 86 25 0 0
0 1 28 30 0 0
0 1 122 9 0 0
0 1 119 42 0 0
0 1 73 20 0 0
0 1 83 33 0 0
0 1 125 42 0 0
0 1 47 44 0 0
0 1 125 20 0 0
0 1 39 39 0 0
0 1 50 54 0 0
0 1 15 0 0 0
0 1 84 39 0 0
0 1 128 33 0 0
0 1 97 53 0 0
0 1 15 34 0 0
0 1 22 47 0 0
0 1 42 7 0 0
0 1 100 54 0 0
0 1 100 53 0 0
0 1 28 26 0 0
0 1 18 25 0 0
0 1 130 3 0 0
0 1 14 16 0 0
0 1 49 48 0 0
0 1 99 36 0 0
0 1 130 20 0 0
0 1 113 8 0 0
0 1 55 1 0 0
0 1 63 28 0 0
0 1 93 31 0 0
0 1 9 7 0 0
0 1 12 48 0 0
0 1 57 35 0 0
0 1 135 18 0 0
0 1 24 31 0 0
0 1 10 15 0 0
0 1 88 31 0 0
0 1 56 11 0 0
0 1 52 37 0 0
0 1 7 28 0 0
0 1 51 30 0 0
0 1 132 55 0 0
0 1 89 25 0 0
0 1 110 40 0 0
0 1 129 1 0 0
0 1 64 28 0 0
0 1 75 30 0 0
0 1 57 10 0 0
0 1 44 25 0 0
0 1 126 39 0 0
0 1 83 41 0 0
0 1 39 37 0 0
0 1 98 15 0 0
0 1 114 31 0 0
0 1 136 14 0 0
0 1 7 1 0 0
0 1 124 51 0 0
0 1 25 5 0 0
0 1 27 37 0 0
0 1 21 13 0 0
0 1 1 3 0 0
0 1 44 16 0 0
0 1 56 44 0 0
0 1 128 9 0 0
0 1 60 36 0 0
0 1 85 35 0 0
0 1 107 0 0 0
0 1 85 17 0 0
0 1 8 22 0 0
0 1 105 16 0 0
0 1 77 50 0 0
0 1 53 27 0 0
