0 1 0 52 0 0
0 1 7 28 0 0
0 1 28 32 0 0
0 1 35 55 0 0
0 1 39 4 0 0
0 1 49 2 0 0
0 1 78 11 0 0
0 1 80 41 0 0
0 1 82 16 0 0
0 1 84 35 0 0
0 1 90 4 0 0
0 1 100 54 0 0
0 1 103 51 0 0
0 1 111 22 0 0
0 1 116 14 0 0
0 1 129 42 0 0
0 1 130 3 0 0
0 1 131 53 0 0
0 1 0 52 0 0
0 1 22 41 0 0
0 1 48 31 0 0
0 1 50 39 0 0
0 1 84 35 0 0
0 1 111 43 0 0
0 1 19 48 0 0
0 1 43 27 0 0
0 1 57 29 0 0
0 1 92 43 0 0
0 1 96 55 0 0
0 1 118 23 0 0
0 1 123 0 0 0
0 1 126 30 0 0
0 1 112 16 0 0
0 1 24 1 0 0
0 1 69 38 0 0
0 1 37 55 0 0
0 1 60 7 0 0
0 1 20 35 0 0
0 1 25 32 0 0
0 1 81 49 0 0
0 1 86 31 0 0
0 1 67 37 0 0
0 1 62 46 0 0
0 1 21 55 0 0
0 1 106 49 0 0
0 1 24 16 0 0
0 1 114 46 0 0
0 1 7 32 0 0
0 1 72 23 0 0
0 1 59 44 0 0
0 1 126 2 0 0
0 1 56 53 0 0
0 1 1 25 0 0
0 1 96 10 0 0
0 1 38 47 0 0
0 1 4 38 0 0
0 1 65 13 0 0
0 1 12 5 0 0
0 1 32 11 0 0
0 1 36 50 0 0
0 1 122 40 0 0
0 1 139 5 0 0
0 1 121 20 0 0
0 1 89 18 0 0
0 1 102 27 0 0
0 1 40 30 0 0
0 1 61 10 0 0
0 1 138 8 0 0
0 1 41 33 0 0
0 1 11 40 0 0
0 1 108 18 0 0
0 1 5 40 0 0
0 1 8 3 0 0
0 1 135 1 0 0
0 1 28 33 0 0
0 1 10 36 0 0
0 1 59 1 0 0
0 1 70 34 0 0
0 1 37 34 0 0
0 1 27 49 0 0
0 1 26 9 0 0
0 1 2 24 0 0
0 1 109 16 0 0
0 1 124 13 0 0
0 1 55 54 0 0
0 1 131 19 0 0
0 1 92 17 0 0
0 1 66 53 0 0
0 1 9 50 0 0
0 1 61 49 0 0
0 1 75 45 0 0
0 1 33 18 0 0
0 1 53 13 0 0
0 1 110 21 0 0
0 1 120 36 0 0
0 1 8 37 0 0
0 1 48 0 0 0
0 1 2 39 0 0
0 1 4 41 0 0
0 1 39 47 0 0
0 1 98 52 0 0
0 1 0 4 0 0
0 1 23 45 0 0
0 1 63 19 0 0
0 1 17 28 0 0
0 1 107 7 0 0
0 1 3 15 0 0
0 1 108 14 0 0
0 1 95 8 0 0
0 1 119 53 0 0
0 1 85 53 0 0
0 1 79 38 0 0
0 1 78 1 0 0
0 1 68 41 0 0
0 1 89 12 0 0
0 1 101 49 0 0
0 1 88 43 0 0
0 1 50 23 0 0
0 1 58 18 0 0
0 1 47 29 0 0
0 1 68 15 0 0
0 1 93 28 0 0
0 1 82 23 0 0
0 1 1 17 0 0
0 1 137 51 0 0
0 1 40 2 0 0
0 1 133 14 0 0
0 1 55 6 0 0
0 1 139 24 0 0
0 1 15 35 0 0
0 1 112 22 0 0
0 1 46 38 0 0
0 1 71 40 0 0
0 1 113 52 0 0
0 1 111 31 0 0
0 1 123 38 0 0
0 1 132 43 0 0
0 1 20 37 0 0
0 1 134 31 0 0
0 1 49 54 0 0
0 1 75 44 0 0
0 1 101 11 0 0
0 1 29 17 0 0
0 1 25 26 0 0
0 1 130 54 0 0
0 1 38 22 0 0
0 1 46 5 0 0
0 1 64 15 0 0
0 1 74 54 0 0
0 1 9 7 0 0
0 1 79 0 0 0
0 1 15 14 0 0
0 1 44 48 0 0
0 1 69 7 0 0
0 1 128 35 0 0
0 1 34 30 0 0
0 1 125 2 0 0
0 1 58 46 0 0
0 1 6 9 0 0
0 1 93 17 0 0
0 1 30 21 0 0
0 1 103 33 0 0
0 1 109 22 0 0
0 1 116 12 0 0
0 1 60 32 0 0
0 1 73 21 0 0
0 1 76 39 0 0
0 1 54 7 0 0
0 1 113 36 0 0
0 1 73 25 0 0
0 1 91 3 0 0
0 1 52 10 0 0
0 1 3 48 0 0
0 1 98 5 0 0
0 1 99 36 0 0
0 1 115 18 0 0
0 1 134 40 0 0
0 1 136 30 0 0
0 1 137 6 0 0
0 1 18 1 0 0
0 1 121 29 0 0
0 1 44 11 0 0
0 1 71 42 0 0
0 1 23 45 0 0
0 1 54 6 0 0
0 1 133 48 0 0
0 1 33 24 0 0
0 1 63 9 0 0
0 1 35 39 0 0
0 1 19 19 0 0
0 1 45 19 0 0
0 1 26 28 0 0
0 1 45 51 0 0
0 1 114 29 0 0
0 1 94 34 0 0
0 1 29 12 0 0
0 1 127 17 0 0
0 1 105 48 0 0
0 1 13 15 0 0
0 1 119 34 0 0
0 1 86 3 0 0
0 1 76 21 0 0
0 1 94 50 0 0
0 1 16 15 0 0
0 1 83 22 0 0
0 1 31 41 0 0
0 1 12 8 0 0
0 1 87 20 0 0
0 1 99 24 0 0
0 1 32 20 0 0
0 1 97 47 0 0
0 1 77 43 0 0
