0 1 7 53 0 0
0 1 8 1 0 0
0 1 11 41 0 0
0 1 17 52 0 0
0 1 18 2 0 0
0 1 26 37 0 0
0 1 31 38 0 0
0 1 36 42 0 0
0 1 37 13 0 0
0 1 38 23 0 0
0 1 47 25 0 0
0 1 51 21 0 0
0 1 79 32 0 0
0 1 88 2 0 0
0 1 94 34 0 0
0 1 117 39 0 0
0 1 50 34 0 0
0 1 81 22 0 0
0 1 102 15 0 0
0 1 115 47 0 0
0 1 22 39 0 0
0 1 24 41 0 0
0 1 41 17 0 0
0 1 45 0 0 0
0 1 72 14 0 0
0 1 98 29 0 0
0 1 118 9 0 0
0 1 126 48 0 0
0 1 6 54 0 0
0 1 9 26 0 0
0 1 61 37 0 0
0 1 72 7 0 0
0 1 121 6 0 0
0 1 127 40 0 0
0 1 108 7 0 0
0 1 24 31 0 0
0 1 136 46 0 0
0 1 132 42 0 0
0 1 4 25 0 0
0 1 120 22 0 0
0 1 134 44 0 0
0 1 25 9 0 0
0 1 40 26 0 0
0 1 91 10 0 0
0 1 101 35 0 0
0 1 113 38 0 0
0 1 41 29 0 0
0 1 76 12 0 0
0 1 89 54 0 0
0 1 78 8 0 0
0 1 107 52 0 0
0 1 9 9 0 0
0 1 59 38 0 0
0 1 71 53 0 0
0 1 78 33 0 0
0 1 31 41 0 0
0 1 83 50 0 0
0 1 76 40 0 0
0 1 12 48 0 0
0 1 107 8 0 0
0 1 11 0 0 0
0 1 33 32 0 0
0 1 34 16 0 0
0 1 130 49 0 0
0 1 14 55 0 0
0 1 25 1 0 0
0 1 96 14 0 0
0 1 111 51 0 0
0 1 96 14 0 0
0 1 117 28 0 0
0 1 70 14 0 0
0 1 108 38 0 0
0 1 1 12 0 0
0 1 52 33 0 0
0 1 68 44 0 0
0 1 110 11 0 0
0 1 55 30 0 0
0 1 105 29 0 0
0 1 69 20 0 0
0 1 88 36 0 0
0 1 49 16 0 0
0 1 62 26 0 0
0 1 83 21 0 0
0 1 23 26 0 0
0 1 125 36 0 0
0 1 15 43 0 0
0 1 130 1 0 0
0 1 50 22 0 0
0 1 38 7 0 0
0 1 44 11 0 0
0 1 64 53 0 0
0 1 120 32 0 0
0 1 80 5 0 0
0 1 48 5 0 0
0 1 87 30 0 0
0 1 133 46 0 0
0 1 66 3 0 0
0 1 113 37 0 0
0 1 0 24 0 0
0 1 75 44 0 0
0 1 92 13 0 0
0 1 54 20 0 0
0 1 77 10 0 0
0 1 67 6 0 0
0 1 124 46 0 0
0 1 102 20 0 0
0 1 94 3 0 0
0 1 68 50 0 0
0 1 62 35 0 0
0 1 14 18 0 0
0 1 18 51 0 0
0 1 127 43 0 0
0 1 4 19 0 0
0 1 86 18 0 0
0 1 48 52 0 0
0 1 82 51 0 0
0 1 90 38 0 0
0 1 103 49 0 0
0 1 29 53 0 0
0 1 23 49 0 0
0 1 53 8 0 0
0 1 131 6 0 0
0 1 19 4 0 0
0 1 8 16 0 0
0 1 70 30 0 0
0 1 63 45 0 0
0 1 54 22 0 0
0 1 56 4 0 0
0 1 109 17 0 0
0 1 95 6 0 0
0 1 67 42 0 0
0 1 71 34 0 0
0 1 1 47 0 0
0 1 65 33 0 0
0 1 91 48 0 0
0 1 136 32 0 0
0 1 35 10 0 0
0 1 80 49 0 0
0 1 135 16 0 0
0 1 22 48 0 0
0 1 5 47 0 0
0 1 10 50 0 0
0 1 21 47 0 0
0 1 39 36 0 0
0 1 85 23 0 0
0 1 6 13 0 0
0 1 139 21 0 0
0 1 58 2 0 0
0 1 57 45 0 0
0 1 77 4 0 0
0 1 86 20 0 0
0 1 131 19 0 0
0 1 133 35 0 0
0 1 33 50 0 0
0 1 58 37 0 0
0 1 126 17 0 0
0 1 79 34 0 0
0 1 30 44 0 0
0 1 132 11 0 0
0 1 21 8 0 0
0 1 99 51 0 0
0 1 17 49 0 0
0 1 3 12 0 0
0 1 69 11 0 0
0 1 27 43 0 0
0 1 20 40 0 0
0 1 16 36 0 0
0 1 134 48 0 0
0 1 74 27 0 0
0 1 60 0 0 0
0 1 92 31 0 0
0 1 60 1 0 0
0 1 2 27 0 0
0 1 125 29 0 0
0 1 87 23 0 0
0 1 89 12 0 0
0 1 109 2 0 0
0 1 5 54 0 0
0 1 93 25 0 0
0 1 7 4 0 0
0 1 104 54 0 0
0 1 57 6 0 0
0 1 135 23 0 0
0 1 100 10 0 0
0 1 119 25 0 0
0 1 44 33 0 0
0 1 32 13 0 0
0 1 52 44 0 0
0 1 20 25 0 0
0 1 13 17 0 0
0 1 123 5 0 0
0 1 114 33 0 0
0 1 3 29 0 0
0 1 118 55 0 0
0 1 115 17 0 0
0 1 128 45 0 0
0 1 45 46 0 0
0 1 42 16 0 0
0 1 112 24 0 0
0 1 46 46 0 0
0 1 28 28 0 0
