0 1 0 23 0 0
0 1 3 18 0 0
0 1 4 2 0 0
0 1 33 37 0 0
0 1 42 11 0 0
0 1 44 53 0 0
0 1 50 47 0 0
0 1 71 12 0 0
0 1 75 51 0 0
0 1 80 49 0 0
0 1 81 8 0 0
0 1 86 15 0 0
0 1 88 45 0 0
0 1 93 7 0 0
0 1 108 51 0 0
0 1 120 34 0 0
0 1 132 4 0 0
0 1 0 23 0 0
0 1 20 29 0 0
0 1 46 44 0 0
0 1 54 30 0 0
0 1 80 49 0 0
0 1 119 36 0 0
0 1 28 31 0 0
0 1 40 43 0 0
0 1 64 53 0 0
0 1 108 39 0 0
0 1 138 44 0 0
0 1 14 18 0 0
0 1 63 40 0 0
0 1 77 12 0 0
0 1 94 47 0 0
0 1 8 21 0 0
0 1 50 40 0 0
0 1 69 13 0 0
0 1 78 27 0 0
0 1 99 12 0 0
0 1 104 27 0 0
0 1 109 50 0 0
0 1 118 32 0 0
0 1 79 42 0 0
0 1 11 41 0 0
0 1 34 1 0 0
0 1 62 22 0 0
0 1 65 28 0 0
0 1 72 33 0 0
0 1 124 46 0 0
0 1 130 38 0 0
0 1 49 45 0 0
0 1 80 33 0 0
0 1 57 10 0 0
0 1 127 50 0 0
0 1 64 43 0 0
0 1 67 38 0 0
0 1 66 23 0 0
0 1 39 4 0 0
0 1 114 16 0 0
0 1 25 28 0 0
0 1 46 1 0 0
0 1 20 45 0 0
0 1 139 28 0 0
0 1 75 24 0 0
0 1 111 0 0 0
0 1 32 49 0 0
0 1 58 39 0 0
0 1 115 42 0 0
0 1 135 4 0 0
0 1 23 14 0 0
0 1 107 54 0 0
0 1 45 4 0 0
0 1 68 46 0 0
0 1 31 44 0 0
0 1 56 48 0 0
0 1 115 17 0 0
0 1 23 19 0 0
0 1 125 52 0 0
0 1 101 35 0 0
0 1 36 12 0 0
0 1 37 37 0 0
0 1 55 55 0 0
0 1 22 32 0 0
0 1 114 49 0 0
0 1 138 37 0 0
0 1 128 33 0 0
0 1 103 6 0 0
0 1 86 55 0 0
0 1 76 19 0 0
0 1 65 36 0 0
0 1 10 48 0 0
0 1 95 35 0 0
0 1 63 1 0 0
0 1 51 36 0 0
0 1 82 29 0 0
0 1 105 55 0 0
0 1 37 36 0 0
0 1 103 25 0 0
0 1 96 39 0 0
0 1 43 21 0 0
0 1 68 18 0 0
0 1 43 19 0 0
0 1 29 41 0 0
0 1 137 11 0 0
0 1 29 14 0 0
0 1 100 7 0 0
0 1 2 30 0 0
0 1 9 3 0 0
0 1 8 40 0 0
0 1 136 5 0 0
0 1 42 30 0 0
0 1 24 47 0 0
0 1 44 38 0 0
0 1 27 50 0 0
0 1 13 45 0 0
0 1 69 50 0 0
0 1 78 35 0 0
0 1 14 9 0 0
0 1 102 20 0 0
0 1 118 40 0 0
0 1 81 15 0 0
0 1 17 32 0 0
0 1 70 46 0 0
0 1 92 8 0 0
0 1 82 0 0 0
0 1 62 31 0 0
0 1 120 7 0 0
0 1 95 2 0 0
0 1 110 22 0 0
0 1 19 47 0 0
0 1 67 9 0 0
0 1 72 17 0 0
0 1 3 46 0 0
0 1 106 39 0 0
0 1 126 8 0 0
0 1 76 6 0 0
0 1 48 1 0 0
0 1 52 48 0 0
0 1 40 52 0 0
0 1 49 13 0 0
0 1 127 40 0 0
0 1 94 54 0 0
0 1 26 31 0 0
0 1 16 0 0 0
0 1 4 5 0 0
0 1 11 42 0 0
0 1 7 27 0 0
0 1 105 15 0 0
0 1 119 9 0 0
0 1 137 44 0 0
0 1 32 20 0 0
0 1 58 24 0 0
0 1 22 6 0 0
0 1 53 26 0 0
0 1 123 31 0 0
0 1 7 21 0 0
0 1 111 54 0 0
0 1 48 16 0 0
0 1 102 37 0 0
0 1 56 19 0 0
0 1 6 47 0 0
0 1 55 2 0 0
0 1 125 19 0 0
0 1 26 51 0 0
0 1 87 16 0 0
0 1 112 44 0 0
0 1 85 24 0 0
0 1 5 54 0 0
0 1 84 30 0 0
0 1 85 48 0 0
0 1 112 16 0 0
0 1 92 46 0 0
0 1 90 41 0 0
0 1 70 17 0 0
0 1 130 42 0 0
0 1 17 22 0 0
0 1 98 23 0 0
0 1 6 23 0 0
0 1 41 34 0 0
0 1 18 4 0 0
0 1 117 53 0 0
0 1 71 10 0 0
0 1 59 52 0 0
0 1 61 43 0 0
0 1 123 34 0 0
0 1 59 2 0 0
0 1 35 12 0 0
0 1 30 10 0 0
0 1 51 21 0 0
0 1 90 27 0 0
0 1 121 30 0 0
0 1 25 53 0 0
0 1 113 35 0 0
0 1 98 7 0 0
0 1 87 17 0 0
0 1 74 43 0 0
0 1 124 43 0 0
0 1 38 28 0 0
0 1 31 16 0 0
0 1 41 27 0 0
0 1 30 10 0 0
0 1 12 55 0 0
0 1 38 13 0 0
0 1 54 24 0 0
0 1 101 45 0 0
0 1 128 37 0 0
0 1 122 7 0 0
0 1 106 48 0 0
0 1 1 0 0 0
