0 1 15 35 0 0
0 1 26 19 0 0
0 1 33 35 0 0
0 1 42 4 0 0
0 1 46 7 0 0
0 1 54 8 0 0
0 1 73 32 0 0
0 1 88 16 0 0
0 1 89 38 0 0
0 1 94 33 0 0
0 1 101 10 0 0
0 1 130 53 0 0
0 1 47 53 0 0
0 1 68 46 0 0
0 1 87 41 0 0
0 1 5 43 0 0
0 1 27 16 0 0
0 1 30 39 0 0
0 1 37 25 0 0
0 1 76 37 0 0
0 1 85 34 0 0
0 1 112 31 0 0
0 1 113 15 0 0
0 1 90 20 0 0
0 1 96 4 0 0
0 1 113 15 0 0
0 1 118 32 0 0
0 1 66 36 0 0
0 1 67 29 0 0
0 1 103 10 0 0
0 1 105 31 0 0
0 1 25 32 0 0
0 1 75 40 0 0
0 1 100 45 0 0
0 1 116 10 0 0
0 1 21 0 0 0
0 1 110 34 0 0
0 1 135 24 0 0
0 1 35 23 0 0
0 1 36 47 0 0
0 1 54 31 0 0
0 1 95 46 0 0
0 1 123 2 0 0
0 1 136 34 0 0
0 1 18 42 0 0
0 1 19 24 0 0
0 1 34 8 0 0
0 1 59 38 0 0
0 1 61 37 0 0
0 1 86 30 0 0
0 1 101 26 0 0
0 1 17 11 0 0
0 1 39 23 0 0
0 1 106 23 0 0
0 1 107 19 0 0
0 1 69 27 0 0
0 1 80 46 0 0
0 1 127 12 0 0
0 1 137 29 0 0
0 1 16 17 0 0
0 1 70 49 0 0
0 1 86 52 0 0
0 1 62 32 0 0
0 1 3 50 0 0
0 1 14 17 0 0
0 1 61 39 0 0
0 1 124 1 0 0
0 1 138 27 0 0
0 1 64 18 0 0
0 1 10 48 0 0
0 1 110 5 0 0
0 1 91 25 0 0
0 1 33 50 0 0
0 1 13 54 0 0
0 1 55 52 0 0
0 1 82 3 0 0
0 1 18 44 0 0
0 1 107 22 0 0
0 1 132 45 0 0
0 1 12 20 0 0
0 1 25 53 0 0
0 1 136 36 0 0
0 1 53 42 0 0
0 1 91 55 0 0
0 1 42 8 0 0
0 1 19 9 0 0
0 1 4 15 0 0
0 1 8 49 0 0
0 1 134 7 0 0
0 1 81 28 0 0
0 1 83 45 0 0
0 1 105 55 0 0
0 1 98 22 0 0
0 1 50 11 0 0
0 1 139 30 0 0
0 1 62 33 0 0
0 1 2 38 0 0
0 1 43 54 0 0
0 1 116 10 0 0
0 1 40 5 0 0
0 1 126 18 0 0
0 1 113 16 0 0
0 1 121 52 0 0
0 1 29 26 0 0
0 1 130 22 0 0
0 1 22 38 0 0
0 1 92 49 0 0
0 1 31 49 0 0
0 1 106 13 0 0
0 1 114 5 0 0
0 1 109 14 0 0
0 1 100 2 0 0
0 1 122 51 0 0
0 1 82 3 0 0
0 1 60 1 0 0
0 1 120 12 0 0
0 1 120 12 0 0
0 1 52 33 0 0
0 1 68 12 0 0
0 1 22 44 0 0
0 1 35 26 0 0
0 1 20 54 0 0
0 1 80 19 0 0
0 1 64 20 0 0
0 1 118 0 0 0
0 1 16 43 0 0
0 1 11 43 0 0
0 1 71 41 0 0
0 1 114 27 0 0
0 1 43 25 0 0
0 1 87 1 0 0
0 1 135 28 0 0
0 1 58 30 0 0
0 1 9 7 0 0
0 1 79 26 0 0
0 1 11 1 0 0
0 1 20 45 0 0
0 1 32 47 0 0
0 1 51 1 0 0
0 1 92 37 0 0
0 1 125 19 0 0
0 1 120 42 0 0
0 1 109 29 0 0
0 1 72 17 0 0
0 1 56 22 0 0
0 1 58 20 0 0
0 1 34 5 0 0
0 1 69 41 0 0
0 1 122 0 0 0
0 1 0 10 0 0
0 1 93 40 0 0
0 1 119 11 0 0
0 1 57 35 0 0
0 1 108 6 0 0
0 1 8 35 0 0
0 1 133 49 0 0
0 1 75 11 0 0
0 1 84 54 0 0
0 1 112 7 0 0
0 1 1 47 0 0
0 1 66 25 0 0
0 1 52 34 0 0
0 1 14 11 0 0
0 1 79 47 0 0
0 1 36 9 0 0
0 1 121 30 0 0
0 1 39 18 0 0
0 1 129 18 0 0
0 1 83 34 0 0
0 1 9 51 0 0
0 1 28 43 0 0
0 1 89 28 0 0
0 1 132 19 0 0
0 1 111 36 0 0
0 1 45 52 0 0
0 1 4 46 0 0
0 1 102 16 0 0
0 1 98 6 0 0
0 1 117 50 0 0
0 1 139 6 0 0
0 1 17 18 0 0
0 1 13 22 0 0
0 1 104 29 0 0
0 1 90 44 0 0
0 1 7 6 0 0
0 1 95 14 0 0
0 1 63 44 0 0
0 1 78 37 0 0
0 1 48 45 0 0
0 1 15 31 0 0
0 1 74 6 0 0
0 1 3 29 0 0
0 1 26 48 0 0
0 1 49 20 0 0
0 1 115 37 0 0
0 1 41 9 0 0
0 1 97 42 0 0
0 1 6 53 0 0
0 1 21 42 0 0
0 1 38 53 0 0
0 1 31 21 0 0
0 1 103 4 0 0
0 1 76 52 0 0
0 1 38 51 0 0
0 1 97 36 0 0
