0 1 1 35 0 0
0 1 5 41 0 0
0 1 13 10 0 0
0 1 25 20 0 0
0 1 35 11 0 0
0 1 40 34 0 0
0 1 43 18 0 0
0 1 46 32 0 0
0 1 48 9 0 0
0 1 57 11 0 0
0 1 62 1 0 0
0 1 72 45 0 0
0 1 83 44 0 0
0 1 88 33 0 0
0 1 95 43 0 0
0 1 126 20 0 0
0 1 135 53 0 0
0 1 5 41 0 0
0 1 69 46 0 0
0 1 95 54 0 0
0 1 139 43 0 0
0 1 12 0 0 0
0 1 14 25 0 0
0 1 32 13 0 0
0 1 47 14 0 0
0 1 49 4 0 0
0 1 49 13 0 0
0 1 73 29 0 0
0 1 75 48 0 0
0 1 105 1 0 0
0 1 35 11 0 0
0 1 111 22 0 0
0 1 74 44 0 0
0 1 116 36 0 0
0 1 118 3 0 0
0 1 120 27 0 0
0 1 63 13 0 0
0 1 0 31 0 0
0 1 13 16 0 0
0 1 34 15 0 0
0 1 81 6 0 0
0 1 138 39 0 0
0 1 68 0 0 0
0 1 107 48 0 0
0 1 10 24 0 0
0 1 16 55 0 0
0 1 30 26 0 0
0 1 16 55 0 0
0 1 1 9 0 0
0 1 32 51 0 0
0 1 71 9 0 0
0 1 38 54 0 0
0 1 139 2 0 0
0 1 131 50 0 0
0 1 135 49 0 0
0 1 136 6 0 0
0 1 55 32 0 0
0 1 53 4 0 0
0 1 77 12 0 0
0 1 22 31 0 0
0 1 42 52 0 0
0 1 58 54 0 0
0 1 94 53 0 0
0 1 94 49 0 0
0 1 102 15 0 0
0 1 84 0 0 0
0 1 121 19 0 0
0 1 17 25 0 0
0 1 24 3 0 0
0 1 44 15 0 0
0 1 67 35 0 0
0 1 114 55 0 0
0 1 78 8 0 0
0 1 7 26 0 0
0 1 93 52 0 0
0 1 7 39 0 0
0 1 19 41 0 0
0 1 136 36 0 0
0 1 108 52 0 0
0 1 33 48 0 0
0 1 23 22 0 0
0 1 66 30 0 0
0 1 85 23 0 0
0 1 108 51 0 0
0 1 134 46 0 0
0 1 82 41 0 0
0 1 2 5 0 0
0 1 28 18 0 0
0 1 99 14 0 0
0 1 45 45 0 0
0 1 47 27 0 0
0 1 4 3 0 0
0 1 25 7 0 0
0 1 127 16 0 0
0 1 103 42 0 0
0 1 113 6 0 0
0 1 132 35 0 0
0 1 42 10 0 0
0 1 56 54 0 0
0 1 114 33 0 0
0 1 125 28 0 0
0 1 41 27 0 0
0 1 20 49 0 0
0 1 123 31 0 0
0 1 82 14 0 0
0 1 15 21 0 0
0 1 106 40 0 0
0 1 130 21 0 0
0 1 21 30 0 0
0 1 29 23 0 0
0 1 87 17 0 0
0 1 59 16 0 0
0 1 86 47 0 0
0 1 124 46 0 0
0 1 58 32 0 0
0 1 87 2 0 0
0 1 43 34 0 0
0 1 27 15 0 0
0 1 20 16 0 0
0 1 46 55 0 0
0 1 120 13 0 0
0 1 4 32 0 0
0 1 89 38 0 0
0 1 2 25 0 0
0 1 92 50 0 0
0 1 116 29 0 0
0 1 24 28 0 0
0 1 101 23 0 0
0 1 76 20 0 0
0 1 86 9 0 0
0 1 111 47 0 0
0 1 53 8 0 0
0 1 77 40 0 0
0 1 104 47 0 0
0 1 27 28 0 0
0 1 37 39 0 0
0 1 16 26 0 0
0 1 137 48 0 0
0 1 34 23 0 0
0 1 93 26 0 0
0 1 44 37 0 0
0 1 83 42 0 0
0 1 14 4 0 0
0 1 112 15 0 0
0 1 10 43 0 0
0 1 9 26 0 0
0 1 137 8 0 0
0 1 28 40 0 0
0 1 110 27 0 0
0 1 95 4 0 0
0 1 11 12 0 0
0 1 72 48 0 0
0 1 129 30 0 0
0 1 70 46 0 0
0 1 104 22 0 0
0 1 39 2 0 0
0 1 76 21 0 0
0 1 61 3 0 0
0 1 11 0 0 0
0 1 113 23 0 0
0 1 45 22 0 0
0 1 64 25 0 0
0 1 52 53 0 0
0 1 97 2 0 0
0 1 17 36 0 0
0 1 23 46 0 0
0 1 106 49 0 0
0 1 65 7 0 0
0 1 123 9 0 0
0 1 105 14 0 0
0 1 5 17 0 0
0 1 98 39 0 0
0 1 128 5 0 0
0 1 91 49 0 0
0 1 80 37 0 0
0 1 18 38 0 0
0 1 50 5 0 0
0 1 26 33 0 0
0 1 30 33 0 0
0 1 62 37 0 0
0 1 118 44 0 0
0 1 33 42 0 0
0 1 26 31 0 0
0 1 22 4 0 0
0 1 127 37 0 0
0 1 117 24 0 0
0 1 19 41 0 0
0 1 31 27 0 0
0 1 133 3 0 0
0 1 109 43 0 0
0 1 6 43 0 0
0 1 61 25 0 0
0 1 90 29 0 0
0 1 51 22 0 0
0 1 12 47 0 0
0 1 79 28 0 0
0 1 54 24 0 0
0 1 40 45 0 0
