0 1 4 15 0 0
0 1 5 5 0 0
0 1 8 55 0 0
0 1 14 26 0 0
0 1 46 0 0 0
0 1 68 43 0 0
0 1 78 2 0 0
0 1 80 8 0 0
0 1 86 14 0 0
0 1 89 12 0 0
0 1 91 18 0 0
0 1 95 52 0 0
0 1 96 36 0 0
0 1 104 11 0 0
0 1 121 41 0 0
0 1 122 11 0 0
0 1 126 31 0 0
0 1 138 40 0 0
0 1 8 55 0 0
0 1 88 9 0 0
0 1 106 50 0 0
0 1 122 25 0 0
0 1 130 20 0 0
0 1 3 27 0 0
0 1 13 47 0 0
0 1 88 5 0 0
0 1 102 15 0 0
0 1 107 4 0 0
0 1 132 7 0 0
0 1 19 55 0 0
0 1 107 4 0 0
0 1 68 41 0 0
0 1 99 38 0 0
0 1 115 21 0 0
0 1 125 2 0 0
0 1 41 17 0 0
0 1 74 52 0 0
0 1 129 21 0 0
0 1 136 16 0 0
0 1 38 4 0 0
0 1 42 29 0 0
0 1 52 53 0 0
0 1 107 13 0 0
0 1 123 45 0 0
0 1 54 7 0 0
0 1 65 45 0 0
0 1 119 17 0 0
0 1 29 23 0 0
0 1 6 30 0 0
0 1 12 54 0 0
0 1 51 35 0 0
0 1 19 28 0 0
0 1 10 8 0 0
0 1 25 37 0 0
0 1 102 51 0 0
0 1 64 50 0 0
0 1 16 35 0 0
0 1 98 23 0 0
0 1 33 23 0 0
0 1 97 16 0 0
0 1 40 6 0 0
0 1 18 45 0 0
0 1 87 46 0 0
0 1 126 29 0 0
0 1 17 10 0 0
0 1 63 12 0 0
0 1 86 47 0 0
0 1 93 27 0 0
0 1 37 34 0 0
0 1 49 51 0 0
0 1 109 42 0 0
0 1 128 48 0 0
0 1 62 17 0 0
0 1 72 19 0 0
0 1 72 19 0 0
0 1 16 17 0 0
0 1 117 10 0 0
0 1 65 1 0 0
0 1 108 26 0 0
0 1 5 19 0 0
0 1 134 46 0 0
0 1 31 27 0 0
0 1 38 31 0 0
0 1 73 38 0 0
0 1 116 6 0 0
0 1 1 26 0 0
0 1 0 24 0 0
0 1 54 9 0 0
0 1 13 32 0 0
0 1 55 14 0 0
0 1 59 32 0 0
0 1 137 30 0 0
0 1 90 1 0 0
0 1 138 41 0 0
0 1 98 33 0 0
0 1 105 3 0 0
0 1 95 46 0 0
0 1 47 50 0 0
0 1 76 29 0 0
0 1 90 54 0 0
0 1 80 8 0 0
0 1 7 50 0 0
0 1 62 42 0 0
0 1 108 46 0 0
0 1 27 24 0 0
0 1 131 39 0 0
0 1 137 2 0 0
0 1 45 36 0 0
0 1 93 9 0 0
0 1 94 16 0 0
0 1 113 3 0 0
0 1 23 31 0 0
0 1 52 29 0 0
0 1 56 4 0 0
0 1 77 14 0 0
0 1 36 40 0 0
0 1 61 38 0 0
0 1 139 22 0 0
0 1 56 33 0 0
0 1 45 51 0 0
0 1 128 7 0 0
0 1 130 12 0 0
0 1 55 39 0 0
0 1 21 39 0 0
0 1 64 20 0 0
0 1 84 42 0 0
0 1 23 53 0 0
0 1 121 34 0 0
0 1 96 36 0 0
0 1 113 37 0 0
0 1 20 13 0 0
0 1 123 3 0 0
0 1 42 12 0 0
0 1 7 6 0 0
0 1 133 32 0 0
0 1 119 42 0 0
0 1 34 26 0 0
0 1 73 33 0 0
0 1 20 48 0 0
0 1 120 54 0 0
0 1 89 48 0 0
0 1 17 49 0 0
0 1 69 52 0 0
0 1 49 43 0 0
0 1 75 48 0 0
0 1 74 55 0 0
0 1 87 8 0 0
0 1 46 34 0 0
0 1 69 37 0 0
0 1 61 33 0 0
0 1 41 39 0 0
0 1 112 14 0 0
0 1 85 9 0 0
0 1 57 15 0 0
0 1 76 45 0 0
0 1 84 47 0 0
0 1 11 24 0 0
0 1 110 27 0 0
0 1 1 19 0 0
0 1 4 43 0 0
0 1 2 50 0 0
0 1 26 18 0 0
0 1 118 33 0 0
0 1 111 55 0 0
0 1 115 24 0 0
0 1 75 16 0 0
0 1 91 30 0 0
0 1 77 44 0 0
0 1 35 28 0 0
0 1 53 28 0 0
0 1 81 20 0 0
0 1 92 43 0 0
0 1 15 10 0 0
0 1 15 10 0 0
0 1 48 36 0 0
0 1 103 43 0 0
0 1 24 37 0 0
0 1 67 32 0 0
0 1 127 15 0 0
0 1 14 0 0 0
0 1 110 49 0 0
0 1 50 37 0 0
0 1 53 5 0 0
0 1 116 27 0 0
0 1 48 25 0 0
0 1 30 0 0 0
0 1 40 49 0 0
0 1 70 34 0 0
0 1 30 0 0 0
0 1 66 12 0 0
0 1 58 8 0 0
0 1 117 26 0 0
0 1 59 41 0 0
0 1 104 7 0 0
0 1 92 6 0 0
0 1 26 14 0 0
0 1 18 24 0 0
0 1 47 29 0 0
0 1 133 16 0 0
0 1 111 1 0 0
0 1 118 9 0 0
0 1 112 4 0 0
0 1 99 21 0 0
0 1 24 31 0 0
0 1 31 21 0 0
