0 1 2 34 0 0
0 1 6 4 0 0
0 1 13 4 0 0
0 1 17 39 0 0
0 1 26 33 0 0
0 1 27 50 0 0
0 1 28 35 0 0
0 1 29 2 0 0
0 1 40 9 0 0
0 1 46 29 0 0
0 1 67 28 0 0
0 1 71 37 0 0
0 1 77 25 0 0
0 1 85 27 0 0
0 1 99 52 0 0
0 1 104 23 0 0
0 1 116 5 0 0
0 1 119 30 0 0
0 1 124 46 0 0
0 1 41 31 0 0
0 1 86 21 0 0
0 1 106 26 0 0
0 1 138 23 0 0
0 1 42 47 0 0
0 1 59 2 0 0
0 1 98 55 0 0
0 1 128 49 0 0
0 1 42 47 0 0
0 1 51 53 0 0
0 1 24 49 0 0
0 1 31 37 0 0
0 1 44 42 0 0
0 1 53 10 0 0
0 1 112 12 0 0
0 1 0 29 0 0
0 1 12 39 0 0
0 1 34 36 0 0
0 1 50 20 0 0
0 1 60 17 0 0
0 1 79 8 0 0
0 1 118 38 0 0
0 1 131 40 0 0
0 1 23 12 0 0
0 1 30 45 0 0
0 1 47 41 0 0
0 1 97 45 0 0
0 1 114 13 0 0
0 1 21 46 0 0
0 1 133 35 0 0
0 1 72 18 0 0
0 1 85 26 0 0
0 1 121 32 0 0
0 1 84 35 0 0
0 1 94 42 0 0
0 1 108 3 0 0
0 1 61 36 0 0
0 1 103 11 0 0
0 1 26 35 0 0
0 1 22 13 0 0
0 1 137 26 0 0
0 1 25 21 0 0
0 1 123 24 0 0
0 1 56 16 0 0
0 1 3 24 0 0
0 1 1 5 0 0
0 1 37 3 0 0
0 1 62 38 0 0
0 1 105 42 0 0
0 1 66 55 0 0
0 1 27 34 0 0
0 1 64 42 0 0
0 1 38 20 0 0
0 1 38 19 0 0
0 1 42 52 0 0
0 1 59 16 0 0
0 1 132 52 0 0
0 1 41 2 0 0
0 1 22 48 0 0
0 1 54 54 0 0
0 1 110 24 0 0
0 1 2 51 0 0
0 1 24 22 0 0
0 1 135 45 0 0
0 1 47 10 0 0
0 1 39 46 0 0
0 1 49 15 0 0
0 1 65 3 0 0
0 1 136 11 0 0
0 1 81 22 0 0
0 1 95 23 0 0
0 1 136 50 0 0
0 1 8 53 0 0
0 1 77 14 0 0
0 1 105 22 0 0
0 1 101 44 0 0
0 1 120 6 0 0
0 1 14 22 0 0
0 1 134 14 0 0
0 1 48 30 0 0
0 1 126 39 0 0
0 1 32 53 0 0
0 1 123 11 0 0
0 1 10 11 0 0
0 1 133 33 0 0
0 1 131 52 0 0
0 1 20 43 0 0
0 1 20 43 0 0
0 1 84 30 0 0
0 1 107 49 0 0
0 1 80 6 0 0
0 1 102 30 0 0
0 1 128 34 0 0
0 1 98 29 0 0
0 1 58 36 0 0
0 1 52 37 0 0
0 1 20 41 0 0
0 1 95 1 0 0
0 1 139 31 0 0
0 1 46 9 0 0
0 1 96 44 0 0
0 1 68 29 0 0
0 1 117 46 0 0
0 1 43 31 0 0
0 1 102 19 0 0
0 1 33 49 0 0
0 1 36 17 0 0
0 1 104 20 0 0
0 1 34 7 0 0
0 1 83 35 0 0
0 1 31 40 0 0
0 1 9 40 0 0
0 1 113 53 0 0
0 1 96 20 0 0
0 1 36 12 0 0
0 1 3 33 0 0
0 1 53 4 0 0
0 1 125 9 0 0
0 1 8 28 0 0
0 1 21 37 0 0
0 1 106 12 0 0
0 1 63 54 0 0
0 1 127 18 0 0
0 1 126 47 0 0
0 1 121 2 0 0
0 1 75 32 0 0
0 1 17 7 0 0
0 1 73 7 0 0
0 1 33 1 0 0
0 1 107 42 0 0
0 1 15 38 0 0
0 1 94 18 0 0
0 1 32 1 0 0
0 1 109 51 0 0
0 1 29 32 0 0
0 1 49 14 0 0
0 1 16 46 0 0
0 1 124 18 0 0
0 1 12 53 0 0
0 1 91 50 0 0
0 1 78 27 0 0
0 1 35 36 0 0
0 1 99 2 0 0
0 1 103 43 0 0
0 1 90 13 0 0
0 1 61 31 0 0
0 1 76 31 0 0
0 1 71 18 0 0
0 1 100 32 0 0
0 1 113 19 0 0
0 1 90 36 0 0
0 1 7 38 0 0
0 1 92 54 0 0
0 1 4 50 0 0
0 1 9 28 0 0
0 1 111 40 0 0
0 1 25 41 0 0
0 1 122 45 0 0
0 1 55 17 0 0
0 1 19 43 0 0
0 1 97 43 0 0
0 1 44 6 0 0
0 1 68 24 0 0
0 1 115 39 0 0
0 1 1 10 0 0
0 1 18 55 0 0
0 1 43 50 0 0
0 1 129 0 0 0
0 1 35 24 0 0
0 1 5 38 0 0
0 1 88 4 0 0
0 1 52 11 0 0
0 1 130 55 0 0
0 1 100 5 0 0
0 1 72 0 0 0
0 1 92 0 0 0
0 1 130 7 0 0
0 1 45 16 0 0
0 1 14 49 0 0
0 1 74 19 0 0
0 1 80 29 0 0
0 1 93 26 0 0
0 1 0 25 0 0
0 1 75 8 0 0
0 1 65 39 0 0
0 1 120 28 0 0
0 1 64 47 0 0
0 1 50 52 0 0
0 1 67 28 0 0
