0 1 18 16 0 0
0 1 19 29 0 0
0 1 24 41 0 0
0 1 31 29 0 0
0 1 55 55 0 0
0 1 62 2 0 0
0 1 66 6 0 0
0 1 96 23 0 0
0 1 100 48 0 0
0 1 101 5 0 0
0 1 102 40 0 0
0 1 112 18 0 0
0 1 128 39 0 0
0 1 131 3 0 0
0 1 139 54 0 0
0 1 9 44 0 0
0 1 17 17 0 0
0 1 54 45 0 0
0 1 58 44 0 0
0 1 77 3 0 0
0 1 90 26 0 0
0 1 91 12 0 0
0 1 96 13 0 0
0 1 111 14 0 0
0 1 123 51 0 0
0 1 132 45 0 0
0 1 134 2 0 0
0 1 91 22 0 0
0 1 15 51 0 0
0 1 16 42 0 0
0 1 56 11 0 0
0 1 65 24 0 0
0 1 118 19 0 0
0 1 16 11 0 0
0 1 132 6 0 0
0 1 100 40 0 0
0 1 127 3 0 0
0 1 22 19 0 0
0 1 25 39 0 0
0 1 83 25 0 0
0 1 103 23 0 0
0 1 30 34 0 0
0 1 70 6 0 0
0 1 6 55 0 0
0 1 85 12 0 0
0 1 129 16 0 0
0 1 137 34 0 0
0 1 0 27 0 0
0 1 37 49 0 0
0 1 50 31 0 0
0 1 57 42 0 0
0 1 67 14 0 0
0 1 108 32 0 0
0 1 72 25 0 0
0 1 80 36 0 0
0 1 32 7 0 0
0 1 43 53 0 0
0 1 70 1 0 0
0 1 115 18 0 0
0 1 43 53 0 0
0 1 57 48 0 0
0 1 68 1 0 0
0 1 5 17 0 0
0 1 73 21 0 0
0 1 18 52 0 0
0 1 71 10 0 0
0 1 47 29 0 0
0 1 77 13 0 0
0 1 87 42 0 0
0 1 76 30 0 0
0 1 6 22 0 0
0 1 8 43 0 0
0 1 35 28 0 0
0 1 85 4 0 0
0 1 102 31 0 0
0 1 107 37 0 0
0 1 20 50 0 0
0 1 36 32 0 0
0 1 120 36 0 0
0 1 13 50 0 0
0 1 59 7 0 0
0 1 61 47 0 0
0 1 12 0 0 0
0 1 66 51 0 0
0 1 115 35 0 0
0 1 25 0 0 0
0 1 51 49 0 0
0 1 135 18 0 0
0 1 9 21 0 0
0 1 14 37 0 0
0 1 33 8 0 0
0 1 82 27 0 0
0 1 99 52 0 0
0 1 136 24 0 0
0 1 3 16 0 0
0 1 137 48 0 0
0 1 37 34 0 0
0 1 103 45 0 0
0 1 95 8 0 0
0 1 46 33 0 0
0 1 136 9 0 0
0 1 4 19 0 0
0 1 59 34 0 0
0 1 63 13 0 0
0 1 42 17 0 0
0 1 95 14 0 0
0 1 47 29 0 0
0 1 29 2 0 0
0 1 54 45 0 0
0 1 113 25 0 0
0 1 63 47 0 0
0 1 88 4 0 0
0 1 88 4 0 0
0 1 98 14 0 0
0 1 139 21 0 0
0 1 31 8 0 0
0 1 7 36 0 0
0 1 33 43 0 0
0 1 10 19 0 0
0 1 109 12 0 0
0 1 97 52 0 0
0 1 27 13 0 0
0 1 69 6 0 0
0 1 65 24 0 0
0 1 124 4 0 0
0 1 90 51 0 0
0 1 118 47 0 0
0 1 39 47 0 0
0 1 10 20 0 0
0 1 69 35 0 0
0 1 1 1 0 0
0 1 122 41 0 0
0 1 21 41 0 0
0 1 19 21 0 0
0 1 36 8 0 0
0 1 60 53 0 0
0 1 29 52 0 0
0 1 135 3 0 0
0 1 94 49 0 0
0 1 129 55 0 0
0 1 84 26 0 0
0 1 94 38 0 0
0 1 86 53 0 0
0 1 119 54 0 0
0 1 53 2 0 0
0 1 125 33 0 0
0 1 23 26 0 0
0 1 55 26 0 0
0 1 64 23 0 0
0 1 88 3 0 0
0 1 22 25 0 0
0 1 89 53 0 0
0 1 75 26 0 0
0 1 123 54 0 0
0 1 62 15 0 0
0 1 14 10 0 0
0 1 92 2 0 0
0 1 82 41 0 0
0 1 58 38 0 0
0 1 49 52 0 0
0 1 49 36 0 0
0 1 38 54 0 0
0 1 23 33 0 0
0 1 99 49 0 0
0 1 71 9 0 0
0 1 2 16 0 0
0 1 27 46 0 0
0 1 52 37 0 0
0 1 97 9 0 0
0 1 17 29 0 0
0 1 104 15 0 0
0 1 81 15 0 0
0 1 42 8 0 0
0 1 101 48 0 0
0 1 106 45 0 0
0 1 26 44 0 0
0 1 138 54 0 0
0 1 35 31 0 0
0 1 16 55 0 0
0 1 116 27 0 0
0 1 93 47 0 0
0 1 126 1 0 0
0 1 107 4 0 0
0 1 7 18 0 0
0 1 67 32 0 0
0 1 41 21 0 0
0 1 34 39 0 0
0 1 40 50 0 0
0 1 78 33 0 0
0 1 4 34 0 0
0 1 114 36 0 0
0 1 48 11 0 0
0 1 91 49 0 0
0 1 138 31 0 0
0 1 124 42 0 0
0 1 46 16 0 0
0 1 3 28 0 0
0 1 126 7 0 0
0 1 51 19 0 0
0 1 87 0 0 0
0 1 21 22 0 0
0 1 24 44 0 0
0 1 121 24 0 0
0 1 11 42 0 0
0 1 45 28 0 0
