0 1 23 42 0 0
0 1 27 1 0 0
0 1 28 54 0 0
0 1 30 50 0 0
0 1 37 51 0 0
0 1 44 38 0 0
0 1 49 17 0 0
0 1 50 2 0 0
0 1 62 25 0 0
0 1 65 24 0 0
0 1 81 7 0 0
0 1 87 3 0 0
0 1 91 17 0 0
0 1 121 28 0 0
0 1 136 18 0 0
0 1 139 34 0 0
0 1 49 17 0 0
0 1 139 34 0 0
0 1 1 37 0 0
0 1 11 53 0 0
0 1 14 6 0 0
0 1 35 23 0 0
0 1 63 8 0 0
0 1 75 39 0 0
0 1 79 32 0 0
0 1 98 48 0 0
0 1 100 20 0 0
0 1 107 52 0 0
0 1 48 42 0 0
0 1 99 34 0 0
0 1 118 39 0 0
0 1 78 52 0 0
0 1 114 20 0 0
0 1 22 31 0 0
0 1 69 9 0 0
0 1 116 14 0 0
0 1 24 5 0 0
0 1 65 39 0 0
0 1 62 48 0 0
0 1 101 44 0 0
0 1 129 55 0 0
0 1 10 19 0 0
0 1 70 22 0 0
0 1 111 10 0 0
0 1 119 4 0 0
0 1 131 3 0 0
0 1 2 51 0 0
0 1 76 40 0 0
0 1 110 14 0 0
0 1 8 22 0 0
0 1 35 51 0 0
0 1 82 33 0 0
0 1 2 21 0 0
0 1 27 24 0 0
0 1 102 25 0 0
0 1 36 30 0 0
0 1 61 30 0 0
0 1 105 26 0 0
0 1 40 44 0 0
0 1 72 6 0 0
0 1 24 37 0 0
0 1 87 18 0 0
0 1 88 14 0 0
0 1 51 51 0 0
0 1 83 37 0 0
0 1 43 16 0 0
0 1 67 26 0 0
0 1 104 24 0 0
0 1 19 1 0 0
0 1 56 0 0 0
0 1 41 45 0 0
0 1 122 43 0 0
0 1 118 26 0 0
0 1 43 40 0 0
0 1 94 35 0 0
0 1 117 30 0 0
0 1 128 7 0 0
0 1 3 48 0 0
0 1 25 53 0 0
0 1 26 31 0 0
0 1 25 53 0 0
0 1 66 43 0 0
0 1 96 34 0 0
0 1 135 46 0 0
0 1 135 29 0 0
0 1 17 32 0 0
0 1 29 43 0 0
0 1 97 36 0 0
0 1 50 7 0 0
0 1 63 33 0 0
0 1 39 36 0 0
0 1 47 10 0 0
0 1 52 23 0 0
0 1 115 49 0 0
0 1 112 13 0 0
0 1 45 50 0 0
0 1 41 55 0 0
0 1 33 46 0 0
0 1 138 12 0 0
0 1 59 19 0 0
0 1 83 52 0 0
0 1 36 25 0 0
0 1 1 13 0 0
0 1 100 11 0 0
0 1 6 29 0 0
0 1 134 47 0 0
0 1 110 54 0 0
0 1 49 0 0 0
0 1 103 29 0 0
0 1 16 28 0 0
0 1 48 4 0 0
0 1 51 9 0 0
0 1 115 10 0 0
0 1 75 24 0 0
0 1 12 13 0 0
0 1 109 17 0 0
0 1 112 7 0 0
0 1 119 41 0 0
0 1 124 23 0 0
0 1 72 2 0 0
0 1 64 44 0 0
0 1 113 15 0 0
0 1 6 38 0 0
0 1 107 20 0 0
0 1 97 54 0 0
0 1 106 22 0 0
0 1 76 36 0 0
0 1 31 44 0 0
0 1 117 22 0 0
0 1 139 45 0 0
0 1 60 29 0 0
0 1 102 55 0 0
0 1 96 17 0 0
0 1 92 25 0 0
0 1 3 49 0 0
0 1 129 28 0 0
0 1 34 50 0 0
0 1 42 50 0 0
0 1 127 35 0 0
0 1 7 9 0 0
0 1 69 48 0 0
0 1 108 14 0 0
0 1 14 3 0 0
0 1 105 11 0 0
0 1 40 26 0 0
0 1 46 10 0 0
0 1 67 30 0 0
0 1 29 2 0 0
0 1 9 38 0 0
0 1 122 4 0 0
0 1 125 27 0 0
0 1 95 5 0 0
0 1 80 22 0 0
0 1 121 3 0 0
0 1 55 40 0 0
0 1 77 5 0 0
0 1 74 28 0 0
0 1 13 55 0 0
0 1 34 41 0 0
0 1 123 53 0 0
0 1 138 7 0 0
0 1 136 16 0 0
0 1 12 48 0 0
0 1 10 23 0 0
0 1 94 13 0 0
0 1 19 35 0 0
0 1 21 29 0 0
0 1 137 42 0 0
0 1 46 46 0 0
0 1 70 6 0 0
0 1 88 49 0 0
0 1 71 46 0 0
0 1 84 52 0 0
0 1 28 11 0 0
0 1 18 11 0 0
0 1 5 6 0 0
0 1 77 45 0 0
0 1 73 8 0 0
0 1 22 55 0 0
0 1 93 37 0 0
0 1 38 20 0 0
0 1 84 47 0 0
0 1 132 49 0 0
0 1 131 15 0 0
0 1 132 27 0 0
0 1 57 20 0 0
0 1 57 1 0 0
0 1 4 31 0 0
0 1 0 28 0 0
0 1 38 33 0 0
0 1 55 0 0 0
0 1 44 0 0 0
0 1 4 11 0 0
0 1 137 15 0 0
0 1 58 12 0 0
0 1 25 46 0 0
0 1 86 42 0 0
0 1 130 6 0 0
0 1 53 34 0 0
0 1 74 18 0 0
0 1 53 8 0 0
0 1 11 45 0 0
0 1 9 35 0 0
0 1 54 42 0 0
