0 1 0 4 0 0
0 1 2 8 0 0
0 1 21 16 0 0
0 1 42 54 0 0
0 1 57 38 0 0
0 1 71 36 0 0
0 1 73 17 0 0
0 1 87 34 0 0
0 1 93 48 0 0
0 1 101 31 0 0
0 1 103 15 0 0
0 1 125 26 0 0
0 1 130 11 0 0
0 1 28 27 0 0
0 1 58 34 0 0
0 1 74 26 0 0
0 1 5 0 0 0
0 1 15 29 0 0
0 1 43 51 0 0
0 1 50 46 0 0
0 1 10 3 0 0
0 1 14 35 0 0
0 1 40 51 0 0
0 1 1 15 0 0
0 1 3 9 0 0
0 1 33 2 0 0
0 1 67 23 0 0
0 1 80 33 0 0
0 1 111 12 0 0
0 1 112 31 0 0
0 1 123 8 0 0
0 1 126 38 0 0
0 1 131 14 0 0
0 1 139 28 0 0
0 1 8 39 0 0
0 1 122 55 0 0
0 1 91 28 0 0
0 1 107 37 0 0
0 1 39 3 0 0
0 1 120 19 0 0
0 1 136 30 0 0
0 1 62 22 0 0
0 1 127 38 0 0
0 1 34 23 0 0
0 1 107 43 0 0
0 1 122 28 0 0
0 1 47 13 0 0
0 1 134 3 0 0
0 1 109 54 0 0
0 1 137 43 0 0
0 1 75 39 0 0
0 1 27 14 0 0
0 1 26 22 0 0
0 1 84 7 0 0
0 1 59 24 0 0
0 1 56 39 0 0
0 1 36 29 0 0
0 1 52 40 0 0
0 1 137 41 0 0
0 1 60 2 0 0
0 1 116 46 0 0
0 1 81 25 0 0
0 1 88 1 0 0
0 1 96 27 0 0
0 1 132 47 0 0
0 1 129 10 0 0
0 1 79 25 0 0
0 1 113 49 0 0
0 1 72 46 0 0
0 1 1 6 0 0
0 1 83 10 0 0
0 1 16 41 0 0
0 1 50 45 0 0
0 1 37 24 0 0
0 1 37 55 0 0
0 1 133 54 0 0
0 1 5 9 0 0
0 1 55 25 0 0
0 1 68 19 0 0
0 1 100 18 0 0
0 1 115 7 0 0
0 1 117 23 0 0
0 1 121 47 0 0
0 1 120 10 0 0
0 1 19 0 0 0
0 1 44 23 0 0
0 1 90 55 0 0
0 1 71 45 0 0
0 1 64 33 0 0
0 1 23 52 0 0
0 1 38 14 0 0
0 1 45 11 0 0
0 1 23 4 0 0
0 1 94 36 0 0
0 1 34 7 0 0
0 1 126 49 0 0
0 1 4 9 0 0
0 1 53 5 0 0
0 1 65 13 0 0
0 1 124 5 0 0
0 1 82 45 0 0
0 1 15 11 0 0
0 1 63 20 0 0
0 1 123 48 0 0
0 1 48 20 0 0
0 1 25 15 0 0
0 1 32 51 0 0
0 1 55 3 0 0
0 1 110 33 0 0
0 1 66 22 0 0
0 1 13 26 0 0
0 1 62 17 0 0
0 1 48 32 0 0
0 1 58 24 0 0
0 1 131 48 0 0
0 1 68 26 0 0
0 1 16 47 0 0
0 1 59 2 0 0
0 1 21 43 0 0
0 1 20 44 0 0
0 1 108 52 0 0
0 1 92 32 0 0
0 1 102 12 0 0
0 1 56 46 0 0
0 1 10 53 0 0
0 1 53 16 0 0
0 1 72 25 0 0
0 1 46 4 0 0
0 1 49 16 0 0
0 1 43 51 0 0
0 1 65 37 0 0
0 1 17 21 0 0
0 1 6 36 0 0
0 1 51 10 0 0
0 1 85 19 0 0
0 1 24 55 0 0
0 1 7 5 0 0
0 1 113 13 0 0
0 1 128 12 0 0
0 1 121 41 0 0
0 1 39 47 0 0
0 1 115 34 0 0
0 1 63 38 0 0
0 1 54 26 0 0
0 1 9 34 0 0
0 1 135 5 0 0
0 1 87 50 0 0
0 1 104 19 0 0
0 1 9 53 0 0
0 1 98 32 0 0
0 1 127 29 0 0
0 1 67 43 0 0
0 1 96 50 0 0
0 1 18 33 0 0
0 1 102 36 0 0
0 1 46 31 0 0
0 1 19 29 0 0
0 1 69 13 0 0
0 1 70 55 0 0
0 1 54 35 0 0
0 1 99 8 0 0
0 1 86 48 0 0
0 1 139 14 0 0
0 1 70 30 0 0
0 1 89 17 0 0
0 1 28 33 0 0
0 1 119 22 0 0
0 1 41 9 0 0
0 1 12 45 0 0
0 1 100 40 0 0
0 1 78 42 0 0
0 1 128 30 0 0
0 1 26 44 0 0
0 1 74 53 0 0
0 1 75 44 0 0
0 1 29 21 0 0
0 1 3 14 0 0
0 1 20 35 0 0
0 1 109 0 0 0
0 1 42 18 0 0
0 1 36 51 0 0
0 1 133 52 0 0
0 1 114 46 0 0
0 1 124 50 0 0
0 1 32 32 0 0
0 1 114 0 0 0
0 1 57 12 0 0
0 1 51 35 0 0
0 1 40 38 0 0
0 1 64 52 0 0
0 1 83 10 0 0
0 1 18 18 0 0
0 1 61 47 0 0
0 1 82 21 0 0
0 1 77 34 0 0
0 1 76 49 0 0
0 1 112 7 0 0
0 1 81 13 0 0
0 1 92 54 0 0
0 1 30 2 0 0
0 1 69 23 0 0
0 1 31 21 0 0
0 1 31 53 0 0
0 1 52 19 0 0
0 1 118 0 0 0
0 1 29 49 0 0
0 1 11 31 0 0
0 1 118 28 0 0
0 1 6 28 0 0
0 1 60 44 0 0
0 1 24 30 0 0
