0 1 6 35 0 0
0 1 7 19 0 0
0 1 16 55 0 0
0 1 18 8 0 0
0 1 23 45 0 0
0 1 28 36 0 0
0 1 38 37 0 0
0 1 54 49 0 0
0 1 55 2 0 0
0 1 76 7 0 0
0 1 81 52 0 0
0 1 90 43 0 0
0 1 100 39 0 0
0 1 113 29 0 0
0 1 118 50 0 0
0 1 60 9 0 0
0 1 87 45 0 0
0 1 117 39 0 0
0 1 18 15 0 0
0 1 29 40 0 0
0 1 30 49 0 0
0 1 39 32 0 0
0 1 40 30 0 0
0 1 53 1 0 0
0 1 80 44 0 0
0 1 94 32 0 0
0 1 104 5 0 0
0 1 109 38 0 0
0 1 111 11 0 0
0 1 125 13 0 0
0 1 50 50 0 0
0 1 85 0 0 0
0 1 85 11 0 0
0 1 96 35 0 0
0 1 131 24 0 0
0 1 24 10 0 0
0 1 32 34 0 0
0 1 46 54 0 0
0 1 100 16 0 0
0 1 14 17 0 0
0 1 108 49 0 0
0 1 133 55 0 0
0 1 133 49 0 0
0 1 44 21 0 0
0 1 44 40 0 0
0 1 1 43 0 0
0 1 69 28 0 0
0 1 97 55 0 0
0 1 98 54 0 0
0 1 136 50 0 0
0 1 99 45 0 0
0 1 72 14 0 0
0 1 112 38 0 0
0 1 65 44 0 0
0 1 110 22 0 0
0 1 96 33 0 0
0 1 48 25 0 0
0 1 121 12 0 0
0 1 52 27 0 0
0 1 12 42 0 0
0 1 58 8 0 0
0 1 75 27 0 0
0 1 93 51 0 0
0 1 122 34 0 0
0 1 57 31 0 0
0 1 41 17 0 0
0 1 101 9 0 0
0 1 68 20 0 0
0 1 88 37 0 0
0 1 4 38 0 0
0 1 19 1 0 0
0 1 89 29 0 0
0 1 117 2 0 0
0 1 125 2 0 0
0 1 62 33 0 0
0 1 125 2 0 0
0 1 21 15 0 0
0 1 115 28 0 0
0 1 86 55 0 0
0 1 27 42 0 0
0 1 113 35 0 0
0 1 26 36 0 0
0 1 129 32 0 0
0 1 74 43 0 0
0 1 105 39 0 0
0 1 137 0 0 0
0 1 126 11 0 0
0 1 120 30 0 0
0 1 50 4 0 0
0 1 22 32 0 0
0 1 83 22 0 0
0 1 42 6 0 0
0 1 95 1 0 0
0 1 33 22 0 0
0 1 73 5 0 0
0 1 55 23 0 0
0 1 90 15 0 0
0 1 102 3 0 0
0 1 19 14 0 0
0 1 0 7 0 0
0 1 107 19 0 0
0 1 101 38 0 0
0 1 106 52 0 0
0 1 71 3 0 0
0 1 39 36 0 0
0 1 79 54 0 0
0 1 66 16 0 0
0 1 127 14 0 0
0 1 106 48 0 0
0 1 59 28 0 0
0 1 128 6 0 0
0 1 116 8 0 0
0 1 109 47 0 0
0 1 92 13 0 0
0 1 129 27 0 0
0 1 6 51 0 0
0 1 83 9 0 0
0 1 77 18 0 0
0 1 8 47 0 0
0 1 25 3 0 0
0 1 122 11 0 0
0 1 62 21 0 0
0 1 13 29 0 0
0 1 68 10 0 0
0 1 69 8 0 0
0 1 32 2 0 0
0 1 102 15 0 0
0 1 53 51 0 0
0 1 78 18 0 0
0 1 15 18 0 0
0 1 134 25 0 0
0 1 21 37 0 0
0 1 37 6 0 0
0 1 45 49 0 0
0 1 46 13 0 0
0 1 49 50 0 0
0 1 70 52 0 0
0 1 119 46 0 0
0 1 14 15 0 0
0 1 135 24 0 0
0 1 20 9 0 0
0 1 67 29 0 0
0 1 16 7 0 0
0 1 114 41 0 0
0 1 51 47 0 0
0 1 136 41 0 0
0 1 93 30 0 0
0 1 63 11 0 0
0 1 25 25 0 0
0 1 36 6 0 0
0 1 61 31 0 0
0 1 11 10 0 0
0 1 36 30 0 0
0 1 10 20 0 0
0 1 112 12 0 0
0 1 94 44 0 0
0 1 11 16 0 0
0 1 13 12 0 0
0 1 22 36 0 0
0 1 128 29 0 0
0 1 35 19 0 0
0 1 23 14 0 0
0 1 40 17 0 0
0 1 95 20 0 0
0 1 51 22 0 0
0 1 48 23 0 0
0 1 104 20 0 0
0 1 78 40 0 0
0 1 107 46 0 0
0 1 123 16 0 0
0 1 3 20 0 0
0 1 82 42 0 0
0 1 103 46 0 0
0 1 61 18 0 0
0 1 45 7 0 0
0 1 66 33 0 0
0 1 41 40 0 0
0 1 135 33 0 0
0 1 130 0 0 0
0 1 82 10 0 0
0 1 121 16 0 0
0 1 130 4 0 0
0 1 137 34 0 0
0 1 12 32 0 0
0 1 70 34 0 0
0 1 138 40 0 0
0 1 43 35 0 0
0 1 124 22 0 0
0 1 64 23 0 0
0 1 74 8 0 0
0 1 52 12 0 0
0 1 5 5 0 0
0 1 123 26 0 0
0 1 31 26 0 0
0 1 24 48 0 0
0 1 8 51 0 0
0 1 65 38 0 0
0 1 127 51 0 0
0 1 75 36 0 0
0 1 47 26 0 0
