0 1 2 54 0 0
0 1 7 20 0 0
0 1 8 47 0 0
0 1 22 41 0 0
0 1 48 18 0 0
0 1 49 40 0 0
0 1 55 45 0 0
0 1 101 4 0 0
0 1 123 16 0 0
0 1 128 23 0 0
0 1 28 25 0 0
0 1 55 45 0 0
0 1 64 4 0 0
0 1 65 54 0 0
0 1 71 28 0 0
0 1 102 27 0 0
0 1 37 33 0 0
0 1 38 38 0 0
0 1 63 34 0 0
0 1 77 51 0 0
0 1 77 42 0 0
0 1 107 13 0 0
0 1 127 26 0 0
0 1 10 46 0 0
0 1 7 30 0 0
0 1 30 54 0 0
0 1 31 9 0 0
0 1 38 43 0 0
0 1 42 12 0 0
0 1 61 42 0 0
0 1 87 53 0 0
0 1 89 23 0 0
0 1 98 10 0 0
0 1 99 15 0 0
0 1 118 49 0 0
0 1 133 44 0 0
0 1 60 38 0 0
0 1 75 10 0 0
0 1 9 6 0 0
0 1 20 35 0 0
0 1 36 51 0 0
0 1 62 0 0 0
0 1 62 25 0 0
0 1 132 52 0 0
0 1 26 52 0 0
0 1 113 6 0 0
0 1 129 50 0 0
0 1 90 17 0 0
0 1 93 43 0 0
0 1 11 19 0 0
0 1 94 36 0 0
0 1 114 3 0 0
0 1 5 10 0 0
0 1 8 26 0 0
0 1 11 44 0 0
0 1 31 13 0 0
0 1 40 16 0 0
0 1 46 16 0 0
0 1 110 39 0 0
0 1 33 19 0 0
0 1 82 35 0 0
0 1 22 39 0 0
0 1 85 26 0 0
0 1 126 8 0 0
0 1 134 34 0 0
0 1 4 34 0 0
0 1 109 47 0 0
0 1 10 15 0 0
0 1 40 44 0 0
0 1 63 1 0 0
0 1 81 32 0 0
0 1 14 55 0 0
0 1 73 44 0 0
0 1 128 38 0 0
0 1 110 55 0 0
0 1 103 35 0 0
0 1 5 7 0 0
0 1 81 46 0 0
0 1 91 11 0 0
0 1 52 42 0 0
0 1 57 22 0 0
0 1 117 31 0 0
0 1 107 36 0 0
0 1 1 37 0 0
0 1 78 2 0 0
0 1 34 6 0 0
0 1 12 37 0 0
0 1 85 15 0 0
0 1 14 33 0 0
0 1 117 48 0 0
0 1 131 8 0 0
0 1 103 48 0 0
0 1 59 51 0 0
0 1 138 30 0 0
0 1 13 0 0 0
0 1 89 12 0 0
0 1 45 54 0 0
0 1 101 23 0 0
0 1 3 41 0 0
0 1 91 50 0 0
0 1 47 13 0 0
0 1 96 51 0 0
0 1 25 45 0 0
0 1 60 45 0 0
0 1 36 19 0 0
0 1 13 25 0 0
0 1 109 38 0 0
0 1 104 22 0 0
0 1 76 53 0 0
0 1 125 44 0 0
0 1 59 24 0 0
0 1 17 49 0 0
0 1 83 38 0 0
0 1 79 47 0 0
0 1 86 19 0 0
0 1 114 11 0 0
0 1 9 18 0 0
0 1 122 7 0 0
0 1 74 17 0 0
0 1 79 22 0 0
0 1 3 46 0 0
0 1 0 12 0 0
0 1 90 14 0 0
0 1 92 16 0 0
0 1 112 31 0 0
0 1 124 53 0 0
0 1 80 8 0 0
0 1 130 0 0 0
0 1 44 16 0 0
0 1 56 0 0 0
0 1 23 15 0 0
0 1 56 33 0 0
0 1 51 27 0 0
0 1 122 13 0 0
0 1 72 18 0 0
0 1 66 36 0 0
0 1 29 39 0 0
0 1 39 21 0 0
0 1 27 27 0 0
0 1 99 30 0 0
0 1 80 6 0 0
0 1 96 14 0 0
0 1 139 28 0 0
0 1 116 30 0 0
0 1 86 40 0 0
0 1 2 40 0 0
0 1 42 20 0 0
0 1 68 8 0 0
0 1 43 46 0 0
0 1 53 4 0 0
0 1 74 41 0 0
0 1 50 6 0 0
0 1 24 48 0 0
0 1 71 2 0 0
0 1 30 53 0 0
0 1 64 35 0 0
0 1 97 1 0 0
0 1 125 7 0 0
0 1 104 47 0 0
0 1 70 28 0 0
0 1 100 30 0 0
0 1 92 32 0 0
0 1 123 21 0 0
0 1 131 7 0 0
0 1 127 29 0 0
0 1 47 52 0 0
0 1 82 24 0 0
0 1 6 3 0 0
0 1 84 36 0 0
0 1 136 12 0 0
0 1 113 42 0 0
0 1 136 21 0 0
0 1 78 24 0 0
0 1 93 9 0 0
0 1 115 42 0 0
0 1 135 3 0 0
0 1 12 55 0 0
0 1 46 4 0 0
0 1 37 8 0 0
0 1 39 31 0 0
0 1 51 0 0 0
0 1 69 28 0 0
0 1 95 5 0 0
0 1 83 19 0 0
0 1 97 5 0 0
0 1 121 27 0 0
0 1 16 1 0 0
0 1 129 34 0 0
0 1 137 46 0 0
0 1 111 32 0 0
0 1 53 52 0 0
0 1 115 9 0 0
0 1 18 3 0 0
0 1 112 27 0 0
0 1 100 37 0 0
0 1 58 31 0 0
0 1 19 51 0 0
0 1 32 25 0 0
0 1 32 48 0 0
0 1 35 12 0 0
0 1 15 3 0 0
0 1 1 41 0 0
