0 1 2 32 0 0
0 1 7 53 0 0
0 1 8 52 0 0
0 1 10 5 0 0
0 1 14 12 0 0
0 1 16 24 0 0
0 1 31 39 0 0
0 1 35 32 0 0
0 1 47 42 0 0
0 1 54 50 0 0
0 1 62 48 0 0
0 1 87 20 0 0
0 1 93 19 0 0
0 1 100 1 0 0
0 1 103 7 0 0
0 1 139 26 0 0
0 1 54 50 0 0
0 1 62 48 0 0
0 1 100 38 0 0
0 1 45 10 0 0
0 1 49 47 0 0
0 1 64 2 0 0
0 1 104 10 0 0
0 1 105 29 0 0
0 1 106 14 0 0
0 1 114 7 0 0
0 1 123 27 0 0
0 1 123 28 0 0
0 1 93 28 0 0
0 1 96 26 0 0
0 1 126 44 0 0
0 1 109 31 0 0
0 1 61 46 0 0
0 1 71 28 0 0
0 1 72 50 0 0
0 1 81 16 0 0
0 1 137 31 0 0
0 1 35 20 0 0
0 1 12 29 0 0
0 1 39 6 0 0
0 1 56 16 0 0
0 1 59 11 0 0
0 1 90 54 0 0
0 1 112 46 0 0
0 1 39 6 0 0
0 1 12 40 0 0
0 1 41 19 0 0
0 1 78 11 0 0
0 1 4 11 0 0
0 1 47 34 0 0
0 1 97 51 0 0
0 1 29 8 0 0
0 1 5 9 0 0
0 1 102 49 0 0
0 1 19 38 0 0
0 1 83 36 0 0
0 1 38 44 0 0
0 1 30 17 0 0
0 1 45 4 0 0
0 1 86 22 0 0
0 1 94 50 0 0
0 1 30 17 0 0
0 1 44 52 0 0
0 1 70 31 0 0
0 1 75 43 0 0
0 1 50 3 0 0
0 1 55 0 0 0
0 1 104 39 0 0
0 1 122 52 0 0
0 1 10 18 0 0
0 1 25 47 0 0
0 1 28 55 0 0
0 1 124 45 0 0
0 1 63 38 0 0
0 1 128 37 0 0
0 1 122 15 0 0
0 1 29 49 0 0
0 1 32 48 0 0
0 1 81 22 0 0
0 1 11 1 0 0
0 1 17 55 0 0
0 1 73 28 0 0
0 1 73 26 0 0
0 1 119 49 0 0
0 1 117 9 0 0
0 1 53 4 0 0
0 1 89 43 0 0
0 1 98 15 0 0
0 1 138 30 0 0
0 1 46 12 0 0
0 1 52 54 0 0
0 1 46 12 0 0
0 1 48 12 0 0
0 1 4 37 0 0
0 1 126 49 0 0
0 1 124 14 0 0
0 1 125 19 0 0
0 1 70 33 0 0
0 1 130 43 0 0
0 1 78 34 0 0
0 1 19 51 0 0
0 1 91 20 0 0
0 1 9 8 0 0
0 1 66 6 0 0
0 1 61 3 0 0
0 1 92 3 0 0
0 1 95 17 0 0
0 1 7 35 0 0
0 1 76 6 0 0
0 1 52 45 0 0
0 1 49 25 0 0
0 1 80 23 0 0
0 1 58 41 0 0
0 1 56 54 0 0
0 1 68 19 0 0
0 1 72 24 0 0
0 1 82 20 0 0
0 1 20 9 0 0
0 1 58 22 0 0
0 1 91 35 0 0
0 1 130 27 0 0
0 1 121 37 0 0
0 1 15 43 0 0
0 1 111 34 0 0
0 1 85 40 0 0
0 1 36 16 0 0
0 1 82 20 0 0
0 1 51 13 0 0
0 1 129 41 0 0
0 1 30 9 0 0
0 1 133 0 0 0
0 1 68 7 0 0
0 1 13 23 0 0
0 1 26 25 0 0
0 1 9 8 0 0
0 1 13 42 0 0
0 1 57 51 0 0
0 1 15 0 0 0
0 1 22 25 0 0
0 1 5 15 0 0
0 1 21 33 0 0
0 1 103 46 0 0
0 1 101 38 0 0
0 1 37 19 0 0
0 1 106 27 0 0
0 1 36 44 0 0
0 1 125 35 0 0
0 1 84 8 0 0
0 1 57 40 0 0
0 1 113 48 0 0
0 1 60 7 0 0
0 1 99 36 0 0
0 1 60 39 0 0
0 1 6 42 0 0
0 1 17 52 0 0
0 1 42 25 0 0
0 1 114 53 0 0
0 1 116 16 0 0
0 1 46 35 0 0
0 1 88 18 0 0
0 1 25 23 0 0
0 1 96 46 0 0
0 1 118 32 0 0
0 1 86 14 0 0
0 1 11 26 0 0
0 1 64 17 0 0
0 1 6 4 0 0
0 1 16 31 0 0
0 1 53 8 0 0
0 1 40 13 0 0
0 1 34 45 0 0
0 1 99 12 0 0
0 1 117 54 0 0
0 1 40 4 0 0
0 1 59 40 0 0
0 1 67 54 0 0
0 1 108 29 0 0
0 1 101 16 0 0
0 1 131 21 0 0
0 1 75 41 0 0
0 1 1 7 0 0
0 1 41 55 0 0
0 1 110 53 0 0
0 1 121 46 0 0
0 1 89 42 0 0
0 1 8 42 0 0
0 1 18 3 0 0
0 1 87 4 0 0
0 1 20 14 0 0
0 1 84 39 0 0
0 1 92 10 0 0
0 1 74 26 0 0
0 1 21 40 0 0
0 1 136 44 0 0
0 1 80 44 0 0
