0 1 4 52 0 0
0 1 9 36 0 0
0 1 16 55 0 0
0 1 20 7 0 0
0 1 24 27 0 0
0 1 33 53 0 0
0 1 46 40 0 0
0 1 52 45 0 0
0 1 54 14 0 0
0 1 68 18 0 0
0 1 71 34 0 0
0 1 81 20 0 0
0 1 98 53 0 0
0 1 104 21 0 0
0 1 136 41 0 0
0 1 24 27 0 0
0 1 37 5 0 0
0 1 37 34 0 0
0 1 66 33 0 0
0 1 101 50 0 0
0 1 41 2 0 0
0 1 43 11 0 0
0 1 61 23 0 0
0 1 82 11 0 0
0 1 85 3 0 0
0 1 105 4 0 0
0 1 125 21 0 0
0 1 9 5 0 0
0 1 39 42 0 0
0 1 42 39 0 0
0 1 76 7 0 0
0 1 113 33 0 0
0 1 85 27 0 0
0 1 101 34 0 0
0 1 104 13 0 0
0 1 87 12 0 0
0 1 90 4 0 0
0 1 93 24 0 0
0 1 87 12 0 0
0 1 14 13 0 0
0 1 20 54 0 0
0 1 32 29 0 0
0 1 59 5 0 0
0 1 72 32 0 0
0 1 106 1 0 0
0 1 22 21 0 0
0 1 36 50 0 0
0 1 49 17 0 0
0 1 72 37 0 0
0 1 80 25 0 0
0 1 115 48 0 0
0 1 38 54 0 0
0 1 23 24 0 0
0 1 34 4 0 0
0 1 78 46 0 0
0 1 52 6 0 0
0 1 11 31 0 0
0 1 92 19 0 0
0 1 114 16 0 0
0 1 38 39 0 0
0 1 112 15 0 0
0 1 17 18 0 0
0 1 48 15 0 0
0 1 33 21 0 0
0 1 55 23 0 0
0 1 119 52 0 0
0 1 10 19 0 0
0 1 91 11 0 0
0 1 111 31 0 0
0 1 135 26 0 0
0 1 29 39 0 0
0 1 49 33 0 0
0 1 44 28 0 0
0 1 57 24 0 0
0 1 0 6 0 0
0 1 103 1 0 0
0 1 17 8 0 0
0 1 127 6 0 0
0 1 88 18 0 0
0 1 1 12 0 0
0 1 45 55 0 0
0 1 115 21 0 0
0 1 29 8 0 0
0 1 103 28 0 0
0 1 2 49 0 0
0 1 61 20 0 0
0 1 102 53 0 0
0 1 127 47 0 0
0 1 58 37 0 0
0 1 114 9 0 0
0 1 30 23 0 0
0 1 6 27 0 0
0 1 32 15 0 0
0 1 64 34 0 0
0 1 78 42 0 0
0 1 121 40 0 0
0 1 100 49 0 0
0 1 95 40 0 0
0 1 2 3 0 0
0 1 70 49 0 0
0 1 14 55 0 0
0 1 139 4 0 0
0 1 128 9 0 0
0 1 46 47 0 0
0 1 83 18 0 0
0 1 28 17 0 0
0 1 66 44 0 0
0 1 36 0 0 0
0 1 97 34 0 0
0 1 77 41 0 0
0 1 113 8 0 0
0 1 129 46 0 0
0 1 73 46 0 0
0 1 128 17 0 0
0 1 107 30 0 0
0 1 54 14 0 0
0 1 59 51 0 0
0 1 25 0 0 0
0 1 96 29 0 0
0 1 50 26 0 0
0 1 107 55 0 0
0 1 31 47 0 0
0 1 94 35 0 0
0 1 87 22 0 0
0 1 126 39 0 0
0 1 76 50 0 0
0 1 121 38 0 0
0 1 133 6 0 0
0 1 7 53 0 0
0 1 83 54 0 0
0 1 124 52 0 0
0 1 35 52 0 0
0 1 60 12 0 0
0 1 19 32 0 0
0 1 18 43 0 0
0 1 43 5 0 0
0 1 67 29 0 0
0 1 92 43 0 0
0 1 62 25 0 0
0 1 55 53 0 0
0 1 0 35 0 0
0 1 117 36 0 0
0 1 58 10 0 0
0 1 58 10 0 0
0 1 126 13 0 0
0 1 135 35 0 0
0 1 26 10 0 0
0 1 69 20 0 0
0 1 45 48 0 0
0 1 110 54 0 0
0 1 123 33 0 0
0 1 40 37 0 0
0 1 130 16 0 0
0 1 122 38 0 0
0 1 110 29 0 0
0 1 18 55 0 0
0 1 75 39 0 0
0 1 71 41 0 0
0 1 28 14 0 0
0 1 26 2 0 0
0 1 56 32 0 0
0 1 65 43 0 0
0 1 44 23 0 0
0 1 30 51 0 0
0 1 89 3 0 0
0 1 60 2 0 0
0 1 68 9 0 0
0 1 134 15 0 0
0 1 19 15 0 0
0 1 39 13 0 0
0 1 125 44 0 0
0 1 5 9 0 0
0 1 6 25 0 0
0 1 13 42 0 0
0 1 27 22 0 0
0 1 42 14 0 0
0 1 122 49 0 0
0 1 91 17 0 0
0 1 97 11 0 0
0 1 13 43 0 0
0 1 70 52 0 0
0 1 22 47 0 0
0 1 63 48 0 0
0 1 138 4 0 0
0 1 134 29 0 0
0 1 4 22 0 0
0 1 8 46 0 0
0 1 79 6 0 0
0 1 40 28 0 0
0 1 84 30 0 0
0 1 75 27 0 0
0 1 109 38 0 0
0 1 53 33 0 0
0 1 56 10 0 0
0 1 102 13 0 0
0 1 94 3 0 0
0 1 109 50 0 0
0 1 50 5 0 0
0 1 93 24 0 0
0 1 53 36 0 0
0 1 74 45 0 0
0 1 90 43 0 0
0 1 35 10 0 0
0 1 24 19 0 0
0 1 51 20 0 0
0 1 79 26 0 0
0 1 112 30 0 0
0 1 12 46 0 0
0 1 84 23 0 0
