0 1 5 31 0 0
0 1 12 13 0 0
0 1 16 48 0 0
0 1 23 41 0 0
0 1 34 32 0 0
0 1 56 46 0 0
0 1 73 0 0 0
0 1 74 1 0 0
0 1 85 8 0 0
0 1 89 48 0 0
0 1 123 37 0 0
0 1 128 12 0 0
0 1 31 1 0 0
0 1 32 53 0 0
0 1 48 33 0 0
0 1 7 34 0 0
0 1 14 52 0 0
0 1 20 17 0 0
0 1 30 38 0 0
0 1 38 5 0 0
0 1 49 29 0 0
0 1 50 18 0 0
0 1 78 54 0 0
0 1 84 8 0 0
0 1 111 39 0 0
0 1 136 18 0 0
0 1 138 0 0 0
0 1 82 14 0 0
0 1 113 41 0 0
0 1 124 15 0 0
0 1 27 25 0 0
0 1 118 35 0 0
0 1 127 28 0 0
0 1 129 2 0 0
0 1 7 25 0 0
0 1 131 44 0 0
0 1 3 48 0 0
0 1 25 29 0 0
0 1 50 8 0 0
0 1 65 18 0 0
0 1 2 29 0 0
0 1 10 6 0 0
0 1 55 55 0 0
0 1 67 51 0 0
0 1 123 17 0 0
0 1 61 14 0 0
0 1 17 19 0 0
0 1 35 21 0 0
0 1 58 53 0 0
0 1 117 42 0 0
0 1 132 30 0 0
0 1 8 35 0 0
0 1 24 52 0 0
0 1 33 19 0 0
0 1 75 4 0 0
0 1 67 13 0 0
0 1 15 39 0 0
0 1 23 38 0 0
0 1 10 13 0 0
0 1 39 52 0 0
0 1 29 15 0 0
0 1 85 35 0 0
0 1 25 42 0 0
0 1 9 17 0 0
0 1 21 31 0 0
0 1 106 25 0 0
0 1 110 40 0 0
0 1 133 33 0 0
0 1 13 41 0 0
0 1 80 52 0 0
0 1 64 45 0 0
0 1 76 26 0 0
0 1 73 32 0 0
0 1 133 10 0 0
0 1 95 5 0 0
0 1 92 4 0 0
0 1 106 44 0 0
0 1 119 34 0 0
0 1 139 15 0 0
0 1 60 35 0 0
0 1 112 20 0 0
0 1 137 1 0 0
0 1 6 54 0 0
0 1 87 3 0 0
0 1 114 31 0 0
0 1 51 55 0 0
0 1 72 50 0 0
0 1 132 55 0 0
0 1 68 49 0 0
0 1 19 3 0 0
0 1 2 34 0 0
0 1 104 27 0 0
0 1 89 27 0 0
0 1 1 19 0 0
0 1 12 17 0 0
0 1 108 17 0 0
0 1 13 28 0 0
0 1 91 32 0 0
0 1 75 50 0 0
0 1 109 33 0 0
0 1 54 7 0 0
0 1 22 44 0 0
0 1 45 45 0 0
0 1 28 39 0 0
0 1 39 26 0 0
0 1 60 3 0 0
0 1 5 23 0 0
0 1 98 27 0 0
0 1 100 47 0 0
0 1 38 49 0 0
0 1 92 45 0 0
0 1 35 36 0 0
0 1 37 13 0 0
0 1 120 13 0 0
0 1 70 31 0 0
0 1 17 24 0 0
0 1 101 11 0 0
0 1 90 2 0 0
0 1 42 53 0 0
0 1 58 15 0 0
0 1 36 49 0 0
0 1 36 47 0 0
0 1 66 41 0 0
0 1 68 10 0 0
0 1 3 14 0 0
0 1 117 42 0 0
0 1 43 51 0 0
0 1 28 45 0 0
0 1 112 32 0 0
0 1 15 22 0 0
0 1 41 18 0 0
0 1 80 43 0 0
0 1 71 46 0 0
0 1 126 7 0 0
0 1 77 15 0 0
0 1 130 5 0 0
0 1 55 25 0 0
0 1 107 14 0 0
0 1 26 2 0 0
0 1 130 39 0 0
0 1 79 7 0 0
0 1 135 11 0 0
0 1 66 38 0 0
0 1 44 43 0 0
0 1 100 4 0 0
0 1 11 8 0 0
0 1 93 16 0 0
0 1 16 25 0 0
0 1 81 33 0 0
0 1 121 21 0 0
0 1 52 37 0 0
0 1 93 9 0 0
0 1 91 27 0 0
0 1 20 53 0 0
0 1 9 51 0 0
0 1 47 0 0 0
0 1 137 23 0 0
0 1 40 50 0 0
0 1 113 34 0 0
0 1 115 42 0 0
0 1 14 23 0 0
0 1 88 46 0 0
0 1 19 36 0 0
0 1 61 20 0 0
0 1 62 6 0 0
0 1 27 26 0 0
0 1 108 47 0 0
0 1 107 36 0 0
0 1 0 40 0 0
0 1 51 19 0 0
0 1 129 48 0 0
0 1 69 20 0 0
0 1 105 36 0 0
0 1 6 4 0 0
0 1 121 8 0 0
0 1 110 24 0 0
0 1 63 51 0 0
0 1 77 44 0 0
0 1 30 6 0 0
0 1 103 12 0 0
0 1 125 39 0 0
0 1 48 2 0 0
0 1 111 22 0 0
0 1 44 7 0 0
0 1 86 53 0 0
0 1 116 19 0 0
0 1 84 40 0 0
0 1 134 5 0 0
0 1 40 40 0 0
0 1 63 11 0 0
0 1 87 33 0 0
0 1 122 38 0 0
0 1 78 7 0 0
0 1 4 36 0 0
0 1 119 32 0 0
0 1 101 2 0 0
0 1 102 50 0 0
0 1 26 44 0 0
0 1 70 26 0 0
0 1 99 55 0 0
0 1 33 23 0 0
0 1 41 4 0 0
0 1 64 50 0 0
0 1 135 0 0 0
0 1 79 10 0 0
