1280	3109	200
2059	3046	200
943	3975	200
2077	3260	200
715	3594	200
2142	3713	200
1624	3349	200
352	3748	200
1488	3561	200
859	3006	200
362	3085	200
870	3417	200
329	3481	200
1316	3114	200
1219	3204	200
2700	3191	200
2669	3644	200
2115	3755	300
226	3579	300
1457	3725	300
2103	3970	300
923	3532	300
1323	3075	300
1916	3710	300
425	3501	300
2331	3734	300
2542	3331	300
1274	3897	300
323	3896	300
1180	3387	300
1745	3073	300
345	3668	300
1055	3141	400
2185	3292	400
571	3023	400
78	3099	400
1923	3499	400
2177	3980	400
2923	3384	400
2427	3410	400
2403	3327	400
2991	3482	400
2010	3476	400
1518	3899	400
1525	3407	500
1726	3008	500
360	3262	500
2231	3800	500
1794	3351	500
1766	3343	500
2547	3564	500
2676	3513	500
2528	3077	500
383	3374	500
2410	3040	500
2302	3901	500
1205	3680	500
2977	3816	500
436	3626	500
2076	3179	500
946	3269	500
2318	3365	500
36	3908	500
2163	3250	500
180	3552	500
48	3055	500
2572	3650	600
763	3799	600
2595	3580	600
653	3651	600
1893	3758	600
279	3940	600
2279	3600	600
377	3510	600
66	3483	600
2935	3925	600
514	3942	600
820	3648	600
184	3258	600
1571	3896	600
43	3081	600
2899	3744	600
588	3538	600
1601	3318	600
463	3054	600
348	3098	600
940	3781	700
2869	3606	700
2704	3620	700
92	3676	700
2720	3445	700
2568	3190	700
169	3285	700
1942	3173	700
52	3616	700
1869	3658	700
1827	3303	700
1476	3558	700
1548	3709	700
1868	3596	700
195	3953	700
911	3038	800
2359	3322	800
1336	3152	800
1295	3496	800
213	3904	800
1698	3449	800
2655	3598	800
1056	3034	800
2796	3104	800
1883	3018	800
2438	3936	800
2697	3297	800
2727	3823	800
2513	3916	800
1332	3090	800
479	3194	800
1061	3753	800
1246	3025	800
2708	3868	800
2317	3505	800
828	3284	900
2998	3038	900
2722	3566	900
1634	3217	900
2592	3567	900
1478	3101	900
1177	3577	900
1697	3283	900
109	3723	900
967	3780	900
487	3721	900
661	3070	900
390	3519	900
2551	3198	900
1309	3558	900
2600	3771	900
1397	3862	900
857	3622	900
1992	3966	1000
1760	3004	1000
945	3056	1000
831	3059	1000
2782	3321	1000
2496	3427	1000
604	3021	1000
2887	3469	1000
2506	3614	1000
2065	3454	1000
1145	3565	1000
1572	3275	1000
1714	3629	1000
1054	3843	1000
651	3603	1000
2310	3501	1000
996	3040	1000
2880	3838	1000
1734	3495	1000
524	3237	1000
657	3436	1000
2726	3169	1100
2679	3835	1100
69	3832	1100
685	3137	1100
1901	3494	1100
957	3578	1100
2375	3287	1100
2280	3512	1100
1924	3825	1100
1360	3070	1100
1036	3238	1100
2153	3094	1100
1544	3535	1100
1248	3128	1100
1398	3827	1100
156	3236	1100
2870	3639	1100
2504	3587	1100
508	3560	1100
1015	3596	1100
1593	3439	1100
2425	3729	1100
246	3134	1200
217	3275	1200
2615	3080	1200
2330	3330	1200
2451	3202	1200
2340	3048	1200
1320	3423	1200
881	3907	1200
2571	3761	1200
2725	3045	1200
2386	3254	1200
1405	3215	1200
460	3486	1300
1353	3557	1300
6	3449	1300
2602	3245	1300
1722	3051	1300
2187	3969	1300
50	3202	1300
2024	3234	1300
149	3727	1300
1644	3177	1300
731	3657	1300
2027	3201	1300
1391	3529	1300
2472	3868	1300
375	3411	1300
857	3110	1300
247	3363	1400
1227	3673	1400
633	3781	1400
1937	3585	1400
2689	3472	1400
226	3627	1400
242	3832	1400
540	3046	1400
174	3992	1400
2690	3042	1400
1728	3227	1400
94	3357	1400
1109	3315	1400
2071	3718	1400
861	3654	1400
1720	3566	1500
620	3008	1500
890	3167	1500
1607	3784	1500
1269	3748	1500
631	3238	1500
2149	3492	1500
809	3422	1500
993	3393	1500
2269	3604	1500
1238	3692	1500
2029	3042	1500
2028	3069	1500
2977	3127	1500
2394	3002	1500
906	3477	1500
2224	3347	1500
1836	3612	1500
1232	3153	1500
4	3824	1500
2326	3567	1600
1221	3161	1600
912	3364	1600
2545	3787	1600
738	3637	1600
1727	3026	1600
932	3245	1600
2478	3398	1600
204	3485	1600
1253	3521	1600
2429	3312	1600
626	3858	1600
2757	3955	1600
193	3328	1600
131	3880	1600
37	3922	1600
538	3064	1600
2692	3657	1600
1854	3036	1600
1407	3997	1600
2867	3723	1700
1024	3279	1700
1065	3295	1700
289	3241	1700
2675	3940	1700
587	3669	1700
2083	3613	1700
598	3780	1700
944	3894	1700
966	3196	1700
1523	3828	1700
2004	3957	1700
546	3468	1800
239	3804	1800
2645	3525	1800
656	3171	1800
1128	3691	1800
565	3863	1800
904	3967	1800
1609	3308	1800
2037	3192	1800
147	3674	1800
1331	3529	1800
2308	3660	1800
2103	3759	1900
2129	3465	1900
1785	3394	1900
2597	3474	1900
2124	3260	1900
1082	3456	1900
1551	3034	1900
591	3994	1900
1690	3828	1900
1067	3680	1900
621	3207	1900
2569	3672	1900
1050	3661	1900
934	3074	1900
2820	3141	2000
563	3233	2000
874	3136	2000
2645	3887	2000
169	3460	2000
2729	3545	2000
1811	3061	2000
526	3006	2000
2510	3298	2000
1583	3122	2000
2238	3706	2000
655	3300	2000
1313	3638	2000
2032	3953	2000
26	3115	2000
1306	3457	2100
2360	3015	2100
447	3276	2100
382	3321	2100
1153	3061	2100
729	3974	2100
1125	3954	2100
1780	3172	2100
532	3306	2100
1977	3868	2100
688	3396	2100
1135	3352	2100
700	3252	2100
1397	3653	2100
2401	3667	2200
624	3180	2200
2324	3463	2200
1007	3256	2200
982	3875	2200
721	3301	2200
2686	3952	2200
1335	3400	2200
2852	3855	2200
272	3616	2200
2554	3508	2200
1977	3145	2200
1791	3576	2200
1094	3414	2200
1831	3515	2200
167	3610	2200
1854	3063	2200
1866	3682	2200
869	3150	2300
2541	3893	2300
1692	3671	2300
1667	3694	2300
551	3474	2300
2876	3658	2300
2511	3235	2300
2812	3973	2300
1564	3048	2300
2209	3229	2300
498	3708	2300
55	3572	2300
1960	3523	2300
546	3152	2400
2930	3687	2400
784	3478	2400
651	3195	2400
1920	3957	2400
2223	3541	2400
1238	3791	2400
2245	3020	2400
356	3984	2400
2654	3528	2400
1296	3251	2400
2899	3062	2400
2864	3993	2500
710	3755	2500
126	3478	2500
387	3845	2500
464	3218	2500
2197	3137	2500
2929	3197	2500
1371	3061	2500
1368	3929	2500
349	3586	2500
1067	3663	2500
2441	3778	2500
2530	3626	2500
1885	3305	2500
1959	3703	2500
679	3438	2500
1984	3681	2600
2563	3470	2600
339	3539	2600
967	3264	2600
2718	3155	2600
1452	3568	2600
823	3277	2600
2518	3609	2600
1725	3496	2700
1442	3363	2700
510	3605	2700
1898	3061	2700
1327	3378	2700
1074	3684	2700
810	3096	2700
2852	3710	2700
404	3187	2700
2810	3554	2700
2287	3756	2700
2371	3054	2700
2342	3620	2800
354	3125	2800
2091	3676	2800
2496	3783	2800
2581	3381	2800
2989	3430	2800
836	3991	2800
64	3603	2800
1987	3501	2800
2095	3541	2800
2523	3751	2800
572	3841	2800
2345	3978	2800
1981	3883	2800
1391	3282	2800
674	3003	2800
699	3563	2800
2815	3641	2900
265	3050	2900
2670	3339	2900
2959	3216	2900
542	3164	2900
2225	3321	2900
1171	3733	2900
1533	3290	2900
197	3583	2900
2364	3706	2900
42	3803	2900
324	3544	2900
2028	3571	2900
1674	3203	2900
2890	3280	2900
2677	3341	2900
311	3670	2900
1163	3037	2900
273	3359	2900
1048	3093	2900
2569	3674	2900
642	3373	2900
794	3984	2900
1313	3140	2900
2261	3927	2900
2074	3814	2900
1623	3222	2900
1098	3467	3000
1378	3649	3000
721	3835	3000
2197	3542	3000
1367	3459	3000
1025	3797	3000
2156	3369	3000
868	3100	3000
2526	3009	3000
2742	3085	3000
241	3838	3000
2868	3967	3000
1940	3736	3000
2102	3140	3000
1896	3438	3000
406	3520	3000
1292	3908	3000
2420	3589	3100
2570	3181	3100
2712	3240	3100
1865	3292	3100
2611	3491	3100
466	3694	3100
1152	3119	3100
1324	3954	3100
144	3384	3100
186	3772	3100
2090	3308	3100
178	3387	3100
1983	3004	3100
1359	3829	3100
1955	3014	3100
1218	3607	3200
2925	3556	3200
2811	3399	3200
351	3210	3200
2532	3696	3200
2284	3731	3200
2546	3384	3200
2836	3598	3200
616	3838	3200
1755	3090	3200
2442	3079	3200
134	3489	3200
1982	3749	3200
919	3159	3200
1632	3121	3300
1103	3651	3300
2336	3599	3300
1297	3246	3300
2150	3740	3300
1021	3604	3300
1652	3418	3300
2823	3959	3300
2937	3296	3300
2445	3199	3400
1064	3253	3400
1178	3434	3400
2374	3449	3400
1999	3146	3400
586	3104	3400
1747	3582	3400
2426	3586	3400
1139	3106	3400
1165	3273	3400
1905	3443	3400
929	3976	3400
692	3685	3400
405	3781	3500
2477	3019	3500
2465	3867	3500
2290	3189	3500
168	3522	3500
259	3343	3500
2273	3854	3500
1018	3944	3500
2152	3769	3500
1480	3103	3500
296	3379	3500
2603	3657	3500
1055	3667	3600
2913	3917	3600
615	3595	3600
1010	3224	3600
884	3632	3600
1986	3840	3600
1557	3189	3600
1874	3100	3600
2002	3514	3600
240	3375	3600
2517	3341	3600
901	3498	3600
671	3324	3600
817	3030	3600
1080	3808	3600
103	3908	3600
2087	3174	3600
1442	3864	3700
2538	3136	3700
2289	3233	3700
2008	3911	3700
980	3433	3700
1927	3545	3700
2265	3981	3700
956	3195	3700
2788	3659	3700
558	3666	3700
2780	3822	3700
1008	3188	3700
1536	3057	3700
433	3968	3700
2624	3702	3700
18	3347	3700
2516	3617	3700
2205	3951	3700
1552	3802	3700
2747	3242	3800
2135	3256	3800
220	3904	3800
1900	3459	3800
948	3316	3800
1742	3206	3800
2446	3989	3800
44	3475	3800
644	3395	3800
210	3188	3800
115	3677	3800
1046	3789	3800
311	3315	3800
2688	3554	3800
2303	3844	3800
2640	3896	3800
1574	3738	3800
1373	3274	3900
2838	3757	3900
1097	3102	3900
476	3490	3900
2548	3400	3900
219	3478	3900
68	3835	3900
958	3245	3900
2305	3355	3900
758	3358	3900
2176	3764	3900
1210	3686	3900
105	3391	3900
927	3252	3900
113	3332	4000
2391	3738	4000
619	3615	4000
1434	3132	4000
2314	3392	4000
1326	3578	4000
284	3711	4000
1809	3453	4000
2615	3831	4000
415	3076	4000
1587	3171	4000
2469	3947	4000
2285	3418	4000
125	3358	4000
2533	3359	4000
1287	3022	4000
573	3451	4000
1943	3725	4100
1227	3301	4100
1473	3432	4100
540	3292	4100
473	3447	4100
1954	3721	4100
47	3397	4100
2798	3267	4100
2208	3628	4100
579	3796	4100
2291	3523	4100
1182	3138	4200
1897	3726	4200
402	3940	4200
239	3102	4200
1979	3632	4200
368	3271	4200
737	3831	4200
2239	3592	4200
584	3487	4200
2241	3002	4200
2948	3455	4200
1685	3760	4200
1120	3140	4200
2819	3572	4200
1370	3182	4200
1203	3115	4200
647	3609	4300
1901	3982	4300
2522	3615	4300
60	3928	4300
804	3187	4300
2279	3234	4300
2107	3203	4300
708	3727	4300
1433	3057	4300
1034	3121	4400
1336	3296	4400
2349	3624	4400
829	3241	4400
2872	3235	4400
1820	3223	4400
2774	3142	4400
2430	3600	4400
717	3278	4400
2706	3760	4400
2293	3923	4500
1833	3579	4500
885	3599	4500
1096	3437	4500
2033	3378	4500
1042	3209	4500
2826	3487	4500
2779	3041	4500
2088	3331	4500
263	3958	4500
489	3976	4500
2755	3685	4600
2609	3467	4600
1921	3488	4600
89	3910	4600
1447	3782	4600
1444	3930	4600
214	3632	4600
2633	3637	4600
2586	3051	4600
2104	3630	4600
84	3139	4600
915	3203	4600
1619	3239	4600
233	3341	4600
978	3852	4600
2432	3116	4600
505	3482	4600
606	3442	4600
1985	3309	4600
1603	3222	4600
1013	3741	4700
561	3292	4700
1785	3919	4700
2738	3430	4700
2351	3298	4700
841	3816	4700
1578	3149	4700
1584	3229	4700
417	3807	4700
374	3672	4700
2270	3762	4700
981	3717	4700
1985	3953	4700
1172	3097	4700
930	3320	4800
1414	3993	4800
2884	3618	4800
331	3180	4800
358	3039	4800
590	3216	4800
1029	3437	4800
1018	3416	4800
282	3304	4800
1792	3874	4800
67	3471	4800
1676	3766	4900
2140	3097	4900
476	3681	4900
2322	3919	4900
2301	3820	4900
2106	3522	4900
469	3714	4900
677	3200	4900
1372	3798	4900
321	3330	4900
1339	3655	4900
1614	3352	4900
2662	3897	4900
1906	3401	4900
987	3383	4900
2550	3268	5000
1599	3496	5000
2109	3299	5000
1511	3170	5000
2047	3396	5000
984	3746	5000
607	3432	5100
2803	3193	5100
1717	3918	5100
1820	3722	5100
2383	3884	5100
1459	3001	5100
990	3957	5100
564	3861	5100
986	3117	5100
515	3390	5100
275	3958	5100
1406	3288	5100
21	3248	5100
2026	3253	5200
1272	3889	5200
1777	3260	5200
397	3437	5200
1592	3960	5200
832	3821	5200
2920	3588	5200
541	3831	5200
1764	3007	5200
62	3916	5200
430	3495	5200
422	3055	5200
2970	3572	5200
2368	3372	5200
220	3606	5300
1000	3221	5300
1633	3594	5300
2911	3603	5300
846	3562	5300
2367	3625	5300
1113	3201	5300
1864	3589	5400
2328	3044	5400
1456	3631	5400
2124	3381	5400
2650	3134	5400
1765	3779	5400
1565	3369	5400
208	3139	5400
2119	3128	5400
1631	3170	5400
2080	3177	5400
1845	3638	5400
515	3415	5400
2472	3984	5400
1814	3205	5400
1563	3414	5400
2921	3237	5400
2335	3175	5400
865	3622	5400
2264	3882	5500
1052	3665	5500
2783	3758	5500
2633	3032	5500
1429	3797	5500
351	3800	5500
1889	3706	5500
1598	3625	5500
250	3158	5500
2949	3761	5500
248	3415	5500
302	3806	5500
702	3010	5500
53	3440	5600
380	3169	5600
1354	3293	5600
2055	3283	5600
732	3555	5600
1368	3047	5600
2276	3912	5600
2610	3744	5600
2707	3735	5600
1016	3130	5600
1884	3402	5700
411	3716	5700
322	3893	5700
2911	3195	5700
255	3830	5700
187	3823	5700
1563	3934	5700
190	3154	5700
914	3198	5700
1438	3383	5700
2712	3783	5800
340	3486	5800
1839	3977	5800
826	3260	5800
1131	3311	5800
695	3235	5800
2469	3872	5800
1176	3084	5800
1590	3625	5800
2306	3920	5800
765	3484	5800
1936	3672	5800
1244	3976	5800
2317	3815	5800
472	3744	5800
2259	3430	5900
1434	3665	5900
1715	3381	5900
2912	3385	5900
2109	3555	5900
618	3745	5900
112	3764	5900
1922	3227	5900
277	3166	5900
927	3479	5900
1518	3324	5900
797	3440	6000
97	3219	6000
609	3394	6000
2520	3126	6000
2851	3144	6000
2788	3699	6000
468	3358	6000
2968	3435	6000
1660	3988	6000
2839	3344	6000
2486	3458	6100
2349	3142	6100
2974	3478	6100
80	3316	6100
494	3854	6100
953	3009	6100
2798	3168	6100
3	3192	6100
183	3896	6100
883	3793	6100
2497	3068	6100
244	3510	6200
2576	3826	6200
868	3345	6200
2509	3535	6200
1643	3083	6200
1888	3860	6200
1223	3641	6300
450	3653	6300
1626	3943	6300
2964	3859	6300
1879	3150	6300
676	3061	6300
2458	3583	6300
1659	3900	6300
1561	3844	6300
128	3300	6300
1394	3028	6300
2368	3829	6300
2259	3346	6400
163	3420	6400
1716	3303	6400
1713	3009	6400
2138	3331	6400
1709	3207	6400
679	3622	6400
2800	3575	6400
802	3877	6500
2702	3889	6500
2156	3722	6500
1318	3356	6500
558	3155	6500
2408	3776	6500
2432	3025	6500
2775	3634	6500
306	3088	6500
271	3970	6600
1554	3150	6600
2237	3886	6600
291	3914	6600
982	3340	6600
171	3996	6600
1283	3624	6600
691	3283	6600
2593	3238	6600
79	3172	6600
665	3512	6600
2753	3568	6600
2693	3146	6600
2648	3133	6600
136	3666	6600
1126	3798	6600
2394	3972	6600
2906	3734	6600
2384	3380	6600
2395	3976	6600
1284	3426	6600
381	3824	6600
348	3062	6600
920	3573	6600
2698	3725	6700
824	3432	6700
1808	3275	6700
1998	3065	6700
318	3519	6700
2585	3659	6700
766	3084	6700
1508	3123	6700
2898	3912	6700
37	3095	6700
70	3174	6700
1890	3717	6800
909	3527	6800
1538	3303	6800
2786	3096	6800
800	3894	6800
2383	3431	6800
1019	3844	6800
2216	3560	6800
1200	3288	6800
456	3805	6900
2955	3534	6900
2863	3918	6900
439	3349	6900
746	3117	6900
2325	3994	6900
38	3763	6900
2213	3695	7000
2034	3538	7000
2250	3698	7000
1588	3400	7000
2312	3577	7000
2433	3518	7000
237	3906	7000
2130	3522	7000
2082	3104	7000
307	3678	7000
2427	3964	7000
1291	3639	7000
1615	3328	7000
2901	3655	7000
2750	3529	7000
2085	3705	7100
847	3274	7100
420	3615	7100
2990	3377	7100
890	3160	7100
1707	3583	7100
1054	3069	7100
1751	3261	7100
1978	3001	7100
2098	3689	7100
536	3110	7100
1651	3575	7100
173	3289	7100
1525	3268	7200
283	3008	7200
2737	3171	7200
2774	3624	7200
2063	3197	7200
1568	3901	7200
2177	3861	7200
1674	3067	7200
2657	3093	7200
16	3004	7200
1086	3320	7300
1534	3184	7300
1133	3964	7300
2049	3586	7300
2855	3749	7300
2064	3426	7300
942	3112	7300
2069	3286	7400
2625	3580	7400
1787	3119	7400
1761	3264	7400
1149	3876	7400
168	3009	7400
1003	3664	7400
2587	3695	7400
1988	3563	7400
1261	3701	7400
562	3248	7400
2865	3537	7500
974	3121	7500
1788	3521	7500
2671	3935	7500
1917	3811	7500
122	3978	7500
1276	3129	7500
1849	3336	7600
2985	3635	7600
2834	3820	7600
585	3986	7600
71	3592	7600
2079	3066	7600
2180	3211	7600
2860	3883	7600
1703	3641	7700
123	3017	7700
2001	3614	7700
2952	3578	7700
63	3696	7700
1062	3817	7700
50	3048	7700
160	3756	7700
1071	3032	7800
1876	3272	7800
2022	3625	7800
1704	3844	7800
2969	3806	7800
1648	3248	7800
1371	3869	7900
1682	3032	7900
1532	3568	7900
1852	3464	7900
2340	3085	7900
2366	3382	7900
1877	3350	7900
1775	3128	7900
1060	3154	7900
703	3505	7900
1643	3754	8000
457	3107	8000
1119	3532	8000
488	3989	8000
584	3100	8000
44	3349	8000
536	3536	8000
87	3436	8000
891	3847	8100
1669	3364	8100
1970	3632	8100
570	3145	8100
749	3727	8100
643	3856	8100
2139	3053	8100
2560	3000	8200
512	3016	8200
2664	3445	8200
2832	3671	8200
2807	3247	8200
2459	3060	8200
895	3865	8200
2918	3828	8200
2406	3718	8200
2450	3866	8200
182	3153	8200
394	3230	8200
2433	3132	8300
2562	3005	8300
481	3255	8300
1596	3842	8300
1768	3209	8300
998	3888	8300
712	3558	8300
1641	3058	8300
2209	3912	8300
1974	3151	8400
1633	3742	8400
2044	3454	8400
1804	3350	8400
1089	3854	8400
844	3303	8400
430	3435	8400
877	3118	8400
2076	3025	8400
2501	3508	8400
2751	3161	8500
2646	3693	8500
337	3868	8500
2533	3937	8500
2771	3983	8500
1771	3708	8500
1181	3320	8500
1541	3230	8500
379	3559	8600
1236	3707	8600
1835	3148	8600
1636	3376	8600
1121	3960	8600
706	3096	8600
1140	3480	8600
88	3934	8600
138	3611	8600
2167	3424	8600
2665	3641	8700
2361	3092	8700
722	3853	8700
1005	3473	8700
740	3913	8700
1214	3396	8700
794	3868	8700
328	3028	8700
2191	3763	8700
952	3965	8700
1146	3317	8800
1966	3027	8800
304	3450	8800
2465	3971	8800
2724	3370	8800
2134	3593	8800
223	3178	8900
54	3061	8900
1673	3157	8900
121	3511	8900
2298	3956	8900
2731	3354	8900
1333	3569	8900
2903	3926	9000
959	3091	9000
2411	3329	9000
385	3048	9000
2345	3266	9000
374	3461	9000
891	3950	9100
1925	3091	9100
1242	3724	9100
2627	3361	9100
295	3185	9100
2578	3484	9100
364	3379	9100
1113	3611	9100
1370	3796	9100
2062	3411	9100
1237	3004	9100
2355	3143	9200
2740	3465	9200
719	3339	9200
1899	3033	9200
1936	3461	9200
2333	3476	9200
864	3611	9200
2978	3675	9200
865	3438	9200
658	3031	9300
253	3364	9300
2722	3741	9300
603	3226	9300
336	3490	9300
217	3420	9300
756	3399	9300
2907	3983	9300
872	3749	9300
2244	3941	9300
2947	3063	9300
1861	3567	9400
57	3723	9400
2851	3376	9400
1299	3343	9400
1123	3639	9400
2874	3375	9400
2381	3959	9400
1971	3751	9400
1858	3601	9400
449	3039	9500
2789	3072	9500
104	3854	9500
2063	3777	9500
2252	3672	9500
2011	3639	9500
2488	3037	9500
1682	3545	9600
1070	3011	9600
91	3931	9600
279	3873	9600
1576	3325	9600
474	3456	9600
2046	3113	9600
1622	3238	9600
1298	3360	9600
1719	3041	9600
306	3004	9700
2611	3720	9700
2744	3690	9700
520	3962	9700
1543	3836	9700
440	3371	9700
2797	3605	9700
2782	3871	9700
347	3472	9700
1159	3499	9700
2396	3343	9700
1487	3740	9700
1028	3905	9700
673	3625	9700
2885	3312	9700
1678	3079	9700
2385	3225	9700
1441	3062	9700
1821	3757	9800
681	3043	9800
2477	3404	9800
40	3419	9800
1688	3450	9800
458	3790	9800
2072	3234	9800
1421	3999	9800
1846	3768	9800
605	3546	9800
1894	3366	9900
171	3429	9900
371	3539	9900
1450	3412	9900
1248	3513	9900
1628	3933	9900
110	3265	10000
656	3713	10000
1596	3562	10000
355	3809	10000
81	3319	10000
1618	3179	10000
1696	3890	10000
1663	3254	10000
1484	3634	10000
1672	3125	10100
482	3199	10100
1136	3950	10100
2171	3797	10100
695	3873	10100
2172	3659	10100
726	3209	10100
1294	3158	10100
22	3915	10100
1396	3520	10100
406	3028	10100
2661	3353	10100
2260	3000	10100
1175	3891	10100
2619	3372	10100
1485	3720	10200
1540	3433	10200
1774	3632	10200
290	3142	10200
362	3297	10200
759	3304	10200
2728	3838	10200
1974	3364	10300
961	3193	10300
244	3162	10300
549	3482	10300
2234	3073	10400
535	3977	10400
2589	3985	10400
1230	3064	10400
1832	3049	10400
2543	3490	10500
1339	3108	10500
1664	3118	10500
713	3726	10600
2565	3553	10600
1975	3728	10600
2019	3752	10600
1832	3251	10600
1477	3736	10600
2932	3068	10600
1606	3517	10700
2974	3825	10700
2136	3689	10700
1140	3214	10700
43	3471	10700
1138	3856	10700
2809	3700	10700
2919	3803	10800
1989	3495	10800
2014	3022	10800
1559	3237	10800
2556	3788	10800
2242	3112	10800
2833	3837	10900
297	3366	10900
1550	3878	10900
1606	3522	10900
1990	3678	10900
149	3753	10900
1971	3414	10900
539	3849	11000
971	3691	11000
2392	3743	11000
1286	3798	11000
1257	3519	11000
137	3308	11000
2958	3106	11000
346	3686	11000
2362	3504	11100
31	3497	11100
1586	3144	11100
2332	3679	11100
1237	3493	11100
2443	3631	11200
778	3131	11200
1472	3462	11200
2295	3909	11200
148	3388	11200
96	3806	11200
68	3301	11300
2561	3533	11300
935	3759	11300
285	3565	11300
274	3879	11300
151	3446	11300
230	3198	11300
817	3309	11300
2550	3407	11400
1887	3050	11400
849	3646	11400
49	3931	11400
431	3613	11400
185	3386	11400
2750	3270	11400
1810	3424	11400
702	3806	11400
1839	3613	11500
2045	3608	11500
1769	3939	11500
2407	3197	11500
1857	3196	11500
523	3163	11500
2243	3515	11500
2061	3930	11600
445	3878	11600
767	3362	11600
2158	3686	11600
2262	3596	11600
1506	3873	11700
1466	3408	11700
2270	3212	11700
1256	3700	11700
2242	3130	11700
459	3810	11700
113	3466	11800
1730	3488	11800
1207	3837	11800
1346	3257	11800
2973	3731	11800
1875	3558	11800
557	3058	11800
696	3913	11800
1881	3391	11800
2316	3045	11800
11	3073	11900
2972	3351	11900
2897	3229	11900
1588	3285	12000
1625	3619	12000
1481	3517	12000
1919	3817	12000
2086	3639	12000
432	3077	12000
2449	3270	12000
2416	3611	12000
1209	3500	12100
1159	3777	12100
2958	3514	12100
341	3402	12100
1235	3250	12100
1399	3662	12100
2766	3232	12200
1908	3348	12200
720	3886	12200
2793	3580	12200
939	3940	12200
1624	3510	12200
1790	3706	12200
1458	3913	12200
364	3029	12200
2190	3369	12300
2315	3570	12300
294	3024	12300
858	3082	12300
414	3211	12300
2725	3081	12300
2378	3469	12400
40	3260	12400
513	3431	12400
1396	3159	12400
1217	3870	12400
356	3814	12400
1613	3248	12400
1617	3660	12400
792	3851	12500
1753	3497	12500
28	3122	12500
1489	3422	12500
2283	3814	12500
500	3698	12500
2217	3014	12500
2730	3623	12600
732	3299	12600
2422	3247	12600
1555	3598	12600
76	3630	12600
2920	3773	12600
1853	3482	12600
2946	3116	12600
1748	3030	12600
1864	3735	12700
2336	3787	12700
2082	3878	12700
2017	3892	12700
451	3070	12700
227	3020	12700
26	3543	12700
518	3767	12700
2932	3961	12700
2045	3247	12800
822	3495	12800
954	3636	12800
267	3095	12800
1536	3959	12800
1499	3911	12900
571	3301	12900
287	3148	12900
170	3197	12900
1062	3730	12900
705	3313	12900
2604	3573	12900
1300	3027	13000
2850	3774	13000
157	3559	13000
297	3995	13000
1179	3742	13000
714	3451	13000
577	3543	13000
1428	3138	13000
1683	3005	13100
2476	3096	13100
1205	3663	13100
2456	3058	13100
925	3135	13100
2916	3987	13200
86	3681	13200
1091	3784	13200
1779	3931	13200
2323	3752	13200
2607	3648	13200
1108	3885	13200
507	3125	13200
528	3552	13200
2505	3682	13200
2699	3136	13300
1012	3646	13300
761	3889	13300
2952	3975	13300
854	3874	13300
985	3879	13300
745	3111	13300
801	3083	13300
1250	3169	13400
2179	3846	13400
2922	3405	13400
2000	3560	13400
254	3020	13400
2497	3961	13400
814	3256	13500
2050	3220	13500
1500	3444	13500
2981	3865	13500
2748	3640	13500
776	3880	13500
1939	3591	13500
2579	3355	13500
15	3263	13500
1572	3420	13600
227	3105	13600
1305	3737	13700
1207	3516	13700
1767	3088	13700
1222	3527	13700
1030	3294	13700
1871	3777	13700
1188	3360	13700
2772	3530	13700
2461	3788	13700
2053	3215	13800
369	3962	13800
2431	3475	13800
2453	3159	13800
231	3296	13800
1151	3323	13800
1168	3924	13900
2628	3043	13900
2444	3348	13900
1528	3918	13900
1898	3869	13900
1431	3492	13900
1978	3590	13900
1519	3719	13900
1296	3049	13900
2639	3191	13900
435	3789	14000
1878	3747	14100
2957	3998	14100
237	3465	14100
2950	3078	14100
1352	3718	14100
1545	3231	14100
2200	3945	14100
1009	3242	14200
2696	3936	14200
2512	3358	14200
2761	3626	14200
175	3999	14200
2654	3744	14200
2606	3091	14300
1095	3519	14300
550	3558	14300
1972	3793	14300
1329	3035	14300
2917	3348	14400
903	3924	14400
975	3429	14400
1409	3087	14400
435	3721	14400
378	3037	14400
801	3754	14400
2753	3512	14500
851	3416	14500
1946	3813	14500
2398	3505	14500
2996	3054	14500
223	3875	14600
2404	3379	14600
1693	3477	14600
623	3083	14600
629	3747	14700
10	3618	14800
2256	3302	14800
649	3923	14800
1496	3257	14800
2737	3850	14800
1997	3077	14800
2854	3041	14800
159	3600	14800
1240	3111	14800
777	3938	14900
792	3101	14900
186	3616	14900
2651	3375	14900
2588	3199	14900
874	3533	15000
2699	3165	15000
65	3291	15000
204	3935	15000
1452	3338	15000
1169	3506	15000
1137	3244	15000
2192	3709	15000
2268	3819	15000
1417	3645	15100
2770	3441	15100
2733	3743	15100
2976	3540	15200
886	3425	15200
819	3699	15200
1514	3983	15200
774	3379	15200
263	3508	15200
2813	3214	15200
2424	3323	15200
384	3009	15300
1470	3393	15300
12	3236	15300
1710	3277	15300
480	3225	15300
2792	3815	15300
1115	3504	15400
1245	3911	15400
2801	3848	15400
926	3770	15400
1455	3146	15400
1498	3187	15400
1349	3967	15400
700	3479	15400
1167	3938	15400
1749	3683	15500
897	3805	15500
2455	3619	15500
1797	3361	15500
2006	3986	15500
2452	3185	15500
2494	3830	15500
1376	3611	15500
2266	3111	15500
2025	3849	15600
735	3294	15600
2072	3249	15600
479	3012	15600
1358	3824	15600
1573	3137	15700
1933	3532	15700
67	3081	15700
2873	3997	15700
852	3654	15700
140	3053	15700
1616	3143	15800
1945	3712	15800
652	3134	15800
1947	3126	15800
1636	3144	15800
1259	3894	15800
1255	3303	15800
870	3194	15800
544	3546	15800
973	3118	15800
61	3105	15800
2505	3389	15800
492	3550	15900
995	3633	15900
1529	3616	15900
2337	3075	15900
315	3697	15900
2229	3862	15900
1663	3035	15900
1661	3043	16000
1576	3096	16000
1622	3084	16000
926	3133	16000
1228	3732	16000
2492	3035	16000
2424	3573	16000
1076	3294	16100
805	3412	16100
592	3066	16100
395	3024	16100
2449	3396	16100
627	3010	16100
543	3039	16200
1860	3295	16200
1798	3441	16200
2414	3687	16300
2510	3603	16300
1467	3387	16300
133	3713	16400
31	3307	16400
1423	3901	16400
1932	3463	16500
1206	3588	16500
2939	3791	16500
1214	3270	16500
1515	3668	16500
1945	3286	16600
825	3199	16600
16	3296	16600
2537	3006	16600
2210	3813	16600
835	3424	16600
1893	3134	16700
76	3947	16700
1124	3811	16700
396	3476	16700
1767	3839	16800
1927	3032	16800
1020	3442	16800
2377	3757	16800
1940	3309	16800
500	3715	16800
1789	3074	16900
1721	3579	16900
2814	3137	16900
1851	3792	16900
1293	3568	16900
2199	3033	16900
2252	3365	16900
1589	3788	16900
579	3373	16900
434	3575	16900
1418	3645	17000
764	3929	17000
2859	3841	17000
1685	3661	17000
1770	3894	17100
718	3117	17100
840	3939	17100
1412	3215	17100
2893	3019	17200
294	3507	17200
2910	3355	17200
401	3994	17200
2456	3959	17200
1548	3269	17200
2673	3792	17300
1772	3417	17300
1270	3410	17300
1740	3604	17300
1344	3384	17300
1134	3108	17300
1015	3765	17300
583	3232	17400
1851	3598	17400
216	3395	17400
2687	3329	17400
2915	3625	17400
365	3689	17400
1364	3627	17500
670	3943	17500
2415	3722	17500
1517	3524	17500
2226	3250	17500
2288	3765	17500
1444	3924	17600
2289	3981	17600
2605	3371	17600
1718	3052	17600
668	3495	17600
723	3329	17600
1873	3586	17600
954	3823	17600
1941	3760	17600
467	3383	17600
1778	3462	17700
628	3511	17700
22	3162	17700
880	3984	17700
654	3413	17700
1453	3509	17700
142	3601	17700
1983	3493	17700
2686	3609	17800
742	3464	17800
1952	3270	17800
1058	3147	17800
1446	3016	17800
1380	3243	17900
260	3071	17900
2599	3743	17900
854	3455	17900
2584	3772	17900
18	3036	17900
533	3993	18000
2536	3747	18000
1104	3216	18000
1947	3311	18000
994	3360	18000
2291	3767	18000
23	3864	18100
843	3157	18100
851	3264	18100
2464	3069	18100
1944	3506	18100
453	3360	18100
161	3232	18200
2967	3444	18200
2537	3351	18200
1768	3034	18200
2676	3531	18200
2886	3280	18200
532	3874	18200
2771	3857	18200
2994	3016	18300
784	3340	18300
383	3990	18300
774	3593	18300
1824	3685	18300
2069	3712	18400
1775	3794	18400
1972	3966	18400
2462	3164	18500
602	3640	18600
2979	3909	18600
1953	3974	18600
207	3423	18600
2183	3885	18600
1416	3168	18600
2999	3281	18700
1562	3612	18700
1637	3643	18700
518	3523	18700
339	3469	18800
2663	3011	18800
2552	3708	18800
919	3520	18800
1841	3227	18800
1803	3753	18800
2667	3786	18900
1776	3913	18900
1401	3617	18900
1416	3212	18900
1389	3945	18900
1892	3707	19000
1298	3895	19000
2307	3655	19000
2914	3123	19000
1097	3804	19100
2641	3133	19100
426	3351	19100
1629	3039	19100
2711	3448	19100
1737	3649	19200
2128	3119	19200
1565	3949	19200
1211	3979	19200
2212	3116	19200
1681	3490	19300
778	3434	19300
1183	3189	19300
856	3642	19300
2769	3912	19300
1031	3675	19300
568	3739	19300
2759	3044	19400
2951	3381	19400
458	3782	19400
455	3318	19500
93	3224	19500
256	3160	19500
202	3337	19500
2655	3325	19500
1318	3326	19500
516	3259	19500
198	3634	19500
421	3812	19500
873	3215	19600
947	3784	19600
1229	3728	19600
2980	3107	19600
1436	3587	19600
1647	3649	19700
2085	3579	19700
2002	3942	19700
834	3899	19700
2390	3992	19800
502	3933	19800
2314	3404	19900
280	3005	19900
736	3561	19900
2954	3051	20000
2484	3594	20000
2941	3656	20000
756	3326	20000
1351	3493	20000
2789	3065	20100
2193	3571	20100
2206	3590	20100
2228	3203	20100
2467	3207	20100
2523	3414	20100
1093	3679	20100
2123	3958	20100
1909	3010	20100
968	3649	20200
461	3834	20200
1863	3421	20200
461	3249	20200
2230	3627	20300
350	3428	20300
2876	3730	20300
1741	3973	20300
580	3652	20300
1919	3113	20300
753	3406	20300
1739	3987	20400
1640	3893	20400
1968	3831	20400
2888	3319	20400
303	3781	20400
1022	3669	20500
899	3271	20500
1753	3307	20500
222	3934	20500
2598	3218	20600
1206	3773	20600
1880	3743	20600
938	3342	20700
2428	3542	20700
1236	3148	20700
2221	3072	20700
35	3370	20700
303	3860	20700
1398	3732	20800
1842	3267	20800
1117	3502	20800
959	3946	20900
1677	3973	20900
1163	3077	20900
2558	3816	20900
2218	3949	21000
2347	3850	21000
1791	3365	21000
772	3274	21100
1667	3334	21100
46	3421	21100
798	3354	21100
262	3051	21200
2307	3558	21200
255	3012	21200
555	3857	21200
327	3781	21300
235	3786	21300
1448	3866	21300
1662	3731	21400
438	3375	21400
1659	3704	21400
608	3976	21400
1039	3290	21500
225	3064	21500
783	3079	21500
743	3695	21500
818	3434	21600
2882	3172	21600
1746	3386	21600
2189	3441	21700
27	3628	21700
172	3273	21700
1988	3653	21700
1774	3963	21800
1100	3260	21800
1116	3457	21800
2765	3667	21900
1069	3127	21900
196	3473	22000
2631	3661	22000
1619	3948	22100
1514	3123	22100
581	3414	22100
2376	3812	22100
1245	3056	22200
1727	3887	22200
744	3007	22200
1273	3208	22200
367	3856	22200
2847	3098	22200
2534	3407	22300
2794	3043	22300
2877	3509	22300
1973	3231	22300
1329	3254	22300
976	3997	22300
2763	3893	22400
752	3465	22400
2675	3875	22400
694	3745	22400
511	3419	22400
1586	3376	22400
192	3395	22400
2084	3803	22400
2057	3477	22400
19	3638	22400
129	3580	22500
2251	3100	22500
1448	3248	22500
1908	3503	22600
453	3863	22600
823	3885	22700
2518	3952	22800
2606	3946	22800
423	3361	22800
2883	3674	22800
2553	3591	22800
1992	3793	22900
8	3335	22900
2792	3505	22900
1656	3673	23000
2681	3881	23000
416	3104	23000
893	3528	23000
2053	3806	23100
1350	3290	23100
448	3225	23100
2101	3666	23100
901	3885	23100
378	3514	23100
1569	3890	23100
2947	3055	23100
95	3589	23200
1437	3253	23200
413	3992	23200
1722	3368	23200
2110	3280	23200
623	3754	23200
1402	3499	23300
2507	3001	23300
1769	3374	23300
1451	3288	23300
933	3351	23500
2007	3916	23500
1443	3581	23500
292	3768	23500
663	3305	23500
483	3133	23600
2206	3001	23600
194	3375	23600
936	3446	23600
1307	3230	23600
2468	3359	23700
1795	3643	23700
781	3465	23800
2764	3871	23800
2879	3522	23800
47	3435	23800
2379	3636	23800
2299	3802	23800
803	3845	23900
1506	3235	23900
2956	3748	23900
1530	3016	24000
2520	3311	24000
2131	3357	24000
1116	3192	24000
2943	3834	24100
317	3002	24100
1445	3181	24200
727	3728	24200
2446	3213	24200
898	3435	24200
1265	3120	24200
860	3798	24300
1303	3955	24300
2333	3439	24300
2294	3585	24400
1542	3034	24400
2992	3778	24400
2201	3409	24400
1285	3548	24500
724	3887	24500
74	3080	24500
148	3368	24500
2718	3666	24500
2347	3688	24500
1151	3573	24500
2835	3515	24500
2895	3660	24600
965	3607	24600
2926	3437	24700
1819	3930	24700
2166	3848	24700
2152	3267	24700
705	3176	24700
2365	3062	24700
2003	3623	24800
39	3316	24800
258	3888	24800
816	3586	24800
1432	3106	24800
2862	3086	24800
2023	3461	24800
496	3288	24800
1127	3003	24800
2144	3578	24900
258	3680	24900
1228	3827	24900
1032	3312	24900
372	3237	24900
2924	3296	25000
1780	3155	25000
1560	3921	25000
2194	3304	25000
991	3095	25000
2564	3771	25000
320	3509	25000
1085	3549	25100
1166	3941	25100
1198	3156	25200
1304	3966	25200
1554	3649	25200
687	3272	25200
2671	3189	25200
2918	3544	25200
1627	3382	25300
2527	3972	25300
1319	3333	25300
782	3774	25400
1823	3162	25400
2514	3172	25400
446	3717	25500
1106	3403	25500
360	3193	25500
1341	3971	25500
2315	3592	25500
1782	3730	25500
2577	3067	25500
2052	3844	25500
100	3870	25500
373	3491	25600
530	3003	25700
600	3840	25800
2202	3928	25800
188	3730	25800
2488	3514	25800
1816	3143	25900
150	3325	25900
1190	3830	25900
1612	3581	25900
776	3319	25900
1886	3461	25900
1567	3068	26000
1347	3375	26000
135	3039	26100
89	3853	26100
2691	3557	26100
1579	3890	26100
2116	3180	26200
2120	3114	26200
1792	3672	26200
1593	3476	26200
1233	3758	26300
139	3104	26300
1026	3030	26300
1083	3596	26300
2294	3775	26400
481	3209	26400
1982	3203	26400
595	3398	26500
1271	3645	26500
218	3461	26500
2059	3292	26600
2100	3283	26600
2474	3647	26600
1454	3259	26600
2089	3633	26700
2105	3247	26700
2843	3647	26700
1600	3480	26700
1996	3601	26700
2549	3840	26800
2843	3730	26800
1351	3063	26800
1802	3120	26900
580	3691	27000
1611	3461	27000
2894	3262	27100
1516	3380	27100
1887	3750	27200
860	3287	27200
1120	3305	27200
1196	3647	27300
2934	3259	27300
1872	3987	27300
1646	3444	27400
1804	3920	27400
1007	3317	27500
24	3805	27500
1729	3228	27500
1047	3647	27500
2181	3480	27500
396	3958	27500
992	3411	27500
730	3718	27500
2532	3963	27600
819	3388	27600
983	3067	27600
1359	3372	27600
412	3649	27700
1585	3772	27700
191	3446	27700
2707	3181	27800
2871	3089	27800
166	3761	27800
2904	3204	27800
931	3228	27900
1239	3281	27900
2348	3918	27900
2105	3834	27900
337	3984	27900
2844	3691	28000
2351	3843	28000
669	3185	28000
796	3642	28000
848	3410	28000
2936	3406	28000
2380	3746	28000
1239	3052	28100
1172	3662	28100
999	3521	28200
578	3097	28200
288	3361	28300
1708	3175	28300
650	3578	28300
1712	3221	28300
1648	3739	28300
215	3394	28400
2778	3234	28400
205	3040	28400
1691	3615	28500
160	3900	28500
2204	3251	28500
722	3910	28600
1099	3006	28600
866	3089	28700
1017	3944	28700
1944	3830	28700
2754	3239	28700
780	3523	28700
2460	3602	28800
2721	3833	28800
2458	3902	28800
41	3297	28800
680	3201	28800
2215	3463	28900
836	3419	28900
1913	3096	28900
1906	3093	28900
787	3553	29000
75	3292	29000
2841	3526	29000
2881	3338	29000
2591	3034	29000
1278	3166	29000
1279	3996	29100
1823	3076	29100
2150	3902	29100
1513	3508	29100
2683	3746	29100
2538	3274	29200
554	3517	29200
1500	3018	29200
2742	3048	29200
601	3448	29200
2845	3440	29200
1921	3279	29300
1509	3549	29300
2711	3192	29300
2634	3339	29400
325	3722	29400
85	3571	29400
2168	3764	29400
1032	3852	29400
236	3181	29500
632	3562	29500
2673	3598	29500
450	3862	29600
2009	3452	29600
2473	3183	29700
1260	3740	29700
838	3880	29700
2605	3542	29800
1253	3956	29800
2810	3642	29800
488	3213	29900
1696	3610	29900
1086	3695	29900
2235	3735	30000
2147	3263	30000
1670	3537	30100
2596	3545	30100
118	3562	30100
2363	3037	30100
2320	3317	30100
2155	3339	30200
2889	3656	30200
2713	3532	30200
2893	3404	30300
511	3991	30300
855	3811	30300
2286	3818	30500
1555	3042	30500
1620	3145	30500
454	3287	30600
780	3767	30600
1863	3876	30700
2292	3692	30800
317	3972	30800
595	3637	30900
625	3980	30900
1028	3163	30900
201	3535	31000
1842	3769	31000
120	3368	31100
1447	3790	31200
2267	3482	31200
305	3733	31300
1387	3089	31400
2635	3832	31400
2950	3291	31400
202	3818	31400
1149	3117	31400
2113	3721	31400
1309	3058	31400
1114	3386	31500
2236	3499	31600
907	3303	31600
2078	3612	31600
1243	3650	31600
630	3062	31600
1087	3457	31700
599	3470	31700
1487	3902	31700
2233	3634	31700
748	3591	31700
2634	3599	31800
666	3161	31800
2881	3780	31800
2768	3277	31800
1684	3751	31800
2115	3735	31900
1449	3151	31900
84	3388	31900
765	3435	31900
2297	3049	31900
2480	3030	31900
2130	3009	32000
1004	3574	32000
1360	3483	32100
2703	3251	32100
2683	3182	32100
2056	3529	32200
928	3786	32300
2651	3208	32300
1100	3011	32400
2054	3522	32400
2821	3535	32400
1882	3331	32400
1340	3520	32400
181	3736	32400
1913	3679	32500
1826	3844	32500
2356	3205	32500
353	3552	32500
1605	3808	32600
464	3923	32600
1224	3369	32600
1773	3249	32600
1381	3634	32600
143	3524	32600
1980	3904	32700
2637	3852	32700
760	3413	32700
1825	3543	32700
1577	3335	32800
1184	3795	32900
2923	3584	32900
154	3446	32900
376	3452	32900
184	3621	32900
1110	3171	33000
2681	3265	33000
1247	3202	33000
2309	3259	33000
2561	3136	33100
2636	3637	33100
1695	3249	33100
2761	3103	33100
1162	3493	33100
2502	3579	33200
2447	3577	33200
245	3881	33200
937	3992	33200
65	3078	33200
1300	3715	33300
2777	3812	33500
1490	3367	33500
1374	3257	33500
767	3234	33500
1521	3879	33500
1165	3654	33500
427	3031	33600
1082	3420	33600
315	3058	33600
2037	3448	33600
1456	3735	33800
2573	3273	33800
2638	3201	33800
974	3222	33800
1960	3767	33800
2358	3350	33900
853	3351	33900
875	3602	34100
2331	3354	34100
205	3743	34100
917	3171	34200
1862	3209	34200
2525	3289	34200
432	3597	34300
2067	3643	34400
1335	3285	34500
63	3963	34500
1989	3822	34500
1705	3915	34500
2352	3114	34500
1078	3038	34500
199	3547	34700
2738	3346	34700
1433	3959	34700
2373	3250	34700
1357	3182	34700
522	3281	34800
1356	3442	34900
111	3801	34900
1641	3697	34900
2909	3716	35000
1247	3006	35000
2948	3874	35000
552	3124	35000
684	3058	35100
2736	3725	35200
2689	3219	35300
690	3022	35300
2907	3857	35300
389	3436	35300
213	3602	35400
1107	3743	35400
2039	3064	35400
2196	3897	35400
2806	3902	35500
716	3636	35500
350	3864	35600
2258	3187	35600
1956	3186	35600
176	3554	35600
1917	3593	35600
2530	3103	35600
375	3352	35600
1687	3607	35700
1455	3944	35700
2613	3822	35700
77	3809	35700
151	3704	35700
2572	3409	35800
1653	3314	35800
1666	3935	35800
813	3570	35800
2766	3015	35900
33	3835	35900
685	3366	35900
1375	3673	36000
2734	3580	36000
1085	3903	36000
2417	3423	36000
1859	3957	36100
2837	3424	36200
958	3724	36200
728	3923	36300
1107	3329	36300
594	3943	36300
1040	3801	36400
418	3714	36400
1956	3894	36400
1560	3127	36400
1892	3148	36500
200	3337	36500
2503	3578	36500
1258	3547	36600
1926	3346	36600
2854	3508	36600
2873	3440	36600
17	3723	36700
1102	3978	36700
2049	3365	36700
881	3471	36700
2805	3785	36800
971	3652	36800
2646	3382	36800
863	3706	36900
821	3786	37000
1888	3781	37100
2319	3389	37100
1929	3602	37200
2562	3210	37200
1793	3898	37200
1716	3018	37200
1424	3109	37300
1272	3469	37400
1039	3158	37400
338	3255	37400
402	3873	37500
2487	3186	37500
2457	3214	37500
249	3162	37600
1204	3675	37600
2656	3153	37700
640	3633	37800
1569	3610	37800
1464	3504	37900
2440	3936	37900
1907	3105	37900
1220	3591	37900
2261	3039	37900
1895	3247	38000
1425	3443	38000
2435	3059	38100
1507	3596	38100
75	3046	38200
2022	3033	38200
964	3114	38200
2380	3674	38200
2875	3566	38300
2585	3584	38400
2084	3709	38400
1837	3744	38400
300	3005	38500
2529	3098	38500
1379	3256	38600
2659	3015	38600
1297	3582	38600
1474	3188	38600
686	3029	38600
2603	3443	38600
1505	3462	38700
425	3146	38700
2848	3120	38700
2111	3406	38700
302	3653	38700
324	3106	38800
1112	3755	38900
698	3408	38900
547	3948	38900
259	3229	38900
1748	3180	38900
1092	3200	39000
2853	3174	39000
2357	3297	39100
1174	3974	39100
978	3312	39100
2264	3109	39200
1268	3278	39200
1730	3579	39300
582	3947	39300
2339	3557	39400
1114	3600	39400
1048	3401	39400
1249	3151	39500
1549	3518	39500
29	3748	39500
329	3280	39500
101	3648	39500
1579	3057	39500
561	3046	39600
2225	3871	39600
2547	3546	39600
34	3225	39600
2515	3553	39700
1485	3470	39700
757	3537	39700
1074	3691	39700
27	3313	39700
1558	3747	39900
99	3447	39900
1900	3059	39900
753	3897	39900
2809	3063	39900
1302	3694	40000
1215	3789	40000
1275	3177	40000
2481	3968	40200
1896	3622	40200
725	3220	40300
2940	3142	40300
1530	3263	40300
111	3931	40400
49	3183	40400
2652	3863	40400
2790	3327	40400
1758	3733	40500
1211	3441	40500
614	3355	40500
436	3359	40500
880	3373	40500
754	3966	40600
332	3408	40600
2321	3097	40600
108	3295	40700
884	3825	40700
2074	3192	40700
1052	3914	40800
1388	3491	40800
2035	3676	40800
2182	3167	40800
2128	3368	40800
2341	3094	40800
2608	3608	40800
2141	3764	40800
2684	3149	40900
2010	3439	40900
2093	3832	41000
2416	3682	41000
2703	3959	41200
1482	3458	41300
2960	3184	41300
2189	3979	41300
359	3770	41300
1923	3495	41300
1699	3546	41300
2247	3082	41300
165	3748	41400
177	3740	41400
2411	3069	41400
2453	3520	41400
2213	3320	41400
1781	3112	41400
1671	3742	41500
2023	3357	41500
2706	3661	41500
1150	3814	41500
2117	3384	41600
697	3239	41600
1208	3741	41700
806	3533	41700
1772	3194	41700
2638	3933	41700
1655	3565	41800
1303	3029	41800
2575	3927	41800
475	3377	41800
2246	3917	41900
477	3336	41900
2096	3885	41900
1491	3182	41900
1393	3667	41900
1148	3245	42000
2403	3357	42000
3	3814	42000
921	3084	42100
4	3372	42100
2466	3436	42100
2362	3539	42200
2255	3873	42200
963	3191	42200
2531	3784	42300
2508	3337	42400
1483	3613	42400
598	3264	42400
2220	3380	42400
2185	3046	42500
1976	3131	42500
1017	3416	42500
2198	3422	42500
2119	3590	42500
2944	3025	42500
2975	3581	42500
946	3709	42500
989	3014	42500
585	3534	42600
1038	3846	42700
619	3465	42700
1242	3245	42700
846	3842	42700
2705	3135	42700
1952	3396	42700
1430	3056	42800
2048	3645	42800
791	3225	42800
1403	3427	43000
1829	3243	43000
56	3005	43100
66	3827	43100
1480	3626	43100
216	3684	43200
2029	3374	43200
1415	3813	43200
1199	3391	43200
2691	3518	43300
1486	3842	43300
1170	3730	43300
527	3629	43300
2559	3331	43300
555	3983	43300
1158	3799	43300
2283	3192	43300
1161	3337	43400
1366	3692	43400
1069	3921	43400
2019	3202	43400
2147	3174	43400
2808	3742	43500
1281	3297	43600
642	3984	43600
2437	3951	43700
1027	3366	43700
734	3408	43700
35	3229	43700
2701	3197	43800
74	3831	43800
2068	3554	43800
1117	3359	43800
669	3196	43900
1834	3105	43900
1604	3913	43900
2240	3238	44000
2868	3551	44000
1132	3396	44000
1219	3211	44000
1087	3904	44100
1440	3492	44100
1646	3920	44100
1459	3475	44100
273	3937	44100
1357	3746	44100
633	3860	44100
2295	3094	44200
1212	3473	44200
1233	3614	44300
2608	3842	44300
388	3821	44300
1148	3294	44400
2428	3137	44400
1801	3974	44400
2493	3504	44500
5	3094	44500
887	3498	44500
366	3166	44500
9	3606	44600
2300	3906	44600
1873	3365	44600
1585	3898	44600
2162	3521	44700
922	3995	44700
208	3388	44700
1789	3367	44700
1784	3474	44800
1072	3388	44800
45	3554	44800
671	3729	44800
917	3850	44900
2594	3622	44900
560	3618	45000
1160	3860	45000
1847	3938	45100
2644	3187	45100
1174	3384	45100
523	3905	45100
487	3188	45200
2101	3155	45200
2657	3401	45200
688	3270	45200
2619	3829	45200
1365	3595	45200
1222	3665	45300
2849	3249	45300
1567	3961	45300
2051	3504	45400
1719	3822	45400
1613	3234	45400
2182	3583	45500
1063	3544	45500
878	3935	45500
48	3569	45500
990	3565	45600
813	3592	45600
2133	3166	45600
1595	3642	45600
1257	3362	45600
2614	3131	45700
163	3399	45700
1226	3507	45700
228	3502	45700
2081	3373	45700
2669	3771	45700
1527	3951	45700
2534	3088	45700
1175	3010	45700
1063	3483	45800
1680	3287	45800
2892	3600	45800
1322	3706	45800
975	3334	45900
243	3964	45900
1129	3939	45900
513	3884	45900
2330	3678	45900
754	3793	45900
326	3181	46000
1185	3490	46000
69	3447	46000
2121	3148	46000
1592	3831	46000
1916	3855	46000
2842	3748	46100
2224	3036	46100
2275	3725	46200
1341	3867	46200
1435	3264	46200
408	3935	46300
1330	3359	46300
2709	3440	46300
1557	3297	46400
349	3531	46400
395	3507	46400
2369	3896	46400
664	3133	46500
359	3693	46500
267	3922	46500
1330	3937	46500
59	3129	46500
1813	3687	46600
2621	3071	46600
1058	3729	46600
1187	3988	46600
2339	3228	46700
2770	3979	46700
338	3209	46700
1011	3191	46700
1088	3156	46700
1736	3759	46800
2304	3751	46800
1856	3145	46800
145	3643	46800
2806	3740	46900
2885	3647	46900
1	3284	46900
1925	3946	47000
918	3220	47100
1041	3333	47100
57	3184	47200
2512	3413	47200
32	3852	47200
850	3751	47200
2188	3534	47300
0	3686	47300
1003	3815	47300
2237	3914	47400
1355	3716	47400
2190	3722	47400
737	3397	47400
1308	3086	47400
1672	3987	47400
1724	3975	47500
637	3512	47500
117	3033	47500
1195	3692	47500
106	3948	47500
1246	3179	47500
1537	3191	47500
2508	3975	47600
1993	3391	47600
581	3934	47600
330	3972	47700
1911	3636	47700
733	3183	47800
1924	3632	47800
2337	3688	47900
1377	3699	47900
2369	3179	47900
2131	3327	47900
1150	3718	47900
1223	3757	47900
2900	3906	48000
1169	3830	48000
2470	3944	48100
2506	3989	48100
1095	3362	48100
770	3761	48100
525	3502	48100
733	3801	48300
1057	3369	48300
1395	3581	48300
2366	3693	48300
1562	3289	48300
1328	3705	48400
2756	3791	48400
1969	3202	48400
991	3922	48500
1968	3850	48600
1410	3974	48600
1049	3622	48600
1050	3596	48600
1412	3015	48600
620	3152	48700
2566	3400	48700
1808	3420	48700
2039	3040	48700
114	3968	48800
1711	3978	48800
114	3196	48900
465	3266	48900
2640	3049	48900
1752	3029	49000
2344	3278	49000
1041	3176	49000
1870	3154	49100
2296	3336	49200
1958	3740	49200
686	3955	49200
2559	3163	49200
1155	3481	49200
2891	3033	49300
2310	3898	49300
872	3826	49300
93	3836	49400
2231	3459	49400
2474	3328	49400
2749	3205	49400
1905	3657	49400
83	3310	49500
291	3665	49500
80	3366	49500
2159	3791	49500
1684	3414	49500
309	3543	49500
2093	3557	49600
2787	3026	49600
1655	3957	49600
71	3570	49600
284	3206	49700
1627	3693	49700
385	3752	49700
2969	3966	49700
1312	3381	49800
1386	3807	49800
1400	3165	49900
2758	3183	49900
1505	3613	49900
2384	3634	49900
2790	3763	49900
195	3015	49900
2678	3434	50000
887	3603	50000
2984	3225	50000
341	3053	50000
1168	3930	50100
951	3386	50100
2099	3224	50200
1293	3338	50200
2981	3265	50200
582	3872	50200
1026	3309	50200
1449	3864	50300
2470	3818	50300
1395	3895	50300
878	3485	50400
1366	3791	50400
1333	3055	50400
743	3402	50600
301	3960	50700
334	3042	50700
2609	3112	50700
1410	3343	50800
486	3590	50800
2192	3269	50800
2795	3059	51000
1346	3800	51000
1420	3734	51000
2841	3474	51100
2409	3122	51100
1807	3937	51100
301	3850	51200
1420	3113	51200
2400	3067	51200
2551	3590	51200
1817	3654	51200
1711	3739	51200
852	3563	51200
2834	3915	51300
1350	3731	51300
1756	3719	51300
2866	3191	51300
808	3109	51400
440	3542	51400
1631	3255	51400
2906	3354	51400
136	3155	51400
1194	3670	51400
132	3591	51400
1803	3638	51400
1128	3655	51500
2601	3487	51500
1267	3401	51500
218	3791	51500
1131	3126	51600
2046	3817	51600
2292	3866	51600
25	3269	51600
167	3908	51600
543	3165	51700
9	3904	51700
1024	3488	51700
1275	3857	51700
1980	3457	51700
1865	3152	51800
2928	3548	51800
2459	3779	51800
755	3123	51800
2554	3678	51800
2377	3606	51900
1355	3605	51900
371	3450	51900
1191	3434	52000
2694	3224	52000
2872	3745	52000
1756	3778	52000
2134	3811	52000
1969	3597	52000
1418	3025	52000
2584	3852	52000
2799	3623	52200
392	3392	52200
2013	3185	52200
1564	3535	52200
2111	3897	52200
2311	3336	52300
2636	3923	52300
1108	3040	52300
1573	3542	52400
2564	3769	52400
2973	3290	52500
2500	3888	52500
895	3094	52500
2991	3282	52500
397	3434	52600
2478	3460	52600
922	3366	52600
1862	3033	52600
2527	3002	52600
2127	3158	52600
861	3702	52600
2282	3997	52600
1280	3882	52700
1984	3490	52700
986	3973	52700
1918	3304	52700
1759	3149	52700
2752	3000	52700
1071	3398	52800
240	3385	52800
1288	3347	52800
2204	3760	52800
1083	3543	52800
1072	3838	53000
2451	3006	53000
398	3055	53000
2685	3334	53100
1998	3399	53100
998	3018	53100
2286	3337	53200
812	3642	53200
2139	3695	53200
1384	3040	53200
2623	3528	53200
1703	3222	53200
1713	3642	53300
2302	3817	53300
2922	3798	53300
2754	3948	53300
2306	3444	53400
1454	3769	53400
278	3352	53400
2165	3134	53500
842	3469	53500
2552	3644	53500
2226	3320	53500
814	3812	53600
2419	3813	53600
2976	3013	53600
1431	3200	53700
437	3786	53700
689	3963	53700
1584	3306	53700
1815	3436	53700
14	3110	53700
2112	3668	53700
883	3966	53700
833	3842	53800
1089	3326	53800
82	3425	53800
2431	3001	53800
2358	3920	53800
574	3670	53800
1446	3449	53900
1029	3279	53900
2410	3885	53900
344	3231	53900
224	3092	54000
2001	3790	54000
818	3525	54100
1747	3246	54100
328	3438	54100
209	3357	54100
2327	3662	54100
78	3728	54200
214	3825	54200
2567	3484	54200
575	3617	54200
576	3091	54300
437	3954	54300
1995	3986	54300
557	3697	54300
1712	3107	54400
894	3926	54400
904	3955	54400
2163	3352	54400
720	3784	54500
676	3848	54500
2232	3124	54500
514	3514	54500
1549	3557	54600
334	3792	54600
2524	3876	54600
2696	3007	54600
1754	3518	54700
1409	3714	54700
2007	3487	54700
1195	3511	54700
2576	3749	54700
1105	3739	54800
2545	3467	54900
641	3353	54900
677	3164	55000
827	3954	55000
1535	3639	55000
1254	3382	55100
2079	3564	55100
1922	3386	55100
2861	3064	55100
1035	3283	55200
1860	3460	55200
192	3684	55200
94	3674	55300
2715	3845	55400
1773	3777	55500
631	3186	55500
2971	3770	55500
1689	3879	55500
1746	3227	55500
370	3439	55500
209	3796	55500
859	3420	55600
2524	3421	55600
2024	3248	55600
2772	3422	55600
2269	3204	55600
1882	3319	55600
2905	3147	55600
1111	3424	55600
569	3591	55700
203	3962	55800
369	3021	55800
764	3047	55800
382	3871	55800
1274	3406	55800
1347	3196	55800
2233	3418	55800
90	3074	55800
810	3786	55900
547	3239	55900
330	3002	55900
232	3436	55900
1702	3130	55900
788	3700	55900
39	3783	56000
116	3535	56000
130	3764	56000
1918	3280	56000
1004	3045	56000
1201	3762	56000
2357	3283	56100
1761	3780	56100
939	3873	56100
2649	3630	56100
2963	3390	56100
25	3709	56100
242	3742	56200
272	3936	56200
1134	3655	56200
1539	3512	56200
64	3298	56200
2245	3529	56200
422	3569	56200
300	3707	56300
2073	3855	56300
892	3934	56300
1608	3560	56300
2999	3052	56400
1462	3101	56400
2827	3441	56400
1529	3177	56400
966	3826	56400
2600	3788	56400
675	3481	56400
616	3139	56500
2487	3385	56500
248	3007	56500
1495	3422	56600
1630	3879	56600
2463	3648	56600
1467	3536	56600
2321	3520	56600
911	3402	56600
501	3927	56700
408	3485	56700
840	3374	56700
2016	3105	56700
1304	3793	56700
1498	3067	56800
134	3621	56800
1075	3662	56800
2009	3988	56800
1001	3600	56900
1135	3411	56900
1749	3263	56900
2995	3217	57000
394	3611	57000
2462	3200	57100
2783	3614	57100
1392	3833	57100
424	3161	57200
2089	3197	57200
566	3794	57200
2966	3390	57200
193	3647	57300
1170	3817	57300
2728	3388	57300
2461	3229	57300
834	3324	57300
2916	3125	57300
2221	3935	57400
829	3071	57400
667	3936	57400
898	3484	57400
2912	3412	57400
1154	3762	57400
316	3279	57500
152	3608	57500
2891	3459	57500
2325	3551	57500
2661	3380	57500
787	3998	57600
2083	3977	57600
2943	3692	57600
110	3865	57600
2419	3435	57600
462	3899	57600
2680	3760	57600
2165	3977	57700
2826	3916	57700
51	3007	57700
42	3878	57700
1340	3159	57700
38	3327	57700
2316	3147	57700
2268	3883	57700
777	3274	57700
2503	3975	57800
313	3486	57900
1068	3655	57900
1966	3715	57900
822	3850	58000
439	3408	58000
2796	3210	58000
390	3362	58000
2710	3997	58000
2637	3521	58100
2153	3948	58100
2318	3024	58100
2118	3328	58100
798	3913	58100
1810	3515	58100
1686	3687	58300
1323	3484	58300
462	3762	58300
2878	3798	58300
2032	3457	58300
2164	3511	58400
1591	3477	58400
1991	3575	58400
873	3606	58400
2635	3447	58500
1724	3780	58500
1723	3777	58500
444	3090	58500
2379	3939	58500
920	3383	58500
309	3130	58500
2612	3253	58600
1315	3433	58600
1784	3526	58600
916	3962	58600
281	3241	58600
1260	3902	58600
115	3679	58600
1553	3401	58600
1002	3764	58600
308	3123	58600
1520	3687	58700
121	3692	58700
98	3444	58700
1217	3985	58700
278	3411	58700
730	3574	58700
495	3221	58800
1130	3900	58800
1469	3404	58900
1316	3261	58900
1850	3947	58900
1561	3502	58900
1700	3149	58900
2047	3270	58900
1847	3274	59000
1014	3930	59000
1271	3328	59000
740	3502	59000
130	3481	59000
641	3573	59000
2184	3664	59000
1162	3063	59000
2740	3398	59100
261	3307	59100
2630	3167	59100
1345	3570	59100
2739	3012	59100
1084	3990	59100
1630	3974	59100
2211	3269	59100
1837	3528	59100
470	3452	59100
299	3175	59200
2202	3157	59200
2544	3888	59200
1990	3330	59200
1109	3670	59200
361	3644	59200
748	3879	59200
0	3064	59200
2967	3920	59300
2778	3777	59300
2968	3866	59300
1436	3389	59300
308	3140	59300
398	3968	59300
2087	3063	59300
174	3779	59400
1798	3979	59400
98	3920	59400
2822	3086	59400
1411	3638	59400
2735	3346	59500
709	3901	59500
2643	3086	59500
2393	3813	59500
2662	3406	59500
2604	3323	59500
2989	3346	59600
377	3408	59600
625	3969	59600
1578	3912	59600
1292	3115	59600
2565	3998	59700
1950	3221	59700
1367	3104	59700
62	3203	59700
478	3905	59700
2249	3751	59700
1401	3357	59700
323	3451	59700
2660	3052	59800
1479	3223	59800
441	3854	59800
992	3199	59800
2246	3026	59900
2692	3811	59900
979	3563	59900
602	3311	60000
262	3412	60000
2880	3331	60000
1334	3587	60000
137	3123	60000
610	3659	60100
2666	3521	60100
649	3635	60100
994	3895	60100
2440	3616	60100
697	3948	60100
2439	3968	60100
1884	3053	60100
2982	3316	60200
811	3607	60200
1909	3718	60200
2960	3723	60300
1597	3326	60300
469	3087	60300
1910	3526	60300
2255	3235	60300
2056	3282	60300
1352	3448	60300
316	3437	60400
2921	3120	60400
790	3819	60400
1491	3796	60400
747	3700	60400
2890	3719	60500
140	3402	60500
1759	3306	60500
173	3612	60500
1824	3121	60500
247	3728	60600
684	3697	60600
1600	3269	60600
744	3936	60700
2987	3860	60700
544	3196	60700
178	3908	60700
1034	3641	60700
257	3906	60800
2931	3496	60800
541	3397	60800
1512	3485	60900
1568	3354	60900
2159	3048	60900
2332	3090	60900
269	3843	60900
2513	3195	60900
516	3145	60900
2475	3300	60900
484	3954	61000
2896	3690	61000
795	3707	61000
190	3484	61000
2769	3149	61000
1358	3839	61000
1964	3835	61100
2301	3778	61100
856	3025	61100
983	3487	61100
2175	3204	61100
485	3572	61100
923	3651	61200
2273	3326	61200
1751	3114	61200
1883	3261	61200
1139	3417	61200
622	3787	61300
2102	3305	61300
1962	3156	61300
1221	3228	61400
1040	3469	61400
1509	3903	61400
1666	3485	61400
498	3250	61400
2186	3293	61500
2548	3893	61500
2593	3884	61500
2212	3358	61500
2587	3237	61500
714	3896	61500
962	3149	61600
132	3907	61600
639	3221	61700
1121	3848	61700
233	3489	61700
399	3533	61800
2578	3075	61800
973	3037	61800
1875	3901	61800
2700	3717	61800
1283	3142	61900
2444	3503	61900
1019	3734	61900
570	3703	61900
1282	3310	62000
1010	3608	62000
1183	3842	62000
2122	3612	62000
2678	3784	62100
1829	3962	62100
1526	3184	62100
812	3554	62100
2731	3734	62100
1415	3333	62100
2064	3050	62100
2320	3115	62100
576	3946	62200
768	3313	62200
15	3683	62200
2434	3043	62300
2748	3722	62300
41	3189	62300
1030	3903	62300
1793	3501	62300
2400	3227	62300
2167	3125	62300
1941	3251	62300
510	3716	62400
276	3161	62400
1742	3711	62400
1609	3898	62400
106	3239	62400
601	3324	62400
1546	3479	62400
1964	3301	62500
2979	3094	62500
1965	3453	62500
698	3510	62500
999	3658	62500
444	3679	62500
2282	3093	62500
2539	3082	62500
1290	3247	62600
325	3711	62600
1079	3087	62600
1294	3843	62600
538	3406	62600
2919	3530	62600
936	3551	62600
1200	3686	62600
1184	3428	62700
708	3230	62700
750	3702	62700
2471	3512	62700
2228	3239	62700
663	3140	62700
496	3668	62700
1741	3117	62800
531	3318	62900
13	3882	63000
189	3412	63000
2027	3022	63000
969	3498	63000
1118	3880	63000
1929	3886	63100
1326	3416	63100
2239	3570	63100
1077	3881	63100
194	3066	63100
2682	3515	63100
977	3043	63200
956	3916	63200
1288	3036	63200
977	3109	63300
2988	3346	63300
2484	3640	63300
1765	3060	63300
2141	3878	63300
2402	3580	63400
1328	3631	63400
2814	3221	63400
1314	3619	63400
268	3499	63400
1763	3916	63400
21	3617	63400
877	3086	63400
552	3739	63400
577	3130	63400
699	3976	63400
118	3077	63500
618	3869	63500
2344	3335	63500
1987	3983	63500
648	3882	63600
411	3419	63600
1462	3241	63600
401	3365	63600
689	3696	63600
1845	3661	63600
701	3810	63600
2483	3954	63700
333	3119	63700
234	3571	63700
984	3737	63700
2628	3496	63800
2917	3503	63800
626	3770	63800
2097	3587	63800
2684	3912	63800
1828	3505	63800
475	3595	63800
2229	3653	63800
2058	3348	63900
611	3834	63900
1799	3325	63900
1099	3629	63900
104	3087	63900
298	3443	63900
2423	3244	63900
70	3609	63900
1735	3526	64000
1704	3734	64000
2743	3702	64000
497	3277	64000
2464	3329	64000
1213	3933	64000
1477	3309	64000
2618	3754	64000
1688	3539	64100
2836	3677	64100
175	3418	64100
2577	3227	64100
2813	3678	64100
1451	3174	64100
1310	3252	64100
2732	3389	64100
103	3387	64100
236	3938	64100
824	3052	64200
1269	3395	64200
2148	3389	64200
2660	3281	64300
2940	3624	64300
2144	3975	64300
2040	3854	64300
1963	3405	64300
29	3773	64400
1770	3776	64400
988	3084	64400
755	3140	64400
879	3571	64400
2848	3095	64400
1868	3661	64400
662	3675	64400
2799	3627	64500
2348	3790	64500
2621	3462	64500
1102	3402	64500
835	3695	64500
989	3709	64500
304	3539	64600
473	3228	64600
200	3707	64600
1511	3255	64600
2688	3244	64600
542	3456	64700
1942	3758	64700
431	3285	64700
943	3707	64700
2648	3858	64700
660	3005	64700
844	3825	64700
1144	3662	64700
310	3705	64800
2412	3339	64800
2507	3892	64800
1199	3300	64800
701	3700	64800
215	3178	64900
264	3511	64900
1951	3816	64900
2901	3108	64900
269	3069	64900
1856	3769	64900
1229	3257	65000
416	3210	65000
166	3319	65000
507	3053	65000
2954	3385	65100
1267	3093	65100
1045	3373	65100
2260	3181	65100
948	3783	65200
1489	3257	65200
1766	3788	65200
799	3536	65200
109	3271	65300
2758	3399	65300
2540	3238	65300
2511	3210	65300
2138	3838	65300
2360	3653	65300
154	3024	65400
1710	3438	65400
627	3806	65400
1543	3224	65500
1587	3803	65500
1129	3636	65500
298	3657	65500
1179	3206	65600
816	3531	65600
459	3344	65600
903	3132	65700
1022	3494	65700
2590	3474	65700
2281	3374	65700
1997	3194	65700
559	3907	65700
556	3856	65700
2373	3708	65800
181	3309	65800
1544	3455	65900
156	3841	65900
2015	3727	65900
545	3502	65900
1651	3744	65900
2529	3423	65900
1928	3383	65900
2760	3190	66000
1834	3514	66000
1776	3354	66000
2757	3349	66100
1755	3677	66100
1939	3762	66100
905	3132	66200
2495	3071	66200
1068	3773	66200
46	3876	66200
116	3343	66200
2963	3528	66200
1957	3363	66300
1101	3336	66300
2413	3868	66300
2386	3035	66300
2038	3950	66400
2811	3183	66400
2390	3996	66400
2184	3505	66400
2176	3062	66400
709	3898	66500
191	3576	66500
2929	3499	66600
1902	3170	66600
2936	3897	66600
2909	3742	66800
583	3015	66800
682	3073	66900
1718	3281	66900
177	3382	67000
2343	3136	67100
1493	3676	67100
2739	3821	67100
1610	3108	67100
2173	3905	67100
769	3511	67200
981	3754	67200
1407	3440	67200
2839	3810	67200
483	3213	67300
1516	3100	67300
876	3405	67300
2618	3083	67300
2376	3787	67400
2951	3882	67400
1281	3586	67400
2855	3826	67500
318	3958	67500
719	3008	67600
1385	3802	67600
955	3047	67700
1524	3240	67800
667	3007	67800
2200	3121	67800
381	3115	67800
2823	3179	67900
1243	3409	67900
2203	3675	67900
477	3301	68000
1033	3378	68000
91	3716	68000
1591	3880	68000
924	3547	68000
1419	3927	68000
1392	3054	68000
418	3326	68100
2773	3619	68100
2220	3353	68100
1527	3737	68100
403	3271	68200
2687	3155	68200
1399	3443	68200
2695	3556	68300
2048	3328	68300
133	3171	68300
964	3261	68300
1443	3139	68300
572	3236	68300
1244	3654	68300
1147	3567	68300
266	3804	68400
1215	3386	68400
465	3978	68400
2473	3991	68500
7	3151	68500
1465	3272	68500
32	3772	68500
1209	3133	68500
1533	3731	68500
231	3449	68600
1754	3223	68600
441	3356	68600
1671	3206	68600
2983	3925	68600
13	3517	68700
832	3012	68700
2309	3644	68700
1132	3626	68700
2207	3389	68700
545	3937	68700
1702	3536	68700
1757	3758	68800
1458	3108	68800
2036	3305	68800
455	3737	68800
2215	3927	68900
2666	3496	68900
2781	3571	68900
1001	3619	69000
1450	3051	69000
738	3923	69000
1077	3487	69000
454	3878	69000
2110	3350	69000
361	3771	69000
611	3821	69100
2287	3900	69100
2297	3251	69100
391	3281	69200
1531	3430	69200
716	3616	69200
2457	3480	69200
1911	3230	69300
1311	3884	69300
2791	3290	69300
2057	3880	69300
424	3310	69400
442	3173	69400
1734	3080	69400
2844	3652	69400
2693	3583	69400
8	3168	69400
2724	3597	69500
1690	3872	69500
1559	3515	69500
1490	3074	69500
634	3307	69600
2971	3749	69600
2058	3503	69700
2218	3087	69700
2191	3985	69700
2694	3836	69800
290	3624	69800
2017	3792	69800
2364	3607	69800
1291	3922	69800
128	3418	69800
2613	3075	69800
1348	3985	69800
370	3479	69800
1045	3965	69800
2913	3026	69900
945	3023	69900
2827	3979	69900
660	3321	69900
804	3519	69900
1136	3847	70000
122	3129	70000
407	3761	70000
2371	3317	70000
2160	3889	70100
2965	3392	70100
197	3944	70100
1076	3731	70100
388	3370	70100
1673	3659	70200
30	3556	70200
845	3467	70200
826	3605	70300
2172	3584	70300
1363	3990	70300
503	3148	70300
2210	3125	70300
2768	3438	70300
2078	3289	70300
1406	3174	70300
373	3470	70400
2491	3240	70400
1349	3551	70400
838	3084	70400
621	3418	70400
2343	3165	70500
741	3969	70500
2961	3483	70500
1961	3773	70500
2341	3526	70500
2293	3724	70500
2863	3640	70600
2988	3534	70600
566	3964	70600
2652	3360	70600
1273	3081	70600
799	3387	70600
2308	3793	70600
907	3825	70700
1156	3941	70700
100	3373	70700
2733	3146	70800
2993	3573	70800
771	3141	70800
596	3432	70900
1652	3300	70900
1697	3458	71000
2571	3081	71000
2265	3553	71000
1188	3648	71200
1186	3103	71200
790	3883	71200
1878	3927	71300
659	3681	71300
564	3980	71300
1519	3280	71300
2743	3273	71300
2832	3364	71400
1331	3282	71400
2787	3516	71500
1547	3444	71500
254	3942	71500
2081	3870	71500
1411	3111	71500
2746	3383	71500
327	3849	71500
2862	3327	71600
107	3138	71700
2395	3563	71700
1757	3605	71800
2129	3977	71800
1324	3271	71800
2601	3881	71800
1160	3168	71800
1499	3056	71900
900	3429	71900
1510	3863	71900
2280	3290	71900
1413	3702	71900
2793	3998	72000
413	3779	72000
1279	3992	72000
1512	3072	72000
933	3773	72000
1235	3237	72000
232	3319	72000
14	3115	72000
2281	3604	72100
1836	3289	72100
494	3991	72200
1380	3526	72200
85	3662	72200
1841	3300	72300
1739	3038	72300
2460	3296	72400
905	3832	72400
363	3905	72400
2097	3477	72400
1556	3082	72400
145	3451	72400
828	3810	72400
1006	3802	72500
1011	3717	72500
1203	3536	72500
979	3761	72500
609	3869	72600
2480	3736	72600
1513	3214	72700
1552	3020	72700
2859	3360	72800
2904	3941	72800
885	3019	72900
120	3949	72900
2714	3442	72900
897	3458	73000
2808	3206	73000
2555	3797	73000
2927	3881	73000
1946	3978	73000
2445	3000	73000
2659	3904	73000
2476	3677	73100
760	3358	73100
899	3307	73200
2797	3488	73200
2944	3282	73200
1435	3069	73200
1602	3298	73200
1857	3560	73200
2479	3938	73300
560	3314	73300
2802	3534	73300
955	3929	73300
1521	3581	73300
270	3057	73300
183	3767	73300
1632	3945	73300
2003	3631	73400
1317	3871	73400
79	3337	73400
127	3410	73400
710	3533	73500
2378	3399	73500
1073	3334	73500
176	3244	73500
265	3750	73500
2166	3960	73600
1826	3057	73600
228	3937	73600
1230	3055	73600
293	3266	73600
2452	3186	73700
372	3708	73700
2905	3729	73700
2716	3756	73700
1353	3518	73800
1914	3517	73800
1979	3733	73900
2985	3100	73900
246	3295	74000
1903	3565	74000
1603	3451	74000
934	3180	74000
724	3369	74100
1388	3720	74100
742	3956	74100
2382	3082	74100
2492	3254	74100
591	3794	74200
2542	3208	74200
366	3807	74200
2847	3423	74200
2203	3643	74200
706	3598	74300
953	3588	74300
1817	3968	74300
2519	3028	74300
1828	3643	74300
17	3271	74400
456	3458	74400
715	3640	74500
1065	3782	74500
1196	3517	74500
589	3532	74600
1532	3158	74600
522	3052	74700
2038	3847	74700
229	3926	74700
1958	3902	74700
800	3776	74700
1476	3179	74700
528	3030	74700
1192	3577	74800
2388	3633	74800
674	3038	74800
1616	3759	74900
1886	3866	74900
2860	3965	74900
2498	3136	75000
1550	3257	75000
442	3652	75100
988	3689	75100
2961	3827	75200
2649	3956	75200
238	3668	75200
60	3157	75300
127	3584	75300
2641	3500	75300
270	3767	75300
1760	3016	75300
2099	3836	75400
1472	3973	75400
1254	3749	75400
866	3016	75400
928	3128	75500
2173	3163	75500
592	3564	75500
793	3344	75500
2756	3834	75600
2795	3034	75600
1079	3441	75700
2426	3513	75700
2211	3423	75700
915	3858	75800
2389	3344	75800
843	3928	75900
504	3550	75900
2643	3118	75900
2073	3710	75900
2313	3693	75900
1607	3447	76000
957	3338	76000
1390	3942	76000
1967	3564	76000
2570	3524	76000
2751	3605	76100
1597	3183	76100
896	3220	76200
635	3184	76200
531	3320	76200
2004	3941	76300
1337	3999	76300
1426	3701	76500
1492	3392	76600
282	3822	76600
1468	3561	76700
2251	3345	76700
2258	3067	76700
2573	3654	76700
125	3413	76800
1124	3593	76800
376	3701	76800
2665	3824	76800
2361	3263	76800
1594	3098	76800
902	3217	76900
241	3412	76900
2915	3393	76900
1575	3212	76900
781	3599	77000
1255	3018	77100
2482	3205	77100
386	3141	77100
2586	3979	77200
1623	3829	77200
221	3668	77200
1009	3056	77300
1439	3316	77300
2429	3116	77300
779	3017	77300
1981	3965	77300
1806	3129	77400
2886	3176	77500
2068	3244	77500
319	3112	77500
1700	3796	77600
257	3134	77700
1282	3882	77700
2829	3078	77700
1234	3617	77700
910	3347	77700
1023	3950	77800
1495	3393	77800
2276	3796	77800
2625	3215	77800
718	3500	77900
249	3855	77900
147	3318	77900
2018	3367	77900
2350	3540	77900
1343	3788	78100
1553	3093	78100
680	3022	78100
179	3853	78200
628	3316	78200
2040	3714	78200
1383	3907	78200
1546	3476	78200
573	3222	78200
2420	3735	78300
2568	3705	78300
2181	3066	78300
172	3569	78300
2964	3011	78400
2322	3394	78400
2266	3765	78400
1092	3629	78500
2727	3002	78500
2966	3528	78500
1138	3481	78500
2061	3131	78600
2267	3985	78600
2755	3890	78600
563	3700	78600
2041	3119	78700
2866	3267	78700
1709	3347	78700
1686	3859	78800
219	3845	78800
1345	3592	78800
568	3452	78800
2409	3789	78900
2393	3124	78900
762	3430	79000
54	3299	79000
1460	3990	79000
1337	3382	79000
405	3667	79000
707	3122	79100
2972	3275	79100
559	3163	79100
1874	3345	79200
2196	3702	79200
143	3199	79200
2869	3215	79200
2392	3944	79300
1930	3089	79300
2780	3041	79400
793	3810	79400
2397	3233	79400
551	3026	79500
2591	3871	79500
694	3018	79500
1263	3768	79500
2715	3478	79600
2701	3362	79600
1999	3658	79700
1078	3318	79700
2052	3057	79800
2123	3476	79800
119	3556	79900
783	3575	79900
2071	3523	79900
508	3391	79900
159	3506	80000
101	3604	80000
888	3951	80000
1137	3597	80100
1325	3323	80100
124	3967	80100
443	3938	80100
2160	3200	80200
2822	3118	80200
1935	3216	80300
2363	3118	80300
1649	3329	80300
2519	3159	80300
1232	3823	80300
779	3753	80300
2875	3504	80400
728	3724	80400
1110	3803	80600
2463	3022	80700
505	3942	80700
608	3560	80700
731	3097	80700
2815	3317	80700
1208	3805	80800
2425	3045	80800
1387	3862	80800
470	3988	81000
2541	3818	81100
2241	3872	81100
647	3027	81100
2223	3506	81200
2702	3456	81300
1771	3250	81300
1307	3255	81300
2338	3042	81400
1496	3422	81400
2939	3834	81400
2014	3267	81400
763	3945	81400
2515	3998	81400
1464	3835	81500
1478	3851	81500
1802	3794	81500
1154	3212	81500
2126	3929	81600
1494	3170	81700
1726	3342	81800
2031	3727	81800
1308	3082	81800
1354	3291	81900
1311	3431	81900
1301	3575	81900
2397	3932	81900
1400	3914	82000
107	3733	82000
2557	3184	82000
1599	3160	82000
1914	3716	82100
1059	3564	82100
2475	3207	82100
2829	3291	82200
352	3776	82200
2975	3689	82200
2802	3986	82300
295	3453	82300
1547	3869	82300
1812	3170	82500
2639	3267	82500
144	3584	82600
1376	3648	82600
2370	3019	82700
2888	3884	82700
1812	3255	82700
1178	3557	82800
661	3483	82800
2467	3999	82800
1848	3472	82900
2249	3188	82900
2108	3533	83000
1735	3474	83000
1661	3977	83100
2398	3660	83100
842	3307	83200
1871	3249	83200
307	3633	83200
88	3439	83200
2162	3291	83300
575	3866	83300
2846	3999	83300
2389	3810	83300
2381	3529	83400
637	3294	83500
2993	3323	83500
1637	3222	83500
942	3263	83500
875	3165	83600
2118	3381	83600
1539	3264	83600
2271	3651	83700
1310	3129	83700
1707	3167	83800
52	3177	83800
1413	3081	83800
90	3736	83800
820	3863	83900
1581	3017	84000
141	3765	84000
1617	3000	84000
2630	3758	84100
1778	3285	84100
1285	3478	84100
5	3909	84100
274	3163	84100
222	3258	84100
102	3193	84200
266	3102	84200
786	3630	84200
138	3604	84200
2882	3857	84300
2013	3385	84300
1959	3771	84300
2122	3289	84300
2583	3840	84400
2095	3506	84400
758	3312	84400
2479	3141	84400
2406	3626	84500
768	3176	84600
1070	3859	84700
1920	3892	84700
562	3621	84700
1678	3727	84700
2502	3539	84800
837	3756	84800
2835	3590	84800
2589	3763	84800
2350	3322	84800
1161	3818	84900
153	3097	84900
668	3080	85100
1417	3070	85100
2415	3894	85100
1783	3561	85200
2762	3122	85200
830	3410	85200
2495	3241	85300
1460	3374	85300
657	3344	85300
634	3497	85400
245	3187	85400
935	3468	85500
201	3095	85500
96	3824	85500
86	3228	85600
1046	3721	85600
342	3565	85600
759	3822	85600
972	3911	85700
1224	3949	85700
1249	3394	85700
825	3951	85700
596	3073	85900
548	3732	85900
2779	3454	85900
2015	3415	85900
1639	3928	86000
108	3790	86000
2870	3708	86000
345	3112	86000
717	3335	86100
2284	3725	86200
796	3244	86200
690	3278	86200
2647	3693	86200
2752	3660	86200
24	3741	86300
650	3637	86300
499	3111	86300
1699	3066	86400
648	3310	86500
1805	3135	86500
830	3905	86600
773	3770	86600
2729	3295	86700
261	3072	86700
165	3776	86700
1264	3378	86800
534	3379	86800
2786	3723	86900
2387	3170	86900
1907	3020	86900
2060	3807	87000
788	3563	87000
179	3910	87100
2828	3021	87100
2481	3207	87100
2914	3308	87100
2232	3813	87100
569	3581	87200
775	3641	87200
1105	3124	87300
1295	3109	87500
1287	3587	87600
530	3318	87600
2653	3768	87700
1814	3738	87700
1821	3317	87700
2874	3208	87800
590	3724	87900
1612	3410	87900
1372	3768	87900
2454	3442	87900
238	3288	88000
2290	3456	88100
482	3737	88100
155	3425	88200
1432	3070	88200
1714	3202	88200
2837	3967	88200
2838	3824	88200
124	3551	88300
1181	3987	88300
1601	3038	88400
2902	3671	88500
187	3177	88500
415	3162	88600
2439	3036	88600
1319	3350	88600
250	3568	88700
332	3325	88700
158	3313	88700
2525	3612	88700
468	3802	88800
632	3629	88900
921	3236	88900
2352	3261	88900
1993	3572	88900
2825	3998	89000
2117	3714	89000
1470	3453	89000
1463	3232	89000
2746	3028	89100
2033	3805	89200
2528	3925	89200
1284	3621	89200
1155	3628	89200
2759	3705	89300
7	3864	89300
2566	3893	89300
1312	3687	89400
1314	3721	89400
404	3881	89400
1421	3207	89400
2194	3479	89500
2388	3101	89600
1425	3657	89600
1096	3559	89700
2557	3042	89700
1763	3195	89700
1152	3368	89800
766	3689	89800
1049	3595	89800
752	3285	89900
664	3594	89900
1653	3618	90000
61	3413	90000
2902	3364	90100
466	3334	90100
653	3556	90100
1130	3719	90300
2672	3809	90300
2243	3967	90300
617	3572	90300
995	3454	90500
863	3895	90500
1157	3166	90500
2188	3658	90600
1615	3483	90600
993	3546	90600
2784	3701	90600
2597	3847	90700
1620	3259	90700
2491	3783	90800
1093	3677	90800
1185	3705	90900
1025	3608	91000
92	3021	91100
1723	3154	91200
2174	3079	91200
2018	3074	91200
645	3497	91300
2158	3908	91400
520	3021	91500
2590	3453	91500
1850	3630	91500
2553	3907	91500
2335	3253	91600
525	3147	91600
809	3678	91600
2895	3000	91600
952	3870	91600
1876	3919	91700
211	3074	91700
1000	3458	91800
2012	3284	91800
1976	3950	91900
1404	3377	91900
1419	3121	92000
321	3454	92100
1262	3861	92300
2992	3542	92300
969	3603	92300
438	3208	92300
2516	3489	92300
189	3776	92400
692	3890	92400
391	3624	92500
2174	3768	92500
2114	3044	92600
962	3763	92600
2149	3200	92700
2535	3492	92900
646	3427	93000
2125	3928	93000
1787	3453	93100
1818	3336	93300
281	3276	93300
526	3275	93300
210	3353	93300
1556	3341	93300
1006	3413	93300
888	3883	93300
2690	3863	93400
1060	3041	93400
2066	3284	93400
687	3915	93500
1725	3400	93500
2624	3208	93500
1385	3020	93500
2353	3682	93500
747	3010	93500
433	3826	93600
486	3198	93600
1146	3757	93800
2405	3459	93900
2104	3947	93900
421	3256	94000
639	3361	94200
1843	3636	94200
1877	3313	94200
2214	3467	94200
1537	3771	94300
162	3470	94400
1614	3411	94400
2937	3970	94400
2030	3577	94500
164	3111	94600
1112	3314	94700
389	3344	94700
1277	3092	94700
1528	3909	94800
2041	3368	94800
2121	3840	94900
2842	3356	95000
2413	3103	95100
36	3685	95100
1794	3588	95200
2016	3942	95200
333	3157	95400
1047	3697	95400
2107	3826	95400
533	3013	95600
150	3964	95700
2086	3095	95800
1891	3550	95900
1306	3660	95900
517	3011	96000
420	3253	96000
1466	3531	96000
617	3701	96000
1057	3223	96100
1493	3021	96200
2080	3852	96200
2830	3456	96300
535	3160	96300
2705	3617	96300
296	3029	96400
2065	3633	96500
1680	3393	96600
271	3449	96600
1027	3137	96700
1965	3556	96700
1912	3503	96900
2883	3763	96900
2025	3204	96900
2747	3031	97000
2828	3676	97100
1268	3335	97100
703	3815	97100
2889	3071	97200
889	3753	97200
2236	3240	97400
2745	3405	97400
2077	3164	97500
944	3223	97700
152	3224	97800
2697	3189	97800
1479	3311	97900
1926	3534	98000
1508	3308	98000
1890	3030	98100
2216	3035	98100
1881	3439	98100
2329	3126	98200
493	3819	98200
2825	3846	98200
932	3294	98300
2764	3321	98300
2956	3395	98400
1484	3298	98400
2207	3682	98400
123	3390	98400
1127	3135	98500
2020	3403	98600
2402	3089	98600
2679	3673	98800
2418	3955	98800
1037	3323	98800
512	3981	98800
1073	3957	99000
23	3803	99000
12	3841	99000
1193	3650	99000
797	3390	99200
1023	3847	99300
2607	3841	99300
1541	3682	99300
2036	3997	99300
207	3098	99300
1486	3562	99500
289	3071	99600
537	3804	99700
1381	3498	99800
1583	3218	99900
2801	3510	99900
997	3293	100000
741	3194	100100
2408	3395	100100
1321	3417	100100
1866	3230	100100
2994	3891	100200
1937	3775	100300
83	3161	100300
2887	3072	100300
2120	3261	100400
2558	3892	100500
892	3541	100600
734	3531	100700
346	3036	100700
1669	3671	100800
1522	3990	100800
2171	3861	101000
1752	3955	101100
2404	3628	101100
786	3947	101200
1602	3568	101200
886	3106	101300
1743	3823	101300
913	3694	101500
2304	3380	101500
1081	3220	101600
2329	3924	101800
723	3298	101800
586	3235	101800
2784	3391	101800
2785	3945	101800
157	3432	101900
72	3795	101900
2175	3849	101900
1201	3899	101900
1234	3341	102200
1103	3516	102300
1334	3236	102300
615	3377	102300
403	3102	102600
1226	3446	102600
963	3899	102600
761	3164	102700
2663	3889	102800
833	3629	102800
286	3795	103000
1080	3799	103000
821	3325	103100
2113	3541	103300
1975	3099	103500
605	3066	103500
524	3409	103500
1618	3282	103600
1204	3760	103600
2354	3898	103700
445	3287	103800
11	3131	103900
1474	3345	103900
2278	3541	103900
678	3302	104000
2312	3454	104000
2626	3802	104100
1111	3650	104200
260	3918	104300
2935	3969	104300
1191	3073	104400
841	3892	104400
1365	3377	104500
1833	3859	104700
256	3400	104700
1590	3186	104700
1153	3869	104700
2199	3459	104700
805	3051	104900
1608	3035	104900
2075	3377	104900
99	3832	105000
1503	3985	105100
894	3218	105300
940	3860	105300
925	3750	105400
1660	3258	105400
2062	3352	105600
2680	3675	105700
2324	3286	105700
1189	3190	105800
1694	3766	105800
2098	3212	106000
599	3321	106100
1524	3783	106200
2407	3362	106200
1800	3845	106300
1910	3243	106500
2567	3075	106500
931	3681	106700
2285	3498	106900
2582	3797	107300
673	3119	107300
2908	3092	107500
1051	3198	107600
1605	3054	107700
1664	3037	107800
1781	3445	107800
2219	3620	107800
2240	3895	107900
2563	3720	108000
1044	3765	108000
112	3098	108100
275	3508	108200
182	3823	108200
1143	3452	108400
2161	3663	108800
675	3593	108900
251	3405	108900
1141	3993	109200
1189	3310	109300
1008	3380	109400
2342	3479	109500
446	3156	109500
73	3833	109500
726	3079	109600
1482	3056	109700
1589	3182	109700
1213	3211	109700
2070	3291	109800
1580	3724	109800
2501	3214	110000
1639	3102	110100
2447	3851	110100
2313	3770	110200
1338	3650	110200
1061	3153	110200
704	3330	110300
2658	3911	110400
1256	3952	110400
2133	3807	110500
997	3827	110700
950	3190	110800
2278	3506	110900
102	3107	111000
2945	3122	111000
2704	3715	111100
2271	3516	111200
1575	3762	111200
1594	3405	111200
808	3310	111600
1903	3669	111700
770	3045	111700
2356	3254	111800
1216	3442	111900
1535	3922	112000
485	3027	112000
211	3367	112000
2892	3934	112100
937	3107	112200
2030	3363	112200
2143	3733	112300
1858	3667	112300
2499	3003	112300
463	3808	112400
785	3305	112600
537	3532	112700
1526	3804	112700
1471	3302	112800
2161	3076	112800
2305	3341	112800
775	3463	112800
2546	3087	112900
906	3212	112900
900	3996	113100
129	3846	113100
336	3914	113300
1180	3686	113300
1729	3906	113400
889	3415	113500
2208	3481	113500
652	3790	113600
1582	3153	113600
871	3627	113800
2051	3566	113900
1744	3180	113900
1270	3139	114000
33	3450	114500
1118	3367	114500
2405	3210	114600
1869	3501	114800
1706	3589	114800
1815	3564	114900
2334	3151	115300
2136	3201	115300
1320	3205	115500
517	3859	115600
2414	3492	115700
407	3471	115800
1158	3808	115800
353	3156	115800
2238	3895	116100
2227	3266	116200
1142	3313	116200
938	3918	116600
2091	3924	116700
1202	3190	116800
678	3990	116900
1141	3013	116900
1957	3577	117000
2125	3525	117100
1733	3417	117200
847	3606	117200
449	3286	117300
1510	3090	117400
1658	3819	117500
2650	3681	117600
1342	3849	117600
913	3982	117700
2299	3315	117700
2986	3986	118000
1912	3800	118000
1361	3138	118100
480	3729	118200
1840	3690	118300
2946	3645	118500
1677	3462	118700
2498	3165	118700
550	3113	118900
2631	3638	119100
1016	3543	119100
965	3302	119200
1343	3182	119200
1262	3980	119600
1790	3841	119600
638	3426	119700
2900	3782	120000
2489	3547	120200
1574	3981	120200
1241	3106	120300
567	3939	120400
2070	3078	120600
1822	3941	120700
646	3671	121200
1259	3223	121200
2090	3610	121200
1377	3804	121300
2595	3891	121300
2617	3432	121400
1403	3219	121500
1717	3676	121500
2275	3138	121500
2201	3987	121600
2535	3969	121800
727	3099	121900
1693	3587	122200
1463	3089	122200
1290	3194	122300
811	3302	122400
2021	3715	122400
1515	3288	122600
119	3950	122800
1429	3219	122900
2075	3595	123100
1644	3753	123200
2401	3409	123200
1197	3428	123300
1831	3120	123300
2423	3597	123700
1744	3552	123700
1894	3555	123900
2114	3615	124000
1962	3717	124100
2043	3552	124100
1171	3696	124200
1430	3023	124400
2970	3347	124400
2006	3630	124500
1542	3059	124700
2493	3889	124800
1750	3367	124800
862	3472	125000
2840	3141	125100
1241	3425	125500
2441	3820	125500
1225	3833	125500
2777	3256	125700
2486	3023	126200
2926	3450	126200
1468	3047	126200
1577	3278	126500
2421	3671	126600
1844	3219	126700
1014	3847	126700
2762	3789	127100
1531	3537	127200
2723	3060	127500
1088	3552	127500
1809	3186	127700
1963	3284	127700
2042	3258	127700
427	3242	127800
1302	3334	127900
2205	3883	128000
2879	3588	128500
2374	3268	128500
831	3651	128800
2674	3951	128800
1642	3888	129300
2354	3308	129400
2145	3673	129500
1558	3812	129800
1066	3567	129900
379	3585	130000
1665	3494	130200
1197	3178	130500
815	3284	130600
1698	3970	130600
314	3628	130800
2858	3809	131000
2021	3027	131100
947	3447	131200
1119	3102	131200
19	3983	131200
1439	3378	131300
704	3530	131800
322	3430	131900
2482	3014	131900
1870	3075	132100
292	3236	132100
1426	3027	132300
2812	3462	132500
2677	3355	132500
1142	3014	132700
1157	3188	132900
640	3101	133000
1692	3080	133300
2644	3519	133300
2767	3231	133700
2580	3589	133900
2094	3969	134000
1394	3159	134100
2588	3524	134100
2930	3492	134200
1721	3011	134300
2647	3999	134400
2719	3135	134400
2008	3792	134600
2710	3068	134600
2840	3849	134600
1736	3970	134600
2303	3387	134800
131	3477	134800
2485	3903	134900
2620	3276	135000
342	3972	135400
2256	3494	135600
1363	3669	135700
1635	3846	135800
285	3939	135900
2602	3392	136200
1645	3014	136800
2326	3524	136800
2126	3047	136900
81	3884	137100
707	3789	137300
2437	3003	137300
1647	3150	137300
2622	3445	137600
2824	3544	137700
2042	3621	137900
2436	3877	138000
1818	3437	138100
2931	3658	138200
2672	3541	138200
976	3943	138200
1404	3595	138200
2323	3562	138400
2066	3932	138600
58	3840	139100
1051	3892	139200
1033	3219	139300
1995	3877	139500
2658	3982	139700
1811	3778	139900
1042	3059	140200
1720	3741	140400
2494	3489	140800
59	3739	141000
1020	3945	141000
2871	3932	141000
565	3090	141100
772	3953	141500
1507	3943	141500
2924	3747	141500
1258	3129	141600
2217	3620	141600
2509	3485	141700
2817	3392	142200
105	3701	142300
2616	3698	142400
2821	3128	142500
1012	3262	142600
2962	3340	142600
1115	3805	143300
188	3817	143300
2137	3547	143700
392	3404	143900
2845	3277	144100
2346	3433	144200
2396	3275	144200
2500	3332	144400
1383	3103	144500
1566	3808	144700
2517	3135	145000
277	3353	145100
1825	3054	145200
2387	3079	145300
607	3559	145400
2187	3608	145700
803	3340	146100
924	3176	146100
1167	3524	146200
2135	3812	146300
1475	3417	146400
1935	3545	146700
1676	3433	146800
2434	3615	146900
1986	3491	147200
2996	3130	147300
252	3669	147600
229	3218	147900
2723	3779	148200
1266	3407	148600
553	3198	148700
2116	3953	148900
95	3540	149000
1551	3607	149200
502	3211	149200
1645	3403	149400
288	3242	149500
1675	3819	149500
2250	3452	149500
1996	3650	149900
2143	3138	150000
1504	3856	150400
1084	3302	150600
867	3489	150600
2670	3460	150900
665	3780	151700
839	3156	151900
2522	3044	152000
1481	3113	152100
815	3932	152200
2005	3044	152300
1492	3216	152700
1483	3160	152700
2146	3131	153000
1708	3019	153100
428	3425	153100
6	3970	153700
412	3232	153800
1762	3720	154400
2346	3837	154500
1867	3017	155200
509	3559	155300
2894	3646	155300
2995	3599	155500
2412	3599	155700
548	3925	157100
1187	3258	157300
2560	3754	157700
2949	3862	158000
2965	3245	158300
1786	3756	158400
1405	3747	158600
2035	3924	158800
2195	3698	158800
1954	3218	159000
1373	3953	159100
912	3151	159200
682	3525	159400
1852	3956	159400
1604	3569	159500
1305	3013	159500
1379	3407	159600
2531	3585	159700
203	3728	159700
2997	3231	159700
2450	3397	160300
845	3268	161200
1855	3766	161600
2861	3569	161800
1220	3907	161900
1973	3315	162500
1897	3859	162600
2629	3491	162700
355	3426	162800
2157	3276	163000
2955	3172	163100
312	3943	163100
1642	3548	163200
2983	3732	164100
1106	3738	164100
2485	3549	164800
1885	3277	164900
1665	3982	165000
2925	3503	165100
264	3085	165700
539	3933	165800
28	3561	165900
2170	3166	165900
252	3470	166000
335	3076	166000
807	3875	166300
949	3322	166400
2012	3932	166500
2982	3397	166600
343	3427	166800
1640	3818	167500
2436	3986	167700
2219	3738	167700
1598	3800	167800
2781	3843	167800
185	3154	167900
2620	3241	168200
1252	3537	168300
594	3169	168300
491	3875	168700
2833	3433	169000
1788	3877	169100
45	3597	169800
1342	3204	170100
2776	3003	170100
2421	3080	170900
1934	3593	170900
2263	3930	171000
423	3242	171300
2962	3940	171400
1566	3799	171400
712	3588	171800
387	3340	172600
2435	3800	172700
1930	3736	172700
51	3415	172800
519	3694	172900
1701	3561	173100
2629	3720	173100
1277	3698	173200
987	3028	173500
2543	3279	173700
1321	3732	173800
746	3500	174300
1488	3851	174600
2763	3404	174700
644	3711	175000
1517	3540	175500
313	3217	175700
400	3162	175700
1933	3837	175900
1520	3472	176200
164	3153	176300
451	3116	176900
162	3669	177200
2455	3926	177900
1679	3403	178200
1691	3044	178400
1193	3409	178600
1625	3550	179200
711	3726	179400
1266	3467	179500
504	3830	179600
2092	3903	179600
1344	3714	179800
1186	3814	180400
1650	3339	180700
683	3837	180800
614	3012	181000
331	3846	181100
610	3584	181200
2367	3385	181300
2298	3078	181400
2945	3246	182100
2391	3233	182300
2830	3065	182800
2581	3293	183300
2685	3694	183500
1740	3972	183900
2288	3808	184500
2020	3620	184500
2164	3397	185600
2127	3549	186700
158	3403	186800
972	3429	187100
283	3342	187400
2186	3827	187500
1216	3712	187900
916	3243	188200
908	3428	188500
2327	3443	188800
1461	3553	189900
492	3619	190400
588	3601	190600
1540	3690	190700
2011	3964	190900
409	3293	191000
849	3262	191300
1473	3525	191500
2614	3917	191700
960	3856	191700
864	3509	191900
2094	3861	192100
1408	3276	192600
802	3226	192700
2247	3355	192700
2418	3848	192800
1	3932	193200
519	3792	193300
135	3755	193600
1276	3988	193900
1649	3416	194000
1497	3464	194200
659	3046	194300
2934	3769	194500
142	3538	194600
1844	3378	194800
1621	3475	195300
782	3553	195300
1299	3922	195400
2596	3295	195600
1325	3809	195600
212	3463	196800
1580	3338	196900
2142	3530	197300
654	3312	197400
1265	3455	198000
2178	3150	198500
2157	3101	198900
1503	3819	199000
