2253	3110	200
2230	3450	200
299	3285	200
335	3646	200
1145	3193	200
2686	3556	200
2701	3777	200
2157	3992	200
2452	3928	200
2084	3075	200
618	3549	200
695	3444	200
2948	3129	200
1267	3374	200
2398	3883	200
446	3015	300
2833	3253	300
348	3943	300
1446	3759	300
1520	3488	300
2650	3975	300
1398	3514	300
2756	3807	300
2119	3507	300
758	3025	300
1401	3934	300
2403	3674	300
25	3269	300
2494	3130	300
421	3222	300
191	3864	300
925	3579	400
1034	3799	400
1800	3595	400
2545	3534	400
2608	3283	400
65	3779	400
2415	3949	400
1056	3034	400
1447	3094	400
554	3942	400
1793	3852	400
1883	3719	400
2667	3255	400
1968	3397	400
1674	3207	400
767	3234	400
1836	3479	400
2345	3176	400
2327	3112	400
2155	3712	500
2751	3724	500
2126	3486	500
2347	3485	500
937	3408	500
1125	3048	500
2372	3817	500
166	3501	500
823	3069	500
2385	3163	500
225	3064	500
1205	3443	500
1501	3628	500
2607	3002	500
2991	3116	500
581	3572	500
1276	3815	500
2043	3424	500
1711	3701	600
400	3849	600
2425	3046	600
1223	3799	600
1192	3005	600
2120	3317	600
1720	3428	600
1786	3805	600
2498	3605	600
619	3134	600
1758	3951	600
1153	3056	600
732	3822	600
1788	3942	600
635	3954	600
740	3225	600
2400	3047	600
2039	3040	600
1977	3360	600
731	3262	600
2319	3849	700
883	3749	700
2839	3253	700
2864	3993	700
828	3893	700
306	3810	700
78	3869	700
2834	3630	700
1899	3146	700
1179	3487	700
494	3223	700
998	3380	700
2724	3870	700
489	3036	700
2235	3192	700
672	3074	700
354	3911	800
1185	3136	800
1456	3836	800
2093	3400	800
2093	3724	800
615	3404	800
2938	3023	800
1768	3160	800
1500	3444	800
364	3029	800
62	3067	800
951	3876	800
2270	3267	800
2244	3947	800
2725	3591	800
248	3764	800
1396	3355	800
1559	3120	800
467	3445	800
1167	3579	900
1992	3606	900
247	3363	900
109	3723	900
1110	3741	900
1039	3710	900
2005	3506	900
2396	3842	900
2843	3852	900
1597	3748	900
494	3343	900
1734	3435	900
2247	3600	900
1246	3057	900
1049	3528	900
2368	3569	900
1399	3662	900
2443	3044	1000
1463	3602	1000
2339	3046	1000
1043	3837	1000
1739	3987	1000
1970	3906	1000
2651	3196	1000
2487	3059	1000
1912	3745	1000
1586	3918	1000
826	3206	1000
1871	3678	1000
1001	3541	1000
430	3480	1000
981	3611	1000
2835	3201	1000
1832	3729	1000
161	3736	1000
1359	3702	1000
2380	3667	1100
2166	3728	1100
1715	3725	1100
2414	3490	1100
1052	3914	1100
1388	3224	1100
2729	3545	1100
1493	3061	1100
786	3217	1100
1534	3137	1100
2753	3019	1100
912	3287	1100
1171	3632	1100
2973	3340	1100
333	3196	1100
1820	3928	1100
635	3974	1100
2367	3431	1100
2812	3337	1100
1787	3625	1100
2524	3386	1100
32	3828	1100
555	3405	1100
717	3841	1100
1678	3768	1100
1807	3574	1100
1562	3234	1100
2501	3095	1100
2071	3273	1100
1679	3254	1100
533	3515	1200
96	3008	1200
781	3534	1200
2447	3224	1200
2407	3362	1200
148	3658	1200
1780	3416	1200
2440	3331	1200
2523	3047	1200
2883	3090	1200
621	3203	1200
1498	3498	1200
2616	3763	1200
2588	3411	1200
330	3610	1200
1302	3982	1300
1369	3199	1300
2031	3864	1300
520	3364	1300
368	3516	1300
2278	3380	1300
2351	3329	1300
2507	3677	1300
1032	3341	1300
1077	3067	1300
1515	3455	1300
2661	3593	1300
2148	3293	1300
1329	3014	1300
427	3031	1400
2634	3404	1400
1825	3747	1400
721	3366	1400
2565	3518	1400
2370	3430	1400
2964	3716	1400
1843	3148	1400
737	3096	1400
2124	3492	1400
1260	3337	1400
2681	3276	1400
1440	3845	1400
962	3629	1400
565	3706	1400
966	3369	1400
978	3413	1400
1553	3401	1400
2468	3554	1400
672	3976	1400
2959	3712	1500
1464	3458	1500
431	3724	1500
1754	3784	1500
1236	3348	1500
1009	3555	1500
2735	3470	1500
2652	3743	1500
2981	3133	1500
1330	3984	1500
194	3907	1500
2877	3473	1500
749	3768	1500
1881	3055	1500
1138	3237	1500
2620	3205	1500
2714	3505	1600
1929	3749	1600
1502	3110	1600
143	3427	1600
2259	3134	1600
1460	3775	1600
2083	3975	1600
2540	3243	1600
1829	3795	1600
1851	3570	1600
1330	3670	1600
1423	3179	1600
1107	3416	1600
1257	3239	1600
2063	3678	1600
2422	3421	1600
1247	3297	1600
544	3958	1600
1006	3105	1600
1629	3941	1600
1311	3017	1600
103	3839	1600
1484	3112	1600
1552	3618	1700
1796	3690	1700
945	3031	1700
1218	3454	1700
458	3545	1700
2149	3456	1700
1500	3340	1700
660	3228	1700
1248	3408	1700
208	3354	1700
1486	3600	1700
1571	3697	1700
1180	3387	1700
100	3934	1700
2908	3004	1700
2391	3875	1800
2789	3131	1800
2503	3651	1800
289	3867	1800
2773	3821	1800
1155	3001	1800
2691	3311	1800
1990	3298	1800
1255	3423	1800
396	3476	1800
94	3746	1800
2175	3424	1800
1866	3111	1800
4	3824	1800
2213	3911	1900
2711	3052	1900
309	3596	1900
69	3886	1900
203	3577	1900
2444	3847	1900
1229	3348	1900
193	3328	1900
2106	3773	1900
677	3202	1900
480	3225	1900
914	3967	1900
856	3086	1900
2530	3655	1900
1594	3955	1900
765	3095	1900
1240	3502	1900
2023	3746	1900
2706	3753	1900
1203	3824	1900
2595	3580	2000
1729	3533	2000
2050	3394	2000
1849	3131	2000
2061	3243	2000
2943	3189	2000
2514	3459	2000
325	3026	2000
1344	3485	2000
1956	3564	2000
1067	3473	2000
796	3677	2000
2944	3514	2000
277	3686	2000
2551	3841	2000
1166	3967	2000
2	3877	2100
874	3755	2100
2664	3091	2100
950	3248	2100
1468	3715	2100
2286	3516	2100
1262	3981	2100
1990	3487	2100
1476	3395	2100
1008	3881	2100
541	3551	2100
2742	3202	2100
545	3387	2100
1854	3203	2100
2716	3573	2100
2654	3520	2100
345	3829	2100
266	3436	2200
86	3291	2200
466	3217	2200
1721	3274	2200
2335	3720	2200
1499	3334	2200
126	3340	2200
1625	3464	2200
483	3973	2200
2911	3721	2200
2469	3590	2200
1133	3679	2200
396	3934	2200
2966	3073	2200
1244	3727	2200
2525	3774	2200
2837	3993	2300
2401	3250	2300
20	3761	2300
261	3180	2300
2361	3923	2300
2532	3696	2300
2927	3821	2300
2834	3060	2300
216	3196	2300
1823	3616	2300
954	3358	2300
2851	3888	2300
1936	3786	2300
1032	3229	2300
2303	3913	2300
2457	3208	2300
941	3657	2300
2209	3642	2300
642	3000	2300
2953	3982	2300
1744	3301	2400
503	3537	2400
1173	3566	2400
571	3271	2400
2295	3894	2400
2506	3603	2400
2985	3731	2400
1695	3397	2400
168	3669	2400
1156	3353	2400
1416	3212	2400
1906	3961	2400
234	3166	2400
1204	3735	2400
692	3529	2400
2476	3412	2500
2889	3144	2500
492	3009	2500
425	3583	2500
2510	3277	2500
1902	3058	2500
1511	3375	2500
497	3571	2500
1199	3479	2500
278	3796	2500
2066	3053	2500
507	3515	2500
2792	3926	2600
2736	3226	2600
53	3392	2600
1675	3268	2600
2704	3962	2600
1249	3107	2600
1799	3368	2600
781	3465	2600
264	3995	2600
1318	3275	2600
926	3854	2600
2890	3280	2600
706	3639	2600
1433	3389	2600
936	3601	2600
1331	3270	2600
838	3252	2600
2350	3559	2700
369	3013	2700
613	3599	2700
2054	3627	2700
2748	3930	2700
2190	3453	2700
1778	3188	2700
131	3459	2700
124	3967	2700
1872	3922	2700
417	3452	2700
1249	3366	2800
884	3607	2800
1191	3437	2800
408	3969	2800
481	3264	2800
1254	3241	2800
193	3828	2800
2456	3734	2800
353	3441	2800
1362	3760	2800
1603	3839	2800
1530	3846	2800
493	3618	2900
2059	3263	2900
2561	3490	2900
305	3853	2900
245	3246	2900
157	3361	2900
933	3842	2900
1798	3119	2900
2392	3337	2900
2826	3241	2900
250	3635	2900
1413	3084	2900
401	3507	2900
2303	3116	2900
1061	3972	2900
2159	3476	2900
2845	3638	2900
2777	3613	3000
371	3859	3000
2144	3148	3000
1865	3447	3000
1917	3218	3000
2473	3504	3000
1757	3173	3000
2091	3745	3000
74	3920	3000
1701	3892	3000
118	3077	3000
554	3740	3000
185	3133	3000
478	3588	3000
696	3040	3000
85	3423	3000
353	3838	3000
989	3035	3000
543	3927	3100
1767	3296	3100
975	3078	3100
882	3165	3100
540	3094	3100
957	3512	3100
2788	3974	3100
863	3441	3100
2461	3788	3100
991	3601	3100
2716	3819	3100
815	3587	3100
1406	3767	3100
72	3453	3200
2506	3398	3200
993	3422	3200
1936	3128	3200
2184	3802	3200
2034	3538	3300
469	3006	3300
1089	3989	3300
2593	3160	3300
2198	3189	3300
74	3831	3300
2411	3069	3300
2049	3709	3300
2769	3182	3300
1296	3812	3300
2894	3262	3400
952	3965	3400
2201	3335	3400
2830	3199	3400
728	3245	3400
802	3165	3400
1233	3094	3400
1806	3474	3400
110	3821	3400
2829	3670	3400
1524	3497	3400
1470	3564	3400
2849	3397	3400
1108	3498	3400
2553	3612	3400
138	3211	3400
2116	3030	3400
2445	3250	3500
1256	3609	3500
2869	3705	3500
2676	3349	3500
1074	3949	3500
1209	3329	3500
137	3817	3500
52	3706	3500
1652	3843	3500
2430	3546	3500
2855	3937	3500
417	3763	3500
1391	3251	3500
991	3120	3500
1676	3911	3600
506	3141	3600
546	3296	3600
1437	3400	3600
2795	3321	3600
1027	3162	3600
741	3164	3600
2281	3630	3600
1751	3831	3600
1045	3597	3600
1180	3916	3600
581	3288	3600
190	3480	3600
2180	3022	3600
775	3812	3600
2714	3044	3700
348	3062	3700
757	3996	3700
1335	3430	3700
1010	3428	3700
2806	3724	3700
2546	3223	3700
1910	3826	3700
1876	3570	3700
878	3343	3700
1294	3881	3700
665	3603	3700
390	3386	3700
189	3655	3700
2080	3772	3700
773	3064	3700
1265	3576	3700
388	3370	3700
627	3806	3700
310	3258	3700
412	3015	3700
500	3254	3700
865	3062	3800
2802	3238	3800
1664	3861	3800
1553	3007	3800
2194	3511	3800
2731	3574	3800
592	3560	3800
2448	3370	3800
2078	3208	3800
1364	3192	3800
1379	3115	3800
500	3653	3800
1446	3016	3900
619	3496	3900
670	3404	3900
441	3914	3900
287	3613	3900
1174	3848	3900
71	3170	3900
2577	3693	3900
549	3697	3900
2356	3958	3900
1642	3498	3900
588	3120	3900
1890	3230	3900
2262	3753	3900
525	3824	3900
987	3683	3900
2685	3231	4000
917	3050	4000
965	3714	4000
2646	3337	4000
2438	3798	4000
1585	3305	4000
1710	3811	4000
1384	3574	4000
880	3426	4000
498	3324	4000
864	3682	4000
1996	3333	4000
312	3610	4000
701	3036	4000
1438	3744	4000
394	3302	4100
2437	3268	4100
1482	3566	4100
28	3797	4100
1965	3526	4100
1095	3809	4100
1666	3513	4100
2491	3080	4100
1791	3601	4100
2011	3788	4100
1117	3116	4100
2745	3838	4100
2242	3575	4100
2564	3673	4100
1090	3736	4100
491	3309	4100
1373	3664	4200
238	3317	4200
2227	3102	4200
519	3193	4200
1742	3583	4200
2874	3157	4200
177	3508	4200
1734	3154	4200
2196	3282	4200
2368	3767	4200
1558	3222	4200
1988	3829	4200
2386	3950	4200
630	3445	4200
1086	3978	4200
2085	3618	4300
1070	3072	4300
1898	3210	4300
2881	3338	4300
1432	3106	4300
1713	3413	4300
996	3999	4300
1886	3124	4300
829	3932	4400
82	3731	4400
2441	3280	4400
240	3884	4400
2232	3455	4400
1480	3147	4400
59	3320	4400
1405	3010	4400
561	3465	4500
1161	3613	4500
1355	3902	4500
488	3780	4500
1954	3929	4500
1704	3916	4500
876	3709	4500
992	3771	4500
2308	3883	4500
2031	3761	4600
1097	3835	4600
2329	3970	4600
1654	3540	4600
2720	3454	4600
1229	3099	4600
73	3216	4600
2344	3051	4600
5	3239	4600
136	3406	4600
1291	3771	4600
530	3623	4600
929	3081	4600
1274	3147	4600
2238	3252	4600
2642	3442	4600
2896	3245	4700
2222	3409	4700
2087	3467	4700
1066	3184	4700
279	3151	4700
2495	3200	4700
526	3497	4700
2854	3776	4700
2885	3117	4700
134	3921	4700
2677	3244	4700
2224	3254	4700
2009	3055	4700
1306	3301	4800
1572	3991	4800
1355	3295	4800
1717	3858	4800
1176	3401	4800
693	3259	4800
892	3130	4800
2991	3735	4800
981	3717	4800
1894	3031	4900
2288	3585	4900
1901	3107	4900
2699	3724	4900
2470	3264	4900
1021	3349	4900
2302	3885	4900
2579	3680	4900
1826	3372	4900
2846	3300	4900
1759	3313	4900
601	3806	4900
1603	3222	4900
173	3833	4900
2746	3988	4900
2569	3978	4900
2899	3440	4900
2670	3467	5000
1783	3917	5000
384	3011	5000
2156	3094	5000
2428	3096	5000
2684	3471	5000
2584	3765	5000
2060	3985	5100
1706	3505	5100
1629	3482	5100
1080	3927	5100
386	3868	5200
162	3404	5200
1938	3044	5200
802	3109	5200
1009	3795	5200
387	3992	5200
1022	3334	5200
1289	3882	5200
955	3200	5200
136	3916	5200
2013	3391	5200
654	3123	5200
2775	3536	5200
1404	3985	5200
1616	3220	5300
400	3310	5300
411	3490	5300
1632	3152	5300
1607	3627	5300
279	3873	5300
1063	3845	5300
2301	3694	5300
1944	3380	5300
2761	3273	5300
2578	3530	5300
1618	3675	5300
1858	3204	5300
857	3839	5300
331	3199	5400
1064	3175	5400
54	3517	5400
1979	3869	5400
1435	3684	5400
2511	3919	5400
324	3106	5400
1873	3507	5400
1151	3300	5400
1041	3138	5400
61	3315	5400
1581	3221	5500
2343	3737	5500
1926	3585	5500
1478	3101	5500
2876	3898	5500
244	3510	5500
1452	3918	5500
1547	3881	5500
461	3499	5500
2780	3511	5500
1772	3396	5500
1284	3870	5500
1972	3116	5500
911	3559	5500
835	3547	5600
1141	3286	5600
1104	3467	5600
2251	3100	5600
922	3957	5600
413	3892	5600
171	3956	5600
2130	3522	5600
1036	3146	5600
1084	3769	5600
776	3762	5600
2472	3000	5600
2587	3695	5600
2359	3204	5600
2480	3191	5600
242	3832	5700
1726	3195	5700
1774	3478	5700
132	3042	5700
584	3345	5700
1859	3872	5700
1298	3331	5700
2677	3229	5700
1696	3661	5700
606	3020	5700
2744	3547	5800
1658	3289	5800
2990	3545	5800
602	3525	5800
2546	3504	5800
56	3462	5800
1863	3508	5800
2168	3578	5800
804	3380	5800
749	3571	5800
395	3813	5800
16	3897	5800
2010	3414	5800
974	3039	5800
2297	3757	5800
2053	3518	5900
1177	3454	5900
1408	3797	5900
2202	3271	5900
336	3043	5900
923	3434	5900
170	3474	5900
1624	3964	5900
244	3531	5900
1163	3194	5900
555	3319	5900
723	3069	5900
983	3476	5900
1635	3411	5900
1864	3637	6000
1424	3400	6000
2135	3339	6000
1280	3193	6000
1289	3419	6000
2783	3295	6000
1687	3470	6000
1411	3898	6000
2946	3514	6000
67	3236	6000
565	3238	6000
1919	3852	6000
2449	3396	6000
2141	3415	6000
674	3003	6000
705	3509	6000
2755	3502	6000
2460	3886	6100
1445	3755	6100
2738	3818	6100
913	3437	6100
1995	3516	6100
2566	3420	6100
1942	3885	6100
209	3130	6100
2432	3025	6100
2272	3089	6200
597	3609	6200
510	3685	6200
495	3825	6200
1662	3340	6200
2967	3800	6200
628	3154	6200
1919	3666	6200
307	3884	6200
2521	3278	6200
904	3900	6200
1296	3735	6200
1952	3896	6200
521	3355	6200
1814	3866	6200
1790	3936	6300
416	3873	6300
2383	3146	6300
2547	3508	6300
2846	3234	6300
690	3410	6300
1824	3451	6300
1575	3030	6300
1973	3808	6300
1957	3761	6300
2154	3220	6400
2508	3910	6400
982	3825	6400
600	3346	6400
1843	3651	6400
1236	3595	6400
1917	3210	6400
2857	3158	6400
1279	3820	6400
1312	3773	6400
1577	3352	6400
1050	3153	6400
2539	3672	6400
1104	3637	6500
1668	3584	6500
1798	3146	6500
2739	3435	6500
1140	3530	6500
146	3597	6500
1396	3575	6500
470	3055	6500
2516	3774	6500
2499	3579	6600
1964	3373	6600
2563	3871	6600
391	3433	6600
900	3694	6600
1947	3640	6600
2601	3144	6600
1622	3354	6600
2254	3680	6600
1268	3933	6600
1278	3543	6600
1261	3739	6700
972	3851	6700
397	3065	6700
2500	3956	6700
1852	3522	6700
64	3032	6700
1054	3416	6700
1332	3841	6700
1536	3389	6700
2394	3177	6700
657	3727	6700
395	3383	6700
1731	3284	6800
829	3795	6800
669	3126	6800
2487	3431	6800
1969	3621	6800
603	3226	6900
386	3457	6900
1897	3851	6900
2694	3938	6900
2218	3504	6900
1126	3401	6900
2776	3739	7000
1581	3031	7000
1223	3468	7000
1979	3151	7000
2337	3995	7000
1835	3878	7000
2967	3919	7000
527	3456	7000
1751	3531	7000
553	3315	7000
1700	3000	7000
961	3409	7100
599	3871	7100
1052	3971	7100
1157	3294	7100
2220	3888	7100
1690	3009	7100
1591	3354	7100
346	3541	7100
1331	3039	7100
1051	3226	7100
2987	3250	7200
2200	3161	7200
1338	3533	7200
2586	3525	7200
807	3873	7200
885	3545	7200
2509	3990	7200
2623	3093	7200
2800	3269	7200
2265	3427	7200
2041	3580	7300
903	3952	7300
219	3193	7300
2979	3256	7300
1085	3656	7300
948	3995	7300
12	3706	7300
822	3484	7300
2079	3586	7300
1015	3211	7300
2692	3383	7300
161	3293	7300
2191	3705	7400
1354	3302	7400
1442	3951	7400
2436	3043	7400
413	3494	7400
2485	3544	7400
580	3901	7400
108	3228	7400
433	3063	7400
1644	3661	7400
1394	3017	7400
1319	3922	7400
2926	3602	7500
1494	3033	7500
1481	3931	7500
1604	3937	7500
638	3855	7500
375	3788	7500
2932	3760	7500
1336	3897	7500
232	3254	7500
2831	3596	7600
6	3088	7600
119	3946	7600
2478	3173	7600
2267	3086	7600
1301	3174	7600
2949	3041	7600
482	3788	7600
1955	3149	7600
1086	3320	7600
2205	3815	7600
2334	3953	7600
2900	3785	7700
2361	3339	7700
597	3620	7700
237	3462	7700
2928	3076	7700
8	3535	7700
472	3657	7700
2930	3926	7800
2614	3281	7800
2256	3725	7800
2374	3256	7800
223	3245	7800
1030	3235	7800
2183	3789	7800
1752	3551	7800
1001	3418	7800
1567	3899	7800
703	3482	7800
227	3116	7800
2454	3904	7900
2717	3741	7900
1677	3167	7900
2089	3822	7900
1518	3862	7900
1313	3961	7900
1213	3585	8000
1492	3062	8000
1670	3217	8000
2942	3804	8000
63	3614	8000
2094	3032	8000
1433	3947	8000
2497	3477	8000
1405	3215	8000
2321	3092	8000
728	3429	8100
1893	3121	8100
2537	3859	8100
2591	3033	8100
1196	3583	8100
359	3326	8100
1422	3379	8100
1934	3066	8100
1792	3124	8100
1554	3015	8200
339	3164	8200
610	3584	8200
908	3745	8200
2590	3146	8200
2131	3053	8200
1554	3281	8300
1546	3472	8300
357	3631	8300
2162	3381	8300
813	3145	8300
2776	3701	8400
1295	3463	8400
2680	3808	8400
1221	3183	8400
2635	3793	8400
2109	3850	8400
1583	3018	8400
2427	3769	8400
2421	3233	8500
1471	3432	8500
464	3619	8500
2826	3742	8500
2101	3069	8500
1234	3874	8500
35	3621	8500
1448	3530	8500
505	3143	8500
1342	3083	8500
2300	3634	8500
707	3783	8600
1804	3831	8600
1294	3963	8600
1360	3194	8600
2935	3554	8600
1585	3117	8600
1982	3844	8600
1685	3961	8600
256	3565	8700
1099	3048	8700
575	3495	8700
100	3476	8700
2287	3090	8700
1055	3648	8700
1399	3856	8700
1053	3460	8800
97	3715	8800
420	3279	8800
1221	3685	8800
2628	3793	8800
429	3592	8800
2757	3903	8800
2559	3212	8800
2856	3554	8800
1322	3636	8800
448	3937	8800
1775	3408	8900
2662	3913	8900
1232	3610	8900
1957	3178	8900
1545	3927	9000
2021	3445	9000
2916	3107	9000
1576	3368	9000
2673	3694	9000
2718	3852	9000
2848	3365	9000
747	3700	9000
1187	3875	9100
2606	3454	9100
276	3645	9100
1565	3854	9100
461	3214	9100
1069	3945	9100
1316	3756	9100
2402	3318	9100
1387	3609	9200
107	3005	9200
1437	3724	9200
1252	3893	9200
650	3720	9200
564	3984	9200
1776	3277	9200
1212	3834	9200
1415	3095	9200
2208	3997	9200
1477	3953	9200
1537	3191	9200
1660	3055	9200
522	3503	9300
1014	3624	9300
590	3845	9300
1903	3823	9300
2822	3182	9300
538	3654	9300
2064	3258	9300
1962	3979	9300
1731	3596	9400
787	3668	9400
1218	3917	9400
169	3652	9400
325	3197	9400
1698	3195	9400
2702	3889	9400
1264	3497	9400
1494	3264	9400
1770	3711	9400
185	3421	9400
2403	3672	9400
2395	3205	9400
1146	3785	9500
2237	3737	9500
2628	3161	9500
431	3121	9500
1724	3285	9500
2925	3981	9500
2236	3171	9500
2759	3076	9500
2972	3629	9500
2363	3425	9500
1657	3980	9500
986	3142	9500
1422	3066	9500
225	3163	9500
1616	3926	9600
2817	3747	9600
379	3219	9600
1153	3825	9600
2038	3344	9600
380	3317	9600
389	3289	9700
2850	3248	9700
150	3107	9700
399	3274	9700
2940	3121	9700
2621	3071	9700
2100	3840	9700
2728	3236	9700
746	3395	9700
2022	3375	9700
1307	3891	9700
1960	3004	9700
2544	3429	9800
1621	3350	9800
1312	3206	9800
415	3855	9800
486	3349	9800
2118	3025	9800
537	3433	9900
1509	3376	9900
2104	3167	9900
1757	3949	9900
1624	3162	9900
1630	3343	9900
1550	3915	9900
708	3236	9900
2870	3786	9900
841	3925	9900
1740	3636	9900
557	3389	9900
1759	3357	9900
1204	3812	9900
2595	3952	10000
439	3412	10000
1549	3949	10000
2779	3803	10000
2556	3448	10000
293	3481	10000
509	3156	10100
1314	3797	10100
709	3311	10100
2888	3075	10100
809	3803	10100
963	3860	10100
2560	3788	10100
771	3887	10200
1207	3392	10200
2671	3692	10200
366	3830	10200
1971	3391	10200
2252	3176	10200
389	3347	10200
191	3363	10200
2832	3098	10300
719	3467	10300
2197	3366	10300
1596	3283	10300
1206	3343	10300
2601	3122	10300
2187	3776	10300
1523	3009	10300
2413	3608	10300
2859	3410	10300
754	3136	10300
2145	3089	10400
1184	3138	10400
1457	3429	10400
145	3749	10400
309	3720	10500
985	3388	10500
1513	3369	10500
1370	3082	10500
2081	3912	10500
534	3763	10500
1725	3231	10600
849	3993	10600
342	3730	10600
2734	3527	10600
1606	3942	10600
2107	3865	10600
2132	3184	10700
2135	3071	10700
2495	3929	10700
1345	3213	10700
1130	3794	10700
516	3907	10700
1322	3689	10700
848	3673	10700
2334	3083	10700
1545	3650	10800
1179	3867	10800
108	3329	10800
468	3689	10800
1436	3319	10800
1574	3178	10800
968	3754	10900
1760	3403	10900
1783	3098	10900
674	3129	10900
2610	3528	10900
2711	3737	11000
2738	3180	11000
1951	3954	11000
351	3578	11000
1684	3443	11000
366	3012	11000
1188	3990	11000
2076	3913	11000
588	3125	11000
624	3649	11100
2219	3293	11100
1682	3027	11100
971	3399	11100
418	3384	11100
349	3095	11100
267	3118	11100
2276	3306	11100
1436	3140	11100
2688	3814	11100
1826	3968	11100
1038	3404	11200
953	3506	11200
651	3418	11200
850	3752	11200
951	3214	11200
1351	3968	11200
1428	3062	11200
241	3298	11300
428	3158	11300
117	3879	11300
2032	3232	11400
2959	3165	11400
153	3752	11400
135	3802	11400
2575	3814	11400
1888	3373	11500
2414	3279	11500
2147	3787	11500
1680	3059	11500
2236	3299	11500
2035	3688	11500
1560	3669	11500
971	3615	11500
906	3073	11500
562	3367	11600
902	3346	11600
2390	3619	11600
1149	3188	11600
582	3598	11600
2090	3666	11600
359	3395	11600
924	3727	11600
111	3660	11700
1101	3156	11700
1149	3398	11700
690	3168	11700
1426	3053	11700
2319	3310	11800
41	3316	11800
258	3106	11800
1130	3280	11800
684	3270	11800
183	3147	11800
2751	3594	11900
2596	3027	11900
1524	3633	11900
879	3798	11900
2024	3876	11900
1026	3762	11900
2924	3747	12000
7	3193	12000
1808	3758	12000
2881	3188	12000
1489	3526	12000
2077	3291	12100
2441	3794	12100
2029	3042	12100
1358	3799	12200
447	3339	12200
369	3050	12200
1528	3847	12200
826	3522	12200
668	3316	12200
1602	3443	12200
2886	3955	12200
232	3653	12200
2962	3970	12300
271	3377	12300
2574	3599	12300
625	3590	12300
1114	3670	12300
2658	3139	12300
2367	3059	12300
915	3214	12300
1684	3663	12300
2426	3405	12300
2025	3509	12300
2122	3653	12300
2342	3965	12400
1466	3361	12400
2115	3681	12500
1661	3977	12500
2581	3725	12500
1534	3714	12500
2428	3604	12500
2741	3828	12500
993	3185	12500
964	3261	12500
1214	3318	12500
485	3159	12500
88	3476	12500
142	3325	12600
475	3062	12600
2348	3050	12600
2802	3139	12600
1963	3903	12600
2576	3041	12600
1285	3262	12700
484	3602	12700
1640	3613	12700
2508	3893	12700
1037	3599	12700
1476	3179	12700
631	3879	12700
2306	3549	12700
87	3866	12700
2659	3309	12700
2213	3409	12800
179	3943	12800
2120	3467	12800
1779	3525	12800
2764	3512	12800
2586	3659	12800
60	3051	12800
2641	3126	12800
2330	3171	12800
2529	3066	12800
1091	3518	12900
1505	3656	12900
1112	3814	12900
1102	3481	12900
731	3237	12900
1382	3573	12900
2053	3493	13000
666	3466	13000
2942	3334	13000
1898	3218	13000
2701	3189	13000
2789	3065	13000
1621	3964	13000
478	3937	13000
858	3921	13000
2016	3105	13000
1011	3953	13000
917	3698	13100
1455	3614	13100
967	3462	13100
2168	3878	13100
2173	3103	13100
2965	3404	13200
2421	3713	13200
813	3986	13200
2364	3898	13200
926	3337	13200
2090	3358	13200
2504	3857	13200
1319	3333	13200
1389	3890	13200
1785	3766	13300
2460	3046	13300
931	3016	13300
722	3062	13300
2289	3449	13300
1402	3171	13300
52	3238	13300
2662	3844	13300
2572	3538	13400
38	3524	13400
678	3585	13400
648	3882	13400
694	3548	13400
182	3573	13400
2092	3671	13500
1431	3011	13500
2349	3594	13500
237	3944	13500
792	3100	13500
2418	3598	13500
2123	3254	13500
2096	3372	13500
857	3222	13500
1023	3837	13600
982	3056	13600
1727	3503	13600
2693	3385	13600
1769	3740	13600
2696	3880	13600
1709	3227	13600
2785	3493	13700
162	3169	13700
1708	3068	13700
535	3152	13700
909	3580	13700
2534	3970	13700
1861	3550	13700
1819	3132	13700
1639	3659	13700
1916	3473	13700
1561	3675	13700
2340	3935	13800
2904	3029	13800
233	3751	13800
1088	3610	13800
2669	3660	13900
1392	3720	13900
1035	3835	13900
2903	3100	13900
2004	3598	13900
569	3282	13900
892	3452	13900
976	3242	13900
1341	3500	14000
483	3173	14000
1372	3688	14000
1550	3800	14000
1166	3895	14000
2068	3626	14000
228	3655	14000
2847	3891	14000
1258	3851	14100
812	3351	14100
1152	3059	14100
211	3477	14100
32	3328	14200
2092	3488	14300
959	3321	14300
2400	3834	14300
2489	3819	14300
1461	3281	14300
1658	3347	14400
1428	3169	14400
1119	3775	14400
1033	3777	14400
1531	3736	14500
1023	3727	14500
1280	3671	14500
1989	3741	14500
1657	3830	14500
1421	3108	14500
2579	3925	14500
1410	3045	14500
1427	3730	14600
476	3779	14600
1598	3688	14600
2002	3417	14600
1844	3580	14700
824	3818	14700
360	3165	14700
441	3525	14700
1560	3475	14700
114	3390	14700
2983	3814	14700
1034	3161	14700
1829	3932	14800
2006	3217	14800
1186	3236	14800
812	3275	14900
1860	3944	14900
2425	3749	14900
2543	3618	15000
1866	3463	15000
1029	3887	15000
2651	3928	15000
1337	3876	15000
1595	3573	15000
1847	3411	15000
2140	3877	15100
1345	3206	15100
2029	3986	15100
1547	3963	15100
1095	3568	15100
1385	3413	15100
1420	3312	15100
2138	3084	15100
1234	3313	15100
2131	3266	15100
1207	3707	15200
1449	3951	15200
851	3148	15200
346	3983	15200
973	3752	15200
2914	3093	15200
2285	3686	15200
2259	3496	15300
2065	3713	15300
1714	3144	15300
526	3307	15300
655	3200	15300
1627	3558	15300
2552	3313	15300
2026	3753	15400
2151	3465	15400
1924	3235	15400
121	3777	15400
1230	3572	15400
901	3843	15400
745	3496	15500
2887	3190	15500
2431	3743	15500
877	3921	15500
1515	3095	15500
2647	3708	15500
2820	3781	15500
2129	3787	15600
636	3977	15600
1765	3840	15600
937	3960	15600
953	3562	15600
2228	3905	15600
2600	3313	15600
594	3068	15700
173	3891	15700
290	3356	15700
1544	3535	15700
137	3358	15700
1096	3072	15800
1989	3850	15800
1046	3122	15800
1928	3353	15800
160	3673	15800
2134	3372	15800
1111	3014	15800
893	3575	15800
1656	3320	15800
1927	3505	15900
2004	3792	15900
2811	3905	15900
2791	3983	15900
1982	3643	15900
2982	3378	16000
601	3675	16000
1834	3573	16000
2320	3222	16000
458	3582	16100
155	3076	16100
2918	3308	16100
1475	3665	16200
1701	3494	16200
2756	3370	16200
2587	3261	16200
1127	3754	16300
2838	3799	16300
2675	3218	16300
1735	3678	16300
1136	3089	16400
2997	3833	16400
2726	3429	16400
2903	3246	16400
1264	3378	16400
1211	3119	16400
1573	3633	16400
44	3350	16400
842	3469	16500
1326	3780	16500
1073	3863	16500
1321	3732	16500
1959	3769	16500
141	3153	16500
2377	3493	16600
1794	3469	16600
1056	3385	16600
2325	3576	16600
270	3529	16600
2142	3946	16700
2126	3969	16700
2977	3379	16700
1031	3052	16800
1966	3088	16800
1768	3936	16800
2150	3308	16800
1128	3901	16800
1513	3625	16800
1346	3578	16800
790	3251	16800
2752	3788	16800
1251	3755	16900
2163	3717	16900
2204	3359	16900
105	3372	16900
1414	3703	16900
866	3976	16900
2169	3432	17000
2515	3263	17000
931	3759	17000
2114	3165	17000
1967	3013	17000
473	3782	17000
334	3420	17000
1735	3822	17000
2868	3024	17000
2352	3895	17000
2815	3016	17100
1131	3665	17100
1565	3094	17100
687	3544	17100
2750	3181	17100
392	3961	17100
624	3302	17200
1141	3637	17200
1887	3364	17200
626	3867	17200
1374	3564	17200
586	3158	17200
2304	3187	17200
1090	3436	17300
2762	3637	17300
452	3232	17300
2989	3068	17300
1326	3973	17300
1391	3451	17300
617	3181	17300
546	3557	17400
2456	3790	17400
2697	3297	17400
350	3221	17500
2357	3946	17500
2827	3388	17500
378	3827	17500
777	3589	17600
502	3409	17600
2992	3548	17600
170	3676	17600
2524	3249	17600
1716	3811	17600
448	3588	17600
1484	3536	17600
341	3709	17600
1434	3087	17700
1253	3898	17700
2977	3704	17700
593	3261	17700
2211	3577	17800
2353	3977	17800
2447	3726	17800
1248	3551	17800
523	3103	17800
460	3449	17900
1741	3167	17900
432	3425	17900
205	3734	17900
2424	3353	17900
341	3978	17900
2043	3979	17900
2281	3494	18000
2854	3519	18000
1485	3436	18100
2007	3885	18100
1378	3150	18100
652	3400	18200
1308	3489	18200
1003	3617	18200
265	3449	18300
2598	3260	18300
2392	3973	18300
442	3217	18400
1459	3994	18400
456	3102	18500
1974	3726	18500
1921	3011	18500
221	3465	18500
318	3189	18500
2101	3401	18500
347	3795	18700
159	3834	18700
2497	3961	18700
1601	3660	18700
757	3291	18800
947	3605	18800
782	3985	18800
902	3516	18800
2249	3227	18800
101	3598	18800
231	3643	18800
852	3036	18800
1948	3204	18800
2393	3028	18800
1138	3262	18800
2531	3527	18900
935	3071	18900
89	3031	18900
648	3464	18900
199	3662	18900
2274	3605	19000
1444	3087	19000
1627	3356	19000
2622	3123	19000
1365	3538	19100
214	3696	19100
2733	3336	19100
241	3197	19100
1100	3758	19100
77	3921	19100
1485	3293	19200
1878	3533	19200
1017	3346	19200
2559	3360	19200
989	3446	19200
1795	3502	19200
1876	3823	19300
2958	3070	19300
539	3394	19400
2503	3148	19400
207	3330	19400
1877	3903	19400
23	3138	19400
1943	3097	19500
2190	3299	19500
1580	3570	19500
1108	3983	19500
314	3680	19500
818	3998	19600
460	3500	19600
1572	3275	19600
1139	3743	19600
1781	3166	19600
2809	3215	19600
2550	3246	19700
659	3956	19700
632	3506	19700
321	3948	19700
1665	3532	19800
1662	3235	19800
2313	3844	19800
2886	3066	19800
2267	3341	19800
1618	3643	19800
1747	3809	19900
1047	3872	19900
2056	3105	19900
1222	3952	20100
1960	3427	20100
429	3957	20200
2106	3049	20200
2170	3549	20200
706	3581	20200
2906	3519	20200
2838	3468	20300
1692	3875	20300
465	3005	20300
2872	3840	20300
742	3521	20300
1830	3556	20300
1573	3497	20300
329	3803	20300
745	3134	20400
2816	3428	20400
1027	3272	20400
444	3022	20400
86	3332	20500
10	3231	20500
495	3056	20500
2512	3070	20500
2859	3168	20500
1217	3934	20500
2393	3440	20500
2225	3745	20600
2532	3257	20600
591	3484	20600
1121	3405	20600
1416	3360	20600
3	3448	20600
2328	3647	20700
2250	3472	20700
753	3519	20700
2354	3686	20700
1451	3476	20700
2995	3332	20800
808	3419	20800
2597	3847	20800
1429	3969	20800
1339	3225	20800
69	3046	20900
1092	3758	20900
840	3666	20900
315	3040	20900
1946	3035	20900
113	3618	21000
1663	3837	21000
633	3078	21000
1970	3478	21000
2030	3282	21000
956	3731	21100
830	3045	21100
14	3622	21200
393	3539	21200
2125	3243	21200
2111	3718	21200
2317	3357	21200
1354	3649	21300
1930	3089	21300
504	3544	21300
2248	3288	21300
2292	3082	21300
2140	3092	21500
2484	3465	21500
2807	3715	21500
1846	3079	21500
1525	3323	21500
943	3512	21600
764	3239	21600
2091	3847	21600
2558	3473	21600
778	3606	21700
2816	3835	21700
154	3198	21700
447	3195	21800
2410	3103	21800
1137	3626	21800
2292	3003	21800
2163	3611	21800
1295	3111	21800
1816	3940	21900
2314	3104	21900
2509	3581	21900
1453	3237	21900
1931	3899	22000
2275	3599	22100
1891	3260	22100
2842	3999	22100
862	3061	22200
1744	3904	22200
797	3098	22200
2433	3121	22200
2609	3923	22200
2027	3424	22200
1164	3055	22200
91	3989	22300
843	3699	22300
1673	3431	22300
794	3471	22300
2775	3112	22300
360	3109	22400
2186	3492	22400
295	3909	22400
1586	3418	22400
2413	3259	22400
370	3353	22400
201	3149	22400
2679	3378	22500
577	3856	22600
699	3765	22600
517	3458	22700
2925	3867	22700
651	3541	22700
172	3203	22700
2794	3687	22800
1566	3121	22800
656	3080	22800
2067	3808	22800
1932	3460	22900
1739	3993	22900
595	3285	22900
1539	3104	22900
1169	3345	22900
1323	3960	22900
1728	3718	22900
2661	3662	22900
662	3982	23000
302	3182	23000
1412	3620	23000
164	3744	23000
2294	3927	23100
1721	3998	23100
922	3592	23100
1506	3878	23100
649	3444	23100
1018	3329	23100
768	3727	23100
1143	3702	23100
609	3993	23200
868	3635	23200
776	3838	23200
880	3674	23200
551	3914	23300
2952	3534	23300
2898	3143	23300
2260	3082	23300
2088	3036	23300
2490	3097	23400
928	3791	23400
1398	3855	23400
1815	3753	23400
2810	3588	23500
1317	3175	23600
2863	3256	23600
2705	3883	23600
450	3832	23700
262	3503	23700
282	3096	23700
1870	3227	23700
1569	3498	23700
1310	3511	23700
2968	3489	23700
1941	3682	23700
1016	3317	23700
187	3743	23800
1805	3442	23800
2226	3979	23800
695	3340	23900
2931	3170	23900
1914	3828	23900
2996	3661	24000
1357	3301	24100
383	3779	24100
184	3489	24100
499	3020	24100
2167	3221	24200
1887	3553	24200
1822	3861	24200
806	3279	24300
1367	3928	24300
1190	3085	24300
2912	3393	24300
362	3483	24300
308	3007	24300
1006	3020	24300
1044	3335	24300
1059	3074	24300
1429	3859	24400
2113	3386	24400
156	3501	24400
944	3909	24500
791	3629	24500
1088	3927	24500
2784	3266	24500
2793	3367	24600
760	3331	24600
407	3375	24600
1407	3440	24600
2641	3094	24700
1507	3764	24700
817	3074	24700
1694	3667	24800
1893	3527	24800
2415	3652	24800
2028	3142	24800
218	3414	24800
1291	3352	24800
1175	3829	24900
1844	3367	24900
640	3299	24900
168	3590	24900
2829	3842	24900
315	3113	24900
2097	3007	24900
2260	3000	24900
752	3465	25000
1880	3742	25000
230	3001	25000
2305	3983	25000
2384	3732	25100
1018	3684	25100
2906	3776	25200
910	3654	25200
1872	3333	25200
1538	3719	25300
2741	3328	25300
564	3670	25300
76	3616	25300
1151	3479	25300
861	3806	25300
1732	3478	25400
1590	3209	25400
115	3145	25400
887	3789	25400
2768	3857	25400
2406	3064	25500
1115	3038	25600
766	3186	25600
1613	3746	25600
1081	3671	25700
1499	3804	25700
645	3485	25700
233	3300	25700
2448	3807	25700
2899	3520	25700
539	3996	25800
1610	3259	25800
294	3709	25800
459	3088	25900
587	3366	25900
2560	3352	25900
1833	3461	25900
1172	3262	26000
1839	3641	26000
595	3853	26000
511	3419	26000
374	3208	26000
1996	3922	26000
2993	3323	26000
2139	3631	26100
1441	3415	26100
92	3240	26200
1654	3555	26200
2951	3820	26200
542	3716	26300
2001	3019	26300
2072	3830	26300
1438	3662	26300
1986	3942	26400
49	3989	26400
1766	3773	26400
1287	3267	26400
1667	3804	26500
1892	3257	26500
833	3283	26500
2557	3139	26500
2891	3745	26500
2341	3847	26500
1993	3300	26500
2947	3479	26500
1517	3044	26600
1599	3217	26600
1161	3720	26600
632	3562	26600
2890	3794	26600
2975	3967	26600
798	3913	26600
1713	3691	26700
1934	3528	26700
80	3550	26800
1269	3157	26800
2948	3037	26800
490	3663	26800
1846	3764	26800
21	3439	26800
15	3296	26900
2876	3863	26900
2221	3065	27000
1773	3786	27000
528	3933	27000
2142	3561	27100
111	3342	27100
2732	3242	27100
2824	3889	27200
1761	3470	27200
2107	3241	27200
2339	3886	27300
1453	3744	27300
2526	3085	27300
2430	3154	27300
2203	3496	27400
2853	3289	27400
2412	3970	27400
119	3287	27400
2037	3411	27400
1804	3920	27500
2322	3371	27600
2470	3209	27600
738	3731	27600
196	3001	27600
1147	3664	27600
2108	3685	27700
1935	3970	27700
1393	3022	27700
2070	3685	27800
1117	3451	27800
1336	3622	27800
2518	3327	27800
510	3183	27900
1254	3742	27900
1217	3807	27900
1356	3593	27900
657	3344	28000
1762	3322	28000
40	3991	28000
2318	3320	28000
2722	3006	28100
640	3453	28100
1538	3444	28100
404	3455	28100
377	3278	28100
2987	3667	28200
1864	3923	28200
1733	3135	28200
384	3109	28300
1587	3540	28300
2796	3376	28300
2315	3942	28300
785	3406	28300
1292	3839	28300
2635	3161	28400
1564	3118	28400
2308	3796	28400
1055	3781	28400
174	3021	28500
2473	3223	28500
2739	3154	28500
1549	3770	28600
290	3558	28600
801	3182	28600
406	3638	28600
2994	3407	28700
2465	3909	28700
1303	3484	28700
415	3514	28700
871	3552	28700
710	3183	28800
664	3782	28800
1063	3127	28800
714	3913	28800
2291	3523	28800
2937	3747	28900
2082	3155	28900
2604	3438	28900
2993	3166	28900
2740	3256	29000
2879	3652	29000
1305	3941	29000
1243	3020	29000
2104	3462	29100
2323	3122	29100
326	3705	29200
1838	3707	29200
958	3444	29200
1712	3361	29300
2901	3040	29300
2809	3757	29300
2224	3563	29300
1588	3346	29400
2758	3627	29500
994	3939	29500
274	3352	29500
567	3291	29600
607	3432	29600
2634	3169	29600
1650	3071	29600
411	3725	29700
2517	3796	29700
2322	3021	29800
2629	3321	29800
724	3139	29800
2567	3261	29800
2997	3891	29900
2887	3722	29900
381	3557	29900
1978	3704	29900
1120	3355	29900
19	3390	30000
2245	3442	30000
1076	3547	30100
1786	3219	30100
683	3651	30100
1588	3043	30200
2223	3519	30200
46	3574	30200
2450	3073	30200
2689	3200	30300
828	3491	30400
1732	3169	30400
1483	3780	30400
661	3492	30400
1366	3776	30400
1306	3868	30500
2597	3561	30500
2109	3741	30500
151	3695	30500
181	3950	30500
1277	3700	30600
1144	3710	30600
422	3064	30600
1068	3539	30700
867	3794	30700
2265	3407	30800
1155	3994	30800
2346	3601	30900
1338	3747	30900
2805	3028	30900
473	3276	30900
49	3902	30900
712	3049	30900
1037	3924	31000
779	3764	31000
2058	3220	31100
2050	3996	31100
670	3599	31100
1435	3311	31100
2214	3538	31200
1653	3808	31200
1623	3222	31200
676	3290	31200
727	3289	31300
2916	3840	31300
2808	3882	31300
2686	3932	31300
1060	3576	31300
1341	3449	31400
78	3151	31400
84	3714	31400
1971	3751	31400
167	3972	31400
845	3759	31500
1487	3359	31500
2921	3442	31600
2179	3505	31800
742	3956	31800
388	3807	31800
814	3641	31900
1787	3369	31900
2187	3519	31900
2385	3064	31900
2023	3000	31900
2713	3160	32000
746	3179	32000
71	3743	32000
2404	3955	32000
508	3036	32000
449	3650	32200
2875	3698	32200
79	3645	32200
2901	3972	32200
2707	3315	32200
2014	3374	32200
2070	3183	32300
2672	3429	32300
2808	3419	32300
2617	3283	32300
2680	3908	32300
2973	3592	32400
1682	3924	32400
900	3145	32400
1740	3267	32400
323	3471	32400
2112	3702	32400
1225	3579	32500
513	3437	32500
2150	3070	32500
2453	3881	32700
2233	3980	32700
1493	3725	32800
1157	3517	32800
2444	3026	32800
1951	3974	32800
785	3916	32800
2209	3934	32800
21	3750	32800
2420	3505	32900
1824	3251	32900
1790	3160	33000
122	3370	33000
328	3355	33000
1803	3552	33000
2631	3890	33000
2397	3253	33100
1533	3710	33100
1421	3117	33100
2008	3099	33200
1238	3791	33200
641	3657	33200
2604	3159	33300
2257	3671	33400
39	3474	33400
2110	3791	33400
1348	3593	33400
1978	3816	33500
1841	3414	33500
1456	3966	33600
2593	3148	33600
2158	3159	33600
2698	3940	33700
639	3432	33700
707	3265	33700
66	3009	33700
410	3843	33700
576	3031	33800
2522	3808	33800
10	3332	33800
2625	3580	33800
147	3611	33800
1227	3102	33900
239	3099	33900
2293	3478	33900
2252	3446	33900
1921	3109	34000
2871	3287	34000
968	3342	34000
1328	3755	34100
1242	3656	34100
2177	3732	34100
2823	3772	34100
1022	3804	34200
1239	3722	34200
2917	3026	34200
2357	3561	34200
761	3421	34200
1714	3380	34200
1418	3588	34200
2310	3406	34200
741	3938	34300
513	3699	34300
36	3839	34300
2296	3904	34400
2085	3650	34400
1935	3500	34400
112	3007	34400
579	3297	34400
344	3573	34400
873	3518	34500
289	3500	34500
2439	3822	34500
1008	3345	34500
1094	3763	34500
2618	3933	34500
2003	3567	34600
620	3894	34600
1626	3079	34600
2	3662	34700
2129	3759	34700
2782	3209	34700
1260	3901	34700
1525	3159	34700
320	3024	34800
583	3135	34900
2019	3380	34900
249	3029	35000
123	3477	35000
406	3017	35000
2709	3440	35000
2376	3785	35100
1975	3348	35100
1705	3797	35100
2596	3924	35100
1698	3782	35100
1646	3304	35100
2695	3059	35100
2720	3917	35200
2656	3861	35200
1012	3235	35300
1230	3288	35300
1896	3208	35300
1014	3887	35400
1925	3470	35400
709	3337	35400
977	3400	35500
836	3049	35500
4	3767	35500
868	3418	35600
1186	3501	35600
2345	3053	35600
2909	3687	35700
471	3969	35700
1943	3491	35800
2008	3235	35800
1681	3190	35800
694	3604	35800
2455	3991	35800
777	3617	35900
1666	3307	35900
1169	3018	36000
2118	3697	36000
2027	3979	36000
2664	3595	36100
2001	3780	36100
2207	3172	36100
296	3811	36100
1228	3396	36100
2081	3612	36100
1853	3483	36200
1353	3722	36300
1707	3155	36300
2594	3498	36300
719	3662	36400
56	3944	36400
2153	3526	36400
788	3640	36400
2472	3324	36400
735	3582	36500
955	3821	36500
1054	3228	36500
2333	3012	36500
506	3156	36600
1325	3543	36600
898	3266	36600
2715	3853	36700
1905	3090	36700
604	3378	36800
1352	3806	36800
1564	3037	36900
866	3074	36900
2200	3793	37000
2723	3392	37000
1892	3696	37000
788	3133	37000
1568	3305	37000
1450	3884	37000
1508	3764	37000
1024	3550	37100
2284	3285	37100
1106	3347	37200
475	3853	37200
1283	3556	37200
1761	3209	37200
1488	3850	37200
925	3286	37300
2165	3447	37300
245	3970	37300
1420	3413	37300
2331	3142	37300
2804	3355	37300
1589	3120	37300
2847	3833	37300
2017	3521	37400
2892	3417	37400
1593	3205	37400
762	3736	37500
440	3371	37500
1386	3204	37500
33	3156	37600
2611	3240	37600
2644	3801	37600
2575	3941	37600
1361	3054	37700
2681	3854	37700
2794	3381	37800
169	3223	37800
1293	3545	37800
1827	3158	37800
1763	3067	37800
1193	3442	37800
2845	3079	37800
2148	3110	37900
226	3539	37900
285	3272	37900
1555	3679	37900
451	3743	37900
1134	3901	38000
2517	3763	38000
7	3820	38100
1148	3398	38100
1806	3676	38200
798	3790	38200
2998	3205	38300
939	3646	38300
322	3607	38300
300	3285	38300
122	3003	38300
2369	3502	38300
1792	3846	38300
2568	3351	38400
20	3559	38500
2719	3524	38500
976	3174	38500
531	3457	38600
613	3924	38600
1611	3846	38600
2036	3927	38700
975	3987	38700
2609	3339	38700
1686	3488	38700
2803	3272	38700
1031	3737	38800
1142	3985	38800
2951	3892	38800
958	3719	38800
1694	3567	38900
1474	3710	38900
1458	3437	38900
614	3834	38900
2939	3306	38900
1760	3263	39000
2582	3681	39000
2633	3614	39000
2040	3006	39000
2162	3464	39000
966	3625	39000
301	3964	39000
26	3523	39000
1900	3434	39100
2375	3948	39100
614	3843	39100
661	3213	39200
1869	3679	39200
2902	3403	39300
2060	3579	39300
1114	3984	39400
1571	3312	39400
1162	3959	39400
1226	3041	39400
15	3215	39500
2875	3268	39500
2995	3650	39500
755	3523	39500
1702	3596	39600
1848	3486	39600
2727	3590	39600
901	3751	39600
1103	3887	39700
1636	3488	39700
1455	3376	39700
2233	3244	39700
2381	3058	39700
2909	3521	39800
2693	3034	39800
2675	3210	39800
2771	3880	39800
2844	3336	39900
1402	3561	39900
800	3186	39900
680	3990	39900
1394	3638	39900
443	3660	40000
1749	3897	40000
2429	3740	40000
125	3861	40000
205	3558	40000
2307	3045	40000
1764	3898	40100
1216	3912	40100
319	3923	40200
1464	3962	40200
2537	3076	40200
1082	3326	40200
428	3568	40200
2300	3438	40300
253	3428	40300
1520	3671	40300
1800	3091	40300
1388	3726	40400
1071	3276	40400
2915	3075	40400
1165	3572	40400
2665	3529	40400
213	3274	40500
2844	3447	40500
1447	3858	40500
2094	3603	40500
284	3905	40500
780	3682	40600
70	3101	40700
653	3436	40700
487	3845	40700
1579	3683	40700
1730	3644	40800
2787	3624	40800
1774	3906	40800
1512	3629	40800
1955	3900	40800
2860	3589	40800
142	3515	40900
1025	3246	40900
2176	3473	40900
567	3690	41000
1259	3928	41000
2429	3773	41000
2687	3069	41000
730	3749	41000
2637	3740	41100
686	3410	41100
189	3039	41100
647	3013	41200
2864	3987	41200
2203	3134	41200
734	3096	41200
1242	3545	41200
2564	3704	41200
2980	3779	41300
1514	3305	41300
2279	3300	41300
18	3988	41300
1918	3114	41300
1307	3833	41400
2312	3577	41400
163	3286	41400
551	3952	41400
1578	3900	41400
152	3519	41500
2417	3423	41500
1047	3855	41600
1777	3859	41700
436	3896	41700
1250	3911	41700
2760	3458	41800
896	3018	41800
2469	3855	41800
107	3392	41900
2803	3840	41900
1738	3032	41900
840	3358	41900
1841	3208	41900
1105	3344	41900
1743	3429	42000
2735	3253	42000
918	3165	42000
1072	3858	42000
210	3789	42000
1675	3698	42100
1315	3160	42100
1830	3132	42100
549	3312	42100
832	3621	42200
372	3945	42200
2198	3948	42300
1918	3756	42300
1202	3951	42400
1266	3619	42400
1597	3711	42400
2577	3207	42400
1991	3477	42400
2299	3136	42400
18	3263	42500
954	3666	42500
2934	3084	42500
770	3405	42500
1700	3324	42500
1469	3582	42600
2589	3479	42600
1632	3468	42700
1440	3127	42700
1492	3440	42800
577	3467	42800
2147	3759	42800
343	3992	42800
2868	3261	42800
1665	3871	42900
1417	3722	42900
2545	3338	42900
2401	3102	43000
140	3875	43000
2760	3314	43000
2335	3169	43000
440	3021	43000
2713	3936	43000
62	3541	43000
2856	3328	43000
2167	3216	43100
1465	3915	43100
2992	3604	43100
135	3735	43100
1311	3242	43100
1038	3943	43200
807	3209	43300
2171	3821	43300
1003	3589	43300
847	3052	43400
174	3366	43400
1727	3434	43500
2850	3540	43500
283	3100	43500
995	3873	43500
72	3299	43500
1649	3305	43500
992	3352	43500
1220	3552	43500
1109	3315	43600
2953	3463	43700
1736	3175	43700
927	3439	43700
157	3099	43700
2748	3858	43700
275	3511	43700
2274	3466	43800
200	3688	43800
2580	3054	43900
2902	3894	43900
511	3882	43900
1401	3642	43900
924	3875	44000
2154	3926	44000
1251	3712	44000
715	3858	44000
106	3422	44000
797	3917	44100
2583	3216	44100
660	3416	44100
1368	3848	44100
2384	3425	44100
2258	3227	44100
769	3118	44100
2632	3523	44100
1687	3209	44200
202	3338	44200
673	3822	44200
823	3635	44200
2588	3703	44200
2034	3237	44300
844	3688	44300
598	3462	44300
2652	3113	44300
2247	3642	44300
2426	3955	44300
2910	3628	44300
2640	3806	44300
2128	3321	44400
91	3399	44400
750	3876	44400
916	3075	44400
404	3597	44400
2226	3953	44400
2562	3034	44500
1755	3771	44500
1756	3379	44500
2222	3515	44600
820	3680	44600
14	3785	44700
1479	3858	44700
435	3127	44700
2894	3245	44800
920	3985	44800
1965	3298	44800
932	3656	44800
2068	3937	44800
641	3686	44800
2195	3124	44800
2763	3585	44900
1691	3447	44900
1468	3449	44900
1615	3260	44900
795	3155	44900
1496	3578	44900
1098	3323	45000
2998	3587	45000
471	3783	45000
2422	3981	45000
362	3396	45000
140	3014	45100
75	3400	45100
2005	3562	45100
1101	3141	45200
2108	3466	45200
2490	3491	45200
2336	3985	45200
2807	3265	45200
2186	3942	45200
1481	3615	45200
51	3034	45200
390	3247	45200
815	3563	45200
1816	3996	45300
1862	3578	45300
2654	3744	45300
285	3162	45400
932	3444	45400
2199	3879	45400
2313	3959	45400
663	3968	45400
23	3520	45500
2550	3923	45500
2268	3244	45500
1795	3039	45500
2541	3460	45600
1663	3240	45600
2793	3851	45600
2257	3992	45600
2302	3142	45600
784	3237	45700
269	3390	45700
2133	3811	45700
9	3052	45700
1390	3926	45800
2185	3780	45800
2613	3879	45800
504	3127	45800
2007	3142	45800
684	3039	45800
2181	3035	45800
1980	3606	46000
229	3088	46000
1252	3910	46000
664	3100	46000
421	3747	46100
2124	3464	46100
907	3069	46100
1691	3043	46200
851	3430	46200
2917	3556	46200
2181	3174	46200
455	3125	46300
257	3152	46300
2280	3376	46300
2235	3258	46300
1810	3020	46400
782	3088	46500
1392	3943	46500
1741	3462	46500
2127	3241	46500
2171	3826	46500
2164	3495	46500
2466	3319	46500
2784	3739	46600
1924	3340	46600
896	3127	46600
2682	3409	46600
2569	3320	46600
533	3325	46700
2566	3583	46700
1074	3770	46700
1771	3507	46700
2548	3605	46800
58	3377	46800
64	3782	46800
2183	3018	46800
2990	3656	46900
1083	3760	46900
1708	3054	47000
2333	3830	47000
2989	3733	47100
587	3805	47100
1439	3783	47100
2724	3830	47100
2936	3683	47100
379	3805	47200
600	3516	47200
2363	3732	47200
858	3628	47200
686	3168	47200
2067	3585	47300
2965	3943	47300
2280	3656	47300
803	3766	47400
2355	3940	47400
1793	3666	47400
2015	3355	47400
345	3309	47400
2767	3268	47500
1566	3793	47500
54	3294	47500
1683	3512	47500
1717	3930	47500
201	3900	47500
1215	3630	47600
2467	3415	47600
2801	3128	47700
1057	3091	47900
2941	3555	47900
938	3741	47900
1667	3334	48000
1250	3325	48100
2798	3862	48100
1802	3750	48100
1937	3083	48200
886	3778	48200
2241	3794	48200
1612	3406	48200
2195	3653	48200
1838	3392	48300
2157	3294	48300
260	3930	48300
2127	3742	48300
2981	3640	48300
2666	3042	48300
423	3868	48400
2114	3940	48400
2815	3759	48400
214	3257	48400
1874	3239	48400
725	3547	48500
2017	3565	48500
202	3398	48500
1235	3198	48500
58	3538	48600
2994	3810	48600
2633	3033	48600
2648	3157	48600
2037	3703	48600
2860	3617	48700
1358	3757	48700
1527	3700	48700
239	3361	48700
1570	3961	48800
1	3017	48800
666	3605	48800
2774	3256	48800
1636	3539	48800
1504	3269	48800
2494	3452	48800
2217	3978	48900
1245	3107	48900
1407	3520	48900
463	3284	49000
2137	3088	49000
1633	3594	49000
2520	3640	49000
454	3233	49000
775	3735	49000
1850	3663	49100
2210	3816	49100
2256	3394	49200
1043	3240	49200
2478	3973	49200
200	3104	49200
1370	3003	49200
711	3716	49300
2006	3381	49300
1574	3761	49300
409	3364	49400
2304	3133	49400
2836	3670	49400
1005	3408	49400
1061	3040	49400
212	3772	49400
739	3180	49500
2145	3733	49500
332	3023	49500
2650	3614	49500
39	3555	49500
2205	3623	49500
725	3538	49600
1119	3733	49600
1007	3641	49600
585	3346	49600
1819	3556	49600
1611	3700	49700
442	3381	49700
905	3256	49700
2931	3583	49700
175	3881	49700
1817	3446	49700
1316	3114	49700
503	3760	49800
548	3336	49800
2462	3542	49800
2818	3424	49800
1087	3757	49800
1724	3614	49900
1465	3021	49900
1953	3469	49900
159	3106	49900
314	3925	49900
455	3120	50000
817	3054	50100
2694	3539	50100
2520	3298	50100
520	3553	50200
2957	3195	50200
319	3246	50200
2841	3658	50200
2819	3672	50200
305	3910	50300
97	3339	50300
1688	3935	50300
273	3885	50300
224	3536	50300
1380	3952	50400
2961	3060	50400
841	3680	50400
2840	3566	50500
1703	3533	50500
2387	3852	50500
854	3934	50500
688	3681	50600
2380	3567	50600
681	3468	50600
1908	3587	50600
2723	3761	50600
2000	3620	50600
256	3521	50600
561	3534	50600
938	3200	50600
2788	3954	50600
124	3945	50600
323	3626	50600
1719	3414	50600
2828	3038	50700
2284	3696	50800
1194	3855	50800
1660	3702	50800
2288	3463	50900
2980	3272	50900
2271	3233	50900
1910	3918	50900
89	3237	51000
2519	3401	51000
2366	3635	51000
2078	3738	51000
1057	3240	51100
2039	3729	51100
2331	3498	51200
703	3796	51200
1058	3675	51200
94	3357	51200
2930	3220	51300
354	3601	51300
1184	3440	51300
2581	3109	51300
2928	3889	51300
973	3628	51300
848	3022	51300
2371	3523	51300
27	3149	51300
1556	3774	51400
2933	3681	51400
1813	3072	51400
615	3599	51400
342	3521	51400
1299	3086	51400
110	3783	51500
2382	3980	51500
622	3152	51600
2455	3758	51600
276	3295	51600
1079	3283	51600
2812	3854	51600
2870	3313	51600
2707	3204	51600
2744	3221	51700
187	3070	51700
586	3568	51700
2220	3843	51700
1808	3492	51800
1796	3291	51900
1736	3110	51900
2602	3416	51900
1753	3048	51900
2048	3399	51900
1165	3288	51900
1709	3047	51900
2088	3988	51900
2900	3622	52000
1065	3780	52000
998	3076	52000
445	3033	52100
1452	3826	52100
2957	3100	52200
281	3797	52200
1279	3260	52200
1738	3782	52200
25	3242	52200
736	3038	52300
2911	3924	52300
1215	3060	52300
2920	3999	52300
530	3003	52300
217	3539	52400
655	3929	52400
2475	3300	52400
2261	3812	52400
299	3613	52500
41	3929	52500
2504	3764	52500
1192	3632	52600
1947	3930	52600
435	3669	52600
2266	3390	52600
2095	3663	52600
2180	3990	52600
563	3988	52600
1181	3728	52700
1828	3181	52700
467	3028	52700
163	3712	52700
2289	3676	52700
2630	3459	52700
1690	3047	52700
1916	3888	52700
444	3509	52700
2015	3813	52700
2021	3943	52800
2952	3338	52800
2073	3475	52800
1040	3077	52800
2227	3951	52900
1381	3461	52900
2218	3652	52900
2857	3549	52900
1674	3865	52900
1219	3601	52900
997	3061	53000
957	3285	53000
2950	3464	53000
2409	3640	53000
1152	3299	53000
1286	3304	53000
915	3499	53000
320	3379	53000
215	3619	53100
2783	3902	53100
216	3343	53100
474	3316	53100
1111	3875	53100
95	3475	53200
1128	3196	53200
1940	3887	53300
2185	3019	53300
1578	3149	53300
2121	3785	53400
1412	3609	53400
463	3596	53400
792	3246	53400
311	3861	53400
141	3772	53400
888	3922	53400
287	3284	53500
2477	3975	53500
1479	3126	53500
1148	3188	53500
1723	3499	53500
2463	3507	53500
229	3407	53600
271	3245	53600
885	3924	53600
1107	3549	53600
894	3670	53600
1920	3194	53600
1122	3936	53700
1835	3879	53700
536	3391	53700
1067	3405	53700
1477	3250	53800
1431	3109	53800
265	3962	53800
2228	3179	53800
1763	3241	53800
877	3628	53800
2020	3081	53800
2799	3314	53900
1619	3834	53900
759	3495	53900
2752	3266	53900
2580	3733	54000
2182	3998	54000
2764	3614	54000
2625	3971	54000
738	3809	54000
1555	3598	54000
1093	3389	54000
223	3377	54100
16	3785	54100
2568	3275	54100
2465	3822	54100
1501	3921	54100
2449	3870	54100
2056	3341	54100
2242	3520	54100
224	3575	54100
894	3475	54200
1860	3188	54200
2556	3318	54200
83	3749	54200
2933	3644	54300
1076	3940	54300
1905	3680	54300
1044	3979	54300
834	3457	54400
2805	3864	54400
409	3553	54400
2941	3540	54400
1224	3186	54400
376	3628	54400
1012	3216	54500
2691	3931	54500
2842	3905	54500
1637	3626	54500
1389	3908	54500
2605	3099	54600
1903	3070	54600
2526	3456	54600
1608	3273	54600
969	3881	54600
2742	3554	54700
2573	3422	54700
969	3963	54700
2986	3883	54700
419	3368	54800
1523	3425	54800
2121	3787	54900
559	3437	54900
2945	3751	54900
2820	3648	54900
1542	3321	55000
2695	3186	55000
2773	3783	55000
846	3421	55000
1649	3615	55000
175	3423	55000
1158	3757	55000
209	3166	55000
845	3787	55100
2833	3651	55100
870	3778	55100
2749	3876	55100
1747	3247	55100
1366	3189	55100
572	3278	55100
278	3482	55100
941	3686	55100
1020	3877	55100
839	3192	55100
1531	3818	55200
380	3323	55200
1189	3783	55200
1020	3593	55200
1659	3997	55200
1988	3309	55300
2062	3457	55300
1855	3460	55300
1439	3962	55300
17	3778	55300
367	3379	55300
1297	3245	55400
519	3494	55400
659	3346	55400
2598	3542	55400
499	3802	55400
2327	3536	55400
2908	3668	55500
2499	3130	55500
1596	3801	55500
50	3129	55500
2603	3955	55500
1013	3461	55600
972	3347	55600
2462	3889	55600
2602	3228	55600
2852	3872	55600
827	3489	55600
1214	3448	55600
2703	3116	55600
277	3888	55600
2161	3130	55600
1634	3181	55700
803	3515	55700
1730	3044	55700
2103	3641	55700
221	3195	55700
1297	3712	55700
2474	3522	55700
2927	3809	55700
27	3868	55700
423	3566	55800
1962	3250	55800
2237	3705	55800
761	3715	55800
2836	3984	55800
919	3888	55800
398	3372	55800
2445	3567	55900
2143	3430	55900
1171	3454	55900
843	3503	55900
2125	3699	55900
1159	3995	55900
2692	3813	55900
2484	3534	56000
2321	3856	56100
2840	3102	56100
1552	3226	56100
630	3112	56100
2251	3715	56100
2811	3999	56100
1956	3362	56100
2453	3963	56100
820	3663	56100
2261	3735	56100
1245	3667	56200
2955	3607	56200
1954	3200	56200
425	3170	56200
550	3629	56200
311	3752	56200
2254	3925	56200
125	3967	56200
190	3357	56200
147	3717	56200
144	3368	56300
2974	3696	56300
2885	3108	56300
2913	3837	56400
2606	3917	56400
1115	3962	56400
129	3126	56400
625	3544	56500
2488	3417	56500
1984	3877	56600
1064	3110	56600
869	3150	56600
2482	3950	56600
2698	3547	56600
2436	3645	56600
1089	3770	56600
2639	3230	56600
1261	3457	56700
882	3755	56700
622	3641	56700
2929	3646	56700
2733	3447	56700
13	3430	56700
689	3338	56700
1073	3898	56700
1583	3544	56700
101	3792	56700
854	3642	56700
143	3004	56700
1030	3099	56800
2655	3835	56800
2193	3304	56800
2276	3791	56800
160	3717	56800
997	3766	56900
560	3061	56900
1282	3992	56900
509	3987	56900
2551	3895	56900
1425	3423	57000
2249	3776	57000
1459	3001	57000
103	3115	57000
2777	3284	57100
355	3663	57100
1762	3432	57200
1198	3430	57200
2721	3385	57200
432	3732	57200
1462	3316	57300
1486	3546	57300
2964	3705	57400
2740	3527	57400
2540	3971	57400
626	3487	57400
2513	3885	57400
2161	3763	57400
1648	3746	57400
215	3992	57500
2073	3778	57500
152	3776	57500
2119	3816	57500
2446	3336	57600
2307	3270	57600
2862	3353	57600
2217	3739	57700
629	3641	57700
1749	3152	57700
2349	3527	57700
2636	3158	57700
2025	3695	57700
1244	3014	57800
2191	3716	57800
126	3294	57800
696	3113	57800
433	3983	57800
2668	3965	57900
1004	3082	57900
2454	3301	58000
2704	3486	58000
2082	3863	58000
1669	3633	58000
324	3827	58000
1277	3050	58100
466	3193	58100
2727	3789	58100
2423	3883	58100
927	3750	58200
639	3591	58300
2471	3345	58300
1785	3061	58400
33	3141	58400
2974	3257	58400
1639	3132	58400
846	3981	58400
2019	3845	58500
1689	3382	58500
514	3581	58500
675	3811	58500
1376	3591	58500
2010	3738	58500
1231	3712	58600
322	3775	58600
2250	3013	58600
1533	3548	58600
671	3481	58700
1503	3922	58800
2169	3322	58800
793	3073	58800
1350	3076	58800
1771	3535	58800
1243	3204	58800
2457	3370	58800
2437	3698	58900
2799	3458	58900
79	3043	58900
2893	3534	58900
2314	3688	58900
743	3114	58900
524	3922	59000
1884	3660	59000
2670	3317	59000
952	3268	59000
2561	3332	59000
155	3542	59000
1514	3277	59000
1120	3269	59000
1098	3166	59000
1404	3702	59100
2275	3027	59100
744	3863	59100
1920	3752	59100
2657	3880	59100
1723	3435	59100
50	3642	59100
1977	3212	59100
2525	3698	59200
930	3754	59200
2538	3966	59200
1125	3842	59200
1595	3198	59200
1393	3673	59200
849	3766	59300
2709	3028	59300
1097	3667	59300
2041	3367	59300
313	3593	59300
2750	3737	59300
2030	3273	59400
919	3543	59400
1182	3024	59400
1348	3877	59500
1381	3452	59600
1619	3063	59600
1349	3507	59600
1414	3411	59700
2215	3043	59700
1144	3475	59700
2583	3478	59800
1633	3527	59800
1949	3883	59800
643	3593	59900
2620	3289	59900
1517	3579	59900
150	3366	59900
2782	3454	59900
2244	3697	59900
1504	3571	59900
2075	3737	60000
1930	3976	60000
911	3595	60000
2273	3006	60000
1143	3166	60000
560	3766	60100
1302	3332	60100
681	3808	60100
1767	3152	60100
1408	3027	60100
1883	3919	60100
1170	3277	60100
2177	3227	60100
1241	3353	60200
2558	3888	60200
1203	3839	60200
179	3787	60300
1908	3563	60300
2049	3978	60300
1722	3385	60400
2824	3488	60400
365	3335	60400
1225	3286	60500
609	3804	60500
1568	3277	60500
1190	3456	60500
497	3269	60500
327	3333	60500
2360	3784	60600
1802	3439	60600
1466	3728	60600
1066	3690	60600
1106	3851	60600
1093	3689	60600
1559	3373	60600
1387	3620	60700
1817	3709	60700
888	3333	60700
2819	3452	60700
340	3705	60800
1901	3987	60800
946	3857	60800
2210	3704	60800
394	3649	60900
2765	3739	60900
2747	3428	60900
397	3164	60900
889	3861	60900
1563	3435	60900
344	3136	60900
2932	3537	60900
722	3744	61000
713	3102	61000
2689	3797	61000
1308	3234	61000
328	3543	61000
2355	3681	61100
517	3676	61100
1208	3458	61100
2365	3014	61200
459	3427	61200
1656	3978	61200
2762	3286	61200
1197	3013	61200
1410	3844	61200
298	3123	61200
2745	3791	61200
1964	3703	61200
2398	3664	61200
2320	3175	61300
80	3458	61300
130	3578	61300
1315	3936	61300
751	3646	61300
1986	3522	61300
1522	3238	61300
1868	3267	61300
255	3060	61400
1776	3329	61400
2768	3269	61400
2285	3379	61400
1907	3153	61400
1222	3624	61500
1683	3264	61500
996	3277	61500
986	3999	61500
774	3405	61500
2248	3572	61500
1837	3020	61500
2105	3692	61600
38	3452	61600
2861	3683	61600
542	3072	61700
197	3420	61700
177	3999	61700
2324	3753	61700
260	3894	61800
723	3541	61800
2468	3697	61800
2772	3654	61800
1304	3087	61800
378	3794	61900
2464	3811	61900
1246	3802	61900
553	3442	61900
649	3869	62000
1411	3852	62000
2268	3229	62000
505	3814	62000
313	3524	62000
607	3736	62100
2570	3111	62100
2433	3161	62100
1505	3398	62100
2024	3508	62100
2258	3047	62100
1789	3292	62100
36	3634	62100
1237	3887	62200
230	3994	62200
1981	3315	62200
1894	3728	62300
2534	3894	62300
1519	3878	62300
2851	3543	62300
1	3638	62400
2166	3805	62400
711	3644	62400
181	3837	62400
870	3517	62400
1598	3151	62400
198	3983	62400
512	3427	62500
2000	3013	62500
524	3392	62500
1016	3323	62500
535	3468	62500
130	3428	62500
151	3509	62500
29	3086	62500
158	3756	62500
2241	3280	62600
449	3332	62700
2626	3279	62700
87	3176	62700
735	3027	62700
2874	3437	62700
1875	3077	62700
2443	3314	62800
685	3083	62800
1897	3561	62800
1651	3543	62800
2399	3950	62900
2712	3540	62900
933	3562	62900
1305	3482	62900
2397	3089	63000
2912	3298	63000
2223	3865	63000
2352	3841	63000
1045	3455	63000
2582	3647	63100
514	3025	63100
1580	3308	63200
2042	3664	63200
2324	3445	63300
1743	3582	63300
491	3624	63400
683	3253	63400
2852	3423	63400
2002	3752	63400
2607	3610	63400
1863	3876	63500
1530	3402	63600
1770	3748	63600
2089	3239	63600
1075	3140	63600
2610	3066	63600
2277	3436	63700
336	3533	63700
1593	3701	63700
2396	3048	63700
1212	3063	63700
1083	3736	63800
2026	3445	63800
2960	3349	63800
1840	3145	63800
2409	3909	63800
679	3857	63800
2282	3357	63800
146	3414	63800
1556	3672	63900
1427	3521	63900
636	3490	63900
2434	3436	63900
1923	3995	63900
178	3955	63900
833	3378	64000
544	3186	64000
1301	3756	64000
1300	3327	64000
1623	3890	64100
2273	3938	64100
764	3187	64100
1923	3678	64100
274	3868	64100
2746	3767	64200
906	3976	64300
2636	3731	64300
2519	3331	64300
1557	3185	64300
153	3194	64300
479	3830	64300
754	3802	64300
1626	3638	64300
199	3856	64400
2935	3483	64400
2792	3220	64600
647	3050	64600
1831	3201	64600
3	3664	64600
73	3005	64700
2239	3903	64700
1850	3315	64700
178	3813	64700
525	3767	64700
2668	3258	64800
2075	3226	64800
1652	3391	64800
2801	3786	64800
247	3035	64800
2831	3284	64900
2683	3248	64900
1878	3799	64900
1072	3298	64900
95	3060	64900
2843	3931	64900
1938	3644	65000
1077	3693	65000
1127	3342	65100
92	3837	65100
1769	3145	65100
2115	3647	65200
947	3466	65200
2059	3403	65200
2858	3738	65200
508	3988	65200
220	3836	65300
2544	3216	65300
2531	3557	65300
1205	3473	65300
349	3118	65300
1599	3779	65400
995	3595	65400
2420	3923	65400
1071	3019	65400
669	3393	65400
408	3859	65400
1343	3535	65400
2482	3727	65500
2961	3679	65500
164	3520	65600
2672	3582	65600
2435	3253	65600
2591	3944	65600
667	3798	65600
355	3443	65600
2003	3083	65700
2515	3101	65700
771	3952	65700
1068	3938	65700
2446	3645	65700
481	3033	65700
580	3931	65700
250	3241	65800
2072	3012	65800
2631	3908	65800
1659	3035	65800
2858	3702	65800
2343	3181	65900
2295	3195	65900
2978	3335	65900
2516	3846	66000
1079	3048	66000
2379	3920	66000
2897	3642	66000
2299	3143	66000
531	3559	66100
1615	3758	66100
578	3647	66200
676	3021	66200
2435	3160	66200
2963	3104	66200
1600	3511	66200
2983	3143	66200
211	3976	66200
1200	3683	66200
1390	3220	66300
1175	3580	66300
488	3975	66300
197	3817	66300
2113	3249	66300
485	3683	66300
1702	3284	66400
1539	3549	66400
834	3301	66500
862	3325	66500
1131	3072	66500
1856	3382	66500
1078	3390	66500
663	3415	66600
904	3611	66600
1833	3664	66700
662	3899	66700
949	3472	66700
445	3264	66700
2687	3635	66700
2432	3057	66700
374	3738	66700
1847	3703	66800
1028	3023	66800
2663	3072	66800
2336	3672	66800
2785	3557	66900
732	3239	66900
1228	3870	66900
2338	3950	67000
1145	3381	67000
2264	3902	67000
1019	3401	67000
2574	3027	67100
1174	3316	67100
557	3312	67100
1678	3528	67100
2381	3913	67200
22	3586	67200
1861	3965	67300
335	3726	67300
1521	3435	67300
496	3654	67300
871	3110	67400
1430	3577	67400
115	3986	67400
2418	3792	67400
2013	3751	67400
2325	3066	67400
964	3816	67400
545	3501	67500
2373	3900	67500
1182	3657	67500
701	3427	67600
347	3472	67600
301	3350	67600
403	3131	67600
295	3640	67600
2035	3919	67600
1382	3409	67600
2872	3371	67700
1281	3726	67700
282	3800	67700
1284	3396	67700
594	3596	67800
1587	3555	67800
1372	3800	67800
2892	3870	67800
1004	3095	67800
1927	3500	67900
2046	3271	67900
2199	3878	67900
536	3751	67900
128	3372	67900
2058	3377	68000
1650	3169	68000
718	3295	68000
689	3782	68000
878	3196	68000
2512	3823	68000
2945	3921	68100
1357	3457	68200
2614	3258	68200
2806	3533	68200
2729	3582	68200
1423	3395	68200
2406	3972	68200
2471	3018	68200
2206	3029	68200
867	3280	68200
1181	3221	68300
2955	3155	68300
2240	3171	68300
1840	3986	68400
704	3304	68400
2230	3631	68500
1495	3075	68500
487	3144	68500
1870	3047	68500
920	3317	68600
705	3673	68600
1922	3008	68600
188	3433	68700
1495	3646	68700
550	3396	68700
1340	3391	68700
1241	3796	68700
438	3479	68700
2884	3647	68700
326	3725	68800
909	3367	68800
1272	3488	68800
1527	3050	68900
1820	3196	68900
158	3174	68900
2712	3555	69000
281	3821	69000
2599	3447	69000
255	3630	69000
887	3920	69000
2919	3362	69000
2539	3130	69100
747	3609	69100
1546	3795	69100
634	3469	69100
117	3878	69100
2122	3829	69200
1974	3224	69200
1377	3199	69300
2348	3774	69300
832	3012	69300
1733	3618	69300
1540	3775	69400
1746	3144	69400
2702	3801	69400
1488	3133	69400
294	3365	69400
824	3322	69500
804	3845	69500
677	3554	69500
2020	3140	69500
1116	3192	69500
446	3052	69500
472	3024	69600
898	3480	69700
2666	3170	69700
1782	3329	69700
1645	3559	69800
1321	3425	69800
1521	3012	69800
1202	3595	69900
2156	3594	69900
2016	3057	69900
1594	3319	70000
1386	3143	70000
182	3002	70000
2726	3377	70100
2555	3314	70100
1070	3665	70100
1292	3890	70100
1233	3504	70200
2330	3038	70200
2212	3947	70200
2621	3720	70300
2643	3937	70300
2208	3035	70300
2719	3323	70400
424	3295	70400
1681	3384	70400
2069	3325	70500
1478	3296	70500
1475	3275	70500
939	3915	70500
967	3944	70500
1483	3019	70600
753	3929	70600
697	3203	70600
2305	3063	70600
1676	3424	70600
2571	3252	70600
1582	3647	70700
918	3681	70700
2139	3450	70700
1158	3010	70800
1737	3139	70800
1845	3880	70800
1033	3633	70900
2245	3673	70900
2608	3848	71000
895	3905	71000
839	3623	71000
1259	3393	71100
1677	3311	71100
1286	3018	71100
628	3012	71100
945	3951	71200
2458	3433	71200
944	3711	71200
1333	3569	71200
940	3293	71300
2790	3540	71300
2061	3971	71300
2387	3311	71300
1508	3571	71300
238	3016	71400
2374	3594	71400
2341	3171	71400
196	3994	71400
646	3902	71500
1210	3508	71500
2571	3477	71500
317	3424	71600
2896	3221	71700
465	3151	71700
1931	3322	71800
2353	3849	71800
665	3918	71800
791	3194	71800
222	3128	71800
1365	3877	71900
1904	3494	71900
1496	3873	72000
1189	3265	72000
339	3065	72100
1577	3868	72200
1013	3044	72200
818	3652	72200
2679	3859	72200
1099	3801	72200
852	3738	72200
787	3988	72300
363	3084	72300
364	3408	72300
1150	3387	72300
1966	3894	72400
1283	3472	72400
1039	3731	72400
1888	3120	72400
1489	3026	72500
82	3957	72500
2898	3136	72500
2848	3530	72500
351	3873	72600
1385	3691	72600
405	3990	72600
1185	3226	72600
2044	3485	72700
1154	3729	72700
1589	3125	72700
2837	3219	72800
104	3150	72800
1867	3591	72900
1197	3367	72900
2389	3713	72900
2221	3631	72900
44	3531	72900
1630	3190	72900
2207	3331	72900
1487	3025	72900
2767	3461	73000
2828	3962	73000
2936	3575	73000
608	3824	73000
688	3547	73100
2653	3684	73100
2423	3814	73100
502	3231	73200
865	3707	73200
816	3551	73200
1276	3846	73300
1051	3231	73300
2570	3463	73300
1102	3480	73300
1368	3316	73300
518	3806	73300
1463	3248	73400
2536	3503	73400
1069	3025	73400
2214	3325	73500
2518	3414	73500
1976	3587	73600
739	3818	73600
1509	3398	73600
2379	3531	73600
1813	3631	73700
180	3335	73700
789	3262	73800
751	3915	73800
2647	3182	73800
2291	3908	73800
1124	3172	73900
312	3002	73900
2823	3177	73900
59	3149	74000
2954	3965	74000
1460	3936	74000
70	3263	74000
2097	3903	74000
2038	3866	74100
1722	3034	74100
1891	3820	74100
874	3314	74200
2893	3019	74200
2255	3560	74200
529	3254	74200
1313	3017	74300
1457	3216	74300
226	3938	74300
1129	3706	74300
1263	3081	74300
2910	3443	74300
337	3757	74300
2192	3838	74300
2879	3190	74500
154	3057	74500
1059	3976	74600
710	3685	74600
129	3223	74600
1124	3007	74600
819	3485	74700
652	3645	74700
195	3046	74800
387	3940	74800
2576	3597	74800
2869	3716	74900
2535	3299	74900
1498	3067	74900
1672	3911	75000
2770	3186	75000
258	3827	75100
1972	3819	75100
1432	3280	75200
2232	3597	75200
430	3266	75300
2271	3577	75300
1021	3964	75300
1367	3909	75300
2533	3147	75300
633	3987	75400
808	3882	75400
935	3339	75400
1273	3115	75400
1329	3363	75500
1266	3778	75500
970	3532	75500
2922	3459	75600
2063	3560	75600
2968	3546	75600
930	3192	75700
1328	3314	75700
1062	3412	75700
1579	3438	75700
291	3493	75800
2619	3738	75800
2627	3248	75900
17	3604	75900
2144	3975	75900
1474	3158	75900
11	3899	75900
1781	3112	75900
2143	3893	76000
2605	3235	76000
363	3884	76000
687	3009	76000
2529	3997	76000
1257	3187	76100
316	3015	76200
2132	3690	76200
1262	3171	76300
1337	3189	76400
1884	3248	76500
2536	3699	76500
2389	3950	76500
821	3840	76500
2753	3311	76500
2130	3740	76500
1631	3916	76500
758	3057	76500
375	3352	76600
1635	3703	76600
2787	3036	76600
990	3831	76700
2619	3208	76700
452	3030	76800
1082	3384	76800
2496	3431	76800
864	3079	76800
2179	3500	76900
2623	3857	76900
1993	3600	76900
367	3261	77000
283	3930	77100
2287	3168	77100
1041	3114	77200
2262	3638	77300
1209	3684	77300
2513	3916	77300
2665	3502	77300
1482	3320	77400
673	3748	77400
210	3831	77400
1503	3333	77500
1065	3594	77600
598	3944	77700
575	3489	77700
2883	3383	77700
1858	3802	77700
2671	3777	77800
1536	3947	77800
1703	3799	77900
726	3331	77900
574	3509	77900
1697	3946	78000
2510	3615	78000
1445	3716	78100
844	3264	78100
2488	3870	78100
2878	3415	78100
1834	3002	78100
1288	3569	78200
2505	3406	78300
1651	3968	78300
1007	3787	78400
1711	3266	78400
2717	3378	78400
2337	3362	78400
2749	3499	78400
1362	3537	78500
568	3098	78500
1256	3620	78500
653	3516	78500
2832	3917	78500
1706	3474	78500
98	3415	78500
2201	3979	78600
343	3056	78600
859	3049	78600
1857	3939	78700
77	3106	78700
646	3399	78800
1827	3568	78800
1634	3911	78800
521	3024	78800
512	3407	78900
1472	3295	78900
1253	3684	78900
172	3968	78900
26	3908	78900
2064	3461	79000
1886	3653	79000
53	3761	79000
1198	3148	79000
63	3975	79100
2240	3995	79100
1949	3181	79100
608	3767	79100
515	3252	79100
1092	3991	79200
1413	3748	79200
755	3908	79200
2424	3600	79300
263	3446	79300
2706	3017	79400
905	3403	79400
2311	3275	79600
385	3511	79600
678	3468	79700
606	3143	79700
2087	3524	79800
321	3850	79800
2158	3438	79800
895	3142	79900
2028	3541	79900
332	3779	80000
2624	3087	80000
876	3446	80000
2391	3739	80100
381	3296	80100
2950	3694	80200
2943	3499	80200
2489	3990	80200
2293	3377	80300
1643	3871	80400
903	3659	80400
352	3699	80400
67	3817	80400
1778	3167	80400
217	3991	80500
2603	3528	80500
105	3055	80500
1406	3569	80500
2644	3283	80600
12	3238	80600
956	3719	80600
2100	3371	80700
1060	3997	80700
2312	3233	80900
2051	3164	80900
2646	3854	80900
2378	3342	81000
602	3403	81000
1851	3308	81000
1797	3874	81100
1754	3274	81200
2479	3665	81300
656	3872	81300
790	3451	81300
1048	3477	81300
1237	3403	81400
1831	3374	81400
456	3667	81500
1449	3559	81500
737	3800	81500
2170	3345	81500
1360	3629	81500
1959	3860	81600
292	3140	81600
2690	3616	81700
1946	3900	81700
2136	3597	81800
2954	3606	81800
51	3385	81800
2790	3268	81900
1472	3336	81900
0	3159	82000
1451	3003	82000
2042	3461	82100
685	3723	82100
1100	3506	82100
68	3798	82100
569	3203	82100
2382	3244	82100
2376	3159	82200
1314	3619	82200
2475	3968	82200
306	3407	82300
668	3633	82300
697	3185	82300
2480	3781	82300
658	3301	82400
2839	3385	82400
585	3956	82400
1641	3682	82400
1673	3059	82500
2306	3172	82500
2940	3493	82600
2897	3489	82600
288	3690	82700
2467	3391	82700
61	3482	82700
29	3229	82700
2283	3111	82800
218	3327	82800
1080	3650	82900
1853	3554	82900
2373	3997	83000
1984	3092	83100
999	3836	83100
2523	3122	83100
2375	3633	83100
2329	3505	83200
642	3082	83400
1333	3624	83500
474	3848	83500
1801	3382	83500
2673	3823	83600
855	3081	83600
1601	3439	83700
1491	3690	83700
1729	3793	83700
2270	3002	83700
1268	3083	83800
1024	3965	83800
548	3973	83800
540	3504	83800
131	3104	83900
1042	3803	84000
2708	3191	84000
914	3769	84100
1756	3383	84100
2956	3270	84100
1857	3431	84200
1364	3623	84200
568	3097	84300
1849	3938	84500
2821	3420	84500
1002	3080	84600
1991	3252	84600
819	3946	84700
93	3550	84700
2814	3224	84700
1247	3037	84700
2394	3772	84800
2871	3564	84900
2600	3480	85000
2970	3574	85000
365	3230	85100
264	3948	85200
356	3588	85300
786	3993	85400
24	3606	85400
1290	3584	85400
1646	3345	85400
988	3081	85400
2963	3459	85500
2434	3293	85600
2797	3469	85600
2572	3092	85700
604	3741	85800
1116	3258	85800
2378	3754	86000
2538	3836	86000
1458	3343	86000
1156	3796	86000
507	3061	86200
2759	3619	86200
2612	3730	86300
2699	3645	86300
572	3872	86300
1380	3829	86400
2051	3006	86400
2757	3007	86400
1168	3652	86500
1961	3434	86500
2045	3542	86500
121	3692	86500
2323	3929	86600
85	3903	86600
1784	3699	86700
2877	3383	86700
1471	3322	86800
1985	3708	86800
270	3502	86900
1780	3188	87000
2485	3789	87000
574	3090	87000
1859	3789	87100
1359	3327	87100
1196	3956	87200
2535	3453	87200
2547	3905	87200
2047	3086	87200
1103	3624	87300
2528	3448	87300
949	3263	87400
1600	3435	87400
1132	3448	87400
778	3450	87500
2683	3561	87500
1557	3834	87500
1543	3946	87600
1469	3151	87700
1773	3481	87700
863	3838	87800
800	3243	87900
2450	3891	88000
1267	3819	88000
740	3740	88100
2052	3406	88100
2074	3397	88200
1403	3322	88300
734	3375	88400
2822	3244	88400
184	3807	88400
2528	3192	88400
2715	3097	88600
2197	3021	88600
2584	3682	88600
2342	3550	88700
2918	3506	88700
1397	3824	88700
1200	3079	88700
333	3084	88800
489	3569	88800
2272	3871	88900
2766	3933	89000
2105	3935	89100
1193	3695	89200
2370	3607	89300
2045	3144	89300
1837	3482	89300
2774	3810	89400
219	3056	89400
779	3682	89500
327	3149	89600
1285	3856	89600
2311	3665	89600
1670	3381	89700
1017	3460	89700
2362	3991	89700
1163	3732	89800
2369	3529	89800
2975	3410	89900
240	3678	90000
1091	3101	90100
1661	3111	90100
2849	3342	90200
2730	3006	90200
1944	3842	90200
2138	3748	90300
1912	3347	90500
272	3412	90500
2637	3608	90500
2111	3574	90500
383	3687	90600
1854	3234	90600
2988	3388	90700
1775	3960	90700
2297	3529	90700
1958	3225	90800
9	3015	90900
1906	3068	90900
702	3147	90900
1715	3231	91000
2999	3966	91000
316	3966	91100
2557	3155	91100
269	3880	91200
2283	3279	91300
1491	3184	91300
2884	3286	91400
2655	3368	91400
192	3508	91400
1255	3408	91400
1121	3319	91400
1133	3964	91500
490	3695	91600
2905	3093	91600
1669	3948	91700
2408	3928	91700
350	3219	91900
2958	3691	91900
1814	3176	91900
2377	3557	92000
2364	3167	92000
1154	3817	92100
987	3079	92100
1748	3292	92200
2541	3607	92200
1062	3964	92200
68	3172	92200
1424	3161	92400
810	3679	92400
2514	3706	92400
2096	3824	92400
1710	3319	92500
412	3281	92600
1592	3584	92600
921	3278	92700
1807	3718	92700
1645	3566	92800
2962	3449	92900
2046	3236	93000
907	3635	93100
2243	3374	93100
2778	3041	93100
2688	3451	93300
1129	3238	93400
1563	3621	93400
1543	3485	93600
1134	3711	93600
977	3770	93700
2176	3443	93700
1087	3493	93800
1170	3684	93800
961	3141	93900
618	3104	93900
1526	3278	93900
2442	3768	93900
1342	3723	94000
2317	3746	94000
195	3886	94000
2924	3175	94000
372	3925	94000
1582	3617	94100
1361	3733	94100
165	3713	94100
1293	3603	94100
562	3750	94200
468	3636	94200
2642	3695	94200
1540	3607	94400
582	3792	94500
2944	3598	94500
743	3756	94700
1415	3484	94700
713	3125	94800
1081	3056	94800
1011	3250	94900
1890	3335	95000
2477	3613	95000
1140	3365	95300
2066	3481	95400
2231	3577	95500
1177	3512	95500
1347	3422	95500
2463	3090	95500
1208	3486	95700
5	3678	95700
2452	3393	95800
248	3571	95800
2359	3136	95900
563	3101	96000
2278	3848	96000
934	3532	96100
2658	3155	96100
2032	3030	96100
2206	3895	96200
302	3118	96200
1742	3271	96300
886	3542	96400
2630	3172	96400
527	3085	96400
693	3691	96400
1403	3180	96500
2086	3119	96600
2340	3692	96600
773	3885	96600
1997	3086	96600
2905	3857	96600
1350	3889	96800
2743	3119	97000
1584	3118	97000
436	3643	97200
1375	3232	97200
2459	3272	97300
515	3768	97300
2982	3486	97400
1110	3850	97400
716	3271	97500
1332	3895	97500
869	3998	97700
838	3768	97900
1558	3215	98000
2761	3103	98200
699	3890	98300
2946	3312	98400
118	3202	98400
700	3654	98400
2152	3309	98500
2408	3393	98700
392	3175	98800
2697	3000	99000
2358	3679	99100
1610	3691	99100
990	3872	99100
2372	3729	99200
2012	3087	99200
0	3438	99300
213	3784	99500
1900	3503	99500
2766	3184	99600
371	3969	99600
983	3674	99600
2496	3958	99700
2674	3665	99800
416	3091	99800
262	3914	99900
263	3576	99900
1281	3348	100300
1519	3354	100300
2344	3243	100400
590	3127	100400
414	3184	100500
2234	3661	100600
1462	3122	100600
1716	3963	100600
1720	3726	100800
340	3617	100900
1815	3634	100900
419	3835	101100
1506	3879	101200
253	3348	101300
1084	3860	101500
231	3675	101500
1096	3966	101600
288	3184	101600
2018	3150	102000
2710	3063	102000
1544	3551	102000
2855	3417	102000
1985	3182	102000
1575	3191	102000
1823	3691	102100
1240	3529	102300
1777	3969	102400
1210	3103	102500
2567	3373	102700
1473	3309	102800
620	3810	102800
1644	3153	102800
19	3880	102900
552	3446	103000
2080	3650	103100
873	3150	103200
1183	3224	103200
1085	3721	103200
2459	3162	103400
2407	3497	103400
611	3621	103600
1318	3351	103700
2476	3162	103700
418	3326	103700
2365	3053	103800
2565	3296	103800
1671	3775	103800
2781	3119	103800
1719	3327	104000
1862	3218	104000
1176	3172	104000
2212	3058	104000
1048	3252	104000
2976	3904	104100
637	3863	104100
2134	3147	104300
399	3784	104400
2718	3666	104400
1941	3093	104500
1961	3971	104600
1211	3146	104600
637	3459	105000
2040	3486	105100
1939	3140	105100
2863	3810	105200
84	3745	105300
1685	3733	105500
207	3954	105900
1304	3115	106000
1000	3233	106000
24	3631	106200
330	3002	106300
1454	3626	106300
2492	3344	106600
2366	3067	106800
1926	3760	106900
1648	3750	106900
698	3191	106900
75	3770	107000
192	3273	107300
13	3893	107500
616	3551	107500
2861	3438	107800
1718	3150	107900
2835	3374	107900
2136	3653	108000
680	3648	108000
1375	3030	108100
2721	3034	108100
393	3671	108100
2395	3137	108200
2929	3915	108200
1147	3426	108500
99	3135	108500
1273	3523	108500
593	3112	108500
1258	3347	108700
891	3434	108700
1606	3260	108700
1369	3775	108800
1288	3087	108800
529	3746	108900
2277	3199	108900
1028	3310	109000
875	3318	109000
2552	3874	109100
726	3798	109100
801	3129	109200
284	3382	109300
837	3781	109300
2502	3602	109400
2360	3274	109500
291	3518	109500
2730	3584	109600
2160	3326	109600
2315	3260	109700
1745	3053	109900
2938	3310	109900
2978	3156	110100
1975	3091	110200
1374	3453	110200
850	3925	110200
2656	3697	110200
1801	3163	110400
310	3617	110500
2264	3336	110500
40	3464	110600
1473	3762	110700
1443	3023	110700
1913	3497	110700
1118	3389	110700
1664	3483	110800
784	3856	111000
1825	3460	111000
1967	3472	111100
1188	3819	111100
1914	3259	111300
1167	3774	111400
2926	3606	111500
2821	3225	111500
929	3528	111500
837	3373	111500
2611	3321	111600
1510	3139	111700
1461	3015	112000
1810	3198	112100
2853	3874	112300
2410	3907	112300
57	3433	112400
1263	3140	112500
1206	3157	112600
2914	3571	112600
2934	3395	112800
1046	3425	112800
275	3560	112900
402	3835	113000
1213	3760	113000
1602	3383	113100
2653	3706	113400
1040	3828	113500
2866	3123	113500
1963	3960	113600
376	3106	113600
1604	3105	113700
1216	3612	113900
292	3081	114000
1617	3324	114000
638	3514	114100
717	3895	114100
2578	3365	114200
1522	3863	114300
1620	3103	114600
1226	3484	114800
1779	3998	115000
591	3041	115000
2116	3953	115100
331	3074	115200
1576	3723	115200
2402	3037	115800
1480	3654	116000
501	3274	116200
2351	3067	116300
948	3948	116500
368	3271	116600
2481	3154	116600
1871	3560	116700
2889	3303	116800
2627	3364	117000
266	3199	117300
2737	3080	117600
1980	3754	117700
1873	3090	117700
2225	3714	118000
700	3041	118000
1625	3011	118100
2390	3303	118200
235	3939	118200
2920	3742	118300
936	3125	118500
2149	3049	118500
1788	3608	118500
578	3644	118800
2123	3762	119000
552	3576	119000
1178	3602	119300
943	3632	119300
426	3179	119500
2543	3135	119600
2725	3211	119700
2014	3201	119900
2731	3572	120100
875	3037	120400
912	3564	120700
2643	3341	120700
1976	3137	121000
2979	3810	121200
1042	3960	121200
2923	3164	121300
1303	3370	121400
2498	3466	121800
766	3051	121800
156	3236	121800
1689	3163	121900
1567	3177	122000
2732	3174	122000
2678	3206	122100
453	3510	122200
1746	3889	122200
1349	3022	122300
1172	3744	122500
1725	3610	122700
149	3163	122700
835	3755	122800
1753	3307	122800
1327	3492	122900
2632	3115	123000
2676	3224	123100
2492	3074	123200
1340	3843	123300
1118	3947	123400
2907	3093	123500
1822	3417	123700
2594	3693	123800
891	3971	123900
2913	3240	123900
1999	3972	124100
356	3483	124500
46	3907	124700
793	3866	125000
6	3327	125000
405	3198	125000
99	3052	125000
2461	3904	125100
286	3243	125100
2615	3708	125100
1159	3526	125300
1591	3375	125400
1441	3675	125600
1712	3566	126000
712	3259	126000
2626	3836	126100
1877	3304	126100
1882	3608	126300
923	3563	127000
1383	3792	127000
1132	3318	127000
979	3023	127100
2970	3282	127100
2769	3980	127100
2891	3434	127200
2624	3569	127600
454	3713	127700
2585	3119	127700
272	3070	127900
2669	3698	128200
1933	3049	128400
2362	3213	129300
1613	3439	129400
1791	3092	129500
2548	3466	129500
1339	3420	129500
2798	3611	129500
234	3575	129600
1235	3410	129700
48	3912	129700
338	3718	130200
1969	3154	130200
2778	3008	130500
1324	3513	130600
1750	3621	130600
2102	3201	131100
1383	3616	131600
1909	3191	131600
1049	3586	131700
318	3122	131900
2279	3546	131900
133	3131	132000
501	3784	132200
212	3177	132400
2048	3384	132600
2193	3080	132600
424	3358	132800
1528	3932	133100
297	3255	133100
2780	3513	133100
55	3686	133300
2350	3005	133800
783	3093	133800
1643	3344	133900
2493	3324	133900
2919	3939	134200
1454	3341	134600
2708	3128	134600
1570	3068	134700
1680	3526	134700
960	3177	134700
2866	3765	134700
2188	3532	135000
2238	3768	135100
139	3349	135200
1755	3530	135400
2160	3384	135800
1928	3244	135900
1201	3008	136100
1889	3729	136200
469	3164	136600
780	3890	136700
806	3490	136900
307	3273	137300
1637	3451	137300
2511	3096	137400
2033	3560	137500
2923	3584	137600
634	3111	138000
1548	3375	138000
654	3537	138000
2797	3522	138100
2867	3344	138300
1502	3552	138500
2128	3075	138600
2639	3649	139000
1005	3960	139300
963	3769	139300
1442	3005	139600
2047	3229	140100
2411	3809	141000
592	3362	141000
2427	3967	141400
180	3156	141500
426	3395	141500
1889	3817	141900
1998	3157	141900
2102	3374	142000
1907	3836	142200
2645	3384	142300
2243	3201	142300
2309	3608	142400
2972	3935	142600
2703	3057	142600
243	3576	142600
523	3084	143200
2358	3475	143700
1707	3358	144200
1278	3024	144300
980	3552	144300
596	3832	144500
2554	3884	144800
1688	3692	145000
414	3023	145700
1026	3008	146000
1809	3362	146300
2012	3518	146500
733	3627	146500
1882	3259	146500
2204	3689	146500
1952	3643	146700
1334	3073	146900
1232	3772	147600
1239	3420	147600
2439	3526	147700
1136	3910	147900
2507	3841	148000
2796	3696	148200
962	3935	148200
134	3546	148300
204	3318	148500
2405	3714	148600
1937	3904	149000
1911	3330	149000
2098	3128	149100
1516	3798	149600
1692	3178	149700
2895	3626	149700
643	3536	149700
1327	3213	150000
1450	3431	150100
2178	3230	150200
1122	3388	150300
2663	3450	150400
789	3536	150500
1379	3215	150800
650	3016	151100
2483	3085	151100
1590	3033	151300
2294	3135	151300
2146	3135	151400
1417	3190	151600
2810	3483	151600
1983	3128	151700
2182	3627	151800
541	3330	151900
2645	3326	152100
2117	3966	152200
1641	3765	152200
2481	3422	152700
1224	3453	153000
2674	3213	153200
1356	3092	153300
2818	3373	153300
1809	3307	153800
2563	3532	154000
243	3997	154200
1353	3190	154300
589	3532	154900
1324	3307	155400
45	3765	156100
1705	3265	156500
720	3131	156700
2758	3784	156700
767	3203	156900
978	3312	157800
2328	3644	158000
133	3065	158000
2442	3242	158000
2907	3765	158300
1139	3608	158600
1194	3514	158800
1856	3163	158900
1537	3781	158900
1434	3115	158900
2356	3564	159400
104	3998	159500
730	3685	159600
2770	3393	159800
1895	3513	160300
623	3267	160400
827	3495	161300
462	3039	161500
268	3531	161700
2736	3812	161900
721	3107	162200
1647	3655	163300
361	3708	163500
1895	3307	163600
1842	3531	164300
165	3233	164500
2451	3708	164600
204	3448	164700
1638	3042	164800
2229	3422	165000
1999	3729	165200
1642	3907	165300
1518	3535	165500
304	3723	165800
198	3214	165900
2542	3639	165900
303	3933	166000
1448	3365	166400
2763	3818	167200
720	3206	167300
573	3803	167800
2175	3648	167900
2036	3267	167900
1512	3063	168100
2219	3211	168200
2873	3390	168300
2592	3986	168500
2882	3563	168700
8	3862	168700
899	3762	168800
2152	3762	168900
913	3369	169100
407	3646	169200
814	3622	169400
55	3657	169600
2103	3897	169800
1874	3207	170100
2095	3198	170200
2501	3846	170700
267	3807	170900
1605	3649	171100
144	3723	171100
132	3986	171600
836	3506	172200
109	3368	172500
427	3219	172700
2416	3387	173000
2483	3456	173200
2326	3051	173300
11	3982	173900
171	3183	174100
1584	3297	174300
950	3474	174400
2269	3330	174900
420	3490	175500
1275	3354	175600
2573	3495	175600
1320	3552	175600
2710	3185	175700
2589	3484	175800
765	3306	176000
1605	3302	176300
750	3288	176500
2033	3939	176800
2969	3281	178200
516	3382	178500
2533	3912	179500
60	3625	180500
2417	3304	180600
2966	3866	181200
1879	3871	182400
1419	3469	182600
889	3417	183500
1885	3586	183500
2985	3303	184100
370	3546	184400
2057	3211	184800
257	3121	184800
300	3910	185600
2956	3959	186000
1842	3831	186100
1015	3537	186300
763	3896	187000
166	3064	187500
116	3230	187600
486	3915	187700
644	3108	187800
2984	3692	187800
2184	3941	188100
1310	3935	189100
1425	3009	189200
1942	3387	189700
1904	3892	190200
2592	3694	191000
1880	3305	191500
2172	3958	191800
2976	3232	192300
570	3229	192400
498	3082	192600
2660	3773	192700
1470	3287	193000
1950	3350	193900
2542	3581	194900
476	3042	195000
