9	3525	200
1491	3754	200
1892	3733	200
2807	3836	200
1921	3889	200
2143	3977	200
73	3632	200
896	3592	200
542	3801	200
1680	3059	200
668	3995	200
1279	3060	200
2972	3550	200
208	3905	200
800	3157	200
1583	3418	200
2287	3704	200
430	3035	200
2564	3120	200
2376	3284	200
2976	3911	300
825	3754	300
970	3433	300
683	3893	300
1587	3189	300
781	3594	300
2258	3929	300
2465	3247	300
1042	3936	300
2576	3041	300
2921	3744	300
716	3581	300
407	3838	300
1618	3329	300
655	3489	300
654	3284	300
18	3300	300
911	3726	300
2714	3870	400
1473	3563	400
1192	3910	400
2077	3687	400
2568	3190	400
912	3875	400
260	3241	400
1039	3903	400
2306	3811	400
1734	3499	400
2323	3370	400
706	3990	400
536	3523	400
657	3761	400
1302	3204	500
2815	3757	500
2582	3165	500
1314	3545	500
2758	3989	500
139	3800	500
1524	3629	500
1526	3986	500
746	3588	500
2105	3513	500
2331	3123	500
152	3047	500
2176	3528	500
2047	3396	500
864	3191	500
2000	3654	500
1296	3650	500
2665	3643	500
1127	3966	600
86	3690	600
2288	3760	600
1485	3073	600
2021	3364	600
475	3310	600
379	3314	600
658	3987	600
2144	3607	600
2337	3171	600
2590	3393	600
1324	3307	600
1188	3604	600
2379	3170	600
1615	3522	600
1137	3341	600
1535	3769	600
2637	3827	600
1536	3734	600
979	3907	600
2416	3880	600
2692	3593	600
1329	3014	600
380	3970	600
2682	3204	700
1305	3457	700
972	3540	700
33	3754	700
1636	3376	700
1100	3275	700
1191	3026	700
2701	3299	700
2739	3789	700
1533	3473	700
1286	3415	700
2480	3907	700
1581	3695	700
528	3649	700
866	3891	700
392	3727	800
908	3091	800
797	3068	800
2998	3620	800
1624	3986	800
526	3085	800
2090	3942	800
907	3255	800
1600	3197	800
1859	3792	800
2798	3648	800
94	3771	800
2610	3756	800
864	3230	800
1985	3829	800
2621	3216	900
1297	3599	900
1956	3369	900
1580	3492	900
210	3188	900
2325	3410	900
1135	3145	900
2406	3885	900
275	3738	900
2707	3220	900
2755	3890	900
987	3383	900
1517	3555	1000
692	3115	1000
1825	3799	1000
2837	3193	1000
1786	3805	1000
899	3148	1000
2874	3369	1000
2063	3777	1000
640	3688	1000
1062	3616	1000
996	3652	1000
1553	3331	1000
1454	3674	1000
1567	3374	1000
2394	3358	1000
2761	3163	1000
438	3560	1000
2180	3933	1000
103	3284	1000
1319	3965	1000
2455	3712	1100
662	3043	1100
23	3595	1100
477	3083	1100
778	3716	1100
373	3775	1100
512	3132	1100
2496	3875	1100
1943	3099	1100
1721	3274	1100
488	3167	1100
214	3975	1100
1372	3210	1100
1746	3265	1100
1592	3001	1100
2079	3214	1100
2426	3709	1100
101	3535	1100
2232	3874	1100
579	3796	1100
184	3746	1100
1518	3147	1100
1200	3467	1100
710	3134	1200
1233	3183	1200
471	3456	1200
2128	3459	1200
118	3370	1200
954	3598	1200
726	3936	1200
2019	3861	1200
2340	3608	1200
889	3002	1200
1310	3252	1200
2616	3846	1200
2604	3923	1300
959	3893	1300
466	3516	1300
1279	3464	1300
2187	3187	1300
1920	3663	1300
634	3259	1300
2554	3227	1300
1331	3502	1300
2932	3293	1300
2078	3252	1300
2610	3280	1300
1278	3573	1300
1003	3482	1300
2260	3448	1300
1290	3248	1400
381	3468	1400
2805	3017	1400
1499	3302	1400
2355	3926	1400
2720	3098	1400
283	3215	1400
734	3820	1400
1851	3630	1400
2041	3713	1400
1509	3144	1400
1804	3710	1400
1228	3827	1400
1214	3660	1400
2081	3282	1400
1151	3391	1400
309	3028	1500
2301	3494	1500
402	3633	1500
750	3133	1500
425	3817	1500
1398	3558	1500
308	3764	1500
2072	3047	1500
2233	3752	1500
2267	3306	1500
1401	3763	1500
2016	3959	1500
2018	3074	1500
1651	3536	1500
2680	3908	1500
463	3596	1500
1896	3839	1500
381	3622	1600
1336	3468	1600
2211	3653	1600
473	3152	1600
120	3928	1600
1640	3470	1600
595	3392	1600
595	3671	1600
2390	3919	1600
2446	3337	1600
279	3444	1600
986	3207	1600
854	3692	1600
1882	3168	1600
690	3198	1600
123	3961	1600
398	3843	1600
730	3897	1600
2947	3004	1600
1306	3141	1700
1783	3445	1700
464	3245	1700
1472	3594	1700
2357	3299	1700
2667	3513	1700
2375	3197	1700
2072	3929	1700
2456	3207	1700
767	3435	1700
2607	3424	1700
2141	3390	1700
270	3231	1700
2070	3982	1800
1461	3525	1800
1359	3036	1800
1785	3193	1800
982	3632	1800
2598	3011	1800
301	3831	1800
2193	3104	1800
1298	3616	1800
230	3967	1800
2196	3958	1800
112	3571	1800
1792	3597	1800
482	3352	1800
123	3536	1800
1044	3198	1800
2809	3010	1800
2699	3533	1900
213	3681	1900
652	3613	1900
2495	3850	1900
1797	3714	1900
435	3122	1900
2442	3743	1900
1873	3269	1900
696	3277	1900
498	3147	1900
1838	3053	1900
679	3575	1900
2116	3309	1900
1016	3467	1900
571	3137	2000
678	3585	2000
752	3853	2000
1177	3875	2000
393	3836	2000
894	3429	2000
639	3221	2000
1687	3034	2000
676	3325	2000
1475	3183	2000
2636	3582	2000
926	3133	2000
177	3223	2000
1234	3597	2000
2463	3639	2000
294	3365	2000
2810	3830	2000
498	3324	2000
1881	3414	2000
405	3649	2000
2200	3650	2000
1214	3708	2000
976	3491	2000
2838	3115	2100
720	3015	2100
2764	3470	2100
1798	3385	2100
2094	3568	2100
1420	3734	2100
1810	3856	2100
530	3644	2100
178	3438	2100
4	3468	2100
1546	3653	2100
450	3567	2200
1037	3452	2200
427	3673	2200
2990	3285	2200
1682	3797	2200
1291	3604	2200
2878	3857	2200
1201	3344	2200
930	3701	2200
1934	3333	2200
1552	3685	2200
2966	3074	2200
630	3491	2200
1517	3644	2300
2787	3432	2300
80	3458	2300
1681	3624	2300
1460	3607	2300
1683	3944	2300
424	3645	2300
1455	3033	2300
2278	3789	2300
2547	3239	2300
955	3969	2300
2946	3514	2300
1868	3753	2300
2669	3182	2300
1333	3988	2300
2627	3366	2400
1409	3232	2400
629	3615	2400
764	3777	2400
2033	3629	2400
1021	3162	2400
2004	3464	2400
32	3852	2400
1058	3045	2400
496	3055	2400
2993	3166	2400
2995	3533	2500
107	3098	2500
1326	3742	2500
2576	3678	2500
1538	3018	2500
1823	3106	2500
2430	3495	2500
877	3506	2500
21	3242	2500
2600	3266	2500
992	3022	2500
353	3477	2500
1972	3685	2500
801	3212	2500
2350	3965	2600
599	3321	2600
945	3394	2600
304	3023	2600
2902	3847	2600
2051	3342	2600
2887	3274	2600
2608	3842	2600
2458	3956	2600
2173	3388	2600
804	3693	2600
1504	3405	2600
1832	3396	2600
2000	3208	2600
568	3738	2600
1438	3997	2600
348	3383	2600
2850	3248	2700
61	3332	2700
1197	3403	2700
2444	3233	2700
1092	3279	2700
995	3633	2700
29	3655	2700
2935	3819	2700
2996	3808	2700
2064	3082	2700
326	3136	2700
2937	3055	2700
143	3377	2800
2581	3419	2800
2447	3873	2800
519	3920	2800
1479	3930	2800
335	3728	2800
2166	3348	2800
656	3080	2800
2608	3279	2800
108	3582	2800
2045	3009	2800
1673	3884	2800
1346	3255	2800
695	3960	2800
946	3709	2800
1641	3844	2800
183	3896	2800
621	3885	2800
1886	3866	2800
1284	3985	2800
1304	3270	2800
927	3479	2800
1016	3824	2800
2515	3950	2900
2930	3992	2900
1540	3321	2900
561	3742	2900
2952	3975	2900
795	3745	2900
1294	3386	2900
1271	3642	2900
2117	3769	2900
921	3186	2900
2915	3480	2900
2254	3443	2900
1822	3680	2900
138	3717	2900
2262	3401	2900
621	3508	2900
146	3846	2900
218	3874	2900
365	3198	2900
2700	3552	2900
2482	3254	2900
1002	3405	2900
145	3643	2900
2401	3993	3000
2704	3566	3000
2736	3409	3000
720	3579	3000
2135	3465	3000
2738	3113	3000
188	3583	3000
63	3944	3000
1944	3077	3000
2523	3353	3000
1287	3611	3000
1650	3785	3100
1754	3757	3100
447	3016	3100
847	3859	3100
1995	3113	3100
54	3677	3100
240	3431	3100
2851	3789	3100
2638	3535	3100
2427	3974	3100
951	3776	3100
77	3345	3100
581	3574	3100
1605	3890	3100
306	3296	3200
350	3138	3200
2875	3219	3200
1282	3109	3200
1865	3132	3200
939	3240	3200
65	3845	3200
2613	3960	3200
2646	3382	3200
718	3108	3200
1547	3069	3200
2854	3499	3200
1028	3084	3200
2510	3179	3200
2068	3655	3200
2161	3927	3200
1426	3208	3200
961	3409	3300
24	3911	3300
2563	3775	3300
28	3656	3300
1655	3042	3300
2304	3809	3300
146	3124	3300
1080	3463	3300
1189	3836	3400
1692	3364	3400
2814	3428	3400
2286	3516	3400
2341	3051	3400
610	3497	3400
1780	3155	3400
2512	3558	3400
708	3477	3400
2553	3030	3400
641	3391	3400
775	3231	3400
1878	3747	3500
1359	3289	3500
93	3164	3500
2869	3631	3500
1843	3607	3500
1829	3511	3500
2469	3562	3500
836	3142	3500
1770	3909	3500
292	3431	3500
2886	3484	3500
2708	3360	3500
2639	3180	3500
787	3493	3500
1414	3667	3600
2393	3028	3600
2629	3917	3600
1738	3392	3600
665	3963	3600
121	3850	3600
573	3729	3600
1579	3916	3600
478	3529	3600
701	3976	3600
2674	3442	3600
386	3708	3600
1292	3945	3600
930	3038	3700
2747	3577	3700
109	3137	3700
2570	3419	3700
2722	3783	3700
1463	3023	3700
522	3156	3700
237	3944	3700
2295	3858	3700
832	3370	3700
1951	3510	3700
1174	3297	3700
823	3743	3700
855	3811	3700
1803	3682	3700
225	3163	3700
857	3916	3700
345	3289	3700
1632	3615	3800
2021	3910	3800
169	3977	3800
2734	3557	3800
2374	3268	3800
2433	3924	3800
2104	3583	3800
756	3991	3800
210	3921	3800
1411	3512	3800
1347	3330	3800
964	3531	3800
2743	3103	3800
2756	3752	3800
2210	3333	3800
2858	3476	3800
2587	3849	3800
2037	3089	3800
1867	3073	3900
1901	3217	3900
833	3629	3900
1367	3059	3900
307	3699	3900
626	3822	3900
760	3772	3900
166	3441	3900
1571	3116	3900
936	3922	3900
1379	3812	3900
624	3649	4000
2329	3016	4000
1103	3087	4000
2470	3470	4000
2645	3914	4000
2979	3795	4000
2748	3298	4000
2430	3822	4000
1521	3674	4000
1567	3636	4000
55	3573	4000
231	3387	4000
568	3461	4000
727	3053	4000
1350	3158	4100
860	3658	4100
2415	3046	4100
410	3473	4100
813	3942	4100
114	3564	4100
1561	3273	4100
1301	3571	4100
1841	3774	4100
2238	3611	4100
2402	3718	4100
2937	3372	4200
1131	3557	4200
2362	3342	4200
2614	3887	4200
2893	3534	4200
519	3381	4200
1324	3271	4200
1054	3416	4200
746	3065	4200
329	3586	4200
1894	3366	4300
1691	3134	4300
1860	3216	4300
2940	3949	4300
1331	3529	4300
406	3997	4300
743	3864	4300
577	3138	4300
2766	3563	4400
2087	3407	4400
2378	3469	4400
287	3019	4400
2863	3256	4400
2955	3780	4400
1863	3228	4400
1885	3329	4400
949	3452	4400
1672	3332	4500
2147	3683	4500
2250	3268	4500
2751	3336	4500
1071	3500	4500
1573	3378	4500
2177	3370	4500
2958	3544	4500
1211	3879	4500
2963	3625	4500
593	3114	4500
263	3205	4500
2404	3319	4500
1391	3116	4500
1982	3806	4500
2721	3436	4500
253	3427	4600
2399	3563	4600
2588	3754	4600
1380	3233	4600
229	3219	4600
1747	3656	4600
133	3080	4600
1153	3340	4600
1757	3336	4600
2843	3817	4600
1334	3205	4600
1393	3198	4600
2297	3832	4700
2460	3605	4700
2300	3465	4700
1493	3992	4700
1482	3723	4700
2441	3218	4700
1572	3991	4700
2783	3770	4700
1063	3921	4700
2273	3989	4700
1874	3239	4700
962	3692	4700
359	3065	4700
194	3560	4700
479	3888	4700
1235	3601	4700
278	3426	4700
1651	3916	4700
2008	3056	4800
96	3527	4800
2460	3606	4800
2663	3722	4800
1879	3928	4800
625	3328	4800
744	3706	4800
651	3362	4800
1969	3621	4800
2408	3239	4800
366	3244	4800
27	3176	4800
341	3701	4800
2184	3868	4800
2120	3138	4800
1917	3549	4900
384	3279	4900
31	3497	4900
1965	3948	4900
2691	3311	4900
904	3704	4900
319	3623	4900
1405	3372	4900
1133	3835	5000
285	3694	5000
154	3895	5000
1652	3776	5000
2623	3997	5000
670	3017	5000
1717	3008	5100
2035	3363	5100
1534	3723	5100
1122	3470	5100
2186	3517	5100
1933	3935	5100
1355	3295	5100
1920	3957	5100
840	3939	5100
159	3200	5100
854	3037	5100
1602	3587	5100
2009	3288	5100
2716	3315	5100
1948	3849	5100
2377	3115	5100
1781	3634	5100
535	3615	5200
1844	3698	5200
2672	3992	5200
540	3447	5200
637	3724	5200
2834	3940	5200
1576	3835	5200
56	3416	5200
611	3861	5200
206	3689	5200
2398	3883	5200
2071	3045	5200
38	3623	5200
940	3267	5200
1207	3068	5300
924	3101	5300
704	3454	5300
1096	3351	5300
2729	3797	5300
2347	3397	5300
1895	3788	5300
1963	3481	5300
149	3682	5300
2709	3440	5300
345	3010	5300
2894	3130	5400
1945	3020	5400
1184	3402	5400
612	3805	5400
1157	3872	5400
64	3241	5400
1323	3446	5400
1791	3176	5400
2481	3344	5400
1373	3136	5500
1492	3943	5500
1097	3107	5500
539	3766	5500
413	3892	5500
466	3565	5500
1965	3867	5500
2889	3789	5500
217	3483	5500
1959	3703	5500
327	3250	5500
793	3591	5500
2525	3407	5600
97	3836	5600
1009	3555	5600
2675	3919	5600
566	3974	5600
115	3408	5600
1126	3423	5600
2939	3642	5600
2883	3813	5600
2011	3120	5600
1237	3569	5700
647	3403	5700
2561	3755	5700
666	3647	5700
2774	3790	5700
859	3550	5700
1551	3879	5700
2228	3157	5700
364	3576	5700
2584	3772	5700
1971	3489	5700
312	3908	5700
1643	3437	5800
140	3013	5800
2957	3702	5800
2428	3831	5800
698	3096	5800
2960	3935	5800
2084	3185	5800
2270	3762	5800
1352	3300	5800
238	3785	5900
1813	3226	5900
537	3871	5900
1081	3996	5900
2941	3449	5900
2644	3456	5900
967	3724	5900
2478	3100	5900
2170	3255	5900
956	3969	5900
2384	3380	5900
1508	3007	5900
521	3686	5900
1274	3273	5900
2472	3081	5900
2873	3916	5900
2015	3768	5900
2819	3323	5900
1003	3941	5900
2391	3750	6000
40	3109	6000
2132	3156	6000
2597	3287	6000
2681	3568	6000
119	3932	6000
2651	3909	6000
2521	3531	6000
1348	3802	6000
1656	3899	6000
182	3211	6000
1836	3289	6000
420	3681	6100
2550	3715	6100
1525	3404	6100
1607	3790	6100
1145	3804	6100
1557	3029	6100
82	3328	6100
772	3899	6100
1201	3591	6100
232	3205	6100
1834	3111	6100
2636	3881	6200
1310	3738	6200
2077	3882	6300
2673	3107	6300
2593	3459	6300
2852	3290	6300
137	3213	6300
1869	3042	6300
584	3969	6300
1564	3037	6300
2254	3628	6300
432	3258	6300
462	3180	6300
1887	3038	6400
2069	3712	6400
2686	3243	6400
2653	3578	6400
2906	3640	6400
1118	3939	6400
388	3154	6400
717	3535	6400
274	3145	6400
1138	3355	6400
1694	3322	6500
1638	3436	6500
1409	3156	6500
2545	3303	6500
185	3249	6500
311	3443	6500
508	3774	6500
2769	3182	6500
2905	3812	6500
639	3137	6600
937	3964	6600
1707	3740	6600
429	3290	6600
1756	3446	6600
2049	3507	6600
1416	3278	6600
1537	3765	6600
36	3945	6600
1193	3849	6600
2335	3622	6600
1767	3215	6700
1554	3437	6700
2295	3126	6700
917	3713	6700
1598	3146	6700
1735	3511	6700
2117	3485	6700
2002	3326	6700
2631	3049	6700
1396	3166	6700
1582	3802	6700
2445	3411	6800
2531	3702	6800
2962	3553	6800
2535	3971	6800
73	3906	6800
1919	3817	6800
1322	3636	6800
2719	3261	6800
1628	3979	6800
2088	3030	6800
577	3092	6900
1894	3428	6900
1819	3556	6900
2985	3881	6900
1095	3826	6900
1415	3900	6900
774	3744	6900
861	3479	6900
2936	3843	6900
1302	3111	7000
1148	3018	7000
390	3809	7000
1723	3234	7000
472	3509	7000
889	3413	7000
790	3802	7000
2846	3968	7000
883	3606	7100
1175	3998	7100
1189	3458	7100
1849	3131	7100
598	3977	7100
1707	3213	7100
2927	3247	7100
2192	3066	7100
1102	3154	7100
2883	3090	7100
2565	3527	7200
742	3054	7200
2103	3465	7200
369	3472	7200
1923	3299	7200
2537	3539	7200
2925	3851	7200
2223	3929	7200
1641	3207	7200
1102	3435	7200
820	3967	7200
2406	3806	7200
457	3987	7300
1057	3232	7300
1474	3919	7300
2160	3206	7300
631	3033	7300
325	3051	7300
2332	3170	7300
988	3530	7300
2372	3424	7300
1758	3750	7400
2503	3837	7400
2916	3221	7400
1260	3652	7400
1500	3218	7400
2547	3546	7400
2890	3350	7400
468	3058	7400
1120	3305	7400
983	3776	7400
1759	3000	7400
690	3515	7400
713	3199	7500
236	3052	7500
2229	3281	7500
457	3766	7500
340	3859	7500
2284	3099	7500
685	3137	7500
1798	3699	7500
22	3350	7500
1246	3065	7500
2107	3776	7500
1255	3069	7500
702	3347	7500
2235	3664	7500
1203	3767	7500
681	3043	7600
2230	3741	7600
469	3504	7600
791	3550	7600
2898	3626	7600
2014	3515	7600
2321	3547	7600
772	3736	7600
2380	3993	7700
658	3559	7700
2942	3779	7700
65	3940	7700
513	3094	7700
108	3975	7700
1095	3487	7700
877	3657	7700
500	3252	7700
802	3020	7800
173	3091	7800
2240	3688	7800
2857	3188	7800
2975	3531	7800
2504	3857	7800
2922	3140	7800
69	3886	7900
2825	3052	7900
2108	3399	7900
1506	3994	7900
2753	3294	7900
1212	3418	7900
2081	3471	7900
2978	3396	7900
2234	3953	7900
1143	3824	7900
1720	3031	8000
1973	3908	8000
2832	3595	8000
1297	3216	8000
1258	3101	8000
1840	3892	8000
1272	3351	8000
831	3556	8000
104	3991	8000
689	3731	8000
1513	3546	8000
2684	3341	8000
2821	3912	8000
2227	3320	8100
1800	3910	8100
1081	3903	8100
1431	3381	8100
585	3308	8100
2182	3173	8100
1036	3393	8100
1947	3973	8100
1019	3817	8100
1339	3133	8100
436	3471	8100
863	3477	8100
1288	3774	8100
2419	3738	8100
1784	3196	8200
1768	3863	8200
2388	3431	8200
1421	3228	8200
1454	3639	8200
2267	3426	8200
2468	3181	8200
157	3061	8300
1897	3873	8300
733	3518	8300
884	3235	8300
321	3948	8300
1555	3408	8300
1301	3997	8300
1390	3524	8400
2312	3962	8400
1096	3497	8400
1912	3745	8400
244	3915	8400
1906	3093	8400
627	3064	8400
1847	3860	8400
647	3005	8500
2790	3013	8500
739	3184	8500
1222	3367	8500
148	3898	8500
1770	3223	8500
1434	3998	8600
806	3419	8600
1662	3376	8600
836	3913	8600
2025	3237	8600
1397	3045	8600
1991	3638	8600
2661	3391	8600
1052	3784	8700
155	3996	8700
1079	3584	8700
2599	3512	8700
644	3225	8700
349	3551	8700
2431	3792	8700
153	3680	8700
59	3815	8700
1484	3097	8700
266	3818	8800
2540	3503	8800
1110	3938	8800
860	3898	8800
2641	3298	8800
1716	3811	8800
250	3386	8800
1808	3009	8800
2332	3139	8800
740	3117	8800
175	3155	8800
848	3278	8800
1453	3520	8800
380	3634	8800
2720	3151	8900
948	3164	8900
2348	3851	8900
2842	3711	8900
2739	3421	8900
1648	3874	8900
2498	3606	9000
2795	3676	9000
1000	3873	9000
7	3779	9000
2169	3137	9000
591	3350	9000
2241	3855	9000
815	3405	9000
1004	3457	9100
2059	3557	9100
1222	3700	9100
2058	3637	9100
551	3287	9100
1085	3144	9100
826	3011	9100
2524	3963	9100
748	3168	9100
2365	3768	9100
162	3733	9200
784	3363	9200
215	3158	9200
2108	3419	9200
645	3378	9200
1254	3854	9200
269	3743	9200
2453	3983	9200
20	3761	9200
1572	3351	9300
1740	3170	9300
2951	3548	9300
2862	3888	9300
1606	3828	9300
2492	3254	9300
1745	3150	9300
817	3953	9400
2462	3420	9400
1052	3132	9400
2670	3821	9400
336	3517	9400
1718	3504	9400
1029	3450	9400
2929	3981	9400
1308	3202	9400
470	3572	9400
2008	3151	9500
2611	3917	9500
993	3234	9500
880	3600	9500
2142	3646	9600
376	3380	9600
1859	3823	9600
2897	3621	9600
2050	3310	9700
788	3292	9700
2129	3759	9700
2729	3568	9700
691	3283	9700
2298	3986	9700
2073	3106	9700
2698	3310	9800
58	3637	9800
2355	3332	9800
1897	3005	9800
1777	3627	9800
2083	3780	9800
660	3338	9800
2586	3795	9800
821	3408	9800
2519	3238	9800
2651	3973	9800
2870	3912	9800
1080	3211	9800
1091	3624	9900
1446	3757	9900
2502	3006	9900
1682	3303	9900
1910	3826	9900
137	3326	9900
2173	3084	9900
205	3844	9900
1936	3266	9900
745	3466	10000
782	3112	10000
1692	3750	10000
2344	3584	10000
1684	3657	10000
1644	3808	10000
981	3212	10100
2185	3468	10100
873	3527	10100
1012	3676	10100
78	3787	10100
2627	3361	10100
130	3185	10100
1714	3801	10100
190	3410	10100
1210	3693	10100
1169	3425	10100
2261	3039	10100
2053	3569	10200
1229	3825	10200
2702	3164	10200
648	3882	10200
610	3271	10200
1788	3583	10200
483	3398	10200
44	3823	10200
1513	3519	10200
1480	3862	10200
2855	3498	10200
2953	3251	10200
1442	3750	10300
2549	3433	10300
2974	3878	10300
2106	3562	10300
1600	3499	10300
1261	3644	10300
1303	3831	10400
1942	3173	10400
2168	3104	10400
2049	3786	10400
2542	3689	10400
583	3810	10500
291	3998	10500
1159	3795	10500
2156	3790	10500
2046	3956	10500
2567	3242	10500
1541	3436	10500
1645	3739	10500
2795	3474	10600
883	3886	10600
2312	3875	10600
1161	3019	10600
2836	3218	10600
709	3645	10600
2801	3334	10600
2207	3255	10600
338	3007	10600
872	3508	10600
2822	3192	10600
1406	3968	10600
1931	3436	10600
2359	3371	10700
2809	3810	10700
808	3931	10700
1194	3592	10700
1002	3798	10700
2594	3438	10700
507	3538	10700
14	3222	10700
1590	3936	10800
755	3661	10800
2292	3455	10800
1675	3124	10800
1361	3747	10900
2278	3921	10900
1312	3980	10900
318	3834	10900
2118	3326	10900
2085	3136	10900
650	3253	11000
2147	3622	11000
1848	3488	11000
2478	3338	11000
2911	3511	11000
2786	3604	11000
1911	3358	11000
583	3296	11100
2678	3367	11100
821	3548	11100
611	3425	11100
116	3788	11100
1050	3277	11100
1484	3166	11100
2950	3496	11200
2824	3429	11200
1065	3614	11200
1339	3711	11200
154	3841	11200
2677	3244	11200
991	3313	11200
1909	3829	11200
2775	3970	11200
1990	3854	11300
2409	3640	11300
1674	3999	11300
1008	3386	11300
2647	3168	11300
2529	3405	11300
262	3737	11400
1068	3206	11400
117	3393	11400
765	3035	11400
497	3079	11400
2292	3874	11400
1223	3523	11400
615	3595	11400
2682	3322	11500
229	3566	11500
2237	3681	11500
619	3496	11500
155	3429	11500
2476	3384	11500
362	3608	11500
1794	3343	11500
351	3104	11500
435	3425	11500
663	3093	11500
1841	3866	11500
1109	3315	11500
1599	3537	11600
509	3384	11600
2302	3173	11600
453	3717	11600
2440	3879	11600
2451	3788	11600
2353	3496	11700
287	3607	11700
2231	3264	11700
2126	3929	11700
1877	3069	11700
2854	3526	11700
1652	3406	11700
753	3227	11700
1275	3123	11700
2848	3313	11700
1531	3191	11700
68	3848	11800
50	3048	11800
497	3528	11800
1285	3559	11900
2865	3537	11900
2160	3989	11900
2813	3330	11900
388	3435	11900
1166	3686	11900
446	3437	12000
1749	3759	12000
1712	3193	12000
219	3130	12000
2959	3619	12000
1666	3397	12000
2441	3590	12000
837	3049	12000
1376	3293	12000
1167	3904	12100
1975	3750	12100
1315	3148	12100
2712	3472	12100
1848	3938	12100
1876	3694	12100
1140	3625	12100
1045	3306	12100
2945	3414	12100
1276	3318	12100
1158	3039	12100
2490	3430	12200
2972	3343	12200
796	3828	12200
168	3852	12200
880	3077	12200
2247	3763	12200
2467	3159	12200
2818	3335	12200
2060	3143	12300
2263	3083	12300
423	3993	12300
2551	3278	12300
2728	3841	12300
294	3095	12300
1915	3262	12300
2800	3174	12300
852	3810	12300
1626	3097	12300
2929	3542	12400
2598	3627	12400
1727	3434	12400
1056	3459	12400
2236	3995	12400
1751	3915	12400
2956	3084	12400
901	3200	12400
1368	3435	12400
1648	3771	12400
2665	3812	12400
95	3821	12500
1925	3243	12500
54	3475	12500
2912	3422	12500
2367	3453	12500
1169	3861	12600
2743	3958	12600
2336	3407	12700
2502	3050	12700
2264	3113	12700
938	3603	12700
2485	3903	12700
1152	3932	12700
1046	3009	12700
76	3358	12700
915	3406	12700
1792	3129	12700
1178	3525	12800
1667	3368	12800
441	3051	12800
735	3906	12800
1483	3395	12800
440	3394	12900
999	3399	12900
1899	3236	12900
2382	3830	12900
2226	3967	12900
1518	3324	12900
1824	3697	12900
1	3491	12900
2804	3130	13000
2803	3302	13000
1566	3647	13000
1726	3008	13000
1639	3131	13000
1337	3519	13000
2569	3771	13000
1357	3373	13100
1653	3466	13100
66	3011	13100
337	3163	13100
356	3360	13100
502	3322	13200
439	3485	13200
1232	3049	13200
1597	3471	13200
1981	3012	13200
1379	3767	13200
226	3044	13300
1353	3496	13300
1738	3671	13300
1008	3635	13300
1432	3972	13300
1018	3007	13300
34	3192	13300
164	3105	13300
172	3654	13300
2531	3698	13400
1197	3233	13500
1171	3696	13500
1698	3256	13500
126	3099	13500
2507	3669	13500
187	3598	13500
1977	3168	13500
2885	3117	13500
2313	3040	13500
1582	3220	13500
2421	3224	13600
2837	3454	13600
1661	3291	13600
89	3869	13600
761	3938	13600
2083	3578	13600
732	3453	13600
199	3262	13600
857	3575	13600
573	3718	13600
2477	3902	13700
2791	3751	13700
218	3455	13700
2621	3500	13800
1065	3944	13800
956	3487	13800
1863	3640	13800
1976	3580	13900
2782	3775	13900
2828	3031	13900
2527	3792	13900
714	3814	13900
1866	3153	13900
1696	3067	13900
1026	3891	13900
2998	3726	13900
2867	3301	14000
245	3449	14000
1089	3684	14000
2788	3119	14000
199	3573	14000
2115	3755	14100
974	3493	14100
1739	3130	14100
2980	3346	14100
1787	3884	14100
2808	3295	14100
2113	3395	14100
2251	3511	14100
2526	3483	14100
1423	3558	14100
759	3994	14200
2373	3313	14200
2111	3543	14200
1365	3695	14200
1090	3335	14200
236	3716	14300
2952	3582	14300
241	3453	14300
315	3661	14300
1711	3746	14300
2669	3118	14300
129	3296	14400
106	3560	14400
1890	3230	14400
674	3505	14400
2229	3886	14500
1892	3169	14500
2135	3112	14500
2733	3295	14500
349	3679	14500
2266	3610	14500
1527	3644	14600
2824	3926	14600
1528	3858	14600
1363	3894	14600
2578	3227	14600
929	3254	14600
913	3156	14700
2093	3613	14700
2065	3185	14700
2676	3964	14700
1374	3803	14700
2596	3929	14700
2217	3013	14800
1282	3044	14800
2831	3720	14800
2314	3696	14800
30	3728	14800
1084	3139	14800
2149	3925	14800
2528	3621	14800
1845	3390	14800
2403	3672	14800
1836	3988	14800
2070	3043	14900
1400	3141	14900
331	3301	14900
2865	3346	14900
2666	3272	14900
132	3385	14900
515	3305	14900
2098	3765	14900
1685	3177	14900
398	3543	14900
2062	3248	15000
788	3256	15000
807	3869	15000
2048	3072	15000
2829	3194	15000
1190	3417	15000
2892	3819	15000
2768	3390	15000
2296	3567	15100
587	3494	15100
458	3614	15100
2448	3063	15100
2395	3053	15100
2541	3651	15200
223	3062	15200
1923	3713	15200
1549	3770	15200
5	3247	15200
2442	3706	15200
1031	3327	15200
1116	3448	15200
202	3018	15300
1072	3422	15300
1596	3072	15300
798	3697	15300
1926	3760	15300
1182	3864	15400
1464	3458	15400
1697	3497	15400
909	3946	15400
1242	3478	15400
901	3353	15400
1064	3253	15500
1893	3647	15500
2794	3217	15500
71	3570	15500
85	3104	15500
1132	3984	15500
1854	3968	15500
443	3143	15600
2735	3051	15600
1774	3878	15600
689	3294	15600
2396	3608	15600
2364	3236	15600
414	3358	15600
330	3153	15600
2819	3662	15600
802	3877	15700
1202	3427	15700
174	3310	15700
2872	3710	15700
2852	3549	15700
773	3228	15700
191	3965	15700
1563	3055	15700
1388	3031	15800
2532	3869	15800
203	3946	15800
2162	3598	15800
2307	3718	15800
2253	3436	15800
722	3028	15800
1076	3061	15900
2582	3260	15900
932	3599	15900
2236	3542	15900
660	3276	15900
2449	3086	15900
19	3140	15900
1426	3479	15900
1625	3490	16000
2773	3032	16000
474	3072	16000
2019	3194	16000
212	3982	16100
212	3466	16100
2368	3767	16100
1764	3598	16100
1874	3546	16100
830	3065	16100
768	3798	16100
1055	3864	16200
306	3757	16200
1084	3170	16200
2027	3979	16200
1200	3824	16200
107	3833	16300
200	3585	16300
1678	3477	16300
1250	3286	16300
942	3988	16300
111	3486	16400
2001	3337	16400
1113	3947	16400
2776	3951	16500
762	3585	16500
1092	3842	16500
268	3932	16500
2617	3283	16500
2364	3119	16500
1285	3402	16600
1277	3617	16600
1899	3119	16600
2358	3171	16600
1514	3706	16600
1584	3090	16600
1902	3772	16600
2573	3866	16600
2928	3619	16700
281	3016	16700
428	3144	16700
243	3349	16700
0	3543	16700
1415	3507	16700
2683	3754	16800
2612	3113	16800
909	3851	16800
640	3197	16800
1047	3106	16800
204	3259	16800
192	3901	16800
1577	3611	16800
1685	3945	16800
211	3293	16800
2765	3250	16800
141	3675	16800
2812	3773	16900
1459	3551	16900
2501	3000	16900
1316	3955	16900
480	3116	16900
1515	3455	16900
1264	3964	17000
181	3753	17000
2256	3420	17100
2265	3112	17100
1942	3652	17100
1776	3207	17100
386	3660	17100
1245	3559	17200
1082	3469	17200
569	3958	17200
1644	3251	17200
835	3250	17200
2137	3746	17200
1833	3486	17300
2902	3263	17300
916	3688	17300
1944	3861	17300
1821	3832	17300
908	3445	17400
1010	3987	17400
1528	3126	17400
1488	3850	17400
1954	3488	17400
548	3570	17400
1128	3311	17400
2012	3612	17400
925	3966	17500
1070	3627	17500
2125	3894	17500
1374	3431	17500
464	3303	17500
635	3679	17500
196	3794	17500
1700	3597	17500
1136	3775	17600
2784	3101	17600
2931	3565	17600
2981	3795	17600
646	3835	17600
2876	3583	17600
2923	3485	17600
33	3361	17700
2114	3882	17700
522	3434	17700
1576	3096	17700
2438	3172	17700
2528	3554	17700
2014	3979	17700
2010	3774	17700
2038	3053	17700
397	3504	17800
2951	3060	17800
731	3262	17800
2131	3357	17800
1087	3737	17900
495	3825	17900
2655	3408	17900
2097	3879	17900
2209	3670	17900
2904	3967	17900
1083	3284	17900
2970	3391	17900
360	3840	18000
318	3822	18000
1238	3090	18000
2564	3648	18000
1826	3575	18000
920	3641	18100
779	3093	18100
2518	3004	18100
1811	3304	18200
1698	3398	18200
2655	3325	18200
694	3549	18200
898	3035	18200
452	3805	18300
567	3217	18300
2957	3088	18300
2964	3469	18300
2585	3034	18300
1741	3462	18300
1107	3963	18300
2091	3257	18300
2239	3541	18300
2754	3040	18300
2214	3062	18400
2801	3820	18400
2042	3377	18500
162	3017	18500
1901	3892	18500
782	3246	18500
631	3460	18500
2188	3172	18500
2046	3272	18500
1046	3070	18500
773	3640	18500
401	3786	18500
1265	3771	18500
2339	3052	18600
2031	3474	18600
1658	3178	18600
1729	3730	18600
1267	3424	18600
147	3266	18600
1715	3011	18700
399	3722	18700
933	3889	18700
805	3958	18700
1980	3736	18700
2038	3739	18800
1249	3766	18800
2988	3172	18800
1063	3328	18800
2927	3826	18800
2881	3144	18800
1731	3110	18800
1000	3240	18900
1891	3260	18900
2004	3548	18900
819	3412	18900
1967	3726	19000
387	3787	19000
2592	3023	19000
1335	3853	19000
1309	3206	19000
1441	3149	19000
1659	3355	19000
1824	3025	19000
1216	3735	19000
2369	3793	19100
1147	3606	19100
1586	3656	19100
2054	3931	19100
2695	3257	19100
324	3506	19100
804	3345	19100
2309	3145	19100
273	3282	19100
2175	3043	19100
484	3486	19200
2447	3005	19200
72	3633	19200
332	3820	19200
792	3918	19200
1440	3328	19200
563	3101	19300
1402	3299	19300
844	3800	19300
177	3239	19300
2330	3075	19300
1026	3347	19300
1303	3964	19400
955	3487	19400
2648	3901	19400
1005	3149	19400
2798	3120	19400
2839	3073	19600
724	3432	19600
738	3881	19600
2889	3421	19600
1709	3228	19600
2032	3899	19600
2635	3339	19700
845	3641	19700
803	3926	19700
1512	3954	19700
1922	3414	19700
1086	3703	19700
1815	3727	19700
2479	3373	19800
2541	3175	19800
104	3758	19800
1891	3488	19800
1230	3498	19800
180	3352	19800
2172	3434	19900
1462	3378	19900
1154	3453	19900
1132	3147	19900
2884	3231	19900
180	3979	19900
1398	3773	20000
2	3547	20000
1637	3735	20000
2997	3595	20000
1350	3245	20100
1793	3827	20100
1846	3743	20100
1199	3985	20100
2490	3019	20200
2024	3203	20200
1611	3505	20200
1993	3288	20200
1010	3107	20300
1992	3161	20300
333	3206	20300
1752	3791	20300
1613	3318	20300
2139	3373	20300
576	3750	20400
1449	3427	20400
30	3257	20400
1	3068	20400
245	3918	20500
1489	3041	20500
914	3509	20500
2629	3445	20600
1074	3722	20600
1808	3070	20600
2556	3674	20600
865	3683	20700
289	3930	20700
2719	3593	20700
1208	3314	20800
1998	3343	20800
1283	3790	20800
2512	3057	20800
562	3014	20800
1023	3775	20900
1715	3165	20900
2666	3308	20900
1802	3318	20900
39	3918	21000
1428	3943	21100
2763	3175	21100
2965	3599	21100
2289	3071	21100
2228	3659	21100
1731	3222	21200
2711	3281	21200
1829	3247	21200
1075	3415	21200
1394	3638	21200
2685	3429	21300
2484	3568	21300
1916	3473	21300
2055	3848	21400
547	3040	21400
816	3269	21500
1268	3022	21500
1034	3665	21600
2006	3892	21600
1447	3854	21600
2818	3111	21600
1111	3402	21700
947	3681	21700
715	3924	21700
703	3807	21700
2533	3359	21700
2673	3987	21800
1353	3730	21800
2595	3091	21800
2777	3121	21800
1878	3285	21800
2351	3462	21800
651	3187	21800
2654	3572	21800
2333	3258	21800
1396	3174	21800
1816	3992	21900
2615	3964	21900
2589	3345	21900
758	3312	21900
1587	3542	22000
1818	3307	22000
2475	3934	22000
984	3373	22000
1703	3115	22100
286	3091	22200
1505	3303	22200
529	3891	22200
813	3076	22300
2320	3097	22300
824	3516	22400
1753	3139	22400
359	3588	22400
2690	3990	22400
2523	3200	22400
1855	3760	22500
1017	3400	22500
113	3226	22600
2605	3848	22600
1673	3236	22600
292	3803	22600
385	3370	22600
1748	3567	22600
2320	3916	22600
2061	3287	22700
2574	3071	22700
933	3260	22700
1684	3506	22700
845	3027	22800
342	3986	22800
2243	3002	22800
1642	3575	22800
1805	3463	22800
2763	3651	22900
1820	3131	22900
2640	3793	22900
179	3017	23000
1392	3465	23000
2224	3205	23000
1730	3136	23100
1362	3651	23100
1380	3403	23100
98	3811	23100
1591	3564	23100
1830	3952	23200
664	3511	23200
1575	3862	23200
2360	3360	23200
1940	3309	23200
1993	3934	23200
1708	3837	23300
442	3565	23300
2653	3780	23300
52	3717	23300
2164	3048	23300
1094	3476	23300
2913	3563	23400
911	3644	23400
2740	3216	23400
1516	3104	23400
675	3816	23400
186	3057	23400
895	3574	23400
2099	3021	23500
1183	3378	23500
1932	3110	23600
1035	3754	23600
347	3698	23600
2092	3490	23700
897	3504	23700
1099	3456	23700
2463	3813	23700
1478	3946	23800
1522	3485	23800
1413	3168	23800
2208	3922	23800
871	3436	23800
2969	3829	23800
354	3695	23900
1266	3490	23900
2153	3511	23900
2574	3656	23900
572	3598	23900
969	3576	23900
372	3413	23900
158	3357	23900
2356	3186	24000
2831	3068	24100
2300	3759	24100
511	3630	24100
243	3590	24100
2282	3254	24100
70	3452	24100
2338	3073	24200
97	3713	24200
1543	3050	24200
1510	3616	24200
248	3401	24200
2577	3885	24200
2121	3468	24300
1974	3725	24300
735	3632	24300
2421	3402	24400
1502	3596	24400
2625	3580	24400
1427	3368	24400
2615	3397	24400
2781	3863	24400
2874	3867	24400
868	3876	24400
2827	3374	24400
231	3668	24400
2260	3135	24400
2157	3840	24500
561	3500	24500
2207	3423	24500
363	3356	24500
812	3362	24600
1253	3598	24600
628	3154	24600
795	3185	24700
1532	3878	24700
1343	3954	24700
952	3124	24800
456	3714	24800
322	3719	24800
1248	3816	24800
1571	3661	24800
1558	3735	24900
2799	3741	24900
2069	3044	24900
586	3430	24900
208	3119	24900
465	3965	25000
1259	3518	25000
2624	3609	25100
2475	3807	25100
1884	3014	25100
562	3357	25100
59	3505	25100
2834	3845	25200
2960	3384	25200
944	3867	25200
375	3306	25200
2775	3634	25200
862	3130	25300
74	3304	25300
1714	3889	25300
767	3874	25300
1593	3461	25300
305	3837	25400
589	3658	25400
235	3484	25400
555	3331	25400
2871	3364	25500
2483	3450	25500
1090	3230	25500
1073	3433	25600
295	3223	25600
2899	3440	25600
2412	3782	25700
2152	3813	25700
1935	3292	25800
1314	3032	25900
2305	3670	25900
2205	3143	26000
980	3781	26000
2520	3715	26000
2519	3939	26000
422	3451	26000
892	3323	26000
2180	3849	26000
302	3479	26000
2924	3027	26100
1688	3307	26100
18	3439	26100
968	3602	26200
2713	3935	26200
255	3920	26200
1452	3582	26200
1563	3543	26200
1489	3526	26300
467	3166	26300
1224	3343	26400
159	3353	26400
779	3571	26400
2219	3917	26500
1466	3820	26500
1341	3195	26500
2603	3997	26600
271	3017	26700
943	3725	26700
766	3186	26700
2849	3874	26700
1295	3337	26800
1469	3725	26800
707	3292	26800
258	3751	26800
2436	3308	26900
1476	3522	26900
303	3198	26900
757	3705	27000
69	3281	27000
242	3665	27000
290	3691	27000
1294	3635	27000
343	3130	27100
682	3579	27100
415	3778	27100
2209	3732	27100
2404	3269	27100
2053	3784	27200
2550	3246	27200
140	3672	27200
1227	3454	27300
924	3553	27300
2658	3460	27300
172	3208	27300
254	3025	27400
1964	3224	27500
239	3429	27500
2725	3022	27500
1982	3063	27500
489	3774	27500
1804	3778	27600
2710	3329	27600
2129	3465	27700
1251	3071	27700
1487	3155	27700
699	3753	27700
2704	3741	27800
1286	3390	27800
2533	3502	27800
1663	3479	27800
1064	3017	27900
1671	3977	27900
1377	3232	28000
2659	3602	28100
2234	3212	28100
214	3582	28100
152	3229	28100
870	3202	28100
534	3883	28100
2148	3201	28100
2539	3923	28100
1887	3701	28200
1043	3596	28200
849	3334	28200
2760	3328	28200
737	3964	28200
1001	3721	28200
1330	3642	28200
455	3096	28300
676	3494	28300
119	3185	28300
250	3635	28300
2671	3170	28300
2868	3955	28300
524	3509	28300
2845	3839	28300
2314	3707	28400
332	3831	28400
127	3848	28400
910	3574	28400
2703	3959	28400
989	3242	28400
2120	3092	28400
1494	3893	28500
2422	3229	28500
985	3441	28500
2039	3523	28500
597	3178	28600
503	3727	28600
1215	3845	28600
1806	3777	28600
1270	3792	28600
1842	3880	28600
2266	3764	28600
1908	3309	28800
2788	3236	28800
2003	3143	28900
2190	3914	28900
2836	3794	28900
2387	3666	28900
370	3414	28900
1240	3502	28900
1382	3389	28900
1399	3733	29000
19	3857	29000
2875	3555	29100
1153	3825	29100
1585	3160	29100
92	3243	29200
1851	3882	29200
1722	3412	29200
791	3343	29200
2965	3216	29300
2521	3162	29300
2901	3661	29300
396	3455	29300
2910	3425	29400
2510	3558	29400
2189	3223	29400
1270	3823	29400
309	3917	29500
2341	3518	29500
492	3925	29500
1108	3693	29500
1842	3717	29500
2296	3953	29500
1570	3891	29500
1895	3003	29600
1974	3696	29700
2660	3450	29700
1598	3444	29700
269	3625	29700
546	3829	29700
2968	3453	29800
653	3871	29900
1097	3987	30000
2125	3658	30000
1509	3478	30000
2275	3919	30100
336	3687	30100
276	3399	30100
2961	3379	30100
2305	3600	30100
1721	3161	30200
2645	3298	30200
2297	3793	30200
1249	3993	30300
2946	3670	30300
2402	3729	30300
1670	3537	30400
2896	3169	30400
2390	3340	30500
2602	3800	30500
934	3612	30500
1747	3488	30600
1235	3933	30600
1471	3371	30700
1481	3684	30700
763	3097	30700
316	3924	30800
2931	3346	30800
266	3172	30800
1262	3545	30800
1236	3264	30800
144	3954	30800
5	3834	30800
1453	3333	30800
2864	3993	30900
2606	3869	30900
1924	3099	30900
711	3889	30900
249	3957	30900
1345	3889	31000
1755	3639	31000
2508	3585	31100
1665	3607	31100
382	3869	31100
1179	3715	31100
1654	3219	31200
1585	3770	31200
777	3448	31300
771	3301	31300
2783	3160	31300
505	3846	31300
75	3615	31400
2457	3838	31400
2219	3445	31500
2892	3628	31500
2917	3607	31600
299	3500	31600
1144	3809	31600
1117	3025	31600
1370	3118	31600
2706	3110	31600
299	3121	31700
1293	3418	31700
1021	3531	31700
353	3441	31700
2037	3150	31700
1984	3662	31700
629	3749	31800
197	3770	31800
277	3127	31800
1164	3004	31800
1392	3759	31900
1625	3517	31900
2754	3901	31900
2252	3258	31900
2074	3907	31900
2197	3428	32000
932	3216	32100
559	3954	32100
2220	3473	32100
2290	3679	32100
2879	3691	32200
2851	3635	32200
2497	3857	32200
262	3998	32400
110	3938	32500
2516	3553	32600
1565	3659	32600
2493	3283	32600
2654	3401	32600
1779	3624	32700
2921	3280	32700
1171	3098	32800
1367	3894	32800
623	3083	32900
1799	3021	32900
1134	3909	32900
963	3591	33000
129	3757	33100
2611	3028	33200
503	3389	33300
1543	3006	33400
1128	3179	33400
1791	3922	33400
2705	3248	33500
1252	3363	33500
751	3210	33500
2354	3305	33500
1351	3289	33500
1306	3457	33600
2500	3804	33700
2527	3823	33700
2439	3560	33700
2953	3808	33700
1115	3589	33800
1501	3680	33800
2920	3814	33800
209	3476	33800
1400	3457	33900
2596	3265	33900
2410	3207	33900
2372	3153	33900
43	3344	33900
2230	3713	34000
2759	3889	34000
1451	3985	34000
1213	3180	34100
335	3257	34100
2630	3942	34100
1775	3350	34100
858	3763	34100
142	3559	34200
592	3609	34200
2342	3101	34300
2374	3553	34300
1534	3107	34300
2225	3745	34300
2961	3170	34300
1108	3345	34300
2662	3270	34300
888	3595	34300
1924	3102	34400
1837	3114	34400
12	3616	34400
1970	3837	34500
2194	3214	34500
451	3009	34500
1888	3267	34600
1555	3379	34600
1903	3326	34600
2249	3003	34600
2381	3451	34600
1744	3371	34700
1125	3584	34700
1999	3512	34700
136	3462	34700
2045	3417	34700
2680	3201	34700
900	3687	34800
982	3906	34800
1654	3545	34800
2614	3928	34900
215	3245	34900
2100	3590	34900
13	3308	35000
1327	3029	35000
1341	3826	35000
2757	3576	35000
2725	3895	35000
1860	3599	35200
2919	3995	35300
1457	3102	35300
483	3256	35300
308	3610	35300
2996	3251	35300
1796	3781	35400
1904	3712	35400
279	3264	35400
2174	3512	35400
1257	3652	35400
182	3463	35400
1967	3962	35500
567	3892	35500
1372	3878	35500
2759	3260	35500
2833	3073	35600
590	3303	35600
1011	3267	35700
828	3028	35700
2844	3730	35700
1968	3029	35700
2233	3258	35700
1337	3546	35800
1769	3879	35900
1755	3090	35900
1340	3127	35900
2505	3251	35900
1300	3013	36000
543	3681	36000
891	3503	36000
2422	3187	36000
1059	3761	36000
2299	3054	36100
972	3978	36100
2277	3321	36100
49	3991	36100
1984	3286	36100
1732	3121	36200
2366	3748	36200
2506	3292	36300
2757	3415	36300
1646	3334	36400
1030	3078	36400
2459	3096	36400
2639	3073	36500
297	3951	36500
92	3474	36500
2681	3265	36500
2773	3545	36500
2044	3646	36500
1506	3304	36500
31	3271	36700
673	3586	36700
2499	3012	36800
67	3388	36800
885	3637	36900
2280	3881	36900
1067	3997	36900
2116	3525	36900
2992	3840	37000
1862	3462	37000
1114	3275	37000
1619	3227	37000
2853	3847	37100
2484	3797	37100
2243	3413	37100
1620	3375	37100
1029	3579	37200
1784	3311	37200
740	3640	37200
850	3543	37200
803	3429	37300
1427	3766	37400
127	3714	37400
1347	3203	37400
1060	3252	37400
828	3917	37500
923	3898	37500
433	3574	37500
317	3581	37500
613	3036	37600
1403	3107	37600
2197	3723	37600
1662	3921	37600
776	3591	37600
1119	3209	37700
781	3614	37700
174	3919	37700
550	3067	37700
2907	3947	37700
1203	3799	37800
1754	3749	37800
1024	3450	37800
1457	3725	37800
2802	3209	37800
1564	3414	37800
2857	3921	37900
1728	3666	37900
747	3653	37900
1717	3339	38000
620	3702	38000
2981	3973	38000
741	3362	38000
751	3099	38100
487	3881	38100
1746	3969	38100
2563	3563	38200
2717	3378	38200
1263	3066	38200
1443	3374	38200
2	3317	38300
900	3882	38400
1774	3210	38400
1549	3395	38400
1113	3689	38400
1105	3829	38400
1038	3407	38500
2938	3437	38500
2544	3549	38500
2271	3033	38500
2244	3972	38500
1655	3384	38600
903	3757	38700
6	3377	38700
74	3994	38700
1307	3335	38800
1422	3357	38800
2924	3641	38900
2973	3303	38900
540	3173	38900
717	3679	38900
2199	3960	38900
775	3945	38900
181	3761	38900
600	3113	39000
300	3582	39000
329	3214	39000
1749	3465	39100
575	3154	39100
2771	3305	39100
2605	3428	39200
150	3408	39200
1356	3690	39200
2982	3299	39300
2543	3904	39400
1344	3397	39400
967	3430	39400
916	3189	39400
42	3444	39400
672	3028	39400
920	3027	39500
890	3878	39500
1929	3135	39500
1354	3232	39600
1869	3532	39600
1143	3467	39600
2694	3488	39700
2020	3587	39700
2346	3540	39800
2990	3747	39800
2275	3340	39800
649	3490	39800
2345	3595	39900
809	3214	39900
1061	3076	39900
1991	3857	39900
48	3543	40000
1251	3782	40100
161	3309	40300
1789	3178	40300
2723	3061	40300
260	3865	40300
454	3561	40300
2977	3266	40300
252	3023	40400
1634	3630	40400
2029	3139	40400
1210	3249	40400
2159	3752	40400
1724	3253	40500
1004	3141	40500
1496	3348	40500
2577	3273	40500
16	3387	40500
2964	3142	40600
1614	3267	40700
2346	3364	40700
587	3325	40700
1870	3380	40700
2397	3829	40700
849	3820	40900
1697	3351	40900
2213	3125	41000
347	3702	41000
416	3257	41000
1430	3911	41100
2658	3033	41100
754	3052	41200
257	3246	41200
1710	3473	41200
2559	3022	41200
1806	3858	41300
1196	3562	41300
486	3990	41300
1445	3589	41400
134	3806	41400
1496	3633	41500
2031	3676	41600
2916	3137	41600
1030	3619	41600
1423	3179	41600
2462	3165	41700
1643	3432	41700
2344	3974	41700
125	3312	41700
2326	3351	41800
1921	3275	41800
2100	3349	41800
1778	3100	41800
1349	3484	41800
2816	3542	42000
616	3530	42000
1805	3211	42100
2994	3088	42200
1807	3666	42200
1699	3866	42200
2328	3631	42300
2789	3342	42300
786	3034	42300
2908	3372	42300
2389	3775	42400
2103	3759	42400
637	3534	42400
284	3909	42400
1199	3846	42400
1760	3924	42500
1101	3848	42500
51	3532	42500
541	3029	42500
418	3748	42500
1170	3076	42500
1930	3132	42600
800	3659	42600
694	3811	42600
1606	3522	42600
1743	3332	42700
1256	3784	42700
778	3737	42700
827	3551	42700
2258	3265	42900
1022	3996	43000
886	3506	43000
2464	3104	43100
2198	3316	43100
1657	3752	43100
1173	3366	43200
2715	3019	43200
2646	3684	43200
365	3278	43200
1931	3917	43300
1237	3952	43300
491	3191	43300
2717	3299	43400
829	3698	43400
1313	3074	43400
2730	3411	43500
1986	3766	43500
2566	3152	43500
1149	3292	43500
46	3693	43500
642	3242	43500
878	3271	43600
1719	3838	43600
2096	3843	43600
1579	3839	43600
2525	3377	43700
1876	3565	43800
148	3658	43800
2476	3986	43800
2830	3871	43900
1421	3999	43900
1352	3439	43900
1477	3081	43900
2712	3847	44000
251	3203	44000
2517	3004	44000
702	3375	44100
727	3653	44100
2796	3696	44200
2816	3783	44200
1126	3800	44200
2159	3807	44200
78	3340	44300
1078	3024	44300
1111	3454	44400
165	3307	44400
582	3106	44400
1983	3479	44400
2517	3846	44400
2543	3618	44500
752	3837	44500
792	3929	44500
2726	3943	44600
1403	3193	44600
2925	3566	44600
1950	3096	44600
2584	3007	44700
1018	3764	44700
2632	3074	44700
1706	3555	44800
831	3087	44800
761	3603	44800
1168	3094	44800
1181	3922	44800
2221	3589	44900
1799	3378	44900
376	3247	44900
1494	3445	45000
922	3820	45000
855	3069	45000
2890	3319	45000
1205	3571	45000
1750	3103	45100
2336	3785	45200
1460	3719	45200
2855	3228	45200
876	3242	45200
2213	3673	45300
2774	3949	45300
2826	3249	45300
2195	3030	45300
1328	3248	45400
1146	3222	45400
47	3850	45400
2110	3960	45400
1247	3085	45400
2724	3489	45400
525	3890	45400
1213	3649	45500
284	3336	45500
2450	3365	45500
2900	3622	45600
454	3994	45600
1511	3717	45600
1498	3572	45600
2742	3410	45600
2466	3269	45600
814	3215	45700
2514	3232	45700
2649	3034	45700
1468	3047	45700
2007	3983	45700
2255	3363	45800
2412	3071	45900
1134	3999	45900
1675	3870	46000
1001	3122	46000
769	3788	46000
2102	3761	46000
1735	3526	46100
192	3574	46100
2279	3495	46100
2861	3751	46100
552	3978	46200
2319	3204	46200
2166	3707	46200
1933	3835	46200
1630	3795	46200
1630	3157	46200
39	3265	46200
1268	3344	46200
739	3302	46300
2583	3062	46300
1686	3490	46300
2796	3707	46300
2405	3235	46300
1069	3697	46300
2215	3902	46400
895	3901	46400
2552	3771	46400
1542	3167	46500
1695	3417	46500
2569	3746	46500
2094	3797	46600
282	3981	46600
2770	3412	46600
1941	3097	46600
1431	3060	46700
1988	3525	46800
2741	3492	46800
1212	3635	46800
2896	3733	46800
974	3281	46900
2790	3178	46900
512	3914	46900
1387	3008	46900
1621	3940	46900
2061	3728	47000
280	3599	47000
686	3365	47000
1451	3461	47000
1053	3230	47100
1703	3527	47100
459	3004	47100
2150	3773	47100
1562	3495	47100
518	3372	47100
157	3193	47200
1783	3676	47200
2695	3728	47200
2593	3658	47200
1395	3531	47200
36	3916	47200
1985	3347	47200
2711	3886	47300
424	3684	47300
950	3617	47400
736	3847	47400
1360	3925	47400
978	3558	47400
195	3668	47400
2686	3728	47500
1161	3977	47500
2912	3051	47600
491	3081	47600
1321	3836	47700
607	3871	47700
1916	3386	47700
2285	3692	47700
1812	3140	47700
943	3878	47800
377	3408	47800
2492	3140	47800
2291	3063	47800
1918	3768	47800
2732	3440	47800
692	3749	47900
1762	3111	47900
2171	3260	47900
2437	3589	48000
1700	3129	48000
1333	3439	48000
2664	3053	48100
1376	3191	48100
2319	3781	48200
1816	3490	48200
1209	3635	48300
1399	3833	48400
1591	3374	48400
2276	3674	48400
1745	3089	48400
1244	3191	48400
1530	3036	48500
1215	3940	48500
257	3715	48600
44	3792	48600
765	3586	48600
298	3401	48600
2553	3347	48600
1015	3571	48600
2971	3472	48700
1976	3503	48700
130	3869	48700
700	3768	48700
1049	3024	48700
1927	3637	48800
1950	3349	48800
1349	3214	48800
239	3310	48900
1071	3292	48900
377	3379	48900
2151	3747	49000
1505	3656	49000
1195	3229	49000
2672	3926	49100
1830	3556	49100
1883	3541	49100
2133	3571	49100
1861	3373	49200
1226	3800	49200
2778	3435	49200
1955	3082	49200
493	3735	49300
903	3296	49300
586	3264	49300
1366	3029	49300
1151	3489	49300
427	3943	49400
2515	3556	49400
1455	3460	49400
1085	3881	49400
363	3508	49400
605	3866	49400
814	3749	49500
196	3831	49500
1719	3186	49500
992	3515	49500
1910	3195	49600
2742	3003	49600
2922	3857	49600
1811	3397	49700
649	3656	49700
2277	3818	49700
324	3657	49700
906	3564	49700
893	3440	49700
328	3622	49800
1148	3144	49800
1042	3905	49800
697	3249	49800
2318	3554	49800
2448	3806	49800
1957	3125	49900
2597	3472	49900
2943	3600	49900
2066	3205	49900
1660	3208	49900
2294	3111	50000
465	3978	50000
1569	3288	50000
862	3695	50100
2334	3516	50100
2941	3918	50100
2737	3444	50100
1226	3423	50100
2155	3877	50300
1378	3411	50300
958	3787	50400
2080	3277	50400
226	3517	50500
994	3535	50500
1914	3554	50500
2123	3205	50500
1884	3357	50600
2895	3716	50600
384	3842	50600
1511	3390	50600
1187	3784	50700
2633	3906	50700
1368	3129	50700
2559	3895	50700
608	3968	50700
2391	3056	50800
1817	3586	50800
1164	3296	50900
2127	3666	50900
873	3281	51000
2803	3184	51000
282	3542	51000
879	3706	51000
2622	3983	51000
2877	3114	51000
1679	3405	51000
1474	3840	51100
2436	3521	51100
2474	3213	51100
2888	3203	51100
2600	3095	51100
2403	3985	51100
1603	3839	51200
1491	3714	51200
2408	3546	51200
1180	3227	51200
184	3771	51200
1009	3951	51300
669	3777	51300
233	3202	51300
1361	3285	51400
2586	3973	51400
240	3803	51400
2191	3161	51500
1479	3605	51500
2595	3950	51500
912	3951	51500
2357	3783	51500
2186	3260	51500
334	3521	51500
1077	3773	51500
750	3228	51500
2119	3510	51500
2201	3933	51500
1736	3683	51600
2784	3263	51600
886	3657	51600
2620	3289	51600
945	3080	51700
2289	3938	51700
818	3183	51700
2051	3279	51700
1242	3018	51700
584	3487	51700
2731	3588	51700
2286	3232	51900
707	3265	51900
760	3007	51900
2664	3761	51900
1351	3010	51900
1305	3141	52000
449	3681	52000
2040	3954	52000
1812	3528	52000
2431	3823	52100
2339	3606	52200
1809	3914	52200
764	3948	52200
2212	3856	52200
1178	3367	52300
902	3853	52300
1752	3162	52300
2472	3515	52300
1868	3074	52300
2536	3281	52400
1043	3335	52400
488	3395	52400
1218	3503	52400
2195	3738	52400
2324	3152	52500
938	3938	52500
1871	3047	52500
351	3418	52500
1989	3692	52500
1570	3191	52500
533	3673	52600
728	3785	52600
2170	3423	52600
1626	3491	52600
2632	3727	52700
785	3438	52700
716	3959	52800
960	3580	52900
63	3100	52900
846	3362	52900
197	3160	52900
1604	3116	52900
574	3002	52900
1546	3101	53000
2863	3398	53000
1789	3474	53100
350	3092	53100
1089	3382	53100
1019	3512	53100
11	3030	53100
323	3064	53100
1934	3520	53100
1945	3877	53200
1066	3111	53200
2821	3769	53200
2536	3527	53300
2589	3519	53300
2395	3357	53300
1992	3859	53400
870	3077	53400
2327	3839	53500
643	3409	53500
2642	3927	53500
520	3701	53500
2581	3291	53500
1056	3431	53500
1968	3850	53500
2384	3077	53500
2354	3983	53500
1027	3779	53600
2571	3095	53600
1761	3745	53700
2994	3702	53700
1262	3032	53700
2310	3067	53700
2850	3032	53800
2470	3209	53800
759	3304	53800
2444	3091	53900
2853	3263	53900
2392	3416	53900
2375	3422	53900
158	3703	53900
2212	3024	53900
2414	3712	54000
1636	3078	54000
79	3512	54000
1601	3314	54100
1342	3411	54200
261	3596	54200
1681	3949	54200
2753	3731	54200
1206	3270	54200
2388	3803	54200
1287	3765	54200
2548	3853	54300
1168	3422	54300
1469	3825	54300
1773	3350	54300
598	3019	54400
2082	3416	54400
1538	3478	54400
1176	3441	54500
1574	3242	54500
502	3204	54600
2634	3285	54600
636	3113	54600
2979	3867	54600
2676	3080	54600
1708	3724	54700
851	3583	54700
1677	3942	54700
7	3346	54800
2082	3423	54800
1260	3876	54800
201	3035	54800
323	3282	54800
670	3222	54900
683	3707	54900
2091	3728	54900
1406	3439	54900
2361	3662	54900
1369	3649	55000
1935	3865	55000
2028	3587	55000
2043	3538	55100
1342	3156	55100
367	3965	55200
1492	3673	55200
1979	3745	55200
2955	3148	55200
2770	3954	55200
1701	3980	55300
1782	3942	55300
1689	3699	55300
1086	3985	55300
789	3125	55400
2738	3209	55400
416	3981	55400
1155	3960	55400
1187	3525	55500
839	3373	55500
2359	3667	55500
1779	3949	55500
2780	3971	55500
1857	3498	55500
1207	3596	55600
533	3864	55600
1195	3822	55600
1604	3661	55600
2793	3150	55700
620	3246	55700
1925	3445	55700
890	3724	55700
1690	3980	55700
442	3217	55700
966	3385	55700
1956	3354	55700
1773	3576	55700
2949	3507	55700
2246	3156	55800
281	3071	55800
1039	3920	55800
1592	3794	55800
2216	3480	55800
2778	3129	55900
2176	3079	55900
456	3848	56000
419	3565	56000
1465	3475	56000
1465	3663	56000
286	3676	56100
2035	3348	56100
268	3995	56100
1503	3313	56100
1497	3977	56200
495	3290	56200
2114	3926	56200
254	3773	56200
452	3221	56300
1800	3056	56300
599	3818	56300
2741	3011	56300
878	3497	56300
1170	3057	56300
2843	3076	56300
1966	3036	56300
1650	3407	56400
1565	3518	56400
1229	3061	56400
2943	3834	56400
1733	3493	56500
1014	3434	56500
509	3935	56500
2882	3745	56500
1273	3405	56500
406	3166	56500
2966	3753	56500
2454	3361	56600
797	3893	56600
2842	3133	56600
2677	3086	56600
2726	3673	56700
1542	3395	56700
1790	3167	56700
1079	3974	56700
923	3434	56700
868	3652	56700
2481	3089	56700
2817	3760	56800
2879	3613	56800
734	3334	56800
2886	3214	56800
1220	3976	56800
1105	3653	56900
2279	3247	56900
2752	3427	57000
2762	3821	57000
2218	3913	57000
2028	3743	57000
1486	3003	57000
2112	3036	57000
374	3347	57000
278	3868	57000
884	3416	57100
703	3934	57100
14	3121	57200
1870	3834	57200
628	3435	57200
1711	3426	57200
968	3899	57300
2913	3950	57300
2917	3596	57300
1463	3579	57300
1280	3619	57300
1947	3398	57300
2122	3838	57300
1225	3062	57400
980	3585	57400
458	3500	57400
2799	3783	57400
957	3167	57400
1880	3155	57400
1209	3386	57400
1401	3846	57400
2698	3840	57500
2841	3422	57500
2065	3803	57500
2089	3561	57500
1124	3744	57500
312	3230	57600
517	3268	57600
368	3026	57600
905	3087	57600
2723	3825	57600
810	3046	57600
799	3127	57600
2203	3190	57700
2797	3930	57700
72	3348	57700
461	3075	57700
1678	3765	57700
2678	3700	57800
2540	3580	57800
566	3584	57800
1695	3009	57800
2714	3268	57900
1706	3870	57900
605	3560	57900
234	3305	57900
2511	3478	58000
1550	3513	58000
404	3234	58000
1608	3699	58000
708	3591	58000
608	3609	58000
650	3092	58100
2936	3159	58100
1193	3201	58200
913	3434	58200
1857	3040	58200
2700	3984	58200
356	3886	58300
1382	3908	58300
1266	3926	58400
2908	3288	58400
2871	3873	58500
2349	3336	58500
1701	3828	58500
1371	3646	58500
671	3022	58500
2969	3612	58600
719	3785	58600
1611	3815	58600
288	3454	58600
163	3109	58600
2962	3296	58600
1797	3361	58600
718	3382	58600
770	3186	58600
2291	3451	58600
612	3221	58700
1819	3950	58700
2992	3310	58700
2532	3257	58700
2935	3514	58700
2426	3625	58700
1562	3834	58700
627	3282	58700
102	3224	58800
538	3040	58800
597	3739	58900
173	3569	58900
1146	3853	58900
2876	3501	58900
1790	3462	58900
695	3513	58900
801	3180	59000
1645	3620	59000
905	3930	59000
604	3031	59000
2731	3179	59000
1322	3374	59000
852	3008	59100
2514	3516	59100
411	3183	59100
481	3033	59100
1487	3160	59100
2940	3909	59100
235	3319	59100
2746	3634	59100
2109	3031	59200
1435	3076	59200
2240	3994	59200
946	3415	59200
374	3653	59200
2909	3054	59300
1699	3066	59300
2450	3095	59300
2866	3591	59300
1647	3339	59400
223	3833	59400
1778	3160	59400
2579	3710	59400
346	3587	59400
263	3254	59400
1908	3150	59500
2368	3812	59500
1660	3609	59500
2748	3698	59600
2507	3475	59600
2418	3217	59600
2737	3803	59600
1239	3579	59700
2520	3246	59700
1076	3825	59700
511	3291	59700
960	3503	59700
170	3577	59700
415	3845	59700
2171	3011	59700
811	3459	59700
944	3948	59700
1311	3347	59700
2342	3810	59800
2867	3043	59800
2797	3887	59800
2802	3780	59800
325	3087	59800
1470	3698	59800
957	3462	59800
2701	3971	59800
1184	3454	59900
1320	3879	59900
2603	3079	59900
1236	3235	60000
1990	3652	60000
2571	3768	60000
2633	3632	60100
2498	3998	60100
321	3867	60100
2387	3773	60100
1847	3649	60200
1473	3091	60200
1007	3337	60200
1612	3817	60200
2779	3075	60200
2932	3765	60200
528	3411	60300
1724	3175	60300
2733	3100	60300
995	3719	60300
2814	3723	60400
1035	3486	60400
2348	3126	60400
2109	3783	60400
2407	3187	60400
1093	3905	60400
1987	3401	60400
2119	3816	60400
2433	3298	60500
1061	3942	60500
17	3549	60500
1510	3863	60500
143	3821	60600
1091	3949	60600
1835	3148	60600
2419	3461	60600
1523	3541	60700
144	3139	60700
132	3699	60700
2985	3789	60800
2920	3116	60800
2986	3231	60800
2613	3994	60900
1456	3705	61000
1373	3420	61000
840	3238	61000
300	3975	61000
2591	3586	61000
1486	3621	61000
88	3258	61000
783	3374	61000
2358	3304	61100
1709	3999	61100
2133	3174	61100
271	3253	61200
2518	3268	61200
1087	3716	61200
1758	3031	61200
1646	3840	61200
2696	3772	61200
513	3946	61300
1500	3379	61300
1448	3629	61300
714	3040	61300
2131	3014	61300
1227	3363	61400
2182	3447	61400
1072	3197	61400
1750	3958	61400
2594	3923	61500
2274	3496	61500
1532	3724	61500
506	3147	61600
1594	3186	61600
1815	3074	61600
87	3891	61600
1499	3184	61700
2428	3001	61700
2411	3587	61700
2393	3068	61800
1676	3107	61800
56	3780	61800
2251	3854	61800
749	3410	61800
256	3570	61900
1737	3781	62000
1930	3847	62000
133	3723	62000
2832	3720	62100
473	3594	62100
1362	3019	62100
1346	3706	62100
2903	3112	62200
1179	3858	62200
2187	3047	62200
2839	3212	62300
1104	3943	62300
1730	3705	62300
387	3919	62300
1354	3516	62300
1889	3717	62300
1589	3860	62400
1973	3201	62400
1407	3169	62400
369	3784	62400
57	3432	62400
1879	3700	62400
2018	3251	62400
949	3004	62400
756	3722	62500
2048	3456	62500
646	3023	62500
256	3501	62500
589	3033	62500
664	3918	62500
241	3422	62500
1913	3835	62600
585	3583	62600
541	3304	62600
1425	3114	62600
2993	3174	62600
1781	3970	62600
630	3097	62700
1900	3580	62700
117	3354	62700
1704	3277	62700
915	3776	62700
317	3959	62700
2227	3701	62800
2418	3346	62800
64	3398	62800
2601	3421	62800
1190	3202	62800
2494	3634	62800
2377	3924	62900
2301	3325	62900
169	3470	62900
668	3932	62900
951	3401	62900
626	3519	62900
925	3361	63000
622	3253	63000
1447	3398	63000
1468	3229	63000
1548	3459	63000
1413	3441	63000
20	3053	63100
383	3544	63100
414	3863	63100
549	3748	63100
1548	3625	63100
389	3976	63100
142	3125	63200
1152	3995	63200
994	3096	63200
2555	3327	63300
975	3220	63300
2016	3581	63300
783	3093	63300
25	3383	63400
2881	3845	63400
2417	3069	63400
1436	3410	63400
2247	3455	63400
2592	3835	63500
1554	3432	63500
475	3061	63500
2427	3584	63600
2196	3508	63600
1540	3818	63700
1871	3187	63700
451	3417	63700
1040	3679	63700
1906	3079	63700
1106	3474	63800
2794	3565	63800
572	3172	63800
1311	3266	63800
1633	3183	63900
1843	3893	63900
1439	3836	63900
2188	3384	63900
2590	3385	63900
1958	3225	63900
2453	3666	63900
2308	3899	64000
2246	3411	64000
265	3782	64000
203	3741	64000
2099	3428	64100
2549	3172	64100
1036	3369	64100
98	3710	64100
2248	3231	64100
2709	3128	64100
219	3061	64200
2151	3285	64200
1110	3488	64200
2089	3189	64200
1913	3023	64300
1483	3209	64300
2689	3187	64300
1979	3148	64300
2022	3103	64300
822	3513	64300
2027	3324	64400
681	3301	64400
1335	3222	64400
721	3713	64400
810	3026	64400
1943	3633	64400
1107	3447	64400
2813	3203	64400
1593	3375	64400
1814	3474	64500
1104	3733	64500
244	3001	64500
686	3095	64500
2485	3920	64600
2452	3369	64600
2208	3149	64600
1994	3266	64600
450	3552	64700
869	3563	64700
2001	3213	64700
2322	3363	64700
805	3103	64700
1284	3815	64700
357	3314	64800
400	3332	64800
255	3381	64800
806	3136	64800
202	3144	64800
307	3385	64800
1211	3817	64800
1768	3358	64900
1963	3513	64900
114	3976	64900
1256	3132	65000
341	3240	65000
796	3980	65000
1182	3695	65100
2271	3956	65100
2017	3972	65100
1230	3693	65100
438	3356	65100
1299	3862	65100
1141	3164	65200
1588	3944	65200
2740	3599	65200
1466	3334	65200
105	3693	65200
2567	3440	65300
1173	3021	65300
1057	3433	65300
1827	3418	65300
1109	3024	65300
580	3337	65400
2255	3348	65400
2033	3850	65400
2667	3481	65400
1502	3727	65500
1103	3930	65500
1149	3276	65500
1188	3551	65500
2772	3655	65500
2623	3922	65600
220	3274	65700
1014	3818	65700
2389	3321	65700
2734	3088	65700
2063	3948	65700
2785	3832	65800
517	3617	65800
2776	3875	65800
824	3301	65800
2496	3783	65800
1902	3358	65800
47	3629	65900
1033	3597	65900
2096	3451	65900
829	3777	66000
1900	3887	66000
207	3171	66000
728	3407	66100
220	3448	66100
289	3914	66100
2562	3658	66100
82	3194	66100
2179	3071	66200
1482	3080	66200
401	3269	66200
596	3224	66300
1827	3294	66300
969	3415	66300
1948	3765	66300
624	3781	66400
618	3171	66400
1550	3481	66400
295	3999	66400
275	3461	66400
2455	3165	66500
1159	3777	66500
996	3876	66500
1573	3397	66500
1557	3971	66500
1437	3395	66600
604	3240	66600
2002	3661	66600
737	3723	66700
2735	3932	66700
2165	3337	66700
221	3391	66700
90	3150	66800
171	3804	66800
2231	3719	66800
2641	3914	66800
494	3991	66800
653	3321	66900
81	3185	66900
1898	3290	66900
2554	3495	66900
1490	3612	67000
1329	3318	67000
2370	3245	67000
1937	3043	67000
548	3501	67000
1807	3844	67000
1602	3743	67000
544	3064	67000
222	3530	67000
1412	3612	67100
2101	3740	67100
2718	3706	67100
1467	3127	67100
2425	3192	67100
963	3293	67100
2293	3044	67200
2954	3991	67200
1293	3386	67200
1718	3450	67300
2612	3740	67300
2999	3046	67300
1048	3049	67300
671	3564	67300
1855	3175	67400
2516	3566	67400
894	3996	67400
1912	3871	67400
2919	3981	67400
2405	3102	67500
2511	3018	67500
1244	3293	67600
2534	3468	67600
1813	3054	67600
520	3320	67600
2652	3346	67600
136	3416	67600
225	3655	67600
1905	3744	67600
25	3491	67700
1428	3673	67700
1809	3659	67700
2189	3867	67700
1622	3790	67700
400	3630	67800
2098	3477	67800
952	3268	67900
2064	3505	67900
1970	3724	67900
2806	3400	67900
49	3758	67900
2491	3319	67900
2601	3328	68000
392	3253	68100
552	3620	68100
2926	3274	68100
1131	3088	68100
8	3794	68100
60	3884	68100
41	3085	68100
1078	3166	68100
1041	3593	68100
1054	3235	68200
1663	3672	68300
297	3240	68300
396	3439	68300
2272	3081	68400
987	3491	68400
343	3062	68400
1127	3911	68400
328	3747	68400
607	3503	68400
2349	3190	68400
110	3858	68400
170	3094	68400
747	3178	68500
1114	3492	68500
1917	3915	68500
2148	3204	68600
2899	3383	68600
2298	3034	68600
446	3432	68600
2150	3666	68600
185	3406	68600
1355	3500	68700
368	3580	68700
2693	3146	68700
2168	3423	68700
1501	3541	68700
2313	3273	68700
1488	3029	68800
2057	3388	68800
2122	3976	68800
1737	3212	68900
535	3702	68900
937	3316	68900
917	3741	69000
863	3682	69000
2155	3020	69100
2299	3226	69100
2705	3555	69100
441	3932	69100
872	3356	69100
578	3695	69200
2804	3943	69200
874	3801	69200
139	3255	69200
267	3786	69200
2088	3612	69300
163	3705	69300
1338	3760	69300
81	3444	69300
1553	3709	69300
2157	3334	69400
2477	3295	69400
2458	3578	69400
556	3744	69400
2146	3393	69500
551	3556	69600
58	3671	69600
1686	3705	69600
1319	3318	69700
264	3366	69700
609	3987	69700
1478	3094	69700
2537	3283	69700
2891	3518	69700
1125	3974	69800
1776	3776	69800
1436	3786	69800
166	3528	69800
536	3438	69800
2210	3128	69800
976	3383	69900
417	3377	69900
2650	3632	69900
51	3042	69900
526	3319	69900
2561	3705	70000
253	3248	70000
1258	3263	70100
2764	3585	70200
2906	3179	70200
2513	3249	70200
2503	3068	70300
1607	3354	70300
485	3064	70300
2752	3883	70400
1013	3314	70400
2435	3470	70400
2722	3741	70400
1751	3001	70400
1194	3514	70400
1442	3199	70500
1536	3400	70500
221	3288	70500
1375	3224	70600
1726	3527	70600
1257	3876	70600
1616	3603	70700
1470	3851	70700
784	3056	70700
2110	3444	70700
2505	3808	70700
2497	3753	70700
1364	3182	70800
2145	3081	70800
2370	3632	70800
1937	3521	70800
2044	3633	70800
1402	3971	70800
2648	3574	70800
2480	3976	70800
817	3567	70900
661	3694	70900
2728	3895	70900
2800	3575	70900
413	3630	71000
819	3238	71000
1764	3272	71000
2602	3099	71000
871	3293	71100
477	3301	71100
2691	3336	71100
2898	3732	71100
43	3150	71100
2848	3176	71200
2894	3332	71300
2634	3747	71300
2956	3905	71300
2079	3319	71300
2264	3740	71400
2693	3960	71400
395	3105	71400
506	3324	71500
344	3181	71500
713	3402	71500
1472	3614	71500
709	3400	71500
2322	3290	71500
958	3245	71500
1668	3539	71500
843	3385	71500
1757	3311	71500
2323	3980	71500
812	3822	71500
888	3151	71600
2989	3781	71600
2084	3995	71600
227	3920	71600
2495	3075	71600
1274	3885	71600
615	3910	71700
1198	3760	71700
1632	3742	71700
632	3618	71700
1547	3475	71700
2321	3317	71800
128	3252	71800
699	3477	71800
90	3089	71900
2202	3722	71900
1666	3646	71900
1223	3372	71900
2928	3245	72000
2413	3330	72000
2471	3481	72000
409	3318	72100
2217	3985	72100
948	3842	72100
2679	3240	72100
2105	3481	72100
682	3015	72200
1475	3758	72200
2225	3459	72200
1583	3294	72200
2465	3826	72200
2780	3561	72200
1523	3680	72200
1628	3081	72300
596	3966	72300
1940	3676	72300
1446	3115	72300
1525	3637	72300
57	3026	72300
50	3085	72300
2311	3862	72300
1966	3288	72300
1844	3946	72400
1742	3213	72400
1130	3576	72400
2538	3326	72500
1886	3154	72500
906	3022	72500
1507	3110	72600
1098	3261	72600
2307	3729	72600
844	3235	72600
2474	3770	72700
2895	3135	72800
576	3199	72800
2143	3534	72800
687	3188	72800
899	3235	72800
42	3146	72800
60	3084	72800
2840	3082	72900
150	3368	72900
1621	3669	72900
1117	3058	72900
467	3961	72900
755	3844	73000
1163	3957	73000
1694	3979	73100
1348	3291	73100
1975	3978	73100
2435	3433	73100
2808	3400	73100
1504	3365	73100
1480	3344	73100
1795	3897	73100
1220	3254	73100
835	3911	73200
2974	3294	73200
2337	3551	73200
2910	3122	73200
194	3519	73200
1932	3727	73300
2265	3759	73300
2840	3038	73300
1142	3858	73300
1101	3590	73400
2781	3413	73400
404	3597	73400
701	3838	73400
600	3433	73500
1690	3828	73500
2697	3048	73500
822	3481	73500
769	3003	73500
2013	3037	73600
858	3654	73600
1880	3975	73800
1664	3592	73800
1456	3291	73900
1890	3204	73900
487	3731	73900
1067	3768	73900
997	3092	74000
669	3449	74000
1674	3311	74000
1896	3641	74100
2330	3041	74100
2749	3814	74100
2847	3383	74200
2659	3324	74200
2338	3212	74200
2058	3404	74200
1785	3290	74200
2090	3076	74200
126	3102	74200
445	3146	74200
440	3080	74200
687	3921	74200
1530	3452	74300
367	3978	74300
2685	3996	74300
544	3066	74300
1507	3285	74400
2179	3782	74400
2911	3918	74400
846	3275	74400
1619	3546	74400
1519	3069	74400
232	3738	74400
1020	3821	74500
1387	3553	74500
830	3117	74500
2010	3806	74500
633	3805	74600
2250	3553	74600
1898	3394	74600
2643	3259	74600
62	3587	74600
789	3559	74700
2139	3708	74700
99	3718	74700
1290	3870	74700
283	3749	74800
391	3379	74800
1727	3026	74800
738	3158	74800
1452	3975	74800
1191	3119	74800
1292	3177	74800
891	3887	74900
697	3861	74900
2011	3648	75000
447	3637	75000
2191	3859	75100
237	3222	75100
1962	3125	75200
1589	3899	75200
715	3665	75200
314	3162	75200
273	3064	75200
84	3331	75200
2055	3283	75300
1320	3905	75300
1247	3048	75300
2815	3008	75400
1862	3210	75400
481	3460	75400
1631	3388	75400
787	3289	75500
1586	3969	75500
2215	3121	75600
1377	3034	75600
428	3845	75600
1927	3109	75700
1481	3645	75700
557	3370	75700
1788	3272	75800
106	3519	75800
2578	3234	75800
1005	3744	75800
16	3668	75800
1252	3056	75900
2926	3737	76000
2976	3199	76100
1375	3402	76100
1464	3327	76100
1677	3578	76100
2749	3711	76200
1803	3251	76200
482	3860	76300
113	3054	76300
2059	3298	76300
2948	3192	76300
2991	3748	76400
2101	3400	76400
2494	3262	76400
672	3910	76500
2506	3568	76500
118	3070	76500
315	3277	76500
1461	3437	76600
408	3362	76700
1422	3739	76800
2650	3906	76800
418	3896	76800
2687	3406	76900
926	3498	76900
1407	3151	77000
1616	3032	77000
2622	3572	77000
1821	3643	77100
2522	3121	77100
402	3646	77100
1664	3541	77100
1077	3025	77100
1259	3393	77100
2262	3406	77100
2420	3143	77200
2023	3320	77200
2130	3852	77200
1444	3884	77200
988	3798	77200
2587	3105	77200
2115	3877	77300
2560	3664	77300
617	3690	77300
724	3928	77300
1073	3466	77300
320	3520	77400
897	3714	77400
590	3568	77400
167	3983	77400
1369	3602	77500
305	3651	77500
188	3272	77500
2885	3640	77500
183	3814	77500
525	3284	77600
2401	3368	77600
2452	3354	77600
1983	3672	77700
549	3999	77700
876	3128	77800
563	3178	77800
120	3605	77800
2971	3051	77800
161	3567	77900
1328	3545	77900
527	3692	77900
303	3278	78000
1634	3892	78000
1865	3569	78000
2618	3313	78100
970	3308	78100
17	3915	78100
1710	3811	78100
2690	3616	78100
1121	3200	78100
433	3901	78100
2398	3427	78200
1326	3112	78200
1462	3316	78200
437	3608	78200
2006	3054	78300
2652	3779	78400
1822	3710	78400
267	3900	78400
2469	3882	78500
667	3148	78500
2417	3350	78500
1044	3515	78600
2617	3539	78600
1568	3058	78700
959	3720	78800
1524	3608	78800
417	3821	78900
397	3584	79000
290	3613	79000
1683	3853	79000
2689	3526	79000
272	3163	79000
2222	3537	79100
1318	3362	79100
834	3796	79200
2967	3646	79200
1723	3035	79200
2311	3984	79300
1412	3030	79300
1603	3634	79300
2050	3787	79300
2060	3314	79500
2524	3447	79500
2841	3431	79500
131	3958	79500
26	3442	79600
1986	3779	79600
1327	3316	79600
233	3600	79600
794	3030	79700
2635	3008	79700
827	3171	79700
966	3699	79700
480	3207	79700
1180	3597	79700
206	3177	79700
618	3551	79800
227	3106	79800
1278	3092	79900
1744	3966	79900
327	3224	80000
264	3428	80000
1441	3922	80000
2272	3515	80100
38	3452	80100
2619	3617	80200
2202	3928	80200
1155	3146	80200
2466	3415	80200
2997	3978	80400
1358	3181	80400
1828	3039	80500
2766	3309	80500
1181	3365	80500
1381	3824	80600
706	3238	80700
1121	3353	80700
1007	3902	80800
2829	3009	80800
2750	3689	80900
145	3832	81000
2302	3447	81000
201	3484	81000
105	3345	81000
581	3227	81000
2076	3907	81000
270	3839	81100
539	3779	81100
648	3996	81100
1280	3158	81100
1689	3059	81100
1271	3629	81100
1495	3146	81200
1185	3039	81400
859	3343	81400
609	3559	81500
1414	3371	81500
1667	3349	81500
1411	3460	81500
1941	3808	81600
2859	3581	81700
40	3755	81800
399	3928	81800
298	3353	81800
1434	3605	81900
2954	3605	82000
2975	3379	82000
228	3059	82000
251	3678	82100
1560	3903	82100
2487	3410	82100
2268	3286	82100
1835	3321	82200
1622	3369	82200
733	3157	82200
445	3800	82200
2768	3798	82300
70	3208	82300
851	3213	82400
1637	3650	82500
334	3466	82600
1883	3592	82600
2136	3880	82600
85	3353	82700
2024	3453	82700
2688	3045	82700
352	3393	82900
1218	3871	83000
2047	3844	83000
1961	3736	83100
1261	3013	83100
556	3880	83100
1162	3609	83100
989	3620	83200
710	3190	83200
2637	3058	83200
1267	3564	83200
1378	3602	83300
847	3989	83300
2218	3142	83300
2914	3049	83300
2949	3900	83300
94	3252	83300
2123	3891	83400
1760	3115	83400
291	3606	83400
1083	3890	83500
625	3399	83500
1656	3860	83600
719	3020	83600
2315	3058	83600
2838	3749	83700
2792	3006	83700
606	3450	83700
1680	3894	83700
1574	3440	83800
965	3307	83800
1818	3935	83800
2399	3950	83800
2493	3539	83800
1340	3249	83800
554	3852	83900
2599	3578	83900
983	3572	83900
205	3329	83900
575	3035	83900
224	3377	84000
2380	3371	84000
745	3982	84100
2583	3787	84100
61	3630	84100
2093	3691	84100
2163	3220	84300
1147	3949	84300
2713	3307	84300
1273	3095	84300
935	3617	84400
1765	3325	84500
2579	3778	84500
1786	3221	84600
1739	3193	84700
2437	3006	84700
1722	3271	84700
2988	3818	84700
1858	3697	84700
2888	3330	84700
1458	3925	84800
2394	3581	84800
1527	3815	85000
2424	3802	85200
2446	3740	85200
247	3573	85300
953	3859	85300
2146	3518	85300
68	3349	85400
1742	3740	85400
167	3396	85400
1533	3778	85400
832	3047	85500
1578	3412	85500
2365	3856	85500
2201	3601	85600
2140	3291	85600
1183	3283	85600
1477	3953	85700
246	3466	85700
1658	3013	85800
2787	3131	85800
1852	3533	85800
1817	3866	85800
2760	3619	85900
2826	3122	85900
1299	3147	86000
1964	3966	86000
1493	3020	86000
1202	3644	86000
1119	3167	86000
301	3171	86000
726	3331	86000
2327	3110	86100
2074	3344	86200
1653	3982	86300
885	3404	86300
474	3608	86300
1539	3710	86300
2560	3883	86400
931	3615	86400
1716	3478	86400
125	3058	86400
736	3946	86500
2918	3616	86600
1498	3983	86600
731	3174	86600
918	3927	86700
2694	3517	86700
1100	3492	86700
1520	3904	86800
1849	3271	86800
1608	3331	86800
2439	3369	86800
809	3484	86800
1062	3863	86900
346	3355	86900
0	3806	86900
2350	3199	87000
2347	3561	87000
1787	3894	87100
662	3982	87200
1733	3665	87200
2544	3478	87200
1877	3669	87200
1430	3366	87300
633	3221	87300
1034	3190	87300
422	3830	87300
2755	3735	87400
1702	3181	87400
1313	3638	87400
2873	3970	87400
1814	3233	87400
2903	3617	87400
898	3075	87400
1590	3388	87400
505	3763	87500
2145	3953	87500
999	3419	87500
1449	3870	87600
330	3841	87600
1393	3278	87700
2263	3015	87700
1766	3412	87700
2415	3351	87700
893	3638	87800
1245	3125	87800
954	3827	87800
204	3316	87800
1831	3485	87800
390	3473	87800
412	3360	87900
75	3215	87900
379	3050	87900
2190	3758	87900
754	3737	88200
1142	3126	88200
2194	3484	88200
2071	3907	88200
1250	3476	88200
2042	3404	88300
645	3971	88300
1239	3083	88400
554	3501	88400
209	3662	88500
486	3084	88500
52	3625	88500
2192	3331	88500
2624	3988	88500
261	3175	88600
310	3550	88600
492	3562	88700
385	3070	88800
815	3149	88800
1998	3021	88900
2113	3167	88900
1580	3275	89000
2382	3814	89000
2221	3182	89100
265	3715	89100
818	3924	89100
2539	3317	89200
2557	3413	89200
2847	3638	89300
2914	3007	89300
1569	3452	89500
1503	3128	89500
2887	3448	89500
807	3287	89500
1281	3456	89500
2487	3709	89500
99	3729	89700
2351	3210	89800
2407	3041	89800
2239	3903	89900
2343	3504	90000
1529	3986	90000
2454	3366	90200
986	3117	90200
935	3662	90300
965	3384	90300
2013	3414	90400
1640	3272	90500
1357	3083	90600
557	3492	90600
2934	3297	90600
1529	3827	90600
674	3815	90700
1953	3388	90700
2383	3959	90800
2032	3860	90900
2414	3327	90900
1672	3325	91100
121	3189	91100
1969	3554	91100
1234	3129	91100
2256	3631	91200
2434	3982	91300
2306	3018	91300
1575	3089	91500
313	3680	91500
24	3589	91600
430	3234	91600
1864	3573	91700
1264	3316	91700
35	3904	91700
1015	3079	91700
979	3045	91800
2878	3140	91800
1381	3467	91900
179	3392	91900
1949	3261	91900
741	3678	92000
574	3413	92000
1928	3751	92000
1336	3767	92200
2036	3622	92300
2193	3210	92400
1093	3863	92400
555	3586	92500
659	3594	92600
135	3601	92700
2568	3134	92700
2345	3910	92700
1440	3194	92800
1873	3085	92800
997	3138	93000
191	3128	93000
2378	3196	93000
187	3532	93100
2461	3176	93100
753	3154	93200
652	3108	93300
2552	3746	93300
2361	3824	93400
1772	3329	93400
677	3037	93400
1066	3175	93500
1846	3772	93500
1823	3060	93700
1734	3577	93700
501	3897	93800
2642	3220	93800
931	3190	94000
1951	3816	94000
1539	3778	94000
2005	3669	94100
2938	3367	94200
1601	3427	94200
1687	3935	94200
1272	3161	94200
1176	3168	94200
1767	3036	94300
2273	3161	94300
1771	3911	94500
1017	3295	94600
2317	3482	94700
1955	3505	94700
675	3704	94700
1312	3828	94800
1129	3655	94800
2900	3594	94900
342	3485	94900
412	3886	95000
1765	3381	95000
546	3263	95100
2085	3420	95100
1317	3735	95200
1541	3335	95200
2400	3037	95200
2730	3015	95300
429	3549	95300
1417	3562	95300
2825	3665	95400
259	3297	95500
2675	3731	95600
823	3772	95600
1743	3220	95700
2371	3135	95700
2915	3064	95700
2386	3609	95800
83	3650	95800
2397	3784	95800
2181	3668	95800
1390	3941	95900
2758	3161	95900
1186	3192	95900
2282	3365	96000
975	3927	96200
1922	3495	96200
1135	3907	96200
565	3424	96400
2822	3045	96400
1820	3457	96600
1810	3520	96600
45	3647	96700
1315	3578	96700
1978	3677	96700
1981	3482	96800
444	3521	96800
2252	3774	96900
1888	3860	97000
1175	3729	97100
777	3274	97100
2716	3262	97100
2005	3200	97200
2904	3936	97200
516	3736	97300
1038	3261	97400
2844	3496	97500
1283	3225	97500
84	3066	97500
848	3322	97600
46	3345	97600
981	3180	97700
2140	3877	97800
1075	3576	97800
2326	3046	97900
2779	3189	98000
2565	3010	98100
825	3590	98200
391	3531	98200
2410	3844	98200
135	3933	98300
311	3809	98300
978	3173	98400
138	3936	98400
1094	3870	98500
1669	3801	98500
76	3460	98500
2732	3864	98600
603	3267	98600
1424	3650	98600
771	3083	98600
238	3138	98700
2872	3669	98700
1838	3403	98800
2423	3554	98800
1996	3050	98900
1826	3174	98900
357	3050	99100
2184	3426	99100
2023	3038	99200
1208	3050	99200
198	3573	99300
2884	3945	99400
1893	3183	99500
2942	3184	99600
1741	3780	99600
712	3312	99700
1177	3472	99800
1033	3129	99800
579	3313	99900
2369	3988	100200
1277	3032	100200
1050	3025	100200
2845	3110	100400
1233	3758	100400
1551	3905	100400
910	3901	100400
2340	3072	100500
2445	3602	100600
1978	3475	100600
485	3282	100600
366	3746	100600
613	3215	100700
408	3483	100700
673	3003	100700
654	3908	100800
1394	3140	100800
2692	3138	100800
151	3855	100900
799	3751	100900
2674	3683	101000
1334	3375	101000
1802	3306	101300
2657	3200	101300
861	3672	101400
971	3957	101500
1610	3084	101500
1957	3333	101700
348	3864	101700
1429	3417	101700
2281	3002	101800
2864	3766	102000
2177	3522	102000
471	3041	102200
1962	3538	102400
2807	3041	102500
1253	3827	102600
2566	3799	102800
1605	3284	102900
1610	3990	103000
565	3153	103000
1676	3394	103100
1521	3639	103100
2724	3323	103200
2805	3906	103200
494	3989	103200
1560	3475	103200
2827	3079	103200
1490	3360	103300
2214	3877	103500
1537	3849	103600
460	3486	103600
929	3441	103600
1467	3077	103700
1395	3535	103800
927	3672	103900
2198	3539	104000
1307	3230	104100
358	3675	104200
2861	3572	104200
2104	3326	104300
156	3297	104300
103	3890	104400
96	3010	104400
2950	3730	104500
896	3687	104500
749	3480	104600
1167	3072	104700
2785	3643	104800
2080	3025	104900
2067	3105	105000
2489	3409	105100
2880	3412	105400
892	3286	105500
700	3638	105700
23	3056	105700
222	3390	105900
1240	3391	106000
2244	3312	106000
1559	3538	106100
1613	3965	106100
1853	3106	106200
2570	3136	106300
280	3671	106300
2335	3683	106400
2062	3458	106500
2092	3619	106600
2789	3259	106600
2440	3898	106700
1639	3026	106900
2137	3426	107100
2697	3085	107300
1958	3206	107400
985	3895	107400
1219	3262	107400
1416	3352	107500
2097	3936	107500
478	3523	107500
2769	3361	107800
2443	3664	107900
659	3902	107900
1225	3927	107900
1022	3381	107900
875	3120	108100
603	3601	108100
360	3940	108100
1561	3885	108100
2172	3042	108200
405	3180	108300
2870	3238	108400
941	3636	108400
2909	3226	108500
71	3501	108500
2858	3662	108600
2747	3094	108600
2121	3767	108800
553	3538	108900
2727	3872	108900
2153	3826	108900
361	3736	109000
2308	3015	109100
2934	3497	109200
936	3674	109200
1702	3594	109400
1515	3654	109400
2534	3404	109700
1668	3048	109900
352	3046	109900
1298	3939	110100
2257	3802	110200
882	3482	110300
841	3315	110400
2499	3482	110500
1954	3828	110900
249	3663	110900
1669	3458	111000
310	3342	111000
1642	3536	111100
28	3016	111200
1980	3457	111300
1794	3021	111400
2413	3203	111400
2052	3181	111700
242	3493	111800
1082	3196	112000
1363	3059	112100
80	3327	112500
2526	3456	112500
2810	3329	112500
1971	3323	112600
1383	3163	112700
35	3342	112800
2443	3143	112900
1712	3098	112900
606	3708	112900
1444	3046	113100
569	3356	113100
2750	3536	113100
2056	3267	113200
2930	3755	113200
2315	3570	113200
1141	3270	113300
634	3342	113300
2891	3157	113300
635	3535	113500
1999	3255	113600
2647	3838	113700
2075	3890	113800
102	3199	113800
2555	3458	113800
2261	3135	114000
1988	3309	114200
1448	3259	114200
176	3483	114200
2268	3323	114300
1520	3618	114300
2211	3461	114400
919	3809	114400
1116	3274	114600
971	3791	114800
1228	3570	114800
459	3010	114900
950	3124	114900
2253	3335	115200
711	3566	115200
2663	3758	115300
691	3539	115500
370	3451	115600
2609	3476	115700
1137	3537	115700
1904	3044	115700
27	3024	115700
2765	3796	115900
1443	3841	115900
2276	3639	116000
1614	3601	116100
1122	3956	116100
175	3963	116100
26	3317	116200
1185	3135	116200
1825	3152	116300
632	3904	116700
2373	3520	116800
2771	3049	116900
1158	3665	117000
462	3437	117000
2522	3614	117100
2687	3421	117100
382	3287	117200
1763	3677	117200
2280	3078	117300
2134	3626	117300
2325	3480	117600
1438	3024	117700
1383	3530	117800
1977	3528	117800
1013	3701	117900
2134	3732	118000
1617	3793	118100
1408	3286	118100
1858	3312	118300
2328	3286	118400
1163	3791	118500
1508	3355	118500
2138	3238	118600
1960	3988	118700
2679	3540	118800
320	3856	119000
1445	3038	119000
534	3038	119100
2812	3155	119100
112	3961	119100
2640	3493	119200
934	3360	119400
1028	3990	119400
2982	3842	119500
339	3550	119500
2538	3057	119500
409	3082	119700
2461	3520	119700
2893	3731	120000
2175	3650	120200
2792	3589	120300
510	3152	120400
1801	3103	120400
1545	3396	120600
904	3855	120800
2385	3508	120800
1115	3006	121200
1433	3923	121600
928	3483	121700
2015	3856	121800
757	3109	121800
2316	3897	122000
1318	3275	122100
1366	3561	122300
178	3799	122400
2203	3615	122600
403	3692	122600
998	3067	122600
644	3790	122700
2945	3127	122700
149	3841	123000
2746	3970	123200
580	3931	123200
1748	3552	123200
499	3680	123400
2352	3611	123400
1049	3856	123900
748	3762	123900
2457	3528	123900
1219	3315	124000
2933	3409	124300
914	3756	124300
882	3012	124400
2556	3639	124400
2535	3842	124800
116	3621	124800
601	3793	124800
153	3809	124900
1584	3813	125300
1309	3196	125400
2905	3523	125600
1330	3621	125800
362	3234	125900
2772	3282	126200
2259	3442	126200
2625	3367	126400
1045	3505	126500
1782	3155	126500
1725	3419	126600
2618	3128	126700
93	3270	126700
375	3082	126800
578	3927	126800
881	3762	126900
2107	3406	127100
918	3020	127400
190	3709	127500
1020	3323	127600
2513	3876	127600
1559	3966	127800
411	3469	127900
2039	3812	128000
696	3697	128000
2806	3902	128200
189	3912	128300
407	3968	128300
641	3489	128400
276	3980	128500
2762	3767	128900
655	3476	128900
523	3103	129000
2897	3642	129100
2702	3618	129300
616	3480	129300
510	3675	129400
410	3778	129500
1439	3566	129700
2030	3711	129800
1243	3816	129900
1671	3209	130000
875	3648	130100
89	3287	130100
2467	3451	130300
869	3367	130700
1623	3902	130800
1939	3471	130900
2154	3118	131000
1866	3424	131100
2793	3567	131200
2112	3523	131400
1882	3424	131400
1635	3796	131500
378	3417	131700
2638	3679	132000
2304	3443	132100
2688	3968	132200
521	3575	132200
2238	3389	132400
2451	3048	132400
372	3002	132500
2456	3876	133500
62	3114	133900
2367	3659	134000
2026	3134	134100
2488	3086	134400
1627	3937	134500
1024	3297	134600
2164	3259	134600
41	3788	134600
2580	3039	134700
198	3593	134700
2970	3812	134900
834	3250	135100
1204	3177	135700
1041	3261	136000
1633	3196	136000
2736	3302	136100
1856	3225	136100
839	3015	136300
2383	3581	136500
742	3226	136600
2828	3561	136700
2823	3547	137000
1364	3667	137100
1853	3544	137300
296	3642	137300
1150	3063	137400
2030	3133	137500
1231	3934	137500
3	3685	137900
2588	3667	138100
2216	3530	138100
1405	3529	138200
531	3176	138300
151	3957	138500
919	3443	138800
470	3721	139100
1961	3552	139500
665	3421	139800
1989	3492	139800
444	3308	139900
2087	3261	140000
501	3685	140100
1053	3908	140100
2668	3327	140400
2409	3748	140400
1831	3002	140800
2959	3687	141000
314	3791	141000
1471	3993	141200
2619	3215	141700
122	3883	142000
939	3951	142000
1323	3510	142100
2683	3667	142800
2381	3127	142800
13	3521	142900
1417	3194	142900
1856	3711	143000
553	3409	143100
2744	3489	143100
1728	3963	143100
8	3791	143400
1386	3114	143400
1074	3605	143600
160	3796	143800
1909	3263	143900
2545	3992	144200
2363	3972	144200
453	3764	144400
538	3885	144400
2249	3507	144500
1254	3241	144700
663	3756	144800
1852	3108	145200
337	3655	145200
964	3544	145800
2907	3945	146200
1196	3399	146500
1556	3623	146700
1914	3900	146700
2205	3279	146800
1365	3226	147000
516	3660	147200
2973	3404	147400
841	3237	147500
361	3660	147700
1996	3006	148000
1881	3077	148000
1172	3176	148000
489	3356	148600
1756	3269	148700
1255	3001	149500
657	3364	149700
277	3626	150000
2620	3643	150400
1450	3748	150500
1907	3570	150700
508	3560	150900
165	3119	151100
2138	3939	151600
2287	3855	151700
2025	3315	151900
1832	3277	152400
785	3923	152500
1388	3320	152500
1657	3554	152500
2859	3959	152600
443	3664	152700
1780	3160	152700
1432	3501	152900
2999	3884	153000
2986	3442	153300
217	3270	153500
2751	3311	153600
77	3834	153700
2862	3037	153800
656	3394	154200
160	3250	154500
2317	3012	154500
1635	3371	154600
1458	3592	154900
679	3536	155000
2699	3108	155100
1088	3730	155700
2036	3683	155800
2360	3793	156200
768	3530	156200
1834	3651	156600
2486	3448	156600
2054	3734	156900
1138	3610	157000
333	3711	157100
2607	3153	157200
2963	3709	157300
560	3686	157300
2066	3375	157700
2880	3297	158000
2626	3177	158200
2007	3396	158300
816	3786	158400
2644	3189	158600
248	3421	158600
2416	3610	159000
1609	3312	159200
1649	3305	159300
1130	3764	159400
463	3534	159500
2285	3202	159700
1060	3455	159800
2075	3181	160100
2293	3712	160300
1519	3001	160600
1269	3912	160700
1389	3730	161300
1938	3941	162000
1246	3588	162100
1165	3685	162100
693	3072	162200
2811	3931	162300
2901	3734	162300
1288	3356	162500
693	3642	162600
2242	3690	162800
833	3075	162800
131	3508	162800
2009	3623	163400
2152	3090	163600
2352	3636	163800
2118	3734	164200
856	3734	164500
2947	3124	165000
274	3198	166000
842	3618	166000
1875	3931	166300
1397	3685	166500
476	3593	166600
164	3611	166600
426	3989	166800
1224	3904	167100
2551	3145	167300
2429	3162	167800
2241	3704	167900
2585	3139	168700
2562	3059	169200
998	3669	169200
1545	3123	169400
1139	3967	169600
1206	3164	169800
1186	3145	170100
1618	3830	170700
2980	3218	170800
1577	3389	170900
547	3830	170900
941	3611	171500
1497	3651	172200
95	3690	173100
2420	3664	173300
2362	3279	173400
1627	3063	173400
216	3206	173500
1595	3065	173700
593	3704	173700
2835	3796	174000
395	3895	174100
1949	3802	174300
2869	3420	174300
2161	3593	174500
853	3708	174500
2220	3376	174500
1729	3521	174800
1854	3668	174900
680	3897	175900
393	3555	176900
1205	3237	176900
29	3480	177100
1231	3654	177300
666	3039	177700
2149	3562	177800
12	3769	177800
2041	3219	177900
1850	3601	178600
2830	3887	178600
355	3162	179300
723	3677	179400
1997	3912	179600
1217	3664	180000
721	3472	180200
2727	3541	180400
2106	3925	180900
638	3604	181000
677	3202	182000
1959	3375	182400
1952	3145	182500
2860	3118	182800
1006	3708	183000
1595	3588	183000
1385	3463	183300
1118	3769	183500
518	3208	184000
2823	3317	184200
504	3704	185100
1040	3855	185900
319	3934	186600
2786	3788	186700
1031	3545	186900
2425	3387	186900
2385	3225	187100
2661	3467	187600
2616	3124	187900
2473	3550	188200
2284	3394	189600
1129	3967	189800
1596	3483	191400
723	3663	192300
211	3201	194800
1217	3118	195500
2835	3250	196400
2558	3972	196600
1304	3164	196900
1385	3211	197000
2434	3979	198900
991	3674	199300
141	3799	200900
504	3855	201100
530	3815	201600
2206	3355	201800
1144	3067	202800
