2895	3448	200
397	3072	200
1469	3923	200
1195	3850	200
602	3989	200
2844	3160	200
2089	3393	200
792	3834	200
812	3506	200
1495	3255	200
125	3002	200
536	3222	200
2734	3152	300
1372	3719	300
1344	3584	300
1956	3564	300
244	3001	300
1971	3380	300
365	3278	300
1370	3660	300
919	3744	300
1888	3301	400
2698	3061	400
1491	3602	400
1967	3620	400
2188	3730	400
78	3869	400
734	3334	400
163	3969	400
1747	3721	400
1989	3692	400
1510	3042	400
2440	3884	400
2849	3066	400
766	3375	400
1810	3442	400
2401	3371	500
653	3087	500
622	3019	500
1777	3279	500
2789	3989	500
935	3276	500
1666	3283	500
289	3421	500
956	3241	500
1129	3677	500
2193	3423	500
1903	3872	500
429	3811	500
1121	3024	500
278	3229	500
2098	3762	500
1162	3806	500
2184	3315	500
1906	3587	500
2750	3220	500
2616	3505	500
2283	3718	500
1080	3335	500
2609	3524	600
862	3573	600
1354	3982	600
493	3685	600
1623	3799	600
2320	3641	600
1525	3467	600
2570	3627	600
1357	3602	600
129	3527	600
620	3553	600
1542	3470	600
2458	3956	600
2923	3905	600
2231	3340	600
2870	3297	600
187	3817	600
84	3375	600
433	3776	600
1228	3959	600
1019	3117	600
823	3571	600
482	3267	600
536	3839	600
2610	3997	600
911	3738	600
1730	3716	700
2324	3054	700
2324	3346	700
262	3437	700
2274	3537	700
756	3518	700
464	3294	700
676	3590	700
2322	3694	700
1592	3162	700
2951	3517	700
750	3867	700
1756	3816	700
1124	3811	700
1332	3695	700
2571	3254	700
354	3262	800
2833	3344	800
2634	3467	800
2214	3056	800
1297	3545	800
2437	3458	800
1227	3559	800
109	3723	800
2803	3409	800
1377	3651	800
2169	3051	800
2436	3565	800
119	3847	800
761	3247	800
956	3071	800
2177	3789	800
2526	3925	800
1224	3196	800
2883	3365	800
1383	3626	800
2008	3314	900
1907	3849	900
1256	3178	900
501	3466	900
620	3795	900
1844	3620	900
1904	3245	900
778	3579	900
1806	3243	900
2941	3276	900
1668	3584	900
1627	3395	900
921	3119	900
136	3999	900
1944	3732	900
1316	3531	900
1454	3672	900
1166	3628	900
749	3073	900
627	3208	900
2947	3036	900
2140	3725	1000
972	3946	1000
57	3156	1000
511	3134	1000
1587	3287	1000
2390	3903	1000
54	3011	1000
1247	3497	1000
689	3635	1000
1330	3213	1000
204	3006	1000
995	3075	1000
2880	3375	1000
1591	3706	1000
1349	3866	1000
578	3662	1000
61	3315	1000
1080	3808	1000
942	3159	1000
2803	3217	1100
2845	3596	1100
1409	3184	1100
757	3982	1100
107	3028	1100
2655	3804	1100
1682	3918	1100
2182	3742	1100
5	3526	1100
435	3809	1100
1775	3590	1100
451	3630	1100
830	3085	1100
47	3227	1100
1710	3113	1100
1210	3885	1100
1863	3495	1100
390	3519	1100
527	3229	1100
499	3680	1100
949	3476	1100
1192	3540	1200
2544	3869	1200
299	3032	1200
1500	3210	1200
54	3429	1200
486	3590	1200
2429	3740	1200
2337	3480	1200
1144	3158	1200
1046	3541	1200
1602	3768	1200
1641	3772	1200
1868	3753	1200
1391	3896	1200
273	3829	1200
852	3702	1200
1112	3457	1200
2604	3092	1200
1830	3810	1300
803	3496	1300
1788	3167	1300
1974	3745	1300
469	3412	1300
1780	3780	1300
822	3397	1300
1495	3235	1300
1657	3732	1300
2241	3792	1300
2287	3576	1300
2897	3244	1300
478	3655	1300
2133	3390	1300
654	3808	1300
2450	3079	1300
184	3774	1300
1292	3890	1300
1305	3644	1400
1951	3598	1400
377	3820	1400
921	3564	1400
1108	3418	1400
2076	3179	1400
1268	3147	1400
2936	3345	1400
934	3073	1400
320	3756	1400
3	3899	1400
2619	3824	1400
379	3911	1500
1938	3589	1500
2930	3466	1500
455	3450	1500
670	3637	1500
256	3730	1500
1573	3974	1500
1071	3071	1500
1615	3517	1500
1318	3801	1500
718	3588	1500
1586	3881	1500
1398	3942	1500
315	3108	1500
1320	3484	1500
210	3188	1500
783	3753	1500
1332	3922	1500
2706	3765	1500
1570	3074	1500
802	3044	1600
1414	3690	1600
2913	3089	1600
111	3904	1600
669	3932	1600
2357	3875	1600
756	3065	1600
2284	3099	1600
1522	3658	1600
2383	3459	1600
2388	3431	1600
1001	3568	1600
137	3630	1600
723	3768	1600
258	3686	1600
1922	3036	1600
655	3380	1600
1805	3020	1600
1981	3396	1600
1836	3968	1600
2752	3602	1700
739	3434	1700
797	3098	1700
975	3291	1700
1141	3342	1700
1424	3430	1700
2053	3292	1700
1979	3240	1700
1027	3964	1700
542	3492	1700
28	3797	1700
1327	3072	1700
1544	3786	1700
1987	3844	1700
2224	3331	1700
2945	3124	1700
2373	3673	1700
195	3030	1700
2272	3089	1800
1389	3908	1800
1762	3651	1800
1718	3065	1800
909	3932	1800
284	3173	1800
243	3096	1800
729	3974	1800
1042	3034	1800
2981	3858	1800
765	3410	1800
1284	3306	1800
1834	3153	1800
2423	3814	1800
1896	3683	1800
457	3302	1900
818	3190	1900
2989	3537	1900
1168	3698	1900
1209	3487	1900
177	3395	1900
2007	3983	1900
2249	3249	1900
311	3827	1900
1120	3587	1900
973	3680	1900
2403	3357	1900
1826	3093	1900
55	3166	1900
0	3574	1900
2700	3180	1900
178	3641	1900
1446	3339	1900
989	3242	1900
2336	3016	1900
1796	3690	2000
2525	3027	2000
2909	3043	2000
2673	3334	2000
957	3264	2000
1092	3065	2000
2585	3042	2000
1707	3583	2000
1572	3343	2000
964	3379	2000
994	3990	2000
2827	3196	2000
2107	3519	2000
1026	3953	2000
1204	3812	2000
2682	3204	2100
1033	3499	2100
2046	3033	2100
2004	3792	2100
2510	3155	2100
1257	3929	2100
1584	3786	2100
552	3347	2100
515	3093	2100
976	3891	2100
560	3870	2200
987	3733	2200
387	3303	2200
1371	3080	2200
408	3809	2200
2671	3485	2200
1418	3343	2200
1346	3235	2200
2223	3047	2200
541	3090	2200
1529	3123	2200
1561	3387	2200
2710	3093	2200
2261	3802	2200
1685	3251	2200
443	3815	2300
1055	3023	2300
2896	3056	2300
2155	3877	2300
86	3687	2300
1992	3606	2300
1861	3469	2300
200	3578	2300
514	3570	2300
1622	3658	2300
2967	3915	2300
364	3663	2300
27	3128	2300
1123	3313	2300
835	3371	2400
1725	3466	2400
1930	3653	2400
15	3700	2400
1009	3233	2400
2794	3043	2400
1878	3724	2400
1647	3518	2400
824	3516	2400
737	3964	2400
1229	3745	2400
1778	3386	2400
346	3018	2400
222	3154	2400
544	3560	2400
395	3355	2400
775	3747	2400
530	3846	2400
2766	3432	2500
2875	3741	2500
2840	3428	2500
2277	3887	2500
2717	3366	2500
60	3714	2500
995	3960	2500
635	3935	2500
859	3006	2500
240	3958	2500
2948	3672	2500
2210	3415	2500
1433	3181	2500
1451	3774	2500
1202	3021	2600
1921	3420	2600
2447	3750	2600
1456	3279	2600
2635	3784	2600
2733	3398	2600
2615	3791	2600
1174	3006	2600
1764	3972	2600
1401	3600	2600
1884	3306	2600
1795	3282	2600
2087	3438	2600
535	3799	2700
2758	3722	2700
1920	3475	2700
2888	3586	2700
2519	3636	2700
8	3198	2700
1077	3843	2700
2229	3010	2700
313	3593	2700
1945	3130	2800
1681	3605	2800
2348	3403	2800
1326	3295	2800
860	3146	2800
1714	3164	2800
694	3831	2800
189	3912	2800
2898	3086	2800
234	3528	2800
1426	3654	2800
2226	3604	2800
1696	3116	2800
2480	3976	2800
1451	3452	2800
1810	3662	2800
1143	3004	2800
2572	3322	2900
639	3835	2900
291	3527	2900
2689	3050	2900
1272	3550	2900
1794	3343	2900
1757	3931	2900
2919	3511	2900
1524	3397	2900
437	3791	2900
564	3399	2900
1565	3901	2900
626	3693	2900
2992	3663	2900
378	3819	2900
1791	3900	2900
857	3140	2900
797	3917	3000
2059	3052	3000
648	3381	3000
2089	3561	3000
126	3549	3000
2892	3077	3000
876	3269	3000
893	3813	3000
386	3448	3000
1049	3440	3000
961	3681	3100
1537	3585	3100
2322	3290	3100
1040	3307	3100
1321	3009	3100
1274	3064	3100
518	3372	3100
2626	3802	3100
231	3115	3100
1461	3432	3200
722	3097	3200
945	3995	3200
1481	3931	3200
668	3850	3200
419	3172	3200
1411	3358	3200
1435	3973	3200
1021	3769	3200
2643	3984	3200
1916	3794	3200
230	3507	3200
1322	3552	3200
1914	3225	3200
2640	3406	3200
963	3648	3200
1834	3261	3200
9	3432	3300
2147	3785	3300
369	3952	3300
1081	3619	3300
1724	3295	3300
2834	3334	3300
2641	3094	3300
996	3398	3300
605	3958	3300
1674	3843	3300
1890	3211	3300
2932	3760	3300
484	3083	3400
2121	3112	3400
476	3496	3400
58	3404	3400
1030	3061	3400
42	3803	3400
2779	3239	3400
2110	3405	3400
2607	3895	3400
1822	3105	3400
1	3764	3400
158	3035	3400
1828	3505	3400
1720	3031	3500
440	3911	3500
97	3836	3500
287	3906	3500
2574	3245	3500
1526	3928	3500
1942	3734	3500
1432	3127	3500
2918	3942	3500
2728	3895	3500
985	3841	3500
1413	3084	3500
1553	3209	3500
2472	3703	3500
2878	3035	3500
630	3392	3600
2998	3402	3600
1861	3602	3600
670	3720	3600
2602	3635	3600
1769	3374	3600
1395	3297	3600
2813	3234	3600
52	3841	3600
1882	3862	3600
2181	3405	3600
388	3003	3600
553	3105	3600
2622	3765	3600
1461	3612	3700
1966	3088	3700
423	3993	3700
2582	3631	3700
2197	3559	3700
943	3295	3700
2783	3684	3700
2306	3919	3700
2748	3909	3700
2418	3957	3700
1597	3937	3700
315	3959	3700
1340	3174	3700
1045	3746	3700
2642	3573	3700
1679	3014	3700
1908	3091	3800
682	3199	3800
1800	3910	3800
977	3430	3800
1851	3669	3800
217	3076	3800
786	3272	3800
132	3388	3800
127	3535	3800
2851	3047	3800
1514	3666	3800
2573	3654	3800
2010	3357	3800
1518	3081	3800
1246	3655	3800
1614	3360	3800
238	3438	3800
354	3322	3900
1233	3183	3900
1985	3887	3900
1207	3853	3900
1122	3460	3900
2306	3635	3900
1716	3018	3900
1139	3942	3900
1201	3331	3900
895	3885	3900
2810	3861	3900
1273	3103	3900
2846	3479	3900
2009	3574	3900
1356	3524	4000
1364	3904	4000
801	3083	4000
814	3785	4000
1184	3728	4000
1444	3263	4000
2135	3404	4000
1794	3307	4000
2206	3475	4000
483	3173	4000
2278	3386	4000
1415	3530	4000
2904	3029	4000
1268	3762	4000
489	3560	4000
1241	3870	4100
2711	3665	4100
2611	3178	4100
2670	3246	4100
2215	3400	4100
2108	3705	4100
2735	3676	4100
1666	3497	4100
1008	3158	4100
1459	3090	4100
2057	3880	4100
2012	3103	4100
2647	3862	4100
146	3807	4100
1566	3121	4200
2536	3183	4200
2563	3775	4200
2169	3137	4200
640	3800	4200
637	3632	4200
260	3421	4200
168	3070	4200
706	3895	4200
2530	3868	4200
1026	3563	4200
1301	3284	4200
1302	3111	4300
840	3042	4300
2559	3954	4300
856	3941	4300
138	3168	4300
594	3344	4300
2129	3613	4400
1403	3361	4400
2389	3556	4400
1207	3445	4400
607	3051	4400
842	3065	4400
971	3275	4400
2596	3782	4400
1386	3680	4400
963	3552	4400
2243	3413	4400
2111	3916	4400
2572	3766	4500
1656	3318	4500
903	3427	4500
1493	3109	4500
2160	3949	4500
104	3223	4500
1880	3228	4500
1206	3225	4500
208	3441	4500
1212	3188	4500
979	3953	4500
2333	3674	4500
1438	3440	4500
2338	3184	4600
2433	3793	4600
2021	3750	4600
322	3148	4600
999	3464	4600
1084	3939	4600
1740	3957	4600
2318	3955	4600
417	3934	4600
643	3650	4600
2800	3073	4600
777	3644	4700
1715	3464	4700
733	3770	4700
1539	3780	4700
2347	3350	4700
2363	3984	4700
2028	3390	4700
2382	3554	4700
2426	3481	4700
1982	3749	4700
544	3208	4700
2820	3673	4700
1393	3191	4700
1477	3727	4700
1225	3864	4800
223	3547	4800
2570	3342	4800
1721	3904	4800
831	3914	4800
2236	3847	4800
2150	3382	4800
1063	3122	4800
1330	3343	4800
1270	3551	4800
1591	3880	4800
2771	3177	4800
1277	3063	4800
1477	3591	4800
2747	3038	4900
1733	3716	4900
1111	3363	4900
2777	3148	4900
2357	3750	4900
245	3599	4900
1022	3302	4900
2065	3257	4900
1321	3456	4900
205	3983	4900
1347	3546	4900
2868	3090	4900
2303	3312	4900
1305	3373	4900
70	3643	4900
1502	3781	5000
721	3428	5000
1017	3167	5000
1483	3337	5000
74	3001	5000
988	3936	5000
1569	3983	5000
254	3675	5000
2158	3174	5000
2987	3463	5100
1605	3523	5100
2202	3859	5100
2001	3818	5100
2942	3779	5100
519	3804	5100
923	3026	5100
290	3259	5100
1947	3826	5100
2231	3303	5100
2651	3508	5100
1917	3444	5100
2526	3980	5100
1288	3234	5100
19	3401	5100
507	3604	5100
1909	3976	5100
725	3424	5100
1221	3716	5200
2712	3233	5200
1588	3906	5200
1014	3503	5200
2491	3171	5200
439	3791	5200
2117	3354	5200
1604	3155	5200
1416	3191	5200
1821	3605	5300
2343	3737	5300
784	3151	5300
2469	3011	5300
2415	3989	5300
1549	3901	5300
625	3921	5300
2551	3979	5300
1390	3589	5400
1494	3707	5400
2974	3099	5400
1608	3185	5400
1772	3086	5400
893	3756	5400
2359	3230	5400
1661	3231	5500
1249	3911	5500
1727	3232	5500
2286	3537	5500
1497	3512	5500
884	3707	5500
7	3290	5500
1350	3920	5500
2017	3521	5500
554	3740	5500
1768	3972	5500
318	3362	5500
2737	3319	5500
998	3417	5500
868	3776	5500
684	3273	5500
1890	3736	5500
2360	3668	5500
1685	3536	5500
1387	3088	5600
53	3733	5600
1833	3926	5600
1662	3923	5600
65	3109	5600
428	3544	5600
1125	3006	5600
2281	3986	5600
879	3067	5600
462	3689	5600
2216	3185	5600
2475	3323	5600
1948	3515	5600
1441	3443	5600
420	3419	5700
1158	3270	5700
2515	3367	5700
1374	3803	5700
2084	3511	5700
1042	3972	5700
2910	3514	5700
2019	3562	5700
225	3645	5700
1225	3310	5800
1237	3215	5800
2805	3943	5800
849	3394	5800
2414	3691	5800
1239	3437	5800
2751	3465	5800
935	3032	5800
17	3825	5800
1100	3797	5800
1483	3416	5800
1755	3090	5800
2768	3587	5800
549	3312	5800
1599	3982	5900
1706	3836	5900
600	3840	5900
477	3469	5900
1808	3456	5900
235	3994	5900
201	3095	5900
2920	3395	5900
1782	3863	5900
969	3798	5900
1286	3405	5900
820	3278	5900
850	3345	5900
2254	3657	5900
1117	3675	5900
1016	3317	5900
2060	3965	6000
306	3793	6000
1692	3750	6000
2673	3290	6000
2239	3920	6000
2478	3487	6000
329	3484	6000
2877	3855	6000
1918	3024	6000
134	3426	6000
1854	3838	6000
2818	3466	6100
2538	3161	6100
2058	3097	6100
350	3478	6100
2246	3091	6100
1726	3032	6100
1183	3485	6100
774	3663	6100
2725	3045	6100
1868	3177	6100
1365	3978	6100
1404	3286	6100
1992	3567	6200
2738	3160	6200
1560	3888	6200
1751	3576	6200
1776	3916	6200
407	3252	6200
2371	3203	6200
2674	3315	6200
613	3712	6300
2763	3523	6300
1187	3620	6300
803	3996	6300
213	3705	6300
2606	3595	6300
1482	3783	6300
93	3633	6300
1576	3137	6300
659	3430	6300
587	3590	6300
1074	3931	6300
2063	3625	6300
2801	3510	6300
1792	3874	6300
2706	3682	6300
2023	3815	6300
1874	3386	6400
2472	3324	6400
1261	3082	6400
1488	3187	6500
259	3984	6500
732	3319	6500
983	3124	6500
1275	3305	6500
157	3363	6600
1864	3524	6600
1262	3247	6600
2535	3364	6600
1640	3893	6600
2740	3032	6600
1363	3238	6600
1107	3583	6600
1871	3526	6600
1476	3711	6600
631	3033	6600
445	3255	6600
2249	3380	6600
1006	3057	6600
181	3212	6600
414	3181	6600
1471	3411	6700
839	3585	6700
1739	3779	6700
2989	3781	6700
2484	3594	6700
1958	3142	6700
430	3822	6700
401	3788	6700
2262	3140	6700
2489	3105	6700
1147	3664	6700
20	3761	6700
2976	3318	6800
539	3217	6800
1231	3889	6800
1319	3771	6800
1163	3985	6800
984	3248	6800
2165	3724	6900
2548	3043	6900
1712	3218	6900
827	3066	6900
979	3147	6900
436	3718	6900
952	3739	6900
1044	3538	6900
1962	3230	6900
1153	3646	7000
1131	3008	7000
1472	3465	7000
1279	3494	7000
2741	3691	7000
1293	3462	7000
2384	3562	7000
1310	3234	7000
2014	3601	7000
2554	3214	7000
532	3883	7000
11	3871	7000
1546	3101	7100
2311	3434	7100
2436	3433	7100
905	3949	7100
1533	3548	7100
66	3925	7100
2946	3058	7100
1267	3863	7100
1067	3188	7100
1885	3093	7100
984	3674	7100
1815	3961	7100
1984	3755	7200
2263	3083	7200
1442	3733	7200
2952	3253	7200
1171	3257	7200
152	3834	7200
185	3341	7200
555	3255	7200
538	3040	7200
2247	3370	7200
1399	3520	7200
70	3027	7200
456	3318	7300
1175	3950	7300
2767	3737	7300
266	3651	7300
2535	3946	7300
2021	3875	7300
2230	3486	7300
685	3835	7300
2301	3109	7300
2741	3490	7300
2780	3422	7300
880	3830	7300
910	3040	7300
162	3092	7300
2721	3585	7400
1475	3991	7400
632	3539	7400
2885	3684	7400
626	3519	7400
527	3356	7400
2731	3844	7400
928	3530	7400
767	3041	7400
55	3751	7400
496	3414	7400
500	3289	7400
467	3284	7400
1164	3004	7400
2317	3644	7500
1552	3270	7500
1923	3511	7500
2469	3544	7500
42	3422	7500
1958	3645	7500
1850	3628	7500
2970	3622	7500
2369	3115	7500
2516	3577	7500
1904	3376	7600
2729	3285	7600
1505	3918	7600
2596	3821	7600
2095	3642	7600
151	3967	7600
1814	3560	7600
2201	3230	7600
950	3472	7700
585	3521	7700
926	3133	7700
2507	3510	7700
2134	3353	7700
1301	3857	7700
343	3992	7800
884	3104	7800
2968	3994	7800
2221	3384	7800
2855	3844	7800
2610	3857	7800
381	3004	7800
96	3700	7900
226	3567	7900
1152	3950	7900
2392	3973	7900
1905	3408	7900
2198	3586	7900
1755	3551	7900
1578	3471	7900
2448	3489	7900
768	3128	7900
1832	3451	7900
577	3970	7900
641	3759	7900
2359	3463	8000
924	3726	8000
2321	3016	8000
335	3646	8000
980	3537	8000
2782	3532	8000
742	3565	8000
268	3299	8000
572	3552	8000
2052	3697	8000
808	3687	8100
427	3151	8100
628	3244	8100
954	3636	8100
1884	3176	8100
1991	3074	8100
1313	3891	8100
986	3329	8200
2194	3960	8200
2033	3149	8200
2356	3546	8200
1420	3058	8200
1579	3093	8200
2058	3028	8300
2941	3782	8300
1572	3854	8300
249	3001	8300
2406	3273	8300
2233	3323	8300
1453	3856	8300
2397	3871	8400
1887	3952	8400
704	3193	8400
1110	3851	8400
707	3782	8400
1842	3689	8400
861	3654	8400
919	3355	8400
731	3166	8400
1405	3052	8500
882	3143	8500
1809	3059	8500
2412	3276	8500
403	3048	8500
2083	3684	8500
663	3764	8500
2672	3377	8600
1734	3362	8600
2662	3729	8600
2049	3530	8600
26	3251	8600
92	3726	8700
1315	3651	8700
1785	3102	8700
129	3832	8700
1917	3919	8700
2073	3592	8700
1547	3444	8700
2856	3980	8700
1220	3879	8700
372	3379	8700
1003	3135	8700
2533	3718	8700
1517	3623	8700
2009	3317	8700
517	3715	8800
2617	3805	8800
461	3929	8800
1751	3446	8800
114	3879	8800
2904	3695	8800
2011	3708	8800
2529	3053	8800
218	3055	8800
1964	3000	8800
2204	3812	8800
1720	3219	8900
133	3193	8900
2054	3902	8900
2806	3977	8900
2649	3272	8900
434	3764	8900
2425	3668	8900
169	3465	9000
2168	3607	9000
1633	3534	9000
2702	3608	9000
1360	3828	9000
2914	3113	9000
2584	3753	9000
2784	3774	9000
1813	3143	9100
2092	3011	9100
1779	3758	9100
492	3475	9100
2207	3186	9100
2013	3249	9100
1137	3012	9100
1006	3661	9100
2291	3729	9100
392	3017	9200
1359	3367	9200
2894	3882	9200
2053	3183	9200
2679	3805	9200
1170	3583	9200
1956	3119	9200
1514	3501	9200
2594	3638	9200
312	3945	9200
2242	3970	9200
959	3017	9300
539	3409	9300
1816	3377	9300
2990	3545	9300
1264	3316	9300
2295	3126	9300
1594	3347	9300
1559	3922	9300
2254	3237	9300
837	3389	9300
2790	3248	9300
491	3736	9300
1973	3724	9400
1010	3193	9400
2490	3175	9400
271	3545	9400
2166	3151	9400
567	3615	9400
2281	3598	9400
152	3187	9400
2090	3773	9400
616	3879	9400
2154	3044	9500
2872	3940	9500
2358	3304	9500
156	3699	9500
1413	3157	9500
696	3666	9500
2232	3214	9500
2175	3849	9500
1335	3724	9600
1729	3818	9600
931	3296	9600
334	3956	9600
829	3126	9600
454	3803	9600
2790	3258	9600
2755	3523	9600
2312	3952	9600
2747	3875	9700
1424	3400	9700
200	3110	9700
1032	3827	9700
716	3852	9700
2756	3249	9700
579	3672	9700
2310	3610	9700
1078	3443	9700
1789	3074	9700
2399	3091	9800
903	3407	9800
845	3383	9800
2797	3190	9800
1735	3526	9800
1307	3344	9800
2211	3402	9800
1738	3725	9900
107	3097	9900
7	3221	9900
2774	3008	9900
1580	3494	9900
2836	3584	9900
1509	3919	9900
2861	3751	9900
344	3457	9900
1083	3211	9900
1168	3152	10000
2644	3499	10000
646	3304	10000
81	3803	10000
1188	3022	10000
468	3823	10000
1422	3443	10000
199	3593	10000
1295	3945	10000
2070	3647	10100
1736	3110	10100
163	3608	10100
504	3494	10100
1062	3740	10100
1060	3214	10100
2163	3601	10100
2245	3830	10100
714	3806	10100
2222	3424	10100
775	3359	10100
2833	3961	10200
1558	3256	10200
1457	3549	10200
2753	3635	10200
284	3865	10200
1714	3608	10200
953	3399	10200
479	3642	10200
314	3106	10200
1936	3320	10200
1351	3749	10200
1731	3068	10300
2120	3467	10300
1145	3078	10300
2511	3920	10300
1183	3096	10300
1473	3525	10400
2329	3712	10400
843	3659	10400
2971	3059	10400
1650	3720	10400
410	3473	10400
1084	3990	10400
296	3541	10400
557	3117	10400
806	3533	10500
1142	3962	10500
1765	3061	10500
933	3670	10500
1104	3169	10600
1392	3696	10600
1758	3910	10600
1479	3784	10600
894	3490	10600
559	3384	10600
2330	3625	10600
816	3439	10600
1952	3103	10600
2201	3153	10600
725	3667	10600
874	3631	10700
2561	3165	10700
2537	3633	10700
715	3534	10700
926	3640	10700
584	3298	10700
581	3124	10700
147	3176	10700
1114	3341	10800
547	3197	10800
1498	3885	10800
1578	3954	10800
1928	3020	10800
856	3927	10800
1065	3777	10900
633	3368	10900
2821	3791	10900
826	3381	10900
250	3462	10900
550	3179	10900
793	3717	10900
2087	3759	10900
1466	3219	11000
440	3314	11000
2237	3190	11000
2841	3503	11000
2045	3499	11000
117	3658	11000
144	3139	11000
675	3379	11000
1348	3985	11000
2800	3477	11000
1986	3723	11100
2612	3433	11100
540	3046	11100
1894	3257	11100
1808	3009	11100
513	3803	11100
1561	3529	11100
2769	3373	11100
722	3634	11200
1388	3726	11200
1859	3677	11200
2002	3142	11200
2676	3513	11200
138	3552	11200
946	3014	11200
1434	3795	11300
2217	3269	11300
124	3515	11300
2993	3759	11300
1053	3436	11400
40	3691	11400
68	3361	11400
291	3832	11400
1091	3624	11400
63	3944	11400
2275	3060	11400
2438	3898	11400
791	3244	11400
2569	3774	11400
348	3491	11500
615	3005	11500
1665	3556	11500
2496	3189	11500
590	3545	11500
1625	3381	11500
2928	3464	11500
2384	3842	11500
2637	3872	11500
1649	3683	11500
2069	3478	11600
2890	3408	11600
1752	3410	11600
2884	3647	11600
2606	3445	11700
2063	3561	11700
165	3714	11700
733	3624	11700
1323	3831	11700
2029	3598	11700
799	3638	11700
1043	3005	11800
1654	3474	11800
645	3287	11800
1282	3892	11800
2671	3271	11800
357	3275	11800
2493	3550	11800
667	3878	11800
2044	3873	11800
805	3937	11800
2848	3120	11800
1940	3081	11800
1240	3359	11800
1400	3039	11900
660	3337	11900
2409	3311	11900
2127	3329	11900
1141	3705	12000
2926	3469	12000
1705	3963	12000
2005	3308	12000
2106	3522	12000
1600	3752	12000
2425	3281	12000
2296	3754	12100
2831	3062	12100
2871	3392	12100
2972	3456	12100
1683	3423	12100
2019	3629	12100
1440	3425	12100
2303	3179	12100
573	3451	12100
2043	3424	12200
1732	3696	12200
2412	3216	12200
2493	3504	12200
993	3185	12200
1752	3149	12200
2449	3135	12200
34	3868	12200
621	3124	12200
1281	3283	12300
2246	3321	12400
2275	3845	12400
2598	3144	12400
1766	3307	12400
759	3422	12400
2936	3543	12400
1213	3649	12400
1836	3569	12400
1449	3031	12500
719	3246	12500
2256	3165	12500
1698	3265	12500
740	3876	12500
1487	3588	12500
2475	3489	12500
705	3538	12500
2828	3741	12600
540	3832	12600
214	3906	12600
72	3299	12600
1443	3139	12600
2081	3708	12600
1807	3040	12600
1915	3353	12600
1094	3807	12600
2294	3982	12700
612	3156	12700
1496	3873	12700
205	3498	12700
928	3435	12700
817	3563	12700
898	3269	12700
2195	3289	12700
1025	3216	12800
2675	3102	12800
750	3126	12800
2428	3080	12800
582	3957	12800
1003	3086	12800
1416	3324	12800
1244	3252	12800
1463	3156	12900
2405	3960	12900
2613	3287	12900
1291	3535	12900
2260	3660	12900
1738	3138	13000
1038	3097	13000
2750	3457	13000
261	3434	13000
360	3681	13000
1490	3321	13000
821	3542	13000
1799	3096	13000
2323	3249	13000
1564	3621	13000
112	3353	13000
528	3191	13000
2402	3049	13000
1352	3372	13000
2685	3992	13100
1595	3661	13100
2096	3353	13100
1946	3035	13100
1546	3952	13100
1429	3260	13200
1585	3872	13200
2056	3482	13200
398	3543	13200
1098	3524	13300
1737	3411	13300
1638	3436	13300
2314	3578	13300
833	3048	13300
1339	3206	13300
498	3081	13300
369	3726	13300
421	3890	13400
2370	3110	13400
2250	3712	13400
1557	3287	13400
944	3958	13400
716	3616	13400
2839	3089	13500
203	3713	13500
2748	3094	13500
2439	3453	13500
674	3268	13600
1285	3102	13600
340	3938	13600
215	3940	13600
897	3316	13600
1149	3338	13600
66	3980	13600
2173	3546	13600
312	3335	13600
1053	3781	13700
2293	3478	13700
2592	3156	13700
2938	3302	13700
561	3777	13700
382	3385	13700
2562	3470	13800
274	3769	13800
748	3145	13800
927	3300	13800
1611	3951	13800
2837	3690	13900
730	3052	13900
1779	3437	13900
1669	3299	13900
1350	3671	13900
2923	3236	13900
2637	3108	13900
356	3868	13900
2817	3837	14000
2937	3698	14000
1692	3875	14000
2643	3225	14000
2138	3375	14000
2116	3899	14000
1749	3169	14100
411	3488	14100
1007	3594	14100
937	3349	14100
198	3069	14100
2568	3131	14200
2720	3917	14200
1279	3011	14200
1143	3759	14200
2518	3339	14200
2234	3030	14300
2277	3141	14300
1863	3197	14300
2857	3444	14300
267	3994	14300
2410	3844	14300
1559	3695	14300
2404	3481	14300
671	3611	14300
927	3439	14300
686	3378	14400
1803	3753	14400
1637	3966	14400
512	3256	14500
609	3394	14500
1283	3557	14500
1538	3210	14500
2488	3630	14500
2187	3341	14500
2724	3202	14500
881	3145	14500
2139	3352	14500
2699	3161	14600
779	3833	14600
1178	3525	14700
2785	3702	14700
226	3579	14700
24	3754	14700
1222	3553	14700
1986	3804	14700
82	3731	14700
2468	3457	14700
975	3882	14800
1607	3624	14800
665	3944	14800
1771	3352	14800
1381	3092	14800
1419	3292	14900
2902	3132	14900
2194	3075	14900
149	3764	14900
2036	3231	14900
2300	3383	15000
818	3665	15000
2504	3798	15000
1379	3479	15000
630	3853	15100
923	3914	15100
602	3259	15100
1613	3120	15100
1333	3372	15100
2953	3515	15100
1972	3039	15100
1892	3613	15200
558	3113	15200
2192	3484	15200
2975	3794	15200
2403	3874	15200
1934	3415	15200
2135	3169	15300
214	3578	15300
1025	3797	15300
2459	3236	15300
2405	3878	15300
1549	3876	15300
1214	3626	15300
1842	3717	15300
105	3372	15300
2338	3860	15400
1980	3232	15400
1563	3988	15400
320	3813	15400
2723	3509	15400
2682	3409	15500
1035	3783	15500
1705	3671	15500
2409	3421	15500
832	3597	15500
1294	3228	15500
1284	3003	15500
2137	3000	15500
1718	3949	15600
2295	3867	15600
1021	3139	15600
2332	3639	15600
2900	3641	15700
1926	3781	15700
2143	3062	15700
1072	3971	15700
2906	3776	15700
1151	3124	15700
2605	3964	15800
746	3259	15800
1072	3659	15800
955	3821	15800
1913	3935	15800
483	3865	15800
1523	3127	15800
1614	3796	15800
1847	3150	15800
2178	3458	15900
2272	3087	15900
2441	3218	15900
1353	3684	15900
1370	3192	15900
2032	3083	16000
2691	3748	16000
2243	3933	16000
780	3117	16000
2623	3443	16000
982	3632	16100
2773	3603	16100
691	3783	16100
1337	3330	16100
1702	3767	16100
1245	3302	16200
1709	3572	16200
521	3355	16200
2385	3655	16200
1637	3644	16200
2205	3233	16300
1369	3087	16300
347	3243	16300
1108	3386	16300
2992	3855	16300
2799	3623	16400
1266	3545	16400
2950	3226	16400
2264	3565	16400
1138	3509	16400
2203	3902	16500
589	3385	16500
2149	3308	16500
881	3084	16500
2977	3855	16500
1287	3880	16500
1274	3897	16500
1278	3174	16500
1975	3547	16600
2435	3651	16600
1923	3960	16600
492	3494	16600
2112	3452	16600
123	3068	16600
1112	3220	16700
484	3450	16700
241	3453	16700
2667	3831	16700
1193	3849	16700
2273	3351	16800
1140	3879	16800
1837	3528	16800
1603	3159	16800
681	3618	16900
2171	3216	16900
2804	3687	16900
2477	3019	16900
2801	3778	16900
2304	3298	16900
45	3064	16900
2739	3249	17000
2757	3405	17000
2015	3280	17000
550	3312	17000
2395	3205	17000
2353	3982	17100
1783	3098	17100
2909	3332	17100
1667	3078	17100
1522	3172	17100
442	3743	17100
796	3827	17100
1061	3401	17100
2680	3808	17100
1545	3231	17200
1317	3346	17200
1787	3532	17200
17	3304	17200
2661	3514	17200
2910	3391	17200
1504	3768	17200
1702	3610	17200
1038	3637	17300
396	3063	17300
2523	3047	17300
1216	3359	17300
747	3609	17300
495	3987	17400
1007	3265	17400
2485	3731	17400
1095	3929	17400
841	3379	17400
2443	3623	17500
2675	3224	17500
2416	3358	17500
1311	3833	17500
2882	3898	17600
1234	3455	17600
1507	3068	17600
520	3741	17700
781	3100	17700
1316	3280	17700
2589	3600	17700
94	3866	17700
1055	3301	17800
2814	3219	17800
1353	3977	17800
1248	3576	17800
1188	3461	17800
2966	3591	17800
1581	3538	17900
2633	3720	17900
1970	3632	17900
1891	3417	17900
74	3349	17900
1664	3069	17900
358	3606	18000
2026	3760	18000
2479	3859	18000
1950	3559	18000
650	3578	18000
1646	3919	18000
1880	3277	18000
547	3495	18000
1564	3118	18000
1410	3708	18000
452	3180	18100
666	3134	18100
1804	3350	18100
1959	3704	18100
2603	3355	18100
925	3458	18200
795	3800	18200
1713	3108	18200
1652	3543	18200
2775	3440	18300
2085	3849	18400
1470	3713	18400
2650	3465	18400
2020	3347	18400
2383	3884	18500
2586	3640	18500
2181	3435	18500
1016	3323	18500
11	3580	18600
2917	3932	18600
471	3797	18600
1664	3686	18600
2819	3182	18600
441	3447	18700
708	3706	18700
1090	3293	18700
1427	3860	18900
666	3977	18900
2004	3494	18900
1734	3586	18900
951	3330	18900
779	3284	18900
1009	3458	19000
2543	3618	19000
2608	3499	19000
751	3688	19000
2742	3129	19000
2385	3913	19000
1508	3117	19000
1342	3250	19000
1626	3970	19100
2565	3620	19100
2362	3275	19100
1793	3058	19100
1875	3827	19200
2553	3045	19200
1090	3682	19200
1022	3137	19300
297	3779	19300
916	3971	19300
2579	3194	19300
2010	3874	19300
1642	3683	19300
1786	3555	19400
2185	3975	19400
2862	3182	19400
2831	3595	19500
170	3834	19500
2465	3826	19500
791	3786	19500
1906	3997	19500
2861	3683	19500
80	3458	19600
1375	3559	19600
1024	3279	19600
896	3544	19600
295	3185	19600
1711	3739	19600
922	3981	19700
1823	3828	19700
2198	3362	19700
2208	3410	19700
101	3907	19700
271	3918	19800
1355	3134	19800
1919	3512	19800
1763	3500	19800
1583	3207	19800
323	3749	19800
2494	3476	19800
2368	3256	19800
2263	3180	19900
2407	3847	19900
2131	3402	19900
2907	3068	19900
769	3513	20000
1604	3007	20000
892	3686	20000
2047	3716	20000
2886	3484	20100
2858	3027	20100
2685	3138	20200
2887	3758	20200
1902	3636	20200
970	3411	20300
2157	3869	20300
2929	3325	20300
2829	3539	20300
2791	3921	20300
2788	3042	20300
2697	3307	20400
2898	3861	20400
1928	3628	20400
543	3161	20500
399	3279	20500
2434	3433	20500
1526	3137	20500
193	3483	20500
2586	3508	20500
1163	3830	20500
2552	3333	20500
1826	3666	20500
2527	3601	20500
2341	3369	20600
1240	3747	20600
0	3317	20600
2346	3415	20600
1530	3082	20600
1355	3223	20700
1122	3264	20700
2695	3511	20700
1211	3699	20700
1580	3792	20800
951	3234	20800
688	3135	20800
838	3068	20800
701	3074	20800
229	3472	20900
2954	3887	20900
1132	3862	20900
1815	3682	20900
2832	3725	21000
1427	3184	21000
347	3777	21000
424	3991	21000
914	3823	21000
2270	3267	21000
2899	3520	21000
1888	3023	21100
2962	3962	21200
1457	3720	21200
1429	3691	21200
1915	3751	21200
339	3454	21300
2961	3521	21300
1524	3048	21300
2269	3162	21300
2883	3704	21300
1875	3819	21300
1635	3448	21400
1177	3875	21400
2285	3298	21400
2333	3617	21400
343	3987	21500
1671	3534	21500
2124	3167	21500
1293	3500	21500
2176	3997	21500
394	3111	21600
2957	3468	21600
13	3534	21600
2645	3867	21600
2077	3892	21600
2331	3734	21600
404	3397	21600
848	3267	21700
1931	3717	21700
968	3015	21800
1254	3487	21800
2849	3149	21800
43	3907	21800
1352	3749	21800
2869	3904	22000
1190	3200	22000
422	3208	22000
361	3282	22000
283	3449	22100
1678	3477	22100
1858	3967	22100
2548	3332	22200
1212	3391	22200
1102	3063	22200
549	3179	22200
1037	3877	22300
476	3996	22300
784	3348	22300
912	3364	22400
1979	3696	22400
2998	3013	22400
153	3710	22500
308	3666	22500
1485	3585	22600
709	3517	22600
1519	3446	22600
324	3819	22600
770	3347	22600
785	3843	22600
2365	3254	22600
958	3549	22700
1433	3057	22700
1660	3182	22700
2371	3729	22700
463	3724	22800
252	3137	22800
2577	3495	22800
2387	3390	22800
712	3057	22800
236	3015	22900
537	3496	22900
788	3285	22900
71	3272	22900
1324	3096	22900
18	3609	22900
1317	3537	23000
2352	3677	23000
1480	3655	23000
2612	3537	23100
724	3272	23100
1538	3473	23100
1308	3577	23100
450	3437	23200
1860	3449	23200
2854	3962	23200
255	3077	23200
2034	3314	23300
285	3368	23400
1865	3447	23400
2104	3277	23400
2308	3396	23400
1458	3206	23500
2745	3269	23500
1342	3180	23600
1838	3738	23600
150	3361	23600
591	3435	23600
2074	3899	23600
1257	3288	23700
2491	3075	23700
2247	3012	23700
1897	3946	23800
1308	3063	23800
1693	3168	23800
73	3240	23900
2079	3484	23900
934	3140	23900
288	3180	23900
2744	3882	24000
1541	3717	24000
2581	3419	24100
1106	3309	24100
1218	3719	24100
1303	3350	24100
1978	3794	24100
1029	3469	24200
206	3601	24200
340	3715	24300
2982	3836	24300
109	3804	24300
1819	3526	24300
2406	3387	24300
1138	3650	24300
1663	3951	24300
847	3579	24400
1697	3072	24400
2351	3498	24400
1334	3401	24400
2704	3013	24400
2703	3251	24400
2845	3837	24400
2258	3629	24500
211	3808	24500
1157	3060	24600
2126	3566	24600
1096	3854	24600
1345	3259	24600
1180	3916	24600
1023	3871	24700
2668	3737	24700
707	3821	24700
1998	3504	24700
362	3948	24700
764	3239	24700
2966	3727	24700
2541	3775	24800
1272	3504	24800
861	3234	24800
2065	3981	24900
695	3873	24900
2601	3693	24900
697	3894	24900
29	3862	24900
2352	3592	25000
85	3768	25000
2453	3024	25000
474	3783	25100
377	3304	25100
1506	3235	25100
2654	3069	25100
1385	3057	25100
1536	3896	25100
1660	3870	25100
1926	3436	25200
1149	3158	25200
1619	3948	25200
1536	3406	25200
2497	3309	25200
1490	3580	25300
2267	3135	25300
2692	3323	25300
2481	3289	25300
1601	3815	25400
2026	3346	25400
2696	3228	25400
1069	3628	25400
617	3927	25400
2986	3647	25500
1995	3460	25500
2341	3126	25500
1275	3067	25500
2804	3419	25600
2806	3400	25600
2092	3381	25600
2008	3911	25700
2432	3814	25700
1996	3978	25700
1116	3039	25700
2736	3262	25800
2052	3025	25800
2922	3753	25800
1515	3128	25800
2334	3250	25800
1744	3525	25900
2649	3170	25900
1171	3688	25900
387	3340	25900
79	3743	25900
1278	3440	25900
2744	3204	26000
720	3758	26000
1668	3964	26000
762	3148	26000
1326	3557	26000
598	3253	26000
2151	3641	26100
1609	3058	26100
2035	3171	26200
728	3547	26300
2809	3367	26300
710	3165	26300
1082	3190	26300
2301	3078	26300
635	3485	26300
207	3484	26300
2517	3870	26300
517	3589	26400
2540	3659	26400
2927	3133	26400
1309	3558	26400
2835	3413	26400
88	3414	26500
2214	3031	26600
1133	3714	26600
488	3652	26600
2815	3159	26600
752	3906	26700
2056	3025	26700
2940	3748	26800
1074	3684	26800
1126	3423	26800
159	3194	26800
2456	3913	26800
2140	3138	26900
385	3597	26900
562	3577	26900
2483	3737	27000
2925	3393	27000
461	3678	27000
662	3647	27000
812	3425	27100
889	3413	27100
2027	3852	27100
1223	3829	27100
388	3357	27200
865	3536	27200
2555	3589	27300
2256	3464	27300
2498	3705	27300
1299	3244	27300
1217	3130	27300
253	3815	27400
1624	3170	27400
2331	3999	27400
371	3859	27500
1802	3320	27500
981	3267	27500
2289	3472	27600
1941	3231	27600
2929	3825	27600
1893	3465	27700
207	3831	27700
1725	3231	27800
1924	3917	27800
738	3216	27800
2693	3706	27800
1841	3643	27800
238	3174	27800
1943	3028	27900
1056	3175	27900
2055	3221	27900
849	3193	28000
2390	3845	28000
2290	3786	28000
820	3267	28000
2031	3017	28100
1255	3831	28100
521	3353	28100
2499	3524	28200
711	3938	28200
1280	3923	28200
1898	3549	28200
1896	3751	28200
2154	3457	28300
1041	3125	28300
456	3199	28400
1616	3286	28400
510	3183	28400
2691	3624	28400
1886	3041	28400
1213	3760	28400
808	3996	28500
710	3902	28500
1628	3947	28500
357	3499	28600
2082	3228	28600
103	3174	28600
1200	3112	28600
302	3609	28600
1252	3893	28700
1768	3034	28700
2636	3975	28800
652	3223	28800
1914	3200	28800
44	3378	28800
2856	3925	28800
294	3029	28800
367	3725	28900
870	3789	28900
318	3227	28900
2835	3114	28900
2468	3220	29000
2374	3132	29000
1417	3801	29000
301	3669	29000
519	3723	29100
188	3382	29100
2681	3398	29100
936	3509	29100
867	3237	29100
1556	3268	29100
452	3250	29200
663	3140	29200
1893	3533	29300
110	3050	29300
604	3848	29300
2578	3822	29300
1689	3163	29300
1646	3635	29400
2852	3444	29400
1144	3731	29400
378	3077	29400
777	3966	29400
2663	3606	29500
2258	3562	29500
86	3043	29600
219	3218	29600
735	3303	29600
275	3214	29600
1373	3396	29600
2200	3890	29700
2544	3845	29700
1161	3656	29700
2553	3563	29700
1652	3683	29700
239	3314	29800
2924	3970	29800
566	3692	29800
1265	3242	29800
2034	3993	29900
49	3382	29900
1701	3544	29900
2325	3075	30000
1870	3380	30000
865	3908	30000
2776	3031	30100
2487	3532	30100
1670	3804	30200
2358	3820	30200
1618	3814	30200
1391	3406	30200
2894	3291	30300
250	3390	30300
2451	3118	30400
406	3833	30400
1325	3476	30400
1897	3364	30500
2190	3625	30500
760	3852	30500
1345	3854	30600
688	3830	30600
1023	3030	30700
537	3996	30700
1621	3349	30700
2208	3149	30700
2252	3129	30700
977	3615	30800
1481	3742	30800
2911	3924	30800
2039	3123	30800
1651	3536	30800
590	3478	31000
219	3981	31000
116	3955	31000
2667	3001	31100
1583	3391	31100
473	3930	31200
2555	3938	31200
889	3114	31200
1651	3908	31200
1825	3159	31200
2093	3949	31300
1995	3264	31300
237	3338	31300
2512	3282	31300
2454	3428	31400
510	3784	31400
447	3877	31500
1392	3240	31500
2235	3000	31500
1087	3838	31500
655	3041	31600
1219	3261	31600
1155	3915	31700
1699	3289	31700
2248	3988	31700
1307	3089	31700
4	3112	31700
2433	3152	31800
427	3348	31800
2802	3170	31800
139	3800	31800
2463	3198	31800
2796	3104	31900
2220	3663	31900
2132	3542	32000
2793	3493	32000
2202	3886	32000
2660	3651	32000
1924	3151	32000
1075	3768	32000
2986	3220	32100
677	3805	32100
1743	3593	32100
2636	3599	32200
2810	3086	32200
1412	3824	32300
571	3450	32300
2792	3448	32300
1114	3629	32300
2583	3575	32400
1589	3365	32400
1467	3529	32400
2506	3582	32500
2446	3336	32500
922	3257	32600
772	3883	32600
1656	3199	32800
2964	3886	32800
2215	3977	32800
2251	3071	32800
1763	3462	32800
2754	3858	32800
2244	3661	32800
2709	3547	32900
108	3253	32900
2267	3327	32900
1070	3326	33000
2182	3790	33000
432	3830	33000
949	3452	33000
2807	3836	33100
600	3615	33100
2055	3107	33100
1959	3365	33100
1051	3941	33100
1394	3587	33100
2168	3730	33200
1512	3354	33200
254	3049	33200
1653	3436	33300
2532	3688	33300
1753	3107	33300
1843	3707	33300
781	3241	33300
259	3200	33300
317	3153	33300
1901	3882	33400
1619	3678	33500
278	3356	33500
2587	3979	33600
2817	3596	33600
656	3095	33700
2870	3990	33700
813	3123	33700
936	3744	33700
1634	3371	33800
2339	3046	33800
933	3009	33800
1154	3611	33800
2874	3459	33900
2566	3326	34000
136	3652	34000
2217	3014	34000
1059	3089	34000
48	3427	34100
998	3842	34100
1128	3007	34100
417	3229	34100
178	3613	34200
2601	3519	34200
679	3587	34200
1681	3579	34300
2958	3570	34300
2313	3655	34300
1167	3966	34400
656	3513	34500
2509	3841	34500
1192	3701	34600
2879	3399	34600
298	3207	34600
1667	3521	34700
788	3603	34700
2380	3150	34800
2368	3824	34800
2829	3260	34900
355	3778	34900
374	3063	34900
910	3300	34900
1382	3466	35000
1596	3597	35000
593	3663	35000
1002	3477	35000
1285	3334	35100
1431	3681	35100
1289	3677	35100
1778	3418	35100
2375	3586	35200
1876	3107	35300
2524	3195	35300
1745	3184	35300
2583	3943	35400
2873	3983	35400
2707	3664	35400
2166	3102	35500
938	3233	35500
402	3189	35500
619	3840	35500
957	3460	35500
2340	3085	35500
2640	3896	35500
2073	3475	35600
1148	3498	35600
2342	3965	35700
2300	3787	35700
2983	3763	35700
1203	3121	35800
120	3928	35800
967	3460	35800
341	3266	35800
1146	3613	35900
133	3325	35900
2176	3857	35900
1814	3709	35900
996	3418	36000
2873	3345	36000
4	3622	36000
1300	3609	36000
58	3599	36100
21	3129	36100
381	3759	36100
1653	3781	36200
2661	3391	36200
1048	3389	36200
2164	3692	36300
2864	3137	36500
155	3539	36500
1722	3884	36500
1772	3861	36500
2238	3441	36500
888	3242	36500
924	3701	36600
1283	3295	36600
2577	3197	36600
649	3732	36600
1047	3957	36600
855	3498	36600
610	3559	36700
393	3492	36800
2729	3100	36800
2148	3616	36800
1328	3589	36900
2824	3544	36900
1554	3083	37000
735	3340	37000
687	3581	37000
703	3934	37000
411	3991	37100
1085	3417	37100
1690	3106	37100
1164	3759	37100
80	3623	37200
609	3987	37200
1368	3752	37200
528	3324	37200
713	3993	37300
1309	3343	37300
1166	3114	37300
2905	3622	37300
2906	3734	37400
321	3195	37400
585	3078	37500
38	3746	37500
534	3849	37600
466	3436	37600
943	3582	37600
1328	3889	37600
894	3009	37600
391	3459	37600
1612	3002	37600
1901	3291	37700
1437	3160	37700
1840	3221	37700
2794	3332	37900
511	3223	37900
2282	3405	37900
110	3962	38000
680	3168	38000
1196	3521	38100
2117	3412	38100
2334	3081	38100
2976	3199	38200
1855	3110	38200
431	3019	38200
1874	3418	38200
997	3856	38200
10	3864	38300
1839	3296	38300
809	3850	38500
1944	3934	38500
2853	3266	38500
583	3829	38500
1654	3946	38600
384	3420	38600
1829	3526	38600
2161	3515	38600
406	3596	38600
847	3605	38700
2302	3790	38700
1085	3797	38700
2959	3342	38800
2325	3960	38800
2676	3066	38800
2024	3234	38800
2677	3934	38800
413	3542	38900
1115	3361	38900
2305	3732	38900
401	3410	38900
1866	3389	38900
802	3457	39000
2997	3491	39000
1785	3224	39000
1101	3886	39000
564	3630	39000
1128	3740	39000
1117	3049	39000
2931	3977	39100
1539	3264	39100
1489	3971	39100
900	3895	39100
2119	3415	39100
1250	3130	39100
2180	3116	39100
1749	3545	39200
415	3408	39200
1955	3994	39200
2430	3426	39200
1478	3132	39300
2307	3626	39300
2396	3550	39400
584	3514	39400
182	3231	39400
2060	3258	39500
1258	3038	39500
961	3631	39500
1215	3216	39500
134	3600	39500
1612	3933	39500
2411	3622	39500
2151	3613	39600
1892	3853	39600
2942	3911	39600
978	3108	39600
1670	3723	39700
50	3271	39700
2727	3378	39700
2631	3140	39700
2678	3469	39900
1852	3677	39900
2657	3587	39900
2257	3573	40000
2701	3851	40000
196	3378	40000
595	3113	40000
2983	3660	40000
2834	3224	40100
953	3490	40100
638	3194	40100
1552	3802	40100
1157	3892	40200
2813	3380	40200
468	3933	40200
1471	3023	40300
1382	3111	40300
2816	3458	40300
742	3615	40300
1343	3162	40300
745	3346	40400
2474	3521	40400
2600	3402	40400
845	3787	40500
416	3632	40500
112	3440	40500
678	3724	40600
824	3148	40600
228	3238	40600
2580	3647	40700
1662	3376	40700
804	3227	40700
1833	3143	40800
265	3851	40800
2881	3416	40800
741	3566	40800
1707	3614	40800
877	3541	40800
88	3476	40900
257	3296	40900
2766	3612	41000
2916	3428	41000
2545	3924	41000
1417	3326	41100
2061	3909	41100
233	3710	41200
2774	3742	41400
1895	3041	41400
164	3463	41500
2376	3092	41500
596	3233	41500
883	3618	41500
2339	3757	41500
774	3581	41500
593	3378	41500
1215	3245	41600
1726	3599	41600
1606	3343	41600
2315	3792	41600
2850	3248	41700
2354	3207	41700
2354	3345	41700
2823	3114	41700
213	3687	41800
243	3584	41800
950	3248	41900
648	3011	41900
2985	3500	41900
1797	3783	42000
1998	3550	42000
2355	3849	42100
646	3820	42100
1704	3638	42100
1949	3105	42100
1676	3322	42200
1198	3818	42200
687	3510	42200
2975	3576	42200
1051	3927	42200
2860	3846	42200
2474	3956	42400
301	3677	42400
62	3391	42400
2381	3830	42400
2687	3305	42400
48	3407	42500
1767	3132	42500
1076	3348	42500
2635	3292	42500
610	3835	42600
2238	3706	42600
846	3122	42700
850	3983	42700
2527	3114	42700
2067	3315	42700
1603	3729	42700
1462	3889	42800
1298	3986	42800
2420	3715	42900
171	3109	42900
617	3396	42900
940	3899	43000
2349	3160	43000
1139	3630	43000
276	3533	43100
2545	3253	43100
1488	3834	43100
2029	3986	43100
2292	3426	43100
1216	3747	43100
2680	3765	43100
358	3567	43200
2550	3930	43200
2901	3273	43200
111	3758	43300
155	3260	43300
2599	3277	43300
2098	3147	43300
100	3355	43300
2462	3755	43400
1388	3474	43400
1835	3470	43400
2773	3404	43400
217	3888	43400
1113	3823	43400
2692	3328	43400
328	3857	43400
2713	3156	43500
247	3005	43500
121	3850	43500
2837	3322	43600
296	3298	43600
2739	3629	43600
906	3477	43600
1937	3961	43600
659	3730	43800
2093	3065	43800
2500	3669	43800
274	3139	43800
2587	3639	43800
1621	3378	43900
592	3205	43900
1918	3744	43900
2075	3286	44000
2821	3171	44000
23	3125	44100
2733	3776	44100
1519	3576	44100
1050	3772	44100
2007	3501	44100
10	3044	44200
1015	3852	44200
683	3240	44300
1840	3290	44300
556	3018	44300
188	3522	44400
2784	3036	44400
2753	3294	44500
1951	3986	44500
2398	3716	44500
1527	3132	44600
1939	3762	44600
1605	3760	44700
2441	3224	44700
1503	3788	44700
160	3198	44700
2328	3044	44800
2209	3710	44800
503	3434	44900
472	3355	44900
2767	3926	45000
2783	3336	45000
300	3656	45000
2463	3320	45000
2534	3467	45100
629	3019	45100
1169	3514	45100
2233	3328	45100
270	3406	45100
166	3441	45200
2195	3654	45200
1109	3130	45200
319	3004	45200
49	3167	45300
2598	3881	45300
800	3659	45300
2556	3176	45300
2623	3856	45300
1270	3001	45400
2372	3441	45400
1061	3753	45400
1694	3411	45500
450	3886	45500
1119	3374	45600
2015	3531	45600
2310	3767	45600
1952	3502	45600
645	3171	45700
858	3642	45700
2066	3709	45700
330	3389	45700
2241	3845	45800
2103	3427	45900
1484	3520	45900
420	3982	46000
154	3002	46000
1205	3541	46000
1922	3774	46000
449	3523	46000
594	3961	46100
2881	3337	46100
1934	3756	46100
1523	3475	46200
208	3841	46200
2219	3653	46200
215	3061	46300
1039	3510	46300
1820	3157	46300
1199	3621	46300
835	3083	46400
1082	3279	46400
230	3446	46400
1386	3105	46400
569	3208	46400
142	3673	46400
947	3523	46400
828	3837	46400
686	3001	46500
2510	3007	46500
2851	3988	46500
763	3222	46500
619	3615	46600
2190	3561	46600
2915	3239	46600
162	3943	46700
1499	3542	46700
2077	3923	46700
604	3511	46700
2251	3241	46700
1555	3895	46700
1169	3391	46700
1054	3936	46700
209	3505	46800
331	3141	46800
346	3541	46800
2521	3601	46800
2990	3940	46900
2396	3006	46900
1870	3693	46900
306	3152	47000
2100	3361	47000
698	3559	47000
2269	3939	47000
1969	3202	47000
147	3674	47000
952	3013	47100
394	3436	47100
1631	3798	47100
930	3013	47200
2950	3167	47200
2715	3637	47200
1094	3846	47200
2516	3154	47200
2381	3680	47200
2260	3192	47200
2714	3037	47300
2188	3607	47300
1191	3784	47300
220	3488	47300
2552	3066	47300
2823	3628	47300
524	3756	47300
1367	3713	47400
2366	3195	47400
506	3324	47400
624	3111	47500
2871	3853	47500
1406	3998	47500
1528	3962	47500
2702	3164	47500
332	3584	47500
342	3516	47500
1586	3144	47500
1823	3194	47500
1501	3475	47500
782	3746	47500
2716	3864	47600
2972	3506	47600
2455	3681	47700
580	3399	47700
746	3142	47700
1895	3227	47700
2921	3856	47700
1437	3977	47800
2955	3516	47800
1532	3498	47800
2377	3502	47800
1434	3243	47900
1127	3889	47900
2655	3996	47900
749	3177	47900
145	3622	47900
1528	3777	48000
2786	3974	48000
1512	3271	48000
690	3278	48000
2760	3144	48100
2130	3669	48100
1071	3241	48100
801	3450	48200
505	3328	48200
2066	3560	48200
344	3342	48300
2865	3781	48300
1280	3060	48300
1636	3631	48300
2186	3382	48300
892	3106	48300
1788	3382	48400
1548	3319	48400
61	3515	48400
2847	3596	48400
603	3424	48500
2886	3075	48500
376	3298	48500
83	3152	48600
1625	3429	48600
1395	3848	48600
1015	3706	48600
2112	3774	48600
2319	3217	48800
1185	3802	48800
23	3575	48800
2348	3027	48800
2508	3578	48800
1686	3492	48800
1304	3163	48800
16	3536	48800
2621	3712	48900
548	3669	48900
2892	3925	48900
32	3483	48900
1135	3823	48900
1156	3166	48900
2850	3258	48900
671	3736	48900
75	3908	48900
1742	3104	49000
2922	3209	49000
2486	3233	49100
2234	3321	49100
2337	3095	49100
2118	3655	49100
1858	3105	49100
1806	3777	49200
813	3872	49300
1589	3053	49300
462	3168	49300
2764	3906	49400
844	3924	49400
1533	3510	49400
1598	3719	49400
1728	3414	49400
890	3780	49500
475	3377	49600
495	3992	49600
1865	3008	49600
1172	3856	49600
682	3318	49700
256	3607	49700
566	3848	49700
491	3717	49700
1631	3209	49800
1911	3168	49900
36	3159	49900
1237	3867	50000
1709	3498	50000
1817	3073	50000
1030	3940	50100
1452	3885	50100
2638	3862	50100
498	3150	50100
2944	3925	50200
1881	3622	50200
1957	3442	50200
1459	3551	50300
2420	3938	50400
713	3314	50400
1758	3750	50400
2119	3410	50400
531	3673	50400
1728	3968	50400
2435	3272	50500
2237	3274	50500
1369	3580	50500
704	3995	50500
1475	3259	50500
2481	3654	50500
1376	3261	50500
867	3657	50500
2769	3644	50500
1937	3344	50500
2715	3097	50600
734	3325	50600
464	3963	50600
2347	3791	50600
981	3703	50600
1988	3250	50700
980	3433	50700
283	3467	50700
583	3222	50700
932	3582	50800
2447	3875	50800
237	3656	50800
1251	3746	50900
2062	3261	50900
896	3568	50900
990	3108	50900
2513	3571	50900
1954	3164	51000
1005	3210	51000
2113	3528	51000
728	3125	51100
2903	3777	51100
745	3054	51100
1466	3021	51100
297	3542	51100
2927	3369	51100
2690	3358	51100
2378	3801	51200
1371	3873	51200
410	3671	51200
227	3942	51200
2912	3431	51200
1452	3572	51200
1971	3063	51200
2677	3327	51200
2935	3933	51200
542	3889	51300
999	3420	51300
2018	3682	51300
2908	3414	51300
2036	3466	51400
1336	3427	51400
172	3998	51400
724	3433	51400
429	3541	51400
2991	3106	51400
2896	3031	51500
190	3461	51500
1066	3335	51500
1271	3854	51600
1774	3277	51600
445	3235	51600
2257	3864	51700
2503	3445	51700
1184	3995	51700
1073	3956	51700
1247	3283	51700
197	3711	51700
2149	3888	51700
2944	3942	51700
2900	3799	51800
567	3996	51800
1479	3223	51800
1624	3368	51800
1556	3003	51800
1276	3176	51800
221	3785	51900
25	3653	51900
2872	3061	51900
1747	3881	51900
428	3619	51900
586	3444	51900
2184	3130	51900
1468	3633	52000
2050	3078	52000
290	3989	52000
2187	3597	52000
168	3630	52000
2434	3272	52100
1715	3420	52100
1935	3851	52200
1005	3510	52200
2539	3237	52200
2771	3073	52200
1941	3111	52200
2094	3836	52300
967	3336	52300
1314	3122	52300
870	3417	52300
2363	3861	52300
405	3601	52300
1993	3166	52300
2836	3679	52400
444	3198	52400
2588	3525	52500
2632	3321	52500
2017	3226	52500
2885	3614	52500
201	3994	52500
2505	3093	52500
1672	3725	52600
2143	3445	52600
810	3145	52600
2042	3237	52600
2622	3068	52600
2132	3204	52700
2488	3070	52700
433	3999	52700
64	3071	52700
26	3890	52700
1412	3174	52700
1813	3926	52800
368	3175	52800
2531	3215	52800
1800	3917	52800
1063	3376	52800
2509	3552	52800
2732	3837	52800
2921	3857	52800
2075	3044	52900
1638	3335	52900
2965	3253	52900
1910	3834	52900
1340	3438	52900
22	3408	53000
1070	3420	53100
82	3568	53100
2379	3979	53100
1984	3627	53200
1973	3430	53200
638	3828	53200
769	3551	53200
1443	3145	53200
140	3101	53200
2639	3168	53200
2568	3533	53300
2332	3695	53300
717	3198	53300
2995	3755	53400
2203	3165	53400
1954	3077	53400
1012	3646	53500
174	3262	53500
2730	3815	53500
2265	3246	53500
2265	3938	53500
277	3166	53500
2270	3153	53500
2664	3309	53500
485	3438	53500
2746	3524	53600
2353	3760	53600
380	3634	53600
68	3450	53600
1510	3002	53600
2016	3106	53600
2391	3443	53700
2506	3975	53800
171	3368	53800
1456	3631	53800
1968	3189	53800
2780	3994	53800
649	3642	53800
298	3345	53900
1137	3327	53900
1521	3955	53900
2109	3825	54000
937	3350	54000
1911	3689	54000
199	3310	54000
525	3523	54000
1338	3618	54100
1202	3364	54100
587	3694	54100
2528	3370	54100
1957	3813	54100
83	3793	54200
971	3492	54200
770	3443	54200
116	3239	54300
1228	3312	54300
2054	3627	54400
1236	3098	54400
473	3265	54400
1543	3366	54400
2589	3327	54400
2297	3121	54500
2250	3247	54500
1848	3579	54500
281	3499	54500
2414	3429	54500
2072	3202	54500
151	3710	54500
164	3662	54600
563	3243	54600
2124	3226	54600
1560	3308	54600
1851	3170	54600
572	3648	54600
1593	3709	54600
1261	3846	54600
2762	3044	54700
825	3783	54700
2299	3342	54700
2979	3851	54800
89	3632	54800
2428	3869	54800
2452	3453	54800
565	3895	54800
964	3855	54800
453	3123	54800
6	3472	54900
2840	3364	54900
1649	3438	54900
1962	3463	54900
683	3970	55000
2705	3836	55000
384	3326	55000
1017	3382	55000
1312	3399	55000
1436	3936	55000
760	3616	55000
2315	3590	55100
14	3638	55100
568	3709	55100
2158	3438	55100
2987	3230	55200
1686	3279	55200
2760	3619	55200
2890	3210	55200
887	3543	55200
1703	3930	55300
2114	3755	55400
2106	3259	55400
2558	3957	55400
239	3371	55500
2520	3932	55500
2221	3006	55500
1337	3894	55500
915	3885	55500
1761	3688	55600
1544	3022	55600
2877	3379	55600
460	3589	55700
2683	3739	55700
918	3291	55700
500	3040	55700
1049	3353	55700
1994	3098	55800
2826	3288	55800
364	3568	55800
1659	3573	55800
2918	3206	55900
886	3408	55900
1781	3543	55900
2588	3081	56000
2213	3005	56000
451	3213	56000
2618	3424	56100
2932	3201	56100
1344	3679	56100
575	3858	56100
56	3255	56100
313	3004	56100
1086	3739	56100
2259	3043	56200
2597	3474	56200
821	3204	56200
2051	3633	56200
1505	3599	56200
300	3944	56200
1683	3811	56200
2394	3413	56200
1232	3675	56200
535	3641	56200
2108	3274	56300
632	3260	56300
1741	3944	56300
694	3350	56300
2868	3333	56300
1130	3405	56300
1517	3132	56400
1306	3746	56400
1745	3860	56400
2825	3665	56400
2142	3995	56400
1762	3051	56400
1320	3831	56400
2967	3811	56400
2223	3642	56400
398	3683	56400
2047	3220	56400
400	3302	56500
2177	3417	56500
553	3967	56500
1817	3177	56500
1376	3198	56500
1540	3961	56500
1361	3908	56500
2538	3606	56600
633	3051	56600
741	3048	56600
660	3534	56600
2513	3983	56600
172	3088	56700
244	3576	56700
2422	3566	56800
664	3288	56800
2787	3736	56800
1698	3295	56900
479	3514	56900
574	3823	56900
2209	3237	56900
1882	3976	56900
272	3706	57000
973	3020	57000
2663	3567	57100
1469	3245	57100
614	3237	57100
1824	3661	57100
747	3027	57100
530	3643	57200
1086	3318	57200
955	3288	57300
1129	3592	57300
365	3535	57300
2867	3023	57300
124	3463	57300
1295	3335	57300
2632	3091	57400
2167	3738	57400
920	3403	57400
2185	3582	57400
2424	3106	57400
173	3891	57400
1708	3945	57400
2937	3152	57500
2740	3265	57500
611	3809	57500
1324	3171	57500
175	3395	57500
1764	3034	57500
1540	3211	57500
2512	3735	57500
2040	3065	57600
2464	3944	57600
390	3693	57600
1348	3554	57600
2933	3966	57600
1644	3808	57600
1428	3662	57700
33	3189	57700
458	3526	57700
2133	3462	57700
1786	3540	57800
141	3890	57800
2172	3107	57800
1325	3643	57800
2121	3908	57800
385	3506	57900
170	3288	57900
877	3811	57900
676	3162	57900
1862	3423	57900
326	3192	57900
2867	3261	57900
1041	3575	58000
1161	3100	58000
1360	3957	58000
1243	3069	58000
1135	3769	58000
1104	3404	58100
1756	3069	58100
2523	3543	58100
2268	3807	58100
1975	3917	58200
371	3275	58200
2595	3026	58200
627	3439	58200
2717	3633	58300
2264	3433	58300
329	3119	58300
183	3626	58300
2551	3794	58300
2159	3560	58300
2317	3966	58400
1507	3890	58400
2959	3755	58400
754	3183	58400
2040	3801	58400
890	3033	58400
2968	3480	58400
355	3349	58400
1568	3959	58400
1069	3020	58400
2421	3993	58500
303	3184	58500
504	3792	58500
2130	3986	58500
22	3778	58500
2669	3003	58500
2626	3716	58500
1356	3870	58600
902	3087	58600
1296	3482	58600
2244	3114	58600
180	3153	58700
2222	3992	58800
945	3728	58800
2911	3720	58800
1677	3780	58800
1553	3798	58800
248	3571	58800
1336	3407	58900
869	3141	58900
95	3492	58900
2186	3991	58900
1596	3341	58900
1513	3239	58900
790	3323	58900
2167	3005	59000
1111	3348	59000
179	3296	59000
2670	3938	59100
844	3582	59100
1990	3851	59100
1920	3127	59100
2805	3575	59100
1554	3156	59200
286	3932	59200
2432	3049	59200
1241	3846	59200
1629	3802	59200
1034	3052	59300
1127	3486	59300
2756	3519	59300
1394	3284	59300
941	3947	59300
662	3515	59300
1626	3383	59400
1076	3151	59400
586	3423	59400
1940	3250	59400
1645	3491	59400
276	3043	59500
1414	3217	59600
1243	3280	59600
1602	3571	59600
2662	3749	59600
1927	3476	59600
159	3828	59700
198	3816	59700
1310	3249	59700
14	3305	59700
1881	3387	59700
224	3864	59800
1251	3037	59800
285	3598	59800
224	3725	59900
342	3104	59900
488	3999	59900
1793	3181	59900
1541	3441	59900
1796	3150	60000
2973	3733	60000
367	3286	60000
913	3434	60000
885	3715	60000
551	3263	60000
2290	3022	60000
2417	3119	60000
206	3153	60000
1841	3846	60000
1109	3315	60000
2200	3344	60000
38	3306	60100
1730	3685	60100
1498	3572	60200
2423	3163	60200
786	3434	60300
2431	3170	60300
804	3752	60300
2693	3880	60300
2382	3985	60300
864	3159	60300
2668	3037	60400
1894	3981	60400
2070	3220	60500
393	3539	60500
792	3187	60500
2511	3923	60500
1927	3016	60500
761	3712	60600
2402	3675	60600
1989	3422	60700
502	3314	60800
1297	3169	60800
2954	3141	60800
1947	3894	60800
1695	3771	60800
2848	3360	60800
1595	3049	60800
2859	3023	60900
2197	3911	60900
2005	3888	60900
879	3638	60900
2603	3744	60900
2746	3870	61000
2618	3111	61000
113	3138	61000
2230	3889	61000
2477	3975	61000
1145	3892	61000
424	3167	61000
1078	3347	61000
939	3733	61100
1804	3349	61100
2759	3926	61200
303	3860	61200
334	3512	61200
2206	3592	61200
1273	3502	61200
2642	3864	61300
2797	3274	61300
1843	3460	61300
541	3084	61300
2159	3439	61300
1518	3525	61300
1932	3121	61400
413	3109	61400
2654	3379	61400
167	3808	61400
641	3004	61400
242	3115	61500
463	3344	61500
2924	3833	61500
399	3631	61500
2142	3219	61500
2666	3570	61500
2688	3802	61500
475	3646	61600
1816	3877	61600
1616	3377	61600
2814	3964	61600
2652	3817	61600
497	3898	61800
1987	3228	61800
2321	3593	61800
2994	3383	61900
816	3560	61900
2304	3842	62000
2708	3129	62000
624	3230	62100
1732	3793	62100
1177	3728	62100
1010	3964	62100
1712	3080	62100
2050	3669	62100
652	3160	62100
2659	3141	62200
1988	3525	62200
2995	3882	62200
2889	3797	62200
2843	3734	62200
858	3036	62200
2522	3292	62300
721	3038	62300
1628	3020	62300
2580	3315	62300
1387	3027	62400
918	3377	62400
695	3745	62400
2061	3094	62400
1655	3905	62400
2569	3182	62400
191	3997	62400
264	3219	62500
886	3778	62500
1333	3439	62500
1058	3372	62500
2719	3593	62500
1044	3900	62500
1520	3766	62600
1011	3871	62600
2694	3492	62600
1081	3920	62600
1008	3721	62600
2076	3312	62600
1446	3055	62600
2736	3322	62700
2376	3853	62700
1739	3224	62700
2876	3416	62700
154	3841	62700
2	3467	62800
2446	3160	62800
1534	3388	62800
2033	3066	62800
772	3360	62800
508	3273	62800
755	3112	62800
1993	3751	62800
1302	3690	62900
846	3608	62900
332	3679	62900
1209	3944	62900
2978	3002	62900
882	3926	63000
719	3712	63000
1867	3730	63000
622	3698	63000
2561	3420	63000
2633	3028	63000
1606	3558	63000
1784	3770	63000
697	3330	63000
2615	3304	63000
2174	3423	63000
524	3813	63000
174	3424	63100
1013	3072	63100
1701	3920	63100
1124	3816	63100
2775	3833	63100
1409	3860	63200
1632	3008	63200
2035	3096	63200
1994	3595	63300
2893	3099	63300
827	3794	63300
1178	3250	63400
2179	3061	63400
1465	3745	63400
1891	3789	63400
212	3689	63400
2859	3301	63500
736	3366	63500
2578	3118	63500
1805	3680	63500
1696	3049	63500
270	3896	63500
1694	3690	63600
1000	3394	63600
1262	3169	63600
2179	3940	63600
2323	3732	63600
1872	3120	63600
53	3634	63700
368	3051	63700
1822	3020	63700
832	3456	63800
1869	3570	63800
1916	3979	63800
1311	3596	63800
140	3952	63800
1020	3258	63900
443	3946	63900
272	3616	63900
2288	3735	63900
1281	3497	64000
2719	3130	64000
1399	3943	64100
1037	3377	64100
2536	3131	64100
1222	3493	64100
360	3940	64100
948	3072	64100
506	3147	64100
1048	3201	64200
103	3112	64200
2714	3746	64300
2809	3243	64300
1362	3148	64300
1879	3518	64300
2602	3919	64300
554	3973	64300
2721	3054	64400
123	3309	64400
1588	3975	64400
397	3469	64400
193	3108	64400
1450	3375	64400
1322	3841	64400
1492	3573	64500
1964	3373	64500
1799	3848	64500
255	3921	64500
2417	3564	64500
1960	3612	64600
897	3096	64600
1585	3817	64600
1150	3121	64700
2171	3603	64700
1877	3919	64700
258	3921	64700
1267	3872	64700
1903	3645	64700
765	3788	64700
2113	3188	64700
1425	3571	64700
1615	3142	64800
1905	3568	64800
2716	3310	64800
771	3271	64900
362	3678	64900
2579	3308	64900
2411	3387	64900
525	3812	64900
1362	3730	65000
556	3811	65000
2180	3057	65000
1377	3217	65100
2996	3772	65100
904	3604	65100
1438	3943	65100
383	3002	65200
125	3880	65200
277	3328	65200
2161	3389	65200
931	3785	65200
839	3184	65300
615	3031	65300
1227	3450	65300
522	3886	65300
77	3528	65300
2022	3289	65300
2103	3407	65400
2172	3051	65400
1945	3657	65400
1620	3839	65500
1148	3572	65500
2723	3662	65500
288	3411	65600
157	3394	65600
1174	3275	65600
1448	3120	65600
487	3216	65700
487	3340	65700
1303	3349	65700
1396	3390	65700
2404	3531	65700
543	3419	65800
669	3059	65800
6	3505	65900
2644	3670	65900
2278	3462	65900
2016	3819	65900
330	3675	65900
2164	3848	66000
2107	3693	66000
2764	3240	66100
1500	3920	66100
1001	3789	66100
437	3171	66100
361	3735	66100
339	3555	66200
1464	3474	66200
789	3573	66300
862	3593	66300
2160	3748	66300
2758	3142	66300
2791	3686	66300
251	3172	66300
2387	3572	66300
2012	3502	66300
1419	3121	66400
2484	3867	66400
35	3763	66400
2431	3368	66500
2292	3621	66500
1423	3626	66500
1845	3305	66500
2639	3689	66500
1577	3703	66500
1031	3926	66600
73	3097	66600
1935	3247	66600
1116	3806	66600
89	3707	66700
1978	3769	66700
2239	3210	66800
2220	3686	66800
2042	3657	66800
2930	3217	66900
1878	3430	66900
1898	3981	66900
1239	3886	66900
2006	3388	66900
1406	3479	66900
1907	3230	67000
2443	3965	67000
1910	3597	67000
1740	3127	67000
515	3536	67000
643	3509	67100
2620	3952	67200
925	3037	67200
481	3676	67200
560	3016	67300
2529	3695	67300
1318	3326	67400
1919	3956	67400
30	3099	67400
2718	3146	67400
1506	3444	67400
1691	3618	67500
2259	3332	67500
299	3930	67500
245	3285	67500
2440	3459	67500
267	3480	67500
146	3192	67500
99	3373	67600
2479	3275	67600
1298	3598	67600
249	3855	67600
2604	3943	67700
2299	3627	67700
729	3354	67700
1587	3218	67800
2293	3918	67800
842	3518	67800
2689	3059	67800
661	3991	67800
717	3900	67800
2319	3409	67900
380	3028	67900
1647	3351	67900
1792	3426	67900
684	3729	67900
1217	3927	67900
848	3150	67900
2360	3618	68000
1102	3654	68000
1708	3649	68000
1245	3371	68100
629	3582	68100
991	3410	68100
2398	3396	68100
1375	3371	68200
1236	3750	68300
1936	3029	68300
692	3201	68300
2350	3538	68400
603	3463	68400
1000	3056	68400
737	3835	68400
408	3341	68400
31	3763	68400
161	3947	68400
1445	3758	68500
522	3351	68500
2549	3030	68600
2418	3769	68600
1253	3145	68600
2542	3212	68600
182	3201	68600
1351	3256	68600
431	3930	68700
222	3055	68700
15	3403	68800
1682	3478	68800
305	3388	68800
1418	3307	68800
2273	3504	68800
2408	3372	68800
2853	3352	68800
2686	3932	68900
1269	3354	68900
1655	3935	68900
2935	3959	68900
29	3267	68900
2380	3703	68900
631	3104	69000
2248	3047	69000
2539	3657	69000
651	3050	69100
851	3711	69100
1820	3990	69100
2212	3933	69100
507	3261	69100
2726	3755	69200
2824	3568	69200
2067	3675	69200
2630	3264	69300
2727	3581	69300
939	3547	69400
2537	3366	69400
268	3847	69400
787	3757	69400
1170	3614	69400
389	3248	69400
2343	3606	69500
31	3660	69500
2109	3325	69600
598	3285	69600
1089	3384	69600
2724	3629	69600
2585	3769	69600
52	3954	69600
1563	3843	69600
614	3657	69600
2908	3452	69600
426	3989	69700
1363	3935	69700
64	3693	69700
1568	3933	69700
2062	3900	69700
763	3897	69700
2525	3472	69800
280	3098	69800
415	3350	69800
854	3397	69800
115	3413	69800
2669	3357	69800
1848	3486	69900
1736	3818	69900
137	3399	69900
221	3698	70000
1398	3517	70000
1205	3915	70000
302	3968	70000
1197	3775	70100
2734	3295	70100
994	3244	70100
1942	3228	70100
375	3862	70100
2674	3947	70100
1338	3270	70200
1623	3641	70200
908	3038	70200
2498	3161	70200
1939	3147	70200
2288	3806	70200
2977	3686	70300
470	3529	70300
160	3029	70300
2862	3554	70300
712	3116	70300
838	3765	70300
9	3612	70400
185	3809	70400
776	3309	70400
2401	3302	70500
2328	3286	70500
1401	3732	70500
1411	3863	70500
142	3301	70500
454	3960	70600
51	3905	70600
480	3214	70600
2494	3016	70600
2018	3293	70600
1760	3032	70700
2336	3476	70900
2150	3931	70900
1091	3223	70900
376	3077	70900
1186	3907	70900
2832	3262	71000
2581	3161	71000
2225	3511	71000
32	3517	71000
664	3929	71000
489	3643	71000
2020	3252	71000
2377	3103	71000
2847	3491	71000
588	3301	71100
2483	3579	71100
1255	3513	71100
1458	3854	71100
2345	3101	71100
2560	3951	71200
1290	3505	71200
1359	3998	71200
651	3633	71200
2695	3995	71200
1151	3439	71200
2445	3360	71200
871	3309	71200
2564	3766	71300
1493	3542	71300
2485	3158	71300
470	3501	71300
2905	3284	71300
1159	3741	71400
1196	3565	71400
1852	3570	71400
591	3530	71400
681	3161	71500
1266	3246	71500
78	3903	71500
2378	3504	71500
439	3095	71500
2291	3203	71500
773	3645	71600
414	3057	71600
1393	3703	71600
2025	3993	71700
2515	3088	71700
1125	3456	71700
1737	3180	71800
2465	3288	71800
18	3643	71800
2157	3080	71900
2024	3380	71900
2361	3877	72000
1724	3557	72000
482	3703	72000
20	3775	72100
1435	3722	72100
1440	3506	72100
2416	3007	72100
2456	3025	72200
186	3591	72200
186	3181	72200
1358	3829	72300
1632	3818	72300
47	3185	72300
2072	3980	72300
1889	3990	72300
130	3235	72300
1235	3992	72400
253	3904	72400
1179	3126	72400
472	3744	72400
932	3906	72500
2329	3877	72500
2084	3995	72500
2857	3235	72500
1465	3080	72600
2759	3143	72700
613	3449	72700
985	3552	72700
1791	3662	72700
2863	3133	72800
1746	3821	72800
192	3776	72800
2346	3481	72800
2564	3150	72800
1537	3211	72900
2530	3664	72900
2342	3623	73000
2818	3342	73100
1364	3623	73100
359	3085	73100
1361	3536	73100
2393	3856	73100
2287	3446	73200
743	3120	73200
2226	3442	73200
1886	3600	73300
1453	3491	73300
2699	3705	73400
203	3038	73400
2464	3487	73400
2947	3642	73400
1693	3591	73400
2634	3383	73500
965	3361	73600
1784	3624	73600
1314	3691	73600
2459	3905	73600
485	3968	73600
1389	3305	73700
1783	3733	73800
1856	3868	73800
1167	3644	73900
1542	3392	73900
2711	3281	73900
1600	3012	73900
1824	3814	73900
2229	3468	74000
625	3077	74000
1969	3200	74100
562	3154	74100
1618	3661	74100
1857	3289	74100
1428	3520	74200
916	3187	74200
392	3893	74300
2362	3260	74300
2500	3592	74300
51	3358	74300
1645	3596	74300
229	3505	74400
2193	3255	74400
1710	3501	74400
499	3941	74400
2799	3965	74500
1876	3598	74500
690	3053	74500
1155	3855	74600
1802	3053	74600
2294	3201	74700
503	3087	74700
2917	3366	74700
121	3362	74700
2609	3310	74800
2559	3471	74800
1442	3917	74900
1650	3924	74900
1688	3236	74900
2985	3462	74900
601	3899	74900
2283	3502	74900
2320	3799	75000
2155	3246	75000
2808	3722	75000
767	3118	75000
1380	3432	75100
661	3522	75100
1260	3126	75100
2102	3347	75100
2672	3715	75200
402	3283	75200
1809	3050	75200
1913	3162	75200
2448	3985	75200
1235	3204	75300
715	3632	75300
2646	3770	75300
731	3751	75300
356	3660	75300
1530	3339	75300
1185	3685	75400
2235	3758	75500
442	3684	75500
672	3038	75600
986	3338	75600
2645	3215	75700
2889	3881	75700
100	3520	75700
1083	3191	75700
571	3887	75800
220	3949	75800
2141	3172	75800
674	3003	75800
1426	3317	75900
326	3814	75900
2969	3907	75900
2266	3772	75900
678	3430	76000
187	3042	76000
269	3277	76000
1120	3997	76000
2495	3048	76100
2455	3723	76200
2938	3204	76300
96	3787	76300
913	3087	76300
831	3173	76300
311	3819	76300
1503	3320	76300
569	3609	76300
1582	3291	76400
2199	3119	76400
27	3352	76400
191	3936	76500
2957	3700	76600
2608	3456	76600
1470	3021	76700
901	3280	76700
1688	3740	76800
2043	3667	76900
1092	3949	76900
1496	3820	76900
1827	3277	76900
1158	3115	77000
1097	3409	77000
1224	3699	77000
1454	3664	77000
1101	3326	77100
2876	3398	77100
1367	3728	77200
711	3715	77200
391	3878	77200
1657	3921	77200
793	3401	77200
608	3479	77200
2690	3905	77300
1248	3446	77300
1486	3135	77300
1900	3384	77400
216	3749	77400
1221	3685	77500
466	3346	77600
2933	3685	77600
2031	3893	77600
1547	3671	77600
2183	3390	77600
2811	3757	77700
1264	3239	77700
1206	3984	77700
1214	3135	77700
458	3050	77800
1312	3991	77800
1346	3878	77800
1776	3844	77800
2735	3099	77900
2002	3722	77900
2240	3719	77900
335	3547	78000
1146	3240	78000
1608	3362	78000
901	3047	78000
176	3085	78100
324	3827	78100
233	3695	78100
2787	3717	78100
1703	3795	78200
1194	3170	78200
409	3099	78200
2656	3823	78200
114	3571	78200
1867	3607	78300
991	3788	78300
1050	3913	78300
2687	3067	78300
902	3585	78400
1943	3449	78400
44	3939	78400
1543	3962	78500
1373	3927	78500
634	3048	78600
50	3107	78600
130	3255	78600
1323	3915	78600
184	3709	78600
423	3005	78700
2619	3468	78700
1073	3512	78700
2595	3839	78900
780	3209	79000
2242	3824	79100
2095	3514	79100
1304	3192	79100
1165	3101	79100
2503	3653	79300
1781	3047	79300
1733	3685	79400
814	3112	79500
2507	3590	79500
796	3312	79500
1211	3880	79500
1492	3138	79600
577	3383	79600
920	3468	79600
113	3291	79600
2863	3369	79600
486	3791	79600
2482	3205	79600
127	3278	79600
2375	3362	79900
2114	3882	80000
1716	3386	80000
575	3330	80000
131	3736	80000
2638	3976	80000
941	3389	80000
1864	3472	80100
1831	3817	80100
2707	3660	80100
653	3585	80200
2897	3297	80200
2471	3656	80200
28	3122	80300
2852	3731	80300
1296	3116	80300
819	3516	80400
46	3734	80400
1630	3626	80400
2688	3282	80400
1432	3925	80500
570	3984	80500
2068	3397	80600
180	3900	80600
974	3115	80700
1985	3141	80700
40	3490	80700
706	3145	80700
1153	3138	80800
810	3939	80800
2591	3329	80800
1795	3502	80800
2858	3016	80900
2838	3110	81000
257	3799	81100
2268	3396	81100
2907	3110	81200
2621	3700	81200
787	3784	81200
714	3838	81200
1249	3779	81300
30	3720	81300
1607	3784	81300
1229	3287	81300
2110	3564	81300
675	3816	81300
210	3572	81400
2648	3913	81400
2211	3266	81400
1847	3081	81400
2796	3336	81500
1674	3916	81500
2566	3464	81600
1256	3620	81600
1047	3127	81600
1931	3953	81600
2928	3488	81700
372	3280	81800
1860	3787	81900
1831	3483	81900
2994	3787	82000
2812	3311	82100
1617	3103	82100
2732	3764	82100
328	3997	82200
1182	3738	82300
223	3646	82300
2023	3805	82400
2678	3384	82400
13	3487	82400
1407	3738	82500
2943	3393	82500
1031	3143	82600
41	3412	82600
1040	3225	82600
974	3373	82700
2534	3634	82700
153	3967	82700
778	3737	82800
1020	3082	82800
2825	3183	82900
1753	3928	82900
1746	3881	82900
1569	3124	82900
1252	3017	83000
2916	3219	83000
2822	3268	83000
1717	3795	83100
2605	3316	83200
1633	3487	83200
1287	3441	83200
997	3891	83200
1558	3998	83300
2686	3366	83300
2313	3058	83300
581	3916	83300
2584	3073	83300
1300	3088	83300
1634	3411	83400
978	3817	83400
25	3062	83500
1601	3726	83500
958	3340	83500
555	3319	83500
294	3509	83500
1136	3211	83500
1058	3569	83500
2979	3032	83600
2556	3965	83700
1095	3826	83800
1286	3069	83800
578	3520	83800
310	3930	83900
39	3508	83900
351	3800	83900
840	3872	83900
2573	3988	84000
2071	3115	84100
1068	3200	84100
395	3024	84100
2745	3003	84100
738	3276	84200
65	3325	84200
435	3164	84200
1334	3682	84200
1100	3881	84300
247	3738	84400
1096	3206	84400
1574	3079	84400
2996	3058	84400
911	3575	84400
2219	3491	84500
2854	3050	84500
2489	3947	84500
1066	3945	84500
211	3812	84500
231	3281	84600
2931	3400	84600
1866	3689	84600
2838	3140	84700
2162	3516	84700
1306	3617	84800
2046	3104	84800
120	3368	84900
2811	3351	84900
2879	3522	84900
2651	3640	84900
2704	3904	85000
1476	3770	85000
1230	3640	85000
883	3270	85100
2335	3091	85100
709	3483	85100
2462	3409	85200
1289	3986	85200
1504	3188	85200
2701	3247	85300
1883	3188	85300
2913	3961	85400
2078	3757	85400
2819	3554	85400
800	3431	85500
2080	3863	85500
1773	3079	85500
1258	3910	85600
1933	3388	85600
1288	3843	85600
2517	3310	85700
2147	3468	85700
2786	3497	85700
1408	3260	85800
1291	3278	85800
1659	3310	85900
2628	3465	85900
287	3392	85900
1238	3022	85900
1872	3320	85900
679	3768	85900
2045	3597	86000
837	3359	86000
2309	3089	86000
1449	3363	86100
2204	3838	86200
261	3175	86200
1976	3351	86200
1689	3482	86200
2027	3181	86300
2429	3570	86400
1276	3352	86500
1909	3796	86500
512	3998	86600
79	3512	86600
1990	3169	86600
1126	3564	86600
754	3757	86700
2101	3338	86700
1425	3879	86700
33	3364	86800
2592	3871	86900
1415	3435	86900
218	3269	86900
533	3947	87000
1525	3407	87100
2984	3912	87100
1567	3611	87100
929	3883	87200
1499	3109	87300
1271	3206	87300
705	3978	87300
2709	3766	87400
2101	3656	87400
1532	3207	87400
576	3098	87500
264	3021	87500
1199	3426	87500
490	3650	87500
968	3665	87600
2997	3575	87700
2094	3782	87700
782	3617	87800
548	3892	87800
236	3757	87800
337	3212	87800
1581	3125	87900
1408	3539	88000
1385	3814	88200
2279	3868	88200
2550	3019	88300
2127	3658	88300
1474	3172	88300
235	3513	88400
605	3948	88400
251	3119	88400
588	3023	88500
2772	3891	88500
989	3978	88500
2442	3898	88600
1423	3116	88600
2271	3637	88700
947	3812	88800
59	3454	88800
1405	3793	88900
1460	3385	89100
1877	3671	89100
654	3727	89100
1233	3274	89200
2071	3281	89200
1889	3162	89200
2049	3435	89200
1420	3913	89200
1381	3062	89300
2742	3128	89300
852	3998	89400
2225	3803	89400
1147	3874	89400
1777	3737	89500
732	3075	89600
1502	3690	89700
1421	3588	89700
396	3036	89700
118	3225	89800
2934	3244	90100
1242	3999	90100
880	3426	90200
938	3299	90300
1445	3605	90300
1687	3775	90300
190	3149	90300
2361	3286	90400
1191	3624	90400
1573	3835	90400
898	3874	90400
2245	3661	90500
2653	3780	90600
1319	3079	90600
2129	3284	90700
2841	3447	90700
2763	3649	90800
2597	3726	90800
907	3915	90900
234	3481	90900
501	3627	91000
1365	3242	91000
2289	3407	91100
2478	3416	91100
811	3800	91200
2104	3898	91200
2963	3205	91200
2978	3817	91200
341	3074	91200
693	3850	91300
421	3649	91400
2891	3033	91400
1869	3142	91400
2453	3528	91500
1879	3046	91600
1246	3861	91600
1839	3799	91800
350	3151	91900
1253	3042	91900
2788	3139	91900
1713	3086	91900
1509	3635	92000
1339	3517	92000
2508	3793	92100
1032	3819	92100
2408	3040	92200
757	3332	92300
493	3567	92400
2388	3393	92400
292	3375	92500
1797	3805	92600
1853	3143	92700
2776	3993	92700
1717	3243	92700
348	3440	92700
2531	3867	92800
2199	3564	92900
2146	3665	93100
1550	3878	93100
2366	3894	93100
2057	3863	93100
2681	3416	93200
1242	3652	93200
990	3483	93200
1773	3120	93200
2111	3300	93200
1397	3668	93300
1950	3835	93300
960	3175	93300
2778	3848	93300
1079	3085	93300
574	3139	93300
309	3766	93400
730	3296	93400
374	3118	93400
2327	3767	93500
1570	3674	93600
1341	3620	93600
183	3086	93800
595	3879	93800
987	3634	93900
1966	3367	93900
2212	3959	93900
2878	3242	93900
279	3671	94000
2399	3148	94100
2888	3958	94100
145	3387	94200
2860	3258	94300
2074	3796	94300
99	3000	94400
905	3488	94400
319	3970	94500
2146	3602	94500
1380	3795	94500
2170	3614	94500
279	3080	94600
1818	3504	94600
2372	3413	94700
2480	3796	94700
2454	3199	94800
336	3464	94800
868	3071	94900
1801	3196	95000
2901	3387	95000
743	3365	95200
1140	3113	95300
8	3650	95300
1748	3445	95500
1175	3059	95500
471	3122	95500
1259	3743	95500
1441	3857	95500
2777	3321	95600
1046	3915	95600
1687	3595	95700
1531	3388	95700
1871	3276	95700
67	3157	95700
2843	3843	95700
2915	3021	95800
2028	3500	95800
2426	3528	95800
1949	3650	95800
2369	3373	95900
1180	3207	95900
1887	3178	96000
2419	3186	96000
1770	3894	96100
2137	3037	96200
1557	3316	96200
518	3569	96200
1610	3503	96300
2476	3516	96400
740	3931	96400
2625	3203	96400
2165	3649	96500
568	3055	96500
2893	3688	96600
2665	3668	96700
1955	3461	96700
621	3916	96700
1045	3176	96800
2504	3209	96800
1260	3603	96900
2261	3647	96900
2086	3333	97000
1997	3206	97100
836	3989	97400
1684	3036	97400
2697	3397	97500
1410	3365	97500
2421	3056	97600
2820	3301	97700
441	3052	97700
1818	3550	97800
1819	3782	97800
966	3645	97800
1136	3736	97800
1219	3766	97900
126	3981	97900
1421	3898	97900
2864	3887	98000
2844	3790	98000
1494	3460	98200
2563	3445	98200
639	3928	98200
2458	3134	98200
665	3656	98200
63	3253	98200
2969	3147	98200
212	3727	98300
2641	3133	98400
751	3719	98400
2696	3844	98400
295	3958	98500
1282	3429	98600
2123	3569	98600
2218	3292	98900
1641	3852	98900
304	3232	99000
266	3078	99000
1501	3592	99000
228	3740	99100
1121	3744	99100
1721	3000	99400
2749	3384	99600
497	3588	99700
1811	3393	99800
1862	3018	99800
2528	3012	99800
1899	3719	99900
1034	3447	100000
1750	3780	100000
798	3398	100000
1766	3942	100300
1263	3214	100300
1383	3937	100400
1077	3207	100500
2307	3959	100600
325	3252	100600
2284	3637	100700
904	3978	100700
2946	3123	100800
2543	3270	101000
2793	3553	101000
2394	3181	101000
1384	3451	101000
1579	3610	101100
699	3837	101100
1661	3201	101400
1358	3203	101400
1277	3621	101400
2521	3628	101500
2302	3901	101600
447	3700	101700
888	3978	101700
859	3859	101800
246	3512	101800
1489	3826	101800
502	3056	101900
771	3238	101900
2312	3178	102000
1676	3667	102000
349	3974	102100
2755	3747	102100
789	3262	102200
2703	3222	102300
1402	3688	102400
2720	3646	102500
1598	3745	102500
496	3452	102500
263	3035	102800
909	3566	102900
1513	3316	102900
702	3154	102900
1775	3494	103100
2991	3179	103100
2980	3232	103500
752	3392	103500
2430	3621	103700
352	3676	103800
1089	3561	103900
1027	3193	104000
667	3329	104000
425	3155	104000
309	3262	104200
1029	3561	104200
2798	3763	104200
1223	3296	104400
2981	3041	104400
2126	3072	104500
1230	3508	104500
599	3653	104600
851	3973	104600
2984	3365	104700
353	3837	104700
167	3727	104800
1133	3974	104900
202	3329	104900
2153	3133	105000
2887	3754	105400
419	3205	105400
2899	3125	105500
2549	3607	105600
908	3761	105600
56	3319	105600
2122	3208	105600
2139	3266	105600
1629	3966	105800
1378	3232	106000
1845	3067	106000
612	3871	106100
942	3203	106100
1691	3419	106200
333	3550	106200
2542	3034	106200
1484	3125	106300
576	3761	106400
2152	3313	106400
1835	3578	106500
1592	3694	106500
2136	3699	106500
2032	3318	106600
59	3555	106700
2574	3539	106700
2839	3580	106900
227	3070	107000
2123	3609	107100
2725	3563	107300
2030	3085	107700
611	3187	107800
1980	3887	107900
2191	3927	108100
2576	3195	108200
580	3213	108300
1197	3595	108400
1467	3501	108500
2170	3583	108600
1997	3854	108600
1801	3794	108600
876	3357	108600
618	3329	108800
2266	3913	108800
2731	3501	109000
2213	3951	109100
246	3956	109100
2144	3865	109600
1960	3698	109700
1250	3941	109700
1567	3331	109700
2940	3488	109800
758	3722	110200
785	3546	110200
2594	3113	110500
1850	3280	110600
2345	3248	110700
703	3827	110700
1678	3117	110700
1821	3281	110800
2557	3400	110800
128	3453	110800
2048	3012	110800
914	3954	110800
744	3611	110800
833	3566	110900
1515	3014	110900
1972	3270	111000
2131	3965	111100
637	3385	111300
2842	3770	111400
2934	3297	111400
240	3971	111400
1571	3773	111500
478	3937	111600
1190	3752	111700
46	3195	111700
2210	3035	111900
1574	3771	111900
2565	3059	112000
1748	3470	112300
531	3538	112400
618	3338	112400
2391	3024	112400
176	3307	112500
2965	3340	112700
316	3281	112900
1105	3454	112900
1760	3369	112900
1165	3088	113100
1644	3682	113100
2025	3538	113200
389	3674	113200
2048	3370	113200
597	3707	113300
2088	3912	113300
2698	3681	113400
1859	3522	113400
698	3189	113500
2285	3885	113500
2001	3447	113600
77	3481	113600
2999	3702	113700
2162	3400	113700
2298	3743	113700
2495	3566	113700
822	3506	113900
1062	3973	114100
81	3422	114100
131	3211	114400
1043	3454	114600
817	3045	114600
2379	3704	114700
1932	3292	114800
2961	3522	114800
60	3974	115000
37	3822	115100
1735	3821	115200
1203	3668	115300
179	3612	115300
2216	3858	115500
2827	3708	115500
1594	3252	115800
1497	3973	116000
316	3665	116300
2305	3921	116500
1	3470	116600
195	3321	116800
2227	3470	117000
1577	3324	117000
2044	3473	117300
2311	3607	117400
1187	3265	117400
1630	3116	117400
1613	3442	117500
39	3640	117600
216	3729	117800
685	3928	117900
2174	3418	117900
305	3271	118100
863	3455	118100
2874	3884	118200
102	3951	118200
673	3319	118400
2627	3486	118500
382	3707	118700
1675	3258	118800
2830	3015	118900
1829	3276	119100
1593	3154	119100
2445	3442	119100
2582	3486	119400
345	3208	119500
1908	3893	119600
798	3338	119600
1933	3175	119700
2413	3007	119800
2011	3471	119800
691	3437	120300
1131	3865	120500
2450	3035	120500
2327	3764	120700
2705	3247	120800
1299	3354	120800
105	3968	120800
1341	3265	121000
1354	3627	121200
118	3200	121300
976	3242	121300
108	3918	121400
2449	3192	121400
141	3765	121600
19	3616	121700
416	3557	121800
104	3742	122300
426	3518	122300
900	3722	122400
2228	3185	122400
2625	3829	122700
92	3701	122900
158	3079	123000
1838	3653	123100
383	3954	123500
1837	3481	123900
192	3071	124000
508	3773	124200
1329	3074	124200
2789	3748	124300
948	3625	124500
69	3838	124600
35	3861	124600
349	3714	124800
1965	3878	125000
2912	3659	125100
430	3118	125200
1700	3128	125200
1754	3602	125300
2974	3637	125300
331	3448	125400
2781	3658	125400
2546	3015	125500
1921	3488	125500
1397	3838	125700
469	3584	125800
1849	3157	125900
2252	3577	126200
2486	3299	126300
444	3604	126300
1422	3936	126300
516	3672	126400
579	3128	126500
2120	3833	126800
1830	3447	126800
2665	3015	127200
702	3577	127200
2710	3666	127300
69	3668	127500
2798	3129	127600
563	3010	128000
523	3711	128100
1684	3317	128200
2090	3273	128300
755	3968	128400
2964	3801	128500
2533	3268	128500
1812	3172	128600
807	3594	128900
2276	3763	129200
2218	3015	129300
425	3007	129400
2330	3561	129600
2080	3084	129600
1105	3555	129800
993	3850	130600
2826	3821	130800
2064	3351	130900
1238	3333	131700
727	3891	131700
642	3039	132200
321	3734	132200
570	3483	132400
783	3177	132500
1757	3614	133000
552	3024	133000
2765	3951	133000
310	3468	133300
1782	3196	133700
1765	3804	133800
1787	3453	133800
1789	3101	133800
2828	3189	133900
2136	3471	133900
2960	3299	134100
132	3107	134300
1844	3594	134800
2541	3595	135200
2069	3348	135400
1436	3067	135600
1803	3209	135800
2037	3697	136200
2144	3173	136300
106	3529	136400
2365	3936	136400
1970	3800	136600
5	3133	136600
2939	3773	136600
2086	3066	136700
2891	3336	136900
2240	3459	137000
404	3506	137300
940	3796	137800
806	3332	138600
1232	3747	138800
1472	3914	139400
589	3392	139400
128	3894	139400
194	3412	139500
912	3454	139600
409	3775	139600
1099	3754	139900
807	3263	139900
1900	3859	139900
1669	3178	140300
1991	3101	140300
1617	3735	140400
2560	3454	140500
983	3414	140800
829	3421	141000
551	3594	141300
1930	3062	141700
2471	3197	141700
2822	3672	141700
1636	3486	142200
34	3163	142200
970	3860	142300
459	3773	142600
982	3557	142700
438	3039	143000
304	3714	143000
1181	3773	143300
1981	3807	143600
2424	3179	143700
2282	3252	143700
764	3955	144000
1134	3569	144100
677	3754	144200
455	3199	144300
1033	3187	144900
1516	3876	144900
2999	3203	145300
2022	3154	145300
2547	3546	145400
2413	3155	145600
181	3331	147000
2522	3173	147400
601	3673	147500
189	3278	147500
2945	3300	147800
2778	3692	147900
1999	3529	147900
2779	3728	148000
2397	3030	148200
1327	3437	148300
2866	3580	148400
2116	3448	148700
1722	3459	148700
2079	3435	148700
2148	3852	148800
2153	3369	149200
2939	3569	150000
1160	3012	150100
1566	3914	150400
2392	3374	150500
673	3205	150500
1963	3866	150500
2276	3937	150700
1521	3412	150900
628	3905	150900
636	3030	151700
1269	3485	152200
2728	3358	152300
2196	3136	152500
1156	3328	152500
2083	3614	152800
2757	3816	153100
640	3337	153200
2812	3640	153600
2059	3829	153700
790	3710	154200
1977	3563	154800
1849	3358	155200
1967	3795	155400
1912	3493	155500
101	3648	155600
805	3763	156200
91	3984	156500
1173	3796	156500
2514	3385	156600
2467	3117	157100
2156	3971	157600
1968	3316	158100
1999	3666	158700
872	3026	158900
1744	3563	159400
139	3676	159700
1673	3636	160200
1057	3385	160400
2082	3652	160400
351	3557	160700
1444	3594	160800
327	3866	161200
91	3225	161300
2496	3021	161600
1173	3976	161600
2344	3155	161900
863	3530	162200
2473	3937	162300
1448	3771	162800
1179	3369	162900
929	3360	162900
1204	3177	163200
1181	3273	163300
1974	3549	163700
1134	3479	164000
2653	3215	164600
2648	3772	164600
242	3000	165100
241	3532	165400
2919	3728	165500
494	3236	165500
1743	3941	165600
513	3884	166000
194	3297	166500
2993	3427	167100
2627	3605	167400
412	3711	167400
2189	3157	167500
2102	3866	167600
1531	3743	167800
794	3451	167800
650	3017	168300
1186	3648	168400
2308	3807	168600
1447	3909	168900
2451	3600	168900
280	3062	169700
1565	3046	169800
532	3360	169800
2444	3311	170300
2782	3950	170600
1366	3497	170700
1534	3743	170700
2314	3052	171200
67	3090	171800
1771	3306	172100
1259	3374	172500
2279	3163	173100
811	3534	173300
887	3323	173700
2613	3218	174000
1780	3421	174200
1480	3395	174200
2952	3918	174500
699	3613	174700
12	3352	174800
1331	3772	174900
1695	3788	175000
723	3967	175300
2191	3807	175500
2014	3535	175600
1002	3331	175800
744	3953	176000
1663	3883	176200
2722	3899	176200
2616	3427	177700
2099	3555	177800
1648	3863	178000
2855	3588	178100
720	3754	178200
2297	3136	178300
1160	3934	178500
2520	3431	178700
726	3090	178700
834	3806	179100
753	3858	179300
1012	3987	179400
1798	3046	179400
1039	3548	179500
875	3702	180100
2163	3535	180300
1162	3735	180400
1130	3415	181100
874	3801	181200
477	3805	181200
899	3046	181500
1729	3008	181800
43	3648	182700
1201	3293	182800
1372	3884	183100
2575	3395	183100
2722	3976	183200
2003	3014	183500
2373	3883	183600
436	3103	184400
1349	3415	184500
2816	3037	184600
2518	3014	185300
2575	3370	185800
2099	3428	186000
2000	3883	186000
2316	3786	186700
2386	3503	186800
2367	3713	186900
325	3866	186900
2037	3025	187000
2189	3084	187500
166	3616	187900
2949	3337	188900
1447	3094	189300
1366	3283	189400
2650	3865	190600
2591	3658	190900
2444	3421	191400
1123	3149	192600
1912	3553	193300
2628	3865	195300
148	3950	195500
2600	3266	195500
135	3567	195800
2982	3246	196100
2415	3558	196100
2620	3178	196300
1719	3546	196500
657	3580	196600
