379	3911	200
1736	3720	200
1064	3893	200
2928	3226	200
120	3525	200
958	3696	200
1625	3492	200
2830	3119	200
2170	3878	200
2985	3303	200
1804	3831	200
832	3629	200
1714	3608	200
1089	3522	200
2981	3133	200
1476	3326	200
2098	3648	200
1781	3543	200
2267	3984	200
1748	3081	200
1182	3125	300
1469	3637	300
215	3061	300
2103	3924	300
2715	3632	300
115	3170	300
255	3861	300
1045	3807	300
1853	3925	300
1612	3880	300
2403	3746	300
934	3344	300
2025	3237	300
553	3020	300
392	3682	300
1438	3440	300
1356	3442	400
647	3978	400
2146	3914	400
2190	3243	400
280	3264	400
752	3696	400
2483	3006	400
664	3126	400
2409	3173	400
2278	3249	400
22	3531	400
2192	3405	400
2270	3899	400
2093	3295	500
995	3803	500
2843	3416	500
1209	3195	500
740	3207	500
1421	3108	500
1805	3315	500
642	3182	500
2631	3765	500
1336	3622	500
1011	3250	600
950	3472	600
460	3486	600
1414	3667	600
129	3887	600
1479	3580	600
2828	3633	600
2532	3075	600
1085	3216	600
1942	3652	600
1560	3842	600
2577	3395	600
112	3390	600
579	3786	600
2310	3916	600
1569	3843	600
2134	3751	600
2883	3788	600
2226	3424	600
2771	3753	600
2403	3617	600
2560	3737	700
2335	3720	700
1302	3231	700
1283	3998	700
150	3434	700
1662	3376	700
2473	3550	700
1131	3867	700
2510	3067	700
329	3480	700
1734	3511	700
1316	3967	700
2254	3680	700
125	3942	700
675	3446	700
278	3660	700
2822	3796	700
1295	3650	800
911	3701	800
539	3992	800
400	3840	800
567	3537	800
2075	3690	800
2992	3548	800
2836	3895	800
1610	3157	800
2194	3397	800
272	3358	800
2687	3983	800
1284	3934	800
1137	3708	800
1322	3535	800
654	3753	800
1200	3824	800
1058	3668	800
1381	3092	800
624	3436	900
2711	3605	900
2312	3233	900
1821	3046	900
1419	3447	900
1718	3437	900
1470	3243	900
632	3801	900
2702	3938	900
2452	3748	900
1741	3944	900
822	3688	900
2854	3519	900
2110	3709	900
1443	3441	900
723	3390	900
1728	3406	900
2009	3370	900
1611	3320	900
1981	3327	900
2253	3153	900
96	3757	900
313	3712	1000
1669	3219	1000
1198	3690	1000
1338	3430	1000
1493	3381	1000
287	3724	1000
73	3549	1000
1142	3783	1000
2649	3598	1000
2006	3346	1000
91	3991	1000
2540	3119	1000
168	3076	1000
2651	3858	1000
1564	3597	1000
1443	3659	1000
1857	3375	1000
1337	3239	1000
2501	3672	1000
1589	3771	1000
2468	3396	1000
2320	3174	1000
2327	3112	1000
465	3701	1000
1527	3268	1000
1038	3377	1100
1031	3039	1100
1815	3808	1100
107	3098	1100
533	3559	1100
599	3871	1100
2625	3474	1100
1534	3840	1100
1840	3521	1100
788	3998	1100
1794	3006	1100
2407	3930	1100
1505	3294	1100
2364	3706	1100
1179	3594	1100
139	3235	1100
2187	3499	1100
190	3484	1100
385	3077	1100
1246	3116	1100
317	3105	1100
654	3727	1100
1694	3156	1200
1231	3877	1200
2685	3204	1200
2065	3348	1200
719	3970	1200
897	3021	1200
1718	3450	1200
1705	3290	1200
1072	3453	1200
1254	3195	1200
1230	3654	1200
2813	3234	1200
1905	3955	1200
370	3751	1200
1641	3959	1200
2809	3493	1200
1301	3284	1200
1467	3523	1200
2169	3141	1300
2059	3624	1300
291	3046	1300
826	3801	1300
953	3861	1300
2410	3040	1300
1246	3049	1300
830	3145	1300
906	3168	1300
485	3622	1300
1886	3874	1300
2860	3524	1300
2235	3505	1300
1720	3577	1400
1013	3579	1400
2699	3799	1400
1908	3917	1400
2265	3268	1400
2875	3566	1400
400	3310	1400
1471	3184	1400
109	3371	1400
831	3132	1400
950	3427	1400
1022	3723	1400
2801	3218	1400
649	3294	1400
1448	3319	1400
2757	3955	1400
2247	3732	1400
227	3116	1400
2662	3282	1400
1906	3074	1400
1637	3251	1400
1490	3150	1400
1806	3741	1500
728	3853	1500
321	3561	1500
2770	3989	1500
1568	3312	1500
1144	3811	1500
189	3103	1500
2232	3041	1500
1834	3105	1500
790	3802	1500
699	3344	1500
2905	3622	1500
1138	3573	1500
1866	3293	1500
239	3766	1600
1691	3799	1600
1892	3445	1600
411	3342	1600
1794	3539	1600
1600	3688	1600
2546	3259	1600
2890	3915	1600
1032	3861	1600
881	3145	1600
151	3261	1600
871	3074	1600
991	3695	1600
2706	3908	1600
380	3683	1600
199	3138	1700
113	3993	1700
2534	3715	1700
1157	3381	1700
736	3555	1700
7	3694	1700
2988	3607	1700
598	3512	1700
2701	3197	1700
836	3522	1700
2478	3963	1700
417	3489	1700
1865	3008	1800
738	3245	1800
2882	3264	1800
1903	3616	1800
454	3960	1800
1963	3915	1800
2384	3752	1800
66	3554	1800
2939	3551	1800
2688	3396	1800
444	3198	1800
684	3668	1800
2248	3353	1800
2905	3479	1800
1570	3073	1800
1836	3004	1800
2675	3444	1900
1697	3539	1900
2955	3780	1900
526	3608	1900
318	3822	1900
2036	3945	1900
2058	3138	2000
1945	3927	2000
2871	3091	2000
2850	3101	2000
2832	3869	2000
2942	3107	2000
2598	3260	2000
108	3944	2000
1592	3029	2000
1068	3356	2000
355	3506	2000
951	3203	2000
1067	3811	2000
804	3929	2000
100	3037	2000
1220	3838	2000
224	3130	2000
2308	3814	2000
2755	3502	2000
772	3718	2000
2053	3829	2000
2070	3690	2100
1354	3310	2100
1806	3364	2100
1534	3325	2100
1820	3914	2100
1671	3614	2100
2549	3459	2100
1279	3820	2100
2149	3691	2100
2280	3018	2100
2517	3341	2100
1416	3360	2100
2703	3116	2100
2996	3054	2100
1896	3641	2100
1635	3411	2200
2839	3491	2200
2817	3837	2200
335	3366	2200
982	3725	2200
543	3755	2200
874	3926	2200
1784	3450	2200
2613	3480	2200
1114	3691	2200
628	3012	2200
2404	3576	2200
2769	3318	2200
1015	3074	2200
1090	3153	2200
594	3833	2200
1686	3877	2300
1893	3557	2300
2441	3778	2300
1096	3456	2300
1913	3385	2300
424	3931	2300
851	3780	2300
759	3214	2300
2055	3349	2300
2379	3604	2300
1917	3663	2300
2206	3114	2300
435	3047	2300
29	3354	2300
2656	3947	2300
2047	3396	2300
2603	3662	2300
2319	3322	2400
2645	3887	2400
2917	3532	2400
1207	3869	2400
2293	3245	2400
2513	3069	2400
2113	3018	2400
42	3480	2400
1474	3188	2400
1583	3100	2400
1875	3554	2400
2279	3012	2400
1416	3201	2400
641	3856	2400
2308	3136	2400
2717	3713	2500
2143	3460	2500
926	3207	2500
2152	3769	2500
993	3546	2500
2209	3732	2500
45	3655	2500
1831	3823	2500
2708	3225	2500
2012	3045	2500
871	3180	2500
861	3208	2500
641	3921	2500
528	3538	2500
949	3339	2500
2346	3577	2600
2592	3023	2600
2146	3518	2600
1171	3676	2600
1779	3015	2600
706	3939	2600
32	3413	2600
1140	3405	2600
146	3763	2600
319	3623	2600
1053	3682	2700
457	3559	2700
2869	3606	2700
2797	3665	2700
440	3873	2700
357	3647	2700
2980	3516	2700
2548	3400	2700
2952	3578	2700
1372	3745	2700
1318	3645	2700
1597	3989	2700
307	3375	2700
185	3499	2700
2463	3791	2700
2432	3812	2700
1331	3025	2700
1043	3068	2800
2833	3110	2800
2069	3377	2800
2625	3556	2800
1191	3914	2800
1423	3117	2800
292	3422	2800
1294	3155	2800
1486	3149	2800
798	3179	2800
1275	3764	2800
1684	3628	2800
2472	3448	2800
1490	3585	2800
2455	3631	2900
2544	3919	2900
2412	3500	2900
1921	3279	2900
256	3534	2900
1183	3964	2900
2701	3362	2900
170	3850	2900
1450	3369	2900
190	3551	2900
2351	3329	2900
1126	3564	2900
37	3365	2900
1258	3091	3000
2538	3716	3000
2503	3253	3000
2672	3226	3000
2586	3930	3000
1787	3847	3000
2322	3845	3000
1321	3969	3000
2644	3821	3000
691	3283	3000
1697	3714	3000
1742	3308	3000
441	3914	3000
1312	3570	3000
1455	3898	3000
106	3867	3000
1255	3280	3000
2096	3288	3000
273	3282	3000
1301	3477	3000
597	3832	3000
2609	3044	3100
1760	3624	3100
2251	3386	3100
1425	3390	3100
134	3370	3100
1652	3574	3100
794	3432	3100
1686	3589	3200
1913	3434	3200
1289	3272	3200
1309	3588	3200
601	3064	3200
36	3372	3200
1319	3320	3200
2065	3005	3300
1634	3987	3300
1819	3932	3300
2447	3676	3300
2202	3072	3300
1251	3918	3300
2347	3214	3300
1474	3710	3300
56	3963	3300
1910	3834	3300
2757	3816	3300
2431	3358	3300
2028	3007	3300
2212	3106	3300
838	3587	3300
1501	3856	3300
1026	3081	3300
467	3837	3300
502	3409	3400
2767	3566	3400
2433	3998	3400
2720	3099	3400
2218	3223	3400
896	3669	3400
461	3600	3400
2643	3830	3400
532	3674	3400
530	3623	3400
475	3744	3400
2031	3242	3400
223	3725	3500
2974	3340	3500
64	3276	3500
1110	3821	3500
426	3275	3500
2843	3160	3500
250	3018	3500
2004	3792	3500
1863	3844	3500
626	3600	3500
2002	3070	3500
1102	3306	3500
1370	3327	3500
869	3232	3600
2151	3292	3600
2301	3920	3600
1081	3076	3600
2842	3206	3600
1228	3070	3600
2918	3972	3600
2406	3036	3600
375	3324	3600
158	3951	3700
2560	3000	3700
2515	3700	3700
1632	3115	3700
2099	3304	3700
1233	3190	3700
2434	3460	3700
121	3821	3700
610	3137	3700
586	3075	3700
1978	3510	3700
2852	3001	3700
2019	3047	3700
1584	3297	3700
2456	3844	3700
697	3693	3700
1201	3560	3700
2449	3003	3700
2037	3762	3700
2719	3744	3700
692	3735	3700
2253	3611	3700
143	3846	3800
1675	3476	3800
1546	3553	3800
1446	3027	3800
977	3419	3800
488	3614	3800
2824	3464	3800
260	3594	3800
676	3350	3800
2546	3343	3800
1977	3373	3800
893	3355	3800
1972	3025	3800
2052	3372	3800
2908	3004	3800
1356	3804	3900
2785	3685	3900
447	3467	3900
648	3109	3900
2044	3257	3900
1775	3350	3900
1133	3384	3900
207	3663	3900
998	3200	3900
985	3895	3900
858	3037	3900
2571	3761	3900
365	3515	3900
2752	3736	3900
1265	3053	3900
2803	3494	4000
1070	3627	4000
2893	3545	4000
352	3894	4000
1990	3742	4000
718	3973	4000
2207	3331	4000
2318	3484	4000
2684	3674	4000
1567	3168	4000
1244	3084	4000
2949	3041	4000
1376	3177	4000
518	3063	4000
2604	3407	4000
2933	3130	4100
2714	3566	4100
636	3730	4100
1315	3516	4100
2470	3148	4100
2796	3210	4100
628	3048	4100
2983	3229	4100
1059	3252	4100
1773	3866	4100
2382	3514	4100
2505	3661	4100
1396	3355	4100
1972	3529	4100
496	3438	4100
2042	3044	4200
2926	3722	4200
1753	3137	4200
482	3703	4200
2196	3862	4200
1059	3838	4200
1378	3321	4200
1300	3702	4200
2353	3043	4300
583	3215	4300
2312	3952	4300
912	3728	4300
2496	3197	4300
894	3590	4300
2876	3148	4300
2774	3742	4300
1735	3971	4300
2005	3417	4300
1880	3007	4300
2372	3002	4300
1348	3341	4300
1982	3806	4300
1897	3240	4400
2627	3021	4400
2581	3419	4400
311	3819	4400
1604	3655	4400
1120	3638	4400
1106	3976	4400
1197	3750	4500
1984	3165	4500
358	3618	4500
89	3151	4500
204	3259	4500
558	3236	4500
780	3666	4500
1626	3787	4600
972	3233	4600
2995	3486	4600
2973	3731	4600
2979	3998	4600
859	3550	4600
196	3029	4600
611	3597	4600
1649	3093	4600
1918	3528	4600
2461	3129	4600
1376	3961	4600
866	3976	4600
797	3017	4700
1369	3232	4700
174	3429	4700
2929	3783	4700
843	3894	4700
1341	3782	4700
2528	3086	4700
570	3191	4700
2018	3838	4700
354	3695	4700
304	3437	4800
2872	3635	4800
1808	3009	4800
2331	3462	4800
2478	3338	4800
2095	3686	4800
2855	3064	4800
2504	3916	4800
799	3767	4800
1086	3673	4800
1908	3242	4900
2520	3782	4900
413	3630	4900
885	3249	4900
937	3410	4900
2388	3330	4900
2554	3929	4900
1996	3120	4900
1693	3552	4900
727	3068	4900
409	3701	5000
2155	3589	5000
49	3190	5000
1876	3920	5000
202	3578	5000
1895	3202	5000
2107	3093	5000
1831	3601	5000
2365	3035	5000
2114	3756	5100
2498	3533	5100
1721	3904	5100
284	3052	5100
2773	3294	5100
2690	3358	5100
2243	3315	5100
1575	3081	5100
1599	3419	5200
2144	3253	5200
1724	3747	5200
1811	3728	5200
2702	3889	5200
299	3975	5200
851	3113	5200
887	3305	5200
1664	3888	5200
2333	3623	5200
837	3020	5200
1643	3411	5200
573	3729	5200
306	3698	5300
1927	3656	5300
972	3726	5300
587	3221	5300
2295	3777	5300
2041	3962	5300
1145	3986	5300
1622	3431	5300
895	3498	5300
2707	3664	5300
1478	3952	5400
1904	3260	5400
1573	3848	5400
2251	3876	5400
611	3009	5400
2576	3654	5400
1827	3983	5400
2684	3373	5400
701	3702	5400
1515	3620	5400
2227	3224	5500
1357	3754	5500
2605	3361	5500
975	3204	5500
1976	3087	5500
1943	3853	5500
1829	3962	5500
1496	3104	5500
2488	3229	5500
2623	3843	5500
774	3997	5500
2244	3057	5500
380	3317	5500
2670	3377	5600
2265	3027	5600
369	3713	5600
1681	3949	5600
1526	3139	5600
1036	3879	5600
366	3597	5600
816	3255	5600
552	3530	5600
55	3943	5600
2159	3414	5600
1816	3923	5700
652	3295	5700
704	3946	5700
2092	3376	5700
896	3590	5700
1435	3583	5700
2754	3546	5700
46	3600	5700
2556	3192	5700
681	3251	5700
2932	3890	5700
459	3978	5700
1457	3262	5800
2531	3132	5800
2650	3613	5800
494	3539	5800
1668	3162	5800
2011	3860	5800
2303	3277	5800
1401	3984	5800
615	3509	5800
1976	3131	5900
2378	3836	5900
2051	3378	5900
2942	3334	5900
2912	3699	5900
1472	3337	5900
2442	3857	5900
1333	3004	5900
1915	3856	5900
1661	3419	6000
2484	3465	6000
1860	3445	6000
2094	3449	6000
509	3521	6000
2138	3706	6000
52	3374	6000
2366	3123	6000
2282	3441	6000
521	3379	6000
2724	3786	6000
1959	3771	6000
517	3458	6100
2508	3893	6100
2506	3724	6100
2183	3811	6100
1991	3074	6100
1340	3666	6100
254	3328	6100
61	3143	6200
2498	3716	6200
831	3403	6200
2342	3965	6200
715	3285	6200
909	3847	6200
126	3707	6200
1851	3475	6200
1210	3288	6200
2196	3762	6200
406	3443	6200
55	3657	6200
2035	3646	6300
2077	3399	6300
193	3828	6300
1398	3058	6300
401	3704	6300
531	3120	6300
2898	3802	6300
1	3284	6300
1399	3943	6300
891	3091	6400
1907	3061	6400
86	3291	6400
1647	3527	6400
1437	3613	6400
2686	3348	6400
1192	3005	6400
2256	3882	6400
1550	3957	6400
2118	3389	6400
2449	3796	6400
1072	3699	6500
2491	3484	6500
255	3554	6500
2029	3841	6500
889	3057	6500
1268	3535	6500
2047	3116	6500
1932	3463	6500
288	3754	6600
733	3932	6600
761	3821	6600
1459	3513	6600
1619	3508	6600
2754	3203	6600
1313	3284	6600
1541	3563	6600
2350	3402	6700
10	3804	6700
2838	3121	6700
2628	3977	6700
476	3226	6700
561	3975	6700
1125	3006	6700
2033	3485	6700
106	3311	6700
1871	3625	6700
377	3915	6700
1432	3106	6700
2810	3796	6700
2640	3479	6700
1993	3443	6700
21	3266	6700
2333	3988	6700
866	3891	6700
2747	3402	6800
2462	3926	6800
1027	3873	6800
729	3307	6800
2857	3303	6800
1516	3658	6800
1931	3201	6800
2518	3439	6800
2790	3774	6800
1407	3509	6800
102	3224	6900
1128	3740	6900
1710	3571	6900
270	3359	6900
398	3839	6900
455	3301	6900
2234	3829	6900
2319	3043	7000
1161	3253	7000
625	3001	7000
1793	3972	7000
228	3147	7000
773	3885	7000
1294	3338	7000
2381	3947	7000
2184	3941	7000
1127	3644	7100
242	3886	7100
2605	3646	7100
2155	3877	7100
821	3779	7100
2314	3264	7100
786	3598	7100
2748	3876	7100
1347	3948	7100
1874	3298	7100
1997	3626	7100
1556	3476	7200
1027	3080	7200
2940	3456	7200
2801	3903	7200
1768	3817	7200
2742	3455	7200
1385	3413	7200
2661	3288	7200
581	3391	7200
2220	3379	7200
96	3897	7200
1111	3056	7300
1647	3015	7300
1692	3875	7300
148	3119	7300
1408	3545	7300
781	3603	7300
2302	3652	7300
1846	3798	7300
1547	3811	7300
2978	3697	7300
925	3883	7300
1112	3664	7300
2288	3908	7300
1379	3523	7300
965	3271	7400
2872	3290	7400
751	3745	7400
2475	3763	7400
1261	3124	7400
2865	3111	7500
2614	3051	7500
659	3613	7500
1935	3071	7500
1494	3745	7500
2314	3707	7500
2301	3845	7500
2362	3378	7500
156	3706	7500
2128	3148	7500
985	3954	7500
192	3498	7500
1916	3446	7500
574	3237	7500
345	3273	7500
2597	3532	7600
39	3851	7600
656	3171	7600
2156	3901	7600
137	3277	7600
2510	3207	7600
293	3435	7600
1826	3839	7600
1014	3580	7700
1692	3287	7700
2537	3608	7700
385	3562	7700
2888	3625	7700
2971	3087	7800
1465	3542	7800
2459	3384	7800
1196	3170	7800
2590	3748	7800
244	3791	7800
1795	3181	7800
911	3402	7900
2964	3627	7900
2764	3578	7900
163	3859	7900
2925	3850	7900
204	3343	7900
2911	3809	7900
2637	3852	7900
758	3697	7900
1165	3968	7900
2480	3717	7900
1545	3054	7900
610	3368	8000
2514	3516	8000
117	3393	8000
338	3636	8000
2076	3108	8000
0	3574	8000
472	3813	8000
2692	3323	8000
11	3081	8000
211	3563	8000
1389	3799	8100
571	3567	8100
535	3977	8100
2550	3970	8100
829	3071	8100
2514	3433	8100
12	3863	8100
892	3686	8100
470	3641	8100
1957	3169	8200
2341	3699	8200
2615	3410	8200
915	3885	8200
2173	3907	8200
2501	3244	8200
2307	3229	8200
1308	3807	8200
2011	3674	8200
1417	3464	8300
589	3146	8300
1279	3986	8300
2885	3956	8300
1751	3544	8300
2450	3866	8300
218	3774	8300
38	3505	8300
1629	3136	8300
1783	3062	8400
86	3165	8400
1979	3178	8400
387	3188	8400
2927	3519	8400
2906	3999	8400
1709	3844	8400
568	3347	8400
2159	3082	8400
309	3440	8400
1387	3793	8500
510	3190	8500
2663	3065	8500
758	3106	8500
988	3079	8500
11	3230	8500
2924	3174	8500
2705	3579	8600
2838	3496	8600
818	3518	8600
1703	3256	8600
54	3494	8600
1251	3797	8600
631	3863	8600
1944	3194	8600
2914	3007	8600
2800	3140	8600
1896	3407	8600
1946	3053	8600
460	3488	8700
155	3265	8700
413	3694	8700
1344	3171	8700
94	3704	8700
702	3979	8700
1836	3063	8700
1041	3695	8800
2201	3083	8800
2930	3332	8800
2275	3731	8800
609	3193	8800
1444	3795	8800
618	3340	8800
1454	3373	8800
1274	3493	8800
2595	3281	8900
297	3056	8900
1447	3684	8900
2128	3146	8900
2955	3113	8900
1435	3963	8900
2029	3954	8900
2359	3335	8900
247	3363	9000
2359	3849	9000
1796	3650	9000
1524	3085	9000
2309	3912	9000
2368	3468	9100
1231	3589	9100
2499	3490	9100
683	3595	9100
1215	3144	9100
2874	3393	9100
1155	3794	9100
1309	3558	9100
175	3844	9100
2064	3476	9100
1390	3505	9200
882	3490	9200
1815	3908	9200
2793	3026	9200
551	3257	9200
1688	3384	9200
1018	3743	9200
1547	3001	9200
2927	3421	9200
2873	3140	9200
1658	3891	9200
1406	3937	9200
920	3092	9300
1172	3637	9300
1739	3262	9300
2887	3784	9300
2170	3075	9300
2599	3743	9300
2791	3425	9300
2667	3149	9300
1039	3127	9300
1139	3819	9300
712	3558	9300
1710	3007	9300
2699	3685	9400
824	3271	9400
666	3400	9400
397	3196	9400
2863	3678	9400
2428	3709	9400
1919	3852	9400
2901	3123	9400
2079	3066	9400
2688	3116	9400
989	3704	9400
892	3541	9400
1348	3802	9400
1117	3049	9400
2032	3081	9400
145	3215	9400
888	3547	9500
1495	3104	9500
1548	3480	9500
1418	3351	9500
1919	3972	9500
925	3579	9500
2957	3256	9600
1369	3651	9600
1010	3361	9600
2465	3152	9600
513	3748	9600
853	3351	9600
2182	3652	9600
79	3512	9600
2457	3234	9600
1286	3390	9600
940	3736	9600
1083	3211	9600
2782	3950	9700
1786	3164	9700
1797	3368	9700
1555	3221	9700
104	3052	9700
2218	3196	9700
414	3772	9700
2356	3560	9700
1955	3266	9700
1406	3215	9700
471	3836	9800
1264	3584	9800
144	3935	9800
2182	3973	9800
1046	3811	9800
2524	3693	9800
296	3423	9800
1870	3484	9800
183	3064	9800
160	3261	9800
981	3552	9800
2665	3025	9800
450	3718	9800
1960	3806	9800
2525	3256	9900
1779	3527	9900
1667	3548	9900
878	3550	9900
2559	3899	9900
1164	3082	9900
1261	3620	9900
1890	3436	10000
1849	3527	10000
883	3447	10000
1236	3178	10000
1328	3449	10000
2157	3542	10000
2557	3879	10000
138	3990	10000
1952	3163	10000
679	3843	10000
2582	3458	10100
2454	3184	10100
2971	3026	10100
613	3467	10100
1780	3209	10100
1303	3709	10100
1584	3621	10100
1618	3896	10100
43	3030	10100
2709	3053	10100
2976	3031	10200
432	3194	10200
525	3749	10200
2116	3569	10200
801	3232	10300
2213	3102	10300
1855	3747	10300
1717	3132	10300
943	3292	10300
2390	3290	10300
2854	3881	10300
85	3423	10300
1386	3514	10300
128	3300	10300
2399	3150	10400
409	3869	10400
1042	3706	10400
2258	3629	10400
388	3692	10400
330	3953	10400
2192	3185	10500
278	3482	10500
1731	3110	10600
2142	3299	10600
2446	3228	10600
687	3789	10600
31	3769	10600
1117	3451	10600
23	3169	10700
797	3110	10700
2486	3567	10700
632	3889	10700
550	3827	10700
27	3333	10700
602	3784	10800
2786	3412	10800
2474	3852	10800
785	3916	10800
1930	3150	10800
932	3032	10900
1707	3501	10900
147	3455	10900
2731	3108	10900
945	3038	10900
2297	3886	11000
1222	3470	11000
1811	3361	11000
2673	3542	11000
519	3226	11000
1573	3307	11000
1590	3659	11000
1652	3345	11000
356	3668	11000
952	3101	11100
1012	3547	11100
2777	3032	11100
2482	3212	11100
286	3068	11200
1616	3286	11200
1327	3021	11200
1101	3567	11200
913	3434	11200
1120	3764	11200
1906	3180	11200
1789	3560	11200
266	3651	11300
2496	3362	11300
1069	3697	11300
2725	3862	11300
2899	3864	11300
1242	3632	11400
764	3971	11400
1340	3916	11400
2567	3528	11400
1759	3313	11400
2647	3045	11400
2321	3628	11400
1295	3849	11500
727	3910	11500
2816	3540	11500
2950	3892	11500
2109	3189	11500
1133	3238	11500
79	3898	11500
2958	3616	11500
2963	3269	11500
2451	3807	11500
570	3884	11500
1060	3439	11500
111	3274	11600
221	3733	11600
1350	3265	11600
1510	3459	11600
1506	3940	11600
661	3645	11600
2106	3773	11600
1260	3298	11600
2187	3380	11600
2049	3319	11600
116	3788	11600
372	3198	11600
768	3266	11600
1232	3502	11600
2784	3258	11600
2348	3268	11700
1701	3464	11700
2438	3607	11700
1733	3000	11800
996	3776	11800
2325	3994	11800
71	3972	11800
572	3278	11800
2674	3396	11800
2747	3701	11900
213	3926	11900
2323	3380	11900
2396	3621	11900
494	3006	11900
2174	3331	11900
1519	3794	11900
2910	3811	11900
2996	3961	11900
2930	3892	12000
1056	3775	12000
2891	3034	12000
2133	3663	12000
872	3375	12000
2864	3083	12100
2477	3032	12100
197	3571	12100
1911	3211	12100
1618	3359	12100
1515	3124	12100
607	3111	12200
2370	3032	12200
2762	3265	12200
2092	3216	12200
2412	3247	12200
1674	3203	12200
2363	3980	12200
27	3528	12200
1115	3031	12300
1784	3437	12300
922	3940	12300
2552	3313	12300
1217	3985	12300
2634	3138	12400
1104	3923	12400
466	3111	12400
2054	3420	12400
740	3067	12400
1961	3912	12400
621	3968	12400
2708	3655	12400
1412	3493	12400
563	3698	12500
1272	3504	12500
1475	3464	12500
127	3769	12500
877	3670	12500
2453	3634	12500
146	3985	12500
779	3175	12500
2296	3411	12600
2664	3068	12600
1813	3687	12600
431	3134	12600
194	3375	12600
555	3958	12600
765	3576	12600
2316	3862	12600
1098	3877	12700
2531	3088	12700
2125	3526	12700
1924	3210	12700
187	3312	12700
855	3269	12700
593	3680	12700
1792	3244	12700
172	3273	12700
578	3756	12700
1617	3569	12700
2067	3729	12700
1404	3377	12800
1380	3263	12800
1566	3618	12800
2606	3818	12800
473	3008	12800
935	3246	12800
2992	3060	12800
1128	3913	12800
1310	3495	12800
1303	3994	12800
364	3128	12800
810	3974	12800
2277	3199	12800
1378	3150	12800
2682	3204	12900
1897	3367	12900
916	3257	12900
2746	3553	12900
2331	3338	13000
638	3544	13000
1562	3149	13000
989	3320	13000
2991	3941	13000
270	3372	13000
1488	3981	13100
2842	3395	13100
2409	3909	13100
1108	3173	13100
1910	3499	13100
152	3511	13100
1121	3507	13100
18	3289	13100
2084	3503	13200
1761	3719	13200
2228	3854	13200
2512	3070	13200
2081	3222	13200
1663	3750	13200
412	3569	13300
2734	3793	13300
1192	3091	13300
2561	3705	13300
1580	3792	13300
2988	3033	13300
1048	3666	13300
1749	3785	13400
1104	3970	13400
2967	3794	13400
233	3600	13400
2393	3014	13400
2317	3985	13500
2341	3858	13500
1596	3608	13500
1345	3991	13500
2055	3679	13500
1459	3994	13500
1422	3347	13500
2736	3220	13600
2582	3836	13600
2375	3257	13600
1723	3495	13600
2987	3667	13700
2698	3619	13700
803	3061	13700
2349	3782	13700
2990	3582	13700
2441	3669	13700
791	3621	13700
2815	3296	13800
124	3601	13800
1383	3626	13800
550	3734	13800
2354	3634	13800
1541	3309	13800
1593	3978	13800
520	3038	13900
2099	3540	13900
2555	3265	13900
2171	3500	13900
1270	3042	13900
2578	3495	13900
461	3380	13900
1651	3638	13900
6	3027	14000
1650	3619	14000
1229	3210	14000
2973	3245	14000
1550	3709	14000
2432	3735	14000
211	3180	14000
253	3314	14100
2729	3421	14100
1337	3187	14100
1716	3069	14100
2810	3626	14100
257	3810	14200
2124	3570	14200
2452	3275	14200
1184	3125	14300
2377	3296	14300
358	3183	14300
1052	3131	14300
584	3603	14300
1346	3564	14300
430	3511	14300
2594	3666	14300
2575	3941	14300
1711	3320	14300
939	3367	14400
67	3163	14400
1150	3479	14400
1304	3432	14400
630	3833	14400
1839	3787	14500
53	3392	14500
600	3521	14500
1701	3570	14500
1677	3583	14500
378	3888	14500
1306	3448	14500
1405	3609	14600
2630	3501	14600
2262	3753	14600
594	3284	14600
2346	3240	14700
2203	3134	14700
2358	3218	14700
1001	3418	14700
2027	3424	14700
2542	3010	14700
1499	3409	14800
40	3109	14800
2677	3455	14800
1276	3176	14800
145	3643	14800
828	3017	14900
1669	3367	14900
666	3430	14900
2281	3694	14900
1671	3534	14900
2063	3431	14900
1033	3380	14900
1481	3399	14900
1107	3743	14900
2411	3158	14900
1154	3084	14900
674	3118	14900
2840	3101	15000
2580	3463	15000
2570	3892	15000
1288	3306	15000
2074	3129	15000
361	3192	15000
755	3675	15000
1911	3933	15000
302	3010	15000
735	3262	15100
1849	3015	15100
305	3595	15100
1500	3444	15100
1243	3408	15100
820	3639	15100
390	3300	15100
2261	3217	15100
1449	3361	15200
2240	3741	15200
1099	3085	15200
664	3519	15200
258	3127	15200
655	3499	15200
2400	3300	15200
2145	3309	15200
2903	3656	15300
620	3364	15300
1995	3534	15300
2446	3652	15300
983	3382	15300
407	3084	15300
2584	3477	15300
2522	3596	15400
1427	3184	15400
1354	3992	15400
1402	3688	15400
1775	3957	15400
635	3497	15400
1169	3888	15400
87	3079	15400
2020	3857	15400
713	3739	15500
382	3871	15500
2142	3783	15500
1597	3901	15500
246	3865	15500
760	3990	15500
2394	3389	15500
416	3056	15600
1712	3381	15600
1134	3711	15600
2958	3872	15600
1648	3118	15600
2907	3727	15600
1832	3896	15600
344	3945	15600
1147	3718	15600
2678	3518	15700
778	3647	15700
2929	3299	15700
282	3848	15700
2739	3721	15700
1696	3040	15700
697	3203	15700
2745	3255	15700
178	3383	15700
2444	3750	15800
2001	3613	15800
1280	3687	15800
75	3398	15800
1942	3999	15800
521	3855	15800
1941	3596	15800
1732	3906	15900
1282	3109	15900
439	3497	15900
1413	3907	15900
1603	3463	15900
1754	3580	16000
2741	3122	16000
225	3498	16000
2519	3007	16000
1882	3591	16000
927	3289	16000
88	3452	16000
1926	3463	16000
710	3716	16100
1680	3119	16100
757	3694	16100
505	3529	16100
2706	3808	16100
698	3835	16200
2162	3501	16200
744	3236	16200
827	3788	16200
294	3922	16200
59	3900	16200
466	3231	16300
836	3117	16300
1513	3850	16300
2935	3616	16300
1948	3105	16300
135	3181	16300
2722	3728	16400
76	3475	16400
556	3288	16400
2610	3440	16400
1241	3593	16400
393	3488	16500
2511	3478	16500
248	3983	16500
936	3662	16500
2805	3509	16600
1266	3262	16600
2443	3233	16600
1954	3122	16600
1644	3177	16600
506	3199	16600
2185	3787	16700
2302	3973	16700
1355	3742	16800
5	3526	16800
2925	3561	16800
1500	3794	16800
2892	3086	16800
696	3740	16800
2419	3079	16800
1660	3574	16800
763	3596	16800
1168	3759	16900
2353	3322	16900
1478	3233	16900
795	3719	16900
994	3581	16900
1077	3983	16900
1334	3857	16900
1325	3037	16900
1396	3572	16900
1181	3538	16900
808	3165	17000
1924	3478	17000
933	3608	17000
962	3048	17000
2102	3587	17000
2086	3966	17000
1814	3212	17000
334	3302	17100
333	3858	17100
1179	3094	17100
1920	3076	17100
2471	3915	17100
1	3477	17100
420	3615	17200
1377	3026	17200
229	3427	17200
2294	3775	17200
2884	3251	17300
1830	3131	17300
1223	3296	17300
2612	3521	17300
2153	3369	17300
2960	3935	17300
1874	3382	17300
1974	3038	17400
640	3946	17400
2855	3471	17400
1501	3921	17400
1645	3014	17400
825	3274	17500
1613	3013	17500
1955	3900	17500
672	3682	17500
1861	3904	17600
2894	3779	17600
1475	3570	17600
387	3478	17600
673	3625	17600
1837	3816	17600
2481	3205	17600
2339	3653	17700
2964	3183	17700
2628	3496	17700
2762	3996	17700
2938	3567	17700
171	3630	17700
1079	3928	17700
689	3075	17700
1989	3202	17700
818	3557	17800
2902	3403	17800
2577	3206	17800
298	3983	17800
2937	3700	17800
1076	3265	17900
2794	3521	17900
806	3400	17900
564	3213	17900
201	3791	17900
473	3152	18000
1785	3731	18000
2545	3568	18000
428	3376	18000
252	3096	18000
249	3544	18000
2727	3872	18000
1292	3025	18000
2018	3252	18000
1912	3330	18100
2153	3508	18100
1068	3758	18100
2242	3839	18100
1441	3028	18100
1307	3890	18100
2536	3937	18100
501	3681	18200
2646	3901	18200
2724	3708	18200
274	3689	18200
2305	3379	18200
1016	3553	18200
329	3066	18300
26	3536	18300
2336	3543	18300
6	3268	18400
2896	3224	18400
540	3337	18400
119	3962	18500
1025	3797	18500
1145	3630	18500
481	3264	18500
1747	3568	18500
703	3012	18500
1238	3672	18500
1113	3535	18500
2217	3750	18500
1249	3911	18600
1777	3488	18600
2759	3500	18600
1030	3429	18600
2912	3453	18600
118	3621	18600
1312	3420	18600
2010	3692	18600
2607	3947	18600
2946	3515	18600
140	3320	18600
2300	3016	18600
2326	3437	18700
766	3269	18700
2436	3325	18800
2130	3931	18800
2906	3228	18800
2097	3236	18800
2791	3473	18800
830	3912	18800
2669	3966	18800
312	3515	18800
603	3565	18900
1762	3537	18900
2961	3170	18900
2846	3036	18900
20	3252	18900
658	3357	18900
1245	3779	19000
1091	3847	19000
91	3420	19000
2829	3077	19000
341	3874	19000
2953	3217	19000
1311	3073	19000
1581	3900	19000
476	3011	19100
771	3525	19100
890	3308	19100
2206	3915	19100
302	3668	19100
2181	3254	19100
987	3253	19200
2760	3449	19200
214	3696	19200
2127	3305	19200
2856	3686	19200
1628	3650	19200
2583	3062	19300
111	3805	19300
867	3697	19300
1210	3443	19300
606	3315	19300
908	3726	19400
1419	3167	19400
2751	3865	19400
947	3557	19400
235	3410	19400
1411	3817	19400
1535	3259	19400
1704	3767	19400
1325	3815	19400
1603	3054	19400
2837	3314	19500
738	3731	19500
1131	3311	19500
2591	3800	19500
1823	3592	19500
644	3157	19500
769	3297	19500
94	3095	19500
337	3103	19500
2034	3224	19600
1446	3553	19600
2832	3151	19600
565	3042	19600
2014	3002	19600
2768	3727	19600
2112	3452	19600
2021	3014	19700
2717	3965	19700
1180	3353	19700
731	3921	19700
1711	3176	19700
2738	3172	19800
2879	3399	19800
2438	3416	19800
547	3854	19800
1746	3809	19800
1740	3895	19900
166	3180	19900
663	3355	19900
2497	3563	19900
2776	3577	20000
1116	3270	20000
2061	3281	20000
1066	3043	20000
954	3416	20000
1254	3909	20000
1212	3288	20000
1604	3225	20000
2056	3959	20000
765	3866	20000
404	3370	20100
1003	3037	20100
2373	3120	20100
220	3805	20200
1785	3919	20200
1174	3584	20200
32	3947	20200
2913	3585	20200
203	3676	20300
1846	3936	20300
2211	3739	20400
814	3032	20400
2214	3919	20400
2733	3195	20400
77	3417	20400
1216	3735	20400
1392	3837	20500
2565	3715	20500
136	3308	20500
1278	3423	20500
1756	3791	20500
2245	3473	20500
903	3233	20600
1523	3842	20600
2898	3980	20600
1685	3174	20600
343	3102	20700
1185	3665	20700
883	3046	20700
2909	3902	20700
2985	3671	20700
19	3209	20700
1776	3765	20700
2085	3143	20800
2239	3127	20800
1127	3870	20800
1037	3846	20900
2679	3072	20900
742	3419	20900
1049	3035	20900
1164	3414	20900
1090	3611	20900
2797	3904	21000
2598	3144	21000
2507	3592	21000
234	3097	21000
553	3315	21000
95	3500	21100
1769	3817	21100
2433	3715	21200
724	3651	21200
1876	3845	21200
1995	3113	21300
1905	3350	21300
1690	3842	21300
384	3517	21400
860	3331	21400
2223	3600	21400
1469	3404	21500
845	3733	21500
2635	3167	21500
1002	3269	21500
1824	3812	21500
396	3476	21600
2591	3264	21600
2383	3422	21600
1318	3758	21700
1842	3648	21700
1094	3672	21800
608	3163	21800
617	3039	21900
452	3141	21900
2105	3297	21900
2934	3388	21900
2119	3022	21900
1771	3860	21900
1296	3020	21900
2959	3216	22000
1687	3879	22000
880	3316	22000
186	3636	22000
438	3968	22000
2823	3649	22000
18	3738	22000
1151	3934	22000
1966	3263	22100
1726	3285	22100
2931	3902	22100
1152	3887	22100
1431	3272	22100
1163	3194	22100
2970	3391	22100
2669	3135	22100
2017	3358	22200
2826	3126	22200
651	3203	22200
1034	3292	22300
1098	3589	22300
495	3193	22300
951	3345	22300
2000	3439	22300
854	3318	22300
2260	3737	22300
1725	3982	22400
2919	3745	22400
634	3714	22400
445	3898	22400
1453	3744	22500
107	3062	22500
976	3563	22500
768	3028	22500
710	3533	22600
1135	3689	22600
389	3761	22600
713	3240	22700
1517	3013	22700
1738	3404	22700
1757	3865	22700
2826	3241	22700
1400	3668	22700
961	3494	22800
458	3924	22800
1646	3235	22800
210	3001	22800
1324	3283	22800
2812	3501	22800
536	3638	22800
1881	3082	22800
2844	3865	22900
110	3603	22900
548	3142	22900
1062	3160	22900
549	3025	22900
1791	3695	22900
231	3270	23000
2831	3089	23000
260	3094	23000
1695	3981	23000
1321	3721	23000
577	3317	23100
484	3602	23200
70	3698	23200
1833	3647	23200
1497	3460	23200
2718	3155	23200
730	3468	23200
1484	3837	23300
1281	3307	23300
464	3478	23300
660	3195	23300
2304	3732	23300
1187	3871	23400
1082	3991	23400
2737	3586	23400
2639	3352	23400
2210	3900	23400
973	3315	23400
257	3256	23500
1891	3076	23500
1504	3440	23500
2792	3039	23600
2565	3924	23600
986	3353	23600
557	3675	23600
629	3614	23700
2868	3531	23700
614	3514	23700
650	3520	23800
2535	3219	23800
863	3180	23800
530	3988	23800
834	3457	23800
200	3578	23900
2803	3334	23900
1666	3307	23900
2439	3185	23900
1651	3387	23900
876	3530	23900
2739	3047	24000
544	3968	24000
1384	3359	24000
657	3477	24000
865	3575	24000
2139	3176	24100
2444	3254	24100
2998	3013	24100
334	3902	24100
1790	3146	24100
979	3689	24100
1291	3860	24100
2200	3685	24200
1302	3156	24200
1809	3561	24200
1219	3237	24200
373	3503	24300
1661	3902	24300
905	3008	24300
1954	3969	24300
346	3671	24300
964	3544	24300
123	3753	24300
745	3760	24300
2538	3533	24400
884	3893	24400
2596	3599	24400
537	3271	24400
2405	3059	24400
1095	3241	24400
1664	3670	24400
2998	3428	24500
256	3614	24500
676	3955	24500
2382	3473	24500
2361	3092	24600
715	3398	24600
415	3842	24600
1006	3105	24600
181	3084	24600
931	3977	24700
1408	3582	24700
1091	3795	24700
1851	3677	24700
1859	3544	24700
2219	3890	24700
2020	3481	24800
2423	3396	24800
490	3130	24800
2997	3014	24800
2003	3567	24900
164	3697	24900
1076	3996	25000
2470	3780	25000
388	3316	25000
782	3452	25000
1175	3281	25100
2093	3115	25100
403	3009	25100
77	3642	25100
1025	3247	25200
57	3232	25200
410	3076	25200
2209	3012	25200
424	3758	25300
886	3069	25300
2653	3798	25300
1244	3344	25300
1362	3596	25300
1499	3204	25400
918	3599	25400
167	3649	25400
1394	3683	25400
88	3258	25400
2562	3595	25500
154	3278	25500
2087	3407	25500
1394	3864	25500
711	3656	25600
2113	3241	25600
1344	3485	25600
2300	3159	25600
728	3019	25700
422	3036	25700
1220	3252	25700
850	3641	25700
1485	3309	25900
1258	3254	25900
2289	3071	25900
2294	3148	25900
660	3123	25900
912	3995	26000
47	3850	26000
591	3922	26000
674	3672	26000
1570	3491	26000
603	3993	26100
93	3859	26100
2469	3106	26100
2	3628	26100
2241	3078	26200
2748	3386	26300
635	3162	26300
2015	3074	26300
2624	3273	26300
90	3891	26300
1358	3733	26400
2999	3525	26400
2134	3686	26400
2211	3875	26500
277	3158	26500
783	3638	26500
974	3039	26600
2415	3518	26600
1008	3878	26600
1169	3473	26600
1162	3885	26600
1166	3261	26600
2807	3836	26700
199	3657	26700
2007	3382	26800
1571	3749	26900
524	3402	27000
1949	3130	27000
1428	3363	27100
155	3599	27100
1986	3677	27100
315	3961	27100
2360	3321	27100
1975	3348	27200
2968	3189	27200
2195	3182	27200
1385	3070	27300
770	3768	27300
1813	3226	27400
1877	3663	27400
2336	3489	27400
2535	3367	27500
2168	3798	27600
784	3099	27700
360	3987	27700
2808	3399	27700
1677	3963	27700
363	3227	27700
616	3659	27700
332	3454	27800
840	3598	27800
2007	3203	27800
315	3177	27800
2909	3302	27900
1367	3863	27900
2337	3873	27900
2344	3935	27900
2181	3091	28000
2621	3467	28000
590	3919	28000
314	3408	28000
2234	3030	28000
1167	3044	28100
449	3335	28100
399	3799	28100
700	3951	28100
1712	3262	28100
434	3284	28100
25	3587	28100
419	3433	28200
1999	3160	28200
1538	3075	28200
576	3363	28300
408	3801	28300
1462	3122	28300
993	3948	28300
747	3055	28300
2543	3690	28400
2129	3975	28400
2106	3522	28400
2385	3827	28400
1013	3644	28400
2261	3335	28500
2734	3088	28500
2059	3998	28500
2221	3072	28500
1809	3586	28500
2013	3300	28500
737	3454	28600
43	3321	28600
2391	3428	28700
72	3946	28700
2756	3672	28700
2750	3136	28700
754	3757	28800
2893	3582	28800
2337	3080	28800
1883	3069	28800
1659	3323	28800
1450	3508	28900
1005	3425	28900
2583	3098	29000
511	3781	29000
2651	3453	29000
2831	3110	29100
2718	3462	29100
1199	3258	29100
319	3870	29100
2454	3371	29200
2392	3678	29200
2291	3502	29200
1889	3139	29300
554	3956	29300
2168	3878	29300
1605	3335	29400
1923	3202	29400
1260	3498	29400
2371	3372	29500
2845	3575	29500
1552	3681	29600
2350	3900	29600
1371	3444	29600
2081	3064	29600
417	3543	29600
1199	3452	29600
1237	3806	29600
622	3906	29700
1063	3920	29700
1737	3156	29800
159	3751	29800
441	3949	29900
1606	3645	29900
1659	3440	29900
862	3061	30000
1555	3778	30000
2980	3433	30200
2048	3086	30200
2439	3405	30300
2326	3161	30400
2876	3775	30400
2636	3724	30400
182	3610	30400
1763	3519	30500
2827	3654	30600
2249	3154	30600
749	3587	30600
554	3346	30700
1589	3461	30700
1205	3415	30700
92	3950	30800
2257	3744	30900
1170	3898	30900
956	3603	30900
2117	3163	30900
1557	3378	31000
2689	3566	31100
2681	3777	31100
2104	3346	31100
2524	3487	31100
2249	3826	31100
1958	3588	31100
470	3407	31100
944	3059	31200
1904	3801	31200
581	3767	31200
627	3273	31200
1156	3593	31200
2878	3572	31200
2295	3050	31300
864	3090	31300
1602	3638	31300
1498	3370	31400
1795	3049	31400
1694	3667	31500
2862	3751	31500
1451	3063	31500
1054	3512	31600
2878	3833	31600
1901	3310	31700
2286	3730	31700
986	3896	31700
2429	3170	31800
1257	3239	31800
2024	3439	31800
443	3013	31900
1566	3183	31900
512	3256	32000
1520	3996	32000
2990	3545	32000
2204	3765	32000
1654	3952	32000
1081	3122	32100
2220	3915	32100
2660	3384	32200
2198	3316	32200
353	3481	32200
2108	3039	32300
1966	3952	32300
841	3544	32300
2148	3661	32300
1752	3788	32300
1377	3950	32400
1000	3494	32400
184	3118	32400
1634	3492	32500
2410	3913	32500
601	3010	32500
1106	3891	32500
898	3266	32500
1185	3904	32600
1074	3295	32600
2666	3312	32600
876	3028	32600
1626	3092	32900
1375	3911	32900
2089	3946	32900
877	3888	32900
2618	3357	32900
16	3837	33000
1778	3113	33000
2303	3483	33000
1143	3339	33100
1216	3812	33200
2726	3725	33200
2072	3621	33200
746	3790	33200
969	3663	33200
2101	3441	33300
2052	3643	33300
1226	3960	33400
1595	3181	33400
670	3733	33500
2215	3781	33500
1205	3408	33500
2233	3408	33600
534	3755	33700
1071	3975	33700
1108	3909	33700
152	3881	33700
812	3828	33800
2799	3874	33800
1601	3448	33800
721	3728	33900
1149	3975	33900
1095	3018	33900
2160	3065	34000
1586	3376	34000
957	3148	34000
1366	3397	34000
714	3451	34000
20	3560	34000
2053	3030	34000
1588	3014	34100
2574	3245	34100
2672	3260	34100
798	3558	34100
378	3670	34100
620	3474	34200
669	3470	34200
176	3786	34200
2000	3205	34200
2744	3220	34300
2133	3280	34300
1696	3913	34300
350	3520	34400
595	3707	34400
1578	3689	34400
2262	3211	34400
2186	3801	34500
1774	3549	34500
804	3826	34500
753	3807	34500
2343	3606	34600
1096	3279	34600
734	3825	34600
1869	3516	34600
942	3765	34600
1844	3950	34700
1326	3398	34700
807	3287	34700
2391	3254	34800
707	3050	34800
868	3487	34800
2784	3452	34800
999	3931	34900
2981	3834	34900
799	3353	34900
919	3528	34900
850	3839	34900
1218	3585	34900
1100	3801	35000
1616	3996	35100
2175	3204	35100
1144	3423	35100
2969	3729	35100
1937	3068	35200
2721	3089	35200
1195	3851	35200
816	3041	35200
585	3459	35300
346	3303	35400
165	3894	35500
1421	3471	35500
1364	3324	35600
1558	3685	35600
856	3143	35600
1943	3019	35600
1757	3430	35600
1636	3144	35600
926	3067	35600
2304	3012	35600
1679	3073	35600
10	3442	35700
778	3606	35700
2125	3186	35700
707	3246	35700
1990	3652	35700
1362	3175	35800
622	3019	35800
1037	3476	35900
1052	3087	35900
1424	3614	35900
1787	3186	35900
35	3786	35900
1426	3807	36000
15	3055	36000
1391	3896	36100
1819	3795	36200
30	3099	36200
1764	3146	36200
612	3434	36300
1747	3069	36300
2729	3809	36300
182	3661	36300
1088	3352	36300
229	3472	36400
1565	3186	36400
1114	3861	36400
2788	3096	36500
2858	3656	36600
1399	3683	36600
1405	3580	36700
1159	3197	36700
709	3430	36700
2758	3711	36700
2529	3958	36700
2534	3924	36800
1574	3017	36800
1715	3342	36800
1215	3260	36800
2417	3958	36800
2335	3253	36900
1329	3062	37000
796	3925	37000
238	3016	37000
69	3624	37100
1599	3716	37100
2431	3954	37100
2120	3573	37200
1094	3037	37200
1313	3563	37200
652	3398	37300
479	3105	37300
1680	3271	37400
1392	3864	37400
1767	3256	37400
1190	3058	37600
2091	3741	37700
918	3265	37700
2199	3800	37700
124	3823	37700
2775	3683	37700
1359	3832	37700
1530	3101	37800
78	3825	37800
2126	3850	37800
1423	3852	37800
599	3950	37900
1508	3329	37900
1644	3959	37900
1342	3612	38000
1729	3292	38000
2305	3634	38000
2775	3415	38000
1760	3810	38100
602	3722	38100
954	3898	38100
2773	3797	38100
2416	3753	38100
451	3170	38200
2731	3913	38200
2746	3027	38200
580	3196	38300
1960	3004	38300
1203	3339	38300
1172	3756	38400
959	3612	38400
1505	3249	38400
2635	3447	38500
1587	3940	38500
1332	3333	38600
328	3166	38600
2869	3647	38700
513	3275	38700
1549	3930	38700
483	3790	38700
8	3333	38700
344	3251	38700
1994	3053	38700
910	3289	38700
2789	3052	38800
2363	3506	38800
1263	3035	38800
1452	3944	38900
2095	3732	38900
1390	3644	38900
70	3793	39100
2602	3590	39100
2732	3079	39100
1430	3314	39200
1442	3348	39200
2715	3549	39200
271	3027	39300
961	3565	39300
240	3157	39300
251	3269	39300
1657	3328	39300
1087	3729	39300
522	3051	39400
2769	3984	39400
137	3389	39400
2890	3816	39500
2313	3749	39500
1009	3268	39600
245	3500	39600
792	3918	39600
2287	3680	39600
1925	3005	39700
2816	3304	39700
300	3276	39700
2260	3660	39700
1878	3747	39800
1864	3486	39800
1158	3183	39900
891	3068	39900
217	3836	39900
126	3264	39900
2740	3724	40000
1698	3243	40000
1933	3385	40000
967	3944	40000
1488	3561	40000
2212	3697	40000
2680	3293	40000
369	3965	40100
1963	3114	40100
790	3980	40100
630	3572	40100
348	3683	40100
854	3708	40200
1895	3821	40300
426	3748	40300
1713	3819	40300
2947	3030	40400
2283	3432	40500
1844	3871	40500
2664	3910	40500
2611	3676	40500
2238	3838	40500
789	3220	40600
1177	3403	40600
290	3469	40600
1571	3729	40600
1044	3538	40600
1380	3726	40700
2005	3642	40700
2285	3752	40700
2352	3925	40700
2354	3997	40800
1237	3004	40800
2248	3767	40900
1528	3930	41000
311	3554	41000
1642	3574	41000
1862	3549	41100
2280	3298	41100
1017	3172	41200
2494	3027	41300
2691	3356	41300
243	3872	41300
2076	3740	41300
726	3658	41400
1122	3172	41500
2071	3729	41500
1982	3063	41500
683	3017	41600
2342	3713	41600
1075	3745	41600
478	3483	41600
2050	3220	41700
756	3469	41700
2008	3853	41800
360	3221	41800
756	3758	41800
1065	3865	41800
1001	3391	41800
499	3573	41800
908	3233	41900
423	3567	41900
342	3139	41900
1881	3414	41900
1861	3665	42000
209	3628	42000
2943	3969	42100
1456	3065	42200
62	3571	42200
175	3401	42200
2711	3618	42300
463	3720	42300
2177	3969	42300
1822	3680	42300
1498	3489	42300
2246	3532	42400
1657	3830	42400
51	3578	42500
1689	3748	42500
1257	3822	42500
1870	3551	42500
1964	3883	42600
2115	3631	42600
2570	3332	42600
427	3193	42600
2414	3996	42600
1572	3901	42600
1371	3218	42600
198	3824	42600
2345	3428	42600
157	3304	42700
2238	3768	42700
1632	3295	42800
2633	3294	42800
2126	3519	42800
1209	3963	42800
1194	3842	42900
2657	3764	42900
1019	3636	42900
2460	3624	43000
244	3128	43000
1425	3446	43000
1336	3839	43000
374	3306	43000
584	3126	43100
2228	3948	43100
1781	3489	43100
299	3923	43200
2601	3721	43200
1875	3413	43200
2871	3254	43300
2696	3329	43300
868	3693	43300
2080	3090	43300
873	3750	43400
2916	3193	43400
1463	3602	43500
1024	3557	43500
2563	3676	43600
2507	3831	43600
2090	3108	43600
45	3225	43600
1445	3486	43700
2689	3101	43800
54	3334	43800
2054	3200	43800
2367	3227	43800
2235	3524	43800
336	3342	43900
2536	3215	43900
2730	3846	44000
357	3631	44000
2579	3473	44000
1579	3536	44000
1721	3665	44100
848	3860	44100
2395	3910	44100
1717	3088	44200
2800	3638	44200
1929	3609	44300
2959	3076	44300
1746	3421	44300
741	3202	44300
955	3133	44300
2778	3149	44300
1074	3430	44400
1018	3898	44400
2521	3816	44400
755	3483	44400
234	3634	44400
1967	3063	44400
1329	3098	44500
2926	3784	44500
2392	3684	44500
2367	3948	44500
2124	3272	44600
505	3025	44600
1750	3979	44600
367	3253	44700
63	3032	44800
1040	3009	44800
1585	3108	44800
2087	3016	44800
910	3874	44800
1734	3881	44900
2523	3693	44900
2176	3383	44900
1667	3060	45000
2895	3868	45000
2147	3317	45000
2259	3685	45100
1778	3534	45100
2418	3278	45100
2090	3740	45100
122	3672	45100
2395	3917	45100
2114	3744	45200
1382	3409	45200
1136	3612	45300
28	3378	45300
1085	3144	45300
2829	3597	45300
1040	3621	45300
2276	3313	45300
2548	3121	45400
1034	3810	45400
2237	3279	45400
1619	3369	45400
1704	3166	45400
721	3995	45500
1796	3204	45500
1607	3930	45500
2841	3914	45500
2165	3818	45500
492	3792	45500
2733	3583	45500
1969	3617	45500
1518	3230	45500
1141	3164	45600
2972	3691	45600
2	3657	45600
984	3883	45700
2329	3467	45700
2779	3495	45700
2236	3586	45800
1539	3305	45800
105	3306	45800
2665	3529	45800
2994	3339	45900
2735	3800	45900
2250	3782	45900
662	3961	45900
162	3756	46000
1540	3720	46000
68	3223	46000
1089	3773	46000
2889	3590	46100
2802	3986	46100
2977	3114	46100
2180	3515	46100
1636	3429	46200
2315	3630	46200
238	3159	46200
1240	3502	46300
619	3799	46300
1404	3970	46400
1207	3151	46400
104	3196	46400
1782	3113	46400
1764	3719	46400
177	3973	46400
1783	3098	46500
2443	3924	46500
771	3847	46500
73	3696	46500
2150	3956	46500
2325	3803	46500
1121	3128	46500
2453	3097	46500
1983	3702	46500
2255	3707	46600
1431	3882	46600
1742	3228	46600
2247	3686	46600
1238	3774	46600
2086	3505	46600
1397	3736	46600
2760	3488	46700
2324	3460	46700
2763	3433	46700
1843	3923	46700
64	3285	46700
1646	3800	46700
1130	3188	46700
2183	3425	46700
814	3787	46800
2284	3193	46800
677	3213	46800
861	3118	46800
1203	3112	46800
2217	3428	46800
2683	3579	46900
14	3897	46900
2001	3977	46900
1699	3066	46900
376	3370	46900
852	3055	46900
924	3910	47000
2278	3568	47000
267	3788	47000
2604	3856	47000
2710	3937	47000
82	3789	47100
2970	3418	47100
596	3566	47200
546	3937	47200
2783	3469	47200
1126	3958	47200
2881	3423	47200
1733	3192	47200
218	3306	47200
1965	3962	47300
901	3622	47300
2738	3730	47400
2928	3987	47400
384	3608	47400
1563	3489	47400
2517	3763	47400
546	3698	47400
733	3971	47600
1899	3362	47600
734	3919	47600
1822	3528	47600
2404	3866	47600
2088	3321	47600
2447	3059	47700
2851	3421	47700
1981	3524	47700
739	3110	47800
1314	3938	47800
1539	3512	47800
1367	3706	47900
76	3170	47900
1623	3596	47900
1504	3284	47900
2311	3301	48000
2957	3810	48000
1927	3467	48000
1536	3142	48000
714	3116	48000
485	3353	48000
1373	3426	48100
2002	3451	48100
2505	3610	48100
2861	3383	48100
446	3045	48100
563	3063	48100
1161	3853	48200
823	3075	48200
2442	3446	48200
2421	3566	48300
1146	3656	48300
2048	3003	48300
2630	3607	48400
2322	3920	48400
2474	3346	48400
670	3787	48500
1988	3832	48500
809	3960	48600
2177	3122	48600
1594	3709	48600
2866	3312	48600
1051	3799	48700
9	3569	48700
1070	3518	48700
1429	3859	48700
2599	3963	48700
2652	3601	48700
708	3768	48700
98	3967	48700
1305	3606	48800
1440	3938	48800
1417	3260	48800
2941	3603	48800
1508	3571	48800
500	3774	48800
83	3352	48900
2286	3172	48900
2362	3995	48900
1998	3989	48900
1902	3346	48900
1107	3501	48900
941	3506	48900
1758	3832	49000
2541	3175	49000
271	3785	49200
216	3885	49200
1969	3455	49200
1379	3292	49300
2944	3616	49300
2573	3300	49300
2489	3396	49300
2355	3712	49400
2374	3285	49400
2824	3009	49400
858	3984	49400
176	3003	49500
532	3373	49500
1365	3028	49500
2462	3647	49600
2879	3517	49600
754	3897	49600
2704	3071	49700
1986	3238	49700
2293	3303	49700
214	3568	49800
1761	3146	49800
1467	3643	49800
1492	3169	49800
1682	3467	49900
318	3239	49900
2687	3423	49900
149	3857	49900
774	3634	49900
1629	3814	49900
103	3765	49900
110	3069	50000
404	3541	50000
1648	3208	50000
2735	3034	50100
1293	3603	50100
1487	3308	50100
14	3523	50100
499	3943	50100
524	3091	50200
1180	3622	50200
4	3443	50200
1841	3306	50200
900	3399	50300
1770	3393	50300
2967	3936	50300
2158	3753	50300
1049	3761	50300
1838	3035	50300
1142	3299	50400
174	3381	50400
2193	3878	50400
2975	3473	50400
2345	3750	50400
2386	3726	50500
1650	3404	50500
2437	3449	50500
1221	3681	50500
44	3475	50500
1436	3768	50500
1642	3418	50500
966	3854	50600
1823	3114	50600
2527	3278	50600
1801	3373	50600
1824	3945	50600
1858	3927	50700
1119	3537	50700
1953	3343	50700
508	3774	50700
1703	3810	50800
917	3653	50800
2608	3021	50800
2847	3079	50800
169	3923	50900
1159	3362	50900
2695	3059	50900
250	3241	50900
712	3179	50900
720	3301	51000
2038	3323	51000
2289	3268	51000
339	3504	51000
1820	3186	51000
205	3329	51000
1536	3108	51000
2460	3810	51100
2329	3092	51100
1489	3246	51100
1586	3721	51100
1460	3398	51200
2962	3851	51200
1330	3413	51200
1984	3291	51300
2394	3277	51300
1807	3471	51300
324	3328	51300
1774	3632	51400
163	3938	51400
1568	3329	51400
569	3289	51500
577	3159	51500
507	3744	51600
2619	3698	51600
2520	3050	51600
1788	3416	51600
1978	3831	51600
1368	3297	51600
2313	3222	51600
752	3923	51700
590	3635	51700
2422	3918	51700
827	3484	51700
103	3383	51700
2692	3440	51800
2494	3553	51800
1527	3071	51800
1242	3549	51800
1297	3478	51800
2267	3037	51800
339	3164	51900
1745	3131	51900
1298	3209	51900
2779	3981	51900
34	3388	51900
2643	3328	51900
1773	3252	51900
1388	3951	52000
2256	3272	52000
1551	3330	52000
2485	3290	52000
1255	3957	52000
2423	3529	52000
2061	3088	52100
2185	3733	52100
2355	3220	52100
2215	3460	52100
487	3671	52100
815	3435	52100
2154	3573	52100
2465	3008	52200
265	3851	52200
5	3223	52200
66	3691	52200
1165	3829	52200
560	3044	52300
2103	3715	52300
826	3260	52300
2274	3681	52400
1223	3292	52400
597	3263	52400
1970	3725	52400
1440	3247	52400
2911	3421	52400
433	3702	52400
275	3208	52400
1245	3107	52500
1092	3584	52500
2596	3619	52600
1447	3678	52600
2430	3752	52600
2895	3802	52600
1250	3044	52700
320	3220	52700
1970	3547	52700
2965	3019	52700
304	3161	52800
1198	3615	52800
1465	3903	52800
1625	3987	52800
1243	3415	52800
1342	3250	52900
1530	3883	52900
1189	3378	52900
1338	3534	52900
2285	3425	52900
2908	3479	52900
637	3818	53000
540	3944	53000
948	3859	53000
2528	3085	53000
857	3760	53000
1007	3613	53100
1719	3929	53100
1286	3269	53100
2902	3556	53200
205	3123	53200
363	3625	53200
1519	3957	53200
694	3188	53200
1885	3841	53200
376	3541	53200
2369	3523	53200
1940	3976	53200
2516	3978	53300
1964	3013	53300
1633	3152	53300
1673	3526	53300
1533	3001	53300
1885	3142	53300
2622	3535	53300
2448	3439	53300
2375	3741	53400
2904	3261	53400
459	3952	53400
813	3384	53500
2834	3820	53500
1339	3275	53500
2366	3913	53500
1418	3828	53500
593	3379	53500
191	3673	53500
1496	3340	53600
1987	3636	53600
1046	3752	53600
880	3807	53600
1050	3359	53600
2386	3263	53700
2686	3701	53700
1782	3780	53700
2657	3481	53700
497	3764	53700
1929	3296	53800
2240	3364	53800
2943	3721	53800
2358	3188	53800
1080	3054	53900
1017	3614	53900
2190	3362	53900
2574	3376	53900
333	3894	53900
1598	3330	53900
504	3106	53900
527	3734	53900
1563	3244	53900
421	3468	53900
2066	3266	53900
1461	3738	53900
325	3134	54000
2951	3537	54000
442	3172	54000
1016	3317	54000
1453	3637	54100
58	3619	54100
1470	3795	54100
1355	3308	54100
2082	3034	54100
1516	3800	54100
1920	3642	54100
1347	3546	54100
178	3864	54100
2154	3943	54100
1941	3536	54100
350	3014	54200
217	3938	54200
675	3997	54200
1020	3921	54200
1850	3662	54200
1749	3317	54300
1191	3847	54300
2550	3092	54300
1609	3942	54300
1674	3345	54300
2112	3934	54300
1204	3945	54400
1507	3613	54400
806	3496	54400
157	3946	54400
2822	3626	54400
1351	3654	54400
1482	3646	54500
2726	3193	54500
2193	3512	54500
52	3084	54500
100	3482	54500
69	3759	54600
1938	3490	54600
237	3276	54600
1297	3919	54600
933	3065	54600
791	3122	54600
429	3158	54600
2371	3536	54600
2327	3339	54600
1640	3682	54700
884	3720	54700
1549	3336	54700
1608	3227	54700
2397	3493	54700
2195	3258	54700
2516	3182	54700
143	3656	54800
1472	3336	54800
2947	3702	54800
2845	3477	54800
2034	3061	54900
770	3079	54900
1605	3054	55000
1492	3138	55000
1014	3609	55000
1900	3503	55000
428	3590	55000
2589	3244	55000
2539	3476	55100
1314	3889	55100
1585	3483	55100
289	3152	55200
1956	3246	55200
2851	3047	55200
2977	3379	55200
817	3153	55200
2376	3175	55200
381	3700	55200
2744	3927	55300
1208	3458	55300
1452	3337	55300
1788	3209	55300
2907	3166	55300
2790	3438	55300
1240	3217	55300
819	3470	55400
735	3061	55400
1509	3944	55400
321	3981	55400
2677	3746	55400
2118	3142	55400
642	3101	55400
1980	3051	55500
2045	3938	55500
1564	3691	55500
2892	3420	55500
2107	3418	55500
2223	3316	55500
1200	3855	55500
909	3580	55600
82	3001	55600
359	3388	55600
354	3813	55600
1168	3757	55700
493	3982	55700
80	3449	55700
1360	3078	55700
949	3785	55700
158	3254	55800
477	3755	55800
541	3297	55800
2456	3040	55800
1818	3368	55900
420	3982	55900
1056	3148	55900
870	3158	55900
921	3453	56000
289	3770	56100
853	3828	56100
2448	3273	56100
1818	3647	56200
1607	3246	56200
1023	3806	56200
1202	3505	56300
619	3296	56300
1758	3281	56300
2045	3836	56300
885	3568	56300
2033	3171	56300
2406	3345	56300
2111	3654	56300
2015	3180	56300
1167	3712	56400
2137	3505	56400
678	3747	56400
119	3556	56400
262	3526	56400
1403	3995	56400
2230	3164	56500
2712	3071	56500
656	3495	56500
62	3844	56500
364	3507	56500
2644	3047	56600
969	3481	56600
1553	3201	56600
1048	3916	56600
122	3617	56600
496	3839	56600
802	3488	56700
639	3325	56700
133	3348	56700
1153	3349	56700
555	3659	56700
2036	3812	56700
808	3291	56800
2568	3931	56800
1315	3033	56800
1827	3093	56800
1067	3855	56800
116	3704	56800
2296	3270	56800
2541	3174	56800
803	3565	56900
2903	3449	56900
1502	3111	56900
1317	3178	56900
2795	3287	56900
2863	3684	56900
2199	3235	56900
2224	3374	56900
2856	3751	56900
1057	3503	57000
2853	3287	57000
669	3741	57000
347	3777	57000
919	3680	57000
2621	3285	57100
2916	3210	57100
2646	3790	57100
1877	3280	57100
583	3372	57100
545	3571	57200
2647	3432	57200
2766	3700	57200
2041	3715	57300
2389	3651	57300
1071	3276	57300
585	3172	57300
1271	3420	57300
2306	3188	57300
362	3202	57300
1033	3154	57300
2252	3289	57300
1178	3736	57300
2297	3301	57400
97	3486	57400
56	3743	57400
1489	3930	57400
1110	3202	57400
462	3535	57400
623	3301	57500
1532	3710	57500
1457	3619	57600
2526	3630	57600
1863	3406	57600
2750	3814	57600
2781	3775	57700
2485	3669	57700
2464	3421	57700
2601	3047	57700
2945	3030	57700
2147	3785	57700
1141	3911	57800
2236	3555	57800
786	3521	57800
1480	3343	57800
1871	3227	57800
2306	3444	57800
167	3772	57800
1825	3339	57800
1444	3932	57900
276	3356	57900
2085	3755	58000
631	3034	58000
2740	3337	58000
2349	3152	58000
649	3050	58000
575	3347	58000
40	3882	58100
569	3738	58100
2221	3504	58200
2091	3348	58200
2075	3615	58200
1461	3289	58200
226	3602	58300
1387	3088	58300
1935	3924	58300
750	3498	58300
1792	3489	58300
1277	3846	58400
1177	3556	58400
65	3931	58400
2995	3488	58500
2954	3526	58500
2811	3469	58500
956	3770	58500
846	3378	58500
743	3267	58500
1735	3197	58600
545	3844	58600
2518	3273	58600
647	3263	58600
1828	3486	58700
215	3599	58700
2631	3864	58700
1434	3281	58700
1558	3183	58800
280	3595	58800
736	3197	58800
208	3854	58800
241	3668	58800
1357	3248	58800
1451	3641	58800
458	3715	58900
1968	3495	58900
2523	3382	58900
605	3375	58900
1918	3816	59000
1915	3408	59000
1816	3696	59100
394	3497	59100
2275	3144	59100
398	3443	59100
857	3596	59100
711	3846	59200
19	3416	59300
2096	3824	59300
84	3431	59400
1615	3973	59400
2653	3209	59400
2402	3131	59500
2109	3981	59500
722	3837	59600
2730	3377	59600
998	3420	59600
1032	3554	59600
686	3435	59600
198	3855	59600
2276	3135	59600
1892	3733	59700
2849	3171	59700
1020	3328	59700
562	3883	59700
2320	3747	59800
168	3464	59800
366	3691	59800
2019	3789	59800
753	3244	59800
48	3757	59900
650	3445	59900
980	3111	59900
1280	3996	59900
887	3155	59900
732	3405	59900
2317	3763	59900
1957	3138	60000
2713	3615	60000
1956	3795	60000
347	3545	60000
177	3356	60000
1287	3817	60000
206	3936	60000
2656	3925	60000
2499	3109	60100
53	3725	60100
493	3615	60100
938	3777	60100
941	3000	60100
1391	3222	60100
2572	3130	60100
1370	3737	60100
1004	3904	60200
2997	3491	60200
2681	3285	60200
2774	3308	60200
1624	3920	60200
996	3948	60200
1137	3629	60200
1801	3318	60200
1810	3967	60200
1579	3372	60200
2982	3859	60300
2808	3469	60300
338	3880	60300
2584	3175	60300
1860	3520	60400
932	3445	60400
2811	3901	60400
1005	3752	60400
609	3099	60500
1259	3412	60500
2307	3048	60500
13	3730	60600
1065	3724	60600
1698	3403	60600
1102	3244	60600
2291	3177	60600
1800	3178	60700
2144	3707	60800
547	3948	60800
2440	3636	60800
2016	3328	60800
4	3408	60800
2424	3237	60800
2819	3044	60800
2639	3849	60900
2495	3519	60900
651	3133	60900
478	3675	60900
526	3517	61000
953	3229	61000
207	3481	61000
221	3785	61100
2503	3392	61100
2378	3279	61100
2844	3780	61100
903	3726	61200
367	3725	61200
268	3555	61200
2828	3783	61200
2901	3329	61200
134	3574	61200
2056	3727	61200
1691	3296	61300
13	3615	61300
1403	3304	61300
907	3158	61300
1631	3768	61300
901	3353	61300
1038	3756	61400
1361	3089	61400
2841	3134	61400
1525	3619	61400
281	3582	61400
673	3227	61400
2148	3610	61400
2475	3341	61400
2145	3563	61400
1850	3921	61400
1684	3657	61400
1528	3949	61500
1322	3933	61500
2624	3095	61500
971	3859	61600
921	3197	61600
497	3481	61600
236	3468	61600
2673	3903	61700
2282	3800	61700
1812	3764	61700
2848	3674	61700
2533	3451	61700
2899	3765	61700
927	3738	61700
2398	3039	61800
399	3251	61800
2804	3409	61800
2039	3117	61800
1780	3564	61800
2756	3746	61800
614	3856	61800
1835	3818	61900
2753	3336	61900
0	3345	61900
1352	3150	61900
1663	3287	62000
1468	3851	62000
766	3958	62000
626	3821	62000
973	3814	62000
817	3611	62000
1732	3970	62100
1901	3226	62100
1073	3111	62100
1741	3724	62100
153	3341	62100
1884	3024	62100
2288	3808	62200
1731	3017	62200
1262	3728	62200
2172	3385	62200
1624	3845	62200
2873	3387	62200
1202	3966	62200
2204	3864	62200
2741	3889	62300
2545	3249	62300
2602	3642	62300
1719	3826	62300
15	3208	62300
1679	3813	62300
2026	3747	62400
1770	3699	62400
373	3470	62500
2753	3678	62500
2666	3007	62500
2852	3590	62500
864	3760	62500
2542	3829	62500
2799	3883	62500
491	3950	62600
1947	3847	62600
2513	3018	62600
1583	3298	62600
687	3562	62600
749	3572	62600
2932	3175	62600
957	3775	62700
2258	3708	62700
1649	3338	62700
1384	3896	62700
1705	3245	62800
796	3229	62800
2310	3666	62800
1359	3055	62800
646	3349	62900
1859	3425	62900
233	3752	62900
560	3712	63000
562	3874	63000
2825	3580	63000
1869	3459	63000
661	3399	63000
2857	3671	63000
188	3052	63100
1883	3671	63100
2467	3767	63100
522	3271	63200
2712	3962	63200
2561	3456	63200
2165	3720	63200
2323	3511	63200
438	3654	63200
2787	3232	63300
2817	3575	63300
2069	3970	63300
1821	3527	63300
2986	3982	63300
1643	3735	63300
1988	3700	63300
681	3468	63400
1366	3154	63400
514	3872	63400
1752	3455	63400
153	3763	63400
392	3309	63500
2950	3332	63500
2671	3366	63500
2566	3342	63500
285	3156	63500
245	3568	63500
1124	3768	63500
2626	3198	63500
2861	3166	63500
2968	3918	63600
112	3816	63600
2719	3237	63700
1424	3781	63700
1298	3798	63700
2252	3208	63700
341	3118	63700
33	3911	63800
397	3356	63800
2488	3925	63800
1217	3763	63800
865	3477	63800
2339	3088	63900
2129	3578	63900
1345	3645	63900
154	3592	63900
1077	3391	63900
2013	3541	63900
1922	3234	63900
2369	3463	64000
2555	3286	64000
120	3119	64000
1635	3103	64000
2795	3875	64100
2435	3146	64100
1083	3933	64100
2393	3363	64200
1426	3541	64200
1723	3227	64300
186	3312	64300
185	3541	64300
1118	3880	64300
1776	3383	64300
148	3525	64400
1726	3777	64400
2691	3052	64400
2422	3021	64400
966	3776	64400
2010	3316	64400
523	3588	64400
606	3945	64400
924	3917	64500
2586	3770	64500
2521	3390	64500
731	3856	64500
1389	3468	64600
2830	3257	64600
327	3022	64600
1762	3982	64700
1891	3669	64700
795	3794	64700
1832	3483	64700
1805	3529	64700
1153	3679	64800
1327	3918	64800
1333	3407	64800
2374	3276	64900
2004	3645	64900
701	3806	64900
286	3532	65000
1617	3432	65000
1495	3340	65100
390	3154	65100
2408	3300	65100
1401	3802	65100
775	3054	65200
2891	3818	65200
414	3649	65200
1241	3934	65200
1269	3015	65300
994	3371	65300
2953	3335	65300
960	3015	65400
2082	3775	65400
983	3834	65400
2202	3342	65500
629	3781	65500
320	3804	65600
2825	3609	65600
2645	3026	65600
2940	3705	65600
2203	3914	65600
718	3956	65600
425	3990	65600
331	3736	65700
2070	3781	65700
396	3258	65800
1865	3465	65800
325	3742	65800
487	3303	65800
2464	3809	65800
2833	3017	65900
1353	3322	65900
1004	3665	65900
1045	3316	65900
1138	3323	65900
2201	3102	66000
519	3494	66000
726	3719	66000
518	3263	66000
300	3545	66100
2281	3394	66100
1914	3854	66100
1744	3072	66200
1358	3520	66300
213	3627	66300
2231	3688	66300
1569	3824	66300
324	3514	66300
1201	3576	66300
1353	3650	66400
2865	3231	66400
488	3781	66400
374	3208	66400
2038	3509	66500
291	3886	66500
2138	3034	66500
170	3640	66500
2476	3990	66500
1630	3854	66500
430	3881	66500
2463	3128	66500
1156	3868	66500
1959	3461	66500
745	3090	66500
212	3352	66600
2812	3743	66600
208	3776	66600
406	3288	66600
36	3622	66600
508	3543	66600
1613	3965	66700
109	3581	66700
2956	3498	66700
2417	3280	66700
1944	3048	66800
2467	3082	66800
1433	3772	66800
1112	3814	66800
1024	3190	66900
169	3707	66900
1350	3262	66900
1662	3216	66900
2972	3200	66900
2194	3551	66900
663	3572	66900
2257	3323	67000
792	3189	67000
761	3969	67000
293	3128	67000
2634	3377	67100
1054	3303	67100
852	3698	67100
1063	3845	67200
101	3451	67200
962	3194	67300
2328	3664	67300
2595	3700	67300
1925	3739	67400
276	3931	67400
12	3034	67400
47	3561	67400
689	3512	67400
1728	3345	67400
254	3802	67400
1491	3176	67500
2225	3051	67500
2975	3379	67500
1867	3706	67600
202	3549	67600
1804	3510	67600
1330	3925	67600
1272	3072	67700
1736	3893	67700
465	3651	67700
643	3261	67700
511	3496	67800
1428	3392	67900
2250	3050	67900
939	3005	67900
156	3863	67900
2158	3727	67900
2161	3943	67900
2229	3609	68000
1000	3429	68000
955	3239	68000
377	3114	68000
1483	3730	68100
402	3586	68100
58	3696	68100
542	3584	68100
2519	3401	68100
905	3430	68200
118	3297	68200
1436	3074	68200
2397	3010	68200
1219	3169	68300
2839	3073	68300
1487	3956	68300
1374	3625	68300
1155	3235	68300
1670	3651	68400
1682	3582	68400
2407	3336	68400
2120	3943	68500
1553	3360	68600
946	3531	68600
1672	3538	68600
1803	3335	68600
449	3849	68700
313	3466	68700
2127	3382	68700
2840	3472	68800
1520	3286	68800
411	3065	68800
246	3337	68800
1170	3798	68800
2883	3455	68800
2752	3281	68800
2610	3813	68800
477	3602	68900
2279	3708	68900
2965	3853	69000
551	3364	69000
785	3666	69000
1574	3363	69100
729	3848	69100
655	3834	69100
2481	3439	69100
782	3258	69100
1039	3278	69200
1709	3406	69200
226	3718	69300
882	3109	69400
2655	3304	69400
604	3714	69400
1099	3550	69400
747	3832	69400
184	3874	69400
1744	3631	69500
1163	3048	69500
1267	3675	69500
1838	3967	69500
2425	3270	69600
1798	3434	69600
1950	3835	69600
136	3730	69600
2675	3709	69600
2696	3942	69600
2846	3767	69600
2398	3681	69700
1335	3445	69700
2777	3398	69700
709	3690	69700
2881	3983	69700
308	3764	69700
1284	3988	69700
16	3174	69700
2850	3579	69800
862	3286	69800
471	3889	69800
510	3627	69800
2640	3749	69800
1449	3646	69900
1066	3322	69900
2471	3114	70000
2936	3082	70000
2999	3119	70100
2547	3375	70100
1334	3636	70100
1386	3751	70100
1304	3569	70100
1921	3705	70200
2150	3973	70200
1341	3152	70400
764	3640	70400
1683	3290	70400
2994	3937	70400
1158	3685	70500
2694	3851	70500
536	3166	70500
141	3064	70500
1197	3428	70500
322	3863	70600
1633	3134	70600
1060	3205	70600
440	3080	70700
2428	3994	70700
2079	3480	70700
26	3112	70700
1593	3952	70700
2525	3897	70800
48	3793	70800
1965	3050	70800
24	3458	70800
1893	3437	70800
415	3127	70800
1250	3573	70800
298	3878	70900
314	3415	70900
968	3015	71000
751	3940	71000
819	3741	71000
1862	3632	71000
2390	3731	71000
1476	3395	71000
699	3084	71000
1442	3005	71100
1899	3453	71100
767	3971	71100
1545	3463	71200
183	3222	71200
2771	3727	71200
1310	3239	71300
1582	3538	71300
787	3432	71300
1479	3609	71400
1641	3772	71400
1335	3089	71500
1222	3051	71500
1830	3087	71600
722	3520	71600
1594	3235	71600
2732	3446	71600
2424	3169	71600
121	3380	71700
2198	3984	71700
2287	3528	71700
1265	3081	71800
2805	3761	71800
2796	3825	71800
1263	3967	71800
1900	3532	71900
1724	3893	71900
265	3962	71900
2888	3971	71900
210	3789	71900
1751	3425	71900
2102	3572	71900
2853	3132	72000
952	3472	72000
2877	3813	72000
1737	3231	72100
2487	3769	72100
1349	3866	72100
2789	3356	72200
78	3210	72200
1147	3457	72200
723	3280	72300
1023	3004	72300
512	3653	72400
679	3824	72400
1050	3749	72400
2654	3967	72400
1685	3575	72500
525	3806	72600
23	3906	72700
1290	3427	72700
958	3632	72700
2321	3182	72700
646	3679	72800
2149	3616	72800
41	3929	72800
164	3670	72800
1269	3527	72900
1326	3465	72900
2969	3225	72900
61	3953	73000
258	3842	73000
2788	3231	73100
787	3569	73100
2931	3302	73200
39	3246	73200
1660	3082	73200
1193	3927	73300
2954	3223	73300
2493	3394	73300
2361	3787	73400
1707	3459	73400
741	3826	73400
1311	3491	73400
2704	3472	73500
595	3595	73500
665	3478	73500
805	3827	73500
2309	3674	73500
1143	3643	73500
1554	3735	73600
447	3846	73600
691	3995	73600
2072	3009	73600
1931	3360	73700
2623	3824	73700
2819	3169	73800
1259	3858	73800
1101	3458	73900
284	3742	73900
1590	3794	73900
2573	3154	73900
1973	3043	74000
242	3046	74000
1638	3893	74000
1968	3511	74000
914	3831	74100
343	3083	74200
1637	3270	74300
823	3235	74300
1093	3990	74300
1754	3527	74400
2083	3196	74400
2862	3686	74400
381	3493	74400
824	3769	74500
777	3490	74600
1763	3189	74600
2847	3446	74600
2427	3772	74600
1909	3891	74600
1803	3217	74600
2755	3177	74600
1994	3509	74700
648	3490	74700
1681	3742	74700
1714	3714	74700
2176	3833	74700
1151	3124	74700
1829	3998	74800
1122	3459	74800
348	3138	74900
1277	3553	75000
75	3975	75000
2962	3555	75000
125	3954	75000
2074	3313	75000
2372	3179	75100
2237	3490	75200
780	3916	75200
557	3359	75200
2887	3722	75300
368	3516	75300
1339	3748	75300
288	3248	75300
2806	3052	75400
1967	3641	75400
2793	3087	75500
491	3871	75500
1615	3956	75500
2080	3552	75500
917	3132	75600
1152	3474	75600
2982	3021	75600
1560	3127	75600
2742	3788	75600
1645	3575	75700
2490	3400	75700
1062	3516	75700
2022	3971	75700
1015	3140	75700
1227	3176	75800
1078	3097	75800
173	3347	75900
2563	3059	76000
981	3211	76000
1947	3403	76100
2264	3533	76100
1293	3594	76100
2910	3693	76100
1285	3314	76200
203	3701	76200
402	3540	76200
1655	3625	76200
2014	3179	76200
2230	3504	76300
659	3496	76300
222	3066	76300
2885	3475	76400
2495	3189	76400
1274	3010	76400
467	3785	76400
612	3525	76500
1513	3294	76500
2590	3275	76500
504	3229	76500
2603	3830	76500
2920	3259	76600
196	3866	76600
282	3307	76700
1826	3438	76700
1909	3585	76700
2266	3890	76800
2608	3918	76900
760	3677	76900
1484	3174	77000
1738	3637	77000
1374	3907	77000
556	3574	77000
2814	3224	77100
2636	3115	77100
370	3815	77100
262	3223	77300
2543	3043	77500
129	3087	77500
1093	3312	77500
1608	3319	77500
1514	3880	77500
1437	3977	77600
2544	3825	77600
2552	3129	77600
578	3466	77800
1008	3936	77800
773	3913	77800
2606	3460	77900
860	3104	77900
2889	3510	78000
703	3888	78000
2934	3968	78000
1234	3617	78000
419	3690	78100
219	3224	78200
2763	3231	78200
2224	3838	78200
1283	3403	78300
41	3881	78300
2121	3523	78400
788	3795	78400
935	3386	78400
2743	3935	78400
2914	3571	78400
2758	3885	78400
272	3905	78500
2772	3435	78600
2299	3533	78700
579	3003	78700
1961	3506	78700
515	3936	78800
2683	3461	78800
692	3251	78900
1171	3271	78900
942	3641	78900
1510	3228	79000
2073	3548	79000
1332	3680	79000
1271	3991	79100
269	3907	79100
1934	3695	79100
1455	3780	79200
2553	3591	79200
893	3536	79200
870	3693	79300
535	3400	79400
89	3363	79400
965	3946	79400
2966	3880	79400
568	3320	79400
739	3436	79500
1825	3937	79500
1748	3230	79600
637	3104	79600
2680	3552	79600
2399	3493	79600
1116	3046	79700
781	3094	79700
1578	3441	79700
2874	3311	79700
2554	3154	79700
1129	3905	79700
141	3471	79700
1324	3995	79800
708	3535	79800
571	3714	79900
1725	3926	79900
767	3640	79900
2458	3497	80000
442	3433	80100
2781	3113	80100
1229	3825	80100
46	3629	80100
1214	3812	80100
1552	3849	80200
1042	3096	80200
439	3162	80200
2110	3280	80200
422	3391	80200
2936	3414	80200
1331	3661	80200
1275	3843	80300
1256	3738	80300
253	3125	80400
237	3632	80400
220	3718	80500
576	3853	80500
2242	3414	80500
275	3055	80500
305	3818	80600
779	3090	80700
2540	3525	80800
1561	3762	80800
2311	3736	80900
1769	3719	80900
2619	3978	80900
645	3786	81000
1267	3896	81000
2143	3121	81100
2316	3968	81100
1466	3307	81200
2500	3537	81200
1958	3388	81200
1666	3848	81300
1971	3484	81300
2918	3351	81400
1814	3491	81400
219	3756	81500
2655	3540	81500
2068	3024	81500
604	3911	81600
273	3827	81600
2776	3361	81700
2737	3304	81800
410	3376	81800
1953	3393	81800
310	3771	81900
2089	3257	81900
1916	3855	81900
695	3056	82000
2083	3537	82000
1654	3653	82100
1053	3309	82200
1438	3520	82200
71	3351	82200
1720	3199	82300
2284	3340	82400
50	3410	82400
2008	3019	82500
2751	3134	82500
1699	3480	82500
159	3732	82500
2032	3230	82600
719	3877	82600
1233	3982	82600
732	3185	82600
1609	3648	82600
301	3649	82600
678	3808	82700
1975	3005	82700
1561	3862	82700
2848	3617	82800
2768	3961	82800
330	3681	82900
549	3411	82900
1791	3035	82900
2151	3977	83000
2330	3640	83000
1535	3326	83000
434	3813	83000
1992	3735	83100
352	3412	83100
2131	3030	83100
1149	3594	83300
1186	3717	83300
2880	3319	83300
1524	3584	83400
2557	3441	83400
2626	3261	83400
2332	3394	83500
2849	3485	83500
1454	3674	83500
2945	3829	83600
977	3368	83700
2941	3126	83700
2028	3878	83800
1029	3141	83900
1506	3099	83900
451	3497	83900
1683	3158	83900
296	3487	83900
1693	3211	83900
1361	3682	84000
92	3287	84000
328	3443	84000
165	3453	84100
42	3133	84100
763	3523	84200
2721	3575	84300
704	3056	84400
2440	3857	84400
2749	3157	84400
22	3955	84400
2652	3980	84400
1221	3650	84500
1411	3160	84500
943	3624	84600
1777	3109	84600
537	3470	84600
87	3140	84600
2254	3333	84600
2416	3355	84600
886	3094	84800
1105	3205	84800
1889	3238	84900
1003	3514	84900
2161	3573	84900
1497	3121	85000
2937	3321	85000
263	3149	85100
455	3045	85200
2939	3397	85200
2989	3908	85300
874	3183	85300
65	3196	85300
552	3704	85400
2401	3457	85400
1281	3848	85500
688	3703	85500
453	3639	85500
2210	3951	85600
2780	3214	85600
2490	3496	85700
544	3010	85700
1546	3124	85700
1057	3532	85800
984	3579	85800
2529	3659	85900
1914	3907	86000
1588	3110	86100
2370	3445	86100
431	3008	86100
25	3140	86200
323	3103	86200
976	3344	86200
1195	3540	86400
1993	3997	86400
1866	3959	86400
2396	3969	86500
2364	3160	86600
80	3877	86600
2137	3927	86800
2157	3903	86800
2246	3503	86900
1834	3823	86900
2820	3860	86900
931	3400	87000
2384	3194	87000
1031	3926	87100
784	3547	87100
2809	3150	87100
1230	3036	87200
2016	3888	87200
2571	3212	87200
31	3431	87300
2030	3588	87300
1902	3999	87400
224	3341	87400
539	3310	87600
216	3157	87600
1623	3536	87600
309	3683	87700
2334	3612	87800
252	3817	87900
263	3397	87900
777	3426	88000
403	3085	88000
2459	3677	88100
748	3928	88200
225	3338	88200
115	3773	88300
1630	3776	88300
1611	3530	88300
881	3373	88400
2461	3313	88400
843	3769	88600
2205	3860	88600
187	3990	88700
1923	3629	88700
573	3225	88700
1235	3434	88800
30	3595	88800
1157	3565	88900
1328	3582	88900
454	3340	88900
1011	3612	89000
279	3099	89000
2616	3248	89100
1855	3908	89100
2987	3156	89100
1690	3127	89300
432	3048	89300
813	3156	89400
1009	3013	89600
1973	3322	89600
1456	3342	89600
2661	3543	89600
2347	3319	89700
841	3194	89700
2761	3391	89800
1397	3045	89800
700	3240	89900
2046	3115	89900
879	3857	90000
85	3487	90000
1289	3882	90100
725	3315	90200
1021	3820	90200
645	3003	90200
2352	3980	90200
1460	3121	90300
2944	3986	90300
331	3301	90400
1517	3726	90500
948	3570	90500
2533	3389	90700
913	3894	90800
223	3547	90900
2244	3639	91000
1740	3841	91000
1278	3390	91000
1300	3414	91000
1482	3361	91100
189	3411	91100
2227	3083	91200
335	3038	91200
1494	3104	91200
1493	3083	91300
281	3545	91300
1853	3670	91300
310	3461	91400
1991	3374	91500
2685	3926	91600
395	3560	91600
2482	3761	91600
1695	3189	91700
1768	3564	91700
1987	3201	91700
1252	3745	91900
2637	3067	91900
1323	3435	91900
2564	3979	91900
1214	3945	92100
2436	3162	92100
1196	3677	92100
2558	3791	92200
317	3980	92200
7	3987	92300
2537	3272	92500
49	3557	92500
2723	3766	92600
200	3276	92800
1292	3282	92800
1948	3341	92900
356	3225	92900
575	3095	92900
2414	3687	93000
844	3245	93000
2427	3933	93000
1225	3538	93000
960	3450	93100
2073	3616	93100
35	3003	93200
990	3333	93200
2108	3718	93300
923	3223	93300
2745	3041	93300
44	3677	93600
2411	3663	93600
1175	3793	93700
2678	3627	93700
2264	3716	93700
2578	3640	93800
228	3711	93800
1365	3266	93800
2272	3051	93900
2229	3886	94100
2983	3318	94100
490	3662	94100
627	3347	94200
828	3392	94400
394	3162	94400
295	3431	94500
915	3588	94500
820	3201	94600
940	3871	94700
929	3374	94700
1407	3073	94800
1854	3979	94800
2815	3046	95000
123	3355	95000
2026	3808	95100
2607	3601	95100
1673	3311	95200
1188	3365	95200
2263	3503	95300
371	3784	95300
1992	3529	95400
1936	3796	95400
1802	3576	95400
2162	3416	95500
515	3798	95500
2479	3176	95500
1554	3411	95600
2617	3283	95700
2497	3344	95700
2186	3570	95800
872	3157	95800
2670	3466	95900
995	3994	95900
1078	3634	95900
2761	3036	96000
2587	3198	96000
1656	3454	96100
809	3689	96200
1213	3322	96300
247	3392	96300
2658	3250	96300
2330	3850	96400
970	3840	96500
895	3885	96600
982	3019	96700
2579	3097	96700
1287	3717	96800
616	3719	96800
1252	3863	96900
1729	3624	97000
113	3766	97100
1464	3366	97200
2506	3594	97200
2549	3999	97300
2609	3712	97400
2642	3426	97400
1689	3275	97400
435	3789	97400
2613	3066	97400
2710	3793	97400
383	3333	97500
1026	3230	97500
2705	3461	97600
2886	3673	97700
1181	3237	97700
2864	3565	97800
93	3458	97800
2173	3422	97800
746	3117	97900
179	3897	98000
1950	3820	98000
171	3991	98100
1581	3402	98200
2770	3901	98200
1084	3947	98400
2241	3413	98500
1105	3234	98500
236	3812	98600
2539	3712	98700
1601	3135	98700
621	3829	98800
2900	3502	98900
2749	3591	99000
1256	3976	99000
192	3546	99300
1602	3843	99300
1890	3808	99400
1291	3145	99400
838	3140	99400
2298	3717	99500
2232	3255	99500
2299	3716	99900
1937	3917	100000
1621	3278	100000
1410	3103	100000
34	3734	100100
2277	3577	100200
2035	3728	100200
694	3671	100200
9	3045	100300
2044	3555	100300
2064	3182	100500
368	3160	100500
1055	3352	100600
529	3891	100600
849	3766	100700
617	3953	100700
1383	3796	100700
345	3738	100800
445	3209	100900
1532	3444	101000
1518	3309	101300
2021	3906	101300
492	3939	101300
914	3531	101300
261	3250	101400
856	3755	101500
2163	3766	101600
1030	3349	101800
750	3040	101800
1087	3502	101800
1980	3232	101900
1868	3293	102000
231	3665	102100
2736	3466	102100
1462	3797	102100
349	3791	102200
825	3805	102300
837	3177	102500
1213	3650	102600
1183	3565	102600
1672	3927	102900
1575	3230	102900
498	3234	103000
2426	3803	103100
1232	3655	103100
1055	3849	103200
162	3637	103400
928	3584	103500
131	3659	103600
807	3474	103700
640	3405	103700
564	3117	103800
1466	3848	103900
541	3171	103900
2662	3103	103900
130	3507	104000
294	3267	104000
1640	3612	104200
1290	3472	104200
1234	3482	104300
2589	3815	104300
2060	3461	104500
1439	3171	104500
2835	3601	104500
1430	3766	104600
2458	3162	104600
336	3072	104700
2633	3094	104700
1047	3947	104900
166	3838	104900
2200	3618	105000
833	3786	105000
2820	3024	105000
1722	3585	105100
1248	3507	105100
945	3900	105300
527	3388	105300
133	3056	105400
1189	3889	105400
1480	3259	105500
1036	3817	105600
2923	3042	105700
1006	3941	105800
2508	3436	106300
1903	3548	106300
408	3144	106400
507	3125	106500
1021	3334	106500
2920	3326	106500
930	3581	106800
230	3964	106800
68	3526	107100
922	3104	107300
63	3121	107400
371	3161	107400
757	3011	107400
1755	3895	107400
2413	3591	107400
1235	3371	107500
587	3987	107700
2814	3314	108600
2389	3910	108700
1100	3500	108700
2060	3771	108800
1010	3646	108800
1928	3105	108800
1178	3585	109000
1483	3475	109200
2205	3365	109300
682	3184	109400
285	3433	109700
1130	3957	109800
101	3389	109800
1028	3205	109800
130	3128	109900
1308	3370	109900
1044	3130	110000
2468	3181	110000
1512	3028	110000
1491	3951	110100
1349	3435	110100
2039	3790	110200
326	3282	110200
2169	3371	110400
1543	3164	110500
301	3772	110500
2469	3554	110600
2216	3163	110600
1700	3506	110600
99	3953	111000
1946	3125	111100
863	3355	111100
696	3558	111200
1582	3323	111200
1427	3412	111300
2593	3879	111500
717	3604	111500
267	3095	111600
1837	3955	111700
1922	3397	111800
1316	3097	111900
999	3533	112000
2058	3182	112100
574	3673	112400
1388	3240	112400
1730	3504	112400
2445	3667	112700
1548	3066	112800
1759	3129	112900
2476	3564	113200
638	3670	113200
1750	3862	113200
379	3164	113400
1985	3762	113700
1136	3436	113800
1926	3759	113800
3	3703	113800
1372	3940	113900
2163	3993	113900
2956	3462	113900
1212	3093	113900
2568	3758	114100
1668	3238	114400
268	3540	114500
340	3283	114800
1808	3086	114800
17	3422	114800
2949	3255	114800
2167	3020	114800
580	3989	115000
1523	3417	115100
2835	3823	115200
1028	3234	115200
1591	3205	115200
1638	3089	115400
698	3349	115500
833	3550	115700
1688	3139	115800
2239	3710	115800
2268	3352	115900
2884	3270	115900
906	3374	115900
1526	3238	116100
2709	3509	116200
1543	3504	116200
2141	3168	116200
2233	3097	116300
1134	3326	116400
1867	3096	116600
1962	3667	116700
1473	3422	116700
1576	3604	116800
1458	3734	116800
2558	3955	117000
1305	3023	117200
2315	3694	117200
295	3319	117200
2426	3994	117400
975	3953	117500
2088	3702	117600
2023	3623	117600
801	3676	118100
1620	3095	118200
1129	3213	118400
2786	3894	118500
2351	3142	118500
2592	3606	118600
337	3282	119200
1596	3539	119300
534	3143	119400
2894	3011	119400
227	3649	119400
2415	3627	119700
1533	3487	119700
2703	3483	119700
2694	3777	120000
1529	3880	120300
74	3151	120400
2003	3283	120400
2813	3397	120400
2189	3259	120700
677	3905	120800
1184	3392	120900
802	3589	121300
848	3120	121600
138	3564	121700
615	3053	121900
274	3441	121900
2922	3958	121900
501	3602	122000
437	3413	122100
1439	3485	122200
1600	3485	122300
209	3934	122600
644	3711	122700
1627	3049	122800
959	3436	123000
2638	3576	123000
793	3890	123000
74	3125	123200
2722	3646	123200
1429	3539	123800
2356	3252	123800
2616	3754	123900
2511	3290	123900
1285	3547	124000
2437	3705	124100
240	3711	124100
2667	3703	124200
1173	3199	124500
1898	3454	124500
1802	3922	124500
1296	3959	124600
684	3064	124900
2615	3903	125000
98	3035	125100
2130	3758	125300
99	3143	125400
457	3993	126100
894	3710	126200
2556	3000	126300
1139	3086	126400
453	3201	127200
2429	3497	127300
971	3085	127400
930	3371	127500
142	3314	127600
898	3976	127600
1458	3388	127900
2243	3217	127900
907	3789	128000
2614	3385	128100
2365	3922	128200
1595	3827	128500
277	3957	128600
2915	3402	128800
235	3513	129000
1793	3351	129100
890	3865	129500
548	3389	129500
395	3899	129500
2388	3405	129600
1702	3217	129700
503	3667	129900
658	3028	130000
2933	3662	130000
810	3200	130100
1273	3214	130100
375	3771	130200
1753	3722	130200
2139	3951	130400
2191	3755	130900
1140	3185	131000
1343	3065	131300
2318	3551	131300
2759	3094	131400
934	3212	131800
987	3089	132000
1977	3318	132200
2674	3749	132200
2682	3291	132300
1882	3147	132300
1939	3639	132400
1124	3374	132400
312	3649	132400
873	3428	132500
2821	3790	132600
2716	3890	132700
1868	3959	132800
482	3318	133000
2385	3734	133200
2122	3910	133200
1226	3689	133400
372	3830	133500
90	3862	133600
1999	3384	133800
2343	3023	133900
60	3581	134500
2783	3722	134500
469	3819	134500
1381	3906	134600
2100	3835	134800
108	3678	134800
1996	3313	134900
2896	3804	135000
60	3141	135100
1486	3692	135100
2219	3090	135300
201	3531	135700
725	3602	135800
17	3354	135900
671	3090	136200
2451	3815	136600
2122	3031	136700
1239	3283	137000
427	3210	137300
2659	3250	137300
671	3552	137500
821	3107	137700
264	3762	137700
2025	3673	137800
1409	3908	138000
2269	3835	138100
2450	3576	138100
839	3250	138400
1061	3029	138400
1188	3704	138600
1872	3703	138700
102	3804	138800
1888	3673	138800
567	3291	139000
425	3033	139200
2225	3581	139300
2986	3605	139300
1655	3907	139700
2553	3147	140000
2037	3734	140400
533	3993	140800
566	3149	140800
1502	3043	140900
1936	3626	141100
1194	3669	141200
1123	3192	141200
2062	3199	141400
2338	3431	141400
2612	3291	141500
2430	3487	141500
1173	3577	142400
2660	3096	142600
1148	3501	142700
2611	3059	143000
2380	3102	143000
1468	3586	143000
2023	3934	143200
2924	3897	143700
506	3577	143900
1852	3139	144300
1952	3979	144300
592	3236	144500
2274	3953	144600
783	3387	144700
1817	3029	144800
1772	3282	145100
2197	3714	145200
1306	3000	145200
822	3185	145400
416	3367	145500
1577	3695	145600
1125	3086	146100
970	3694	146200
2821	3117	146300
1884	3737	146300
812	3740	146400
480	3147	146400
2690	3954	146800
2066	3976	146800
2904	3267	147000
2867	3450	147100
811	3940	147100
8	3267	147500
472	3344	147700
1485	3682	148000
322	3096	148300
889	3639	148500
1621	3592	148500
1166	3601	148800
665	3903	149100
1282	3687	149200
582	3531	149300
572	3592	149400
2632	3552	149700
290	3368	149900
38	3966	150100
667	3507	150400
2017	3954	150500
2922	3236	150500
842	3330	150700
829	3427	150900
990	3592	151100
2504	3211	151300
2486	3539	151700
846	3586	151800
1842	3942	152300
140	3530	152600
2693	3424	153100
500	3921	153200
769	3881	153500
1658	3347	153800
1873	3929	154000
2569	3212	154000
1873	3550	154300
1299	3255	154700
1268	3639	154700
2425	3141	155400
50	3835	156900
2472	3000	157000
283	3653	157100
193	3351	157100
2880	3688	157200
448	3827	157300
1928	3823	157400
2156	3928	157600
2131	3321	157800
2031	3917	157800
1103	3212	158200
2030	3740	158300
2057	3057	158400
1319	3530	158700
509	3598	158900
436	3095	158900
443	3875	159000
800	3163	159000
633	3917	159000
623	3131	159500
1420	3179	159500
1886	3055	159600
2836	3841	159800
516	3974	159900
2022	3561	160500
480	3588	160800
1433	3675	161400
2377	3886	161700
875	3141	161900
2188	3184	162700
2098	3942	162700
1445	3248	162800
2707	3457	163300
662	3760	163400
1939	3057	163500
2654	3830	163700
2135	3906	163800
486	3960	164000
2794	3522	164200
2121	3759	164400
269	3393	164400
2379	3872	164700
2104	3743	164800
1082	3517	165300
391	3513	165400
180	3143	166400
2489	3181	166800
251	3236	166900
2380	3381	167000
468	3841	167500
160	3267	167500
2078	3242	167500
1097	3790	167800
391	3410	168000
2050	3426	168100
682	3161	168500
600	3773	168600
362	3597	170000
2818	3020	170100
2259	3167	170700
516	3819	170700
2974	3658	170800
716	3515	171100
1477	3168	171200
2559	3560	171400
937	3349	172000
2132	3343	172400
2551	3198	172500
1420	3002	172600
1639	3989	172800
653	3879	172900
297	3739	173300
916	3470	173800
308	3360	173800
2136	3879	174200
1577	3830	174200
706	3792	175100
1529	3648	175100
1320	3960	175300
2798	3648	175600
805	3471	175700
359	3147	175800
775	3611	175900
744	3042	176100
523	3147	176400
117	3343	176500
1041	3761	176600
97	3466	176800
2868	3350	177400
978	3410	177800
21	3031	178000
690	3293	178500
1132	3804	179200
1264	3006	179800
1132	3442	180000
1852	3238	180600
135	3136	182100
1894	3165	182400
1614	3895	182400
789	3426	182700
1537	3242	183000
2387	3241	183100
992	3611	183100
1998	3935	183600
1755	3841	184000
2179	3782	184900
625	3444	185300
2046	3465	185400
1299	3041	185600
2269	3510	185800
1932	3759	186500
1907	3589	187100
489	3267	187100
1627	3002	187100
1320	3803	187300
1949	3662	188100
2638	3029	188300
997	3426	188800
2479	3357	188800
2585	3717	189600
1464	3219	190200
705	3053	190700
2492	3762	191200
636	3773	191600
1022	3581	191700
2713	3008	192000
144	3393	192300
2700	3409	192800
1262	3299	192800
978	3513	192800
1997	3796	193200
2509	3135	193200
1521	3929	193600
1610	3326	194000
1135	3960	194300
832	3380	195200
475	3073	196700
605	3041	197100
1665	3771	197600
1938	3466	198100
1073	3409	198700
421	3886	199000
2725	3979	199700
95	3594	201100
1368	3981	201300
