2087	3112	200
2132	3987	200
2686	3553	200
2502	3566	200
943	3944	200
2089	3932	200
2834	3779	200
1269	3748	200
1506	3903	200
1084	3939	200
2961	3616	200
1622	3699	200
2733	3963	200
2153	3362	200
251	3255	200
1978	3855	200
1301	3390	200
2283	3222	200
1281	3995	300
1264	3283	300
2811	3223	300
1470	3676	300
439	3384	300
1942	3117	300
2439	3894	300
1600	3850	300
1856	3213	300
1763	3881	300
2072	3495	300
1275	3123	300
1699	3252	300
1265	3176	300
273	3025	300
59	3266	300
2755	3812	300
1854	3208	300
893	3744	300
2609	3476	400
1446	3784	400
2543	3627	400
1721	3602	400
2436	3433	400
2083	3613	400
822	3378	400
1510	3459	400
1056	3818	400
1506	3800	400
2194	3803	400
1883	3158	400
1560	3921	400
2208	3900	400
871	3293	400
304	3015	500
1525	3027	500
169	3613	500
2493	3835	500
2658	3723	500
1065	3447	500
2951	3076	500
2630	3117	500
1716	3405	500
827	3597	500
1349	3439	500
790	3181	500
2756	3815	500
2263	3083	500
18	3702	500
1451	3124	500
1430	3301	600
1582	3220	600
2536	3161	600
2632	3727	600
1023	3653	600
2832	3910	600
2349	3183	600
829	3449	600
1876	3494	600
2186	3521	600
1509	3303	600
1114	3842	600
2857	3603	600
1339	3225	600
1585	3865	600
2356	3441	600
770	3798	600
346	3018	600
1595	3070	600
267	3095	600
2056	3827	600
2018	3477	600
2248	3353	600
182	3153	600
11	3436	600
1517	3427	700
2034	3314	700
466	3184	700
668	3633	700
1056	3459	700
488	3963	700
458	3770	700
2170	3444	700
1337	3362	700
2451	3489	700
2283	3718	700
1733	3192	700
2147	3438	700
1491	3458	800
2274	3043	800
710	3627	800
912	3224	800
1820	3949	800
1784	3989	800
77	3122	800
804	3499	800
186	3358	800
1028	3157	800
2692	3628	800
1866	3463	800
2277	3199	900
1362	3430	900
1023	3263	900
2832	3056	900
95	3589	900
2534	3465	900
670	3683	900
2959	3488	900
2660	3584	900
2637	3942	900
2576	3508	900
1144	3635	900
2859	3278	900
1137	3426	900
2878	3254	900
472	3114	900
785	3498	900
2619	3036	900
1552	3605	1000
1737	3180	1000
2447	3178	1000
379	3428	1000
1531	3585	1000
1830	3026	1000
300	3534	1000
935	3216	1000
1159	3777	1000
428	3710	1000
1809	3851	1000
474	3283	1000
634	3343	1000
1771	3128	1000
572	3374	1000
2039	3406	1000
581	3133	1000
679	3166	1000
974	3618	1100
2515	3653	1100
980	3585	1100
590	3291	1100
1157	3779	1100
2893	3724	1100
163	3918	1100
2923	3714	1100
7	3272	1100
2931	3521	1100
1701	3494	1100
1487	3743	1100
2072	3752	1100
697	3362	1100
550	3734	1100
1019	3067	1100
1684	3473	1100
2467	3885	1100
2661	3543	1100
1616	3637	1200
873	3722	1200
1249	3102	1200
1800	3005	1200
1797	3566	1200
2678	3131	1200
2741	3275	1200
1924	3454	1200
1876	3778	1200
5	3519	1200
2223	3809	1200
1812	3401	1200
915	3133	1200
2247	3327	1200
1083	3057	1200
2144	3430	1300
2954	3928	1300
2390	3078	1300
285	3162	1300
2802	3172	1300
1903	3616	1300
2914	3329	1300
2332	3090	1300
216	3225	1300
2404	3551	1300
675	3443	1300
2949	3269	1300
36	3523	1300
354	3125	1300
2299	3945	1300
470	3166	1300
560	3143	1400
2682	3231	1400
239	3992	1400
1839	3400	1400
1324	3384	1400
2383	3375	1400
751	3847	1400
750	3588	1400
2464	3329	1400
390	3345	1400
2603	3443	1400
990	3127	1400
579	3912	1400
1263	3079	1400
1887	3031	1500
215	3475	1500
1970	3099	1500
2545	3545	1500
1671	3337	1500
2780	3586	1500
2302	3117	1500
2695	3688	1500
1550	3549	1500
1961	3471	1500
1606	3312	1500
1532	3666	1500
1008	3018	1500
1837	3379	1500
1713	3828	1500
1117	3181	1500
1150	3387	1500
395	3744	1500
1647	3606	1600
2300	3787	1600
959	3257	1600
2055	3271	1600
656	3171	1600
1747	3969	1600
2045	3164	1600
2557	3172	1600
445	3936	1600
2044	3080	1600
332	3954	1600
677	3642	1600
565	3598	1600
2022	3564	1600
2958	3823	1600
2509	3990	1600
717	3198	1600
1134	3064	1600
2310	3571	1600
2176	3440	1600
2709	3744	1600
2618	3979	1600
1991	3017	1600
286	3089	1700
2515	3609	1700
920	3286	1700
1427	3184	1700
1192	3875	1700
336	3705	1700
561	3276	1700
2597	3932	1700
131	3331	1700
1435	3277	1700
2136	3168	1700
575	3041	1700
699	3436	1700
167	3211	1700
195	3899	1700
1507	3727	1700
2377	3747	1800
1336	3027	1800
845	3595	1800
1718	3437	1800
2495	3164	1800
513	3126	1800
2511	3825	1800
204	3259	1800
101	3139	1800
2859	3535	1800
1385	3058	1800
1003	3426	1800
1685	3890	1800
536	3317	1800
2222	3250	1900
1811	3218	1900
1687	3209	1900
1923	3171	1900
1089	3931	1900
993	3511	1900
706	3042	1900
2119	3604	1900
2403	3621	1900
1679	3753	1900
180	3022	1900
1693	3552	1900
1906	3961	1900
2448	3300	1900
817	3436	1900
987	3062	1900
2334	3199	2000
1546	3101	2000
1967	3738	2000
2869	3836	2000
1030	3061	2000
2844	3583	2000
2091	3946	2000
1289	3464	2000
611	3629	2000
1247	3297	2000
1889	3168	2000
1093	3817	2000
52	3236	2000
1267	3358	2000
2731	3901	2000
2363	3425	2000
1166	3313	2000
404	3397	2000
1365	3756	2000
1268	3611	2000
2860	3870	2000
865	3575	2000
865	3062	2000
1405	3700	2100
1091	3722	2100
91	3504	2100
2236	3777	2100
2094	3918	2100
2465	3241	2100
781	3582	2100
1657	3425	2100
1005	3811	2100
2567	3922	2100
1135	3841	2100
1618	3049	2100
1230	3693	2100
1296	3211	2100
1937	3180	2200
2391	3017	2200
1197	3013	2200
2179	3712	2200
427	3334	2200
2999	3190	2200
2655	3986	2200
1995	3898	2200
2284	3104	2200
1195	3850	2200
1954	3861	2200
1062	3042	2200
1782	3773	2200
1874	3298	2200
349	3551	2200
1584	3621	2200
1401	3846	2200
2333	3815	2200
270	3523	2200
2131	3874	2200
2066	3266	2200
2175	3849	2200
2969	3643	2200
345	3493	2200
345	3749	2200
23	3864	2300
2251	3247	2300
2874	3699	2300
1042	3706	2300
1674	3983	2300
1734	3822	2300
1310	3319	2300
2369	3296	2300
1041	3053	2300
162	3028	2300
61	3690	2400
2522	3908	2400
1957	3242	2400
2035	3540	2400
2215	3419	2400
2653	3780	2400
514	3872	2400
1723	3234	2400
773	3203	2400
1918	3053	2400
621	3479	2400
2253	3293	2400
400	3322	2500
1258	3321	2500
2875	3741	2500
997	3547	2500
1943	3445	2500
2759	3109	2500
2033	3791	2500
589	3172	2500
2109	3485	2500
1673	3905	2500
591	3066	2500
55	3686	2500
2047	3896	2500
2497	3140	2500
785	3288	2500
1213	3727	2600
65	3078	2600
2435	3818	2600
831	3556	2600
1289	3521	2600
1481	3931	2600
618	3878	2600
2491	3586	2600
1592	3107	2600
1005	3280	2600
1316	3114	2600
2696	3844	2600
2575	3136	2600
167	3764	2600
922	3549	2700
2190	3561	2700
2854	3298	2700
1548	3069	2700
1915	3751	2700
2963	3269	2700
485	3372	2700
146	3870	2700
162	3520	2700
1821	3618	2800
874	3486	2800
1729	3977	2800
1892	3460	2800
1765	3996	2800
1239	3716	2800
280	3033	2800
2484	3782	2800
2061	3556	2800
78	3745	2800
2982	3713	2800
1714	3842	2800
1587	3688	2800
2269	3485	2800
483	3909	2800
321	3187	2800
723	3960	2800
2086	3048	2800
2224	3441	2800
1048	3764	2800
663	3440	2800
2226	3509	2800
1647	3886	2900
1960	3793	2900
107	3720	2900
1198	3533	2900
2994	3132	2900
283	3924	2900
905	3183	2900
1479	3243	2900
2971	3676	2900
2863	3465	2900
402	3304	2900
387	3290	2900
1429	3275	2900
1196	3521	2900
944	3126	2900
2596	3929	2900
635	3139	2900
1211	3238	2900
2470	3512	2900
186	3972	2900
2270	3591	2900
1003	3883	2900
2723	3673	2900
1156	3467	2900
1147	3274	3000
2604	3970	3000
255	3425	3000
1969	3229	3000
2600	3576	3000
2883	3350	3000
2450	3041	3000
852	3347	3000
2260	3135	3000
491	3649	3000
1499	3322	3100
2200	3615	3100
2957	3101	3100
2466	3079	3100
872	3203	3100
233	3353	3100
911	3038	3200
902	3253	3200
1749	3285	3200
2990	3404	3200
1353	3758	3200
1701	3778	3200
2055	3935	3200
1990	3369	3200
809	3197	3200
605	3388	3200
294	3922	3200
688	3136	3200
755	3764	3200
105	3063	3200
725	3650	3200
2860	3248	3300
1302	3204	3300
797	3017	3300
1192	3646	3300
360	3394	3300
1753	3989	3300
766	3879	3300
531	3701	3300
1795	3270	3300
2589	3461	3300
1659	3125	3300
2932	3765	3300
2205	3457	3400
1783	3445	3400
2917	3950	3400
2713	3156	3400
1742	3977	3400
440	3218	3400
2781	3944	3400
39	3795	3400
2474	3956	3400
2880	3958	3400
2385	3655	3400
901	3188	3400
1577	3648	3400
16	3010	3400
1453	3169	3400
839	3736	3400
2899	3392	3500
2916	3221	3500
2909	3647	3500
1681	3606	3500
1904	3731	3500
1152	3950	3500
2598	3260	3500
2082	3780	3500
926	3142	3500
2890	3811	3500
878	3608	3500
1723	3480	3500
1323	3066	3500
2523	3482	3500
1069	3413	3500
1909	3150	3500
1051	3111	3500
1854	3574	3500
320	3028	3500
2059	3008	3600
1717	3998	3600
305	3696	3600
334	3226	3600
110	3821	3600
900	3616	3600
1068	3626	3600
1863	3711	3600
1347	3867	3600
2888	3894	3600
2829	3506	3600
2779	3185	3600
1619	3197	3600
2463	3771	3600
505	3670	3600
94	3333	3600
405	3515	3600
2996	3463	3600
2211	3738	3700
1527	3101	3700
1010	3224	3700
2561	3647	3700
1576	3412	3700
2029	3939	3700
644	3388	3700
904	3352	3700
855	3401	3700
1448	3035	3700
936	3856	3700
2254	3261	3700
1644	3116	3700
1805	3667	3700
1379	3897	3700
2620	3609	3700
2799	3981	3800
1796	3230	3800
1737	3781	3800
1502	3430	3800
350	3634	3800
2050	3109	3800
1409	3232	3800
297	3224	3800
604	3050	3800
2979	3932	3800
1646	3919	3800
44	3170	3800
2693	3598	3800
2298	3956	3800
2510	3228	3800
2521	3106	3800
27	3053	3800
2845	3140	3800
158	3242	3800
2399	3091	3900
2793	3403	3900
1372	3099	3900
1500	3290	3900
821	3723	3900
77	3506	3900
2753	3158	3900
1248	3604	3900
2527	3967	3900
693	3814	3900
1881	3414	3900
2300	3339	4000
704	3366	4000
2824	3570	4000
250	3338	4000
1374	3847	4000
1372	3235	4000
216	3065	4000
1956	3894	4000
1695	3189	4000
686	3024	4000
2431	3002	4000
2687	3843	4000
1291	3128	4000
175	3622	4000
705	3125	4000
143	3476	4100
2744	3538	4100
2327	3634	4100
1377	3232	4100
535	3134	4100
771	3156	4100
155	3731	4100
1667	3957	4100
2301	3964	4100
2889	3200	4100
1555	3939	4100
781	3100	4100
1514	3155	4100
692	3735	4100
1864	3524	4200
2167	3262	4200
1672	3138	4200
2197	3987	4200
1007	3295	4200
2436	3226	4200
2295	3624	4200
1829	3782	4200
1209	3398	4200
1621	3792	4200
206	3689	4200
96	3132	4300
510	3518	4300
812	3991	4300
2239	3592	4300
2281	3581	4300
2510	3743	4300
488	3416	4300
432	3012	4300
1041	3756	4300
1050	3251	4300
1982	3806	4300
4	3438	4300
1603	3387	4300
1754	3580	4400
996	3865	4400
2207	3375	4400
22	3024	4400
1769	3501	4400
2886	3813	4400
1604	3040	4400
19	3079	4400
1265	3576	4400
1304	3708	4400
1661	3111	4500
2896	3363	4500
1725	3043	4500
1681	3518	4500
609	3882	4500
2341	3556	4500
2974	3210	4500
73	3340	4500
1804	3590	4500
694	3669	4500
454	3719	4500
2285	3789	4500
2416	3374	4500
2432	3670	4500
929	3147	4500
1915	3473	4500
748	3360	4500
2064	3644	4500
2320	3174	4600
1164	3027	4600
1813	3681	4600
2909	3217	4600
917	3797	4600
846	3731	4600
2920	3588	4600
850	3370	4600
2700	3212	4600
1219	3442	4600
319	3623	4600
348	3520	4600
466	3565	4700
602	3336	4700
1588	3460	4700
2526	3275	4700
1062	3607	4700
241	3186	4700
1075	3768	4700
2049	3129	4700
834	3979	4700
958	3923	4800
1022	3723	4800
424	3902	4800
431	3614	4800
2065	3946	4800
1806	3403	4800
2955	3264	4800
2693	3172	4800
1770	3948	4800
2677	3327	4800
981	3860	4800
1563	3988	4800
2710	3093	4800
1357	3904	4900
1732	3284	4900
2720	3853	4900
2828	3299	4900
1148	3294	4900
933	3497	4900
1423	3382	4900
2757	3994	4900
359	3040	4900
545	3406	4900
0	3807	4900
578	3509	4900
173	3491	4900
1167	3605	5000
2903	3246	5000
1677	3898	5000
1549	3196	5000
2885	3326	5000
486	3024	5000
8	3895	5000
2057	3139	5000
2090	3002	5000
154	3374	5000
438	3157	5000
2705	3248	5000
2769	3985	5000
26	3799	5000
987	3575	5000
1141	3631	5100
2343	3450	5100
908	3950	5100
284	3117	5100
1179	3826	5100
192	3858	5100
1374	3803	5100
2904	3900	5100
768	3756	5100
1959	3701	5100
643	3105	5100
2978	3020	5100
705	3409	5100
2790	3774	5100
896	3429	5200
1933	3172	5200
1551	3146	5200
156	3259	5200
461	3495	5200
2209	3984	5200
181	3177	5200
1340	3686	5200
703	3796	5200
1288	3319	5200
380	3166	5200
191	3169	5200
1725	3204	5300
1897	3013	5300
1131	3742	5300
829	3472	5300
2171	3731	5300
1260	3386	5300
1130	3663	5300
152	3397	5300
2584	3123	5300
2472	3762	5300
2009	3807	5300
1651	3961	5300
48	3027	5300
2008	3910	5400
2506	3032	5400
1434	3243	5400
2409	3311	5400
204	3145	5400
815	3185	5400
2404	3955	5400
1971	3258	5400
553	3650	5400
2871	3321	5500
2328	3681	5500
891	3091	5500
1283	3008	5500
2759	3011	5500
458	3782	5500
63	3707	5500
2601	3018	5500
2855	3040	5500
872	3239	5500
2209	3012	5500
2533	3136	5500
816	3439	5500
2564	3120	5500
1404	3286	5600
2763	3977	5600
2444	3119	5600
126	3210	5600
245	3265	5600
1413	3471	5600
740	3865	5600
307	3185	5600
2725	3030	5600
1408	3589	5700
2747	3555	5700
371	3889	5700
1252	3257	5700
1439	3378	5700
2928	3011	5700
2537	3497	5700
342	3730	5700
2666	3840	5700
1085	3376	5700
994	3895	5700
1287	3689	5700
2249	3306	5700
2504	3440	5700
1358	3641	5800
2664	3068	5800
1245	3677	5800
1494	3257	5800
595	3516	5800
2065	3348	5800
2231	3549	5800
1189	3246	5800
1519	3960	5800
593	3794	5800
1578	3324	5800
2822	3985	5800
1881	3600	5800
763	3760	5800
1208	3566	5900
165	3989	5900
342	3565	5900
1145	3630	5900
1715	3279	5900
1655	3139	5900
2983	3697	5900
2573	3838	5900
1872	3756	5900
1172	3138	6000
2572	3993	6000
599	3068	6000
1175	3367	6000
350	3028	6000
711	3486	6000
1082	3938	6000
208	3905	6000
2920	3790	6000
783	3844	6000
1513	3876	6000
616	3084	6000
160	3125	6000
839	3081	6000
2683	3457	6100
2814	3334	6100
219	3104	6100
301	3349	6100
1465	3513	6100
723	3709	6100
2025	3201	6100
760	3976	6100
2260	3192	6100
1613	3577	6200
875	3829	6200
1760	3295	6200
2850	3738	6200
1634	3766	6200
262	3434	6200
2694	3539	6200
1697	3458	6200
230	3792	6200
193	3009	6200
1298	3358	6200
1537	3083	6200
1925	3917	6300
939	3728	6300
1843	3209	6300
1916	3816	6300
298	3666	6300
989	3266	6300
1530	3952	6400
2830	3385	6400
1688	3023	6400
1592	3510	6400
2095	3541	6400
84	3564	6400
702	3436	6400
1736	3098	6500
845	3683	6500
980	3982	6500
1925	3178	6500
836	3351	6500
746	3206	6500
1176	3706	6500
35	3703	6500
274	3324	6500
574	3127	6500
1987	3305	6500
1559	3680	6500
1204	3251	6500
2346	3726	6600
2767	3739	6600
2894	3466	6600
1527	3268	6600
1432	3925	6600
2002	3554	6600
2056	3661	6600
1384	3968	6600
1828	3664	6600
1949	3947	6600
577	3317	6600
2913	3651	6700
1419	3975	6700
1419	3295	6700
1549	3190	6700
914	3841	6700
2512	3554	6700
183	3103	6700
1593	3891	6700
1896	3452	6700
409	3951	6800
325	3059	6800
202	3478	6800
992	3081	6800
1232	3610	6800
793	3074	6800
1352	3668	6800
367	3242	6800
599	3017	6900
1472	3032	6900
1615	3920	6900
1763	3188	6900
480	3213	6900
2098	3324	6900
2657	3571	6900
1165	3273	6900
1948	3315	6900
1972	3502	6900
1	3110	6900
537	3156	7000
2990	3245	7000
1786	3349	7000
2082	3512	7000
388	3306	7000
2247	3086	7000
2381	3636	7000
2761	3907	7000
2996	3808	7000
952	3739	7100
2342	3981	7100
2087	3004	7100
1457	3725	7100
1848	3458	7100
2339	3450	7100
2959	3619	7100
473	3183	7100
197	3113	7100
962	3834	7100
1440	3888	7100
492	3778	7100
880	3070	7100
2372	3772	7100
630	3943	7100
2668	3746	7200
2425	3580	7200
2503	3837	7200
1173	3566	7200
2378	3859	7200
1155	3481	7200
2105	3692	7200
953	3399	7200
969	3798	7200
372	3198	7200
179	3536	7200
2804	3138	7300
1900	3432	7300
2496	3299	7300
761	3797	7300
2202	3006	7300
2671	3974	7300
519	3630	7300
352	3905	7300
429	3478	7300
1486	3455	7300
1443	3769	7300
1660	3391	7300
1950	3368	7400
2349	3134	7400
2005	3009	7400
1624	3170	7400
2024	3189	7400
2559	3769	7400
2078	3273	7400
1838	3242	7400
2865	3232	7500
2348	3998	7500
631	3658	7500
1039	3592	7500
2788	3954	7500
1455	3264	7500
1772	3396	7500
1728	3983	7500
405	3335	7500
330	3153	7500
918	3725	7600
1813	3687	7600
729	3497	7600
2221	3801	7600
1565	3640	7600
687	3921	7600
1398	3356	7600
1793	3395	7600
1807	3207	7600
2970	3657	7600
1847	3360	7600
489	3063	7600
2767	3952	7700
2614	3434	7700
913	3361	7700
481	3264	7700
1324	3485	7700
870	3921	7700
353	3177	7700
1817	3560	7700
267	3330	7700
2380	3953	7700
2895	3182	7700
2348	3449	7800
410	3603	7800
570	3145	7800
2011	3704	7800
674	3621	7800
1931	3177	7800
275	3866	7800
1515	3874	7800
406	3237	7800
381	3767	7800
1556	3746	7900
431	3183	7900
2675	3363	7900
2486	3021	7900
2950	3521	7900
1520	3381	7900
1206	3223	7900
1095	3582	7900
2429	3517	7900
1284	3796	7900
105	3010	7900
421	3839	7900
331	3871	8000
1493	3011	8000
522	3928	8000
1262	3500	8000
744	3501	8000
928	3692	8000
468	3841	8000
2058	3363	8100
1572	3072	8100
659	3977	8100
2796	3578	8100
1787	3470	8100
1902	3358	8100
2101	3844	8100
2728	3471	8100
2252	3041	8100
530	3934	8100
617	3143	8200
2617	3539	8200
742	3630	8200
2438	3146	8200
2287	3313	8200
2380	3674	8200
2137	3505	8200
459	3527	8200
2178	3219	8300
1229	3873	8300
1500	3548	8300
1877	3528	8300
1561	3179	8300
1810	3993	8300
2489	3424	8300
2169	3156	8400
1855	3775	8400
1360	3514	8400
1490	3862	8400
2714	3427	8500
1596	3633	8500
300	3724	8500
2330	3484	8500
971	3381	8500
2791	3380	8500
366	3244	8500
614	3593	8500
641	3467	8500
2683	3754	8600
1400	3829	8600
2625	3653	8600
1897	3750	8600
2532	3099	8600
741	3316	8600
2150	3228	8600
1341	3487	8600
177	3854	8600
2868	3106	8600
2587	3856	8600
398	3288	8600
2483	3602	8700
1819	3914	8700
1272	3469	8700
384	3456	8700
923	3051	8700
652	3134	8700
738	3216	8700
1440	3417	8700
1798	3145	8700
2558	3278	8700
1803	3933	8700
396	3796	8700
2163	3648	8700
573	3735	8700
1815	3760	8700
220	3052	8800
90	3073	8800
1966	3292	8800
883	3215	8900
787	3609	8900
2795	3087	8900
246	3521	8900
188	3684	8900
1735	3500	8900
2037	3899	8900
2861	3452	8900
1038	3877	8900
2317	3802	8900
113	3310	9000
199	3634	9000
1718	3887	9000
1063	3417	9000
2651	3858	9000
1217	3192	9000
1200	3668	9000
2112	3934	9000
1656	3141	9100
2805	3864	9100
2776	3805	9100
2414	3486	9100
2460	3647	9100
1321	3522	9100
1133	3714	9100
1169	3202	9100
1793	3108	9100
2922	3034	9100
2501	3397	9100
99	3605	9100
2775	3092	9100
847	3342	9200
897	3713	9200
2446	3167	9200
2602	3478	9200
1776	3843	9200
401	3446	9200
574	3261	9200
2238	3880	9200
1710	3587	9200
992	3360	9200
1866	3808	9200
2583	3019	9300
2864	3250	9300
807	3033	9300
1472	3100	9300
2207	3658	9300
100	3751	9300
2883	3507	9300
1456	3456	9400
2412	3200	9400
1752	3066	9400
732	3850	9400
1755	3604	9400
2724	3912	9400
2043	3601	9400
794	3000	9400
174	3466	9500
2103	3276	9500
1104	3759	9500
1350	3303	9500
853	3492	9500
2977	3127	9500
45	3282	9500
3	3037	9500
1575	3030	9500
2809	3643	9500
123	3344	9500
2837	3221	9600
527	3562	9600
815	3879	9600
1448	3269	9600
1299	3703	9600
2898	3037	9600
1397	3147	9600
2419	3319	9600
135	3605	9600
1004	3708	9600
1744	3081	9600
1789	3073	9600
657	3833	9600
1907	3927	9700
2288	3682	9700
1626	3536	9700
2702	3633	9700
1761	3503	9700
494	3748	9700
2667	3029	9700
2890	3940	9700
2718	3773	9700
1846	3034	9700
1238	3048	9700
2752	3318	9700
1387	3891	9700
507	3911	9800
2443	3579	9800
1643	3015	9800
111	3737	9800
1344	3485	9800
1128	3326	9800
2637	3308	9800
731	3237	9800
1276	3182	9800
1036	3369	9900
1459	3848	9900
1969	3077	9900
2578	3214	9900
623	3373	9900
2734	3930	10000
1052	3665	10000
441	3385	10000
196	3663	10000
1312	3691	10000
820	3679	10000
856	3554	10000
549	3735	10000
467	3596	10000
828	3017	10100
1104	3016	10100
1392	3572	10100
2115	3725	10100
2580	3121	10100
1479	3624	10100
1070	3938	10100
339	3368	10100
1450	3948	10100
2323	3834	10100
1603	3897	10100
2	3138	10200
1534	3322	10200
2084	3304	10200
1788	3684	10300
1347	3858	10300
2279	3489	10300
1319	3402	10300
1541	3309	10300
588	3262	10400
2612	3175	10400
851	3898	10400
1238	3786	10400
2684	3703	10400
2993	3572	10500
1464	3836	10500
2995	3165	10500
1460	3818	10500
558	3512	10500
1190	3608	10500
1928	3925	10500
1334	3753	10500
2785	3557	10600
2954	3051	10600
2591	3847	10600
1063	3888	10600
1740	3581	10600
2457	3879	10600
2513	3635	10600
2370	3724	10700
2621	3975	10700
2236	3797	10700
542	3072	10700
2388	3470	10700
504	3417	10700
2199	3719	10700
130	3813	10700
1049	3415	10700
1645	3038	10700
1945	3044	10800
1879	3829	10800
2	3877	10800
2634	3130	10800
203	3299	10800
1366	3850	10800
1973	3945	10800
450	3569	10800
1633	3152	10900
325	3369	10900
2965	3340	10900
2876	3160	10900
90	3871	10900
2296	3318	11000
722	3098	11000
2114	3165	11000
1976	3914	11000
1207	3733	11000
1626	3572	11100
257	3613	11100
260	3826	11100
1425	3280	11100
2638	3324	11100
1562	3063	11100
2345	3129	11100
2569	3672	11100
2261	3650	11100
1378	3829	11200
517	3427	11200
257	3400	11200
2803	3332	11200
1074	3758	11200
2433	3336	11200
2829	3842	11200
954	3501	11200
1118	3607	11200
2866	3374	11200
1873	3066	11200
1982	3968	11200
1373	3966	11200
2335	3284	11300
2988	3977	11300
923	3971	11300
613	3656	11300
2017	3272	11300
559	3354	11300
1851	3494	11300
2104	3308	11300
696	3734	11300
1791	3695	11300
601	3729	11300
882	3486	11400
413	3677	11400
2422	3821	11400
977	3977	11400
1474	3423	11400
1589	3333	11400
2319	3230	11400
1333	3479	11400
10	3433	11500
999	3647	11500
65	3892	11500
795	3444	11500
2870	3278	11500
375	3135	11500
1964	3141	11600
2525	3101	11600
1566	3052	11600
54	3957	11600
383	3170	11600
1099	3283	11600
2150	3743	11600
1668	3848	11600
1544	3531	11600
1188	3278	11600
2935	3925	11600
406	3355	11600
2818	3022	11600
1387	3208	11600
1434	3810	11700
1778	3285	11700
2149	3275	11700
2542	3084	11700
946	3269	11700
1234	3435	11700
788	3782	11800
1467	3622	11800
2750	3181	11800
316	3281	11900
1703	3641	11900
2655	3096	11900
2054	3991	11900
2758	3776	11900
1114	3562	11900
712	3399	11900
92	3119	12000
1153	3363	12000
2142	3287	12000
1027	3694	12000
1852	3420	12000
1971	3341	12000
841	3925	12000
1228	3554	12000
224	3628	12000
1313	3961	12000
1278	3638	12000
354	3856	12000
2338	3199	12100
2792	3486	12100
242	3557	12100
237	3400	12100
1923	3995	12100
2172	3238	12100
625	3376	12100
1476	3626	12100
2749	3163	12100
658	3979	12200
1629	3274	12200
2069	3130	12200
494	3989	12200
81	3803	12200
295	3252	12200
1286	3768	12200
856	3941	12200
2373	3953	12200
1801	3660	12200
142	3409	12200
898	3756	12200
2374	3071	12300
1624	3060	12300
1774	3825	12300
625	3144	12300
2413	3065	12300
2302	3711	12300
1331	3222	12300
945	3371	12400
1964	3318	12400
759	3484	12400
1845	3254	12400
164	3105	12400
1180	3387	12400
1658	3891	12400
2556	3411	12400
1635	3567	12400
2329	3962	12500
610	3361	12500
442	3113	12500
2379	3872	12500
1339	3065	12500
1077	3822	12500
448	3814	12500
2307	3213	12500
1421	3916	12500
2163	3128	12500
2674	3020	12500
568	3653	12600
1314	3783	12600
2544	3340	12600
2926	3437	12600
2054	3801	12600
998	3789	12600
450	3281	12700
1531	3982	12700
2434	3516	12700
13	3534	12700
1027	3964	12700
2485	3861	12700
136	3740	12700
638	3921	12700
796	3554	12700
432	3118	12700
1416	3352	12700
1773	3035	12700
1477	3022	12700
2162	3964	12800
1621	3408	12800
1417	3399	12800
2124	3645	12800
1458	3652	12800
37	3455	12800
2121	3785	12900
724	3818	12900
826	3522	12900
881	3471	12900
1536	3652	12900
315	3389	12900
2213	3559	13000
2185	3757	13000
2434	3775	13000
1171	3119	13000
734	3302	13000
1829	3241	13000
504	3888	13000
2269	3791	13000
378	3425	13000
2551	3872	13000
1733	3135	13000
1399	3628	13000
2531	3553	13100
1184	3951	13100
1355	3183	13100
886	3721	13100
2901	3773	13100
2936	3391	13100
223	3864	13200
2979	3795	13200
200	3944	13200
832	3842	13200
1512	3343	13200
718	3351	13200
978	3942	13200
2825	3000	13300
157	3371	13300
683	3965	13300
1478	3233	13300
74	3171	13300
2441	3869	13300
2198	3586	13300
1690	3380	13300
269	3768	13300
309	3943	13300
15	3738	13300
1167	3618	13400
89	3632	13400
1335	3908	13400
2814	3224	13400
1794	3550	13400
2148	3765	13400
626	3345	13500
2379	3198	13500
1197	3289	13600
2312	3233	13600
1844	3087	13600
333	3971	13600
2879	3647	13600
1565	3117	13600
1036	3867	13600
2892	3980	13600
2798	3639	13600
2238	3689	13600
1086	3003	13600
2564	3953	13600
97	3050	13700
596	3754	13700
1318	3991	13700
511	3902	13700
637	3707	13700
1553	3706	13700
1139	3194	13700
2595	3491	13700
585	3840	13800
660	3398	13800
1133	3343	13900
1843	3459	13900
963	3191	13900
1611	3182	13900
779	3098	13900
672	3563	13900
1668	3831	14000
2177	3544	14000
2292	3357	14000
1163	3483	14000
798	3896	14000
1220	3441	14000
59	3726	14100
727	3289	14100
311	3830	14100
415	3127	14100
906	3177	14100
1014	3403	14200
1746	3047	14200
2478	3583	14200
962	3495	14200
2290	3791	14200
281	3589	14300
2598	3892	14300
71	3172	14300
2921	3573	14300
2180	3819	14300
1617	3281	14300
87	3477	14300
1638	3537	14400
564	3626	14400
160	3695	14400
1599	3496	14500
2240	3474	14500
2706	3764	14500
2365	3205	14500
1983	3899	14500
2053	3281	14600
1662	3061	14600
1224	3354	14600
1910	3969	14600
706	3412	14600
116	3214	14600
707	3234	14600
2012	3729	14600
2838	3557	14700
1136	3914	14700
1860	3338	14700
2836	3325	14700
2946	3554	14700
459	3208	14700
2319	3199	14800
321	3821	14800
697	3508	14800
2375	3851	14800
1944	3341	14800
1758	3662	14900
379	3334	14900
664	3776	14900
1947	3142	14900
774	3114	14900
2798	3410	14900
2480	3717	14900
98	3543	14900
1333	3702	14900
1669	3805	15000
2455	3490	15000
2549	3585	15000
2535	3797	15000
1033	3316	15000
861	3414	15000
701	3292	15100
1736	3097	15100
1111	3662	15100
818	3243	15100
2251	3187	15100
43	3591	15100
1193	3105	15100
1214	3270	15100
1601	3674	15100
525	3115	15200
2093	3684	15200
2547	3508	15200
1693	3717	15200
495	3745	15300
2599	3684	15300
2999	3196	15300
695	3481	15300
240	3654	15300
1032	3483	15300
1391	3529	15300
2703	3636	15300
120	3665	15400
626	3822	15400
2667	3507	15400
480	3655	15400
2823	3054	15400
1651	3359	15400
2075	3667	15400
2570	3687	15500
546	3161	15500
1184	3728	15500
471	3715	15500
1040	3085	15500
2435	3148	15600
2550	3656	15600
584	3298	15600
1713	3514	15600
1642	3885	15600
2139	3788	15600
1703	3256	15700
1698	3449	15700
1738	3364	15700
6	3246	15700
2728	3267	15700
2517	3118	15700
2735	3532	15800
2160	3504	15800
2672	3630	15800
862	3490	15900
622	3151	15900
1898	3104	15900
1477	3191	15900
464	3061	16000
2727	3820	16000
799	3383	16000
2908	3599	16100
1894	3193	16100
1233	3183	16100
1168	3465	16100
1974	3348	16100
1917	3542	16100
2290	3485	16100
1946	3014	16100
1905	3379	16100
218	3796	16100
1461	3569	16100
1110	3777	16200
171	3677	16200
1935	3500	16200
1092	3085	16200
1798	3259	16200
800	3157	16200
889	3819	16200
1391	3040	16200
1780	3462	16300
863	3331	16300
567	3226	16400
2633	3364	16400
528	3704	16400
85	3635	16500
1480	3282	16500
1376	3116	16500
1137	3883	16500
302	3574	16500
2610	3628	16500
2191	3617	16500
1031	3926	16600
622	3364	16600
2923	3137	16600
2975	3710	16600
2427	3990	16600
2198	3484	16600
2507	3076	16600
830	3030	16600
2518	3653	16600
924	3491	16700
2784	3981	16700
762	3775	16700
1442	3240	16700
1722	3385	16700
1555	3107	16700
187	3852	16700
2276	3672	16700
1139	3925	16700
1078	3205	16700
692	3451	16700
1381	3520	16700
2773	3247	16800
12	3769	16800
1268	3212	16800
1199	3041	16800
247	3662	16800
2839	3089	16900
609	3394	16900
457	3677	16900
416	3745	16900
1809	3777	16900
1348	3926	17000
947	3614	17000
373	3321	17000
1236	3240	17000
2103	3785	17000
669	3553	17000
1272	3889	17000
988	3709	17000
1292	3839	17000
2465	3678	17100
2442	3879	17100
272	3177	17100
38	3664	17100
328	3638	17100
2807	3050	17200
476	3464	17200
2074	3788	17200
1631	3611	17200
1675	3739	17300
357	3579	17300
2549	3982	17300
1682	3071	17300
1085	3144	17300
800	3838	17300
2263	3411	17300
2027	3463	17300
2321	3452	17300
1535	3642	17400
2579	3816	17400
1719	3546	17400
2382	3483	17400
1441	3528	17400
2147	3036	17400
1187	3726	17500
262	3432	17500
632	3705	17500
1862	3906	17500
2426	3625	17500
1564	3341	17500
2318	3435	17500
2116	3862	17500
1731	3833	17500
500	3055	17500
2272	3074	17600
2322	3935	17600
2638	3990	17600
1445	3623	17600
1305	3044	17700
2133	3401	17700
991	3744	17700
1331	3274	17800
512	3784	17800
2636	3724	17800
1431	3420	17800
2888	3867	17800
2181	3439	17800
2654	3628	17800
2031	3726	17800
312	3533	17900
1081	3260	17900
2172	3714	17900
566	3384	17900
2106	3645	17900
1194	3076	17900
1922	3422	17900
1370	3457	18000
1429	3047	18000
1851	3778	18000
1857	3157	18000
2104	3942	18100
2079	3484	18100
24	3219	18200
23	3595	18200
2408	3508	18200
1201	3860	18200
1428	3673	18200
229	3741	18300
2230	3427	18300
612	3987	18300
2273	3497	18300
1764	3113	18300
2440	3780	18300
784	3853	18300
2856	3473	18300
642	3763	18300
2316	3567	18300
1938	3746	18400
1893	3496	18400
1893	3121	18400
2960	3974	18400
1995	3160	18400
119	3556	18400
1059	3319	18400
618	3423	18500
1885	3406	18500
2398	3579	18600
1543	3566	18600
676	3873	18600
391	3346	18600
2739	3834	18600
2315	3925	18600
2904	3955	18600
1594	3960	18600
583	3793	18700
885	3619	18700
2751	3742	18700
1071	3285	18700
2629	3503	18700
836	3640	18700
2898	3136	18700
759	3586	18800
996	3173	18800
2944	3921	18800
780	3812	18800
1579	3383	18800
120	3367	18900
2166	3302	18900
750	3142	18900
2778	3269	18900
2936	3807	18900
1342	3567	18900
306	3152	19000
1732	3097	19000
1573	3162	19000
2130	3544	19000
906	3084	19000
2461	3576	19000
303	3057	19000
2433	3131	19100
2863	3770	19100
2390	3892	19100
2985	3731	19100
1590	3453	19100
2886	3960	19100
2554	3480	19100
2080	3959	19100
272	3880	19100
1567	3360	19100
463	3430	19200
2576	3422	19200
1704	3049	19200
562	3978	19200
862	3804	19300
334	3615	19300
2658	3137	19300
2199	3800	19300
254	3734	19300
2409	3447	19400
1509	3568	19400
2318	3365	19400
89	3151	19500
340	3715	19500
2590	3905	19500
1194	3194	19500
1884	3082	19500
179	3572	19600
1680	3403	19600
49	3279	19600
1835	3235	19600
2474	3113	19600
920	3599	19700
1294	3386	19700
2737	3197	19700
244	3001	19700
414	3194	19700
2944	3828	19700
2394	3116	19700
515	3383	19700
2146	3886	19800
2246	3432	19800
2091	3348	19800
1775	3513	19800
2596	3421	19800
2235	3966	19900
2135	3377	19900
2806	3419	19900
1072	3971	19900
1639	3131	19900
1539	3578	19900
1416	3704	19900
1453	3573	19900
1777	3619	20000
1345	3382	20000
1489	3189	20000
2453	3415	20000
1773	3365	20000
486	3792	20100
1570	3833	20100
586	3800	20200
1186	3331	20200
2333	3621	20200
2016	3020	20200
961	3559	20300
2691	3447	20300
2063	3932	20300
631	3375	20300
292	3903	20300
2754	3422	20300
1060	3333	20300
2606	3965	20400
561	3377	20400
134	3984	20400
455	3318	20500
2581	3226	20500
1100	3456	20500
690	3191	20500
989	3726	20500
1183	3283	20600
941	3997	20600
2605	3307	20700
1636	3061	20700
16	3063	20700
2212	3959	20800
497	3571	20800
1955	3439	20800
375	3192	20800
168	3517	20900
1354	3193	21000
2852	3855	21000
2786	3278	21000
2032	3212	21000
1380	3700	21100
1103	3403	21100
166	3976	21100
2146	3606	21200
926	3909	21200
1597	3790	21200
2800	3205	21200
484	3754	21300
1891	3047	21300
1653	3533	21400
757	3547	21400
268	3561	21400
1696	3251	21400
1515	3866	21400
2203	3052	21500
1281	3171	21500
76	3042	21500
243	3510	21500
2940	3550	21600
155	3275	21600
1533	3380	21700
2377	3641	21800
1717	3700	21800
1586	3545	21800
2340	3629	21800
619	3175	21900
1442	3632	21900
387	3548	21900
730	3708	21900
1996	3911	22000
320	3634	22000
452	3979	22000
1096	3685	22000
2608	3316	22000
2931	3464	22000
1919	3817	22000
2383	3431	22000
2118	3558	22000
2552	3446	22000
2039	3916	22000
75	3008	22100
2388	3453	22100
2138	3958	22100
1553	3431	22100
2183	3541	22100
271	3377	22200
651	3421	22200
1594	3709	22200
2314	3863	22300
115	3840	22300
2801	3590	22300
2449	3814	22300
2732	3563	22300
960	3434	22400
2182	3949	22400
462	3611	22400
2600	3176	22400
931	3132	22500
2532	3235	22500
2901	3108	22500
263	3186	22500
1607	3832	22600
509	3723	22600
2952	3033	22600
445	3503	22600
1597	3655	22600
680	3772	22600
911	3981	22700
982	3151	22800
2092	3109	22800
119	3561	22800
2897	3267	22800
1501	3693	22800
1009	3620	22900
1540	3982	22900
1680	3893	22900
2826	3167	22900
1870	3154	22900
871	3860	22900
2840	3320	23000
1130	3919	23000
243	3162	23000
1271	3225	23000
718	3640	23000
2539	3664	23100
975	3547	23100
2993	3536	23200
1052	3742	23200
2967	3663	23200
737	3540	23300
2615	3378	23300
252	3137	23300
1914	3913	23300
2366	3312	23300
774	3261	23300
876	3254	23300
2441	3478	23400
213	3681	23500
352	3699	23500
2331	3173	23500
1226	3511	23500
1046	3443	23500
1985	3643	23500
2701	3265	23600
1572	3085	23600
995	3304	23600
2060	3248	23600
583	3281	23700
498	3373	23700
302	3208	23700
1787	3453	23800
2620	3569	23900
2635	3924	23900
2545	3195	23900
1788	3902	23900
1388	3577	24000
1215	3290	24000
2057	3412	24000
2498	3735	24000
1990	3795	24100
1234	3095	24100
2414	3687	24200
1960	3281	24200
2265	3339	24200
2614	3432	24200
2704	3715	24200
1493	3456	24200
276	3645	24200
2228	3588	24200
1719	3625	24200
2765	3320	24200
2036	3610	24200
2420	3589	24300
2485	3200	24300
563	3449	24400
1254	3782	24400
2271	3470	24400
351	3906	24400
2862	3425	24400
499	3997	24400
1537	3411	24400
40	3804	24500
2777	3837	24500
826	3492	24500
137	3743	24500
2131	3866	24500
551	3894	24600
978	3326	24600
1123	3090	24600
2748	3045	24600
2192	3035	24600
801	3432	24700
2070	3419	24700
2927	3678	24700
2911	3216	24700
1795	3037	24700
506	3871	24800
2452	3196	24800
2095	3009	24800
2521	3967	24800
1628	3153	24800
1449	3620	24900
2806	3217	24900
14	3787	24900
2685	3204	25000
2520	3594	25000
1072	3051	25000
2182	3094	25000
27	3014	25000
313	3220	25000
1628	3765	25000
2019	3122	25100
709	3697	25100
544	3103	25100
500	3347	25100
777	3486	25200
2550	3377	25200
31	3223	25200
1017	3416	25200
2044	3075	25200
2152	3410	25200
2214	3877	25300
2708	3937	25300
1934	3960	25300
368	3137	25400
2162	3986	25500
165	3385	25500
1079	3958	25500
1436	3214	25500
441	3051	25600
1191	3243	25600
532	3182	25600
449	3755	25700
2006	3840	25700
1608	3441	25700
624	3515	25800
1475	3758	25800
895	3865	25800
2014	3198	25800
1571	3806	25800
2627	3987	25900
2397	3871	26000
2938	3884	26000
170	3499	26000
2125	3948	26100
2240	3080	26100
753	3526	26100
2529	3254	26100
1011	3081	26100
568	3612	26200
648	3475	26300
733	3385	26300
890	3416	26300
2613	3994	26300
2745	3252	26300
2345	3455	26300
2752	3373	26300
2221	3382	26400
2924	3174	26500
2083	3447	26500
806	3647	26500
1913	3954	26500
227	3328	26500
972	3620	26600
1708	3696	26600
1760	3256	26600
235	3297	26600
1880	3666	26600
2579	3443	26600
2355	3927	26700
2659	3525	26700
563	3026	26700
289	3826	26700
2330	3586	26700
22	3831	26700
2215	3758	26800
2771	3305	26800
2688	3328	26800
391	3226	26900
2524	3929	26900
1751	3915	26900
125	3933	26900
29	3319	26900
731	3355	26900
950	3620	27000
2951	3194	27000
1613	3911	27100
1611	3448	27100
869	3083	27200
613	3404	27300
1899	3453	27300
2152	3551	27300
2622	3976	27300
414	3823	27400
1519	3035	27400
288	3987	27500
2201	3262	27600
1037	3952	27600
1505	3303	27600
2367	3564	27600
1124	3350	27600
1422	3695	27600
909	3810	27700
214	3853	27800
995	3454	27800
1871	3851	27800
489	3422	27800
248	3857	27800
393	3265	27900
2157	3475	27900
483	3876	27900
1345	3801	27900
2894	3547	28000
82	3603	28000
2120	3028	28100
873	3742	28100
1353	3419	28100
2586	3243	28100
686	3590	28100
2305	3506	28100
2582	3617	28100
93	3633	28200
168	3558	28200
2325	3154	28200
2002	3823	28200
2734	3700	28300
1368	3834	28300
813	3773	28300
201	3154	28300
520	3233	28400
2673	3935	28400
1912	3126	28400
2778	3041	28400
2900	3759	28500
1492	3766	28500
1025	3631	28500
2700	3611	28500
2847	3028	28600
2255	3287	28600
665	3195	28600
2912	3453	28600
492	3494	28600
1084	3042	28600
1406	3622	28600
1466	3307	28700
592	3530	28700
1204	3812	28700
2015	3205	28700
1830	3472	28800
2879	3217	28800
1045	3796	28800
946	3254	28800
2587	3695	28800
1151	3600	28800
1593	3292	28800
2289	3970	28900
853	3522	28900
247	3056	29000
842	3631	29000
2077	3705	29000
282	3171	29000
241	3530	29000
2607	3198	29000
869	3567	29000
287	3545	29100
1803	3972	29100
2768	3406	29100
885	3488	29200
2286	3160	29200
2306	3825	29200
951	3362	29200
2233	3593	29200
1129	3933	29200
2520	3998	29300
1057	3893	29300
2946	3636	29300
1518	3591	29300
221	3727	29400
1740	3042	29400
230	3820	29400
1142	3783	29500
1282	3488	29500
1093	3616	29600
1105	3038	29600
56	3462	29700
2669	3788	29700
69	3161	29800
2797	3342	29800
2872	3710	29800
2011	3352	29800
1222	3553	29900
2228	3973	29900
2173	3064	29900
1756	3680	29900
866	3563	29900
1670	3204	30000
2786	3820	30000
2117	3679	30100
444	3922	30100
2294	3463	30200
1844	3289	30200
2816	3307	30200
1614	3360	30200
2226	3573	30200
2242	3062	30200
2548	3690	30300
1895	3732	30300
1614	3762	30300
1581	3951	30400
931	3152	30400
682	3224	30400
238	3637	30400
1823	3915	30400
197	3956	30500
1145	3260	30600
1683	3721	30600
2961	3964	30600
521	3528	30600
2713	3232	30800
2926	3887	30800
547	3526	30800
1662	3992	30900
2140	3364	31000
2275	3061	31000
2941	3265	31000
2679	3021	31000
370	3249	31000
151	3601	31000
2437	3868	31000
2421	3287	31100
1820	3094	31100
1840	3957	31100
2297	3784	31200
1545	3675	31200
443	3003	31200
178	3317	31200
151	3127	31300
457	3184	31400
54	3919	31400
1865	3665	31500
156	3145	31500
2810	3941	31500
1959	3003	31500
1024	3836	31600
411	3627	31600
2761	3147	31600
1276	3448	31600
1468	3265	31700
385	3399	31700
1026	3552	31700
803	3547	31800
137	3228	31800
1395	3090	31800
684	3652	31800
2556	3083	31800
2100	3835	31900
403	3399	31900
2500	3920	31900
2631	3596	31900
1417	3497	32000
2848	3128	32000
1253	3840	32100
2112	3082	32100
518	3934	32100
909	3698	32200
2003	3015	32300
456	3307	32300
1447	3167	32300
2244	3067	32300
2099	3050	32500
1215	3548	32500
1511	3264	32500
2870	3679	32500
184	3461	32500
2256	3165	32600
1363	3354	32600
2202	3316	32600
1210	3288	32600
1266	3165	32700
253	3102	32700
1526	3096	32700
651	3929	32700
2574	3929	32800
2757	3001	32800
1529	3972	32800
515	3159	32800
1018	3898	32900
1162	3498	32900
973	3092	33000
1462	3731	33000
2690	3305	33000
41	3297	33000
1512	3954	33100
1860	3418	33100
1270	3042	33100
164	3601	33100
782	3524	33200
2108	3618	33200
526	3859	33200
528	3639	33200
394	3156	33300
1546	3268	33300
2109	3974	33300
1319	3409	33300
2242	3575	33300
347	3739	33400
1320	3075	33400
1219	3695	33500
1240	3945	33500
2565	3088	33700
109	3218	33700
2997	3744	33700
2908	3286	33800
1478	3268	33800
1785	3466	33800
1142	3299	33800
2524	3582	33800
1920	3878	33800
1919	3616	33900
1325	3482	33900
2525	3268	34000
1836	3891	34000
79	3459	34100
2656	3697	34100
2779	3546	34100
714	3070	34100
1070	3681	34200
2264	3677	34200
2382	3327	34200
2280	3227	34300
453	3431	34300
2563	3068	34400
1487	3773	34400
1341	3227	34400
1346	3546	34400
2452	3518	34500
44	3060	34500
1282	3619	34600
1890	3765	34600
1444	3470	34700
2096	3857	34700
1140	3069	34800
696	3852	34800
1415	3129	34800
102	3911	34900
603	3538	34900
2384	3362	34900
1627	3999	35000
1402	3484	35000
2350	3314	35100
1540	3585	35100
1175	3665	35200
1715	3705	35200
356	3270	35200
2939	3397	35300
1373	3868	35300
2617	3904	35500
587	3272	35500
2206	3592	35500
877	3473	35500
654	3587	35500
2505	3945	35500
539	3570	35600
1322	3823	35600
1659	3509	35600
2497	3440	35600
2672	3779	35700
2392	3583	35700
1580	3920	35700
436	3608	35700
1090	3110	35700
2925	3821	35800
1181	3756	35800
2145	3860	35800
573	3523	35900
397	3085	36000
2907	3596	36000
335	3301	36100
2691	3167	36100
332	3714	36100
2113	3944	36100
1977	3149	36100
2469	3823	36100
2624	3643	36100
1994	3266	36100
669	3263	36200
1683	3855	36200
1963	3069	36200
2216	3319	36200
1350	3061	36300
40	3490	36400
200	3780	36400
362	3297	36400
655	3202	36400
964	3816	36400
2468	3039	36400
518	3323	36400
2046	3743	36500
2415	3776	36600
364	3669	36600
2267	3774	36700
1097	3250	36800
535	3121	36800
2968	3692	36800
1853	3413	36800
2266	3305	36800
1375	3141	36800
940	3649	36800
1666	3995	36900
2278	3188	36900
2558	3535	36900
1580	3420	37000
210	3592	37000
2004	3820	37100
1526	3986	37200
4	3036	37200
1000	3104	37300
1274	3749	37400
386	3899	37400
1825	3668	37400
2957	3268	37500
1861	3504	37500
276	3570	37500
1013	3577	37600
1306	3966	37600
939	3428	37700
1538	3669	37700
2119	3994	37700
8	3817	37700
1671	3447	37800
2788	3412	37900
2812	3740	37900
938	3189	37900
1274	3718	37900
704	3694	38000
426	3748	38000
1999	3264	38000
1805	3315	38000
2735	3760	38100
1360	3828	38100
401	3771	38200
1666	3974	38300
451	3626	38300
1222	3698	38400
271	3671	38400
2730	3966	38500
1091	3832	38500
1528	3932	38600
2967	3549	38600
921	3798	38600
2529	3014	38600
209	3802	38600
554	3956	38700
2424	3443	38700
864	3116	38700
2828	3676	38800
1869	3264	38800
316	3930	38900
402	3474	38900
768	3409	38900
1380	3609	39100
1122	3416	39100
928	3850	39100
1371	3995	39100
2262	3359	39100
1783	3910	39200
786	3160	39200
840	3236	39200
2701	3633	39300
590	3630	39300
2358	3513	39300
927	3273	39300
2282	3699	39400
1686	3469	39500
1242	3418	39500
32	3920	39500
903	3970	39600
1359	3988	39600
53	3726	39700
2305	3122	39700
1620	3761	39700
2062	3219	39800
514	3817	39800
889	3794	39800
955	3499	39900
1454	3621	39900
971	3492	40000
1294	3487	40000
236	3729	40000
571	3023	40200
2519	3155	40200
1947	3909	40200
1841	3774	40200
209	3846	40200
361	3557	40300
52	3607	40300
1777	3488	40400
2732	3089	40400
343	3993	40500
2917	3059	40600
736	3561	40600
993	3803	40600
2426	3546	40600
642	3815	40600
756	3716	40700
1483	3583	40700
593	3819	40700
2730	3904	40800
2964	3631	40800
76	3581	40800
907	3709	40800
964	3915	40900
1132	3643	40900
2858	3746	41000
2593	3658	41000
2500	3420	41000
2423	3181	41000
1724	3775	41100
2418	3820	41100
1270	3139	41100
1567	3149	41100
604	3427	41200
358	3631	41200
1418	3697	41200
116	3625	41200
1410	3149	41200
140	3988	41300
1459	3995	41300
2528	3660	41300
2041	3059	41400
2189	3396	41400
1508	3661	41400
107	3683	41500
2129	3284	41500
2676	3994	41500
678	3849	41600
2155	3340	41600
1157	3996	41600
1625	3492	41600
1191	3580	41600
1625	3938	41700
187	3734	41700
954	3155	41800
1298	3155	41900
1403	3577	42000
2702	3859	42100
115	3096	42100
832	3077	42100
2430	3752	42100
2406	3916	42100
1792	3660	42100
1744	3736	42100
2928	3456	42200
2868	3967	42200
1454	3660	42200
2663	3504	42300
1121	3507	42300
435	3969	42400
148	3598	42400
2417	3001	42400
1886	3988	42500
1462	3861	42500
1458	3395	42500
1426	3569	42600
1095	3187	42700
198	3857	42700
2645	3073	42800
1779	3131	42800
1264	3791	42800
2611	3525	42900
360	3882	42900
1867	3346	42900
2792	3579	43000
1818	3137	43000
1043	3266	43000
464	3109	43200
2960	3485	43200
1818	3884	43200
708	3305	43300
2534	3770	43400
317	3819	43400
1280	3547	43500
1799	3974	43500
587	3840	43500
1441	3390	43500
747	3268	43600
49	3705	43600
645	3791	43700
2164	3562	43700
1211	3714	43700
2791	3482	43700
496	3438	43700
93	3164	43800
2331	3277	43800
2280	3876	43800
2032	3611	43800
934	3552	43800
1358	3747	43900
429	3869	43900
726	3879	43900
1780	3007	44000
1524	3597	44100
465	3266	44100
2723	3402	44100
640	3556	44200
2357	3906	44300
215	3710	44300
1508	3827	44300
1891	3011	44400
222	3526	44400
698	3602	44500
2428	3454	44500
742	3464	44500
542	3705	44600
1118	3236	44600
2008	3056	44700
2962	3738	44700
629	3115	44700
2962	3233	44700
278	3597	44700
620	3998	44800
2578	3035	44800
1159	3287	44900
1287	3880	44900
344	3413	44900
1726	3377	45000
2681	3776	45000
1121	3604	45200
2809	3451	45200
2254	3114	45300
2038	3073	45400
1328	3340	45400
734	3873	45400
150	3723	45400
2303	3640	45400
901	3969	45400
1858	3360	45400
2835	3762	45400
2747	3646	45500
68	3023	45500
999	3615	45600
2250	3265	45600
1757	3311	45600
916	3561	45600
2181	3365	45600
2941	3739	45700
1377	3584	45800
1000	3218	45800
2712	3505	45900
1636	3376	45900
810	3471	45900
2527	3106	45900
1242	3338	46000
2566	3433	46000
196	3919	46000
1029	3928	46100
1873	3014	46100
760	3689	46100
2823	3959	46100
1371	3848	46200
121	3246	46300
1017	3113	46300
852	3055	46400
1494	3005	46400
2992	3349	46500
1550	3906	46500
550	3312	46500
2861	3407	46600
1160	3212	46600
92	3289	46700
1251	3561	46700
2107	3173	46700
2366	3743	46700
675	3816	46700
1838	3744	46700
2625	3612	46800
2547	3186	46800
2051	3050	46900
932	3534	46900
435	3376	46900
2912	3059	46900
820	3139	46900
1997	3396	46900
142	3402	46900
2834	3996	47000
1051	3322	47100
124	3313	47100
17	3835	47200
2887	3631	47200
1538	3919	47200
461	3834	47200
2986	3111	47300
1188	3535	47300
1425	3811	47300
2560	3649	47300
2401	3156	47400
812	3522	47400
956	3421	47400
1386	3947	47400
2043	3105	47400
1650	3671	47500
2293	3992	47600
1066	3175	47600
648	3078	47600
2304	3809	47600
1655	3374	47600
822	3006	47700
1524	3791	47700
2090	3852	47800
24	3320	47900
2762	3725	47900
279	3218	48000
1115	3566	48000
2271	3659	48000
1255	3635	48000
2652	3198	48000
118	3077	48100
554	3096	48100
769	3912	48100
1946	3053	48100
1654	3620	48200
2455	3804	48200
849	3218	48200
118	3085	48200
1875	3544	48200
1676	3409	48200
102	3219	48300
970	3231	48300
1765	3873	48300
2649	3730	48300
1321	3492	48300
2857	3921	48300
3	3708	48300
1424	3433	48400
104	3550	48400
1615	3272	48400
1346	3330	48400
2208	3955	48400
1756	3350	48400
1216	3927	48500
1735	3246	48500
207	3405	48500
2328	3687	48600
2633	3864	48600
1986	3193	48600
1315	3584	48600
985	3679	48600
2352	3601	48600
143	3634	48700
791	3368	48800
907	3254	48800
374	3455	48800
2518	3491	48900
2019	3506	48900
2301	3694	48900
153	3249	48900
1475	3419	49000
1976	3367	49100
2574	3861	49100
377	3721	49100
2918	3920	49100
919	3379	49100
99	3868	49200
1943	3017	49200
1650	3923	49200
2722	3427	49200
1101	3737	49200
2124	3517	49200
1001	3353	49200
1060	3701	49200
1423	3801	49300
763	3532	49400
1496	3777	49400
1630	3354	49400
2517	3012	49400
1505	3568	49500
1081	3109	49500
1189	3500	49500
2180	3794	49500
2373	3648	49500
2808	3801	49600
1890	3093	49600
2787	3434	49700
2653	3898	49700
1953	3958	49700
329	3481	49700
541	3990	49700
1432	3558	49700
266	3322	49800
1466	3171	49800
937	3384	49800
30	3676	49900
2943	3597	49900
1902	3155	49900
180	3191	49900
1332	3955	49900
1076	3130	50000
1720	3233	50100
1816	3165	50100
2473	3072	50100
2808	3382	50100
1598	3375	50100
327	3141	50100
333	3051	50200
1327	3006	50200
1126	3936	50200
582	3592	50200
1856	3655	50200
1047	3915	50300
2264	3464	50400
792	3861	50400
2462	3579	50500
1022	3354	50500
479	3984	50500
1899	3950	50600
748	3611	50600
2725	3729	50600
2371	3344	50600
576	3031	50600
2794	3366	50700
1011	3736	50700
2595	3750	50800
649	3247	50800
1143	3465	50900
2929	3287	50900
2561	3522	50900
138	3933	50900
1848	3021	51100
2458	3346	51100
2816	3287	51100
2649	3565	51100
1901	3677	51100
2681	3909	51100
1653	3043	51200
2021	3728	51200
1705	3568	51200
2930	3130	51300
647	3981	51300
968	3457	51300
1867	3690	51300
1149	3881	51300
2028	3405	51300
1496	3474	51400
1752	3014	51400
2250	3500	51500
355	3592	51500
2110	3129	51500
2756	3763	51500
870	3429	51600
1927	3952	51800
233	3234	51800
1503	3701	51800
30	3917	51900
1646	3663	51900
2431	3956	51900
2464	3666	51900
1911	3501	51900
2454	3361	52000
908	3810	52000
1667	3408	52000
1089	3419	52000
139	3304	52100
558	3501	52100
407	3838	52100
2359	3953	52100
80	3458	52200
2689	3304	52200
42	3481	52200
2966	3236	52200
249	3029	52200
1245	3226	52300
1431	3514	52300
1727	3893	52400
2982	3633	52500
1124	3680	52600
1065	3337	52700
314	3636	52700
2253	3860	52700
2902	3152	52800
2602	3195	52800
390	3362	52800
2196	3880	52800
1115	3307	52900
1365	3922	52900
2368	3256	53100
2514	3707	53100
1395	3704	53100
1316	3261	53100
1227	3911	53200
2975	3078	53200
519	3464	53300
548	3160	53300
2347	3535	53300
1602	3686	53300
2591	3304	53400
2325	3850	53400
1704	3054	53400
2110	3771	53400
86	3755	53500
2021	3321	53500
2255	3307	53500
1999	3818	53500
2337	3069	53500
2076	3356	53500
2000	3822	53500
707	3480	53500
1217	3135	53500
1364	3457	53600
1495	3847	53600
479	3070	53600
2822	3815	53600
910	3300	53600
2155	3725	53700
694	3878	53700
2992	3957	53700
1136	3810	53800
2559	3305	53800
1568	3329	53800
2553	3530	53800
1872	3439	53800
1808	3006	53900
667	3936	53900
1436	3771	53900
2212	3945	53900
2276	3985	53900
1682	3594	54000
2597	3243	54000
1520	3570	54000
2984	3991	54000
1858	3937	54000
977	3121	54100
2077	3279	54100
2487	3659	54100
246	3326	54100
1498	3040	54100
128	3391	54100
578	3573	54100
2139	3953	54100
2141	3205	54100
2050	3011	54200
840	3607	54200
620	3594	54300
1840	3919	54300
1128	3942	54300
2128	3236	54300
592	3186	54300
2449	3883	54300
1146	3097	54400
2714	3589	54400
2686	3263	54400
2943	3692	54400
2408	3163	54400
1791	3900	54400
2729	3246	54600
719	3962	54600
420	3518	54600
2359	3120	54600
1357	3966	54700
132	3723	54700
85	3878	54700
296	3380	54700
1415	3455	54700
2227	3445	54800
2041	3950	54800
580	3685	54800
2106	3326	54800
614	3249	54800
2312	3738	54900
2882	3936	54900
1486	3129	54900
2309	3899	54900
2444	3289	55000
2487	3388	55000
1576	3954	55000
1966	3767	55100
1110	3713	55100
1035	3378	55100
84	3331	55100
986	3764	55100
1552	3868	55100
1806	3653	55200
681	3134	55200
2801	3024	55200
1177	3050	55300
2186	3326	55300
1522	3501	55300
2551	3817	55300
984	3978	55300
72	3033	55400
64	3975	55400
2673	3349	55400
899	3658	55400
1968	3481	55400
1176	3459	55500
1330	3483	55500
2552	3771	55500
2362	3805	55600
1835	3099	55600
2428	3474	55600
595	3209	55600
1482	3481	55600
1707	3113	55600
416	3906	55700
2794	3565	55700
2084	3847	55700
2836	3412	55700
2461	3176	55700
531	3674	55700
2336	3952	55800
1669	3577	55800
2641	3867	55800
831	3795	55800
2854	3499	55800
1489	3511	55800
1859	3127	55800
1309	3945	55800
2717	3917	55900
2311	3602	55900
1254	3594	55900
2335	3733	55900
1564	3258	55900
2014	3967	55900
541	3267	55900
809	3185	56000
2910	3809	56000
2154	3310	56100
2849	3397	56100
1422	3528	56100
1257	3393	56200
2523	3657	56200
1094	3012	56200
526	3715	56300
28	3164	56300
419	3982	56300
2677	3086	56300
282	3540	56400
1751	3816	56400
1557	3368	56400
683	3491	56500
1161	3545	56500
2306	3195	56500
2972	3258	56600
482	3794	56600
158	3402	56600
835	3231	56700
2919	3750	56700
2456	3999	56700
1584	3660	56700
2429	3645	56900
2352	3105	56900
291	3793	57000
427	3428	57000
203	3777	57000
144	3958	57000
566	3090	57100
2060	3870	57100
2257	3755	57200
10	3416	57200
540	3196	57200
635	3769	57200
952	3500	57300
1113	3933	57300
1170	3999	57400
473	3613	57500
2063	3678	57500
2927	3241	57500
82	3380	57500
2760	3122	57500
2722	3904	57600
2580	3217	57700
66	3429	57700
122	3320	57700
58	3286	57800
1260	3167	57800
2968	3283	57800
2851	3202	57800
1077	3422	57800
1577	3953	57800
2418	3792	57900
50	3283	57900
2501	3341	57900
1750	3937	57900
2616	3473	57900
743	3910	58000
2437	3605	58000
1605	3651	58000
2896	3334	58000
428	3170	58000
2048	3206	58000
2118	3920	58000
1931	3123	58000
2149	3009	58100
2098	3704	58100
661	3608	58100
950	3577	58200
2942	3221	58200
252	3884	58200
1123	3531	58200
397	3562	58200
2981	3393	58200
2749	3508	58200
444	3576	58200
747	3783	58300
285	3531	58300
2177	3492	58300
208	3470	58300
307	3197	58300
904	3679	58300
1800	3235	58400
2412	3929	58400
2303	3913	58400
1498	3529	58400
133	3349	58500
1607	3722	58500
2881	3460	58500
114	3844	58500
575	3461	58500
1808	3316	58600
2484	3770	58600
2156	3854	58600
2086	3786	58600
1962	3057	58600
2492	3436	58600
2627	3835	58700
31	3711	58700
1965	3678	58700
2845	3110	58700
341	3031	58800
1712	3637	58800
1569	3045	58800
796	3002	58800
1920	3635	58900
2742	3990	58900
2743	3703	58900
1616	3466	59000
1534	3111	59000
1481	3711	59000
1183	3006	59000
2689	3847	59100
637	3099	59100
2117	3895	59100
1285	3428	59200
1271	3065	59200
2229	3594	59300
1037	3962	59300
2491	3974	59300
2157	3710	59300
2918	3558	59300
2048	3562	59300
2827	3145	59300
2174	3707	59300
1542	3434	59400
2760	3497	59400
1021	3581	59400
769	3786	59400
2403	3912	59400
2553	3186	59400
848	3794	59400
1581	3728	59500
456	3713	59500
2460	3902	59500
761	3783	59500
1248	3590	59500
2196	3598	59500
2820	3674	59500
1392	3097	59600
2329	3970	59600
1988	3665	59600
868	3337	59600
1083	3933	59600
2726	3877	59700
2867	3979	59700
2824	3381	59700
1021	3236	59700
2910	3929	59700
2724	3672	59700
2232	3978	59700
2656	3645	59800
1963	3688	59800
2058	3864	59900
1734	3133	59900
2508	3460	60000
2281	3607	60000
1247	3048	60000
2463	3035	60000
1389	3627	60100
728	3992	60200
2166	3873	60200
1924	3946	60200
766	3564	60200
673	3185	60200
37	3129	60200
2289	3152	60300
185	3418	60300
1951	3855	60300
1107	3740	60300
263	3530	60300
624	3667	60300
1182	3169	60400
2933	3044	60400
61	3121	60400
1279	3820	60400
827	3357	60400
2528	3149	60400
717	3679	60400
127	3168	60400
643	3601	60400
817	3074	60400
2762	3340	60500
2729	3589	60500
1908	3893	60500
1573	3531	60500
1343	3206	60500
112	3389	60500
1101	3829	60600
849	3565	60600
336	3279	60600
2593	3385	60600
764	3189	60600
106	3207	60600
264	3178	60700
668	3164	60700
1875	3828	60700
2407	3294	60700
2439	3511	60700
1446	3292	60800
2421	3946	60800
1195	3154	60800
1332	3794	60800
2488	3037	60800
1767	3276	60900
632	3279	60900
104	3072	60900
994	3792	60900
1006	3670	60900
2309	3649	60900
2783	3337	61000
1474	3878	61000
201	3625	61000
2676	3831	61000
1488	3511	61000
1992	3836	61100
2698	3804	61100
1974	3946	61100
1547	3379	61100
516	3597	61100
2413	3225	61100
81	3197	61100
1236	3676	61200
2361	3404	61200
2929	3454	61200
2613	3280	61200
744	3155	61200
564	3351	61200
2697	3672	61200
308	3812	61200
287	3195	61300
646	3987	61300
368	3884	61300
1917	3694	61400
1308	3461	61400
779	3634	61500
2140	3210	61500
1560	3047	61500
2981	3858	61500
1267	3772	61500
212	3153	61500
1601	3701	61500
903	3656	61600
382	3375	61600
1155	3586	61600
2727	3170	61600
1965	3241	61600
2866	3769	61600
2080	3054	61600
2049	3439	61600
2848	3639	61600
634	3368	61700
1297	3637	61800
1208	3102	61800
503	3175	61800
2568	3217	61800
1729	3684	61800
1258	3563	61900
299	3295	61900
1698	3026	61900
1989	3842	61900
1944	3258	61900
2346	3031	61900
1221	3681	62000
2237	3021	62000
1747	3603	62000
2171	3216	62000
2585	3175	62000
900	3817	62000
813	3963	62000
1578	3841	62000
1261	3323	62100
597	3091	62100
918	3404	62100
2229	3998	62100
727	3632	62100
1314	3299	62100
275	3874	62100
2183	3047	62200
292	3800	62200
1488	3894	62200
1002	3390	62200
1438	3140	62200
1657	3544	62300
2932	3116	62300
447	3338	62400
2739	3154	62400
32	3194	62400
190	3639	62400
2361	3088	62500
640	3080	62500
655	3861	62500
547	3197	62500
726	3564	62500
311	3009	62500
948	3378	62600
765	3357	62600
2843	3801	62600
795	3813	62600
362	3048	62600
965	3893	62700
2363	3009	62700
254	3852	62700
876	3709	62700
1399	3693	62700
126	3019	62800
1470	3917	62800
2153	3345	62800
278	3692	62800
549	3451	62800
1044	3673	62900
2605	3713	62900
808	3332	62900
1695	3821	62900
1170	3963	62900
521	3114	62900
548	3433	63000
956	3418	63000
1684	3657	63000
1802	3397	63000
1020	3856	63000
976	3874	63000
1968	3384	63100
1928	3558	63100
101	3954	63100
684	3395	63100
1240	3358	63100
1061	3344	63100
670	3595	63200
2947	3027	63200
1012	3835	63200
1975	3334	63200
2795	3289	63200
2187	3918	63200
1889	3145	63200
2502	3859	63300
121	3821	63300
1523	3380	63300
2128	3607	63300
255	3249	63300
764	3851	63400
474	3562	63400
570	3368	63400
2690	3374	63400
443	3763	63500
1449	3321	63600
310	3524	63600
2068	3899	63600
1739	3538	63700
2405	3564	63800
2519	3358	63800
482	3955	63800
125	3057	63800
60	3023	63900
306	3970	63900
2231	3906	63900
2367	3879	63900
990	3680	63900
367	3333	63900
264	3224	64000
2720	3302	64000
1402	3075	64000
2703	3852	64000
2569	3985	64000
2516	3741	64100
787	3449	64100
2322	3349	64100
2586	3369	64100
2496	3556	64100
1823	3816	64100
294	3066	64100
652	3052	64200
2827	3259	64200
955	3298	64200
1303	3410	64200
2402	3270	64200
135	3735	64200
1143	3770	64300
1574	3673	64400
1233	3614	64400
476	3630	64400
887	3405	64400
892	3824	64500
970	3911	64500
1663	3091	64500
326	3712	64500
1903	3060	64500
890	3963	64500
538	3511	64500
894	3466	64600
1426	3612	64600
2092	3011	64600
511	3382	64600
1705	3303	64600
2298	3076	64600
2647	3652	64600
78	3104	64700
1456	3522	64700
2737	3185	64700
1318	3399	64700
1113	3153	64700
423	3262	64800
925	3904	64800
2942	3835	64800
2803	3570	64800
2156	3336	64800
2192	3960	64800
1877	3114	64800
752	3583	65000
2337	3075	65000
1804	3915	65000
1746	3541	65000
2340	3732	65000
895	3790	65000
138	3058	65000
2769	3672	65000
2642	3413	65000
949	3741	65100
2218	3023	65100
1557	3343	65100
335	3231	65200
1202	3979	65200
2005	3830	65200
2554	3234	65200
1174	3591	65200
2754	3288	65200
1865	3700	65300
2773	3245	65300
2897	3990	65300
2338	3120	65300
2568	3052	65400
676	3302	65400
1122	3433	65400
2540	3257	65400
249	3415	65400
2472	3191	65400
2010	3248	65400
15	3233	65500
2194	3894	65500
1503	3242	65500
286	3750	65600
656	3688	65600
2292	3597	65600
690	3022	65600
373	3555	65700
517	3741	65700
2256	3615	65700
2695	3001	65700
1033	3006	65700
1325	3541	65700
1366	3154	65700
47	3393	65700
2958	3872	65700
1918	3014	65700
2694	3904	65800
1034	3046	65800
2715	3284	65800
612	3271	65800
1405	3609	65800
1727	3033	65800
1951	3663	65800
2608	3732	65800
442	3308	65800
349	3066	65800
2583	3364	65900
365	3808	65900
2116	3567	65900
2393	3575	66000
639	3175	66000
1132	3215	66000
1712	3545	66100
2644	3918	66100
2197	3884	66100
188	3902	66100
2061	3263	66100
2843	3382	66100
2697	3426	66100
1322	3636	66100
721	3361	66200
83	3342	66200
1716	3707	66200
584	3393	66200
1420	3697	66200
2669	3003	66200
1888	3849	66200
577	3407	66300
2237	3450	66300
202	3869	66300
1400	3000	66300
96	3784	66400
2902	3292	66400
265	3932	66400
124	3022	66400
867	3443	66400
1882	3168	66400
2623	3441	66400
927	3300	66400
1913	3259	66500
1291	3551	66500
2560	3212	66500
1937	3781	66600
1775	3957	66600
150	3271	66600
2506	3100	66600
628	3489	66600
576	3320	66600
318	3045	66700
2350	3877	66800
1945	3926	66800
2000	3489	66800
1086	3176	66800
571	3343	66900
2473	3889	66900
2546	3021	66900
2774	3971	66900
1750	3591	66900
2864	3221	67000
607	3148	67000
2548	3346	67000
2046	3108	67000
969	3444	67000
1591	3880	67000
758	3808	67000
2678	3722	67100
139	3119	67100
234	3638	67100
925	3746	67200
2718	3812	67200
1916	3915	67200
1243	3997	67200
828	3720	67300
2807	3783	67300
2456	3108	67300
1382	3015	67400
2805	3646	67400
1412	3973	67400
1824	3941	67400
2985	3725	67500
1686	3889	67500
2802	3714	67500
283	3008	67500
2391	3720	67600
1861	3550	67600
2374	3295	67600
988	3507	67600
2184	3012	67600
2919	3013	67700
2447	3917	67700
2973	3466	67700
1218	3434	67700
791	3343	67700
2272	3309	67700
1656	3320	67700
532	3448	67700
404	3625	67800
491	3736	67800
2210	3763	67800
833	3935	67900
1103	3263	67900
2358	3957	67900
2093	3963	67900
1759	3660	67900
699	3344	67900
647	3505	68000
2710	3765	68000
507	3231	68100
1941	3690	68100
2905	3133	68100
1309	3959	68100
1045	3774	68100
434	3110	68100
399	3602	68200
2938	3137	68200
2145	3081	68200
1543	3102	68300
2887	3579	68300
1932	3666	68300
41	3625	68300
2530	3373	68300
2604	3962	68400
711	3490	68400
2135	3671	68400
2708	3591	68400
508	3435	68400
1930	3702	68500
2246	3367	68500
1714	3506	68500
1330	3629	68600
1940	3814	68600
2378	3715	68700
510	3685	68700
691	3991	68700
2307	3854	68700
2230	3539	68800
2274	3533	68800
1096	3342	68800
2001	3733	68800
193	3544	68800
376	3425	68800
157	3221	68900
2715	3873	68900
108	3167	68900
680	3058	68900
740	3529	68900
534	3802	68900
2159	3796	68900
1661	3322	69000
219	3946	69000
1742	3416	69000
2844	3901	69000
922	3878	69100
586	3719	69100
2567	3551	69100
1930	3891	69200
58	3599	69200
171	3779	69200
437	3692	69200
2148	3093	69200
2482	3309	69300
2211	3891	69400
2190	3797	69400
2416	3581	69400
1850	3636	69400
1812	3387	69400
533	3141	69400
454	3800	69500
1193	3601	69500
2780	3384	69600
2743	3814	69600
2675	3221	69700
1396	3460	69700
914	3689	69700
2138	3598	69700
1932	3253	69800
2925	3918	69800
1768	3844	69800
1257	3126	69800
1443	3689	69900
823	3441	69900
1393	3736	69900
2179	3524	70000
57	3361	70000
2287	3352	70000
1465	3001	70100
1067	3603	70100
1404	3599	70200
1708	3965	70200
2470	3780	70200
1583	3045	70200
2223	3202	70200
508	3095	70200
1013	3805	70300
985	3352	70300
128	3600	70300
409	3231	70400
720	3687	70400
1414	3884	70400
1796	3515	70400
2717	3540	70500
782	3962	70500
2994	3004	70500
130	3280	70500
1759	3648	70500
594	3468	70600
897	3851	70600
64	3421	70600
2214	3595	70700
326	3490	70700
732	3851	70700
1040	3072	70700
1002	3389	70700
2588	3651	70800
2540	3235	70800
358	3715	70800
2507	3194	70900
1129	3057	70900
1398	3697	70900
1420	3626	70900
1138	3169	70900
2973	3524	71000
778	3836	71000
2243	3972	71000
319	3664	71000
133	3513	71100
1340	3467	71100
2369	3930	71200
2411	3383	71200
1967	3988	71300
1819	3073	71300
1290	3088	71300
1687	3459	71300
2531	3797	71300
1700	3937	71300
1562	3010	71300
211	3675	71300
1407	3389	71300
327	3457	71400
259	3336	71400
1026	3717	71400
837	3808	71400
460	3712	71500
351	3024	71500
2265	3323	71600
1327	3378	71600
1721	3354	71600
2430	3495	71600
2123	3431	71600
383	3060	71700
2641	3369	71700
886	3429	71800
481	3160	71800
284	3277	71800
2136	3937	71800
136	3916	71800
438	3252	71800
1559	3350	71800
753	3422	71900
713	3754	72000
498	3576	72000
2705	3644	72000
2132	3361	72100
1099	3732	72100
693	3206	72100
1196	3942	72200
963	3022	72200
1771	3648	72200
2334	3674	72200
1957	3402	72200
1645	3981	72300
419	3585	72300
591	3709	72300
274	3704	72300
2905	3499	72300
2498	3451	72300
1640	3893	72400
2351	3885	72400
2249	3489	72400
235	3771	72400
147	3786	72400
277	3809	72400
1109	3623	72400
502	3000	72500
1297	3992	72500
1898	3019	72500
2010	3870	72500
722	3097	72600
408	3488	72600
2601	3541	72600
1794	3854	72600
1181	3648	72600
2835	3736	72600
1153	3646	72700
1548	3813	72700
2004	3872	72700
2451	3353	72700
2813	3600	72700
1663	3965	72800
917	3299	72800
709	3830	72800
1847	3324	72800
250	3881	72900
1303	3090	72900
2031	3031	72900
735	3536	73000
1177	3805	73000
1464	3493	73000
619	3964	73000
1956	3803	73000
1048	3116	73000
2266	3123	73100
644	3659	73100
2205	3219	73200
1285	3334	73200
1034	3930	73200
1978	3549	73300
2892	3070	73300
1235	3819	73300
112	3693	73300
371	3469	73400
2821	3854	73400
192	3393	73400
2168	3855	73400
154	3058	73400
369	3055	73500
1755	3278	73500
2984	3913	73600
2849	3048	73600
218	3306	73600
2047	3947	73600
553	3315	73600
552	3943	73600
2610	3686	73700
166	3596	73700
72	3119	73800
756	3550	73800
1689	3336	73800
2419	3560	73800
581	3498	73800
1363	3232	73900
741	3842	73900
184	3041	73900
1088	3667	73900
743	3056	74000
520	3087	74000
1066	3730	74000
1424	3684	74000
2789	3716	74000
2731	3583	74000
2304	3298	74000
894	3165	74100
539	3332	74100
260	3369	74100
2987	3764	74100
1359	3505	74200
2479	3746	74200
2258	3488	74200
1286	3079	74200
1337	3189	74200
579	3048	74200
43	3937	74200
217	3918	74300
884	3405	74300
228	3168	74400
2514	3444	74400
7	3942	74600
1032	3328	74600
1834	3335	74600
1430	3371	74700
1469	3016	74700
1224	3584	74700
1383	3748	74700
1952	3030	74700
2820	3701	74700
998	3018	74800
2945	3498	74800
1006	3473	74800
2027	3532	74800
2393	3062	74900
1073	3964	74900
1989	3732	74900
176	3267	74900
1769	3512	74900
189	3753	74900
848	3819	74900
1320	3484	75000
1061	3436	75000
2278	3969	75100
51	3855	75100
505	3941	75100
2480	3552	75100
1106	3445	75200
1262	3739	75200
1544	3995	75200
2407	3386	75200
944	3393	75200
376	3830	75200
1004	3788	75200
2277	3567	75200
945	3301	75300
1975	3428	75300
1863	3117	75300
2040	3716	75300
2488	3708	75300
347	3101	75400
681	3115	75400
1283	3386	75400
751	3474	75400
110	3834	75400
2742	3267	75400
2476	3023	75500
1852	3570	75500
2127	3593	75500
1948	3667	75500
2631	3976	75600
2201	3993	75700
1250	3438	75700
2837	3363	75700
1631	3212	75700
1529	3823	75700
2486	3642	75800
695	3001	75800
1914	3931	75800
436	3655	75800
1182	3028	75800
1654	3505	75900
2341	3263	75900
2684	3136	75900
2259	3115	76000
1168	3088	76000
708	3772	76000
222	3489	76000
2189	3655	76000
2219	3389	76000
1082	3217	76100
1127	3274	76200
1986	3184	76200
2053	3700	76200
2698	3490	76300
607	3818	76300
2453	3379	76300
1862	3745	76400
2565	3465	76400
2635	3008	76400
2477	3478	76400
589	3238	76400
2185	3767	76500
1427	3193	76500
537	3250	76500
2006	3533	76500
716	3762	76500
2736	3882	76700
1637	3067	76700
1028	3470	76800
2170	3798	76800
1868	3344	76800
1726	3975	76900
1461	3612	77000
1766	3267	77000
600	3992	77200
712	3830	77200
353	3961	77200
1589	3031	77200
1290	3152	77300
410	3188	77300
2533	3426	77300
1882	3552	77400
2286	3346	77500
738	3200	77500
430	3063	77500
1558	3527	77600
1317	3690	77600
71	3238	77600
2751	3557	77600
447	3418	77600
1075	3813	77600
953	3544	77600
611	3327	77600
1288	3269	77600
2543	3615	77700
2074	3003	77700
1352	3452	77800
719	3404	77800
2872	3721	77800
1954	3495	77800
1393	3120	77800
1239	3021	77900
1536	3179	77900
1815	3293	77900
551	3803	78000
617	3681	78100
2308	3502	78100
1302	3043	78100
2458	3690	78100
807	3453	78100
1623	3896	78100
765	3546	78200
628	3526	78200
1235	3153	78200
1148	3032	78300
1842	3147	78300
1354	3184	78400
2143	3863	78400
2079	3075	78400
185	3421	78400
2134	3638	78400
374	3621	78400
1127	3222	78500
1630	3232	78500
1008	3789	78500
381	3574	78600
1097	3111	78600
1305	3438	78700
958	3536	78700
417	3112	78700
1517	3783	78700
1202	3458	78700
2612	3043	78700
538	3526	78700
1433	3329	78700
982	3430	78800
2217	3702	78800
749	3211	78800
2064	3763	78800
2089	3026	78900
715	3126	78900
269	3798	78900
2972	3086	79000
330	3860	79000
636	3927	79100
1730	3618	79100
1311	3089	79100
2903	3088	79100
2376	3881	79200
1922	3526	79200
919	3686	79300
2062	3505	79400
228	3841	79400
29	3063	79400
1173	3859	79500
1389	3134	79500
1252	3119	79500
152	3330	79500
859	3122	79600
1263	3798	79600
597	3612	79700
1414	3730	79700
555	3936	79700
2469	3106	79700
2850	3988	79800
2764	3148	79800
1792	3410	79800
170	3678	79900
746	3854	79900
2784	3620	80000
2511	3394	80000
580	3518	80000
415	3967	80000
2244	3799	80000
329	3546	80300
42	3075	80300
1911	3329	80300
472	3415	80300
2167	3015	80500
83	3685	80500
730	3037	80500
2833	3468	80600
2592	3458	80600
814	3338	80600
1495	3903	80600
369	3569	80700
784	3733	80700
2692	3390	80800
2137	3082	80900
440	3565	80900
2200	3496	80900
811	3503	80900
792	3495	80900
1532	3944	80900
864	3058	80900
312	3043	81000
2934	3168	81000
1156	3628	81000
2499	3310	81200
2347	3090	81200
1049	3768	81200
2417	3069	81300
1231	3804	81300
516	3324	81300
47	3345	81300
755	3675	81300
1786	3271	81400
2427	3357	81400
1556	3952	81500
1098	3668	81600
639	3180	81600
605	3659	81600
1801	3639	81600
2160	3550	81700
2225	3837	81700
1007	3656	81700
2030	3282	81700
1606	3356	81900
35	3814	81900
328	3686	82000
767	3414	82000
2268	3751	82000
1707	3308	82100
19	3903	82100
261	3766	82200
2218	3102	82200
1799	3713	82200
346	3789	82200
400	3111	82300
2544	3404	82300
860	3503	82300
714	3980	82300
123	3961	82400
2129	3097	82500
770	3444	82500
2176	3856	82500
1935	3164	82600
1068	3640	82600
2581	3346	82700
487	3187	82700
2029	3107	82700
674	3912	82700
2219	3693	82700
2895	3448	82700
1554	3651	82800
921	3707	82800
2622	3596	82800
239	3637	82900
310	3712	82900
1590	3059	82900
512	3574	83100
924	3091	83100
934	3717	83100
475	3130	83200
2793	3810	83200
1569	3826	83200
1329	3038	83300
364	3290	83300
2998	3479	83300
687	3541	83400
2907	3976	83400
2640	3866	83400
2663	3279	83500
776	3552	83500
2336	3741	83600
1880	3123	83600
1970	3235	83700
2877	3635	83700
2310	3390	83800
1409	3584	83900
2243	3058	83900
293	3401	83900
1092	3072	84000
2097	3706	84000
1140	3079	84000
2911	3376	84000
462	3762	84000
2034	3301	84100
1225	3193	84200
411	3615	84200
1074	3518	84200
2841	3958	84200
2168	3549	84200
1135	3762	84200
2102	3401	84200
1641	3885	84200
392	3857	84300
600	3996	84400
1894	3184	84400
2645	3612	84400
1883	3843	84400
1674	3519	84400
2971	3805	84500
752	3277	84600
602	3471	84600
173	3091	84700
1433	3406	84700
825	3250	84800
2105	3883	84800
2555	3712	84900
2275	3260	84900
2368	3295	84900
1824	3312	84900
1758	3575	85000
2688	3483	85000
2294	3765	85000
495	3719	85100
565	3880	85100
1001	3370	85100
1199	3461	85100
2811	3588	85200
2022	3079	85200
2736	3394	85300
297	3102	85300
896	3721	85400
677	3716	85500
344	3057	85600
1396	3837	85800
798	3947	85900
2018	3907	85900
1094	3984	85900
2398	3539	86000
1073	3542	86000
943	3780	86100
2948	3642	86100
1212	3202	86100
224	3543	86100
2402	3030	86100
735	3572	86200
2320	3785	86200
1210	3858	86200
1762	3148	86400
1979	3460	86400
2017	3096	86500
935	3376	86600
2440	3898	86600
20	3169	86600
2512	3558	86700
303	3105	86700
2570	3502	86800
2606	3696	86800
301	3271	86800
2154	3143	86900
2107	3108	87000
2839	3468	87100
879	3405	87100
132	3584	87200
497	3543	87200
2699	3836	87300
2324	3148	87300
887	3444	87300
776	3907	87300
1641	3789	87300
2899	3683	87400
1749	3418	87400
1958	3336	87400
2400	3133	87400
2719	3020	87400
2357	3688	87500
2450	3205	87500
2619	3323	87600
238	3923	87600
403	3830	87600
2853	3623	87600
530	3082	87700
691	3931	87700
1774	3548	87800
1870	3234	87800
2740	3536	87900
868	3529	87900
331	3914	88000
2164	3206	88000
1185	3685	88200
1141	3469	88200
493	3675	88200
802	3138	88300
2628	3180	88300
1313	3034	88300
430	3010	88300
2159	3802	88300
2075	3315	88300
916	3241	88400
2537	3122	88400
973	3755	88500
270	3729	88500
672	3013	88600
2285	3018	88600
2210	3248	88600
2114	3524	88700
2477	3869	88700
806	3758	88700
1802	3330	88700
2195	3479	88900
2682	3371	88900
835	3250	88900
1987	3976	88900
767	3978	88900
1977	3373	88900
2364	3525	89000
2422	3770	89000
14	3339	89100
2332	3352	89100
2323	3506	89100
1471	3651	89200
2023	3829	89200
337	3716	89300
965	3965	89400
736	3241	89400
2763	3115	89400
1088	3293	89400
148	3706	89500
227	3483	89500
2387	3603	89600
653	3131	89700
661	3229	89700
356	3985	89800
1652	3802	89800
910	3273	89800
2052	3532	89800
1748	3055	89900
1163	3328	89900
1203	3747	90100
2789	3642	90100
1279	3872	90200
2628	3682	90300
340	3859	90600
2466	3903	90600
2915	3252	90600
1237	3580	90700
2442	3530	90700
671	3703	90700
616	3177	90800
1151	3414	90800
1901	3892	90900
1180	3768	90900
1225	3730	91000
2257	3310	91300
1080	3262	91400
2974	3019	91400
2362	3539	91500
1767	3671	91700
819	3431	91700
2505	3959	91700
471	3539	91800
1910	3188	91800
51	3811	91900
1179	3045	91900
2878	3053	92000
716	3191	92000
448	3703	92000
281	3804	92100
2755	3329	92100
1745	3862	92100
786	3533	92200
2206	3721	92200
2855	3529	92300
2573	3103	92300
1410	3985	92300
2772	3936	92400
1574	3169	92400
1984	3092	92500
1098	3112	92500
2267	3984	92500
1586	3377	92600
63	3800	92700
2983	3228	92700
240	3103	92700
408	3619	92800
797	3951	92900
983	3249	92900
2630	3277	93000
1591	3598	93000
1480	3094	93100
2245	3896	93200
1563	3082	93300
1980	3602	93300
847	3437	93400
1323	3680	93500
467	3093	93500
1642	3482	93500
386	3649	93600
1892	3733	93700
117	3069	93700
1782	3308	93700
449	3092	93800
546	3606	93900
1455	3512	93900
2651	3207	93900
213	3938	94000
2924	3132	94000
671	3030	94000
465	3333	94000
2279	3461	94100
2448	3273	94200
163	3247	94400
2248	3258	94400
66	3568	94600
1315	3525	94700
875	3605	94800
1748	3347	94800
2776	3178	94800
2308	3342	94800
1602	3261	94800
338	3944	94900
1874	3809	94900
1884	3934	95000
1571	3133	95000
1162	3858	95100
195	3649	95200
446	3437	95300
1764	3512	95300
1079	3259	95300
1394	3440	95300
1972	3687	95400
1973	3959	95400
106	3010	95400
499	3039	95400
1206	3190	95600
1237	3948	95600
1071	3294	95700
1312	3328	95700
688	3037	95700
1407	3159	95900
38	3934	96100
1692	3575	96200
2376	3545	96200
2468	3413	96200
1676	3120	96300
2293	3637	96400
720	3926	96500
2024	3234	96500
788	3187	96500
1120	3693	96500
377	3290	96600
322	3146	96600
2753	3843	96600
1906	3344	96600
1253	3193	96700
2020	3587	96700
39	3867	96700
421	3049	96700
678	3515	96700
1921	3755	96800
2220	3379	96900
1064	3696	97000
1457	3247	97000
1343	3213	97000
2113	3406	97200
2933	3926	97400
2995	3332	97400
2921	3509	97400
2884	3335	97500
1150	3401	97600
2262	3961	97600
1785	3755	97700
1284	3815	97900
833	3271	98000
2204	3537	98000
199	3683	98100
2425	3832	98100
898	3788	98100
2589	3978	98300
1595	3244	98300
134	3370	98400
1016	3559	98500
2040	3642	98500
1171	3099	98600
2871	3563	98700
1229	3845	98800
217	3247	98800
1131	3580	98800
1112	3328	98900
395	3409	99000
1939	3147	99100
2862	3828	99200
2195	3082	99300
2193	3387	99300
2203	3614	99400
1521	3450	99400
1334	3359	99400
1020	3440	99400
1664	3424	99400
2668	3966	99500
2797	3685	99500
1452	3916	99500
2125	3826	99600
850	3984	99600
2945	3806	99600
1724	3180	99700
1367	3907	99700
2716	3413	99700
1256	3503	99800
1754	3971	99800
588	3015	99900
2935	3514	99900
2639	3468	100000
207	3897	100100
2969	3849	100100
2841	3064	100200
1108	3809	100200
2670	3538	100300
451	3896	100500
2144	3151	100600
968	3219	100700
915	3806	100700
929	3907	100800
1057	3033	100900
2623	3389	100900
2321	3407	101000
2664	3089	101000
446	3887	101100
1112	3118	101100
149	3123	101200
729	3077	101300
2621	3421	101500
1308	3455	101500
527	3316	101600
1837	3897	101600
1476	3640	101600
880	3947	101700
2952	3903	101800
733	3331	101900
289	3659	102000
2492	3907	102000
70	3452	102100
844	3387	102200
1310	3163	102500
1827	3897	102500
758	3463	102500
1888	3673	102500
2235	3754	102600
2915	3699	102700
2252	3103	102700
1385	3972	102900
1962	3315	102900
2003	3262	103000
1807	3826	103100
803	3092	103200
2900	3671	103200
1728	3519	103200
754	3502	103300
2126	3085	103400
679	3220	103500
2671	3325	103500
212	3667	103600
501	3824	103700
2033	3357	103800
2977	3261	103900
601	3708	103900
1587	3454	104100
280	3059	104100
384	3381	104100
103	3158	104300
1841	3822	104300
1896	3310	104500
2616	3828	104500
1665	3781	104600
2261	3335	104600
1329	3479	104700
75	3580	104700
2339	3606	104800
2258	3619	104800
2665	3181	104900
2327	3877	105000
2662	3983	105000
2646	3025	105100
569	3103	105100
739	3761	105100
2813	3414	105200
1047	3590	105300
413	3779	105400
1031	3143	105700
1221	3712	105700
638	3514	105700
2810	3039	105700
487	3782	105800
5	3983	105900
846	3275	106100
366	3327	106100
2070	3134	106200
1711	3623	106300
2634	3779	106500
540	3311	106500
991	3402	106500
1542	3863	106700
2216	3530	106900
1059	3010	106900
981	3309	106900
2342	3445	107000
772	3651	107000
1776	3158	107200
2123	3084	107300
783	3706	107400
2934	3717	107500
2877	3897	107500
1292	3356	107600
2980	3148	107700
2774	3051	107800
1722	3331	107900
724	3516	108000
469	3282	108100
959	3240	108200
398	3498	108200
793	3309	108200
1942	3173	108300
1349	3922	108300
56	3007	108600
2889	3216	108600
437	3883	108600
385	3229	108700
1702	3881	108800
2217	3055	108900
1618	3054	108900
2640	3273	109000
279	3510	109100
1394	3390	109300
1849	3793	109400
2611	3431	109400
2590	3157	109400
1055	3766	109500
417	3004	109500
2940	3504	109600
2639	3089	109700
559	3238	109700
1547	3415	109700
878	3070	109700
1087	3849	110100
861	3806	110300
513	3032	110500
265	3472	110600
967	3430	110900
1185	3342	111100
1912	3032	111200
1483	3901	111300
2088	3147	111400
2950	3291	111500
396	3978	111600
392	3833	112200
1514	3772	112300
1672	3314	112600
305	3965	112600
293	3768	112700
780	3916	112800
420	3711	113100
210	3429	113100
2799	3038	113300
1296	3610	113400
2184	3118	113400
2652	3772	113500
2719	3315	113500
1311	3038	113700
1660	3600	113700
1160	3596	113800
2538	3274	114000
2914	3773	114200
1015	3068	114400
523	3150	114400
314	3734	114500
2241	3997	114500
2766	3784	114700
1158	3757	114800
1810	3314	114800
2726	3220	114800
1868	3610	114800
1619	3214	115100
2273	3229	115200
1983	3373	115200
2482	3074	115200
1579	3159	115300
1438	3110	115300
1652	3846	115500
1335	3733	115600
659	3121	115600
2370	3999	115600
1369	3222	115900
1790	3581	115900
1904	3200	115900
976	3866	116000
1927	3970	116100
1146	3098	116200
2858	3027	116300
1757	3196	116300
749	3537	116300
834	3754	116400
161	3863	116400
324	3622	116400
1677	3999	116700
2662	3519	116800
273	3396	116800
1864	3004	117000
2227	3563	117100
463	3392	117100
1900	3665	117100
1706	3618	117200
2411	3415	117200
496	3044	117300
789	3538	117300
560	3627	117400
2406	3812	117600
1102	3848	117800
1273	3909	117900
545	3999	118100
1692	3062	118200
2571	3654	118400
1107	3529	118600
1418	3517	118700
1169	3370	119000
702	3150	119000
2489	3941	119100
1629	3493	119300
2516	3934	119300
2120	3720	119400
1761	3696	119400
1604	3190	119400
2078	3300	119400
1678	3943	119400
318	3126	119500
62	3593	119600
478	3691	119600
1836	3767	119900
1125	3450	120000
2478	3901	120100
183	3654	120100
1941	3682	120300
2674	3463	120300
389	3638	120500
790	3025	120900
2222	3371	121000
1825	3036	121000
424	3332	121200
1644	3093	121200
153	3202	121400
1382	3056	121500
174	3286	121500
1743	3559	121600
1855	3516	121700
1042	3084	121800
1940	3213	121900
2733	3902	122000
2204	3211	122600
1369	3718	122700
2916	3730	122900
997	3109	122900
804	3752	122900
888	3110	122900
412	3749	123100
2609	3392	123300
299	3656	123400
365	3675	123400
248	3062	123500
1845	3922	123700
2991	3424	123700
259	3886	124200
1720	3087	124300
2343	3887	124300
388	3330	124300
866	3013	124800
1164	3438	124900
1857	3905	124900
503	3982	125100
2158	3310	125300
1739	3781	126100
1019	3799	126100
1853	3039	126300
2295	3594	126400
1817	3095	126400
1053	3230	126500
2384	3345	126700
1058	3571	126700
633	3180	126900
475	3824	127000
1246	3691	127000
1207	3908	127100
206	3841	127100
74	3325	127200
1637	3666	127200
2542	3753	127200
2013	3846	127300
1144	3548	127400
1731	3151	127800
172	3699	127800
2599	3332	127900
1203	3641	128100
232	3140	128100
1447	3311	128200
819	3525	128300
2415	3909	128300
1627	3724	128500
2963	3838	128900
562	3414	128900
892	3092	129000
660	3045	129300
1770	3971	129400
2494	3751	129400
290	3614	129500
557	3896	129500
947	3161	129800
689	3188	130000
315	3571	130000
1064	3837	130100
1384	3806	130100
1598	3064	130300
109	3366	130400
18	3055	130500
2546	3606	130500
799	3159	130500
1635	3309	130500
2539	3868	130600
2068	3150	130600
2654	3467	130900
1541	3074	131000
689	3568	131400
936	3650	131400
837	3675	131400
2939	3306	131600
236	3150	131700
2513	3908	131900
2396	3525	132000
1469	3195	132000
725	3856	132000
2165	3574	132100
851	3115	132100
2790	3370	132100
343	3910	132800
2777	3696	132900
1038	3371	133100
957	3568	133200
418	3450	133400
1617	3292	133700
177	3196	133700
1528	3472	133800
1386	3249	133800
1510	3209	134300
1401	3802	134300
2317	3763	134300
214	3302	134400
2371	3074	134400
710	3143	134500
649	3245	134500
1266	3938	134600
858	3627	134800
1390	3846	134900
1929	3729	134900
2076	3670	135000
855	3838	136100
2130	3645	136200
2642	3372	136200
2188	3775	136400
1634	3314	136700
2840	3662	136800
1220	3838	137300
493	3808	137300
1658	3101	137400
1412	3588	137400
1664	3670	137400
2069	3204	137500
1025	3437	137600
225	3659	137600
221	3824	137700
657	3392	137900
523	3862	137900
2575	3025	138300
1772	3588	138500
2432	3839	138600
26	3067	138700
1933	3585	138800
422	3664	139200
370	3947	139200
1991	3720	139400
242	3624	140000
966	3862	140000
146	3874	140000
2111	3388	140100
2965	3975	140200
2970	3482	140200
2423	3136	140400
1958	3886	140600
2355	3496	140700
361	3296	140800
308	3734	141000
843	3928	141200
2647	3351	141200
1582	3130	141500
69	3614	141600
1301	3528	141600
857	3846	141900
355	3429	142000
957	3303	142100
94	3318	142200
1887	3673	142300
2873	3571	142400
2893	3534	142700
2026	3477	142700
2978	3760	142700
1376	3093	142800
2059	3924	143000
1575	3150	143100
2880	3064	143300
606	3520	143500
2541	3793	143500
1816	3938	143500
1338	3881	143500
1570	3151	144000
363	3968	144000
2490	3502	144200
2127	3751	144600
1673	3157	144800
2232	3870	145000
2001	3423	145100
2782	3476	145600
1998	3493	146500
2241	3467	146500
979	3094	146500
713	3749	146800
1306	3868	146900
1212	3370	146900
2392	3901	147000
91	3711	147100
1018	3724	147300
2821	3949	147400
2297	3071	147500
1961	3776	147500
860	3863	147900
2165	3784	148000
1053	3515	148300
2998	3702	148500
1106	3056	148500
223	3284	148600
2438	3516	148700
1525	3132	149200
1790	3939	150000
244	3848	150200
1250	3036	150400
2772	3578	150500
2037	3411	150700
2624	3318	150700
596	3718	151000
2424	3467	152200
172	3654	152500
2740	3572	152700
13	3901	152700
2765	3662	152800
1473	3230	153000
2351	3969	153400
662	3502	153600
1691	3143	153600
2233	3885	153600
2239	3272	153700
2052	3537	153700
2741	3980	153800
621	3757	154000
2838	3296	154000
1030	3417	154100
1158	3767	154400
1753	3832	154400
2174	3005	154500
2607	3967	154700
298	3253	154900
2490	3052	155400
2536	3887	155700
2594	3622	155700
1105	3479	155800
1190	3229	155900
2096	3068	156000
2869	3493	156100
1216	3496	156300
534	3617	156800
1633	3465	157000
2395	3159	157600
70	3668	157700
73	3975	157800
1232	3034	157900
2711	3793	158300
2557	3209	158500
2716	3312	158500
941	3650	158600
2097	3209	159000
2071	3477	159000
1690	3622	159200
103	3843	159300
2937	3296	159400
1622	3654	159700
2395	3383	159900
433	3487	160300
1348	3044	160600
111	3749	160900
863	3905	161000
382	3753	161100
567	3204	161200
2036	3211	161200
1243	3650	161200
1811	3019	161700
1388	3178	162100
1585	3973	162500
1293	3016	162600
1344	3325	163000
190	3786	163900
2956	3142	164000
225	3388	164300
2541	3609	164700
2783	3447	164700
2577	3973	164700
1201	3230	164800
623	3411	164900
194	3600	164900
2913	3000	165000
598	3543	165400
842	3469	165600
363	3498	165700
468	3769	166600
2509	3357	167200
2073	3482	167400
1926	3927	167700
145	3775	168000
673	3095	168000
2687	3158	168200
2081	3025	168200
88	3866	168900
290	3161	169300
1126	3837	169300
1939	3776	169600
2126	3206	170000
1165	3300	170000
555	3578	170300
893	3053	170600
2884	3515	170600
1998	3437	170900
178	3824	171200
2538	3887	171500
117	3080	171500
2326	3610	171700
663	3125	171800
1610	3131	172100
2085	3749	172700
777	3926	172900
1054	3338	173700
2073	3657	173700
1356	3039	174200
529	3230	174300
2766	3785	174500
557	3691	174500
636	3496	174700
1255	3290	174700
1492	3314	174900
979	3282	174900
2220	3638	174900
1307	3347	175400
536	3923	175400
46	3300	175500
2121	3276	175800
2284	3348	175800
1076	3220	176000
9	3161	178300
1154	3578	178800
775	3339	179000
728	3882	179000
2891	3737	179300
1702	3256	180100
2038	3347	180300
2188	3766	180500
2781	3253	180600
1583	3398	180900
1929	3411	181300
2365	3943	181500
1444	3867	182100
1997	3179	182100
21	3068	182600
1679	3064	182800
2296	3333	182900
810	3717	183300
2530	3270	183600
967	3392	185100
1138	3849	185100
2738	3516	185300
2582	3644	185800
1223	3702	186100
88	3874	187300
2326	3211	187400
1994	3870	187500
1435	3991	188000
33	3375	188800
2665	3025	189300
940	3083	189700
2563	3491	189900
2385	3396	189900
2067	3759	191600
1561	3396	191700
2680	3140	191900
2696	3007	192000
2562	3863	192100
425	3253	192300
773	3108	192500
2462	3469	192600
543	3927	193500
2874	3388	194100
1230	3543	195400
1226	3306	195700
2949	3095	196100
