11	3649	200
561	3071	200
2720	3707	200
1101	3368	200
368	3156	200
2974	3549	200
2477	3724	200
2051	3566	200
2834	3694	200
2506	3924	200
483	3854	200
284	3909	200
324	3554	200
1268	3648	200
2932	3596	200
989	3756	200
678	3054	300
948	3566	300
1742	3818	300
1479	3132	300
1677	3583	300
2889	3562	300
2408	3678	300
1454	3703	300
436	3163	300
181	3591	300
2610	3813	300
1331	3136	300
2819	3634	400
506	3667	400
2831	3837	400
1499	3559	400
2414	3631	400
633	3184	400
648	3429	400
1799	3368	400
1921	3705	400
2428	3304	400
1272	3504	400
2960	3935	400
2182	3652	400
1259	3905	400
81	3625	400
1963	3960	400
2857	3635	400
1870	3850	400
1740	3895	400
1793	3570	400
1445	3248	400
1473	3532	500
1681	3665	500
2275	3109	500
1482	3006	500
2774	3742	500
2487	3393	500
2791	3888	500
748	3157	500
1124	3955	500
1271	3086	500
1885	3666	500
2287	3024	500
278	3327	500
1391	3049	500
2229	3643	500
898	3866	500
1563	3370	500
2714	3870	500
1733	3644	500
2032	3829	500
577	3383	500
2775	3092	500
1038	3130	600
1834	3322	600
2937	3296	600
2805	3062	600
1984	3226	600
1833	3490	600
771	3371	600
2872	3444	600
473	3930	600
2999	3770	600
2225	3503	600
2649	3840	600
1565	3973	600
1079	3343	600
1271	3341	600
2456	3277	600
201	3791	600
1578	3990	600
2394	3661	600
2657	3177	600
2423	3796	600
386	3373	600
2953	3153	600
2632	3110	600
470	3438	600
949	3746	600
1388	3864	700
1638	3651	700
394	3293	700
1216	3502	700
2265	3088	700
1839	3977	700
75	3008	700
1848	3458	700
2980	3565	700
821	3361	700
2641	3949	700
1598	3936	700
1622	3699	700
12	3084	700
388	3118	700
2014	3278	700
2594	3983	700
1332	3967	700
2037	3324	700
1972	3897	700
925	3248	700
942	3115	700
1484	3383	700
705	3125	800
1004	3567	800
2339	3887	800
2833	3098	800
463	3445	800
2689	3836	800
2151	3465	800
334	3464	800
203	3676	800
2601	3568	800
1877	3794	800
2177	3417	800
1028	3157	800
538	3776	800
2400	3489	800
1915	3166	800
1792	3258	800
1112	3039	800
1731	3110	800
2738	3148	900
1760	3152	900
939	3224	900
878	3259	900
1411	3416	900
329	3586	900
2607	3933	900
783	3727	900
1151	3846	900
1711	3306	900
2622	3808	900
875	3883	900
1358	3767	900
1200	3824	900
754	3606	1000
306	3609	1000
739	3667	1000
2061	3263	1000
698	3271	1000
2781	3264	1000
1303	3848	1000
1270	3170	1000
71	3942	1000
1606	3070	1000
31	3913	1000
1751	3679	1000
29	3157	1000
1275	3666	1000
1704	3764	1000
2949	3319	1000
2318	3176	1000
2120	3744	1000
2784	3934	1000
1414	3559	1100
2766	3950	1100
2021	3910	1100
960	3434	1100
902	3253	1100
752	3787	1100
2581	3332	1100
1779	3949	1100
325	3914	1100
1695	3189	1100
2005	3122	1100
697	3133	1100
2024	3239	1100
591	3551	1100
1008	3541	1100
1045	3752	1100
2463	3535	1100
25	3140	1100
2639	3976	1100
2663	3665	1200
200	3944	1200
2685	3521	1200
2284	3099	1200
1027	3349	1200
1267	3042	1200
1005	3423	1200
479	3819	1200
758	3827	1200
1868	3727	1200
1078	3415	1200
2494	3482	1200
1507	3110	1200
2776	3978	1300
2288	3760	1300
2685	3882	1300
1380	3367	1300
1481	3931	1300
891	3321	1300
1746	3656	1300
1947	3276	1300
39	3561	1300
2602	3614	1300
2507	3598	1300
1597	3913	1300
2313	3640	1300
2731	3228	1300
1045	3984	1300
67	3591	1300
296	3680	1300
703	3505	1300
36	3523	1300
508	3063	1300
1378	3953	1300
713	3031	1400
546	3296	1400
2327	3383	1400
1721	3716	1400
1592	3669	1400
2119	3410	1400
904	3128	1400
758	3852	1400
414	3661	1400
1955	3176	1400
603	3849	1500
305	3910	1500
2712	3553	1500
391	3033	1500
2806	3134	1500
28	3562	1500
28	3200	1500
2773	3449	1500
792	3362	1500
1875	3009	1500
718	3142	1500
2366	3228	1500
1474	3731	1500
1987	3123	1500
1286	3706	1500
1837	3514	1500
1401	3830	1500
2014	3947	1500
671	3081	1500
569	3273	1500
2159	3063	1500
308	3916	1500
945	3825	1600
1975	3646	1600
110	3421	1600
2675	3334	1600
2033	3307	1600
1149	3398	1600
44	3820	1600
985	3388	1600
1590	3863	1600
1054	3158	1600
2278	3603	1600
1190	3980	1600
1108	3207	1600
1349	3481	1600
2080	3358	1600
2453	3587	1600
2575	3529	1600
780	3622	1600
1404	3323	1600
356	3718	1600
2195	3013	1600
720	3437	1700
2957	3296	1700
2828	3555	1700
411	3758	1700
1497	3893	1700
1036	3894	1700
1340	3916	1700
983	3353	1700
2661	3686	1700
2600	3333	1700
1205	3114	1700
1291	3611	1700
1802	3320	1700
777	3579	1800
64	3924	1800
1550	3994	1800
1318	3356	1800
1583	3881	1800
1247	3244	1800
2626	3116	1800
167	3159	1800
2755	3222	1800
2784	3124	1800
1091	3950	1900
1449	3978	1900
1227	3667	1900
2531	3580	1900
2561	3801	1900
1935	3782	1900
2562	3745	1900
2098	3191	1900
2333	3621	1900
1805	3573	1900
48	3372	1900
184	3258	1900
1614	3324	1900
26	3908	1900
2815	3222	1900
1227	3559	2000
212	3230	2000
1300	3741	2000
639	3371	2000
477	3450	2000
107	3853	2000
607	3156	2000
1820	3722	2000
1862	3878	2000
1683	3099	2000
2972	3629	2000
2690	3042	2000
1110	3187	2000
706	3689	2000
1606	3697	2000
2442	3706	2000
804	3834	2000
1139	3852	2000
274	3990	2000
848	3611	2000
273	3270	2000
489	3205	2000
1992	3966	2000
309	3028	2000
358	3737	2100
2503	3893	2100
897	3006	2100
736	3555	2100
746	3326	2100
2886	3551	2100
1673	3157	2100
433	3040	2100
2192	3319	2100
858	3642	2100
1868	3765	2100
2757	3663	2100
2086	3147	2100
2505	3058	2100
1724	3465	2200
1252	3720	2200
63	3780	2200
1140	3431	2200
355	3888	2200
712	3558	2200
2456	3743	2200
1529	3501	2200
2501	3129	2200
1102	3866	2200
58	3286	2300
2837	3538	2300
2294	3293	2300
2497	3098	2300
1184	3728	2300
2001	3977	2300
2433	3008	2300
2322	3290	2300
1701	3494	2300
2880	3084	2300
2512	3697	2300
1571	3451	2300
218	3874	2300
1185	3015	2400
1484	3575	2400
380	3683	2400
1661	3217	2400
637	3878	2400
1447	3337	2400
148	3714	2400
2695	3936	2400
127	3954	2400
2090	3413	2400
1123	3410	2400
2657	3329	2400
2533	3718	2400
1909	3360	2400
2380	3911	2500
2085	3143	2500
1136	3091	2500
1732	3906	2500
2374	3016	2500
1081	3109	2500
104	3052	2500
2544	3303	2500
332	3723	2500
732	3530	2500
2890	3350	2500
2247	3082	2500
128	3479	2500
1518	3212	2500
1043	3833	2500
271	3785	2600
1085	3418	2600
811	3863	2600
1533	3915	2600
362	3244	2600
1248	3446	2600
2071	3203	2600
1214	3660	2600
2669	3318	2600
2369	3749	2600
88	3055	2600
2913	3180	2700
1266	3078	2700
2824	3144	2700
1950	3723	2700
631	3034	2700
2509	3297	2700
1883	3294	2700
1751	3060	2700
1120	3067	2700
1094	3732	2700
2564	3250	2700
2845	3097	2700
615	3062	2800
2917	3532	2800
23	3056	2800
2502	3981	2800
2928	3429	2800
494	3711	2800
540	3624	2800
1778	3594	2800
2801	3531	2800
192	3678	2800
1756	3576	2800
8	3939	2800
2018	3344	2800
1857	3203	2800
1201	3254	2800
2991	3796	2800
621	3702	2800
797	3682	2800
2444	3739	2900
257	3256	2900
2462	3420	2900
476	3011	2900
1819	3132	2900
1646	3218	2900
387	3290	2900
393	3859	2900
1933	3238	2900
1990	3711	2900
260	3100	2900
54	3475	2900
437	3692	2900
1753	3974	2900
1597	3626	2900
1782	3277	2900
2174	3236	2900
292	3104	2900
1978	3408	2900
700	3252	2900
2134	3443	2900
2987	3409	3000
1813	3044	3000
685	3371	3000
828	3837	3000
652	3399	3000
1639	3051	3000
1598	3878	3000
2524	3241	3000
1822	3106	3000
1019	3007	3000
1067	3280	3000
146	3505	3000
134	3617	3000
876	3415	3000
2752	3448	3000
1311	3440	3000
1221	3419	3100
2500	3381	3100
1760	3782	3100
1956	3126	3100
851	3167	3100
1495	3800	3100
2626	3049	3100
2419	3252	3100
59	3053	3100
409	3363	3200
387	3671	3200
1777	3488	3200
333	3504	3200
1014	3914	3200
2540	3847	3200
2485	3691	3200
1986	3459	3200
955	3568	3200
2676	3484	3200
1951	3590	3200
2577	3973	3200
651	3881	3200
338	3186	3200
1944	3012	3200
2480	3212	3200
1422	3014	3200
1915	3443	3200
1730	3664	3200
1	3074	3200
1365	3993	3300
818	3190	3300
833	3316	3300
2409	3594	3300
1953	3343	3300
1126	3800	3300
2946	3823	3300
717	3374	3300
680	3057	3300
929	3899	3300
313	3593	3300
1011	3860	3300
2767	3486	3400
1904	3265	3400
2635	3132	3400
441	3928	3400
2843	3416	3400
1476	3206	3400
851	3583	3400
1910	3603	3400
1978	3531	3400
478	3937	3400
1704	3305	3400
2210	3014	3400
2184	3039	3400
1106	3761	3400
537	3434	3500
561	3152	3500
229	3599	3500
1654	3540	3500
2166	3340	3500
1494	3745	3500
481	3478	3500
611	3629	3500
2934	3388	3500
926	3228	3500
2827	3354	3500
1610	3196	3500
1265	3507	3500
1641	3358	3500
2904	3261	3500
779	3638	3500
1364	3579	3600
1552	3685	3600
1658	3952	3600
1554	3434	3600
2636	3019	3600
2100	3334	3600
1321	3376	3600
403	3283	3600
1298	3186	3600
364	3510	3600
2646	3876	3600
616	3331	3600
401	3149	3600
675	3379	3600
2276	3912	3600
2313	3693	3600
146	3846	3600
2291	3025	3600
248	3857	3600
1964	3318	3600
1090	3335	3600
2129	3759	3700
400	3310	3700
2077	3226	3700
2787	3432	3700
859	3259	3700
2812	3462	3700
1257	3487	3700
2011	3373	3700
2354	3317	3700
2603	3680	3700
1087	3793	3700
69	3161	3800
2734	3832	3800
650	3097	3800
722	3028	3800
1025	3050	3800
612	3301	3800
947	3533	3800
2125	3087	3800
1107	3167	3800
2596	3449	3800
385	3842	3800
541	3297	3800
566	3412	3800
1641	3959	3800
2861	3628	3800
2624	3612	3800
2618	3673	3800
779	3536	3800
286	3726	3900
1661	3332	3900
431	3161	3900
221	3392	3900
2982	3783	3900
2617	3274	3900
342	3346	3900
2836	3964	3900
2429	3630	3900
840	3238	3900
2901	3743	3900
823	3069	3900
185	3380	3900
1969	3984	3900
1939	3103	3900
2859	3352	3900
1501	3662	3900
1160	3318	3900
2277	3199	4000
2353	3043	4000
70	3292	4000
2670	3923	4000
2498	3605	4000
1726	3337	4000
1717	3071	4000
1173	3750	4000
2545	3785	4000
1462	3164	4000
1253	3272	4000
1068	3356	4000
2410	3885	4000
1631	3201	4000
2467	3040	4000
2778	3654	4000
1316	3900	4000
1850	3823	4000
1109	3020	4000
1508	3159	4000
2424	3751	4000
1235	3261	4000
1164	3774	4000
594	3781	4100
1555	3368	4100
1690	3328	4100
1752	3510	4100
1875	3077	4100
880	3796	4100
2481	3347	4100
45	3937	4100
1111	3440	4100
2518	3774	4100
1525	3923	4200
1747	3721	4200
885	3032	4200
1455	3209	4200
2951	3925	4200
2576	3185	4200
207	3481	4200
1320	3719	4200
2163	3120	4200
602	3525	4300
1191	3742	4300
2990	3449	4300
580	3052	4300
1761	3873	4300
1458	3206	4300
1612	3636	4300
2137	3476	4300
730	3757	4300
2227	3402	4400
782	3741	4400
2454	3301	4400
2995	3533	4400
1122	3264	4400
580	3989	4400
1312	3925	4400
2199	3873	4400
2164	3786	4400
855	3501	4400
296	3686	4400
1059	3477	4400
2274	3496	4500
2447	3720	4500
393	3889	4500
2349	3336	4500
2740	3337	4500
2608	3283	4500
2988	3512	4500
944	3858	4500
1062	3986	4500
2906	3386	4500
2381	3772	4500
1180	3179	4500
583	3700	4500
893	3440	4500
2335	3445	4600
2327	3097	4600
1634	3193	4600
1233	3052	4600
352	3369	4600
1999	3956	4600
64	3614	4600
1851	3592	4600
451	3076	4600
2556	3771	4600
2818	3610	4600
1663	3289	4600
2147	3215	4600
632	3522	4700
2106	3517	4700
2465	3094	4700
318	3519	4700
798	3123	4700
222	3214	4700
1263	3254	4700
1873	3704	4700
688	3941	4700
1836	3824	4700
38	3426	4700
1492	3943	4700
2203	3605	4800
1389	3730	4800
2165	3906	4800
2655	3779	4800
847	3504	4800
1465	3920	4800
79	3160	4800
1176	3236	4800
2270	3191	4800
173	3891	4800
1016	3391	4800
2103	3785	4900
2814	3875	4900
73	3245	4900
289	3526	4900
404	3187	4900
2852	3903	4900
1684	3855	4900
267	3455	4900
2835	3278	4900
1678	3177	4900
518	3372	4900
3	3324	4900
1009	3965	5000
1605	3982	5000
92	3321	5000
2678	3504	5000
2239	3144	5000
1910	3249	5000
1324	3384	5000
657	3833	5000
405	3736	5100
2336	3027	5100
1647	3887	5100
526	3584	5100
2829	3861	5100
2304	3380	5100
2406	3203	5100
1441	3415	5100
1332	3424	5100
302	3493	5100
534	3664	5100
195	3950	5200
380	3407	5200
86	3044	5200
1736	3730	5200
2954	3722	5200
1251	3797	5200
687	3473	5200
2671	3584	5200
1061	3772	5200
1274	3282	5200
2969	3729	5200
122	3674	5200
317	3315	5200
158	3363	5200
2805	3392	5300
1097	3428	5300
1369	3434	5300
1849	3051	5300
2912	3126	5300
1411	3956	5300
1600	3197	5300
1569	3999	5300
1711	3815	5300
2572	3169	5400
757	3882	5400
1153	3444	5400
2483	3647	5400
2378	3889	5400
240	3185	5400
2303	3773	5400
716	3211	5400
2594	3843	5400
2049	3435	5400
852	3738	5400
2027	3335	5400
2402	3749	5400
1141	3490	5500
1192	3646	5500
803	3226	5500
2091	3287	5500
1326	3403	5500
1998	3065	5500
193	3645	5500
759	3154	5500
429	3710	5500
468	3636	5500
32	3697	5500
136	3501	5500
34	3912	5500
2308	3814	5500
643	3695	5500
2706	3110	5500
2070	3615	5600
1745	3180	5600
903	3292	5600
560	3226	5600
1424	3400	5600
2059	3609	5600
321	3227	5600
750	3588	5600
1346	3719	5600
1395	3513	5600
2074	3660	5600
1453	3237	5600
536	3638	5600
1264	3021	5700
1097	3314	5700
2760	3469	5700
1179	3784	5700
210	3294	5700
853	3259	5700
1211	3581	5700
993	3393	5700
125	3002	5700
1831	3827	5700
1773	3435	5700
2567	3266	5700
2877	3280	5700
1831	3105	5700
2034	3538	5800
1375	3135	5800
281	3712	5800
1377	3232	5800
1943	3056	5800
2436	3291	5800
2358	3162	5800
1951	3792	5800
718	3740	5800
1863	3948	5800
388	3600	5800
27	3149	5800
768	3035	5800
1023	3263	5900
2214	3646	5900
1527	3715	5900
520	3474	5900
1624	3840	5900
2094	3421	5900
461	3499	5900
694	3531	5900
1321	3861	5900
2019	3980	5900
2822	3912	5900
2398	3868	5900
680	3933	5900
2823	3058	5900
87	3073	5900
1660	3124	5900
490	3020	5900
710	3165	6000
1900	3087	6000
1065	3295	6000
121	3822	6000
282	3995	6000
1621	3349	6000
1851	3892	6000
1755	3692	6000
2756	3621	6000
2138	3375	6000
518	3004	6000
888	3242	6000
883	3832	6100
1785	3303	6100
1377	3023	6100
646	3307	6100
66	3351	6100
1741	3817	6100
2509	3485	6100
1700	3703	6100
774	3390	6100
1626	3575	6100
941	3695	6200
1104	3286	6200
2867	3667	6200
958	3578	6200
2741	3420	6200
2927	3777	6200
1413	3375	6200
480	3282	6200
1016	3467	6200
2343	3966	6300
1328	3050	6300
291	3914	6300
68	3307	6300
795	3478	6300
1804	3994	6300
1042	3863	6300
2854	3187	6300
430	3154	6300
370	3642	6300
2742	3085	6300
225	3451	6300
1678	3768	6300
2573	3406	6300
1078	3813	6300
2728	3611	6300
2752	3883	6300
455	3219	6400
2186	3492	6400
2941	3474	6400
2748	3865	6400
285	3669	6400
2052	3159	6400
1982	3968	6400
182	3433	6400
1503	3219	6500
357	3589	6500
331	3411	6500
17	3361	6500
967	3780	6500
956	3924	6500
1229	3549	6500
792	3946	6500
1042	3658	6500
258	3001	6500
1046	3425	6500
1255	3423	6500
1121	3029	6500
1143	3215	6500
1373	3589	6600
1336	3468	6600
2964	3260	6600
1063	3892	6600
1903	3570	6600
2662	3937	6600
2771	3174	6600
1561	3305	6600
154	3611	6600
1623	3251	6600
2355	3681	6700
2583	3237	6700
1471	3023	6700
1708	3837	6700
1457	3845	6700
65	3996	6700
1475	3605	6700
2409	3684	6700
2870	3535	6700
1135	3979	6700
2898	3396	6700
2393	3853	6800
2729	3918	6800
2923	3584	6800
2429	3740	6800
2141	3423	6800
2724	3732	6800
1579	3159	6800
2769	3788	6800
1730	3763	6800
1132	3448	6800
1178	3411	6900
1191	3132	6900
1423	3734	6900
827	3507	6900
1348	3248	6900
1653	3231	7000
1400	3886	7000
975	3882	7000
1101	3137	7000
608	3560	7000
1709	3345	7000
314	3544	7000
2697	3085	7000
2136	3081	7000
233	3921	7000
2704	3962	7100
2717	3366	7100
1865	3930	7100
935	3449	7100
993	3330	7100
2170	3811	7100
401	3446	7100
2552	3791	7100
1288	3414	7100
528	3374	7100
672	3309	7100
1982	3896	7100
407	3569	7100
1844	3263	7200
1840	3840	7200
1843	3160	7200
366	3600	7200
1487	3382	7200
1853	3819	7200
105	3479	7200
2220	3686	7200
1044	3111	7200
242	3281	7300
2782	3847	7300
812	3522	7300
660	3975	7300
144	3974	7300
2216	3010	7300
2270	3212	7300
1854	3208	7300
16	3115	7300
420	3615	7400
1000	3151	7400
1765	3987	7400
2964	3539	7400
2635	3742	7400
52	3441	7400
655	3202	7400
1832	3451	7400
1594	3319	7400
2238	3880	7400
178	3839	7400
1379	3757	7400
778	3606	7500
1666	3164	7500
1145	3113	7500
1524	3316	7500
255	3047	7500
2667	3831	7500
38	3037	7500
1783	3253	7600
1767	3215	7600
1424	3690	7600
1361	3707	7600
2477	3019	7600
1646	3869	7600
1585	3277	7600
740	3991	7600
2956	3145	7600
2247	3732	7600
1693	3211	7600
1931	3436	7600
2114	3429	7700
2348	3243	7700
2574	3619	7700
1686	3469	7700
2446	3336	7700
1965	3503	7700
937	3484	7700
1769	3956	7700
914	3636	7700
505	3802	7700
102	3601	7700
443	3815	7700
1392	3578	7800
129	3527	7800
806	3399	7800
1455	3160	7800
2072	3077	7800
2996	3961	7800
601	3907	7800
682	3102	7900
2568	3758	7900
1777	3631	7900
1995	3780	7900
1775	3162	7900
2855	3123	7900
2266	3959	7900
785	3174	7900
2362	3274	8000
2658	3346	8000
982	3245	8000
2223	3234	8000
2491	3171	8000
564	3351	8000
315	3451	8000
674	3003	8000
911	3363	8000
412	3281	8100
1574	3891	8100
2698	3130	8100
163	3420	8100
266	3033	8100
1876	3548	8100
1294	3386	8100
2417	3269	8100
101	3648	8100
760	3168	8100
173	3439	8100
1762	3146	8200
7	3882	8200
928	3397	8200
115	3598	8200
2684	3341	8200
138	3309	8200
2200	3685	8300
1041	3005	8300
2008	3864	8300
379	3987	8300
1897	3676	8300
582	3922	8300
830	3163	8300
2692	3020	8300
2011	3147	8300
1090	3650	8300
482	3436	8300
90	3563	8300
2515	3795	8400
2583	3575	8400
2541	3747	8400
1215	3548	8400
1869	3042	8400
2725	3639	8400
1061	3890	8400
1150	3115	8400
2809	3612	8400
1589	3120	8400
2639	3436	8400
1541	3717	8500
2627	3325	8500
1572	3627	8500
1757	3931	8500
1506	3831	8500
1118	3581	8500
978	3616	8500
2372	3117	8500
1699	3041	8500
1674	3406	8500
971	3351	8600
2968	3095	8600
2303	3142	8600
1709	3487	8600
2936	3571	8600
2316	3471	8600
486	3162	8700
614	3489	8700
1575	3493	8700
2721	3781	8800
1712	3310	8800
2803	3882	8800
825	3754	8800
1698	3449	8800
117	3873	8800
1895	3189	8800
547	3185	8800
1047	3002	8800
2196	3103	8800
70	3774	8800
1645	3866	8800
2235	3966	8900
2320	3641	8900
1168	3577	8900
2286	3459	8900
1447	3403	8900
2533	3897	8900
1116	3324	8900
2122	3439	8900
1706	3027	9000
1053	3747	9000
980	3146	9000
542	3458	9000
2390	3218	9000
110	3851	9000
51	3803	9000
1548	3423	9000
593	3576	9000
2879	3492	9100
1074	3930	9100
2943	3485	9100
505	3181	9100
1559	3424	9100
2261	3945	9100
647	3774	9100
2350	3005	9200
1573	3307	9200
1114	3809	9200
1174	3608	9200
1084	3349	9200
1601	3176	9200
327	3301	9300
2704	3472	9300
1543	3602	9300
264	3713	9300
1572	3279	9300
1913	3723	9300
2337	3688	9300
1536	3844	9300
298	3501	9300
1093	3648	9300
1384	3523	9300
213	3533	9400
2792	3647	9400
2582	3602	9400
551	3556	9400
909	3526	9400
1174	3629	9400
2501	3370	9400
1523	3544	9400
562	3761	9400
2661	3680	9400
1971	3489	9400
797	3068	9400
2980	3184	9500
509	3964	9500
2206	3127	9500
798	3773	9500
2823	3772	9500
467	3112	9500
317	3515	9500
1980	3471	9500
221	3725	9600
802	3755	9600
842	3938	9600
2628	3400	9600
340	3859	9600
413	3221	9600
509	3459	9600
235	3189	9600
995	3255	9600
951	3519	9600
749	3753	9600
2475	3452	9600
1635	3829	9600
316	3887	9700
1587	3080	9700
2981	3094	9700
42	3719	9700
2356	3347	9700
1416	3979	9700
1425	3140	9700
934	3284	9700
2391	3833	9700
446	3015	9800
920	3683	9800
2115	3712	9800
2251	3249	9800
2276	3000	9800
2553	3081	9800
674	3708	9800
2373	3198	9800
2904	3022	9800
1100	3801	9900
2979	3518	9900
2231	3454	9900
155	3562	9900
2783	3326	9900
106	3790	9900
2084	3884	9900
981	3374	9900
1023	3726	10000
143	3524	10000
2875	3366	10000
1891	3619	10000
2293	3545	10000
1249	3325	10000
2341	3126	10000
1974	3210	10000
47	3777	10000
928	3530	10000
1755	3535	10000
2731	3876	10000
1459	3922	10000
1637	3502	10000
681	3927	10100
2329	3524	10100
676	3940	10100
901	3543	10100
119	3932	10200
587	3723	10200
990	3669	10200
2910	3506	10200
366	3118	10200
2068	3270	10200
2080	3959	10200
2078	3738	10200
1908	3917	10300
1682	3545	10300
1590	3699	10300
2233	3506	10300
55	3856	10300
573	3812	10300
2062	3965	10400
2093	3399	10400
2061	3321	10400
2973	3285	10400
1505	3032	10400
1417	3691	10400
2459	3677	10400
854	3229	10400
1015	3201	10400
375	3660	10400
485	3159	10400
1962	3111	10400
2289	3472	10500
2726	3987	10500
1071	3337	10500
245	3784	10500
2337	3080	10500
686	3510	10500
2835	3947	10500
2845	3799	10600
2650	3430	10600
781	3784	10600
1496	3688	10600
1151	3505	10600
153	3855	10600
2112	3027	10700
72	3348	10700
1420	3312	10700
2530	3718	10700
1847	3198	10700
1725	3226	10800
719	3970	10800
814	3404	10800
2621	3016	10800
2173	3145	10800
1955	3266	10800
818	3121	10900
2040	3223	10900
1519	3995	10900
1018	3007	10900
2457	3252	10900
2860	3505	10900
344	3675	10900
1419	3557	11000
2124	3691	11000
1339	3065	11000
2332	3090	11000
606	3105	11000
444	3424	11000
2976	3135	11100
7	3521	11100
351	3800	11100
1228	3483	11100
166	3201	11100
2279	3654	11100
2480	3829	11100
1162	3179	11100
2899	3547	11100
1835	3556	11200
471	3469	11200
2172	3271	11200
238	3767	11200
140	3053	11200
1566	3533	11300
2633	3906	11300
2171	3469	11300
2863	3276	11300
2510	3876	11300
118	3244	11300
1299	3048	11300
1743	3755	11400
6	3427	11400
615	3733	11400
460	3419	11400
1353	3336	11400
1444	3046	11400
454	3255	11400
37	3597	11400
2530	3529	11400
107	3595	11500
2971	3532	11500
819	3119	11500
2088	3563	11500
1407	3547	11500
2143	3613	11600
1330	3655	11600
230	3090	11600
684	3179	11600
231	3049	11600
211	3596	11600
2058	3637	11700
2785	3832	11700
2537	3164	11700
2302	3684	11700
702	3838	11700
2461	3147	11700
981	3611	11700
2504	3753	11700
2709	3014	11700
1399	3138	11800
941	3323	11800
598	3148	11800
1680	3385	11800
733	3711	11800
46	3776	11800
1644	3765	11800
2853	3701	11800
2197	3987	11900
169	3190	11900
2911	3656	11900
749	3765	11900
145	3387	11900
2700	3976	11900
720	3886	12000
2242	3138	12000
1056	3775	12000
1293	3418	12000
2944	3827	12000
2479	3904	12100
735	3286	12100
342	3302	12100
384	3260	12100
954	3972	12100
523	3901	12100
1278	3317	12100
1558	3927	12200
1937	3717	12200
450	3832	12200
596	3472	12200
2326	3949	12200
1372	3936	12200
707	3474	12200
1989	3397	12200
1796	3230	12300
510	3949	12300
1671	3398	12300
130	3995	12300
2117	3535	12300
973	3544	12300
1490	3563	12300
2377	3468	12300
1675	3339	12400
113	3322	12400
2393	3595	12400
2858	3593	12400
845	3683	12400
1607	3008	12400
2233	3012	12400
314	3554	12400
532	3341	12400
1296	3116	12400
1979	3739	12500
2328	3220	12500
246	3134	12500
352	3046	12500
2975	3510	12500
2948	3692	12500
294	3035	12500
1396	3317	12500
2294	3650	12500
2217	3439	12500
1893	3121	12600
788	3243	12600
595	3632	12600
2301	3598	12600
359	3225	12600
2604	3744	12600
938	3981	12700
2919	3713	12700
1806	3797	12700
2702	3809	12700
2591	3104	12700
166	3727	12700
2359	3315	12800
1899	3503	12800
289	3858	12800
2598	3691	12800
1063	3592	12800
2023	3708	12800
2542	3191	12800
1181	3993	12800
865	3028	12800
406	3355	12800
33	3754	12900
2560	3141	12900
1125	3283	12900
1539	3817	12900
1032	3328	12900
1360	3861	12900
144	3384	12900
491	3074	12900
489	3612	12900
1656	3250	12900
1307	3293	12900
1647	3618	13000
1254	3403	13000
458	3500	13000
1323	3446	13000
2977	3590	13000
2905	3112	13000
919	3355	13000
1378	3471	13000
2694	3889	13100
1260	3784	13100
592	3041	13100
421	3622	13100
959	3178	13200
442	3308	13200
2495	3946	13200
995	3530	13200
2923	3384	13200
1902	3986	13200
2842	3885	13200
1996	3788	13200
2016	3105	13200
1132	3883	13200
2893	3696	13300
2568	3606	13300
1252	3257	13300
2021	3853	13300
17	3096	13300
457	3302	13300
608	3958	13300
2309	3373	13300
2075	3165	13400
452	3911	13400
683	3646	13400
1615	3076	13400
2768	3093	13400
218	3476	13400
1235	3022	13400
1620	3563	13400
1993	3268	13400
179	3787	13500
2108	3550	13500
2065	3210	13500
349	3480	13500
2285	3872	13500
1514	3972	13500
2659	3471	13500
1952	3668	13500
446	3567	13600
2686	3676	13600
2645	3928	13600
2281	3598	13600
1794	3206	13600
77	3642	13600
702	3030	13600
617	3735	13700
1183	3006	13700
2148	3335	13700
367	3242	13700
1388	3394	13800
832	3809	13800
390	3298	13800
364	3408	13800
346	3018	13800
804	3495	13800
2684	3086	13800
1319	3266	13800
96	3988	13800
2211	3101	13800
1451	3101	13900
10	3615	13900
1986	3346	13900
63	3264	13900
2968	3214	13900
2826	3241	13900
1916	3915	13900
2382	3670	13900
1075	3269	13900
2066	3333	13900
2291	3897	13900
817	3436	13900
2506	3975	14000
2901	3213	14000
1282	3429	14100
1082	3665	14100
2190	3453	14100
1207	3491	14100
347	3246	14100
2797	3223	14100
2651	3748	14100
870	3417	14100
1728	3345	14100
2559	3191	14100
1287	3211	14100
2155	3681	14200
2760	3926	14200
610	3835	14200
2396	3608	14200
156	3658	14200
1997	3830	14200
914	3895	14200
1232	3105	14200
1243	3237	14200
1643	3887	14300
2762	3923	14300
2378	3859	14300
1584	3085	14300
569	3045	14300
1485	3717	14400
188	3291	14400
1129	3416	14400
409	3620	14500
1434	3557	14500
2686	3728	14500
2848	3611	14500
1240	3389	14500
679	3305	14500
536	3622	14500
348	3520	14500
1169	3541	14600
1075	3280	14600
2521	3922	14600
1578	3000	14600
1433	3359	14600
1387	3091	14700
170	3561	14700
1568	3108	14700
1230	3999	14700
2993	3443	14700
2997	3028	14700
692	3927	14800
517	3141	14800
1830	3998	14800
1758	3739	14800
1460	3775	14800
50	3378	14800
1408	3712	14900
2484	3784	14900
227	3116	14900
1826	3174	14900
1478	3263	15000
2691	3931	15000
1808	3351	15000
2022	3375	15000
2481	3806	15000
2283	3086	15000
2716	3315	15100
642	3769	15100
2152	3267	15100
2052	3359	15100
2932	3808	15100
2614	3887	15200
1833	3342	15200
2324	3730	15200
695	3075	15200
1177	3394	15300
1744	3754	15300
133	3940	15300
1155	3957	15300
1344	3805	15300
2769	3769	15300
1659	3900	15300
361	3749	15300
659	3430	15400
2925	3555	15400
217	3801	15400
1809	3858	15400
1186	3879	15400
776	3344	15400
1461	3527	15500
900	3521	15500
1560	3122	15500
2411	3528	15500
2134	3572	15500
2765	3083	15500
681	3496	15600
1520	3143	15600
803	3877	15600
636	3775	15600
2121	3730	15600
68	3805	15600
1282	3902	15600
540	3991	15600
2412	3568	15600
1347	3865	15600
1238	3692	15600
2813	3185	15600
576	3620	15700
2420	3268	15700
664	3276	15700
807	3454	15700
994	3042	15700
1441	3509	15700
2371	3222	15700
1546	3055	15700
2242	3407	15800
2256	3466	15800
1687	3432	15800
2806	3537	15800
625	3925	15800
1564	3202	15800
2449	3529	15800
641	3288	15800
2399	3810	15900
300	3019	15900
2307	3163	15900
93	3472	16000
1599	3400	16000
1099	3244	16000
2028	3188	16000
1349	3422	16000
838	3477	16000
2059	3256	16100
1738	3637	16100
1065	3724	16100
1371	3210	16100
2281	3272	16100
2780	3625	16100
2798	3769	16100
946	3415	16100
199	3733	16100
2790	3476	16100
1146	3725	16200
2250	3050	16200
1012	3257	16200
2973	3582	16200
2471	3401	16200
341	3815	16200
2413	3354	16300
1788	3613	16400
287	3944	16400
30	3240	16400
2965	3285	16400
922	3800	16400
2309	3324	16400
2966	3880	16400
1966	3101	16500
1957	3257	16500
1899	3453	16500
2514	3272	16500
1452	3188	16500
2248	3004	16500
2015	3140	16500
1866	3610	16500
1537	3585	16600
312	3927	16600
1485	3284	16600
1492	3657	16600
571	3107	16700
469	3274	16700
2271	3503	16700
1807	3498	16700
2012	3907	16700
1187	3701	16800
924	3233	16800
2092	3619	16800
1092	3504	16800
1472	3909	16800
417	3746	16800
459	3439	16800
1187	3951	16900
2326	3447	16900
1215	3494	16900
1289	3381	16900
860	3803	16900
1195	3809	16900
249	3060	16900
1556	3870	17000
2713	3659	17000
2188	3956	17000
2370	3853	17100
809	3255	17100
796	3483	17100
122	3815	17100
2765	3250	17200
226	3539	17300
2844	3311	17300
2280	3338	17300
2360	3493	17300
1830	3557	17400
1919	3743	17400
1700	3192	17400
1261	3313	17400
936	3993	17400
1477	3199	17400
2099	3021	17500
1788	3134	17500
301	3820	17500
2885	3213	17500
904	3090	17500
1792	3934	17500
1212	3380	17600
1397	3668	17600
1022	3371	17700
970	3107	17700
2865	3766	17700
239	3325	17700
1435	3386	17700
187	3933	17700
1480	3045	17700
1546	3101	17700
1315	3089	17800
1925	3847	17800
2447	3017	17800
319	3593	17900
2570	3737	17900
839	3199	17900
2681	3449	17900
268	3255	17900
2194	3330	17900
582	3106	17900
1563	3129	17900
1105	3866	17900
1241	3751	17900
1716	3798	18000
1123	3791	18000
1858	3823	18000
1302	3766	18100
1784	3274	18100
2094	3851	18100
555	3422	18100
1664	3921	18100
549	3116	18100
2735	3089	18200
824	3156	18200
2841	3971	18200
664	3867	18200
1234	3095	18200
243	3267	18200
744	3666	18200
1812	3079	18200
2368	3115	18200
1489	3239	18300
2095	3417	18300
251	3481	18300
767	3934	18300
2260	3664	18300
775	3610	18300
2653	3583	18400
131	3441	18400
2403	3708	18400
1379	3115	18400
62	3999	18500
2504	3666	18500
198	3067	18500
2139	3135	18600
2592	3141	18600
1737	3023	18600
2306	3158	18600
328	3856	18600
1582	3755	18700
787	3609	18700
2361	3339	18700
1599	3690	18700
728	3216	18700
822	3171	18700
175	3999	18700
1284	3807	18700
658	3402	18800
1502	3781	18800
1198	3175	18800
1111	3178	18800
1526	3935	18800
123	3552	18800
2434	3400	18900
2048	3608	18900
1019	3916	18900
2110	3104	18900
630	3682	18900
2266	3972	19000
1781	3262	19000
1892	3216	19100
1054	3194	19100
2938	3538	19200
301	3304	19200
2040	3026	19200
1128	3645	19200
2076	3225	19200
2851	3834	19200
2787	3871	19300
1650	3970	19300
1625	3705	19300
2202	3835	19300
408	3969	19300
984	3320	19300
2541	3054	19400
2144	3696	19400
150	3072	19400
325	3557	19400
2340	3821	19400
769	3480	19400
570	3086	19400
1308	3063	19400
912	3233	19500
742	3492	19500
299	3337	19500
966	3084	19500
1936	3455	19500
2116	3284	19500
2610	3997	19500
2264	3613	19600
1014	3131	19600
1763	3983	19600
1872	3771	19600
2703	3675	19600
535	3730	19700
1429	3828	19700
1616	3593	19800
1098	3923	19800
258	3379	19800
1971	3543	19800
2777	3641	19900
2741	3926	19900
2797	3026	19900
1550	3408	19900
1026	3471	19900
420	3533	20000
1362	3638	20000
1152	3871	20000
1524	3244	20000
1668	3412	20000
1987	3773	20000
1021	3922	20000
1385	3116	20000
1723	3571	20000
1306	3589	20000
2319	3230	20100
415	3789	20100
2746	3438	20100
650	3799	20200
1874	3195	20200
799	3159	20200
521	3405	20200
1616	3755	20300
750	3395	20300
189	3829	20300
1715	3419	20400
2640	3896	20400
2882	3236	20500
208	3564	20500
1882	3990	20500
1649	3999	20500
372	3424	20500
507	3266	20500
1395	3604	20600
1030	3061	20700
2605	3137	20700
2187	3969	20700
1374	3803	20700
1366	3484	20700
2427	3412	20700
1144	3506	20700
1241	3442	20700
1824	3675	20700
2077	3217	20800
999	3332	20800
1083	3058	20800
343	3849	20900
1327	3274	20900
1818	3232	20900
19	3706	20900
1060	3435	20900
452	3102	21000
2625	3367	21000
2772	3879	21000
386	3182	21000
2235	3886	21100
633	3565	21100
1236	3878	21100
297	3364	21100
1624	3820	21100
691	3378	21100
1621	3170	21100
1139	3827	21100
873	3653	21200
646	3072	21200
1865	3909	21200
1912	3699	21200
730	3812	21200
2246	3321	21300
1440	3996	21300
1347	3711	21300
1210	3571	21300
341	3306	21300
1408	3265	21400
622	3607	21400
2442	3079	21400
2079	3330	21400
1003	3327	21400
1056	3516	21500
605	3546	21500
2532	3917	21600
2668	3593	21600
1159	3362	21600
263	3776	21600
41	3410	21700
52	3661	21700
1959	3000	21700
1050	3305	21700
2302	3594	21800
933	3009	21800
2556	3373	21800
1815	3596	21800
484	3150	21900
1137	3192	21900
2584	3890	21900
501	3685	21900
2460	3606	22000
1549	3131	22000
108	3338	22000
2299	3165	22100
1867	3893	22100
690	3211	22100
2265	3741	22200
281	3755	22200
1410	3000	22200
1058	3163	22200
517	3716	22300
2025	3120	22300
2629	3240	22400
1752	3379	22400
2512	3070	22400
1399	3407	22500
1860	3295	22500
2534	3377	22500
246	3690	22500
1535	3990	22500
2607	3939	22500
1906	3808	22500
1720	3783	22600
2421	3366	22600
2478	3462	22600
2005	3200	22700
2009	3353	22700
2226	3120	22700
449	3945	22700
1208	3566	22800
4	3115	22800
2926	3525	22900
2458	3512	22900
108	3975	22900
2297	3749	22900
487	3603	23000
2396	3629	23000
31	3626	23000
1351	3774	23000
1284	3708	23000
2612	3204	23100
2627	3542	23100
13	3430	23100
148	3119	23100
667	3104	23100
485	3387	23100
930	3301	23200
2237	3606	23200
2831	3098	23200
2156	3517	23200
628	3214	23200
493	3735	23300
2083	3175	23300
2466	3073	23300
188	3877	23400
2788	3139	23400
1608	3709	23400
414	3441	23400
1972	3025	23400
2263	3180	23500
1286	3236	23500
2035	3542	23600
2183	3473	23600
1121	3280	23600
854	3786	23600
462	3880	23600
991	3125	23600
223	3169	23700
1431	3779	23700
915	3973	23700
1960	3468	23700
1231	3490	23800
2063	3858	23800
94	3934	23800
2205	3673	23800
2257	3125	23900
1152	3087	23900
132	3238	23900
554	3630	23900
2452	3709	23900
365	3352	23900
262	3199	24000
1975	3340	24000
611	3608	24000
1533	3408	24000
686	3060	24000
1852	3070	24000
1514	3358	24000
1146	3767	24100
2399	3091	24200
908	3348	24200
2952	3534	24200
894	3801	24200
2551	3947	24200
531	3250	24200
1239	3754	24300
2153	3059	24300
1344	3307	24300
2942	3723	24300
433	3508	24300
1759	3597	24300
448	3282	24300
1954	3629	24400
2415	3865	24400
2451	3010	24400
2719	3695	24500
2595	3432	24500
1161	3632	24500
2940	3259	24500
1863	3094	24500
321	3561	24500
227	3697	24500
2711	3015	24600
1072	3059	24600
419	3905	24600
714	3844	24600
1277	3985	24600
265	3715	24700
519	3144	24700
976	3651	24800
2272	3348	24800
1961	3103	24800
2642	3515	24800
842	3342	24900
2203	3183	24900
2595	3998	24900
2703	3927	24900
1004	3015	25000
2641	3311	25000
2473	3456	25000
1298	3863	25000
2994	3256	25100
532	3086	25100
2700	3585	25100
2137	3055	25100
2437	3458	25200
239	3096	25200
937	3604	25200
1657	3229	25200
1163	3830	25300
2213	3911	25400
829	3923	25400
761	3969	25400
383	3689	25400
2527	3147	25400
2056	3251	25400
2962	3247	25500
1710	3018	25500
2243	3590	25500
2788	3564	25500
2798	3147	25500
2388	3470	25600
1392	3285	25600
2126	3164	25600
2488	3417	25600
2434	3217	25700
2314	3240	25700
2301	3840	25700
1544	3189	25700
675	3001	25700
2345	3083	25700
745	3502	25700
97	3050	25800
1739	3371	25800
1070	3279	25800
276	3691	25800
890	3898	25800
1383	3558	25800
2552	3769	25800
992	3424	25900
2638	3762	25900
1841	3252	25900
2550	3641	26000
2218	3608	26000
1772	3270	26000
2527	3788	26000
597	3702	26000
2162	3034	26100
1705	3473	26100
932	3418	26100
886	3122	26100
1118	3139	26100
1795	3868	26100
1077	3353	26100
1927	3377	26200
1281	3299	26200
1957	3287	26200
896	3473	26200
442	3416	26200
1603	3296	26300
2747	3783	26400
2763	3460	26500
2887	3938	26500
2955	3826	26500
5	3948	26500
1521	3191	26500
1618	3359	26500
220	3763	26500
1362	3536	26600
2041	3555	26600
819	3385	26600
660	3338	26600
56	3614	26600
1511	3863	26600
2030	3406	26600
369	3013	26700
2811	3539	26700
161	3781	26700
2570	3589	26800
466	3992	26800
2296	3437	26900
495	3694	26900
2415	3770	26900
2931	3416	26900
2345	3266	27000
701	3702	27000
585	3302	27100
578	3237	27100
257	3698	27200
2903	3929	27200
992	3967	27200
2755	3839	27200
977	3496	27300
736	3299	27300
523	3574	27300
2636	3582	27400
1418	3456	27400
2251	3603	27400
1684	3012	27400
699	3168	27400
2253	3463	27400
2864	3667	27500
1010	3542	27500
2179	3797	27500
1233	3989	27500
437	3048	27500
1756	3365	27500
1204	3814	27500
303	3335	27500
1866	3433	27500
602	3051	27600
1820	3369	27600
81	3481	27600
1301	3329	27600
2505	3389	27600
1203	3988	27600
2660	3835	27700
1741	3800	27700
693	3341	27700
2586	3580	27800
1714	3522	27800
1538	3635	27800
2600	3035	27800
430	3066	27900
1693	3057	27900
1033	3633	28000
1024	3938	28100
2295	3100	28100
2029	3986	28100
1170	3743	28100
241	3511	28100
2186	3220	28200
27	3446	28200
236	3718	28200
306	3091	28300
707	3797	28300
2554	3010	28300
23	3733	28400
2364	3172	28400
2851	3298	28400
1969	3752	28400
1290	3486	28500
2390	3731	28500
2846	3353	28500
261	3651	28600
1469	3340	28600
277	3114	28600
889	3852	28700
236	3643	28700
1357	3883	28700
1098	3593	28800
913	3150	28800
2566	3537	28800
145	3896	28800
2682	3496	28900
741	3633	28900
677	3455	28900
1391	3116	28900
2036	3675	28900
74	3334	29000
1566	3496	29100
2044	3671	29100
1913	3304	29100
2942	3804	29100
741	3316	29100
336	3260	29200
2816	3805	29200
2918	3570	29200
1670	3043	29300
326	3737	29300
2758	3183	29300
715	3173	29300
2793	3527	29400
2108	3631	29400
49	3279	29400
831	3782	29400
481	3549	29400
1188	3792	29400
1268	3636	29400
696	3890	29400
162	3262	29400
288	3736	29500
2013	3571	29500
2268	3248	29600
1539	3209	29600
1968	3960	29600
97	3715	29700
2605	3368	29700
1564	3623	29700
2010	3543	29700
465	3300	29700
1437	3533	29800
1689	3905	29800
2868	3792	29800
2201	3352	29800
2486	3275	29900
589	3659	29900
791	3497	29900
641	3628	29900
2526	3421	30000
1131	3206	30000
120	3046	30000
726	3264	30000
857	3916	30000
530	3746	30000
1748	3717	30100
124	3939	30100
1283	3460	30200
197	3308	30200
1350	3475	30200
2413	3139	30200
2708	3448	30200
2497	3837	30300
1124	3509	30300
1309	3312	30300
1573	3805	30400
751	3803	30400
2347	3960	30400
377	3677	30400
627	3654	30500
704	3299	30600
2569	3435	30600
1929	3457	30700
1825	3468	30700
2804	3695	30700
1588	3641	30700
2328	3492	30800
2764	3818	30800
1225	3681	30800
943	3721	30800
294	3704	30800
250	3881	30900
1828	3729	31000
2357	3038	31000
1439	3713	31000
734	3334	31000
2245	3382	31000
2654	3662	31000
458	3614	31100
772	3953	31100
1333	3063	31100
974	3457	31200
2664	3178	31300
1493	3109	31300
1407	3520	31300
576	3363	31400
1430	3962	31400
539	3310	31400
2744	3705	31400
1923	3530	31400
1998	3395	31400
1200	3438	31400
2960	3271	31500
1655	3388	31500
1837	3816	31500
456	3864	31600
2834	3804	31600
955	3500	31600
717	3762	31700
875	3448	31700
498	3883	31700
929	3612	31800
1797	3031	31900
2992	3820	31900
2821	3954	31900
2221	3608	32000
593	3365	32000
1469	3245	32100
55	3622	32100
1185	3457	32200
873	3832	32200
2659	3862	32200
40	3691	32300
1100	3522	32300
147	3455	32300
1442	3891	32400
590	3109	32400
1688	3459	32400
1209	3241	32400
574	3544	32400
2498	3183	32500
885	3578	32500
1823	3106	32500
225	3896	32500
1860	3724	32600
2584	3772	32600
1929	3700	32700
2609	3482	32700
2431	3002	32900
2081	3103	32900
1789	3439	33000
2305	3828	33000
1306	3737	33100
1024	3504	33100
2789	3835	33100
826	3645	33100
1246	3937	33100
2098	3979	33100
1567	3463	33100
1687	3998	33200
1052	3609	33200
2830	3232	33200
2407	3748	33200
2696	3890	33200
206	3979	33200
755	3064	33200
103	3552	33300
2366	3462	33300
871	3344	33300
2543	3945	33400
83	3615	33400
245	3474	33400
820	3792	33400
21	3815	33400
940	3168	33400
2531	3998	33500
2599	3308	33500
584	3195	33500
773	3806	33500
443	3306	33500
661	3399	33600
2881	3194	33600
773	3179	33600
1341	3195	33700
2007	3876	33700
2658	3113	33800
229	3715	33900
41	3446	34000
1604	3123	34000
2424	3442	34000
182	3610	34000
1458	3624	34100
2441	3379	34100
2037	3192	34100
1335	3536	34200
1670	3992	34200
1154	3738	34200
2526	3519	34300
2691	3826	34400
2665	3812	34400
1896	3372	34400
1530	3248	34500
2144	3062	34500
1153	3778	34500
1464	3859	34500
2941	3797	34500
2283	3868	34500
1145	3464	34700
2255	3946	34700
656	3994	34800
1464	3566	34900
1412	3968	34900
1258	3178	35000
402	3957	35000
1273	3081	35000
90	3074	35000
1434	3008	35100
800	3928	35100
816	3480	35100
2999	3998	35200
426	3196	35200
318	3234	35300
2258	3499	35300
445	3478	35300
2580	3222	35300
2311	3737	35400
2153	3770	35400
1656	3083	35400
1403	3538	35500
2536	3121	35500
2386	3988	35500
2087	3759	35600
2630	3537	35700
1753	3954	35700
2915	3511	35700
1904	3246	35800
163	3926	35800
2965	3582	35800
192	3790	35800
565	3081	35800
1322	3111	35800
309	3853	35900
2166	3245	35900
1629	3529	35900
1985	3437	35900
654	3808	35900
600	3107	36000
2718	3898	36000
2189	3560	36000
545	3798	36000
1039	3811	36000
479	3328	36000
747	3036	36000
2333	3003	36100
1406	3668	36100
867	3153	36100
1333	3988	36100
465	3292	36100
1593	3934	36100
2920	3790	36200
374	3934	36200
1551	3156	36300
1973	3251	36300
1049	3098	36300
447	3474	36400
1778	3684	36400
933	3077	36400
375	3708	36400
529	3493	36400
2632	3747	36500
2548	3460	36500
283	3527	36500
1605	3322	36600
1531	3284	36600
2158	3683	36600
1373	3729	36700
78	3721	36700
709	3734	36700
1178	3281	36800
626	3239	36800
159	3963	36900
1881	3414	36900
2375	3526	37000
2441	3510	37000
1213	3860	37100
1729	3152	37200
1549	3914	37200
1959	3191	37200
1386	3573	37200
800	3659	37300
2412	3500	37300
2418	3412	37300
1611	3176	37300
2271	3847	37400
1295	3565	37500
2414	3550	37500
1071	3924	37500
822	3378	37500
823	3093	37500
2379	3128	37500
837	3105	37500
2649	3598	37600
353	3753	37600
2986	3226	37700
2694	3859	37700
486	3484	37800
1942	3734	37800
1981	3396	37800
1297	3851	37900
1580	3801	38200
2979	3131	38300
2929	3556	38300
372	3967	38300
1277	3617	38300
1405	3810	38400
1037	3246	38400
2586	3071	38400
810	3388	38400
1994	3833	38400
563	3832	38500
1676	3565	38500
1527	3050	38600
57	3023	38700
2564	3083	38700
2816	3584	38800
276	3926	38800
2054	3052	38800
125	3890	38800
2603	3686	38800
2017	3413	38900
2448	3543	38900
231	3181	38900
394	3650	38900
1632	3977	39000
78	3707	39000
441	3714	39000
1397	3907	39000
1565	3742	39100
645	3848	39100
259	3626	39100
2560	3716	39200
2033	3805	39200
275	3197	39200
662	3747	39300
36	3808	39300
1681	3183	39400
2585	3156	39400
1872	3455	39400
2665	3181	39400
244	3531	39500
2373	3762	39500
270	3222	39500
2397	3281	39600
1491	3141	39600
1456	3496	39600
2799	3299	39600
2129	3524	39700
2820	3966	39800
968	3835	39800
923	3302	39800
545	3885	39800
1996	3147	39800
1382	3409	39900
1167	3602	40000
53	3237	40000
2981	3948	40000
552	3431	40000
2978	3814	40000
1147	3729	40100
788	3599	40100
1337	3487	40100
116	3704	40100
2053	3493	40100
2146	3618	40200
290	3627	40300
1299	3192	40300
2819	3138	40400
2891	3151	40400
5	3195	40400
1323	3149	40400
2711	3457	40500
2230	3275	40500
2779	3345	40500
2637	3312	40500
189	3979	40500
337	3341	40500
1991	3254	40500
1337	3241	40600
1093	3636	40600
482	3650	40600
525	3839	40600
1051	3681	40700
737	3920	40700
422	3479	40700
1964	3182	40700
522	3274	40800
567	3987	40900
1634	3459	40900
2304	3207	40900
2287	3333	40900
371	3966	41000
240	3133	41000
1343	3229	41000
2989	3433	41100
2850	3377	41100
2959	3122	41100
1222	3527	41200
1094	3672	41200
134	3807	41300
794	3883	41300
2550	3767	41400
734	3304	41400
1440	3705	41400
514	3939	41400
1446	3698	41400
2478	3228	41500
1287	3841	41500
303	3211	41500
169	3121	41600
2149	3456	41600
116	3035	41600
354	3390	41600
2154	3039	41600
2748	3770	41700
2003	3102	41700
1426	3672	41800
3	3829	41800
48	3004	41800
238	3641	41900
1713	3801	42000
1808	3969	42000
2384	3777	42000
1771	3507	42000
957	3398	42100
1166	3211	42100
1993	3634	42200
492	3078	42200
1354	3433	42300
256	3465	42300
49	3627	42300
1953	3196	42400
170	3227	42500
2389	3717	42600
2997	3853	42600
265	3599	42600
278	3660	42600
365	3650	42600
2864	3352	42700
1543	3275	42700
619	3460	42700
2254	3955	42700
513	3748	42800
410	3963	42800
32	3070	42800
963	3639	42800
2472	3360	42800
2852	3408	42900
2589	3489	42900
2502	3962	43000
220	3718	43000
1096	3835	43100
2055	3581	43100
416	3586	43100
784	3286	43200
1977	3168	43200
1531	3976	43300
2844	3949	43300
2944	3772	43300
1216	3802	43300
2273	3456	43400
2344	3912	43400
678	3033	43500
2879	3550	43500
748	3954	43500
1013	3708	43500
2221	3889	43600
834	3620	43600
2669	3083	43600
1355	3399	43700
208	3139	43700
2856	3796	43700
528	3762	43700
1053	3054	43800
1049	3440	43800
1262	3540	43800
1450	3395	43800
498	3953	43800
583	3457	43800
2623	3068	43900
1992	3450	44000
1702	3536	44000
440	3325	44000
2229	3763	44000
1537	3976	44100
553	3615	44100
1088	3230	44100
1717	3580	44100
733	3971	44100
2723	3993	44100
2316	3862	44100
2401	3199	44200
2885	3117	44200
2104	3959	44300
131	3661	44300
392	3155	44300
271	3027	44400
230	3791	44400
738	3216	44500
471	3522	44500
808	3550	44500
1022	3667	44600
1066	3230	44600
2950	3399	44600
0	3693	44600
2624	3205	44600
326	3938	44700
2790	3874	44700
801	3309	44700
1103	3810	44800
756	3232	44800
1074	3909	44800
1840	3598	44800
1718	3525	44900
1676	3184	44900
2701	3929	44900
2101	3583	44900
168	3127	44900
1029	3450	45000
2759	3011	45100
1160	3083	45100
2588	3911	45200
1245	3137	45300
1787	3894	45300
2558	3590	45300
2907	3058	45300
2717	3006	45400
2278	3249	45400
1480	3103	45400
2654	3166	45400
135	3136	45400
1691	3638	45400
2588	3450	45500
2739	3234	45500
1001	3391	45500
2114	3078	45600
165	3084	45600
1006	3057	45600
1087	3810	45700
2758	3605	45700
635	3692	45700
1696	3772	45700
1409	3023	45800
2577	3711	45800
428	3872	45800
2312	3553	45900
1070	3627	46000
2756	3082	46000
22	3162	46100
1890	3953	46200
1976	3432	46200
1190	3483	46200
1918	3149	46200
699	3212	46200
763	3747	46300
1894	3366	46300
280	3878	46300
1960	3502	46400
1888	3373	46400
1893	3190	46500
1305	3135	46600
916	3858	46600
337	3529	46600
102	3993	46600
1810	3601	46600
1554	3411	46700
1450	3065	46700
640	3526	46700
340	3889	46800
2	3755	46900
1967	3233	46900
1297	3421	46900
609	3409	47000
1576	3107	47000
1474	3920	47000
2962	3965	47100
550	3359	47100
2180	3927	47200
2273	3196	47200
267	3771	47200
356	3763	47200
344	3251	47300
1938	3472	47300
1587	3688	47300
1131	3989	47300
1732	3392	47400
2293	3418	47400
123	3110	47400
2169	3585	47500
665	3614	47500
357	3729	47600
2883	3788	47600
524	3657	47700
1861	3938	47700
2329	3759	47700
2593	3894	47700
2551	3278	47700
1885	3857	47700
1491	3716	47800
2190	3503	47800
2733	3652	47800
794	3448	47800
1861	3490	47900
2259	3033	48000
1963	3162	48000
1352	3702	48000
595	3595	48100
176	3805	48100
666	3690	48200
2135	3295	48300
2966	3309	48300
1754	3051	48400
572	3090	48400
2894	3945	48500
572	3762	48500
1416	3648	48500
111	3962	48600
588	3352	48700
821	3096	48700
468	3648	48700
1020	3746	48700
2672	3681	48800
290	3687	48800
2236	3227	48800
986	3018	48800
1345	3861	48900
328	3443	48900
708	3344	49000
1553	3235	49000
1685	3622	49000
1218	3321	49100
2362	3051	49100
2770	3665	49100
84	3271	49200
833	3095	49200
844	3721	49300
2861	3288	49300
1475	3183	49400
75	3071	49400
1339	3395	49400
850	3850	49400
1135	3829	49400
1988	3668	49400
1988	3702	49400
2924	3908	49500
1405	3091	49500
531	3301	49500
663	3572	49500
1588	3767	49600
1128	3260	49600
1532	3798	49600
228	3030	49600
1821	3700	49600
2237	3758	49700
902	3893	49700
1633	3019	49700
623	3953	49700
302	3899	49700
1080	3610	49800
2437	3419	49800
2349	3121	49800
2959	3200	49800
425	3272	49800
2761	3070	49800
1941	3523	49800
488	3690	49900
487	3249	49900
1206	3065	49900
1499	3023	50000
1721	3618	50000
2785	3653	50000
2286	3349	50000
1275	3093	50000
417	3055	50000
1483	3594	50100
2403	3660	50100
1534	3107	50200
1726	3403	50200
1962	3939	50200
2840	3602	50300
2132	3180	50300
697	3185	50300
1596	3378	50300
1454	3597	50300
780	3641	50400
1528	3243	50400
511	3818	50400
849	3193	50400
363	3546	50400
1376	3961	50400
2280	3975	50500
484	3618	50600
2917	3367	50600
2341	3087	50600
2651	3865	50600
1502	3596	50600
913	3618	50700
1172	3286	50700
2394	3441	50800
2389	3180	50900
1703	3465	50900
1479	3447	50900
2199	3803	50900
2465	3948	51000
1940	3907	51000
2895	3589	51100
2630	3826	51100
1338	3982	51200
1029	3966	51200
967	3534	51200
2472	3862	51200
2900	3757	51200
1189	3969	51300
2376	3460	51400
284	3930	51400
1304	3639	51400
2338	3766	51500
1925	3526	51500
503	3033	51600
760	3585	51600
316	3618	51700
1226	3745	51700
2673	3694	51700
1759	3703	51700
2138	3081	51700
711	3458	51800
2683	3199	51900
2001	3502	51900
2374	3337	51900
2601	3619	51900
194	3157	51900
864	3389	51900
1807	3824	51900
2223	3519	52000
46	3207	52000
2955	3931	52100
694	3669	52100
1575	3810	52100
2067	3153	52200
1472	3930	52200
1307	3860	52300
1763	3843	52300
330	3515	52300
2555	3923	52400
825	3450	52400
2824	3061	52400
2254	3029	52400
89	3707	52500
1295	3184	52500
72	3713	52500
2736	3061	52500
1924	3586	52500
2079	3393	52500
963	3163	52500
2234	3289	52600
2515	3577	52600
411	3550	52600
1701	3548	52600
2897	3913	52600
147	3357	52600
2420	3634	52700
1064	3460	52800
439	3304	52900
1084	3170	52900
2348	3599	53000
1785	3314	53100
104	3687	53100
2961	3592	53100
2947	3296	53200
2089	3243	53200
1133	3964	53200
1577	3090	53200
1370	3718	53200
2647	3281	53200
786	3107	53300
2549	3658	53300
463	3175	53400
1073	3186	53400
1740	3689	53400
2587	3057	53400
253	3542	53500
1170	3773	53500
2647	3907	53500
2012	3899	53500
171	3078	53600
1317	3760	53600
719	3578	53600
740	3652	53600
2113	3798	53600
2397	3471	53600
212	3559	53700
2128	3146	53700
899	3051	53700
2677	3942	53700
392	3074	53700
1412	3668	53700
1691	3536	53700
109	3385	53800
2874	3699	53800
1357	3318	53800
99	3897	53800
1239	3450	53900
1680	3659	53900
2240	3878	53900
2325	3297	53900
2307	3341	53900
2817	3215	54000
313	3339	54000
1847	3762	54000
1050	3112	54000
1507	3682	54000
142	3993	54100
2256	3902	54100
2774	3973	54100
1628	3315	54100
1394	3092	54100
952	3579	54200
2126	3889	54200
139	3803	54200
1234	3316	54200
1586	3386	54200
2315	3106	54200
979	3660	54200
2825	3437	54200
474	3259	54300
457	3238	54300
2616	3039	54300
2895	3729	54300
727	3289	54300
1314	3246	54400
1878	3799	54400
475	3323	54400
95	3200	54400
1245	3368	54400
2379	3689	54400
1000	3454	54500
1836	3438	54500
1225	3044	54600
2890	3551	54600
43	3297	54600
579	3912	54600
1952	3968	54600
1221	3011	54700
1496	3080	54700
2994	3609	54800
1874	3924	54800
1351	3438	54800
591	3350	54900
1058	3000	54900
864	3181	54900
2368	3702	54900
2359	3610	55000
2592	3716	55000
931	3730	55000
1614	3000	55000
708	3309	55000
1292	3961	55000
2146	3886	55100
2446	3537	55100
1486	3692	55100
789	3601	55100
2234	3563	55200
2277	3434	55200
1493	3996	55200
1698	3603	55200
447	3362	55200
336	3645	55200
1205	3269	55200
101	3309	55200
1790	3956	55300
2638	3374	55300
1884	3674	55400
266	3054	55400
1650	3027	55400
665	3924	55400
737	3731	55400
868	3133	55400
743	3301	55500
2546	3343	55500
1637	3757	55600
2525	3016	55600
76	3346	55600
2228	3451	55600
1393	3352	55600
323	3668	55600
2053	3208	55600
772	3448	55700
2969	3749	55700
1091	3887	55700
1142	3540	55700
2876	3043	55700
2644	3050	55800
2916	3310	55800
620	3782	55800
1506	3960	55800
653	3180	55900
2730	3164	55900
2044	3290	55900
2347	3831	55900
837	3389	55900
455	3620	56000
2075	3143	56000
2608	3021	56000
1431	3464	56000
2961	3892	56000
1905	3506	56000
2191	3482	56100
427	3266	56100
1231	3566	56100
1540	3089	56100
2698	3286	56100
2739	3929	56100
2331	3132	56100
76	3302	56100
205	3773	56100
2640	3387	56100
2060	3247	56200
2680	3054	56200
2145	3434	56200
882	3143	56300
2430	3010	56300
1512	3912	56300
434	3596	56300
1435	3167	56400
1398	3558	56400
1518	3591	56400
1001	3467	56500
527	3214	56500
1886	3306	56500
2369	3700	56500
1813	3143	56600
2722	3038	56600
473	3909	56600
383	3128	56600
2833	3436	56700
347	3421	56700
39	3239	56700
1855	3910	56800
791	3356	56800
1516	3972	56800
1948	3058	56800
1262	3013	56900
2928	3902	56900
2986	3217	56900
373	3516	56900
2135	3724	56900
2054	3989	56900
1107	3173	56900
1467	3305	56900
2026	3231	57000
912	3038	57000
299	3524	57000
2768	3069	57000
2539	3143	57100
242	3907	57100
2679	3750	57100
2238	3201	57100
962	3842	57200
1438	3177	57200
2066	3024	57200
861	3414	57300
1802	3455	57300
462	3650	57300
621	3208	57300
2666	3694	57400
1827	3172	57400
1973	3064	57400
361	3457	57400
1356	3870	57500
682	3911	57500
2008	3538	57500
1779	3311	57500
1811	3304	57500
2248	3372	57500
2792	3490	57600
66	3244	57600
559	3157	57600
2811	3488	57700
2476	3232	57700
2317	3472	57800
1767	3479	57800
997	3919	57800
1183	3325	57800
2926	3754	57800
272	3956	57800
2039	3359	57800
219	3394	57900
333	3716	57900
2612	3400	57900
1198	3445	57900
585	3193	57900
2939	3960	57900
141	3839	58000
781	3016	58000
687	3109	58000
1360	3376	58000
834	3363	58100
65	3705	58100
413	3779	58100
384	3539	58100
330	3315	58100
1545	3908	58200
900	3882	58200
915	3949	58200
1224	3431	58200
2407	3884	58200
1513	3239	58200
579	3229	58200
1569	3764	58200
2761	3697	58200
1810	3315	58200
2262	3445	58300
2807	3851	58300
905	3539	58300
2557	3581	58400
2352	3986	58400
944	3503	58500
1519	3075	58500
668	3848	58500
2124	3260	58500
677	3324	58500
2840	3275	58600
2863	3867	58600
2006	3677	58600
920	3372	58700
40	3420	58700
2655	3221	58700
1734	3508	58700
2372	3213	58700
1845	3007	58700
623	3250	58700
21	3644	58800
2489	3675	58800
581	3839	58800
237	3132	58800
1799	3325	58800
91	3260	58800
2688	3763	58800
2031	3461	58900
283	3810	59000
1072	3770	59000
2103	3377	59000
1877	3350	59000
1644	3857	59000
2869	3735	59100
991	3402	59100
2034	3864	59100
1034	3161	59100
1420	3359	59100
2099	3283	59200
848	3979	59200
721	3140	59300
2211	3427	59300
2990	3918	59300
186	3677	59300
354	3601	59300
614	3323	59300
670	3169	59400
304	3371	59400
1148	3583	59400
2815	3839	59400
544	3036	59400
2767	3482	59500
648	3044	59500
477	3525	59500
1557	3283	59500
2171	3492	59600
1188	3484	59600
2119	3590	59600
1059	3155	59600
2714	3846	59700
2043	3911	59700
1414	3230	59700
782	3339	59700
2679	3366	59700
778	3758	59700
2241	3895	59700
2148	3293	59700
476	3220	59800
2435	3717	59800
1956	3046	59800
956	3380	59800
1898	3224	59800
644	3711	59800
2710	3857	59800
1426	3003	59800
2680	3747	59900
1930	3527	59900
2479	3015	59900
2565	3256	59900
1914	3326	59900
1322	3515	59900
1940	3899	59900
323	3181	60000
525	3058	60000
2705	3419	60100
1643	3950	60100
2809	3439	60100
1258	3833	60100
512	3152	60100
2713	3714	60100
1318	3497	60100
587	3920	60200
494	3971	60200
1370	3664	60200
1974	3240	60300
1488	3584	60300
2836	3272	60300
1947	3867	60300
2754	3197	60400
1113	3441	60400
581	3215	60400
617	3685	60500
2288	3054	60500
1923	3299	60500
1327	3259	60500
2117	3267	60500
1669	3348	60600
1482	3072	60600
516	3343	60600
1285	3987	60700
2082	3811	60700
1552	3181	60800
1040	3736	60800
2759	3902	60800
2486	3135	60800
1768	3470	60800
832	3562	60800
895	3487	60800
1649	3885	60800
1113	3961	60800
2205	3736	60900
601	3793	60900
1427	3649	60900
1722	3321	60900
1264	3283	60900
1363	3928	60900
2558	3410	60900
2892	3830	60900
1890	3250	60900
1896	3004	61000
2701	3519	61000
795	3811	61000
695	3915	61000
1348	3437	61000
2587	3961	61000
1219	3153	61100
763	3781	61100
2219	3891	61100
1272	3605	61100
334	3779	61100
2049	3313	61100
2725	3862	61100
2705	3039	61200
339	3219	61200
1338	3400	61200
1633	3742	61200
820	3677	61200
827	3597	61200
2683	3585	61300
195	3793	61300
546	3609	61300
1873	3035	61300
573	3025	61300
2625	3847	61400
2416	3935	61400
1816	3458	61500
553	3165	61500
493	3685	61500
2460	3502	61500
2614	3904	61500
1757	3826	61500
260	3854	61500
1027	3170	61500
1715	3342	61600
2036	3251	61600
802	3486	61600
548	3172	61600
1772	3103	61600
1545	3175	61700
1825	3700	61700
1280	3619	61700
2830	3714	61700
2487	3330	61700
1206	3395	61700
1255	3075	61700
972	3795	61800
2909	3291	61800
2179	3821	61800
424	3630	61800
1276	3102	61900
564	3562	61900
2428	3334	61900
2298	3534	61900
2426	3704	61900
989	3024	61900
2871	3738	62000
2475	3438	62000
980	3033	62000
1665	3649	62000
2740	3578	62000
2336	3970	62000
6	3088	62000
2812	3386	62000
8	3933	62000
1156	3642	62000
167	3049	62000
2343	3437	62100
847	3141	62100
1057	3532	62100
1580	3926	62100
2064	3644	62200
1421	3764	62200
2991	3617	62200
1948	3463	62200
1613	3962	62300
2462	3078	62300
841	3515	62300
657	3254	62300
647	3377	62400
1501	3166	62400
2334	3736	62400
824	3894	62400
1534	3238	62400
1114	3980	62400
397	3905	62400
1294	3018	62400
2209	3796	62400
789	3390	62500
2311	3606	62500
676	3361	62500
958	3970	62500
1209	3380	62500
444	3967	62500
2571	3612	62500
2078	3952	62600
2522	3465	62600
1402	3586	62600
2903	3234	62600
2982	3962	62700
957	3167	62700
1559	3967	62700
2169	3976	62800
2222	3945	62800
2909	3134	62800
2438	3470	62800
1749	3759	62900
1280	3216	62900
1688	3238	62900
883	3653	63000
2195	3055	63000
228	3838	63000
1335	3175	63100
2102	3587	63100
111	3275	63100
1926	3148	63100
1528	3784	63100
1149	3188	63100
1510	3459	63100
2728	3648	63100
783	3961	63100
2357	3364	63200
2693	3512	63200
1586	3018	63200
1237	3988	63200
1276	3673	63300
1195	3499	63300
2140	3169	63400
1821	3977	63400
2566	3204	63400
1714	3861	63400
307	3126	63400
1406	3793	63400
1626	3683	63500
2508	3595	63500
2549	3034	63500
2469	3127	63500
2652	3267	63500
2161	3390	63500
701	3806	63500
2310	3004	63600
501	3735	63700
2807	3421	63700
1189	3981	63700
2615	3378	63700
1826	3983	63700
597	3988	63800
1517	3870	64000
1161	3595	64000
2112	3377	64000
1794	3456	64000
2083	3430	64100
1640	3516	64100
1366	3379	64100
2027	3293	64100
1862	3089	64200
1623	3064	64300
1449	3031	64300
2793	3059	64300
2105	3080	64300
2104	3358	64300
1296	3105	64300
1800	3098	64300
2425	3296	64400
1555	3137	64400
1786	3736	64400
2929	3795	64400
2978	3941	64400
1401	3396	64400
1981	3082	64400
158	3620	64500
1703	3403	64500
2786	3072	64500
2617	3665	64500
2738	3512	64500
1854	3493	64500
219	3031	64600
1483	3684	64600
1095	3241	64600
1099	3009	64600
2877	3029	64600
1521	3591	64600
762	3148	64700
632	3488	64700
1526	3385	64700
2046	3780	64700
2096	3523	64700
1932	3908	64800
1685	3215	64800
2633	3944	64800
2187	3859	64800
889	3827	64800
1617	3749	64900
924	3038	64900
1051	3044	64900
1541	3156	64900
2197	3723	64900
1021	3509	64900
2426	3035	64900
2721	3727	64900
1222	3950	65000
1037	3234	65000
256	3285	65000
1249	3006	65000
2590	3104	65000
2392	3931	65000
857	3764	65000
1055	3182	65100
2490	3775	65100
1418	3206	65100
2427	3960	65100
2150	3740	65100
1737	3559	65200
522	3665	65200
1017	3186	65200
533	3579	65300
2056	3675	65300
1204	3136	65300
2653	3826	65400
71	3630	65400
1217	3037	65400
2032	3212	65400
979	3664	65400
2924	3175	65500
2668	3339	65500
598	3043	65500
2161	3515	65500
2444	3951	65600
133	3478	65600
684	3203	65600
1331	3814	65700
613	3467	65700
322	3516	65700
2436	3308	65700
1815	3073	65700
162	3166	65800
2285	3473	65800
893	3098	65900
1864	3458	65900
456	3031	65900
109	3119	65900
2182	3991	65900
2209	3396	65900
1834	3945	66000
1088	3436	66000
1980	3168	66000
1300	3339	66100
2274	3332	66100
13	3594	66100
625	3809	66100
2404	3379	66100
1571	3937	66100
1926	3043	66200
369	3055	66200
150	3006	66200
1115	3542	66200
2432	3786	66200
690	3841	66200
2539	3044	66300
1305	3275	66300
2455	3647	66300
171	3420	66300
604	3316	66300
1958	3844	66300
2385	3382	66300
2184	3685	66300
1015	3477	66300
2115	3265	66400
2490	3516	66400
905	3279	66400
2449	3229	66400
679	3203	66400
1317	3409	66500
1236	3775	66500
921	3511	66500
115	3677	66500
1270	3349	66500
2822	3163	66500
2445	3967	66600
86	3681	66600
1419	3447	66600
2130	3942	66600
2718	3308	66600
2674	3819	66600
940	3591	66600
1828	3589	66700
1400	3281	66700
2871	3952	66700
2474	3221	66700
756	3722	66700
911	3620	66800
1013	3318	66800
846	3265	66800
118	3351	66800
519	3381	66800
881	3145	66800
1695	3485	66900
2631	3640	66900
2196	3639	66900
1881	3063	66900
1208	3164	67000
2150	3645	67000
1324	3485	67000
1137	3791	67000
2395	3952	67100
1171	3219	67100
2872	3778	67100
2598	3942	67100
2026	3204	67200
965	3232	67200
724	3512	67200
2804	3751	67300
2060	3965	67300
358	3938	67300
2770	3754	67300
659	3231	67300
520	3243	67300
567	3778	67300
571	3193	67300
2181	3422	67300
2749	3036	67300
838	3201	67400
2268	3579	67500
1260	3016	67500
1758	3701	67500
2841	3046	67500
499	3794	67500
808	3631	67600
1934	3014	67700
2902	3300	67700
843	3584	67700
1859	3513	67700
1120	3616	67700
2998	3701	67900
339	3750	67900
2803	3521	67900
1115	3021	67900
2149	3629	67900
1784	3525	67900
2783	3206	67900
549	3222	67900
945	3402	68000
320	3114	68000
2260	3327	68000
1702	3445	68100
2493	3334	68100
1119	3186	68100
1182	3303	68200
1824	3153	68200
379	3778	68200
2733	3991	68200
2521	3278	68200
1003	3617	68200
2045	3566	68300
1355	3537	68300
1068	3065	68300
2791	3679	68300
983	3824	68300
2794	3877	68400
966	3126	68400
1744	3525	68500
2751	3152	68500
652	3190	68500
83	3165	68600
60	3431	68600
1542	3696	68700
2438	3775	68700
497	3228	68700
2623	3682	68700
2064	3318	68800
1819	3403	68800
435	3118	68800
2786	3307	68800
2046	3534	68800
2019	3925	68900
962	3546	68900
2047	3039	68900
952	3248	69000
903	3774	69000
948	3579	69000
2693	3658	69000
2956	3974	69100
1102	3053	69200
1628	3601	69200
2087	3683	69200
761	3316	69200
604	3633	69300
1466	3836	69300
563	3653	69400
2546	3196	69400
203	3233	69500
2422	3200	69500
1984	3332	69500
488	3877	69500
403	3171	69500
2494	3751	69600
156	3659	69600
1618	3764	69600
1311	3178	69700
560	3144	69700
2178	3102	69700
1148	3818	69700
2125	3046	69700
2236	3561	69700
2018	3636	69700
947	3812	69800
1720	3555	69800
2295	3580	69800
2972	3861	69800
160	3573	69900
1031	3389	69900
1694	3875	69900
784	3545	69900
2781	3516	69900
2127	3462	69900
635	3604	69900
716	3933	69900
2346	3978	70000
2200	3025	70000
613	3759	70000
2967	3478	70000
2067	3463	70100
1156	3124	70100
2241	3689	70100
1503	3366	70200
287	3906	70200
1844	3726	70300
44	3840	70300
1800	3440	70400
343	3433	70400
495	3820	70400
2289	3965	70500
551	3795	70500
1155	3995	70500
2070	3466	70600
400	3849	70600
2089	3599	70600
644	3971	70600
526	3848	70600
899	3649	70700
1871	3227	70700
2702	3376	70700
2599	3898	70700
1803	3331	70700
2579	3280	70700
1077	3391	70700
310	3419	70800
1713	3469	70800
1444	3369	70800
767	3741	70900
2644	3540	70900
2631	3179	70900
396	3870	71000
472	3269	71000
1921	3996	71000
1557	3021	71000
2880	3354	71100
2870	3990	71100
1635	3212	71100
2132	3649	71200
1358	3622	71300
503	3146	71300
1653	3204	71300
693	3086	71300
1663	3651	71400
894	3078	71400
2095	3809	71400
1466	3981	71500
1505	3407	71500
345	3030	71500
1467	3112	71500
1567	3153	71600
2048	3522	71600
282	3075	71600
2072	3009	71600
2747	3013	71700
269	3423	71700
954	3895	71700
2361	3124	71800
2736	3521	71800
977	3466	71800
207	3224	71800
1230	3640	71800
880	3617	71800
969	3254	71900
151	3022	71900
612	3102	72000
2629	3210	72100
1438	3768	72100
2621	3782	72200
1746	3545	72200
631	3658	72200
868	3276	72200
2951	3980	72200
1535	3128	72200
696	3057	72200
467	3305	72200
1876	3494	72300
2887	3631	72400
1809	3948	72400
2308	3136	72400
1166	3727	72400
2766	3432	72500
259	3901	72500
968	3935	72600
1768	3236	72600
649	3425	72600
1936	3771	72600
1961	3208	72600
371	3886	72700
2239	3877	72700
2392	3308	72700
1997	3396	72700
2573	3203	72700
1928	3037	72700
2258	3600	72800
2921	3601	72900
2355	3200	72900
84	3119	72900
1157	3291	72900
2160	3517	72900
777	3135	73000
61	3322	73000
683	3394	73000
200	3167	73000
2443	3985	73100
2799	3981	73100
2310	3372	73100
1341	3345	73200
2076	3876	73200
1382	3573	73300
1530	3985	73300
1136	3008	73300
2388	3659	73300
1384	3112	73300
15	3300	73300
1743	3247	73400
1657	3558	73400
790	3819	73400
996	3112	73400
1283	3251	73500
412	3886	73500
470	3759	73500
2314	3951	73500
1722	3089	73500
578	3032	73500
2954	3026	73500
1470	3884	73500
2207	3817	73500
2514	3964	73500
2215	3898	73500
671	3360	73500
539	3849	73600
1302	3494	73600
1119	3898	73600
706	3590	73600
1561	3179	73600
1791	3900	73700
2734	3653	73700
1380	3847	73700
500	3569	73700
630	3068	73800
2699	3152	73800
2911	3545	73800
1134	3356	73800
984	3333	73800
910	3806	73800
142	3900	73900
1336	3700	73900
1935	3071	73900
2143	3043	73900
2744	3420	74000
757	3521	74000
2581	3217	74000
811	3964	74000
2439	3431	74000
1918	3446	74000
2398	3327	74000
1967	3038	74100
1976	3532	74100
2312	3088	74100
2974	3478	74100
1325	3670	74100
2902	3292	74200
1682	3656	74200
2162	3780	74200
1900	3453	74200
2925	3783	74300
938	3836	74300
640	3227	74300
762	3780	74300
1217	3670	74300
1886	3815	74300
2141	3408	74400
2180	3429	74500
2520	3858	74500
999	3217	74500
454	3209	74500
130	3994	74500
1228	3077	74500
810	3162	74500
2081	3270	74500
2569	3313	74500
1468	3246	74600
2051	3969	74600
728	3635	74600
1247	3171	74600
1443	3036	74600
1699	3543	74600
2795	3738	74700
155	3351	74700
2263	3559	74700
1939	3838	74700
934	3976	74800
1639	3649	74800
1213	3781	74800
936	3900	74900
2518	3577	74900
724	3565	74900
2988	3148	74900
1168	3795	74900
577	3682	75000
1762	3860	75000
921	3776	75000
1949	3442	75000
871	3155	75000
1141	3342	75100
2893	3607	75100
2400	3268	75200
37	3703	75200
866	3563	75300
475	3130	75300
151	3261	75300
793	3375	75400
2722	3364	75500
704	3981	75500
43	3412	75500
1853	3328	75500
515	3983	75500
2484	3785	75600
831	3016	75600
159	3843	75600
2121	3638	75700
596	3234	75700
502	3992	75700
2563	3651	75700
972	3553	75700
1629	3270	75700
1617	3025	75700
1304	3045	75700
491	3284	75800
2367	3453	75800
2687	3423	75800
2023	3176	75900
2884	3823	75900
669	3367	75900
2299	3902	76000
891	3257	76000
2050	3169	76000
2003	3673	76000
1363	3271	76000
2084	3709	76000
543	3823	76100
1184	3290	76100
69	3977	76100
554	3828	76100
250	3541	76100
327	3424	76200
849	3302	76200
685	3565	76300
391	3613	76300
2967	3940	76300
2645	3714	76300
307	3084	76300
2194	3393	76300
1018	3554	76300
1274	3529	76300
297	3219	76400
715	3019	76400
2127	3931	76400
1381	3505	76500
252	3119	76600
1089	3225	76600
385	3319	76600
711	3246	76700
1613	3836	76700
399	3411	76700
1211	3271	76700
1782	3773	76700
1601	3320	76800
2377	3977	76800
2227	3919	76800
322	3253	76800
2545	3970	76800
106	3678	76800
1261	3435	76800
2204	3982	76900
1147	3567	76900
450	3653	76900
1694	3428	76900
2889	3376	76900
135	3814	77000
1202	3538	77000
2952	3898	77000
1994	3178	77000
1422	3140	77100
2538	3136	77100
435	3822	77100
2750	3639	77100
181	3074	77100
1167	3870	77200
2900	3064	77200
2773	3785	77200
1157	3134	77200
1248	3149	77200
867	3823	77300
1589	3841	77300
2611	3651	77400
2719	3637	77500
1917	3475	77500
971	3562	77600
2331	3100	77600
744	3329	77600
2856	3037	77600
1356	3846	77700
2611	3289	77700
886	3265	77800
1199	3952	77800
828	3253	77900
2876	3613	77900
2222	3322	78000
1473	3432	78000
2142	3797	78000
1672	3573	78100
950	3426	78100
2217	3738	78100
492	3429	78100
2300	3524	78100
669	3745	78100
1662	3118	78100
1560	3294	78100
2474	3381	78100
80	3026	78100
513	3884	78100
2802	3079	78100
165	3905	78100
655	3672	78100
1342	3411	78200
1640	3253	78200
2097	3972	78200
62	3069	78200
1731	3536	78300
1798	3087	78300
237	3195	78300
1477	3585	78400
2375	3227	78400
759	3850	78400
1596	3343	78400
986	3652	78400
2269	3388	78400
594	3335	78500
1083	3908	78500
129	3950	78500
286	3263	78500
2508	3632	78500
1220	3254	78500
288	3673	78600
729	3588	78600
2164	3558	78700
1220	3879	78700
1254	3195	78800
82	3600	78800
396	3783	78900
10	3136	78900
1192	3428	78900
2322	3671	78900
688	3070	78900
751	3894	79000
524	3943	79000
752	3575	79000
2896	3061	79000
661	3537	79000
852	3952	79000
2165	3582	79100
1852	3697	79100
1525	3545	79200
1610	3343	79200
942	3468	79200
510	3311	79300
910	3347	79300
722	3110	79400
2353	3992	79400
618	3657	79400
1609	3106	79400
1459	3415	79500
2226	3374	79500
1558	3389	79600
2422	3376	79600
308	3983	79600
1112	3941	79700
1857	3640	79700
2091	3263	79800
2536	3930	79800
1710	3158	79800
1069	3382	79800
2688	3045	79800
1884	3807	79900
1456	3332	79900
512	3782	79900
2405	3431	79900
2914	3172	79900
1928	3426	79900
138	3477	79900
1162	3451	79900
2131	3623	80000
610	3026	80100
474	3223	80100
2367	3087	80100
2930	3169	80200
4	3064	80200
244	3915	80200
2646	3958	80200
2267	3842	80200
350	3744	80300
2264	3221	80300
2458	3148	80300
2898	3327	80300
2488	3294	80400
1044	3841	80400
2544	3849	80500
1266	3996	80500
2416	3385	80500
2408	3790	80500
277	3390	80500
59	3038	80600
2899	3440	80600
1035	3836	80600
2269	3848	80600
801	3591	80600
2995	3802	80700
2953	3463	80800
26	3638	80800
1446	3256	80800
2609	3965	80900
1733	3176	80900
1345	3456	80900
1140	3884	80900
1845	3827	80900
140	3306	81000
1010	3219	81000
866	3289	81100
2808	3121	81100
1171	3364	81200
2931	3381	81300
774	3269	81300
731	3939	81300
213	3615	81400
2628	3463	81400
1476	3279	81400
1210	3158	81400
1817	3997	81400
483	3185	81600
120	3905	81700
2571	3205	81700
2365	3140	81800
1127	3363	81900
464	3915	81900
291	3131	82000
1887	3053	82200
496	3524	82200
1667	3361	82200
99	3937	82200
427	3024	82300
57	3184	82300
2529	3704	82400
2381	3916	82400
2850	3452	82500
1544	3080	82500
1423	3123	82500
184	3452	82600
879	3607	82600
1334	3689	82600
2716	3760	82700
1430	3602	82700
1403	3368	82700
2246	3257	82700
2105	3688	82700
2582	3985	82800
2461	3788	82800
1478	3287	82800
2092	3265	82800
586	3216	82800
1032	3819	83000
806	3190	83000
2057	3354	83000
160	3409	83100
2532	3910	83100
1404	3130	83100
2356	3806	83200
1425	3024	83300
2376	3336	83300
2559	3879	83300
508	3414	83300
2846	3824	83300
533	3644	83400
1371	3555	83500
606	3819	83600
25	3024	83700
502	3293	83700
1638	3289	83700
2540	3770	83700
645	3388	83700
1437	3802	83800
2225	3532	83800
2681	3785	83800
2673	3804	83900
1707	3312	83900
2905	3523	83900
1943	3733	84000
2814	3849	84000
1017	3346	84000
235	3378	84000
2916	3992	84100
1765	3193	84100
2259	3893	84100
2764	3583	84100
1196	3186	84100
1888	3953	84200
2642	3841	84200
1396	3443	84200
2873	3572	84200
1417	3926	84300
926	3172	84300
2883	3771	84400
1129	3346	84400
2177	3980	84600
1668	3974	84600
499	3410	84600
114	3375	84600
1686	3342	84700
516	3196	84700
2849	3319	84800
534	3796	84800
300	3173	84900
943	3173	85000
2667	3994	85000
2206	3630	85000
187	3554	85000
2492	3041	85100
882	3442	85200
1878	3097	85200
2063	3094	85200
1488	3223	85200
1508	3049	85200
2395	3932	85300
1353	3430	85300
1667	3075	85300
2865	3494	85300
835	3919	85400
1818	3714	85400
1133	3863	85400
1664	3903	85400
1060	3313	85400
2380	3168	85500
2914	3194	85500
2943	3384	85500
964	3663	85600
2296	3639	85800
1369	3411	85800
1901	3134	85800
2524	3380	85800
559	3913	85800
1696	3916	85800
1134	3065	85900
345	3036	85900
2708	3862	85900
2499	3405	86000
542	3482	86000
2818	3335	86100
2838	3064	86100
2109	3586	86100
1761	3236	86100
2813	3588	86100
67	3074	86100
974	3161	86200
80	3223	86200
359	3497	86200
1517	3807	86300
2130	3740	86300
876	3922	86400
692	3982	86500
141	3908	86500
869	3089	86500
2920	3678	86500
2323	3085	86500
1309	3852	86500
1244	3375	86500
1381	3426	86600
1314	3486	86600
0	3640	86600
1582	3712	86700
1897	3728	86700
264	3101	86800
2857	3996	86800
1413	3612	86800
2662	3897	86800
754	3758	86900
2789	3935	86900
295	3354	87000
1738	3695	87100
2666	3416	87100
2220	3680	87200
1158	3328	87200
1697	3588	87200
2707	3002	87200
395	3014	87200
2892	3941	87200
1352	3968	87300
382	3891	87300
1811	3820	87300
2565	3698	87500
2678	3605	87600
2473	3009	87600
1989	3530	87700
1495	3364	87700
329	3542	87700
2554	3541	87700
982	3494	87800
1375	3750	87800
2782	3367	87800
1512	3048	87900
768	3704	87900
2025	3900	88000
1797	3671	88000
592	3292	88000
2884	3409	88100
402	3224	88100
460	3647	88200
689	3404	88200
2507	3694	88200
2697	3497	88200
2483	3490	88300
1494	3257	88300
2881	3172	88300
2418	3384	88300
248	3765	88300
2139	3602	88400
2433	3557	88500
799	3387	88500
2712	3427	88600
247	3825	88600
1238	3048	88600
2820	3673	88800
1179	3526	88800
1655	3581	88900
1871	3561	89000
2829	3077	89000
628	3376	89000
2006	3964	89000
1031	3049	89200
2670	3918	89200
1995	3146	89200
953	3485	89200
2847	3344	89200
1798	3928	89300
1901	3127	89300
353	3329	89300
1914	3624	89400
2404	3001	89400
2305	3144	89500
1290	3247	89600
2869	3165	89700
990	3475	89700
2338	3310	89800
2936	3958	89800
538	3511	89800
1735	3511	89900
896	3381	90000
2332	3278	90000
609	3875	90100
1796	3512	90200
274	3535	90300
2071	3806	90400
1817	3813	90500
2915	3239	90600
2282	3158	90600
1660	3654	90700
1445	3985	90800
1080	3860	90800
1126	3224	90800
2430	3487	90900
2249	3842	90900
1011	3433	91000
2272	3210	91000
448	3273	91000
1047	3890	91100
2443	3807	91200
2808	3492	91200
667	3928	91200
1832	3844	91300
1769	3277	91400
1927	3918	91500
2065	3240	91500
909	3932	91500
1289	3127	91500
1804	3831	91500
1556	3674	91600
2157	3216	91600
377	3060	91600
1791	3029	91700
215	3845	91700
796	3077	91700
1609	3922	91700
1398	3830	91700
1500	3495	91800
1436	3574	91800
1086	3864	91900
2542	3128	91900
2976	3644	92000
2672	3637	92200
1689	3709	92200
785	3857	92200
2996	3760	92300
1542	3607	92300
1253	3840	92400
2749	3030	92400
2	3712	92600
1089	3326	92600
152	3588	92600
1312	3425	92700
1827	3194	92700
1611	3182	92900
2175	3875	92900
1612	3895	92900
1175	3698	93000
698	3126	93000
2485	3645	93100
2101	3818	93100
2093	3190	93200
2123	3422	93200
830	3360	93200
1432	3312	93300
2123	3625	93400
1806	3553	93500
205	3228	93500
438	3640	93600
2575	3273	93600
103	3596	93700
2491	3154	93700
1048	3808	93800
376	3340	93800
2522	3909	93900
298	3117	94000
1867	3595	94100
2181	3625	94100
293	3739	94200
293	3125	94200
2853	3951	94200
925	3644	94200
1125	3072	94300
1301	3753	94300
2228	3273	94300
2894	3328	94400
1144	3925	94400
939	3481	94400
656	3831	94400
2750	3862	94400
1562	3406	94400
1949	3751	94600
1461	3071	94600
2664	3017	94700
2689	3299	94800
61	3573	94800
1108	3834	94800
1631	3661	94800
1278	3662	94800
2778	3124	95000
1267	3581	95000
703	3846	95000
1747	3582	95100
1965	3453	95100
927	3300	95100
997	3978	95200
2261	3322	95200
2156	3462	95200
916	3948	95200
1615	3655	95200
174	3020	95300
527	3633	95300
1652	3158	95300
128	3004	95400
816	3085	95500
1470	3971	95700
1009	3247	95800
88	3783	95800
1671	3188	95800
74	3831	95900
2096	3572	95900
215	3109	96000
2860	3846	96200
1781	3237	96200
2364	3194	96200
2878	3509	96200
1212	3241	96300
1194	3085	96300
996	3856	96300
1104	3130	96400
124	3933	96400
2771	3963	96500
1990	3133	96600
1105	3053	96700
440	3096	96800
461	3633	96800
407	3414	96900
2262	3028	97100
2133	3390	97100
2151	3582	97200
434	3837	97300
2230	3647	97300
2919	3719	97400
547	3884	97400
1795	3842	97400
1163	3382	97400
1814	3317	97400
1092	3141	97500
2557	3170	97500
951	3118	97600
1516	3235	97600
2086	3788	97600
1855	3099	97700
2082	3075	97700
712	3546	97700
253	3096	97800
1934	3866	97900
1672	3544	98000
2709	3756	98000
119	3367	98100
807	3745	98100
662	3445	98200
1944	3855	98200
2593	3104	98300
2216	3541	98300
2993	3856	98400
419	3485	98400
1197	3287	98500
2520	3094	98500
2245	3814	98500
1421	3983	98500
988	3511	98600
2074	3082	98600
1846	3936	98900
198	3616	99100
14	3968	99200
1127	3750	99200
805	3461	99200
211	3552	99300
56	3970	99300
907	3549	99300
2198	3297	99300
627	3124	99400
2828	3210	99400
1177	3671	99500
2729	3027	99500
251	3066	99500
668	3994	99500
998	3294	99600
346	3541	99600
2720	3725	99700
2934	3145	99700
1520	3442	99800
1595	3483	99900
2855	3734	99900
1432	3002	99900
2022	3461	99900
1773	3313	99900
2743	3833	99900
2906	3167	100000
2000	3498	100000
835	3978	100100
1073	3079	100200
2780	3066	100200
232	3663	100400
1727	3910	100500
2715	3549	100500
2174	3470	100500
1448	3842	100500
2794	3630	100600
2106	3687	100600
360	3218	100700
1086	3394	100800
2555	3821	101200
1675	3489	101300
179	3056	101300
861	3569	101300
1452	3398	101400
196	3413	101500
1436	3901	101500
775	3760	101800
1841	3577	101800
1983	3698	101900
2897	3901	101900
209	3405	101900
511	3291	102000
2133	3114	102100
950	3037	102100
1749	3391	102200
725	3845	102200
1310	3047	102200
1103	3968	102400
2350	3454	102400
1889	3477	102400
234	3174	102400
214	3825	102600
985	3084	102600
1376	3057	102700
12	3384	102900
2837	3864	103000
1842	3331	103100
1359	3300	103100
1945	3340	103200
2574	3294	103200
874	3647	103300
1607	3091	103300
2028	3398	103300
843	3722	103400
2597	3017	103600
2062	3247	103700
710	3735	103700
2463	3990	103900
2567	3182	104000
658	3919	104000
1775	3349	104100
922	3224	104400
2534	3452	104500
2457	3577	104500
1326	3465	104500
1169	3881	104500
1066	3184	104800
898	3701	105000
1229	3402	105000
1736	3594	105000
1387	3793	105100
2775	3587	105100
764	3745	105200
2055	3699	105200
691	3171	105400
709	3123	105400
351	3364	105500
2231	3556	105600
1945	3061	105700
1510	3034	105700
895	3776	105700
1165	3282	105700
149	3194	105800
243	3513	106000
1889	3344	106000
2987	3760	106200
20	3726	106200
126	3695	106200
2335	3231	106200
1095	3285	106400
1654	3348	106500
2306	3881	106800
2232	3997	106800
555	3514	106900
2085	3751	107200
1055	3750	107200
1642	3207	107200
2859	3955	107300
54	3804	107400
2202	3935	107600
183	3487	107600
2297	3273	107800
1983	3256	107900
2500	3144	107900
746	3497	108100
2561	3469	108400
1898	3995	108600
2650	3231	108700
445	3940	108800
732	3397	109100
2692	3426	109200
1835	3362	109400
2910	3789	109500
1511	3658	109600
1648	3874	109600
500	3414	109700
663	3523	109800
1600	3530	109900
1692	3348	109900
2878	3415	110100
2606	3739	110200
603	3303	110600
2423	3617	110700
2000	3824	110800
335	3825	110900
1905	3655	110900
2015	3014	110900
1707	3852	111000
2529	3192	111300
1574	3287	111400
1933	3170	111500
753	3197	111700
2676	3145	111700
2866	3520	111800
672	3284	111900
315	3844	112000
2167	3245	112100
2772	3128	112100
50	3189	112200
1427	3871	112300
2482	3041	112400
753	3255	112600
2727	3501	112700
747	3574	112900
2140	3020	113000
2365	3242	113200
514	3358	113300
1180	3896	113500
881	3564	113600
731	3501	113600
480	3626	113700
77	3476	113700
2847	3477	113700
1642	3010	113800
45	3897	114000
568	3746	114200
51	3894	114200
2513	3571	114500
2183	3061	114600
1033	3499	114700
2776	3031	114800
2723	3303	114900
2696	3007	114900
2417	3280	115100
2160	3687	115100
2985	3789	115200
1293	3918	115300
994	3699	115300
2318	3333	115500
2224	3139	115600
20	3761	115600
884	3696	115700
1895	3297	115900
2383	3331	115900
1750	3838	115900
432	3844	116000
2634	3118	116100
2267	3868	116100
2253	3231	116300
588	3029	116500
2800	3817	116800
870	3506	116800
2249	3327	117000
2243	3513	117000
1941	3572	117000
776	3155	117100
2102	3073	117600
2589	3268	117600
1842	3972	117700
79	3255	117900
1143	3443	118100
1780	3099	118100
2602	3834	118100
464	3920	118200
2321	3845	118500
234	3765	118500
1288	3569	118500
2041	3013	118600
850	3481	118600
1917	3869	118600
2007	3508	118700
1085	3500	118800
1498	3569	118900
1595	3040	119000
16	3896	119100
472	3314	119200
826	3279	119200
1325	3037	119300
1856	3480	119400
1313	3317	119400
1887	3701	119500
1034	3631	119600
1849	3369	119600
2224	3564	119600
2257	3676	119800
1930	3698	119800
58	3323	120100
121	3712	120200
348	3552	120300
932	3500	120400
2939	3412	120400
2038	3901	120600
2832	3888	121000
2050	3845	121300
1659	3029	121300
153	3012	121300
923	3193	121400
599	3917	121600
865	3097	121600
1219	3982	121700
1522	3145	121700
1843	3209	121800
769	3154	121800
2325	3422	121800
2432	3752	121800
11	3369	121900
1509	3635	122200
87	3547	122400
2147	3856	122600
1581	3828	122800
1636	3207	123100
2157	3635	123200
1780	3910	123700
1082	3518	123800
2118	3679	123800
1372	3099	123900
887	3963	123900
884	3607	124000
2620	3205	124100
1591	3513	124100
766	3706	124200
654	3857	124300
89	3721	124300
1182	3314	124600
2622	3572	124700
570	3597	124700
1742	3893	124800
431	3973	124800
2882	3873	124900
415	3655	124900
1673	3048	124900
338	3034	125000
504	3417	125000
201	3090	125000
1620	3360	125200
960	3059	125300
2451	3207	125700
1728	3776	125800
927	3292	125800
1038	3619	126100
642	3198	126300
96	3063	126800
82	3499	126900
589	3470	127000
1008	3975	127300
1648	3746	127300
1012	3720	127400
946	3261	127400
1513	3345	127700
312	3982	127800
2682	3220	127800
1522	3484	127800
1968	3848	127900
1739	3137	128000
1173	3306	128100
2963	3139	128300
2821	3913	128400
1924	3171	128600
1138	3544	128700
197	3277	128800
2466	3547	129000
1677	3818	129100
1916	3920	129200
2017	3127	129200
1197	3891	129200
1979	3951	129300
2948	3048	129300
965	3385	129400
376	3646	129500
222	3483	129700
2949	3597	129700
1729	3008	129900
2145	3059	130100
1604	3734	130100
2637	3852	130200
2191	3505	130300
1159	3556	130700
175	3764	130700
29	3574	131300
515	3843	131400
2068	3626	131400
908	3851	131500
1361	3721	131500
2596	3345	131500
2715	3919	132100
504	3506	132500
2619	3258	132500
618	3943	132600
305	3917	132700
2097	3201	132900
1500	3834	133000
529	3899	133300
892	3187	133400
1950	3137	133500
320	3269	133800
1257	3867	133900
2553	3360	134500
1719	3761	134500
1383	3786	134600
1536	3282	134700
1291	3198	135300
2970	3489	135300
1750	3626	135300
856	3621	135300
2215	3534	135500
2535	3951	135700
2921	3303	136200
844	3707	136300
1269	3709	136300
349	3154	136600
2963	3564	137000
1706	3391	137100
2826	3295	137200
1394	3587	137300
2992	3694	137400
2163	3661	137700
1265	3997	137800
1186	3331	138100
2975	3060	138300
2030	3843	138400
2330	3151	138600
1774	3975	138800
872	3514	138800
1328	3777	138900
2896	3875	139000
30	3676	139100
2339	3150	139200
1246	3941	139300
869	3720	139400
879	3696	139400
478	3558	139600
2707	3007	139700
2342	3427	139800
856	3202	139800
98	3353	140000
738	3637	140400
1790	3888	140400
410	3843	140400
185	3285	140600
1039	3160	140800
2945	3838	141200
2751	3793	141600
1856	3154	141600
2189	3326	141900
1725	3877	142000
2519	3042	142000
2468	3845	142200
2208	3114	142300
1046	3789	142400
890	3277	142400
98	3391	142500
1708	3880	142700
2511	3160	142800
2405	3748	143100
1789	3205	143400
206	3791	143500
93	3013	144100
1036	3470	144500
2796	3340	144700
1465	3940	144800
1281	3929	145000
575	3406	145100
2284	3264	145600
2742	3009	145800
1273	3535	146500
2839	3720	146600
2648	3693	146600
1122	3253	146900
1002	3879	147100
643	3020	147200
649	3925	147300
60	3453	147300
2058	3355	147400
2810	3040	147700
1279	3828	148200
2002	3480	148400
638	3106	148500
1202	3394	148600
100	3913	148600
2745	3155	148600
1020	3623	148900
2753	3623	149000
406	3637	149300
1577	3410	149300
2535	3240	149700
1176	3706	149800
1846	3099	150000
2891	3454	150300
2874	3564	150400
2232	3813	150700
18	3623	150900
2579	3242	151200
2167	3473	151300
1727	3837	151400
2279	3540	151500
247	3314	151800
2511	3209	151900
2801	3669	152100
1214	3985	152300
1498	3406	152400
535	3019	152500
311	3069	152500
1164	3577	152600
2615	3189	152800
1081	3705	153300
2663	3518	153300
2866	3552	153800
1774	3404	154200
335	3402	154600
2839	3017	154700
168	3413	154900
1812	3264	155100
556	3547	155100
1909	3205	155400
1415	3507	155400
1771	3703	155500
1076	3002	155600
2453	3092	155800
1350	3592	155800
2656	3405	155900
2843	3464	156000
714	3282	156100
1374	3151	156500
689	3418	156600
269	3817	156800
126	3482	157100
2597	3720	157300
2170	3915	158000
1823	3794	158200
616	3879	158700
2168	3696	158800
1429	3142	158900
273	3574	159000
872	3816	159300
2873	3383	159400
1367	3491	159500
1764	3401	159600
1303	3223	159900
249	3510	159900
1764	3706	160300
2116	3017	160700
1368	3480	160900
841	3261	161200
2029	3278	161300
2038	3574	161300
624	3198	161700
1822	3022	161900
793	3461	161900
1946	3875	162200
2634	3822	162200
196	3892	162300
2796	3766	162400
2648	3838	162700
1920	3635	162900
2908	3268	163600
216	3010	163700
172	3041	163800
1662	3600	164200
1142	3187	164500
765	3323	164700
723	3707	164700
558	3936	165200
2448	3353	165300
2445	3576	165400
1651	3177	165400
2779	3614	165700
154	3198	166100
214	3428	166300
1316	3955	166300
183	3588	166500
739	3955	166600
1076	3405	166700
1259	3971	166800
620	3998	167600
191	3719	168100
1497	3291	168200
2858	3187	168400
2118	3888	168600
552	3354	168900
1966	3540	169000
416	3021	169000
846	3486	169700
2168	3607	170200
382	3287	170300
2346	3919	171200
1067	3365	171300
42	3209	171500
1330	3508	171500
2292	3125	172000
2616	3735	172200
2468	3355	172600
2069	3355	172700
95	3122	172900
193	3225	173700
809	3817	173800
451	3876	173900
2208	3554	174200
2989	3613	174700
2131	3202	174700
370	3476	175000
1942	3740	175000
2528	3642	175300
2212	3060	175500
1946	3428	175700
2459	3679	176100
978	3067	176100
360	3869	176300
2613	3561	176700
2945	3693	176700
2510	3462	177000
765	3130	177100
2240	3017	177200
1645	3053	177400
1242	3092	177500
429	3633	178400
1906	3765	178600
426	3395	180100
2523	3417	180500
389	3242	180800
137	3076	181700
1651	3768	181800
1439	3101	181900
1766	3625	182100
1313	3662	182300
1602	3218	182700
1242	3587	183200
1692	3777	184600
91	3539	184700
210	3425	184900
1669	3777	185000
1428	3290	185400
605	3319	185400
85	3242	185800
2918	3984	186500
858	3623	186500
275	3397	187800
2933	3093	187800
998	3047	187900
726	3079	188800
324	3114	189000
1665	3369	189200
2513	3386	189700
1487	3941	189800
398	3498	190300
1594	3546	190700
1002	3267	191000
85	3813	191100
2440	3267	193600
1428	3671	193700
507	3373	193800
15	3498	194000
1683	3632	194400
2290	3850	194900
2862	3719	195300
813	3155	195300
2142	3362	195700
2035	3688	195800
254	3125	196000
2726	3548	196500
