1388	3102	200
1749	3032	200
676	3710	200
2446	3711	200
2919	3688	200
995	3075	200
235	3316	200
548	3740	200
1869	3113	200
1257	3421	200
324	3514	200
785	3406	200
2312	3951	300
1364	3248	300
2342	3013	300
2532	3340	300
391	3723	300
660	3295	300
750	3858	300
2287	3704	300
294	3365	300
314	3379	300
2873	3983	300
1776	3885	300
2533	3529	300
2010	3124	300
1614	3591	300
1049	3520	300
1020	3573	400
873	3432	400
2211	3580	400
1056	3459	400
683	3707	400
2602	3478	400
2781	3264	400
235	3189	400
1876	3076	400
2104	3155	400
66	3861	400
2652	3972	400
2456	3117	400
118	3752	400
799	3387	400
1896	3622	400
2376	3110	400
2998	3951	500
443	3327	500
286	3367	500
2435	3460	500
2807	3219	500
473	3770	500
2223	3249	500
196	3408	500
962	3786	500
914	3972	500
696	3277	500
1172	3355	500
459	3289	500
2765	3031	600
1419	3527	600
335	3314	600
304	3301	600
520	3750	600
2100	3454	600
1717	3556	600
1724	3724	600
2284	3549	600
2125	3354	600
2557	3238	600
996	3790	600
655	3834	600
1521	3267	600
1433	3049	600
1571	3913	600
1278	3680	600
1577	3979	600
2316	3324	600
2098	3717	600
1352	3215	600
2588	3953	600
747	3653	600
2775	3317	600
949	3339	700
1091	3432	700
720	3567	700
2142	3366	700
567	3346	700
2103	3071	700
2166	3061	700
126	3340	700
419	3162	700
1344	3316	700
1956	3480	700
272	3155	700
205	3305	700
2192	3709	700
1270	3090	700
549	3675	700
146	3870	700
1996	3125	700
817	3309	700
2217	3698	700
2837	3538	800
2683	3457	800
1779	3832	800
109	3184	800
1444	3051	800
2035	3099	800
1965	3247	800
804	3850	800
2528	3912	800
2772	3958	800
105	3036	800
1436	3838	800
1425	3813	800
2025	3120	800
2575	3359	800
2907	3477	800
2229	3273	800
2359	3231	900
306	3545	900
2447	3240	900
1327	3469	900
420	3687	900
1622	3033	900
1435	3462	900
1863	3239	900
2032	3591	900
120	3131	1000
1855	3175	1000
752	3019	1000
2828	3713	1000
2092	3109	1000
1913	3835	1000
1251	3246	1000
716	3661	1000
1398	3070	1000
2745	3838	1000
1906	3477	1000
2000	3439	1000
1146	3110	1000
1379	3793	1100
1692	3750	1100
710	3716	1100
2971	3784	1100
2044	3299	1100
2281	3957	1100
2500	3517	1100
2566	3902	1100
1900	3026	1100
202	3944	1100
1159	3867	1100
2390	3731	1100
1224	3238	1100
1673	3989	1100
566	3048	1100
2332	3895	1100
953	3308	1100
979	3762	1100
1627	3179	1100
579	3086	1100
1866	3335	1100
1679	3014	1100
1847	3717	1100
543	3332	1200
622	3392	1200
2250	3427	1200
487	3200	1200
1470	3503	1200
1999	3155	1200
870	3789	1200
2991	3451	1200
2253	3649	1200
179	3720	1300
2155	3488	1300
882	3286	1300
226	3685	1300
2110	3719	1300
538	3063	1300
911	3978	1300
2213	3559	1400
1937	3651	1400
2237	3859	1400
2816	3334	1400
2942	3429	1400
2887	3627	1400
2834	3592	1400
300	3338	1400
1345	3382	1400
2519	3405	1400
2854	3227	1400
2967	3350	1400
404	3495	1400
1093	3616	1400
558	3305	1400
2381	3358	1400
2499	3524	1500
2376	3908	1500
2	3573	1500
762	3459	1500
1168	3795	1500
1030	3671	1500
2455	3637	1500
1377	3051	1500
2185	3256	1500
2348	3715	1500
1082	3213	1500
1606	3312	1500
1134	3854	1500
2079	3214	1500
2877	3997	1500
854	3672	1500
1915	3751	1500
1453	3355	1500
573	3359	1500
211	3727	1500
2631	3057	1500
1080	3153	1500
1306	3135	1500
2747	3428	1600
501	3165	1600
650	3893	1600
787	3132	1600
111	3567	1600
537	3537	1600
636	3747	1600
1525	3599	1600
2006	3346	1600
2581	3570	1600
1899	3385	1600
1913	3995	1600
2301	3669	1600
2298	3162	1600
1741	3534	1600
2236	3867	1600
697	3929	1600
1690	3514	1600
2019	3009	1600
1421	3885	1600
2404	3704	1600
642	3868	1600
608	3493	1600
2850	3505	1600
505	3664	1600
2346	3242	1600
1887	3951	1700
2355	3204	1700
212	3322	1700
1378	3199	1700
11	3651	1700
1014	3998	1700
305	3253	1700
1749	3594	1700
2535	3962	1700
2186	3522	1700
2602	3906	1700
2888	3884	1700
487	3721	1700
1814	3252	1700
1964	3953	1700
1009	3403	1800
2830	3271	1800
1633	3008	1800
369	3981	1800
2927	3777	1800
809	3625	1800
1415	3066	1800
222	3489	1800
1949	3130	1800
2003	3966	1800
2639	3211	1800
865	3027	1800
2838	3799	1900
2293	3245	1900
653	3585	1900
1932	3175	1900
1607	3949	1900
1372	3728	1900
1149	3195	1900
2315	3272	1900
1716	3944	1900
2177	3562	1900
478	3901	1900
2248	3300	1900
2628	3882	2000
1007	3256	2000
734	3193	2000
2596	3276	2000
587	3920	2000
900	3076	2000
1072	3453	2000
812	3562	2000
71	3312	2000
204	3485	2000
2827	3354	2000
1539	3462	2000
1917	3719	2000
953	3980	2000
830	3157	2000
946	3255	2000
2932	3057	2000
556	3443	2000
1059	3753	2000
528	3191	2000
754	3716	2100
2614	3432	2100
1967	3243	2100
2185	3975	2100
1447	3126	2100
1849	3928	2100
1747	3603	2100
165	3884	2100
1963	3719	2100
820	3771	2100
1382	3105	2100
2800	3528	2100
1795	3282	2100
2042	3877	2200
1890	3849	2200
1957	3005	2200
1478	3243	2200
1285	3869	2200
1189	3836	2200
2433	3722	2200
2893	3975	2200
281	3376	2200
2673	3334	2200
2367	3393	2200
2601	3721	2200
2951	3464	2200
985	3972	2200
675	3069	2200
1381	3442	2200
1993	3593	2200
1824	3812	2200
945	3864	2300
236	3606	2300
358	3136	2300
2393	3910	2300
2917	3532	2300
2764	3775	2300
982	3340	2300
2315	3078	2300
1233	3758	2300
2641	3894	2300
410	3158	2300
1823	3872	2300
1398	3308	2300
1610	3065	2300
2290	3397	2300
1664	3628	2300
2262	3477	2300
1824	3502	2300
636	3730	2400
746	3142	2400
1874	3421	2400
732	3511	2400
593	3106	2400
1476	3356	2400
2880	3084	2400
2512	3697	2400
1287	3168	2400
1011	3860	2400
727	3178	2500
23	3138	2500
290	3758	2500
2635	3152	2500
932	3906	2500
2666	3956	2500
1615	3382	2500
1990	3369	2500
1423	3913	2500
2207	3879	2500
2915	3564	2500
1723	3822	2500
1284	3258	2500
366	3786	2500
311	3827	2500
2494	3323	2500
157	3102	2600
825	3450	2600
666	3977	2600
2988	3148	2600
2035	3224	2600
729	3021	2600
2110	3900	2600
2941	3246	2600
2030	3163	2600
1077	3498	2600
1015	3177	2600
248	3961	2600
470	3438	2600
1396	3528	2600
1810	3237	2600
950	3013	2700
2343	3859	2700
495	3080	2700
2531	3847	2700
2741	3691	2700
29	3441	2700
1752	3001	2700
2119	3771	2700
2056	3772	2700
1217	3452	2700
2368	3004	2700
1044	3515	2700
226	3606	2800
2329	3055	2800
2565	3609	2800
613	3970	2800
2484	3594	2800
1259	3437	2800
667	3146	2800
2834	3792	2800
1323	3481	2800
1512	3297	2800
673	3185	2800
1001	3345	2800
1955	3266	2800
2352	3855	2800
2848	3601	2800
2080	3335	2800
2732	3761	2800
27	3756	2800
772	3862	2800
394	3424	2900
1070	3274	2900
1218	3257	2900
1096	3504	2900
2758	3196	2900
2843	3677	2900
748	3581	2900
190	3066	2900
2946	3827	2900
125	3002	2900
1771	3648	2900
1150	3897	2900
263	3208	2900
779	3961	2900
2292	3866	2900
925	3644	2900
528	3860	2900
1940	3862	2900
357	3602	3000
1825	3115	3000
1446	3088	3000
1434	3609	3000
2225	3745	3000
526	3497	3000
2090	3844	3000
250	3195	3000
383	3278	3000
2656	3823	3000
2064	3327	3000
1767	3292	3000
1979	3940	3100
2414	3420	3100
648	3490	3100
1229	3728	3100
982	3906	3100
1289	3260	3100
1592	3551	3100
805	3225	3100
2826	3546	3100
1585	3277	3100
2785	3749	3200
174	3630	3200
2593	3034	3200
1839	3400	3200
2891	3775	3200
332	3475	3200
2106	3381	3200
1606	3070	3200
1880	3999	3200
2279	3118	3200
2810	3554	3200
2254	3744	3200
1384	3622	3200
1946	3761	3200
663	3093	3200
2227	3542	3300
2792	3579	3300
1009	3263	3300
1152	3914	3300
2240	3946	3300
426	3447	3300
1829	3449	3300
474	3307	3300
697	3239	3300
2521	3114	3300
1304	3192	3300
2317	3082	3300
1988	3702	3300
271	3016	3400
1754	3527	3400
939	3240	3400
2378	3219	3400
913	3928	3400
188	3565	3400
551	3526	3400
2076	3395	3400
1487	3773	3400
2228	3640	3400
1657	3194	3400
1693	3168	3400
1568	3049	3400
523	3163	3400
1886	3357	3400
930	3402	3400
1445	3877	3500
286	3436	3500
597	3367	3500
2455	3712	3500
2722	3542	3500
600	3521	3500
1726	3256	3500
1698	3715	3500
1068	3382	3500
2510	3108	3500
2439	3480	3500
750	3298	3500
2170	3811	3500
438	3163	3500
1972	3282	3500
2161	3037	3500
421	3839	3500
1031	3143	3600
777	3579	3600
1229	3099	3600
1921	3486	3600
808	3419	3600
2740	3594	3600
649	3635	3600
284	3711	3600
736	3449	3600
2388	3625	3600
2852	3446	3600
2935	3413	3600
1132	3192	3600
2878	3344	3600
2489	3020	3600
1389	3760	3600
1988	3612	3600
865	3112	3600
596	3904	3700
161	3552	3700
772	3199	3700
2704	3219	3700
502	3302	3700
442	3956	3700
2789	3437	3700
2502	3021	3700
2758	3931	3700
2507	3531	3700
791	3085	3700
1584	3703	3700
67	3375	3700
2196	3907	3700
485	3387	3700
2382	3660	3700
2037	3324	3700
180	3727	3700
55	3166	3700
2036	3222	3700
2908	3027	3700
1428	3363	3800
1463	3199	3800
140	3726	3800
2109	3366	3800
509	3723	3800
2231	3800	3800
812	3213	3800
1186	3581	3800
527	3925	3800
2667	3214	3800
94	3154	3800
2638	3535	3800
293	3014	3800
406	3657	3800
2154	3220	3800
1543	3023	3900
742	3615	3900
282	3710	3900
2702	3456	3900
514	3947	3900
2136	3388	3900
2007	3999	3900
1812	3798	3900
349	3244	3900
854	3796	3900
378	3827	3900
1704	3123	3900
765	3461	3900
699	3309	3900
2800	3961	3900
1637	3502	3900
161	3808	3900
381	3824	3900
1127	3966	4000
2242	3683	4000
1957	3910	4000
849	3667	4000
2734	3527	4000
1456	3279	4000
1820	3447	4000
1851	3992	4000
2783	3652	4000
1179	3126	4000
990	3817	4000
1513	3625	4000
74	3484	4000
1247	3316	4000
1678	3007	4000
1123	3955	4000
2023	3674	4000
864	3335	4000
2224	3838	4000
2032	3318	4000
1502	3808	4100
2312	3403	4100
2828	3428	4100
2508	3175	4100
2973	3294	4100
2816	3221	4100
2493	3368	4100
1588	3285	4100
1458	3395	4100
760	3168	4100
1652	3541	4100
569	3045	4100
2766	3046	4200
1732	3696	4200
704	3210	4200
368	3840	4200
1071	3975	4200
1713	3009	4200
115	3349	4200
364	3481	4200
2736	3690	4300
1258	3676	4300
826	3420	4300
94	3435	4300
482	3318	4300
1277	3988	4300
1112	3814	4300
2161	3220	4400
2744	3394	4400
2522	3533	4400
2462	3631	4400
2849	3214	4400
837	3251	4400
1406	3968	4400
1527	3268	4400
968	3083	4500
2296	3606	4500
2058	3923	4500
1027	3221	4500
2407	3526	4500
689	3568	4500
1125	3307	4500
2637	3773	4500
1028	3699	4500
892	3012	4500
1265	3041	4500
2402	3025	4500
1461	3612	4500
1934	3140	4500
768	3739	4500
787	3101	4600
922	3218	4600
2190	3847	4600
2729	3265	4600
1346	3803	4600
827	3397	4600
1664	3194	4600
1112	3181	4600
1394	3317	4600
1451	3476	4600
866	3738	4700
2053	3810	4700
1000	3940	4700
1632	3613	4700
2498	3605	4700
2664	3056	4700
1797	3848	4700
1701	3845	4700
132	3139	4700
2170	3444	4700
2136	3905	4700
307	3480	4700
1939	3899	4700
2266	3201	4700
438	3103	4700
2575	3529	4700
2093	3196	4800
933	3522	4800
1040	3072	4800
2029	3060	4800
2500	3464	4800
2960	3584	4800
1458	3748	4800
2958	3823	4800
2677	3600	4800
2176	3166	4800
505	3482	4800
1628	3191	4800
934	3074	4800
1672	3237	4900
709	3416	4900
1494	3470	4900
2574	3635	4900
1655	3986	4900
1522	3113	4900
2156	3369	4900
1699	3347	4900
2853	3268	5000
704	3361	5000
609	3920	5000
30	3728	5000
2470	3898	5000
280	3104	5000
1769	3113	5000
2586	3238	5000
2364	3423	5000
514	3636	5000
2922	3255	5000
2983	3529	5000
141	3523	5000
1244	3838	5000
2847	3068	5000
2947	3479	5000
597	3891	5100
2087	3055	5100
1833	3566	5100
902	3460	5100
1738	3853	5100
1705	3635	5100
1954	3562	5100
2469	3740	5100
318	3330	5100
1095	3809	5100
278	3786	5100
2381	3389	5100
1334	3753	5100
421	3610	5100
852	3702	5100
1399	3169	5100
2987	3424	5200
801	3199	5200
2717	3050	5200
1727	3051	5200
1528	3946	5200
2415	3336	5200
321	3362	5200
547	3203	5200
2771	3177	5200
1393	3860	5200
1545	3890	5200
2371	3643	5200
2067	3496	5300
102	3766	5300
334	3521	5300
1943	3853	5300
79	3512	5300
853	3275	5300
1169	3047	5300
2576	3865	5300
1454	3703	5300
2607	3201	5300
1536	3901	5300
981	3293	5300
1948	3982	5300
2610	3415	5300
1182	3538	5400
224	3787	5400
2747	3472	5400
2490	3430	5400
2444	3561	5400
509	3714	5400
1788	3381	5400
1474	3548	5400
792	3842	5400
628	3692	5400
1045	3883	5400
2086	3708	5400
48	3479	5400
1962	3022	5400
596	3737	5500
1437	3730	5500
1283	3971	5500
2044	3688	5500
1835	3348	5500
1209	3876	5500
1140	3319	5500
190	3530	5500
392	3596	5500
1593	3774	5500
379	3125	5600
40	3492	5600
283	3918	5600
56	3104	5600
504	3531	5600
2471	3811	5600
2523	3047	5600
175	3916	5600
2424	3593	5600
1143	3553	5600
2997	3436	5700
1491	3889	5700
571	3137	5700
109	3840	5700
2879	3687	5700
203	3981	5700
17	3671	5700
1474	3158	5700
2040	3714	5700
1968	3633	5700
966	3157	5700
156	3699	5700
2024	3234	5700
1309	3356	5700
1137	3912	5700
55	3317	5700
1617	3135	5700
20	3701	5700
1720	3364	5800
2950	3419	5800
1542	3470	5800
1682	3265	5800
1639	3223	5800
2491	3586	5800
2331	3108	5800
1074	3790	5800
2509	3990	5800
364	3794	5800
545	3574	5800
2778	3439	5800
1214	3270	5800
1847	3081	5800
603	3302	5900
1380	3101	5900
923	3156	5900
287	3285	5900
1746	3797	5900
1600	3499	5900
1551	3033	5900
429	3473	5900
1330	3086	5900
1553	3177	5900
2668	3877	6000
1445	3524	6000
2869	3681	6000
520	3233	6000
2143	3818	6000
943	3019	6000
1063	3200	6000
1535	3639	6000
1781	3438	6000
2205	3448	6000
2937	3097	6000
2717	3741	6100
2985	3011	6100
2487	3423	6100
1452	3216	6100
990	3531	6100
2753	3386	6100
796	3413	6100
1585	3312	6100
2963	3798	6100
1792	3455	6100
37	3003	6100
1003	3883	6100
1403	3023	6200
2957	3594	6200
104	3190	6200
1181	3313	6200
2472	3147	6200
2730	3448	6300
2825	3736	6300
1813	3589	6300
2075	3690	6300
371	3938	6300
2900	3613	6300
1550	3710	6300
197	3645	6300
2892	3732	6300
2497	3073	6300
2726	3262	6300
2355	3466	6400
285	3325	6400
1341	3276	6400
439	3513	6400
2150	3206	6400
1337	3948	6400
1124	3794	6400
2013	3654	6400
2363	3642	6400
1845	3857	6400
234	3069	6400
2654	3355	6400
852	3806	6400
1016	3353	6400
2560	3606	6500
506	3083	6500
2195	3726	6500
1324	3189	6500
2106	3399	6500
260	3398	6500
896	3820	6500
2269	3990	6500
555	3255	6500
570	3769	6500
191	3520	6500
2259	3533	6600
1499	3993	6600
632	3351	6600
2065	3873	6600
1609	3058	6600
1048	3057	6600
2043	3559	6700
2299	3882	6700
2202	3164	6700
458	3924	6700
1572	3213	6700
1402	3851	6700
2737	3803	6700
2411	3305	6700
1322	3198	6700
83	3682	6700
2755	3839	6700
500	3702	6700
2721	3089	6800
162	3138	6800
2114	3804	6800
1739	3291	6800
119	3561	6800
2366	3734	6800
483	3173	6800
2851	3789	6800
2607	3880	6800
433	3036	6800
2883	3149	6800
797	3833	6800
2140	3237	6900
1261	3746	6900
662	3153	6900
316	3525	6900
1893	3152	6900
1315	3385	6900
947	3614	6900
912	3547	6900
387	3061	6900
1696	3049	6900
1704	3901	6900
717	3979	6900
26	3890	6900
1307	3463	6900
1387	3891	7000
1300	3726	7000
924	3875	7000
2050	3109	7000
91	3550	7000
1472	3582	7000
1912	3658	7000
84	3905	7000
2693	3236	7000
2975	3510	7000
1309	3225	7000
2883	3704	7000
2822	3868	7000
182	3054	7000
1358	3968	7000
223	3383	7100
1706	3339	7100
1367	3321	7100
1668	3974	7100
54	3590	7100
2097	3331	7100
1942	3876	7100
1758	3542	7200
69	3557	7200
1017	3160	7200
1827	3534	7200
1248	3679	7200
1514	3329	7200
1176	3331	7200
1508	3067	7200
1868	3753	7200
2571	3014	7200
231	3010	7200
976	3150	7200
1225	3573	7300
2160	3196	7300
2796	3303	7300
2690	3042	7300
351	3936	7300
1709	3776	7300
538	3948	7300
277	3370	7300
2039	3901	7300
323	3729	7300
2346	3333	7300
341	3053	7300
2665	3824	7300
561	3468	7400
2259	3615	7400
1823	3792	7400
2364	3422	7400
359	3748	7400
2870	3648	7400
2102	3857	7400
198	3069	7400
2706	3211	7400
99	3832	7500
2219	3837	7500
387	3218	7500
656	3848	7500
2046	3956	7500
1253	3942	7500
1944	3861	7500
2559	3899	7500
1629	3426	7500
2482	3976	7500
1351	3036	7500
1116	3192	7500
1105	3289	7500
1471	3137	7600
2156	3894	7600
1763	3418	7600
1936	3597	7600
1234	3435	7600
36	3222	7600
348	3415	7600
2955	3818	7700
2507	3290	7700
2033	3497	7700
437	3378	7700
1902	3057	7700
2209	3396	7700
864	3611	7700
713	3953	7700
83	3054	7700
2908	3097	7700
2324	3682	7800
2612	3433	7800
2275	3218	7800
65	3992	7800
1497	3134	7800
2084	3658	7800
2117	3384	7800
2427	3954	7800
2749	3103	7800
2892	3984	7800
1815	3054	7800
2736	3043	7900
1974	3547	7900
13	3582	7900
202	3338	7900
2633	3216	7900
2126	3187	7900
186	3058	7900
1019	3117	7900
234	3443	7900
2996	3116	7900
1569	3543	7900
159	3843	7900
2655	3325	8000
384	3072	8000
1891	3969	8000
1099	3670	8000
2906	3742	8000
2886	3066	8000
611	3629	8000
370	3834	8000
1756	3029	8000
1899	3659	8100
1662	3294	8100
269	3462	8100
1523	3828	8100
227	3675	8100
2134	3536	8100
2350	3242	8100
974	3618	8100
2038	3698	8100
2884	3685	8200
1187	3620	8200
784	3098	8200
2685	3466	8200
1222	3952	8200
999	3716	8200
2255	3171	8200
1188	3895	8200
2513	3983	8200
2071	3668	8200
515	3093	8200
0	3622	8200
1652	3686	8200
2260	3182	8200
2116	3212	8200
1552	3618	8300
2211	3952	8300
1725	3690	8300
1722	3659	8300
695	3361	8300
878	3297	8300
794	3373	8300
1256	3563	8300
2265	3577	8400
1995	3565	8400
1242	3725	8400
72	3474	8400
614	3370	8400
2095	3732	8400
1115	3472	8500
452	3754	8500
1378	3862	8500
685	3995	8500
511	3716	8500
2314	3146	8500
2033	3539	8500
2218	3801	8500
667	3707	8500
2270	3352	8500
2250	3951	8600
2582	3579	8600
2109	3287	8600
831	3532	8600
2621	3465	8600
609	3694	8600
2403	3815	8600
2382	3985	8600
1037	3785	8700
213	3685	8700
836	3343	8700
1604	3748	8700
1150	3729	8700
1138	3509	8700
1127	3448	8800
1658	3580	8800
1499	3302	8800
408	3200	8800
709	3902	8800
2774	3223	8800
451	3382	8800
1803	3168	8800
2400	3300	8800
1994	3079	8800
1333	3479	8800
465	3035	8800
2137	3327	8900
7	3107	8900
2436	3521	8900
397	3550	8900
2537	3213	8900
1021	3170	8900
2651	3094	8900
2410	3776	8900
2154	3037	8900
365	3860	8900
632	3492	9000
68	3137	9000
1519	3831	9000
611	3122	9000
2885	3645	9000
1169	3752	9000
2848	3120	9000
1117	3945	9000
2499	3082	9000
2732	3575	9000
533	3250	9100
449	3882	9100
619	3217	9100
1485	3585	9100
39	3247	9100
2615	3316	9100
49	3213	9100
1764	3305	9100
1516	3390	9100
2306	3473	9100
479	3194	9100
2442	3255	9100
1559	3261	9100
116	3244	9100
2184	3830	9100
1618	3574	9100
2730	3754	9200
1730	3681	9200
1670	3433	9200
2598	3490	9200
2802	3162	9200
415	3888	9200
964	3029	9200
153	3855	9200
1334	3587	9200
2624	3897	9200
842	3566	9300
1207	3445	9300
707	3398	9300
1040	3006	9300
2701	3851	9300
1914	3558	9300
2914	3501	9300
2756	3455	9300
1212	3541	9300
100	3258	9300
1302	3231	9400
2867	3250	9400
1193	3204	9400
1010	3038	9400
2982	3836	9400
1840	3779	9400
1326	3724	9400
73	3253	9400
1357	3411	9400
755	3765	9400
1546	3088	9500
2392	3326	9500
1093	3972	9500
1609	3277	9500
2354	3983	9500
1642	3498	9500
2468	3675	9500
1370	3426	9500
1654	3561	9600
441	3930	9600
1005	3350	9600
1728	3776	9600
1759	3455	9600
1333	3414	9600
2329	3339	9700
1183	3021	9700
1085	3011	9700
435	3018	9700
134	3476	9700
319	3082	9700
2188	3956	9800
2857	3721	9800
1529	3236	9800
1397	3046	9800
53	3440	9800
2112	3988	9800
450	3886	9900
2565	3665	9900
761	3458	9900
2599	3160	9900
210	3603	9900
1631	3084	9900
8	3771	9900
2068	3912	9900
2997	3367	10000
2092	3804	10000
1669	3555	10000
685	3835	10000
2645	3059	10000
698	3848	10000
1431	3226	10000
2812	3973	10000
2427	3895	10000
1418	3127	10000
2742	3608	10000
2750	3830	10000
75	3614	10100
2673	3221	10100
2694	3783	10100
1437	3148	10100
1303	3679	10100
942	3523	10100
103	3572	10100
1852	3413	10200
1271	3229	10200
1578	3597	10200
942	3638	10200
2085	3705	10300
2515	3580	10300
1683	3603	10300
584	3963	10300
928	3960	10300
657	3079	10300
891	3518	10400
1062	3042	10400
1857	3865	10400
2859	3611	10400
1946	3575	10400
2031	3917	10400
357	3015	10500
599	3837	10500
2157	3694	10500
1155	3171	10500
1689	3989	10500
1917	3900	10500
618	3444	10500
988	3477	10500
782	3427	10600
1893	3008	10600
728	3599	10600
2362	3469	10600
1350	3144	10600
256	3338	10600
829	3247	10600
541	3551	10600
2252	3866	10600
215	3804	10700
2686	3233	10700
2349	3711	10700
2474	3677	10700
498	3360	10700
172	3150	10700
816	3266	10700
1981	3830	10700
1643	3736	10700
484	3015	10800
2261	3121	10800
2699	3496	10800
350	3262	10800
257	3641	10800
1935	3715	10800
28	3265	10800
2890	3128	10800
414	3772	10800
722	3595	10900
1066	3230	10900
2863	3545	10900
536	3392	10900
1097	3667	11000
1479	3624	11000
80	3755	11000
2636	3337	11000
1001	3202	11000
176	3297	11000
1401	3985	11000
1736	3839	11000
2734	3665	11100
660	3188	11100
993	3393	11100
1529	3666	11100
2773	3782	11200
2330	3822	11200
1766	3307	11200
2223	3842	11200
986	3040	11200
2471	3571	11200
638	3379	11200
323	3767	11200
2936	3843	11200
2552	3874	11200
150	3137	11300
1168	3715	11300
1465	3551	11300
44	3872	11300
548	3844	11300
687	3341	11300
712	3925	11300
1514	3666	11300
478	3588	11300
861	3439	11300
521	3093	11300
1111	3333	11300
320	3383	11400
2923	3485	11400
1083	3116	11400
1156	3353	11400
25	3866	11400
2976	3000	11500
64	3656	11500
2251	3826	11500
2168	3936	11500
2159	3479	11500
2561	3926	11600
737	3454	11600
2992	3778	11600
2695	3803	11600
114	3564	11600
1108	3498	11600
1237	3215	11600
1994	3017	11600
959	3253	11700
943	3407	11700
761	3783	11700
2786	3935	11700
2193	3811	11700
2081	3030	11700
1061	3358	11700
2630	3167	11800
1621	3060	11800
1775	3604	11800
376	3680	11800
1139	3772	11800
1059	3727	11800
1682	3970	11900
909	3243	11900
1266	3637	11900
1639	3525	11900
1560	3200	11900
1487	3933	11900
2576	3546	11900
2266	3880	11900
2467	3767	11900
2453	3093	11900
2437	3505	11900
423	3673	12000
1908	3284	12000
2746	3934	12000
1717	3998	12000
1283	3722	12000
187	3844	12000
77	3380	12000
686	3604	12000
2022	3560	12000
1915	3634	12000
1890	3191	12000
2393	3005	12100
1417	3351	12100
1742	3565	12100
1347	3203	12100
582	3510	12100
2788	3581	12100
289	3722	12200
637	3733	12200
2984	3539	12200
237	3582	12200
513	3186	12200
1597	3558	12200
2970	3622	12200
700	3252	12200
835	3125	12300
2617	3283	12300
2988	3430	12300
1431	3494	12300
595	3733	12300
669	3247	12300
1869	3598	12300
2757	3280	12300
2798	3648	12300
172	3208	12300
581	3004	12300
1934	3017	12300
2172	3384	12400
473	3909	12400
2206	3235	12400
564	3308	12400
2072	3118	12400
1058	3718	12400
621	3829	12400
2122	3439	12400
2096	3166	12400
1249	3314	12500
564	3009	12500
2117	3689	12500
998	3425	12500
552	3764	12500
1358	3759	12500
1814	3014	12500
2308	3143	12500
639	3371	12600
2931	3630	12600
2590	3186	12600
792	3249	12600
2901	3413	12600
1486	3608	12600
2913	3212	12700
2896	3725	12700
1549	3790	12700
1549	3711	12700
740	3588	12700
1436	3560	12700
386	3281	12700
2235	3182	12700
2670	3016	12800
2377	3468	12800
2836	3346	12800
129	3847	12800
1757	3931	12800
679	3622	12800
2861	3112	12800
2147	3092	12800
1653	3496	12900
267	3357	12900
2230	3448	13000
96	3468	13000
1780	3780	13000
362	3506	13000
2594	3983	13000
837	3675	13000
2623	3415	13000
821	3184	13100
757	3107	13100
2617	3504	13100
659	3167	13100
437	3085	13100
1151	3541	13100
2692	3323	13100
2530	3281	13100
1485	3950	13200
897	3458	13200
2545	3404	13200
640	3299	13200
554	3740	13200
1383	3441	13200
2113	3881	13200
1737	3232	13300
1145	3310	13300
504	3817	13300
1228	3343	13300
1911	3880	13300
903	3577	13400
915	3858	13400
2417	3794	13400
1595	3451	13400
507	3515	13400
1024	3904	13500
2787	3950	13500
2751	3949	13500
1790	3209	13500
1768	3172	13500
832	3670	13500
154	3535	13500
53	3595	13500
2059	3152	13600
2245	3819	13600
232	3575	13600
1319	3922	13600
327	3717	13600
1359	3774	13600
2050	3804	13700
619	3647	13700
133	3038	13700
339	3539	13700
2221	3072	13700
859	3497	13700
1345	3925	13700
2731	3693	13700
688	3814	13700
147	3674	13700
2147	3174	13700
1669	3741	13800
1898	3454	13800
585	3167	13800
1459	3408	13800
836	3558	13800
566	3316	13800
1752	3841	13800
100	3452	13800
1020	3323	13800
658	3125	13900
2328	3926	13900
1412	3810	13900
664	3894	13900
2174	3033	13900
1710	3401	13900
497	3007	13900
1684	3593	13900
2019	3642	14000
2769	3129	14000
2012	3281	14000
1617	3482	14000
1985	3136	14000
2841	3434	14100
2961	3792	14100
2440	3422	14100
1863	3929	14100
2294	3552	14200
931	3799	14200
1479	3527	14200
1901	3647	14200
332	3848	14200
2218	3447	14200
1722	3385	14200
1741	3516	14200
921	3431	14200
2716	3802	14200
1276	3426	14200
2256	3486	14300
1317	3607	14300
295	3369	14300
114	3706	14300
2684	3281	14300
396	3258	14300
1918	3415	14300
703	3323	14300
1477	3552	14300
779	3528	14300
536	3112	14300
1449	3151	14400
694	3919	14400
693	3506	14400
766	3706	14400
815	3564	14400
931	3793	14500
1153	3671	14500
1538	3731	14500
2984	3456	14500
2719	3662	14500
2369	3729	14500
2386	3563	14500
467	3062	14500
695	3210	14600
2099	3197	14600
1228	3382	14600
1819	3665	14700
2891	3607	14700
1170	3973	14700
2164	3378	14700
1512	3626	14700
390	3850	14700
388	3621	14700
489	3045	14700
781	3770	14800
2974	3725	14800
2474	3598	14800
378	3828	14800
2855	3693	14800
344	3735	14800
1405	3896	14800
918	3787	14900
306	3757	14900
807	3932	14900
1506	3075	14900
2428	3778	14900
1846	3007	14900
2133	3571	14900
749	3477	14900
887	3983	14900
937	3848	15000
691	3991	15000
1997	3382	15000
255	3341	15000
1628	3849	15000
2283	3270	15000
1184	3151	15100
1257	3195	15100
1368	3495	15100
1135	3278	15100
2425	3493	15100
2377	3799	15200
1408	3286	15200
1103	3950	15200
2720	3099	15200
1895	3077	15200
164	3819	15200
2398	3426	15200
54	3494	15300
402	3633	15300
177	3094	15300
1905	3128	15300
892	3921	15300
2600	3095	15300
2803	3310	15400
333	3930	15400
843	3659	15400
1056	3172	15400
2107	3100	15400
1507	3596	15400
1566	3812	15500
651	3418	15500
2748	3228	15500
731	3593	15500
925	3966	15500
493	3926	15600
213	3015	15600
822	3851	15600
1289	3517	15600
2806	3416	15600
1997	3229	15600
2114	3109	15700
1081	3630	15700
884	3818	15700
2162	3272	15700
535	3799	15800
551	3059	15800
890	3973	15800
1423	3225	15800
1602	3571	15800
1008	3821	15800
987	3068	15800
1022	3429	15900
2751	3131	15900
2999	3930	15900
635	3145	15900
1547	3303	15900
1432	3819	15900
908	3932	16000
1449	3750	16000
1417	3492	16000
2366	3356	16000
1846	3501	16000
1983	3045	16000
1203	3372	16000
1429	3691	16100
2660	3935	16100
1678	3936	16100
137	3206	16200
718	3326	16200
2163	3261	16200
1648	3333	16200
2053	3215	16300
1598	3104	16300
2045	3187	16300
2727	3060	16300
1630	3343	16300
680	3201	16300
303	3335	16300
310	3248	16400
420	3647	16400
171	3570	16400
2801	3475	16400
2051	3991	16400
2127	3241	16400
1907	3662	16400
2148	3849	16400
1213	3232	16500
2862	3670	16500
173	3891	16500
88	3553	16500
2089	3981	16600
1751	3029	16600
1530	3700	16700
2197	3371	16700
2605	3835	16700
2650	3183	16700
2204	3638	16700
2974	3632	16800
1355	3931	16800
890	3326	16800
2027	3198	16800
1941	3649	16900
75	3032	16900
242	3557	16900
2573	3133	16900
2790	3176	16900
1894	3334	17000
186	3277	17000
675	3443	17000
1292	3643	17000
1541	3760	17000
2327	3028	17000
388	3495	17100
2956	3228	17100
767	3791	17100
2216	3569	17100
670	3853	17200
2240	3532	17200
2189	3157	17200
160	3816	17200
1773	3266	17200
2200	3996	17300
584	3500	17300
2063	3330	17300
2440	3084	17300
1647	3605	17400
2952	3578	17400
2546	3065	17400
2130	3308	17400
2745	3560	17400
530	3807	17400
2815	3896	17400
1558	3749	17500
1321	3522	17500
2072	3495	17500
1418	3732	17500
780	3759	17500
910	3702	17500
2518	3439	17500
2784	3700	17500
1744	3000	17600
683	3146	17600
81	3564	17600
207	3530	17600
375	3306	17600
2374	3965	17700
2821	3974	17700
518	3353	17700
745	3682	17800
476	3687	17800
1312	3583	17800
1755	3663	17800
1614	3324	17800
510	3008	17900
1760	3468	17900
1765	3920	17900
71	3070	17900
868	3742	17900
201	3410	17900
85	3462	17900
1046	3628	17900
2653	3405	18000
2325	3319	18000
198	3686	18000
2252	3357	18000
1637	3650	18000
1611	3698	18000
2489	3332	18100
291	3887	18100
1680	3431	18100
249	3997	18100
1765	3193	18200
1671	3183	18200
2718	3944	18200
2920	3228	18200
355	3106	18200
1568	3852	18200
2139	3674	18200
1301	3961	18200
630	3028	18200
1193	3332	18300
1057	3537	18300
1901	3217	18300
273	3359	18300
690	3022	18300
196	3679	18400
1316	3149	18400
2993	3634	18400
2478	3311	18500
2047	3664	18500
1884	3674	18500
2845	3392	18600
238	3787	18600
2582	3846	18600
2005	3417	18600
2637	3933	18600
1234	3258	18600
2373	3756	18600
124	3313	18600
389	3014	18600
2321	3174	18600
1389	3610	18700
1719	3960	18700
2347	3410	18700
41	3129	18700
2276	3703	18700
1157	3892	18800
101	3145	18800
329	3507	18800
877	3984	18800
2460	3039	18800
583	3896	18900
2203	3279	18900
2906	3693	18900
2267	3763	18900
2538	3039	18900
416	3299	19000
994	3990	19000
1026	3074	19000
1881	3479	19000
142	3313	19000
2780	3511	19100
291	3871	19200
322	3893	19200
895	3821	19200
2921	3261	19200
2552	3708	19200
1976	3887	19300
1466	3371	19300
2514	3119	19300
277	3443	19300
2009	3391	19300
1012	3538	19400
2205	3579	19400
2541	3284	19400
972	3151	19400
170	3287	19400
2808	3684	19400
1831	3823	19400
1508	3743	19400
2910	3821	19400
2152	3954	19400
308	3587	19400
1438	3923	19400
1317	3775	19500
1555	3096	19500
318	3625	19500
2944	3396	19500
309	3177	19500
1419	3152	19600
373	3445	19600
2598	3630	19600
499	3819	19600
857	3908	19600
2062	3542	19700
1014	3556	19700
1238	3378	19700
798	3064	19700
1503	3402	19700
2954	3928	19800
912	3364	19800
1827	3516	19800
1206	3009	19800
2363	3328	19900
418	3483	19900
2703	3675	19900
785	3543	19900
2846	3414	19900
1390	3037	19900
2895	3281	19900
406	3440	19900
1352	3810	20000
2428	3080	20000
2253	3917	20000
1294	3311	20100
164	3802	20100
2505	3358	20100
2034	3695	20100
2391	3180	20200
821	3723	20200
1416	3727	20200
1663	3150	20200
2955	3134	20300
2600	3922	20300
2832	3151	20400
440	3538	20400
2206	3820	20400
2547	3228	20400
1696	3852	20400
1599	3148	20500
2021	3932	20500
756	3283	20500
2337	3633	20500
1523	3328	20500
1448	3709	20500
1278	3921	20500
2994	3097	20600
410	3548	20600
1880	3916	20600
2692	3130	20600
326	3602	20700
477	3301	20700
646	3825	20700
2526	3308	20700
1267	3389	20700
1158	3650	20700
1119	3613	20800
1100	3456	20800
2608	3006	20800
2248	3414	20800
833	3539	20900
2572	3856	20900
2937	3027	20900
1996	3673	21000
869	3301	21000
885	3407	21000
769	3791	21000
753	3654	21000
2234	3717	21000
1147	3270	21000
1483	3711	21100
1950	3995	21100
131	3405	21100
1575	3074	21100
1079	3384	21200
2791	3370	21200
983	3207	21200
1348	3870	21200
325	3434	21300
1687	3119	21300
347	3246	21300
1826	3983	21400
1002	3798	21400
1607	3131	21500
137	3213	21500
2081	3912	21500
1878	3696	21600
1052	3665	21700
2151	3724	21700
494	3447	21700
244	3075	21700
1095	3249	21700
2724	3623	21700
1109	3377	21800
157	3873	21800
2882	3898	21800
2525	3988	21800
1328	3342	22000
2965	3696	22000
2863	3757	22000
2128	3034	22000
560	3342	22100
2625	3676	22100
57	3995	22100
1871	3508	22100
2302	3326	22100
2078	3208	22100
413	3779	22200
1861	3889	22200
824	3433	22200
2540	3745	22200
1857	3546	22200
117	3507	22200
1969	3796	22200
1807	3937	22200
780	3159	22200
2858	3524	22200
2818	3043	22300
2645	3914	22300
715	3032	22300
1624	3825	22300
1255	3571	22300
2619	3159	22300
1406	3353	22300
987	3595	22300
253	3713	22500
967	3613	22500
1341	3918	22500
1088	3293	22500
1800	3035	22600
1293	3963	22600
855	3401	22600
774	3069	22600
2564	3648	22600
1279	3260	22700
2212	3636	22700
2856	3941	22700
1743	3927	22700
645	3287	22800
932	3478	22800
2157	3920	22800
1465	3475	22800
887	3401	22800
2008	3559	22900
2744	3987	22900
1505	3216	22900
2104	3677	22900
247	3910	23000
264	3474	23000
2912	3453	23000
63	3160	23000
559	3259	23000
2464	3405	23000
1186	3689	23000
2688	3925	23000
1390	3524	23000
1442	3978	23100
1573	3189	23100
1411	3666	23100
889	3823	23100
516	3441	23100
229	3248	23200
2103	3975	23200
1975	3099	23200
2392	3312	23200
2305	3315	23200
2209	3941	23200
1121	3768	23300
2797	3711	23400
2314	3707	23400
2927	3398	23400
2217	3866	23400
958	3044	23500
1871	3362	23500
1501	3012	23500
1850	3535	23500
1541	3491	23500
2541	3175	23600
1347	3678	23600
2333	3815	23600
9	3432	23600
2004	3349	23700
878	3608	23700
1028	3471	23700
2817	3961	23700
1743	3589	23800
80	3279	23800
492	3158	23800
868	3776	23800
1123	3066	23800
682	3673	23900
2678	3567	23900
2720	3224	23900
967	3134	23900
1889	3375	23900
6	3683	24000
206	3358	24000
1087	3718	24000
169	3161	24100
2783	3684	24100
5	3508	24100
2451	3786	24100
1916	3855	24100
2860	3617	24100
2131	3176	24200
939	3178	24300
762	3172	24300
1440	3341	24300
425	3636	24300
1731	3074	24300
1808	3279	24400
874	3566	24400
800	3354	24400
2754	3546	24400
2058	3442	24400
788	3722	24500
2562	3745	24500
2646	3734	24500
1631	3331	24500
1952	3668	24500
2818	3111	24600
1638	3284	24600
2929	3474	24600
2212	3076	24600
1831	3114	24600
760	3358	24600
1773	3576	24600
2257	3169	24700
2663	3567	24700
1735	3298	24700
955	3241	24700
101	3604	24700
312	3781	24700
1250	3466	24800
2595	3886	24800
2548	3161	24800
2281	3078	24800
145	3273	24800
1295	3111	24900
882	3342	24900
2495	3629	24900
1308	3435	24900
2450	3252	24900
2632	3839	24900
563	3553	24900
2767	3448	25000
1208	3566	25000
665	3216	25000
2304	3345	25000
2885	3413	25000
1853	3201	25000
1407	3068	25000
2926	3805	25100
2172	3412	25100
2303	3064	25100
86	3681	25100
1984	3589	25200
1991	3976	25200
1373	3737	25300
1076	3044	25300
927	3347	25300
1974	3038	25400
778	3190	25400
859	3259	25400
606	3121	25500
2230	3754	25500
565	3170	25500
2838	3468	25600
814	3683	25600
983	3300	25600
2447	3932	25700
2429	3070	25700
1532	3188	25700
2643	3483	25800
1075	3344	25800
963	3081	25800
90	3738	25800
425	3616	25900
2992	3731	26000
2820	3911	26100
1844	3233	26100
971	3980	26100
893	3520	26100
2452	3026	26200
1856	3483	26200
2605	3454	26300
2782	3223	26300
384	3006	26300
1865	3971	26400
684	3359	26400
2583	3923	26400
2714	3846	26500
1057	3460	26500
282	3848	26500
338	3852	26600
2517	3680	26600
2875	3013	26700
1450	3026	26700
1195	3991	26700
85	3390	26700
430	3960	26800
2860	3870	26800
482	3591	26800
2553	3208	26800
624	3199	26900
1975	3910	26900
2613	3825	26900
130	3646	26900
2506	3789	26900
1180	3251	26900
1879	3083	27000
1457	3619	27000
214	3465	27000
1958	3336	27000
2511	3632	27000
2074	3141	27100
961	3409	27200
2540	3932	27200
2506	3216	27200
2330	3850	27200
1991	3079	27200
1089	3336	27300
2231	3444	27300
1744	3141	27400
396	3118	27400
1467	3010	27400
2993	3751	27400
803	3521	27500
127	3145	27500
776	3471	27600
1348	3600	27600
2158	3317	27600
2454	3911	27700
2091	3532	27700
1192	3178	27700
2939	3484	27700
21	3268	27800
1236	3257	27800
715	3614	27900
590	3892	27900
746	3989	27900
258	3315	27900
2726	3440	27900
2713	3184	28000
120	3052	28000
2872	3341	28000
919	3093	28000
2669	3318	28000
2140	3467	28000
940	3232	28100
788	3971	28100
2303	3123	28100
1316	3365	28100
2210	3402	28100
2706	3463	28100
2852	3024	28200
2912	3431	28200
986	3305	28200
45	3192	28200
1711	3357	28200
1929	3793	28300
1163	3308	28300
1237	3612	28300
78	3294	28400
1078	3955	28400
1291	3611	28400
1536	3049	28400
2680	3054	28400
1821	3812	28500
711	3631	28500
2821	3475	28500
1039	3024	28500
2153	3734	28500
1043	3180	28600
2005	3642	28600
688	3181	28600
562	3254	28600
119	3299	28700
2967	3679	28700
2111	3881	28700
1320	3719	28700
1973	3496	28800
1412	3609	28800
2121	3683	28800
2894	3409	28800
652	3605	28800
1505	3789	28800
2134	3634	28800
2845	3372	28800
247	3363	28900
2274	3747	28900
1177	3750	28900
1133	3325	28900
2244	3819	28900
857	3110	28900
2066	3764	29000
1805	3105	29000
30	3547	29100
2029	3825	29100
363	3228	29100
1569	3406	29100
1593	3254	29100
168	3565	29200
2430	3834	29200
468	3939	29200
2466	3857	29200
2768	3093	29200
847	3518	29300
2135	3965	29300
1677	3134	29300
733	3026	29300
621	3493	29300
253	3428	29400
1252	3257	29500
2696	3959	29500
2675	3098	29600
2479	3000	29600
2558	3446	29600
60	3238	29600
1171	3864	29700
2431	3980	29700
2060	3248	29800
2285	3124	29800
1949	3323	29800
2291	3222	29800
980	3433	29900
490	3323	29900
232	3761	29900
1666	3974	30000
2663	3131	30100
1677	3909	30100
1587	3197	30200
2939	3692	30200
575	3822	30200
1069	3514	30200
1200	3498	30200
1667	3304	30300
1114	3380	30300
2718	3534	30300
18	3806	30300
2735	3087	30400
22	3197	30400
193	3583	30400
2086	3967	30400
1965	3858	30500
872	3865	30500
1745	3212	30600
2814	3314	30600
276	3419	30600
1377	3156	30600
2760	3539	30600
2464	3898	30600
1718	3065	30700
2690	3168	30700
2943	3511	30700
2590	3091	30800
716	3677	30800
1053	3089	30900
199	3593	30900
706	3278	30900
1246	3925	30900
2310	3916	30900
1468	3629	31000
1230	3004	31000
1492	3098	31000
2681	3246	31100
1293	3500	31100
397	3889	31200
1641	3413	31200
651	3241	31200
1068	3142	31300
1199	3124	31300
1567	3781	31300
2003	3644	31300
2738	3209	31400
2458	3512	31500
185	3449	31500
201	3397	31500
877	3985	31500
1050	3277	31500
47	3822	31500
941	3802	31500
1691	3749	31600
152	3499	31600
2020	3255	31600
743	3031	31700
1995	3167	31700
2279	3495	31700
2480	3352	31700
2077	3490	31800
1930	3321	31800
2585	3209	31800
2061	3186	31800
492	3548	31800
789	3816	31800
1982	3569	31800
64	3276	31900
738	3826	31900
2618	3402	31900
1187	3243	32000
1574	3367	32000
511	3687	32100
1018	3973	32100
2592	3083	32200
626	3094	32200
1978	3841	32200
432	3941	32200
1703	3977	32300
1489	3499	32300
766	3879	32300
1969	3672	32300
2272	3056	32400
1402	3867	32400
191	3575	32400
681	3165	32500
2483	3274	32500
1903	3697	32500
542	3755	32600
1335	3512	32600
1191	3298	32600
2061	3126	32600
1459	3679	32600
317	3194	32600
2686	3750	32700
454	3410	32700
2449	3181	32700
799	3288	32700
1000	3304	32800
192	3036	32800
1608	3838	32800
4	3896	32800
782	3951	32900
1910	3404	32900
1420	3067	32900
549	3049	32900
1635	3832	33000
2338	3232	33000
331	3301	33000
641	3467	33000
1715	3037	33000
2795	3056	33100
2931	3992	33100
1152	3059	33100
1809	3867	33100
1919	3844	33100
1603	3387	33100
2781	3898	33200
1476	3558	33200
1344	3485	33300
872	3036	33400
1661	3996	33500
2407	3393	33500
2842	3742	33500
1032	3086	33500
2962	3263	33600
2293	3869	33600
1380	3132	33600
557	3359	33600
124	3967	33600
1759	3461	33700
2264	3977	33800
944	3205	33800
1597	3913	33800
35	3868	33800
270	3901	33800
1791	3695	33800
571	3805	33900
283	3276	33900
1804	3592	33900
1562	3822	33900
1029	3156	34000
1784	3447	34000
1498	3100	34000
416	3981	34200
993	3431	34200
576	3363	34300
721	3023	34300
2379	3106	34300
856	3830	34300
2283	3039	34300
2627	3555	34400
1753	3412	34500
1050	3772	34500
448	3925	34600
1146	3908	34600
2449	3814	34600
2879	3627	34700
2911	3797	34700
2431	3740	34700
2873	3401	34700
2813	3063	34800
643	3198	34800
193	3684	34900
1859	3792	34900
2041	3965	35000
1701	3494	35000
589	3659	35000
1205	3262	35000
1106	3891	35100
1456	3627	35100
2739	3842	35100
2166	3568	35200
188	3740	35200
207	3066	35200
1589	3922	35200
209	3176	35200
2867	3993	35300
535	3222	35300
1786	3667	35300
464	3853	35300
2295	3656	35300
1546	3577	35400
1787	3914	35400
2532	3878	35400
314	3855	35400
2793	3367	35500
2765	3333	35600
2930	3165	35600
2070	3521	35600
1848	3627	35600
79	3160	35700
404	3118	35700
572	3201	35700
1645	3095	35700
2697	3090	35900
1962	3081	35900
828	3676	36000
2375	3625	36000
696	3058	36000
1018	3305	36100
1987	3666	36100
935	3724	36200
2657	3401	36200
2459	3863	36300
2849	3822	36300
417	3092	36300
313	3055	36300
1830	3577	36400
72	3741	36400
2243	3473	36400
628	3791	36400
118	3047	36400
2065	3547	36500
1297	3924	36500
49	3522	36500
1674	3133	36500
591	3597	36600
2804	3245	36700
497	3936	36700
414	3389	36700
1894	3221	37000
2405	3348	37000
1931	3781	37000
2905	3767	37000
143	3934	37000
2639	3610	37100
348	3943	37100
1689	3336	37200
677	3229	37200
2754	3885	37200
2180	3198	37300
2334	3450	37400
2300	3159	37400
1239	3368	37500
1532	3295	37500
1271	3275	37500
2755	3961	37500
2554	3806	37500
491	3552	37500
561	3749	37600
1811	3474	37600
2465	3770	37600
2591	3516	37600
1264	3259	37600
2651	3203	37600
2247	3118	37600
1675	3700	37600
2046	3209	37700
1064	3491	37800
439	3633	37900
403	3275	37900
1753	3974	37900
2416	3170	37900
2835	3662	37900
136	3040	38000
228	3163	38000
1162	3270	38000
2274	3730	38100
513	3091	38100
2669	3591	38100
1285	3245	38200
240	3205	38200
5	3742	38200
2304	3519	38200
898	3095	38200
89	3853	38300
1427	3669	38300
1580	3845	38300
824	3780	38300
1318	3072	38400
1951	3145	38400
1298	3598	38400
941	3396	38400
1058	3529	38400
2969	3270	38400
1272	3931	38500
2076	3748	38500
972	3540	38600
2013	3133	38600
1740	3114	38600
1094	3686	38600
2856	3396	38600
221	3296	38700
2241	3888	38700
1708	3808	38800
320	3538	38900
2801	3835	38900
973	3514	38900
1543	3164	39000
1542	3658	39000
1535	3608	39000
2981	3298	39100
204	3974	39100
2914	3007	39100
1776	3543	39100
1774	3473	39200
2002	3086	39200
2512	3636	39200
2855	3546	39200
1197	3750	39300
2555	3200	39300
693	3786	39300
847	3949	39400
908	3547	39400
1312	3684	39600
1809	3197	39600
2936	3207	39600
2846	3479	39600
2171	3490	39700
1260	3776	39700
2049	3269	39700
2871	3698	39800
24	3938	39800
2124	3070	39800
1383	3689	39800
2968	3791	39900
153	3997	39900
412	3088	40000
1782	3487	40000
2207	3706	40000
954	3331	40000
485	3288	40000
2659	3736	40000
1462	3691	40100
256	3944	40100
1944	3127	40100
1010	3873	40200
1089	3655	40200
2302	3329	40200
2290	3129	40200
274	3939	40200
301	3361	40300
969	3811	40300
759	3530	40300
2587	3601	40300
2764	3607	40400
764	3962	40500
108	3311	40500
844	3516	40500
876	3764	40500
858	3100	40500
2002	3343	40600
141	3675	40600
823	3800	40700
1481	3522	40800
1788	3399	40900
1590	3238	40900
2448	3124	40900
61	3130	40900
811	3033	41000
1303	3900	41000
136	3776	41000
2094	3721	41000
2524	3100	41000
2843	3661	41100
1911	3201	41100
401	3266	41100
1098	3377	41200
2595	3795	41200
1321	3399	41200
756	3504	41200
2733	3902	41300
38	3452	41300
2711	3897	41300
2831	3893	41400
1920	3158	41500
2676	3551	41500
1149	3239	41500
1515	3269	41500
1203	3392	41500
2345	3746	41500
1596	3539	41600
307	3958	41600
2488	3451	41600
167	3523	41600
2642	3130	41600
1680	3185	41700
2874	3205	41700
954	3177	41700
2319	3552	41700
2358	3731	41900
1148	3303	41900
2620	3045	41900
2425	3806	41900
2171	3691	42000
550	3225	42000
629	3749	42100
2868	3090	42100
1837	3744	42100
2319	3211	42100
1461	3215	42200
2700	3147	42200
2986	3682	42200
2208	3769	42300
1110	3867	42400
2453	3110	42400
1885	3179	42500
1240	3198	42500
16	3824	42500
1033	3519	42600
1836	3968	42600
1300	3254	42700
2336	3071	42700
1360	3514	42700
879	3534	42700
769	3154	42700
622	3372	42700
368	3184	42800
411	3687	42800
108	3876	42800
2318	3149	42800
1667	3334	42900
2461	3708	42900
534	3457	42900
398	3055	42900
1897	3265	43000
2214	3394	43100
1107	3295	43100
1131	3770	43100
2429	3312	43100
52	3236	43100
1113	3358	43100
1484	3657	43100
486	3350	43300
712	3086	43300
315	3359	43300
2999	3283	43500
2142	3728	43500
480	3554	43500
1836	3292	43500
1942	3311	43600
1046	3544	43600
1349	3994	43600
370	3234	43600
1660	3623	43600
2712	3713	43700
851	3487	43700
863	3331	43700
87	3269	43700
2529	3955	43700
289	3152	43800
1950	3835	43800
733	3205	43800
1120	3438	43800
317	3328	43800
2320	3572	43800
922	3892	43900
1509	3789	43900
1685	3638	43900
1430	3559	44100
95	3404	44100
2055	3974	44100
1036	3829	44200
2118	3198	44200
484	3904	44300
1233	3399	44300
1580	3942	44300
2940	3522	44400
296	3262	44400
512	3132	44500
2055	3723	44500
300	3944	44500
2182	3508	44500
962	3506	44500
1116	3457	44500
1086	3978	44600
493	3020	44600
2221	3655	44600
488	3487	44600
1770	3395	44600
2024	3834	44600
1307	3587	44600
1922	3439	44600
2712	3428	44700
1464	3006	44700
1931	3611	44700
1983	3252	44700
1517	3934	44700
200	3421	44800
2693	3666	44800
2608	3072	44900
1636	3562	44900
446	3567	45000
2241	3446	45000
270	3588	45000
2434	3613	45100
2570	3735	45100
2776	3151	45200
2131	3815	45200
2399	3950	45300
1925	3348	45300
547	3678	45300
1792	3435	45300
1768	3459	45400
2458	3780	45400
1924	3549	45400
853	3229	45400
1980	3046	45500
656	3475	45500
93	3469	45500
2844	3909	45500
1320	3900	45500
199	3816	45500
2898	3680	45500
2640	3292	45500
553	3877	45600
2384	3621	45600
789	3130	45600
1442	3472	45700
1692	3981	45700
2149	3562	45700
488	3909	45700
1208	3859	45800
640	3962	45800
260	3777	45800
2857	3789	45800
144	3189	45800
117	3709	45800
417	3174	45800
1488	3960	45900
867	3802	45900
1388	3873	46000
2951	3684	46000
1227	3212	46100
1254	3337	46100
299	3400	46200
1141	3716	46200
1914	3356	46200
818	3793	46300
1860	3613	46300
691	3259	46300
2646	3312	46300
1356	3573	46300
2584	3666	46400
1337	3063	46400
1366	3397	46400
1603	3643	46400
1700	3505	46400
1638	3917	46400
1860	3400	46500
403	3456	46500
916	3499	46500
2791	3418	46500
1434	3432	46600
886	3921	46600
167	3638	46600
1467	3643	46600
1980	3215	46700
1892	3284	46700
694	3592	46700
2932	3999	46700
1927	3339	46800
2633	3603	46800
1355	3627	46900
767	3378	46900
1217	3258	46900
2031	3649	46900
2735	3059	47000
970	3825	47000
230	3290	47000
1651	3908	47000
1359	3254	47000
2083	3956	47100
2979	3190	47100
540	3770	47100
2095	3127	47100
1674	3207	47100
2409	3298	47200
1513	3503	47200
1002	3319	47200
1421	3588	47200
424	3570	47300
556	3921	47300
1134	3640	47300
2709	3813	47300
669	3847	47400
170	3366	47400
2862	3969	47400
1174	3003	47400
1644	3765	47400
1864	3263	47500
1013	3754	47500
833	3275	47500
197	3740	47500
2770	3412	47500
1724	3400	47600
1198	3430	47600
62	3241	47600
399	3949	47700
38	3391	47700
1426	3150	47700
1799	3164	47800
2882	3264	47800
2527	3128	47800
805	3277	47800
517	3965	48000
2919	3299	48000
2824	3590	48000
139	3549	48000
677	3275	48000
978	3645	48000
2451	3621	48000
0	3027	48000
233	3751	48000
1308	3455	48000
163	3635	48100
2911	3404	48100
1067	3446	48100
2805	3833	48200
2650	3582	48200
1641	3933	48200
2112	3258	48200
2589	3821	48300
2898	3118	48300
2756	3244	48300
344	3618	48300
604	3474	48400
905	3052	48400
1660	3082	48400
1796	3552	48400
301	3210	48500
2162	3226	48500
758	3819	48500
1482	3474	48600
58	3071	48600
1251	3122	48600
2400	3207	48600
1780	3433	48700
2597	3659	48700
1896	3843	48700
2823	3890	48700
2568	3949	48800
2341	3059	48800
46	3806	48800
2300	3759	48800
342	3167	48900
495	3872	48900
1128	3980	48900
1411	3236	48900
2485	3826	48900
2239	3012	48900
2579	3628	48900
2192	3960	48900
2475	3988	48900
372	3964	49000
1763	3100	49000
1579	3765	49000
433	3574	49000
47	3489	49200
58	3757	49300
1920	3548	49300
602	3989	49300
1210	3963	49300
1684	3744	49300
1916	3514	49300
2808	3464	49400
248	3657	49400
450	3795	49500
1104	3175	49500
168	3399	49500
2286	3162	49500
2187	3867	49500
1099	3786	49500
98	3768	49500
2861	3166	49500
1178	3832	49600
84	3388	49600
529	3252	49600
2280	3443	49700
452	3448	49800
1778	3285	49800
2702	3275	49800
2415	3655	49800
2255	3915	49800
205	3040	49800
2930	3716	49900
2349	3183	49900
250	3421	49900
2485	3370	49900
2577	3640	49900
1064	3760	49900
1495	3728	50000
129	3526	50000
1989	3836	50000
451	3206	50000
1822	3128	50000
1395	3484	50000
2707	3135	50000
1548	3547	50100
2696	3661	50100
2268	3830	50100
871	3765	50100
1848	3931	50200
957	3061	50200
1385	3076	50200
1522	3598	50200
1971	3100	50200
977	3685	50300
718	3329	50300
2267	3660	50300
1714	3458	50400
1504	3262	50400
1685	3288	50500
1484	3440	50500
2178	3031	50600
2763	3322	50600
2648	3354	50600
1151	3018	50600
723	3069	50600
2550	3339	50700
2496	3951	50700
1778	3337	50700
948	3475	50700
1128	3565	50700
726	3033	50700
1604	3117	50700
311	3451	50700
1800	3242	50800
1007	3032	50800
1817	3422	50800
674	3176	50800
1825	3491	50800
1821	3502	50900
2774	3186	50900
2679	3938	50900
1489	3077	50900
2444	3946	51000
1381	3923	51000
2799	3371	51200
1808	3566	51300
258	3069	51300
81	3958	51300
948	3551	51400
284	3971	51500
2978	3523	51500
1707	3161	51600
926	3894	51600
1439	3371	51700
469	3935	51700
40	3351	51800
1721	3274	51800
998	3888	51800
2424	3012	51800
2096	3528	51800
880	3705	51800
1226	3059	51900
347	3656	51900
1005	3060	51900
1394	3027	51900
512	3749	52000
409	3436	52000
2596	3918	52000
74	3692	52000
1723	3791	52000
798	3937	52000
2691	3236	52100
1107	3487	52100
1440	3425	52100
1220	3344	52100
508	3347	52100
218	3476	52100
783	3188	52200
783	3390	52200
98	3262	52200
2569	3248	52300
239	3144	52300
1096	3928	52300
526	3626	52300
1566	3496	52400
958	3903	52400
2021	3240	52400
133	3555	52400
350	3166	52400
732	3960	52500
2371	3010	52500
1611	3891	52500
2691	3973	52600
2779	3330	52600
1875	3941	52600
2652	3880	52600
744	3661	52600
740	3885	52600
459	3612	52600
1624	3080	52700
1033	3850	52700
2604	3092	52700
1012	3102	52800
2115	3109	52800
17	3340	52800
914	3616	52800
2517	3751	52800
2423	3664	52800
2759	3420	52900
1190	3861	52900
374	3327	53000
1686	3458	53000
2126	3629	53000
2614	3793	53100
2964	3083	53100
645	3366	53100
2387	3501	53100
2769	3692	53100
1329	3978	53200
1865	3949	53200
1534	3078	53200
1904	3458	53200
2678	3368	53300
1818	3271	53300
2661	3955	53300
2719	3855	53300
2491	3633	53400
1264	3189	53400
1190	3086	53400
2901	3645	53400
1688	3935	53500
1707	3183	53500
586	3480	53500
1194	3662	53500
200	3195	53600
1571	3748	53600
2813	3948	53600
2933	3130	53600
448	3009	53800
472	3744	53800
1077	3543	53800
2232	3214	53800
2054	3196	53900
461	3519	53900
233	3921	53900
2018	3079	53900
2015	3068	53900
2017	3043	54000
2439	3564	54100
178	3007	54100
2351	3401	54100
2347	3397	54100
2814	3038	54200
2979	3052	54200
995	3710	54200
568	3244	54200
862	3165	54300
2249	3921	54300
359	3108	54300
1415	3319	54300
458	3404	54400
1450	3223	54400
1673	3558	54400
2812	3326	54400
2408	3163	54400
738	3239	54400
2384	3670	54400
1241	3705	54400
2227	3102	54500
822	3050	54500
472	3467	54600
2204	3523	54600
647	3427	54700
1266	3712	54700
1564	3456	54700
1079	3412	54800
1615	3142	54800
1634	3334	54900
1215	3417	54900
132	3441	54900
2776	3540	55000
1787	3156	55000
2943	3791	55000
1386	3883	55000
2510	3228	55100
765	3455	55100
753	3133	55100
2287	3955	55100
2180	3191	55100
1828	3807	55100
710	3602	55200
559	3497	55200
292	3453	55200
2731	3546	55200
470	3018	55200
525	3945	55200
794	3737	55300
3	3426	55300
713	3807	55300
1524	3626	55400
2057	3459	55400
2160	3790	55500
1247	3586	55500
2877	3379	55500
1139	3389	55500
2768	3177	55500
2544	3310	55600
2153	3652	55600
2014	3727	55600
1510	3042	55700
1545	3945	55700
496	3934	55700
2326	3862	55800
2198	3219	55800
2105	3626	55800
2422	3754	55900
2701	3688	55900
1576	3667	56000
1866	3781	56000
518	3686	56000
2048	3003	56100
625	3500	56100
329	3831	56100
1336	3553	56100
2214	3619	56200
2629	3710	56200
2757	3530	56200
1511	3344	56200
2554	3493	56200
220	3862	56300
1633	3152	56300
2323	3380	56300
210	3303	56300
1420	3058	56300
731	3012	56300
2713	3840	56400
1447	3186	56400
2782	3087	56400
634	3307	56400
2182	3876	56400
1366	3129	56400
730	3729	56400
2064	3031	56500
2580	3115	56500
586	3319	56500
160	3379	56500
1219	3856	56500
246	3687	56600
1022	3766	56600
413	3694	56600
844	3534	56600
42	3728	56600
385	3626	56600
1506	3710	56600
1544	3841	56600
2616	3452	56600
2433	3614	56700
1142	3970	56700
2807	3783	56700
519	3346	56700
1311	3596	56700
2878	3955	56700
447	3965	56800
889	3817	56800
442	3947	56800
2194	3994	56800
2810	3343	56800
2513	3288	56800
2775	3536	56800
1864	3403	56900
2309	3003	56900
2288	3293	56900
814	3055	56900
945	3873	57000
1119	3167	57000
2410	3311	57000
2665	3759	57000
1399	3092	57000
909	3620	57100
947	3971	57100
580	3395	57100
2173	3185	57100
867	3396	57100
1006	3116	57100
2318	3530	57100
1757	3801	57200
1165	3838	57200
2294	3760	57200
2358	3778	57300
435	3541	57300
297	3050	57400
1081	3260	57400
849	3840	57500
1073	3384	57500
2469	3980	57500
1422	3261	57500
1932	3372	57500
1730	3606	57700
2909	3977	57700
2728	3114	57700
775	3638	57700
2343	3368	57800
1540	3156	57800
1179	3186	57800
2889	3122	57800
2254	3467	57800
2990	3720	57900
2972	3456	57900
144	3021	57900
1642	3543	57900
631	3104	58000
89	3099	58000
1173	3851	58000
1409	3384	58000
1557	3586	58000
2972	3544	58000
1211	3119	58000
377	3278	58000
249	3379	58000
1999	3677	58100
558	3487	58100
1435	3390	58100
2523	3380	58100
856	3451	58100
78	3011	58200
1619	3330	58200
1443	3147	58200
2526	3645	58200
2184	3220	58200
674	3391	58200
2360	3738	58300
1764	3916	58300
2709	3473	58300
2528	3030	58300
1373	3373	58300
1290	3965	58400
2367	3526	58400
1873	3128	58400
112	3084	58400
88	3215	58500
121	3783	58500
2851	3721	58500
298	3110	58500
2482	3701	58500
2794	3043	58600
7	3630	58600
1895	3499	58600
500	3612	58600
639	3021	58700
1990	3026	58700
2805	3595	58700
653	3950	58800
2694	3219	58800
1770	3173	58800
2710	3405	58800
1212	3438	58800
2059	3518	58900
1557	3287	58900
956	3465	58900
2495	3782	58900
1572	3229	58900
461	3227	58900
2991	3830	58900
1175	3738	59000
1161	3733	59000
1619	3185	59000
1235	3662	59000
557	3251	59000
569	3073	59000
422	3653	59000
2475	3634	59000
465	3436	59100
2606	3724	59100
1900	3369	59100
266	3986	59100
2579	3200	59100
1875	3328	59100
1274	3879	59100
1981	3192	59100
888	3098	59100
1691	3624	59200
649	3721	59200
1253	3494	59200
1735	3508	59200
915	3362	59200
1243	3997	59200
1754	3624	59300
1979	3873	59300
2100	3334	59300
1281	3378	59300
2004	3823	59300
2671	3639	59300
1837	3467	59300
2928	3458	59400
1851	3076	59400
1330	3009	59400
70	3653	59400
73	3646	59500
1528	3847	59500
2340	3077	59500
2868	3481	59500
886	3047	59500
850	3489	59500
1351	3588	59500
1651	3438	59500
1172	3943	59500
682	3125	59600
110	3688	59600
1183	3371	59600
916	3077	59600
2115	3804	59700
2305	3744	59700
1961	3608	59700
1885	3203	59700
2749	3163	59700
1410	3360	59700
911	3327	59800
1548	3745	59800
1163	3980	59800
816	3520	59800
726	3658	59900
2282	3375	59900
1121	3857	59900
1386	3600	59900
1789	3352	59900
598	3724	60000
2903	3851	60000
2581	3217	60000
187	3155	60000
1622	3480	60000
2325	3719	60000
1953	3689	60000
2039	3588	60000
1810	3467	60000
668	3846	60100
471	3712	60100
1272	3196	60100
2278	3944	60100
2854	3077	60100
774	3315	60100
655	3234	60100
1051	3802	60100
1102	3244	60100
2601	3370	60200
2622	3753	60200
1646	3725	60300
2591	3534	60300
1832	3913	60300
151	3029	60300
2716	3396	60300
1976	3871	60400
1226	3745	60400
2918	3827	60400
1008	3834	60400
924	3952	60500
2389	3156	60500
279	3800	60500
759	3280	60500
2623	3355	60500
2670	3785	60600
110	3970	60600
736	3330	60600
430	3994	60600
2593	3385	60700
1122	3264	60700
907	3423	60700
1695	3187	60700
1132	3912	60700
1712	3853	60800
111	3805	60900
2054	3758	60900
1958	3684	60900
176	3626	60900
334	3381	61000
245	3836	61000
1840	3078	61000
1968	3513	61000
1100	3544	61000
1196	3947	61000
1807	3064	61000
758	3941	61000
1038	3934	61000
476	3419	61100
1017	3512	61100
2545	3797	61100
2331	3748	61100
1261	3357	61100
217	3635	61200
1209	3582	61200
2111	3843	61200
2025	3601	61200
2317	3815	61200
2175	3695	61200
2964	3862	61300
2183	3473	61300
1094	3353	61300
441	3894	61400
1374	3503	61400
126	3646	61400
1288	3654	61400
1782	3155	61500
1346	3513	61500
869	3434	61600
2876	3957	61600
2249	3834	61600
1902	3999	61600
1649	3084	61600
1016	3988	61600
391	3021	61700
1794	3783	61700
2548	3217	61700
1695	3077	61700
1842	3863	61700
1136	3180	61800
1061	3057	61800
1054	3418	61800
838	3252	61800
2887	3859	61900
1027	3835	61900
722	3943	61900
542	3279	62000
2962	3403	62100
77	3047	62100
2390	3235	62200
1114	3752	62200
1287	3880	62200
734	3920	62300
1328	3420	62300
2676	3990	62300
1087	3529	62300
2522	3615	62400
2537	3464	62400
751	3994	62400
1238	3692	62400
895	3418	62400
546	3296	62500
1065	3311	62500
175	3999	62500
951	3124	62500
630	3284	62500
2353	3996	62600
791	3378	62600
1286	3423	62600
1583	3124	62600
1844	3875	62700
2486	3754	62700
670	3383	62700
661	3570	62700
1279	3517	62700
2876	3863	62700
185	3227	62700
770	3462	62700
475	3440	62700
268	3503	62800
1544	3408	62800
1448	3507	62800
2307	3030	62800
2619	3759	62800
1384	3968	62800
402	3513	62900
1903	3645	62900
2584	3057	62900
2403	3176	62900
1960	3073	62900
1554	3518	63000
1052	3795	63000
1252	3056	63000
1323	3794	63000
31	3259	63000
900	3992	63000
2379	3290	63000
2071	3937	63000
2306	3813	63000
1618	3643	63000
1325	3634	63000
2933	3573	63000
1392	3641	63100
1935	3577	63100
2925	3246	63100
1243	3379	63100
521	3331	63100
2524	3929	63100
87	3214	63100
2667	3397	63100
590	3235	63200
2844	3973	63200
1874	3386	63200
1144	3857	63200
1537	3321	63300
2505	3852	63300
2073	3002	63400
1646	3632	63400
2737	3499	63400
2977	3024	63400
1967	3620	63500
2644	3631	63500
434	3140	63500
842	3279	63600
2438	3902	63600
2903	3688	63600
927	3489	63600
2080	3852	63600
103	3622	63600
2819	3536	63600
884	3512	63700
1223	3230	63800
1500	3679	63800
1716	3338	63800
2638	3114	63800
2056	3116	63800
2880	3422	63800
1015	3405	63800
828	3532	63900
1524	3836	63900
290	3570	64000
1588	3818	64000
1349	3503	64000
1360	3328	64000
225	3103	64000
2404	3001	64000
1391	3781	64000
443	3427	64100
2714	3631	64100
516	3139	64100
2233	3821	64100
1918	3344	64100
763	3054	64100
2333	3953	64100
1576	3559	64200
163	3637	64200
251	3084	64200
1220	3764	64200
991	3771	64200
2553	3347	64200
434	3344	64200
1041	3943	64200
1024	3141	64300
2295	3246	64300
1318	3006	64300
22	3803	64300
2840	3125	64400
1877	3158	64400
2130	3517	64400
2057	3172	64400
2653	3501	64400
2402	3343	64400
1602	3725	64500
2472	3611	64500
2456	3743	64500
2426	3166	64500
2181	3597	64500
2372	3114	64500
2610	3029	64500
2448	3850	64500
2321	3292	64500
885	3019	64600
2760	3783	64600
1668	3935	64600
1144	3768	64600
2616	3461	64600
2996	3251	64600
2158	3536	64600
1184	3540	64700
1785	3466	64700
483	3395	64700
222	3850	64700
146	3452	64700
1925	3470	64800
408	3969	64800
1713	3229	64800
1693	3959	64800
723	3315	64800
1405	3046	64800
1643	3735	64900
1819	3518	64900
917	3981	64900
39	3858	64900
1649	3422	64900
1105	3738	65000
1446	3263	65000
2874	3393	65000
1666	3723	65000
964	3415	65000
218	3391	65000
371	3566	65100
1101	3065	65100
2438	3570	65100
2199	3994	65100
2467	3824	65100
1164	3700	65100
1838	3739	65100
700	3269	65200
2986	3729	65200
1648	3031	65300
2722	3333	65300
1195	3259	65300
2001	3421	65300
426	3801	65300
1425	3857	65300
501	3996	65400
1444	3986	65400
2164	3085	65400
241	3958	65400
2944	3192	65400
2123	3563	65400
1720	3932	65500
969	3725	65500
1977	3147	65500
1563	3881	65500
1583	3821	65500
21	3698	65600
841	3145	65600
1120	3541	65600
720	3805	65700
2534	3376	65700
2636	3285	65700
95	3924	65700
428	3548	65700
2632	3610	65700
2953	3856	65700
1921	3926	65800
2520	3656	65800
252	3205	65800
415	3425	65800
2102	3768	65800
2889	3826	65900
139	3646	65900
1858	3278	65900
2244	3855	65900
1387	3563	65900
2971	3585	66000
321	3858	66000
2629	3646	66000
432	3984	66000
2578	3831	66000
965	3429	66100
1683	3568	66100
1482	3688	66100
1877	3548	66100
1876	3226	66100
1294	3295	66100
614	3047	66100
1653	3793	66200
2592	3859	66200
742	3161	66200
1438	3442	66200
365	3022	66200
2501	3176	66200
2640	3934	66200
2949	3214	66300
2148	3191	66300
1025	3544	66400
2822	3796	66400
1331	3230	66400
2278	3337	66500
2045	3370	66500
1559	3446	66500
2788	3762	66500
1200	3018	66500
2292	3978	66600
2168	3501	66600
2915	3709	66600
2535	3847	66700
996	3173	66700
2345	3700	66700
273	3225	66800
338	3049	66800
921	3503	66900
1798	3385	67000
980	3209	67000
2599	3390	67000
2631	3999	67000
2310	3462	67000
2609	3924	67100
1082	3464	67100
2566	3155	67100
2809	3897	67100
1517	3391	67100
252	3026	67200
2536	3256	67300
1206	3642	67300
1803	3042	67300
627	3347	67300
1589	3815	67300
1806	3265	67400
2040	3840	67400
1083	3335	67400
380	3028	67400
891	3557	67500
1718	3006	67500
2677	3452	67500
1376	3781	67500
2840	3428	67600
711	3420	67600
2759	3691	67600
634	3142	67600
2603	3024	67600
522	3051	67700
2239	3315	67700
1519	3507	67700
2546	3889	67800
2093	3931	67800
1509	3404	67800
2063	3519	67900
2819	3623	67900
2336	3975	68000
903	3545	68000
1822	3731	68000
2920	3298	68000
1904	3836	68100
1670	3780	68100
1797	3075	68100
955	3963	68100
2806	3734	68200
644	3190	68200
1155	3831	68200
2268	3451	68200
2573	3654	68200
2875	3846	68300
1092	3164	68300
1961	3374	68300
2498	3996	68400
1910	3797	68400
1600	3625	68400
159	3881	68400
2583	3237	68400
2784	3746	68400
1574	3289	68500
1254	3195	68500
580	3790	68500
2938	3450	68600
2348	3795	68600
2563	3805	68600
1550	3075	68600
324	3328	68600
2978	3852	68600
2271	3745	68700
1924	3253	68700
1210	3929	68700
2430	3234	68700
858	3202	68700
48	3300	68700
2790	3461	68700
2052	3136	68700
1912	3099	68800
2309	3483	68800
2395	3702	68800
971	3464	68900
1065	3909	68900
1612	3661	68900
1097	3935	69000
2957	3032	69000
2149	3642	69000
573	3913	69000
2197	3469	69100
896	3813	69100
638	3816	69100
376	3984	69100
2169	3690	69200
2536	3148	69200
2155	3924	69200
1055	3714	69200
2446	3722	69200
2143	3295	69200
2001	3594	69200
468	3972	69200
2089	3299	69300
2950	3109	69500
1632	3902	69500
2340	3227	69500
1826	3387	69500
2137	3644	69600
975	3144	69600
1101	3271	69600
1315	3470	69600
2531	3946	69600
1516	3188	69600
616	3905	69600
1494	3348	69700
2470	3264	69700
1032	3506	69700
2368	3759	69700
764	3946	69800
2010	3207	69800
562	3698	69900
1354	3023	69900
471	3637	69900
2516	3016	69900
1992	3996	70000
2483	3368	70000
1496	3892	70000
827	3507	70000
1325	3988	70000
99	3518	70100
1236	3178	70100
2689	3656	70100
2332	3964	70100
2643	3608	70100
1562	3489	70100
2925	3122	70200
42	3994	70200
795	3444	70200
2968	3484	70200
1433	3916	70200
123	3765	70200
1491	3550	70300
2007	3638	70300
128	3476	70300
1202	3000	70400
169	3217	70400
305	3549	70400
1987	3916	70400
1401	3814	70400
775	3523	70400
893	3269	70400
261	3537	70500
589	3884	70500
676	3513	70500
1395	3692	70500
1117	3116	70500
768	3095	70500
316	3301	70600
230	3531	70600
1429	3562	70600
269	3390	70600
2842	3508	70600
591	3410	70600
1003	3984	70600
92	3056	70700
592	3668	70700
583	3683	70700
2837	3242	70800
923	3056	70800
63	3607	70800
829	3809	70800
2247	3763	70800
475	3657	70800
1239	3274	70900
2742	3003	70900
1504	3768	70900
642	3617	70900
1941	3899	70900
689	3011	71000
1464	3072	71000
1843	3444	71000
70	3702	71000
2417	3481	71100
647	3268	71200
926	3131	71200
1170	3487	71200
2739	3202	71200
714	3668	71200
151	3415	71200
239	3590	71300
1069	3002	71300
2481	3208	71300
861	3476	71300
905	3190	71400
148	3510	71400
1510	3113	71400
2463	3410	71400
2173	3431	71400
2200	3605	71500
845	3019	71500
807	3364	71500
1654	3946	71500
2695	3513	71500
701	3476	71500
2075	3165	71600
933	3351	71600
2128	3385	71600
1019	3108	71600
2466	3768	71600
2361	3877	71600
2146	3437	71700
2105	3297	71700
91	3627	71800
2773	3465	71800
1795	3116	71800
1959	3266	71800
2904	3402	71900
1554	3557	71900
620	3656	71900
737	3210	71900
598	3134	71900
203	3970	72000
1971	3842	72000
937	3633	72000
1188	3954	72000
1832	3558	72000
815	3280	72000
1938	3785	72000
659	3844	72100
2689	3276	72100
1374	3453	72100
2888	3958	72100
2547	3123	72100
308	3753	72100
633	3322	72200
1625	3712	72200
832	3621	72200
2567	3410	72200
2577	3865	72200
1736	3112	72200
2799	3741	72300
2062	3333	72300
57	3287	72300
1818	3368	72300
2985	3294	72300
1122	3898	72300
2463	3586	72300
1772	3913	72300
1520	3376	72400
813	3957	72400
1488	3330	72400
1310	3103	72400
2233	3751	72400
221	3468	72400
374	3427	72500
1537	3432	72500
225	3907	72500
2113	3948	72500
298	3908	72500
679	3406	72500
456	3023	72600
2796	3603	72600
1244	3709	72600
1263	3066	72600
50	3149	72700
2589	3202	72700
1086	3233	72800
576	3035	72800
1472	3421	72800
957	3218	72800
1047	3417	72800
879	3516	72800
2079	3709	72800
128	3207	72800
214	3568	72900
757	3630	73000
1159	3962	73000
2465	3416	73000
1947	3894	73000
353	3727	73000
1103	3223	73100
831	3886	73100
2322	3919	73100
351	3516	73100
2344	3483	73100
2824	3691	73200
1891	3670	73200
2597	3431	73200
641	3744	73200
2260	3457	73200
1164	3653	73200
874	3486	73300
2635	3008	73300
2752	3647	73300
2251	3122	73300
1060	3461	73300
1282	3144	73400
826	3631	73400
1590	3348	73400
66	3127	73400
1441	3438	73400
1699	3654	73400
1881	3824	73400
431	3557	73500
698	3481	73500
593	3024	73600
2585	3898	73600
2194	3803	73600
1769	3042	73600
1413	3668	73600
1452	3239	73700
1322	3105	73700
2256	3420	73800
177	3203	73800
601	3937	73800
1110	3449	73900
1108	3885	73900
2826	3865	73900
2771	3463	73900
2621	3782	74000
1564	3969	74000
304	3887	74100
567	3992	74100
2275	3061	74100
1587	3962	74100
2028	3303	74100
1629	3985	74100
192	3640	74100
2011	3324	74200
440	3515	74200
1599	3537	74200
121	3991	74200
2493	3859	74200
1560	3969	74200
2594	3110	74200
1177	3555	74300
1804	3919	74300
2387	3007	74300
2750	3220	74300
2872	3024	74400
2881	3188	74400
243	3769	74500
707	3091	74500
1426	3014	74500
752	3599	74600
2954	3504	74600
2014	3611	74600
2981	3770	74700
206	3661	74700
626	3203	74800
1301	3028	74800
2085	3623	74800
2145	3580	74900
2909	3747	74900
2574	3144	74900
2284	3719	74900
1594	3315	74900
1428	3910	75000
1173	3050	75000
336	3647	75000
1943	3864	75000
125	3517	75000
2238	3074	75000
2107	3418	75000
343	3237	75000
1439	3741	75100
1124	3481	75100
2078	3347	75100
2705	3411	75100
1762	3322	75200
1731	3477	75200
335	3542	75300
1071	3599	75300
93	3938	75300
2261	3482	75300
2146	3051	75400
1500	3794	75400
2342	3472	75500
2741	3590	75500
1861	3271	75500
1573	3551	75500
1883	3820	75500
1430	3102	75600
2729	3050	75600
625	3963	75600
2419	3520	75600
490	3600	75600
2395	3612	75600
2893	3032	75800
2656	3002	75800
809	3449	75800
2242	3553	75800
219	3035	75900
1497	3909	75900
1592	3485	75900
790	3705	75900
681	3419	76000
33	3015	76100
2049	3280	76100
1343	3374	76100
2804	3869	76200
2672	3878	76200
1298	3264	76200
2627	3038	76300
1055	3723	76300
428	3158	76300
45	3802	76300
1626	3837	76300
297	3741	76400
104	3052	76400
372	3325	76400
773	3094	76400
2660	3714	76500
1746	3826	76500
2478	3188	76500
2881	3338	76500
2969	3554	76500
1698	3795	76600
727	3240	76600
2269	3825	76600
554	3959	76700
1281	3085	76700
2320	3027	76700
960	3502	76800
1326	3134	76800
2271	3240	76800
951	3489	76800
2561	3846	76900
1534	3779	76900
2858	3457	76900
646	3454	77000
2159	3292	77000
2945	3653	77000
810	3766	77100
29	3639	77100
2884	3204	77200
106	3185	77200
1364	3268	77300
281	3987	77300
2587	3120	77300
1838	3095	77300
2941	3777	77400
665	3239	77400
309	3501	77400
2145	3289	77500
33	3023	77500
846	3219	77500
537	3893	77500
2671	3441	77500
581	3493	77500
2477	3169	77500
541	3090	77600
944	3884	77600
1063	3628	77700
1734	3958	77700
2048	3267	77700
754	3602	77800
227	3054	77800
419	3775	77900
244	3564	77900
15	3653	77900
1262	3851	78000
24	3412	78100
2763	3043	78100
1496	3632	78100
1336	3726	78100
2994	3760	78200
952	3268	78300
1379	3557	78300
2794	3533	78300
2307	3912	78300
1802	3402	78400
1816	3409	78400
1145	3286	78400
1454	3090	78400
1111	3542	78500
1156	3300	78500
1192	3242	78600
2341	3453	78600
184	3576	78600
2539	3376	78700
1929	3810	78700
2926	3567	78700
165	3659	78700
1361	3296	78900
31	3991	78900
115	3823	78900
2918	3828	79000
477	3525	79100
2520	3784	79100
243	3290	79100
2073	3697	79100
1260	3241	79100
2138	3388	79100
1276	3883	79100
2370	3019	79200
1075	3140	79200
1515	3597	79300
174	3107	79400
935	3780	79400
1697	3938	79500
1740	3860	79500
2515	3810	79600
2779	3948	79600
1443	3860	79600
919	3936	79600
1657	3425	79700
1854	3103	79700
2408	3205	79800
1314	3712	79900
1636	3642	79900
1478	3620	80000
2414	3486	80000
2697	3990	80000
644	3157	80000
1432	3664	80000
231	3643	80000
242	3971	80100
602	3356	80100
453	3309	80200
534	3505	80200
1280	3286	80300
2459	3957	80300
2365	3255	80300
544	3854	80300
1404	3174	80300
1262	3635	80400
1839	3460	80400
2323	3752	80400
2442	3813	80400
1841	3461	80400
2567	3484	80500
1180	3282	80500
1771	3129	80600
1263	3706	80600
2772	3388	80700
2542	3897	80700
2562	3224	80800
751	3171	80800
1036	3493	80800
1385	3697	80900
744	3959	80900
2606	3780	81000
2186	3755	81000
2687	3571	81000
97	3637	81100
1473	3788	81100
2753	3195	81100
2613	3429	81200
2006	3947	81200
1130	3798	81200
1662	3011	81300
2083	3168	81400
409	3035	81500
280	3632	81500
2034	3601	81500
2724	3391	81500
2798	3374	81500
2443	3602	81600
223	3044	81600
299	3460	81700
2091	3784	81700
1047	3845	81700
2666	3565	81700
1697	3469	81800
2097	3899	81800
2473	3928	81900
776	3699	81900
819	3663	82000
390	3511	82000
423	3184	82100
970	3221	82100
1533	3218	82100
460	3700	82100
2871	3254	82200
2959	3144	82200
2484	3091	82200
605	3651	82200
1329	3233	82300
1115	3428	82400
977	3606	82400
929	3569	82400
2823	3136	82400
2641	3437	82500
1248	3210	82600
2027	3153	82600
240	3884	82700
901	3528	82700
1147	3554	82700
2497	3045	82700
379	3469	82800
228	3157	82800
546	3553	82800
1938	3746	82800
1681	3647	82900
1035	3065	82900
2762	3589	83000
355	3446	83000
2797	3183	83000
2688	3206	83000
2070	3381	83100
703	3634	83100
2870	3796	83100
2074	3324	83200
1726	3720	83200
1610	3412	83200
1565	3157	83200
278	3297	83200
2494	3600	83200
489	3651	83300
2832	3540	83400
1335	3160	83500
1798	3034	83500
2949	3269	83500
375	3576	83500
460	3357	83500
385	3189	83600
2236	3187	83600
1558	3624	83700
287	3337	83700
2337	3586	83700
894	3779	83800
979	3374	83800
668	3579	83900
2401	3221	83900
2733	3183	83900
2068	3267	83900
2634	3394	84000
1820	3801	84000
1567	3335	84000
956	3407	84100
2738	3598	84200
2174	3319	84200
454	3530	84200
1292	3010	84200
1408	3342	84300
2090	3583	84300
1584	3967	84300
2580	3491	84300
444	3324	84400
2225	3962	84400
105	3865	84400
721	3673	84500
50	3365	84500
2910	3511	84500
728	3132	84600
1085	3712	84600
13	3876	84600
1790	3956	84700
2188	3209	84700
2563	3930	84700
1073	3689	84800
843	3354	84900
2133	3811	84900
773	3907	84900
657	3761	84900
15	3095	84900
1729	3720	85000
2549	3162	85000
1547	3571	85000
1130	3478	85100
2280	3752	85200
2780	3234	85200
1945	3695	85200
2181	3266	85200
1518	3808	85200
1563	3843	85300
1102	3154	85300
486	3900	85400
778	3052	85400
1984	3927	85500
2622	3309	85600
2481	3829	85600
2830	3065	85700
2586	3348	85700
1486	3485	85700
1705	3294	85800
76	3113	85900
862	3419	86000
2380	3030	86000
274	3972	86100
209	3244	86100
333	3805	86200
1284	3751	86200
1404	3092	86200
2829	3628	86300
2375	3449	86300
1813	3927	86400
870	3294	86400
2841	3301	86400
959	3696	86400
2411	3040	86600
343	3355	86600
1947	3369	86700
850	3519	86700
2406	3282	86700
2604	3536	86700
1397	3650	86800
2609	3011	86800
328	3811	86800
2419	3976	86800
1955	3597	86900
2740	3998	87000
2152	3895	87200
2220	3425	87300
1953	3384	87300
616	3388	87300
2817	3112	87300
150	3788	87400
2018	3976	87400
1045	3426	87400
2043	3304	87500
481	3119	87500
166	3264	87500
2422	3602	87600
1314	3637	87600
1324	3991	87600
1784	3307	87600
2228	3937	87600
1973	3812	87700
288	3320	87700
2980	3993	87700
2338	3051	87800
2258	3380	87800
2929	3038	87900
479	3732	87900
37	3374	87900
2809	3767	87900
978	3517	88000
1030	3778	88100
2199	3831	88100
961	3286	88200
142	3365	88200
2612	3322	88300
2836	3690	88400
577	3596	88400
2009	3623	88400
846	3938	88500
1612	3677	88500
1274	3706	88500
1142	3797	88600
2603	3341	88600
527	3827	88600
184	3306	88600
1182	3242	88700
1259	3369	88700
2511	3813	88800
2555	3752	88800
1343	3648	88900
880	3182	88900
1758	3314	89000
2389	3034	89000
643	3191	89000
730	3115	89000
2679	3486	89100
2568	3161	89200
1224	3879	89200
1451	3292	89200
617	3342	89300
2634	3341	89300
2900	3902	89300
533	3993	89400
2752	3217	89400
2235	3883	89400
2998	3472	89500
2138	3884	89500
211	3042	89600
1748	3270	89600
1897	3970	89700
1350	3590	89700
1671	3161	89800
532	3554	89900
1319	3815	89900
2708	3563	90000
1013	3846	90000
1062	3880	90100
601	3640	90100
1230	3574	90200
466	3690	90400
2008	3102	90500
845	3568	90500
817	3753	90500
1644	3211	90600
102	3429	90700
2299	3812	90800
326	3486	90800
2374	3545	90800
2445	3322	90800
362	3814	90800
2224	3651	90800
380	3284	90900
154	3278	91000
2668	3524	91000
1035	3164	91100
507	3250	91200
2787	3585	91200
2770	3497	91200
2542	3574	91200
1709	3842	91300
1621	3096	91500
2354	3406	91500
1791	3237	91500
1747	3820	91600
671	3581	91600
517	3132	91700
1025	3590	91700
1811	3287	91700
1004	3199	91800
1710	3241	91800
2265	3757	91900
217	3050	91900
936	3856	91900
818	3222	92000
1799	3840	92000
65	3310	92000
808	3399	92000
82	3619	92000
2748	3117	92100
1140	3707	92200
2921	3979	92200
2539	3787	92300
1978	3001	92300
2328	3020	92400
2795	3950	92400
796	3389	92500
2899	3674	92700
503	3537	92700
2917	3585	92700
1687	3459	92700
2685	3204	92800
262	3354	92800
2243	3235	92800
1368	3455	92800
1051	3732	92800
2905	3824	92800
684	3743	92900
920	3016	93100
2150	3655	93300
113	3089	93400
1843	3104	93400
508	3133	93400
1719	3519	93600
610	3911	93700
2980	3667	93700
1457	3394	93800
1783	3375	93800
1923	3197	93800
606	3482	93800
1067	3888	93900
637	3619	94000
2983	3718	94000
6	3115	94100
820	3604	94200
1951	3769	94200
97	3589	94300
377	3531	94300
2935	3389	94300
1525	3019	94400
2488	3025	94400
28	3013	94600
2129	3578	94600
2923	3048	94700
975	3286	94900
574	3604	94900
1672	3695	94900
46	3767	94900
680	3697	95000
2703	3901	95000
1926	3966	95100
2558	3997	95100
237	3434	95200
1157	3919	95300
673	3678	95300
1627	3123	95300
1829	3187	95400
1181	3365	95400
2443	3015	95500
366	3814	95500
496	3055	95500
2124	3583	95700
997	3320	95800
2203	3755	95800
131	3936	95800
1297	3465	95900
1255	3500	95900
2886	3706	96000
2426	3528	96000
2215	3599	96100
1767	3097	96200
2746	3317	96300
1	3041	96300
1362	3641	96500
276	3351	96500
1044	3538	96600
543	3466	96700
411	3381	96700
936	3695	96700
215	3109	96800
623	3874	96800
2970	3353	96900
147	3053	97000
1273	3714	97000
1793	3598	97000
2762	3927	97100
1092	3714	97100
811	3646	97100
950	3579	97200
2990	3893	97200
1258	3180	97400
219	3676	97400
608	3654	97400
2011	3327	97600
2711	3574	97600
1828	3377	97600
381	3115	97600
2370	3893	97700
1353	3735	97800
1154	3103	98000
2588	3922	98000
1354	3000	98100
2928	3544	98100
2946	3828	98300
1796	3115	98300
1222	3620	98400
1926	3644	98500
2938	3685	98500
2	3442	98600
579	3181	98800
106	3948	99000
2761	3136	99000
2037	3141	99100
1625	3394	99200
1526	3375	99200
1578	3365	99200
1026	3422	99300
1118	3560	99400
116	3796	99400
1884	3436	99500
804	3511	99500
648	3272	99600
1148	3500	99600
1521	3648	99600
1090	3309	99700
2572	3573	99700
2710	3160	100000
322	3720	100100
26	3945	100100
1141	3492	100200
2226	3878	100400
2264	3747	100400
613	3265	100400
41	3672	100500
620	3886	100700
1690	3828	100700
790	3623	100700
1171	3361	101000
35	3617	101000
2620	3560	101000
2699	3430	101300
2956	3040	101300
62	3500	101300
2409	3678	101500
158	3576	101600
238	3568	101900
572	3002	101900
330	3664	102000
1084	3307	102100
1109	3807	102300
2151	3337	102400
1466	3314	102500
671	3483	102500
1037	3807	102500
1712	3696	102700
340	3589	103000
2399	3180	103000
544	3094	103000
1214	3554	103000
519	3992	103100
672	3238	103100
741	3544	103100
2895	3482	103100
2047	3037	103400
1520	3987	103500
2213	3515	103600
2301	3769	103600
1552	3832	103700
2322	3592	103700
1091	3180	103800
1493	3632	103800
2263	3083	103900
1174	3374	103900
1199	3133	103900
1714	3628	104000
2533	3668	104000
1197	3620	104100
2098	3081	104200
464	3383	104300
330	3828	104300
2421	3013	104500
2042	3785	104500
2263	3137	104600
224	3376	104700
1993	3012	104800
2406	3251	104800
2516	3339	105100
2298	3433	105200
2525	3317	105200
1498	3202	105300
545	3897	105300
2237	3685	105800
2649	3113	106000
1074	3734	106000
692	3806	106100
866	3289	106300
20	3976	106300
1424	3460	106700
604	3366	106800
2169	3165	106900
467	3657	106900
2625	3035	107000
1135	3888	107000
181	3569	107000
3	3985	107200
539	3947	107300
2052	3529	107300
883	3890	107300
1986	3111	107400
292	3033	107500
303	3772	107500
418	3581	107600
2564	3967	107600
2210	3673	107700
2658	3788	107700
1595	3025	107700
1076	3903	107800
2704	3631	107800
2077	3226	107800
1409	3689	107800
1694	3346	107900
1342	3321	108000
1218	3005	108000
810	3429	108000
457	3111	108200
2508	3683	108200
793	3232	108300
2942	3302	108300
894	3078	108300
2727	3990	108500
1282	3425	108600
1196	3636	108600
2904	3559	108700
530	3785	108700
1530	3746	108700
2405	3089	109000
499	3941	109000
1475	3977	109200
2099	3366	109200
1634	3940	109400
1775	3235	109400
2369	3159	109400
999	3351	109500
2016	3595	109800
158	3739	109800
873	3650	109900
1777	3787	110000
2642	3593	110000
917	3532	110100
906	3030	110100
729	3995	110200
367	3062	110200
1304	3181	110300
2683	3524	110300
2017	3533	110400
2190	3784	110400
1495	3197	110700
1427	3769	110700
1225	3856	110700
69	3008	110900
2504	3216	110900
1125	3142	111000
2989	3599	111200
2084	3146	111200
2396	3030	111200
510	3730	111300
881	3762	111300
2222	3016	111300
2026	3578	111400
220	3196	111400
1246	3206	111400
1658	3609	111500
19	3375	111600
835	3713	111900
340	3927	112000
1231	3101	112100
1919	3959	112200
1620	3762	112200
2664	3034	112300
1551	3453	112300
431	3812	112500
1424	3400	112600
1882	3762	112600
152	3085	113100
446	3758	113200
1835	3470	113200
1729	3537	113500
1098	3135	113500
18	3767	113500
293	3041	113600
2534	3927	114100
623	3708	114100
2216	3907	114100
1985	3230	114100
328	3820	114300
1133	3964	114400
342	3844	114500
1241	3016	114500
1455	3766	115000
503	3119	115000
1267	3849	115200
1232	3206	115300
1555	3964	115400
2847	3833	115400
2647	3281	115400
913	3447	115500
2101	3641	115600
1194	3856	115700
1663	3208	115700
525	3890	115800
2179	3409	115900
1656	3000	115900
2615	3586	115900
1021	3581	115900
1391	3293	116000
179	3148	116300
1540	3914	116500
1527	3403	116600
2792	3013	116600
1751	3261	116600
2647	3039	116800
1161	3787	116900
2864	3283	117000
1732	3906	117000
595	3619	117100
1370	3267	117200
2339	3650	117300
612	3437	117300
2276	3967	117600
2509	3060	117700
934	3423	117700
2490	3496	117900
2705	3868	117900
1280	3342	118100
261	3148	118100
1960	3045	118100
2793	3436	118200
1596	3497	118200
313	3175	118600
2743	3230	118700
1779	3618	119000
735	3798	119100
2948	3575	119200
748	3762	119300
2504	3963	119400
447	3132	119600
1291	3849	119600
1372	3803	119800
1311	3917	120000
1422	3601	120100
2016	3943	120200
2672	3044	120300
834	3535	120300
2654	3979	120300
263	3150	120300
1802	3515	120400
1856	3639	120400
469	3060	120500
1928	3121	120500
1191	3179	120700
2977	3106	120900
1331	3136	120900
1738	3383	121000
965	3302	121000
1882	3967	121000
1202	3673	121100
1570	3701	121100
494	3928	121200
271	3536	121200
2397	3367	121300
2452	3914	121400
2139	3031	121500
1737	3321	121500
171	3416	121500
246	3381	121600
855	3295	121600
1201	3074	121800
2372	3002	121900
1750	3651	121900
2681	3187	122000
1078	3017	122500
973	3417	122600
1605	3681	122800
1223	3682	122800
2529	3575	122900
2082	3162	123000
1909	3986	123000
2108	3615	123100
1777	3578	123100
1273	3164	123100
2503	3119	123100
195	3423	123100
398	3092	123100
1049	3756	123500
1972	3251	123800
349	3576	123900
1475	3533	124000
12	3271	124100
2966	3976	124100
2215	3641	124400
946	3068	124500
883	3945	124600
1043	3321	124800
424	3416	124800
898	3739	124800
2551	3779	124900
1676	3022	124900
582	3271	125000
2350	3053	125500
2388	3858	125800
162	3320	126000
288	3363	126300
1483	3131	126900
122	3563	127200
2966	3560	127200
43	3081	127300
1702	3424	127300
1178	3212	127400
570	3669	127400
337	3591	127500
666	3735	127800
2119	3261	128100
310	3376	128400
1620	3360	128700
130	3864	128800
1104	3174	129100
690	3105	129300
724	3137	129700
1577	3355	129700
156	3879	129800
1640	3907	129800
819	3313	129900
294	3313	130000
1215	3732	130200
1575	3596	130200
337	3318	130600
1681	3615	130600
1356	3182	130600
90	3289	130700
1288	3829	130700
445	3798	130800
777	3644	131200
2543	3037	131200
1582	3987	131500
1945	3062	131800
2067	3430	131900
1313	3293	131900
615	3430	132200
1232	3655	132300
92	3034	132400
1204	3282	132500
1954	3417	132700
148	3096	132900
2127	3202	133000
1332	3906	133400
2022	3388	133400
2238	3596	133700
255	3892	134000
2191	3957	134300
1167	3746	134300
2401	3302	134400
1084	3170	134500
2803	3804	134800
1841	3154	134800
1041	3595	134800
1801	3674	134900
906	3360	135000
687	3592	135100
127	3771	135400
2958	3349	135400
654	3616	135600
2473	3889	135600
1306	3457	135700
2461	3874	135800
2201	3291	136000
1872	3943	136200
1295	3533	136900
1339	3504	136900
1830	3886	137400
901	3541	137600
1471	3788	137700
327	3535	137700
1240	3121	137700
96	3774	137900
851	3040	138000
2420	3053	138100
1581	3062	138200
1700	3003	138400
61	3816	138500
1302	3409	139600
2556	3569	139700
839	3736	139900
672	3471	140000
875	3738	140200
2989	3407	140300
1468	3380	141400
994	3703	141800
2125	3905	142100
1407	3029	142300
2060	3427	142600
1964	3922	142600
984	3505	142700
1376	3352	142700
795	3800	142900
135	3111	143000
1645	3739	143300
363	3123	143400
354	3954	143500
2201	3346	143600
1492	3001	143700
498	3505	143900
1477	3765	143900
2723	3966	144100
1928	3482	144200
1129	3309	144300
1748	3655	144800
2357	3314	145000
401	3874	145000
367	3442	145200
802	3877	145200
11	3569	145400
382	3808	145400
1659	3926	145500
2038	3978	146000
2662	3718	146000
345	3650	146100
1742	3521	146300
2767	3141	146700
2715	3979	147000
2277	3788	147200
1858	3997	147300
2948	3761	147300
354	3895	147500
592	3064	147600
1153	3778	147700
588	3053	147900
2398	3082	147900
863	3610	148100
1031	3204	148300
2543	3883	148300
2486	3204	148700
997	3138	149000
2965	3658	149100
529	3701	149200
654	3636	149300
429	3235	149400
2850	3868	149500
2934	3584	149700
1265	3150	150500
2723	3644	150600
2743	3682	150900
2437	3360	151200
2202	3911	151600
2412	3785	151700
2630	3043	151900
2454	3667	152100
2502	3995	152200
1270	3408	152200
2786	3096	152400
2030	3179	152400
1493	3578	152700
1601	3616	152800
578	3169	153200
1842	3957	153300
1888	3939	153400
2432	3039	153400
506	3758	153700
1816	3394	153900
1745	3832	154000
612	3930	154700
2953	3182	155100
356	3039	155100
1755	3313	155200
841	3106	155900
1362	3101	156300
2859	3849	156600
610	3450	156800
1460	3696	156800
1661	3736	157300
2179	3779	157300
386	3025	157500
1136	3178	157600
1817	3459	158000
149	3352	158000
2036	3296	158300
2662	3282	158300
1403	3015	158400
739	3409	159000
10	3681	159600
2916	3964	159700
295	3179	159700
1616	3641	159900
2468	3937	160100
82	3919	160300
888	3350	160300
480	3025	160400
1154	3064	160600
1760	3799	160800
763	3945	160800
984	3360	160900
1340	3230	161100
2835	3717	161600
2761	3743	161700
1586	3820	162000
2698	3231	162400
2344	3639	163300
236	3737	163500
1029	3525	163800
2187	3085	164000
466	3111	164100
2922	3104	164100
2397	3891	164500
2193	3444	164600
1801	3053	164700
786	3616	164700
825	3911	165000
1357	3953	165500
1053	3658	165600
2916	3096	165700
2234	3081	165700
2165	3726	165900
1761	3089	165900
2391	3665	166200
1176	3917	166200
1332	3478	166800
1833	3755	167800
1688	3096	168300
1185	3373	168500
1219	3662	168700
1834	3717	168700
524	3663	169100
2457	3094	169700
2675	3001	169800
2626	3895	169800
2551	3919	169900
23	3320	170000
1216	3293	170000
1361	3222	170100
302	3863	170200
1853	3827	170200
2334	3737	170700
336	3758	171100
1887	3248	172100
813	3349	172100
692	3273	172100
412	3757	172500
2226	3515	172700
2934	3964	172800
1227	3437	173000
1242	3465	173000
563	3296	173100
1937	3854	173100
1137	3220	173200
2311	3445	173800
705	3619	174000
2789	3212	174000
523	3123	174200
1460	3363	174800
266	3930	175100
456	3450	175300
1785	3332	175300
578	3923	175700
904	3771	175900
2208	3669	176400
361	3170	176400
216	3907	176600
2628	3735	176700
2557	3905	176900
607	3926	177400
2626	3954	177400
463	3073	178300
9	3665	178400
369	3577	178700
1207	3257	178800
1363	3291	179400
1011	3939	179400
1659	3020	179700
1582	3733	179900
1042	3068	179900
1060	3796	181700
1939	3463	181700
2066	3128	182100
1579	3211	182700
1414	3283	182800
2897	3170	183000
1462	3492	183300
2659	3615	183800
2258	3297	184800
1502	3760	185600
1365	3169	186300
2995	3020	186400
2176	3443	186500
32	3982	187000
2866	3273	188200
560	3020	188400
2282	3172	188900
2311	3257	189400
2658	3911	189700
1393	3105	190400
1070	3889	190700
860	3283	191100
770	3288	191100
2175	3062	191900
1794	3492	192100
2183	3837	192300
2973	3488	192400
319	3617	192400
2012	3153	192800
1905	3764	193100
966	3986	193600
522	3914	194000
1166	3657	194800
705	3231	194900
