2744	3766	200
2740	3256	200
2702	3469	200
257	3534	200
1462	3836	200
282	3001	200
1418	3259	200
1068	3351	200
2046	3780	200
1873	3900	200
1275	3666	200
1172	3262	200
2369	3718	200
2008	3547	300
2217	3620	300
217	3420	300
1293	3975	300
709	3522	300
2920	3854	300
697	3380	300
858	3600	300
2542	3375	300
799	3916	300
1308	3414	300
167	3812	300
2861	3055	300
1507	3638	300
2035	3224	400
2490	3613	400
1640	3470	400
2470	3033	400
2170	3878	400
56	3416	400
2974	3478	400
1812	3857	400
1759	3672	400
2262	3764	400
224	3467	500
2075	3322	500
563	3215	500
1407	3062	500
357	3647	500
659	3346	500
1152	3087	500
542	3469	500
548	3956	500
707	3826	500
1709	3865	500
1978	3794	500
118	3642	500
686	3024	500
2267	3229	500
2039	3049	500
2768	3587	500
2589	3082	500
2252	3597	500
87	3344	500
345	3829	500
2908	3339	500
835	3673	600
2200	3618	600
157	3646	600
1142	3981	600
2685	3409	600
2611	3917	600
2982	3713	600
2349	3152	600
473	3594	600
1682	3337	600
2691	3931	600
2646	3206	600
1539	3416	600
249	3816	600
655	3380	600
1123	3149	600
2643	3086	600
1228	3827	600
2745	3254	600
2192	3768	600
2860	3985	600
2423	3396	600
206	3022	600
549	3529	600
627	3045	600
1244	3891	600
38	3846	600
925	3815	600
1397	3046	700
1957	3445	700
97	3050	700
2689	3783	700
213	3647	700
619	3747	700
1104	3377	700
1788	3496	700
1233	3931	700
1465	3919	700
2636	3568	700
2857	3158	700
554	3942	700
1793	3852	700
770	3079	700
765	3586	700
2868	3967	700
2921	3237	700
1217	3396	700
1250	3286	700
2234	3150	700
1821	3161	800
2606	3745	800
107	3696	800
1272	3164	800
595	3720	800
1924	3224	800
1297	3599	800
2273	3343	800
1079	3412	800
483	3640	800
1253	3042	800
429	3069	800
1047	3106	800
1704	3843	800
2523	3443	800
1648	3320	800
2567	3576	800
2467	3897	800
1164	3593	800
1381	3130	800
782	3004	800
1373	3966	900
2595	3653	900
1037	3467	900
1141	3647	900
371	3805	900
2625	3321	900
495	3825	900
2446	3742	900
982	3869	900
1933	3238	900
586	3444	900
844	3216	900
1751	3816	900
1690	3670	900
2318	3029	900
2152	3841	900
544	3560	900
1219	3515	900
1628	3650	900
1937	3073	900
1945	3926	1000
2393	3833	1000
1463	3083	1000
1912	3257	1000
2407	3094	1000
2511	3940	1000
634	3378	1000
1871	3858	1000
1521	3145	1000
1678	3798	1000
2551	3551	1000
2521	3601	1000
2352	3697	1000
1977	3324	1000
2594	3207	1000
2778	3461	1000
2618	3611	1000
2309	3862	1000
1143	3004	1000
2421	3646	1100
1813	3681	1100
2865	3537	1100
540	3152	1100
260	3594	1100
695	3001	1100
2834	3820	1100
953	3213	1100
1435	3155	1100
205	3498	1100
2898	3830	1100
2810	3941	1100
2102	3401	1100
1121	3280	1100
2148	3552	1100
2334	3736	1100
2327	3641	1100
1661	3982	1200
797	3062	1200
1546	3609	1200
2994	3787	1200
265	3472	1200
2486	3566	1200
1289	3134	1200
1019	3123	1200
854	3341	1200
1792	3357	1200
2175	3650	1200
1016	3391	1200
2804	3725	1300
972	3726	1300
2312	3810	1300
174	3840	1300
2658	3137	1300
2831	3837	1300
831	3051	1300
276	3758	1300
2487	3026	1300
2663	3627	1300
751	3625	1300
1587	3304	1300
1713	3356	1300
2417	3390	1300
2512	3116	1300
1150	3270	1300
2369	3010	1300
2346	3750	1300
1992	3904	1400
2917	3871	1400
290	3684	1400
126	3853	1400
943	3632	1400
2511	3903	1400
1431	3464	1400
2919	3800	1400
64	3500	1400
451	3691	1400
1622	3186	1400
547	3526	1400
1752	3794	1400
1875	3425	1400
1458	3913	1400
359	3040	1400
2014	3601	1400
2647	3163	1400
703	3621	1400
1981	3802	1400
231	3897	1400
482	3411	1400
2070	3690	1500
2061	3026	1500
656	3171	1500
1345	3279	1500
2405	3059	1500
108	3338	1500
76	3939	1500
2029	3954	1500
228	3471	1500
2276	3703	1500
690	3860	1500
780	3896	1500
507	3120	1500
2497	3073	1500
2393	3491	1600
2894	3725	1600
1236	3005	1600
2190	3503	1600
1500	3919	1600
509	3368	1600
1549	3711	1600
1778	3195	1600
2972	3275	1600
2073	3162	1600
240	3393	1600
1513	3185	1600
2024	3397	1600
1410	3912	1600
395	3813	1600
671	3862	1600
496	3683	1600
392	3596	1700
2604	3097	1700
849	3428	1700
1377	3585	1700
1091	3887	1700
903	3698	1700
1692	3555	1700
2444	3962	1700
104	3190	1700
2928	3492	1700
566	3048	1700
2772	3884	1700
1498	3047	1700
1459	3365	1700
366	3642	1700
154	3201	1700
714	3270	1700
1993	3452	1700
2279	3370	1700
1045	3621	1700
278	3086	1700
1832	3729	1700
2231	3800	1800
2602	3294	1800
695	3719	1800
2409	3462	1800
1707	3167	1800
2345	3978	1800
654	3477	1800
2450	3242	1800
1388	3031	1900
596	3135	1900
1358	3759	1900
1207	3098	1900
620	3233	1900
2808	3902	1900
304	3023	1900
1701	3892	1900
2671	3271	1900
1787	3385	1900
1790	3863	1900
1346	3075	1900
1776	3916	1900
2494	3686	1900
1401	3012	1900
1626	3622	1900
1097	3363	2000
2962	3472	2000
1119	3607	2000
2841	3930	2000
39	3071	2000
1081	3494	2000
2984	3351	2000
661	3691	2000
2156	3108	2000
2133	3915	2000
1999	3155	2000
116	3672	2000
790	3830	2000
1230	3207	2000
703	3341	2000
124	3022	2000
1579	3661	2000
1962	3212	2000
1184	3428	2100
2875	3951	2100
713	3911	2100
379	3363	2100
803	3217	2100
2169	3137	2100
2447	3240	2100
882	3165	2100
645	3316	2100
2988	3113	2100
2852	3473	2100
2030	3471	2100
263	3958	2100
2533	3814	2100
674	3244	2100
444	3922	2100
2132	3184	2200
1654	3875	2200
2738	3607	2200
1698	3071	2200
1131	3594	2200
2341	3369	2200
766	3331	2200
461	3929	2200
1854	3063	2200
2860	3623	2200
1331	3025	2200
594	3073	2200
1232	3159	2200
2296	3904	2300
129	3051	2300
913	3023	2300
2006	3371	2300
2128	3156	2300
1148	3303	2300
2826	3398	2300
1139	3925	2300
101	3895	2300
1728	3207	2300
1629	3868	2300
2665	3502	2300
839	3199	2400
974	3757	2400
2712	3783	2400
1419	3468	2400
2566	3758	2400
1344	3096	2400
1468	3603	2400
202	3216	2400
82	3144	2400
2104	3740	2400
2057	3084	2400
2624	3829	2400
531	3320	2400
1733	3182	2400
2056	3025	2400
529	3563	2400
622	3545	2500
1894	3454	2500
30	3348	2500
188	3956	2500
2955	3512	2500
2955	3264	2500
31	3343	2500
969	3255	2500
1569	3843	2500
1112	3927	2500
2161	3763	2500
1733	3192	2500
1083	3961	2500
1295	3153	2600
2324	3808	2600
2784	3101	2600
1249	3559	2600
2614	3887	2600
2574	3245	2600
2540	3532	2600
2172	3714	2600
5	3126	2600
922	3719	2600
487	3721	2600
177	3854	2600
207	3484	2600
881	3471	2600
1108	3133	2600
1803	3389	2600
1003	3985	2600
2085	3685	2600
603	3394	2700
1552	3685	2700
2115	3681	2700
339	3539	2700
965	3156	2700
737	3349	2700
2650	3295	2700
287	3512	2700
2975	3090	2700
1194	3888	2700
1842	3769	2700
1273	3147	2700
858	3807	2700
1988	3950	2800
1197	3676	2800
1493	3694	2800
1314	3246	2800
2094	3821	2800
896	3011	2800
689	3635	2800
826	3078	2800
1476	3395	2800
675	3811	2800
2007	3901	2800
2554	3546	2800
2304	3380	2800
1332	3601	2800
209	3807	2800
2969	3030	2800
2294	3460	2900
908	3595	2900
2321	3970	2900
1027	3102	2900
1976	3468	2900
1030	3061	2900
977	3730	2900
2797	3336	2900
2221	3283	2900
488	3501	2900
1933	3986	2900
2780	3075	2900
541	3513	2900
144	3769	2900
1298	3441	2900
209	3617	2900
2191	3524	3000
2986	3291	3000
412	3887	3000
594	3651	3000
465	3028	3000
1388	3240	3000
1725	3217	3000
1779	3886	3000
89	3707	3000
2694	3566	3000
334	3996	3000
733	3518	3000
595	3578	3000
1741	3338	3000
79	3780	3000
295	3369	3000
1619	3948	3000
1332	3149	3000
2014	3201	3000
2224	3205	3000
1929	3749	3000
7	3371	3100
870	3842	3100
2524	3881	3100
2710	3523	3100
2674	3735	3100
2839	3651	3200
1175	3653	3200
2197	3361	3200
2627	3021	3200
2590	3699	3200
2446	3142	3200
2801	3060	3200
362	3608	3200
2510	3734	3200
823	3305	3200
2700	3736	3200
2516	3427	3200
143	3524	3300
739	3585	3300
69	3757	3300
2685	3779	3300
2264	3433	3300
632	3456	3300
426	3065	3300
1871	3678	3300
2687	3018	3300
2426	3481	3300
1486	3791	3300
927	3435	3300
2230	3602	3400
670	3097	3400
649	3969	3400
744	3743	3400
1130	3915	3400
1591	3689	3400
964	3355	3400
2688	3796	3400
2525	3593	3400
1049	3415	3400
20	3178	3500
1464	3805	3500
2867	3301	3500
818	3886	3500
382	3089	3500
245	3299	3500
2597	3503	3500
387	3144	3500
2801	3964	3500
2872	3548	3500
826	3279	3500
473	3298	3500
2591	3936	3500
2004	3669	3500
526	3608	3500
377	3024	3500
2856	3514	3500
2524	3386	3500
2584	3666	3500
1043	3563	3500
862	3466	3600
1356	3220	3600
571	3723	3600
807	3696	3600
2655	3193	3600
2763	3400	3600
932	3392	3600
2636	3478	3600
611	3202	3600
2637	3413	3600
98	3280	3600
2449	3282	3600
293	3269	3600
745	3153	3600
1525	3377	3700
1670	3667	3700
2536	3557	3700
2675	3671	3700
2954	3434	3700
2441	3778	3700
2054	3931	3700
1592	3162	3700
2392	3501	3700
2599	3155	3700
2366	3326	3700
2547	3369	3700
1910	3834	3700
2127	3541	3700
1888	3313	3700
2575	3282	3700
785	3353	3700
1203	3115	3700
1836	3988	3700
917	3243	3800
214	3549	3800
300	3619	3800
299	3195	3800
935	3404	3800
2701	3561	3800
2428	3096	3800
2514	3113	3800
1956	3659	3800
1495	3423	3800
833	3629	3800
2666	3581	3800
249	3663	3800
225	3064	3800
2080	3933	3800
1568	3049	3800
2381	3058	3800
2238	3273	3800
934	3976	3800
919	3528	3800
1285	3864	3900
1088	3043	3900
2377	3793	3900
947	3557	3900
1380	3233	3900
2157	3218	3900
522	3434	3900
689	3478	3900
2646	3773	3900
1903	3106	3900
390	3499	3900
2945	3300	3900
1702	3682	3900
1645	3053	3900
873	3281	4000
2632	3068	4000
2103	3656	4000
2545	3285	4000
2591	3423	4000
2653	3512	4000
2251	3398	4000
1350	3731	4000
2526	3200	4000
2718	3167	4000
1600	3197	4000
1265	3507	4000
731	3509	4000
356	3664	4000
684	3270	4000
1993	3391	4000
1972	3605	4000
2795	3091	4100
1797	3754	4100
1155	3001	4100
137	3356	4100
197	3817	4100
1294	3881	4100
1951	3510	4100
2315	3823	4100
2411	3093	4100
2725	3862	4100
182	3054	4100
1901	3521	4200
2630	3516	4200
2001	3614	4200
2956	3388	4200
34	3354	4200
2208	3355	4200
755	3661	4200
1721	3602	4300
2100	3542	4300
2295	3285	4300
676	3096	4300
2783	3142	4300
110	3561	4300
1383	3354	4300
2519	3401	4300
2708	3912	4300
2937	3027	4400
2916	3987	4400
2964	3889	4400
729	3378	4400
1877	3960	4400
712	3356	4400
324	3328	4400
2861	3634	4400
2680	3945	4400
2541	3460	4500
1800	3056	4500
1239	3567	4500
706	3170	4500
1648	3176	4500
2530	3664	4500
1918	3756	4500
2750	3927	4500
1616	3286	4600
563	3998	4600
845	3970	4600
2045	3562	4600
2388	3556	4600
2384	3850	4600
2500	3272	4600
1942	3909	4600
108	3216	4600
779	3440	4600
2719	3130	4600
2790	3013	4600
1767	3292	4700
2165	3121	4700
1429	3122	4700
336	3213	4700
1487	3312	4700
2430	3499	4700
904	3149	4700
178	3896	4700
2482	3254	4700
316	3161	4800
2550	3656	4800
1367	3971	4800
2940	3504	4800
781	3487	4800
1916	3473	4800
1398	3522	4800
2438	3863	4800
363	3958	4800
2501	3455	4800
880	3985	4800
861	3479	4800
1502	3760	4800
719	3712	4900
961	3466	4900
2300	3407	4900
2286	3565	4900
1242	3478	4900
1895	3850	4900
170	3948	4900
47	3397	4900
2968	3330	4900
1773	3507	4900
989	3266	4900
1316	3967	4900
160	3125	4900
787	3263	4900
1461	3580	5000
924	3367	5000
2815	3799	5000
2762	3404	5000
399	3131	5000
2478	3724	5000
2679	3072	5000
2912	3659	5000
661	3213	5000
1042	3879	5000
951	3047	5000
2553	3147	5000
1518	3708	5000
2505	3933	5000
780	3406	5000
172	3702	5000
577	3174	5100
2734	3998	5100
2335	3853	5100
1481	3652	5100
1624	3677	5100
759	3066	5100
216	3913	5100
2410	3498	5100
2463	3535	5100
1467	3406	5100
2623	3528	5100
2709	3415	5100
434	3575	5100
873	3132	5200
1312	3399	5200
2844	3501	5200
1254	3100	5200
638	3114	5200
1426	3289	5200
2317	3327	5200
576	3910	5300
2272	3089	5300
2950	3381	5300
2149	3200	5300
2457	3431	5300
1021	3278	5300
2553	3375	5300
2235	3457	5300
2053	3281	5400
2257	3725	5400
420	3291	5400
589	3089	5400
2617	3006	5400
424	3684	5400
1099	3692	5400
1952	3937	5400
1154	3254	5400
1180	3406	5400
700	3347	5400
876	3955	5400
2053	3749	5400
1781	3092	5400
2421	3038	5500
1783	3917	5500
1634	3521	5500
1625	3691	5500
193	3630	5500
971	3395	5500
1769	3872	5500
718	3501	5500
1309	3913	5500
545	3885	5500
601	3937	5500
2933	3442	5500
2818	3231	5500
2993	3970	5500
909	3998	5600
1171	3348	5600
284	3909	5600
566	3085	5600
1339	3588	5600
1641	3852	5600
1093	3042	5600
616	3236	5600
2410	3288	5600
2742	3791	5600
748	3762	5600
2970	3353	5600
1384	3207	5600
421	3908	5600
1617	3296	5700
845	3174	5700
1830	3132	5700
1554	3141	5700
2753	3619	5700
481	3818	5700
1549	3973	5700
210	3963	5700
827	3771	5700
889	3697	5700
1351	3968	5700
1825	3115	5800
2793	3950	5800
2957	3759	5800
1844	3998	5800
2202	3006	5800
289	3276	5800
2284	3906	5800
580	3973	5800
79	3898	5800
1609	3007	5800
2119	3198	5800
2419	3768	5800
2424	3166	5800
354	3695	5800
2705	3426	5800
992	3212	5800
1815	3760	5800
1232	3945	5800
633	3199	5900
2353	3690	5900
2774	3930	5900
988	3255	5900
575	3041	5900
2769	3129	5900
1675	3870	5900
2333	3258	5900
463	3017	6000
2990	3975	6000
585	3381	6000
1065	3142	6000
2535	3633	6000
1474	3473	6000
1279	3892	6000
2842	3854	6000
575	3495	6000
498	3648	6000
2639	3649	6000
1451	3013	6000
1146	3074	6100
846	3801	6100
2561	3902	6100
1829	3918	6100
1096	3343	6100
729	3935	6100
274	3990	6100
2426	3530	6100
311	3772	6100
1322	3278	6100
1165	3387	6100
2009	3124	6100
1354	3325	6200
808	3165	6200
2663	3131	6200
1849	3518	6200
321	3362	6200
1515	3597	6200
530	3870	6200
1605	3054	6200
2902	3403	6300
411	3131	6300
1071	3195	6300
2506	3337	6300
2506	3449	6300
998	3842	6300
492	3076	6300
1954	3122	6300
384	3009	6300
651	3241	6300
378	3506	6300
2901	3382	6300
1609	3305	6300
2576	3041	6300
1936	3704	6300
2423	3482	6300
232	3333	6300
1189	3981	6400
300	3614	6400
591	3513	6400
1882	3360	6400
615	3864	6500
539	3982	6500
2135	3923	6500
1010	3403	6500
1262	3851	6500
2441	3340	6500
2862	3732	6500
1132	3448	6500
838	3838	6500
2711	3605	6500
1590	3699	6600
1320	3894	6600
915	3133	6600
1050	3179	6600
1508	3661	6600
2543	3490	6700
828	3917	6700
1461	3950	6700
335	3038	6700
400	3221	6700
519	3590	6700
1607	3336	6700
561	3285	6700
1913	3107	6700
1072	3858	6700
77	3227	6700
2469	3792	6700
46	3495	6700
1620	3838	6700
1795	3883	6700
2825	3737	6800
271	3377	6800
1030	3294	6800
1082	3859	6800
333	3131	6800
202	3944	6800
526	3275	6800
32	3828	6800
2278	3100	6800
1075	3709	6800
1105	3053	6800
1473	3180	6900
2415	3742	6900
1191	3784	6900
2786	3408	6900
2282	3894	6900
1108	3345	6900
2849	3495	6900
1088	3650	7000
1387	3950	7000
1898	3671	7000
285	3371	7000
632	3492	7000
1062	3113	7000
2063	3059	7000
63	3578	7000
941	3315	7000
489	3493	7000
2564	3860	7000
857	3638	7000
1400	3468	7100
1979	3728	7100
1727	3087	7100
1323	3831	7100
210	3290	7100
2207	3441	7100
294	3176	7100
449	3332	7200
238	3641	7200
2147	3767	7200
869	3585	7200
297	3334	7200
734	3218	7200
1861	3567	7200
1440	3845	7200
1483	3909	7200
1326	3487	7200
1148	3582	7200
1823	3823	7200
2559	3762	7200
2096	3843	7200
2769	3788	7200
608	3479	7200
2674	3181	7200
2930	3409	7300
1574	3595	7300
2863	3256	7300
1770	3311	7300
2992	3592	7300
1714	3562	7300
718	3645	7300
1411	3160	7300
1170	3117	7300
1958	3223	7300
1061	3666	7300
308	3359	7300
2270	3191	7300
2027	3058	7300
1342	3736	7300
2420	3488	7400
286	3091	7400
334	3226	7400
1519	3075	7400
990	3308	7400
1889	3769	7400
337	3862	7400
2922	3374	7400
1594	3709	7400
1845	3857	7400
1872	3576	7400
2489	3020	7400
2074	3644	7400
1545	3153	7500
2869	3618	7500
2228	3393	7500
2870	3297	7500
2287	3198	7500
1235	3267	7500
2519	3587	7500
1048	3067	7500
2752	3373	7500
123	3753	7500
1362	3460	7600
393	3420	7600
640	3688	7600
1372	3719	7600
2491	3639	7600
614	3443	7600
2406	3064	7600
1884	3674	7600
925	3327	7600
99	3618	7600
1974	3646	7700
379	3402	7700
2605	3542	7700
1131	3052	7700
131	3236	7700
584	3789	7700
170	3197	7700
796	3328	7700
1274	3937	7700
2264	3346	7800
2188	3119	7800
2635	3447	7800
1573	3935	7800
471	3562	7800
298	3329	7800
773	3203	7800
1443	3880	7800
1366	3455	7800
2226	3611	7800
2036	3181	7800
2909	3615	7900
1485	3284	7900
17	3710	7900
1500	3096	7900
2843	3740	7900
2800	3997	7900
1501	3855	7900
793	3781	7900
743	3673	8000
213	3631	8000
924	3746	8000
226	3889	8000
441	3930	8000
1341	3777	8000
2303	3179	8000
2448	3934	8000
979	3081	8000
2326	3437	8100
1264	3283	8100
1917	3444	8100
415	3888	8100
1523	3670	8100
2333	3357	8100
1015	3727	8100
2395	3014	8100
1214	3868	8100
1105	3761	8100
1572	3072	8200
2649	3368	8200
280	3906	8200
618	3444	8200
2306	3915	8200
2915	3894	8200
1304	3626	8200
2472	3191	8200
775	3057	8200
902	3284	8300
1735	3867	8300
1169	3122	8300
2278	3881	8300
1991	3211	8300
2707	3286	8300
421	3159	8300
2538	3490	8400
2032	3141	8400
1379	3757	8400
400	3102	8400
1321	3845	8400
1571	3040	8400
2768	3401	8400
2556	3373	8400
2235	3868	8400
21	3219	8400
1855	3293	8500
2621	3019	8500
1133	3384	8500
1598	3146	8500
1433	3049	8500
2397	3525	8600
476	3977	8600
1688	3137	8600
1727	3385	8600
1706	3918	8600
185	3721	8600
1690	3980	8600
370	3934	8600
946	3319	8600
2569	3978	8600
782	3268	8600
2075	3650	8700
2699	3757	8700
1897	3091	8700
1272	3550	8700
1621	3060	8700
1	3649	8700
36	3057	8700
1038	3712	8800
1177	3287	8800
2275	3061	8800
2166	3728	8800
1774	3392	8800
2177	3929	8800
2150	3652	8800
1790	3172	8800
774	3379	8800
2134	3744	8800
1151	3124	8800
146	3505	8800
297	3151	8900
1924	3348	8900
2911	3582	8900
2384	3227	8900
1752	3128	8900
1903	3852	8900
2049	3866	8900
2991	3675	8900
1931	3552	8900
1828	3426	8900
330	3231	8900
1390	3647	9000
905	3665	9000
2828	3366	9000
724	3607	9000
2215	3893	9000
156	3616	9000
136	3188	9000
2507	3592	9000
523	3588	9000
2813	3185	9000
2914	3541	9000
850	3047	9000
1217	3482	9000
857	3908	9000
1867	3400	9100
2994	3438	9100
682	3450	9100
258	3816	9100
2471	3079	9100
2111	3543	9100
1589	3922	9100
2819	3763	9100
1613	3951	9200
2326	3450	9200
2887	3889	9200
715	3465	9200
551	3946	9200
85	3583	9200
1631	3706	9200
1077	3418	9200
1425	3280	9200
2245	3819	9200
1098	3524	9200
2261	3020	9200
2184	3927	9200
2336	3467	9300
2328	3877	9300
1478	3952	9300
648	3517	9300
2017	3381	9300
458	3449	9300
640	3080	9300
2429	3942	9300
1054	3878	9300
2464	3541	9300
872	3508	9300
1699	3560	9300
1405	3569	9300
2480	3081	9300
2021	3098	9400
2549	3119	9400
2156	3311	9400
538	3508	9400
1684	3921	9400
1443	3084	9400
1102	3214	9400
100	3617	9400
43	3030	9400
725	3310	9400
2787	3232	9500
938	3562	9500
84	3905	9500
2366	3117	9500
1072	3422	9500
321	3678	9500
1118	3139	9500
2661	3127	9500
1333	3700	9600
939	3038	9600
1024	3631	9600
1419	3653	9600
995	3304	9600
2673	3349	9600
2773	3603	9600
1125	3343	9600
500	3654	9600
1915	3055	9600
1400	3296	9700
456	3021	9700
802	3687	9700
2830	3156	9700
408	3801	9700
1625	3570	9700
1572	3497	9700
60	3989	9700
933	3009	9700
2733	3909	9700
2637	3558	9700
432	3037	9700
1948	3058	9700
976	3140	9700
2131	3701	9700
968	3141	9800
1538	3473	9800
1073	3459	9800
72	3304	9800
77	3249	9800
272	3798	9800
1256	3150	9800
2134	3634	9800
322	3148	9900
2633	3173	9900
2310	3571	9900
543	3466	10000
2746	3923	10000
2135	3467	10000
899	3023	10000
84	3699	10000
1063	3260	10000
2849	3546	10000
1850	3697	10000
8	3424	10000
2425	3749	10000
670	3970	10100
869	3432	10100
1927	3715	10100
440	3454	10100
2433	3087	10100
1179	3924	10100
2814	3349	10100
813	3358	10100
2363	3554	10100
365	3352	10100
2722	3951	10200
788	3016	10200
2077	3302	10200
322	3459	10200
2153	3393	10200
1764	3002	10200
1911	3277	10200
2479	3274	10300
2143	3430	10300
2758	3770	10300
1450	3958	10300
2809	3493	10300
787	3612	10300
1957	3761	10400
1472	3949	10400
1819	3847	10400
2546	3157	10400
2026	3460	10500
2087	3467	10500
1662	3804	10500
778	3015	10500
2806	3645	10500
2239	3820	10500
1455	3583	10500
2757	3390	10500
790	3417	10500
2873	3543	10500
534	3755	10500
625	3144	10600
1360	3630	10600
564	3417	10600
1220	3838	10600
927	3036	10600
2299	3020	10600
467	3317	10600
2619	3372	10600
1864	3286	10700
926	3826	10700
307	3958	10700
1413	3762	10700
55	3166	10700
2654	3509	10700
2398	3182	10700
2308	3039	10700
1672	3138	10800
865	3017	10800
2833	3733	10800
923	3905	10800
2974	3619	10800
625	3158	10800
564	3483	10800
2416	3374	10800
1595	3194	10800
1939	3717	10800
2402	3222	10800
2592	3141	10900
2059	3527	10900
1782	3645	10900
177	3108	10900
2951	3076	10900
1166	3315	10900
2763	3121	11000
1854	3387	11000
2037	3448	11000
1567	3168	11000
2371	3908	11000
1980	3296	11100
2767	3579	11100
2940	3065	11100
2772	3147	11100
365	3267	11100
2587	3315	11100
2947	3574	11100
15	3088	11200
2740	3656	11200
2979	3398	11200
2110	3709	11200
1578	3551	11200
2873	3776	11200
2391	3031	11300
1198	3747	11300
2378	3486	11300
1677	3790	11300
2859	3648	11300
621	3774	11300
579	3985	11300
1006	3058	11300
1685	3961	11300
658	3402	11400
20	3726	11400
1111	3445	11400
2146	3606	11400
1599	3705	11400
781	3100	11400
860	3236	11400
462	3273	11400
701	3609	11400
1282	3217	11500
877	3077	11500
914	3424	11500
1117	3729	11500
768	3415	11500
122	3248	11500
179	3407	11600
289	3748	11600
2084	3800	11600
2951	3792	11600
516	3584	11600
1536	3359	11600
2196	3045	11600
1504	3768	11600
313	3751	11600
1359	3654	11600
1848	3797	11700
1483	3462	11700
250	3386	11700
1441	3855	11700
528	3111	11700
2619	3622	11700
871	3552	11800
162	3383	11900
1768	3002	11900
1421	3228	11900
52	3042	11900
1857	3252	11900
1527	3427	11900
361	3716	12000
2986	3533	12000
1206	3065	12000
2206	3128	12000
750	3154	12000
141	3451	12000
505	3802	12000
2853	3738	12000
624	3411	12100
1292	3808	12100
738	3245	12100
1806	3561	12100
694	3679	12100
1210	3418	12100
1873	3090	12100
1098	3323	12200
1208	3458	12200
2787	3525	12200
1335	3890	12200
991	3576	12200
2703	3111	12200
1645	3242	12200
1976	3793	12300
1813	3165	12300
1715	3217	12300
900	3590	12300
2183	3920	12300
66	3506	12300
2011	3644	12300
699	3976	12300
2930	3220	12400
1100	3109	12400
859	3889	12400
2082	3209	12400
707	3526	12400
2016	3039	12400
26	3945	12400
1311	3536	12400
742	3996	12500
1036	3659	12500
764	3822	12500
124	3352	12500
2317	3815	12500
2823	3251	12500
1643	3716	12600
1669	3713	12600
1491	3458	12600
305	3853	12600
2928	3801	12600
2477	3019	12600
536	3643	12600
1570	3596	12600
90	3436	12700
340	3579	12700
999	3134	12700
2318	3446	12700
2692	3680	12700
328	3638	12700
2785	3722	12800
1404	3943	12800
2399	3871	12800
1251	3421	12800
73	3392	12800
495	3151	12800
207	3189	12800
2546	3991	12800
470	3008	12800
1638	3293	12900
520	3472	12900
1735	3071	12900
958	3210	12900
2518	3988	12900
24	3911	13000
1336	3088	13000
1646	3778	13000
1145	3565	13000
487	3969	13000
2638	3769	13000
1228	3959	13000
2338	3230	13000
2823	3335	13000
518	3268	13000
891	3676	13100
2689	3403	13100
2269	3957	13100
1209	3338	13100
159	3499	13100
2381	3116	13100
2866	3689	13100
975	3849	13200
450	3468	13200
1207	3733	13200
2681	3421	13200
1092	3065	13200
282	3484	13200
1881	3124	13200
1305	3457	13300
2807	3050	13300
1355	3665	13300
1779	3949	13300
2590	3905	13300
2796	3069	13300
679	3317	13300
1352	3897	13300
1167	3143	13400
340	3342	13400
200	3613	13400
1122	3516	13400
2821	3307	13400
1368	3642	13400
1915	3634	13400
1311	3662	13400
543	3573	13500
1427	3649	13500
503	3537	13500
1198	3253	13500
218	3289	13500
2124	3630	13600
2340	3639	13600
398	3353	13600
1540	3775	13700
512	3243	13700
2521	3201	13700
2983	3814	13700
128	3654	13700
129	3580	13800
2929	3005	13800
1226	3564	13800
168	3260	13800
1129	3863	13800
1902	3358	13800
2599	3117	13800
1291	3648	13800
2683	3000	13900
1178	3602	13900
1289	3902	13900
171	3570	13900
1778	3298	13900
1286	3530	13900
2607	3424	13900
2298	3371	14000
5	3094	14000
2268	3819	14000
518	3008	14000
2380	3411	14100
1749	3923	14100
1848	3488	14100
1808	3122	14100
1668	3598	14100
494	3065	14100
2379	3604	14100
1170	3326	14100
1562	3208	14100
2600	3922	14100
2244	3636	14100
577	3943	14200
2185	3019	14200
1698	3867	14200
71	3817	14200
175	3541	14200
189	3668	14200
2455	3286	14300
2884	3153	14300
685	3316	14300
477	3714	14300
19	3331	14300
866	3651	14400
196	3531	14400
521	3680	14400
407	3205	14400
1994	3140	14400
1090	3690	14500
332	3107	14500
1337	3876	14500
1225	3323	14600
441	3847	14600
2983	3086	14600
1711	3674	14600
1181	3750	14600
2339	3468	14700
2443	3589	14700
2645	3871	14700
2097	3879	14700
18	3569	14700
1679	3014	14700
2935	3194	14800
776	3375	14800
1240	3933	14800
1308	3934	14800
730	3115	14800
1146	3068	14900
2811	3991	14900
1677	3225	14900
229	3472	15000
1037	3923	15000
2655	3987	15000
1252	3775	15000
587	3475	15000
2330	3850	15000
181	3374	15000
2086	3708	15000
672	3211	15000
2937	3292	15100
1280	3109	15100
2101	3780	15100
1709	3519	15100
2529	3813	15100
2209	3686	15100
1949	3020	15100
2716	3105	15200
2726	3856	15200
22	3531	15200
2427	3935	15200
430	3330	15200
1109	3020	15200
1720	3577	15300
264	3314	15300
446	3887	15300
677	3202	15300
1532	3216	15300
490	3628	15300
1348	3984	15300
2043	3237	15300
2289	3427	15300
465	3739	15400
1986	3272	15400
2911	3693	15400
81	3803	15400
323	3493	15400
2248	3574	15400
2360	3749	15400
23	3910	15500
1633	3465	15500
65	3213	15500
1759	3410	15500
1902	3389	15500
2631	3896	15500
68	3723	15600
2091	3094	15600
2199	3480	15600
254	3941	15600
1830	3653	15700
2292	3979	15700
2078	3347	15700
939	3428	15800
636	3253	15800
1935	3233	15800
2926	3567	15800
2382	3732	15800
1086	3538	15800
1653	3153	15800
2458	3346	15900
2004	3939	15900
2383	3431	15900
910	3154	15900
2078	3435	15900
875	3222	15900
1313	3662	15900
2065	3287	16000
868	3640	16000
1399	3520	16000
1824	3735	16000
1808	3938	16100
1271	3341	16100
1457	3061	16200
1585	3844	16200
890	3007	16200
521	3127	16200
1649	3359	16200
2513	3418	16200
1810	3310	16200
374	3248	16200
1473	3083	16300
511	3578	16300
168	3861	16300
570	3912	16300
2071	3560	16300
2052	3451	16300
2145	3436	16300
1941	3112	16300
2157	3694	16400
402	3171	16400
1298	3706	16400
1261	3258	16400
2515	3810	16500
600	3419	16500
1297	3975	16500
192	3064	16500
233	3499	16500
2222	3125	16500
243	3990	16600
880	3752	16600
606	3628	16600
893	3028	16600
102	3262	16600
2534	3824	16700
1712	3993	16700
2311	3015	16700
2407	3126	16700
416	3444	16700
451	3070	16700
592	3560	16700
1263	3269	16700
588	3237	16700
2631	3610	16700
1182	3056	16800
1469	3864	16800
2520	3914	16800
2753	3614	16800
2048	3009	16800
1877	3235	16800
717	3648	16800
460	3741	16900
2981	3239	16900
2358	3957	16900
1560	3592	16900
2598	3260	16900
2050	3840	17000
1804	3429	17000
819	3658	17000
2	3544	17000
116	3674	17000
145	3451	17000
422	3406	17000
88	3489	17000
373	3837	17100
1705	3245	17100
618	3906	17100
1568	3817	17100
557	3558	17100
1781	3383	17100
900	3705	17200
2670	3050	17300
2288	3463	17300
1921	3882	17300
2322	3473	17300
786	3565	17300
1299	3841	17300
773	3154	17300
1003	3623	17300
1900	3321	17400
266	3430	17400
2508	3837	17400
1095	3777	17400
994	3170	17400
1454	3341	17400
198	3528	17400
138	3191	17400
2736	3993	17500
512	3782	17500
1942	3117	17500
452	3199	17600
1975	3364	17600
2483	3497	17600
2650	3684	17600
329	3831	17600
1114	3670	17600
315	3382	17600
430	3455	17600
818	3949	17700
2485	3464	17700
1655	3384	17700
1254	3487	17700
2526	3009	17700
2418	3201	17700
2827	3907	17700
1497	3501	17800
1454	3791	17800
767	3934	17800
295	3059	17900
2337	3080	17900
2360	3937	17900
2067	3112	17900
221	3923	18000
1703	3152	18000
1315	3607	18000
1293	3599	18000
811	3971	18000
2966	3374	18000
302	3702	18000
2826	3924	18100
1185	3868	18100
1541	3211	18100
652	3152	18200
1811	3995	18200
1555	3350	18200
2503	3613	18200
1371	3903	18200
562	3738	18200
2602	3637	18300
2586	3989	18300
2118	3772	18300
1983	3309	18300
963	3907	18400
1736	3110	18500
2876	3630	18500
1846	3416	18500
2886	3481	18500
353	3084	18500
270	3812	18500
2706	3961	18500
222	3118	18500
775	3058	18500
310	3143	18600
865	3110	18600
2265	3233	18600
440	3314	18600
656	3080	18600
2117	3974	18600
2174	3798	18600
2539	3985	18600
1143	3574	18600
2971	3952	18700
1011	3309	18700
2903	3715	18800
219	3804	18800
2091	3847	18800
1222	3875	18800
385	3629	18800
1032	3752	18800
1200	3593	18800
2632	3074	18900
1197	3698	18900
1785	3840	18900
10	3926	18900
1692	3875	18900
2083	3295	18900
2432	3772	18900
688	3868	18900
1656	3953	18900
2885	3312	19000
2525	3572	19000
917	3782	19100
203	3532	19100
1039	3842	19100
1022	3669	19100
2019	3259	19100
2843	3522	19100
2316	3937	19100
1838	3756	19100
885	3438	19200
2816	3314	19200
1639	3196	19200
967	3512	19200
916	3453	19200
433	3207	19200
1406	3574	19200
2959	3725	19300
2967	3429	19300
1959	3551	19300
2332	3446	19300
892	3391	19300
1730	3136	19400
853	3157	19400
1529	3116	19400
2616	3984	19400
2011	3788	19400
1792	3258	19400
2195	3031	19400
150	3723	19500
943	3210	19500
2661	3680	19500
1415	3900	19500
2232	3455	19500
763	3839	19500
2149	3009	19600
2450	3028	19600
2933	3573	19700
1876	3570	19700
244	3848	19700
2429	3817	19700
1028	3103	19700
1278	3999	19700
4	3572	19700
44	3823	19800
2958	3308	19900
1710	3401	19900
2451	3786	19900
1644	3933	19900
2916	3193	20000
260	3052	20000
590	3969	20000
2458	3433	20000
2210	3955	20000
1025	3246	20100
2593	3936	20100
2562	3209	20100
51	3146	20100
318	3881	20100
1678	3177	20100
680	3689	20100
2219	3432	20200
821	3848	20200
2896	3707	20300
1756	3379	20300
205	3288	20300
2252	3118	20300
99	3966	20400
2609	3712	20400
960	3232	20400
1363	3271	20400
1883	3789	20400
2118	3328	20400
106	3203	20400
1618	3655	20400
557	3661	20400
2977	3261	20400
161	3180	20500
1542	3893	20500
1058	3626	20500
1080	3111	20500
2999	3183	20600
853	3627	20600
94	3320	20600
1577	3860	20600
4	3622	20600
1168	3132	20700
1893	3977	20700
2877	3405	20700
1273	3884	20700
1575	3436	20700
2838	3799	20800
2094	3500	20800
815	3254	20800
2245	3927	20800
1059	3727	20800
49	3279	20900
1627	3223	20900
2168	3236	20900
1859	3967	20900
1243	3125	20900
2229	3030	20900
2428	3995	21100
944	3826	21100
1415	3029	21100
2171	3246	21200
2461	3373	21200
2100	3559	21300
2017	3226	21300
2931	3113	21300
988	3798	21300
1172	3657	21300
2329	3472	21400
1967	3746	21400
1479	3998	21400
246	3346	21400
840	3706	21400
2332	3029	21400
1383	3584	21400
678	3460	21500
2129	3174	21500
1646	3340	21500
1489	3187	21500
2012	3263	21500
1434	3875	21600
2948	3703	21600
516	3388	21700
86	3332	21800
1490	3046	21800
1833	3589	21800
1693	3765	21800
491	3781	21800
1593	3738	21800
1319	3965	21900
1328	3032	21900
2268	3927	21900
1833	3486	22000
807	3869	22000
1035	3851	22000
442	3496	22000
812	3938	22000
2852	3915	22000
605	3045	22000
2659	3360	22000
1866	3335	22000
1141	3204	22100
1926	3649	22100
1404	3856	22100
2794	3996	22100
2001	3338	22100
1619	3453	22100
1771	3644	22100
166	3084	22100
1857	3702	22100
567	3119	22200
279	3719	22200
2359	3766	22300
1665	3026	22400
387	3158	22400
2456	3007	22400
2678	3887	22500
1925	3869	22500
2509	3954	22500
1307	3477	22500
459	3829	22500
657	3035	22600
1457	3637	22600
42	3480	22600
1106	3612	22600
678	3253	22700
431	3757	22800
2863	3656	22800
1738	3710	22800
2672	3011	22800
2040	3714	22800
674	3874	22800
1032	3941	22800
1514	3610	22800
1758	3364	22900
1799	3835	22900
1071	3787	22900
483	3298	22900
2562	3104	22900
468	3022	22900
2936	3130	22900
1156	3166	22900
2355	3725	23000
1938	3488	23000
1179	3285	23000
2829	3351	23000
2961	3272	23000
2693	3002	23000
626	3386	23000
2707	3573	23100
2147	3372	23100
897	3366	23100
1087	3868	23100
1364	3966	23200
712	3652	23200
2825	3904	23300
2767	3342	23300
1961	3485	23300
486	3510	23400
1466	3428	23500
420	3533	23500
83	3747	23500
1494	3186	23500
2574	3340	23500
1139	3009	23500
2000	3185	23500
2398	3192	23500
1843	3148	23600
764	3247	23600
1448	3866	23600
1066	3253	23700
814	3292	23700
1231	3044	23700
484	3000	23700
636	3977	23700
2254	3261	23700
1651	3643	23700
1787	3928	23800
886	3679	23800
837	3237	23800
2997	3053	23800
1910	3526	23900
916	3858	23900
25	3344	23900
320	3169	24000
952	3870	24000
2182	3652	24000
1565	3298	24000
2967	3679	24000
1393	3860	24000
864	3552	24000
386	3318	24100
1748	3046	24100
1600	3688	24100
201	3551	24100
1803	3358	24100
234	3130	24100
2565	3215	24200
2582	3579	24200
370	3452	24200
806	3747	24300
2924	3407	24300
1682	3195	24300
2451	3621	24300
1879	3784	24400
2301	3494	24400
1689	3157	24400
364	3235	24400
425	3049	24400
172	3252	24400
1940	3150	24400
920	3323	24500
694	3235	24500
2727	3604	24500
359	3916	24500
1241	3763	24500
1409	3887	24600
1489	3247	24600
555	3894	24600
1642	3983	24600
2714	3623	24600
221	3943	24700
666	3496	24700
878	3351	24700
2475	3600	24700
911	3031	24700
607	3723	24800
1191	3624	24800
1065	3295	24800
1423	3483	24800
771	3624	24900
2925	3754	24900
2225	3232	24900
723	3018	24900
103	3961	24900
2902	3299	25000
171	3590	25000
1631	3441	25000
1271	3752	25000
291	3668	25000
2900	3808	25100
2343	3015	25100
299	3787	25100
2796	3376	25100
2323	3554	25100
1412	3010	25100
1168	3700	25200
2271	3871	25200
2656	3691	25200
39	3867	25300
2042	3763	25300
0	3234	25400
2374	3741	25500
1770	3504	25500
2013	3397	25500
2347	3066	25500
1023	3738	25500
525	3643	25500
212	3175	25600
1236	3091	25600
1865	3748	25600
1300	3574	25600
2093	3336	25700
2656	3925	25700
383	3424	25700
1053	3073	25800
33	3274	25800
179	3438	25800
1499	3521	25800
2033	3370	25800
1002	3997	25800
1996	3953	25800
1120	3572	25800
2805	3707	25900
2990	3619	25900
1378	3296	25900
96	3700	25900
1338	3463	26000
1447	3298	26000
1863	3345	26000
2918	3942	26100
1723	3208	26100
1182	3992	26200
1545	3463	26300
1296	3980	26300
867	3675	26300
2023	3644	26300
2159	3553	26300
1202	3250	26400
1681	3859	26400
752	3392	26400
2354	3572	26400
1112	3204	26400
2085	3490	26500
2144	3906	26500
2107	3842	26500
1190	3077	26500
2285	3391	26500
2901	3773	26600
701	3700	26700
76	3669	26700
1691	3641	26700
1283	3233	26800
598	3295	26800
2576	3495	26800
1932	3121	26900
2368	3008	26900
1082	3078	27000
874	3143	27000
1862	3780	27100
1060	3439	27100
2291	3159	27100
2374	3783	27200
458	3975	27200
2776	3428	27300
660	3173	27300
2877	3709	27300
798	3179	27300
1064	3890	27400
369	3951	27400
1074	3183	27400
812	3078	27400
823	3844	27400
1834	3735	27400
2782	3026	27500
1586	3731	27600
1920	3024	27600
2038	3035	27600
1269	3147	27700
270	3735	27700
1446	3759	27800
609	3494	27800
1559	3704	27800
48	3643	27800
288	3250	27900
2236	3094	27900
744	3416	27900
696	3179	27900
2775	3138	27900
2047	3883	27900
2543	3685	28000
2879	3687	28000
134	3786	28000
2067	3181	28000
26	3159	28000
581	3776	28100
2468	3483	28200
1529	3058	28200
1120	3317	28200
1078	3280	28200
1202	3361	28300
2295	3787	28300
2218	3131	28300
2764	3459	28300
547	3826	28300
2871	3738	28300
728	3545	28400
2172	3412	28400
504	3106	28400
2756	3553	28400
2434	3293	28500
1356	3926	28500
1157	3548	28500
2046	3172	28500
1564	3244	28500
101	3139	28500
2	3617	28500
2626	3116	28500
1784	3949	28600
2018	3401	28600
2472	3168	28600
629	3534	28700
830	3913	28700
2297	3908	28700
1009	3005	28800
148	3658	28800
364	3960	28800
1124	3994	28800
711	3877	28900
1767	3027	28900
1177	3540	28900
2101	3033	28900
410	3789	28900
1969	3642	28900
1275	3305	28900
1436	3768	28900
273	3883	28900
817	3230	28900
573	3502	28900
1905	3940	29000
1116	3448	29000
182	3111	29000
1825	3643	29000
1463	3180	29100
2803	3694	29100
693	3194	29100
507	3198	29100
2712	3741	29200
2403	3306	29200
2973	3707	29300
1637	3502	29300
291	3296	29300
1869	3441	29400
1211	3002	29400
2285	3999	29400
147	3410	29400
574	3424	29500
2616	3617	29500
705	3750	29500
1070	3882	29600
1683	3944	29600
1602	3093	29600
14	3132	29700
1800	3739	29700
264	3038	29700
472	3520	29700
2300	3545	29800
1818	3006	29800
955	3241	29800
1347	3422	29800
1343	3306	29800
135	3490	29800
220	3722	29900
2296	3737	29900
920	3524	29900
642	3985	29900
69	3793	29900
1445	3870	30000
2459	3935	30000
565	3616	30000
427	3728	30100
1019	3661	30100
1736	3074	30200
2388	3087	30300
1149	3338	30300
19	3972	30300
983	3499	30300
1475	3902	30400
186	3604	30400
164	3125	30400
2280	3018	30500
665	3216	30500
626	3789	30500
175	3188	30500
1960	3010	30500
2531	3624	30600
2629	3026	30600
1046	3076	30600
2492	3891	30600
1966	3300	30600
2893	3465	30700
978	3947	30700
2540	3932	30800
85	3416	30800
120	3156	30900
194	3884	30900
2226	3355	30900
1909	3309	30900
1010	3783	31000
2665	3908	31000
1007	3730	31100
64	3032	31100
973	3514	31100
663	3997	31100
2848	3313	31100
33	3301	31200
1846	3743	31200
1896	3683	31200
2093	3624	31300
511	3720	31300
1257	3241	31300
315	3916	31300
2822	3282	31300
2009	3300	31400
2291	3115	31500
86	3291	31600
635	3349	31600
1651	3908	31600
470	3795	31600
1926	3251	31700
2002	3312	31700
942	3641	31700
2816	3363	31800
2341	3239	31800
228	3508	31800
2845	3610	31800
2544	3549	31900
2269	3848	32000
1880	3790	32000
763	3961	32000
1147	3660	32100
1442	3525	32100
91	3902	32100
1005	3663	32100
1938	3681	32200
1424	3977	32200
819	3034	32200
851	3160	32200
675	3390	32200
1556	3101	32200
2891	3430	32300
1014	3434	32300
2314	3099	32300
70	3572	32300
1967	3367	32500
1070	3456	32500
1717	3518	32500
100	3544	32500
874	3802	32500
2139	3788	32500
1731	3753	32500
1726	3748	32600
2103	3407	32600
1472	3886	32600
2641	3422	32600
1490	3296	32700
1705	3340	32700
435	3920	32700
969	3798	32700
1870	3546	32700
662	3618	32800
347	3783	32800
2698	3694	32800
1074	3190	32800
2652	3565	32800
2572	3138	32900
2250	3215	33100
2596	3299	33100
2373	3267	33100
2998	3726	33200
2462	3165	33200
2728	3990	33200
1511	3972	33200
2195	3739	33300
732	3330	33300
478	3885	33400
810	3986	33500
277	3921	33500
35	3259	33500
2207	3706	33500
1934	3657	33500
236	3336	33600
2581	3496	33600
2789	3949	33600
2367	3958	33600
548	3226	33700
1487	3123	33700
2743	3899	33700
2348	3782	33800
709	3817	34000
1244	3436	34000
1235	3352	34100
2645	3434	34200
2113	3901	34200
767	3414	34200
1550	3405	34300
269	3177	34300
199	3415	34300
326	3660	34400
466	3119	34400
2484	3276	34400
1581	3120	34400
1018	3034	34500
1535	3145	34500
2778	3036	34500
147	3597	34500
2747	3701	34600
2242	3897	34600
647	3013	34600
1816	3707	34700
1398	3070	34700
1919	3277	34700
358	3529	34700
1836	3300	34700
1284	3258	34800
2328	3681	34900
2108	3805	34900
1007	3152	34900
2186	3078	34900
2985	3392	34900
2452	3239	34900
2851	3929	34900
2186	3164	35000
2121	3853	35100
1085	3158	35100
1660	3505	35100
2548	3730	35200
1094	3426	35200
848	3360	35200
1908	3563	35200
2730	3265	35300
1041	3728	35300
756	3991	35300
711	3681	35400
2397	3232	35400
1654	3555	35400
829	3787	35400
2788	3485	35400
2905	3010	35400
2260	3143	35500
1669	3021	35500
831	3580	35600
130	3663	35600
1278	3983	35600
1599	3134	35800
2783	3742	35800
2806	3740	35800
1606	3155	35800
1276	3815	35900
237	3516	35900
2039	3844	35900
1696	3814	35900
2690	3278	35900
2552	3538	36000
1635	3373	36000
140	3993	36100
1941	3463	36100
2817	3407	36100
1696	3655	36100
2066	3435	36100
1805	3020	36100
2570	3486	36200
1892	3632	36200
1548	3099	36200
61	3515	36200
2146	3437	36300
1052	3051	36400
2443	3805	36400
2240	3822	36400
1560	3128	36400
800	3331	36400
65	3938	36500
290	3758	36500
1175	3609	36600
727	3962	36600
2749	3493	36600
1024	3618	36700
2331	3901	36700
2376	3537	36800
1975	3540	36800
1891	3464	36800
519	3705	36800
480	3064	36800
641	3440	36800
2376	3253	36900
2436	3175	36900
715	3724	36900
1520	3845	36900
462	3880	36900
16	3572	36900
942	3808	36900
1603	3799	37200
1588	3599	37200
1747	3821	37200
396	3623	37200
2477	3210	37300
637	3549	37300
1300	3268	37300
1218	3091	37400
959	3932	37400
391	3607	37400
1916	3144	37400
514	3581	37500
2022	3154	37500
1432	3116	37500
2853	3240	37600
447	3824	37600
843	3196	37600
755	3852	37600
720	3136	37700
855	3188	37700
2634	3169	37900
2598	3200	37900
2457	3879	37900
883	3685	38000
1844	3930	38000
499	3520	38000
720	3631	38100
1318	3279	38100
572	3084	38100
1480	3668	38200
747	3717	38200
700	3289	38200
814	3767	38300
863	3884	38300
2247	3752	38300
1496	3474	38400
162	3744	38400
344	3490	38500
1782	3381	38500
1029	3023	38600
2824	3060	38600
1214	3757	38600
2137	3846	38800
2437	3965	38900
1135	3081	38900
1241	3130	38900
2250	3998	39000
1361	3392	39000
2213	3120	39000
1353	3615	39100
2623	3999	39100
447	3407	39200
1760	3447	39200
660	3338	39200
2527	3106	39300
912	3454	39400
1573	3408	39400
2520	3336	39500
2760	3836	39500
195	3716	39500
2415	3142	39600
2236	3126	39600
1528	3782	39600
1031	3265	39700
1590	3905	39700
2779	3586	39700
2140	3509	39700
2021	3035	39800
2583	3856	39800
378	3260	39800
1880	3288	39800
294	3320	39800
2181	3347	39800
2858	3593	39800
195	3046	39900
697	3876	40000
597	3013	40000
583	3016	40100
1017	3433	40100
2957	3715	40200
1558	3799	40300
2931	3581	40300
1435	3645	40300
558	3583	40300
2504	3857	40300
2812	3188	40400
1563	3593	40400
485	3795	40500
2840	3000	40600
578	3315	40600
1012	3671	40700
2824	3964	40800
1659	3114	40800
2759	3845	40900
1196	3645	40900
2158	3641	40900
1960	3718	40900
423	3350	41000
1761	3745	41000
2068	3584	41000
2720	3671	41100
2111	3776	41100
1870	3397	41100
104	3183	41200
2302	3640	41200
708	3278	41400
1371	3940	41500
1740	3106	41500
784	3019	41600
999	3705	41600
585	3226	41700
994	3935	41700
592	3899	41700
459	3569	41700
2154	3165	41800
2792	3135	41800
2259	3322	41800
639	3521	41800
398	3124	41800
2357	3873	41900
1553	3523	41900
777	3182	41900
53	3536	41900
183	3479	42000
723	3188	42000
372	3947	42000
1135	3899	42000
1405	3829	42000
2466	3344	42000
1811	3257	42100
2517	3763	42100
1424	3175	42200
280	3549	42200
1113	3947	42200
114	3374	42200
2259	3690	42300
1377	3432	42300
2370	3632	42300
1550	3189	42300
891	3746	42400
1995	3121	42400
2493	3434	42500
907	3079	42500
1028	3762	42500
546	3795	42600
1205	3888	42600
103	3839	42600
1313	3536	42600
2143	3284	42700
2303	3451	42700
1906	3067	42700
380	3169	42800
1747	3500	42800
1837	3018	42800
479	3258	42800
2244	3812	42800
2447	3031	42900
1246	3529	42900
2833	3098	43000
256	3724	43000
1586	3032	43000
2092	3122	43000
2687	3188	43000
2356	3375	43000
310	3204	43000
847	3072	43100
63	3632	43100
890	3305	43100
1087	3832	43100
972	3178	43200
2440	3972	43200
2283	3626	43200
1378	3749	43200
535	3808	43300
2179	3877	43400
1725	3475	43400
1434	3555	43500
953	3122	43500
1647	3889	43500
602	3239	43500
1246	3039	43500
1245	3302	43600
1165	3063	43600
2996	3945	43600
1352	3010	43600
14	3795	43700
2668	3013	43700
735	3696	43700
17	3151	43700
439	3551	43700
572	3616	43700
981	3765	43700
360	3294	43800
589	3470	43800
1001	3721	43800
2141	3811	43800
2932	3610	43900
2969	3829	43900
515	3933	44000
2680	3159	44000
517	3488	44100
1757	3152	44100
479	3357	44100
2154	3442	44200
1745	3436	44200
2777	3017	44200
2288	3253	44300
1223	3730	44300
2827	3591	44300
1929	3793	44300
1064	3121	44400
2142	3038	44400
1233	3279	44400
71	3049	44400
1881	3593	44400
1250	3332	44500
1128	3228	44500
895	3546	44500
1517	3846	44500
2474	3496	44600
2952	3893	44600
338	3587	44600
1516	3743	44600
2946	3959	44600
1868	3374	44600
1162	3406	44600
92	3917	44700
2882	3818	44700
2305	3816	44700
1700	3297	44700
915	3345	44700
18	3988	44700
2056	3159	44700
1749	3339	44700
1492	3707	44800
242	3016	44800
485	3008	44800
2277	3184	44900
1809	3875	44900
2638	3604	44900
1618	3814	44900
2233	3440	44900
1905	3903	45000
643	3315	45000
2448	3414	45000
2565	3580	45100
1565	3640	45100
230	3510	45100
1199	3968	45100
2770	3627	45200
132	3412	45200
2791	3127	45200
269	3857	45200
1977	3003	45200
1730	3660	45300
2167	3926	45300
1354	3419	45300
1726	3052	45300
1990	3930	45300
1481	3399	45300
1513	3511	45300
2176	3476	45300
2881	3418	45400
2505	3057	45400
805	3493	45400
1067	3390	45400
1708	3775	45500
2924	3292	45500
1417	3861	45500
1953	3412	45500
183	3471	45500
2657	3997	45500
1267	3042	45600
248	3440	45600
1484	3833	45700
1106	3263	45700
54	3919	45700
2081	3324	45700
717	3912	45700
794	3411	45700
284	3640	45800
1340	3983	45800
1008	3809	45800
2541	3890	45900
1546	3700	45900
510	3078	45900
570	3360	45900
215	3864	46000
2460	3665	46000
908	3091	46000
1633	3724	46000
746	3504	46000
2868	3198	46000
2256	3475	46100
235	3066	46100
1627	3734	46100
2855	3040	46100
1076	3712	46200
2580	3008	46200
1613	3577	46200
2484	3748	46200
742	3226	46200
2082	3104	46200
1956	3928	46200
1328	3731	46300
1615	3772	46300
448	3913	46300
894	3294	46400
2266	3305	46400
497	3288	46400
3	3324	46400
621	3968	46400
367	3763	46400
233	3546	46500
1966	3353	46500
1260	3989	46600
2104	3645	46600
1641	3661	46600
70	3622	46600
417	3741	46600
2120	3491	46700
1268	3601	46700
2372	3389	46700
1826	3897	46700
1004	3904	46800
1052	3580	46800
342	3107	46800
276	3183	46800
1242	3534	46800
2897	3644	46800
1885	3179	46800
944	3930	46900
1465	3548	46900
424	3295	46900
1386	3755	46900
2595	3624	47000
381	3730	47000
1119	3284	47000
1222	3555	47100
1221	3687	47100
193	3691	47100
2885	3852	47100
1885	3057	47100
532	3192	47100
242	3088	47200
510	3134	47200
746	3311	47200
1282	3492	47300
2190	3005	47300
2561	3279	47300
2676	3598	47300
1047	3358	47300
2762	3785	47400
1970	3671	47400
2770	3065	47400
1069	3697	47400
1276	3327	47400
2782	3726	47500
336	3938	47500
2302	3504	47500
1951	3106	47500
2883	3355	47500
2809	3885	47500
2706	3839	47500
2339	3793	47600
1547	3789	47600
1914	3229	47700
1452	3007	47700
2442	3177	47700
2016	3729	47700
918	3856	47800
2723	3864	47800
112	3155	47800
2651	3064	47800
1671	3438	47900
905	3557	47900
2751	3183	47900
2160	3131	47900
2387	3007	47900
1585	3049	47900
1111	3761	48000
1742	3381	48000
2641	3393	48000
1059	3760	48000
501	3533	48100
2568	3567	48100
223	3210	48100
884	3033	48200
1294	3100	48200
1984	3409	48300
722	3545	48300
2349	3447	48300
2015	3811	48300
1406	3124	48300
2099	3193	48400
535	3799	48400
1667	3371	48400
2910	3816	48400
2309	3664	48400
1399	3744	48400
2122	3988	48400
2320	3027	48500
2960	3274	48500
2514	3433	48500
1326	3295	48500
1016	3452	48500
1422	3657	48500
1973	3685	48600
754	3665	48600
2942	3107	48600
2298	3939	48600
2098	3689	48600
2090	3828	48600
1826	3008	48600
1992	3737	48700
488	3433	48700
497	3498	48800
145	3179	48800
1744	3015	48900
1336	3016	48900
2310	3093	48900
2010	3600	48900
2845	3638	48900
135	3685	48900
2036	3112	48900
2609	3725	49000
2266	3587	49000
1559	3313	49000
2894	3044	49100
788	3088	49100
117	3376	49100
2013	3546	49100
1827	3034	49200
1291	3538	49200
2999	3190	49300
2431	3308	49300
1370	3796	49300
40	3464	49400
2920	3108	49500
795	3416	49500
2178	3161	49600
2711	3966	49600
412	3949	49600
2751	3190	49600
841	3125	49600
1158	3660	49600
1237	3653	49700
301	3804	49700
2003	3448	49700
506	3437	49800
2522	3747	49800
2394	3358	49800
2915	3079	49800
1667	3996	49900
2249	3499	49900
1187	3560	49900
2248	3268	49900
1237	3472	50000
2162	3583	50000
1307	3753	50000
2699	3793	50000
2817	3292	50100
2041	3946	50100
2130	3772	50100
2276	3788	50100
1304	3270	50100
852	3595	50200
959	3936	50200
1341	3241	50200
1664	3755	50200
2659	3736	50200
949	3609	50300
2500	3581	50300
1391	3885	50300
1219	3105	50300
343	3335	50300
757	3419	50400
2536	3665	50400
197	3522	50400
1117	3039	50400
692	3111	50400
2789	3886	50500
203	3932	50500
1266	3011	50500
1312	3070	50500
2174	3177	50500
1685	3839	50500
1227	3325	50600
710	3859	50600
829	3748	50600
2275	3785	50600
2696	3571	50600
1674	3154	50600
1834	3111	50600
1861	3606	50700
2662	3885	50700
2196	3702	50700
1335	3808	50800
1317	3400	50800
784	3438	50800
257	3632	50800
996	3326	50800
2488	3194	50800
41	3397	50800
53	3662	50800
2777	3110	50900
2991	3697	50900
1338	3112	51000
1000	3840	51000
2612	3346	51000
2487	3503	51000
2941	3821	51000
2394	3947	51000
438	3968	51000
903	3676	51100
1017	3346	51100
1741	3173	51100
1342	3081	51100
947	3665	51200
567	3400	51200
1199	3774	51200
606	3310	51200
2750	3819	51200
1855	3833	51300
619	3977	51300
1484	3017	51300
604	3754	51300
2208	3611	51300
358	3675	51300
875	3643	51300
1658	3289	51300
1638	3890	51400
540	3747	51400
16	3383	51400
1385	3828	51500
1801	3229	51500
313	3166	51500
1204	3502	51500
1100	3011	51600
2378	3877	51600
169	3758	51600
1863	3133	51600
980	3293	51700
1229	3745	51700
1774	3019	51700
241	3948	51700
2962	3555	51800
369	3219	51800
2653	3720	51800
1731	3477	51800
1333	3609	51900
1344	3804	51900
1437	3438	51900
978	3358	51900
2640	3493	51900
1086	3003	51900
45	3457	51900
2624	3132	51900
1038	3870	52000
2884	3322	52000
1136	3263	52000
2129	3292	52000
2534	3767	52000
438	3560	52000
1614	3081	52000
331	3832	52100
2357	3549	52100
1196	3740	52100
582	3872	52100
2411	3541	52100
2716	3515	52100
2785	3832	52200
2151	3121	52200
2256	3217	52200
559	3196	52200
1257	3777	52200
318	3640	52200
161	3083	52300
957	3578	52300
1085	3478	52300
1360	3939	52300
314	3379	52300
2812	3345	52300
2684	3655	52300
1611	3807	52300
710	3882	52400
681	3687	52400
13	3893	52400
2293	3404	52400
2748	3588	52400
985	3990	52400
1203	3222	52400
224	3741	52500
1261	3870	52500
361	3668	52600
1819	3556	52600
1851	3939	52600
1763	3234	52600
2688	3448	52600
324	3200	52700
1018	3583	52700
302	3252	52700
1325	3600	52700
2270	3953	52700
1537	3168	52800
2420	3797	52900
2869	3136	52900
208	3203	52900
2112	3600	52900
286	3215	53000
1161	3837	53000
2893	3724	53000
651	3731	53000
580	3711	53000
748	3375	53000
2819	3628	53000
2312	3653	53100
2735	3936	53100
2160	3770	53100
1240	3057	53100
1009	3503	53200
1681	3078	53200
2758	3239	53200
1869	3146	53200
6	3339	53300
2483	3589	53300
1742	3996	53300
1160	3979	53300
496	3067	53300
1414	3322	53400
58	3524	53400
1724	3613	53400
1874	3040	53400
622	3943	53500
1927	3918	53500
2799	3965	53500
2237	3618	53500
2640	3937	53500
536	3718	53500
896	3475	53600
802	3456	53600
443	3589	53600
1995	3977	53600
2204	3896	53600
581	3543	53600
223	3019	53700
1128	3734	53700
2012	3612	53800
851	3583	53800
1259	3369	53900
561	3421	53900
1122	3113	53900
644	3876	53900
739	3525	54000
1407	3035	54000
954	3389	54000
2835	3022	54000
830	3483	54100
2904	3355	54100
2424	3751	54100
1026	3309	54100
2592	3301	54200
1687	3146	54200
1391	3451	54200
472	3744	54200
907	3236	54300
1649	3057	54300
887	3663	54300
936	3396	54300
1109	3755	54300
2368	3317	54400
2995	3527	54400
2612	3459	54400
1255	3018	54400
1147	3136	54500
1818	3567	54500
602	3770	54500
2180	3765	54500
2580	3268	54500
1353	3758	54600
2436	3400	54600
2351	3901	54600
2404	3189	54600
1756	3994	54600
1376	3552	54600
1931	3211	54600
2515	3555	54700
1458	3223	54700
2206	3994	54700
2510	3228	54700
433	3300	54700
1632	3088	54800
2879	3134	54800
115	3034	54800
2432	3828	54800
303	3765	54800
1985	3083	54800
1762	3137	54900
1879	3624	54900
1130	3144	54900
2745	3838	54900
107	3062	55000
2617	3567	55000
37	3229	55000
2966	3277	55000
2847	3344	55000
443	3805	55100
256	3496	55100
105	3234	55100
1561	3270	55100
2948	3791	55100
2402	3115	55100
2294	3112	55100
2343	3737	55200
633	3494	55200
609	3302	55200
153	3984	55200
532	3448	55200
1574	3178	55300
1149	3578	55300
1841	3586	55300
1643	3668	55300
887	3390	55400
1118	3895	55400
1477	3231	55400
247	3756	55400
2054	3770	55500
1820	3388	55500
2771	3277	55500
2334	3360	55500
1274	3222	55500
1839	3833	55600
1932	3890	55600
2589	3341	55600
2899	3092	55600
2644	3821	55700
863	3147	55700
308	3406	55700
1138	3509	55700
414	3352	55700
189	3716	55700
123	3477	55700
2965	3377	55800
2965	3294	55800
44	3939	55800
813	3947	55800
2622	3610	55800
1563	3476	55800
9	3883	55900
476	3175	55900
2678	3527	55900
2774	3518	55900
1221	3134	55900
2476	3607	55900
1986	3669	55900
1351	3479	55900
2905	3897	55900
620	3243	56000
956	3851	56000
2385	3773	56000
2881	3997	56000
2057	3139	56000
1510	3148	56100
644	3526	56100
1668	3510	56100
1420	3123	56100
1882	3953	56100
1997	3703	56100
2677	3660	56200
1762	3537	56200
1145	3381	56200
2238	3880	56200
525	3718	56200
911	3240	56300
142	3043	56300
2732	3210	56300
453	3255	56300
1908	3781	56300
1616	3426	56400
797	3056	56400
2005	3475	56400
840	3441	56400
2895	3318	56500
2946	3413	56600
2209	3628	56600
1116	3883	56600
849	3738	56700
464	3044	56700
1089	3684	56700
2123	3976	56700
1980	3832	56700
1057	3240	56800
2604	3970	56800
2422	3246	56800
2460	3557	56800
860	3079	56800
2184	3819	56800
9	3318	56900
252	3585	56900
1216	3687	56900
2522	3799	56900
2929	3676	56900
1184	3962	56900
2596	3603	56900
2452	3398	56900
2644	3500	56900
2182	3925	56900
2331	3225	56900
1539	3743	56900
121	3807	56900
2299	3819	56900
2839	3068	57000
1464	3797	57000
454	3561	57000
12	3616	57000
32	3413	57000
2516	3609	57100
1551	3199	57100
1998	3385	57100
1260	3393	57100
2029	3604	57100
29	3270	57100
963	3591	57100
918	3524	57200
2840	3318	57200
1280	3011	57200
1876	3521	57200
1780	3034	57200
2438	3172	57200
1144	3898	57200
178	3885	57200
46	3041	57200
1218	3321	57300
1447	3770	57300
2212	3510	57300
311	3828	57300
1192	3856	57300
1777	3486	57400
75	3605	57400
847	3602	57400
466	3368	57400
1788	3613	57400
1350	3449	57400
1510	3564	57400
2456	3305	57400
1005	3513	57400
1853	3514	57400
777	3703	57400
246	3433	57500
2396	3629	57500
1089	3462	57500
2431	3024	57500
1595	3206	57500
1456	3557	57600
1988	3698	57600
679	3268	57600
1716	3216	57600
791	3841	57600
468	3352	57600
2003	3318	57600
1325	3489	57600
143	3323	57700
1715	3456	57700
1544	3591	57700
505	3755	57700
2121	3210	57800
1528	3094	57800
2212	3042	57800
187	3352	57800
2517	3628	57800
1832	3626	57800
1744	3135	57900
1629	3605	57900
957	3632	57900
616	3172	57900
2968	3455	57900
317	3237	57900
1369	3230	57900
702	3955	57900
214	3873	58000
2220	3568	58000
56	3944	58000
2163	3231	58000
2996	3735	58000
1570	3140	58000
2903	3427	58100
2161	3509	58100
2263	3309	58100
1373	3605	58200
2165	3293	58200
948	3469	58200
1433	3844	58200
914	3510	58200
1582	3105	58200
987	3035	58200
599	3761	58300
1362	3890	58300
191	3491	58300
439	3601	58300
1814	3586	58300
97	3712	58400
975	3043	58400
391	3400	58400
2215	3853	58400
1318	3991	58400
687	3697	58400
861	3968	58400
1530	3323	58400
930	3428	58500
1794	3615	58500
2150	3399	58500
2791	3680	58500
1134	3913	58500
1571	3916	58500
1369	3309	58500
2188	3175	58600
1506	3480	58600
1127	3050	58700
825	3301	58700
754	3557	58700
2701	3403	58700
1673	3974	58700
1083	3839	58700
2499	3712	58800
2792	3015	58800
688	3468	58800
1057	3031	58800
463	3491	58800
1374	3059	58800
1206	3369	58800
2710	3933	58800
1930	3736	58800
2495	3539	58900
2926	3627	58900
2925	3965	59000
1512	3627	59000
2695	3146	59000
1129	3441	59000
550	3382	59000
2313	3790	59000
768	3520	59000
1026	3191	59000
1896	3843	59000
262	3230	59100
2726	3377	59100
34	3584	59100
191	3910	59200
78	3906	59200
598	3462	59200
1583	3114	59200
2387	3743	59200
816	3495	59200
2070	3687	59300
2469	3861	59300
429	3512	59300
180	3922	59300
58	3323	59400
2733	3462	59400
2731	3901	59400
151	3980	59400
2102	3798	59400
2229	3479	59400
671	3716	59400
220	3161	59500
1479	3784	59500
2399	3023	59500
2803	3349	59500
2535	3059	59500
1058	3282	59500
2971	3215	59600
2693	3817	59600
48	3222	59600
43	3774	59600
1480	3702	59600
693	3558	59700
2112	3489	59700
188	3213	59800
338	3401	59800
2766	3736	59800
165	3186	59900
428	3549	59900
1949	3819	59900
2593	3932	60000
261	3971	60000
2227	3667	60000
1865	3787	60100
1020	3600	60100
2582	3342	60200
652	3336	60200
413	3475	60200
2581	3615	60200
1061	3123	60200
1432	3812	60200
2790	3569	60200
2998	3178	60300
1764	3389	60300
1396	3811	60300
556	3280	60300
1306	3373	60300
654	3753	60300
2274	3690	60400
1900	3141	60400
239	3864	60400
542	3629	60400
1798	3186	60400
198	3809	60400
552	3739	60500
1303	3304	60500
2390	3547	60500
1506	3376	60500
2601	3519	60500
2400	3443	60500
2945	3353	60500
1390	3204	60600
1623	3502	60600
1784	3886	60600
283	3783	60600
1162	3896	60600
1536	3523	60600
319	3505	60700
2479	3015	60700
2944	3315	60700
3	3282	60700
1258	3435	60700
2277	3585	60800
200	3534	60800
868	3989	60800
2363	3261	60800
401	3701	60800
2354	3638	60800
380	3673	60900
2311	3606	60900
1588	3465	60900
1470	3948	60900
513	3588	60900
227	3514	60900
569	3479	60900
1387	3263	61000
630	3682	61000
283	3467	61000
808	3011	61000
2547	3518	61000
2202	3369	61000
1340	3541	61100
287	3635	61200
2961	3522	61200
450	3832	61300
2797	3914	61300
846	3497	61300
1835	3197	61300
2647	3899	61300
2698	3926	61400
582	3034	61400
343	3251	61400
740	3064	61500
296	3686	61500
889	3675	61500
2051	3342	61600
1642	3999	61600
854	3514	61600
1858	3322	61700
2319	3585	61700
2611	3932	61700
2008	3542	61700
2221	3072	61700
1345	3627	61700
355	3828	61700
663	3983	61700
1132	3529	61700
82	3963	61800
2007	3228	61800
2307	3282	61800
1204	3115	61800
2037	3796	61800
2289	3569	61800
1907	3220	61900
2620	3595	61900
1375	3021	61900
2734	3748	61900
509	3565	61900
2049	3129	61900
1985	3180	62000
1394	3491	62000
2251	3100	62000
996	3117	62000
2379	3238	62000
432	3379	62000
2970	3207	62000
1427	3251	62100
1091	3141	62100
1256	3083	62100
91	3615	62100
1303	3873	62100
250	3789	62100
1337	3380	62100
1421	3225	62100
760	3765	62100
1601	3489	62100
2898	3417	62200
1514	3329	62200
396	3703	62200
1534	3765	62200
392	3074	62300
373	3720	62300
1704	3055	62300
2047	3529	62300
345	3569	62300
2871	3595	62400
956	3044	62400
2635	3599	62400
752	3975	62400
1475	3956	62400
1958	3108	62400
2626	3814	62400
2705	3573	62400
2260	3660	62400
1864	3426	62500
2225	3871	62500
2348	3243	62500
600	3325	62500
751	3556	62500
1812	3764	62500
2254	3554	62500
2643	3827	62500
682	3301	62600
2664	3348	62600
1888	3704	62600
2899	3097	62600
1227	3302	62700
1267	3201	62700
2416	3972	62700
974	3718	62700
862	3138	62800
371	3589	62800
1990	3052	62800
112	3117	62800
186	3986	62800
2810	3959	62900
2163	3335	62900
650	3445	63000
2246	3470	63000
1226	3148	63000
2972	3229	63000
783	3764	63000
1438	3067	63000
1868	3523	63100
2696	3610	63100
2139	3129	63100
1527	3339	63100
1478	3087	63200
376	3845	63200
2950	3226	63200
2988	3516	63200
449	3291	63300
2964	3602	63300
899	3871	63300
1935	3656	63300
1827	3872	63300
127	3752	63300
955	3303	63400
696	3359	63400
2878	3803	63400
1620	3014	63400
1999	3743	63500
1981	3396	63500
1518	3003	63500
1777	3217	63600
316	3602	63600
2040	3385	63600
1713	3925	63600
730	3039	63600
2952	3613	63700
938	3351	63700
1856	3388	63700
1906	3843	63700
446	3046	63800
649	3778	63800
1212	3047	63800
2018	3587	63800
142	3849	63900
1522	3522	63900
2573	3901	63900
1193	3105	63900
2151	3893	64000
2718	3356	64000
1740	3002	64000
131	3255	64000
2975	3967	64000
1408	3420	64100
1144	3780	64100
2002	3123	64200
976	3344	64200
2858	3476	64200
2628	3533	64300
2759	3801	64300
2283	3222	64300
431	3502	64300
2176	3166	64300
648	3550	64400
2842	3734	64400
906	3273	64400
2273	3859	64500
2392	3578	64500
448	3206	64500
991	3628	64500
1153	3694	64600
1840	3419	64600
1683	3898	64600
904	3355	64600
1743	3766	64600
1044	3982	64700
728	3061	64700
125	3139	64700
181	3277	64700
1959	3446	64700
326	3318	64800
306	3447	64800
199	3575	64800
2954	3321	64900
1894	3314	64900
1989	3453	64900
665	3173	64900
478	3451	64900
2028	3249	65000
2462	3779	65100
1194	3200	65100
1201	3727	65100
534	3802	65100
137	3395	65200
1420	3312	65200
304	3321	65300
2491	3598	65300
2262	3177	65300
1301	3764	65300
2179	3286	65400
719	3573	65400
2038	3062	65400
139	3099	65400
1309	3223	65400
1366	3330	65400
2386	3013	65400
1066	3463	65500
2454	3805	65500
1591	3880	65500
229	3612	65600
1358	3256	65600
1239	3283	65600
49	3902	65600
967	3264	65600
2133	3376	65600
1002	3983	65600
2539	3941	65600
2709	3683	65600
1824	3945	65600
11	3347	65600
740	3790	65700
110	3403	65800
1582	3515	65800
1940	3950	65800
2481	3252	65800
2997	3781	65800
265	3427	65900
2606	3837	65900
1707	3973	65900
2323	3261	65900
1164	3634	65900
2355	3165	66000
1640	3089	66000
1107	3133	66000
1578	3601	66000
2449	3796	66000
1381	3807	66000
167	3636	66100
1015	3211	66100
879	3857	66200
234	3166	66200
1878	3730	66300
2563	3761	66300
1925	3224	66300
2445	3953	66400
2913	3083	66400
1839	3682	66400
2335	3833	66400
668	3625	66400
2666	3408	66400
1944	3921	66400
1193	3515	66400
89	3637	66500
2164	3511	66500
2989	3274	66600
1821	3072	66600
2130	3483	66600
2880	3591	66600
1817	3520	66600
529	3073	66700
1523	3980	66700
1270	3677	66700
1290	3807	66700
61	3533	66800
2681	3822	66800
2427	3677	66800
816	3370	66800
1477	3552	66800
2361	3458	66900
757	3325	66900
92	3932	66900
1874	3916	66900
1230	3968	66900
2087	3741	66900
501	3647	67000
1522	3872	67000
2386	3263	67000
2545	3924	67100
2808	3931	67100
1167	3623	67100
503	3137	67200
635	3193	67300
1634	3570	67300
2882	3837	67300
337	3360	67300
815	3880	67400
2622	3896	67400
2096	3329	67400
613	3248	67400
1414	3409	67500
1412	3353	67500
2324	3682	67600
332	3892	67600
1476	3356	67600
52	3201	67600
2978	3267	67600
856	3514	67700
1284	3357	67700
2721	3184	67800
2478	3465	67800
1438	3764	67800
389	3717	67800
113	3394	67900
2896	3673	67900
211	3768	67900
2466	3140	67900
95	3349	68000
2113	3133	68000
1413	3907	68000
1890	3649	68100
1185	3457	68100
2199	3376	68100
1137	3791	68100
2850	3266	68100
971	3854	68200
1710	3523	68200
1486	3621	68200
2246	3089	68300
1686	3861	68300
1689	3504	68300
425	3155	68300
2922	3277	68300
2352	3947	68300
1723	3774	68300
2943	3670	68400
1815	3727	68400
2242	3638	68400
357	3533	68500
2434	3068	68500
1636	3044	68500
2917	3023	68500
669	3247	68500
117	3480	68500
2771	3139	68500
1577	3168	68500
2891	3284	68600
2764	3368	68600
141	3039	68700
1547	3345	68800
372	3022	68800
549	3752	68800
2846	3289	68800
1048	3683	68800
2115	3877	68900
894	3918	68900
2218	3052	68900
2844	3740	68900
453	3236	68900
1657	3082	68900
2533	3655	68900
2715	3910	69000
2433	3952	69000
933	3070	69000
1822	3794	69000
951	3790	69000
820	3704	69000
2263	3191	69000
949	3233	69100
738	3548	69100
753	3498	69100
2941	3420	69200
1580	3794	69200
2857	3721	69200
1768	3872	69200
2026	3112	69200
2494	3732	69300
2114	3840	69400
15	3016	69400
2597	3026	69400
1794	3889	69400
2166	3873	69400
385	3157	69400
559	3006	69500
2987	3037	69500
769	3507	69500
2090	3413	69500
1914	3830	69500
1253	3895	69500
2880	3907	69500
1364	3605	69600
771	3886	69600
268	3713	69600
1809	3503	69600
212	3119	69600
1008	3528	69600
2308	3636	69600
569	3471	69600
2795	3150	69700
1765	3566	69700
1862	3898	69700
222	3597	69700
1901	3570	69800
2508	3745	69800
983	3997	69800
734	3694	69900
1694	3849	69900
402	3080	69900
2700	3702	69900
1686	3792	70000
1385	3413	70000
166	3139	70000
1103	3289	70000
1136	3620	70000
1530	3050	70000
1158	3883	70100
828	3156	70100
1056	3378	70100
785	3999	70100
2191	3856	70200
1688	3199	70200
2713	3384	70200
2408	3422	70200
2243	3424	70200
1045	3341	70200
1828	3357	70200
90	3525	70300
1215	3366	70300
668	3847	70300
1516	3007	70300
791	3086	70300
2095	3850	70300
568	3140	70300
237	3113	70400
1917	3033	70400
1622	3658	70400
687	3959	70400
484	3373	70400
1416	3212	70400
2069	3804	70500
1751	3189	70500
2610	3440	70500
599	3445	70600
1771	3771	70600
1611	3617	70600
1860	3966	70700
958	3671	70700
2738	3459	70700
2370	3534	70700
2286	3384	70700
128	3030	70700
1125	3859	70800
2942	3464	70800
1548	3146	70800
2453	3249	70800
111	3366	70900
2660	3283	70900
1449	3625	70900
1943	3910	70900
2822	3796	70900
546	3317	71000
436	3508	71000
2261	3490	71000
1216	3153	71100
1499	3325	71100
1544	3907	71100
2775	3466	71100
926	3059	71200
1738	3940	71200
2633	3909	71200
1004	3737	71300
1647	3615	71300
735	3364	71300
2985	3404	71300
1706	3715	71300
2168	3898	71300
2504	3530	71300
2800	3983	71300
716	3727	71300
2180	3922	71300
772	3862	71300
1288	3205	71300
1758	3540	71400
923	3699	71400
1635	3911	71400
528	3735	71400
2391	3917	71500
2568	3072	71500
62	3418	71500
624	3000	71600
2120	3536	71600
1321	3550	71600
1411	3264	71600
2027	3359	71600
75	3966	71700
1437	3465	71700
1134	3483	71700
176	3608	71700
2481	3950	71700
51	3099	71800
848	3862	71800
2766	3081	71800
348	3923	71800
517	3797	71900
403	3412	71900
1209	3264	71900
2200	3647	72000
1626	3767	72000
646	3218	72000
1455	3173	72000
1505	3403	72100
169	3142	72100
779	3857	72100
1451	3101	72100
1485	3098	72200
882	3926	72300
2618	3237	72300
2377	3718	72300
1525	3637	72400
399	3770	72400
1763	3422	72400
1094	3138	72400
864	3760	72400
961	3573	72500
727	3219	72500
659	3119	72500
2544	3873	72500
2949	3203	72500
1195	3920	72600
1180	3329	72600
1632	3016	72700
457	3982	72800
2301	3723	72900
2549	3459	72900
66	3259	72900
628	3330	72900
630	3641	72900
2730	3631	73000
1963	3379	73000
1562	3439	73000
1883	3018	73100
2307	3354	73100
1384	3776	73100
25	3536	73100
28	3836	73200
2499	3050	73200
122	3012	73200
1031	3681	73300
1554	3301	73300
2832	3992	73300
2886	3530	73300
239	3547	73400
1557	3723	73400
2173	3485	73400
2219	3321	73500
2035	3869	73500
2977	3554	73500
2371	3795	73500
2989	3283	73600
1055	3090	73600
2907	3278	73600
1225	3981	73700
1497	3264	73700
1107	3397	73700
537	3525	73800
2615	3855	73800
2529	3611	73800
1757	3758	73900
125	3022	73900
714	3086	73900
2743	3163	73900
1386	3204	73900
444	3176	73900
1076	3993	74000
1044	3650	74000
596	3815	74000
2240	3500	74000
2028	3227	74000
2761	3347	74000
2583	3169	74100
950	3981	74100
1186	3986	74300
2313	3225	74300
2282	3803	74300
946	3750	74300
2906	3422	74400
2306	3473	74500
2482	3838	74500
1897	3005	74600
1892	3534	74600
593	3310	74600
317	3611	74600
1060	3208	74600
408	3164	74700
655	3326	74700
1663	3375	74700
2530	3716	74700
1789	3140	74700
1161	3516	74800
1969	3082	74800
2233	3764	74800
271	3294	74900
1409	3784	74900
2773	3299	74900
2063	3633	74900
2878	3894	74900
21	3951	75000
1850	3116	75000
936	3482	75000
1732	3853	75100
1000	3547	75100
241	3633	75200
1021	3689	75200
2755	3278	75200
236	3914	75300
2831	3906	75300
583	3088	75500
743	3169	75500
940	3953	75500
1606	3872	75600
362	3275	75600
2336	3918	75700
2459	3186	75700
1837	3944	75700
355	3413	75800
1553	3498	75800
1533	3929	75900
2351	3228	75900
499	3744	76000
657	3062	76100
2614	3450	76100
416	3099	76100
2223	3929	76100
608	3030	76100
382	3470	76200
1519	3818	76200
1051	3667	76300
2364	3936	76300
1875	3229	76300
2418	3042	76300
225	3063	76300
1450	3899	76300
1152	3385	76400
977	3833	76400
892	3999	76400
1628	3322	76500
2340	3598	76500
1361	3285	76600
1680	3186	76600
1511	3079	76600
2714	3482	76600
2404	3816	76700
407	3014	76700
1080	3231	76700
1721	3859	76800
1374	3826	76800
2081	3841	76800
226	3161	76900
804	3850	76900
2600	3176	77000
551	3713	77100
2786	3935	77100
2497	3596	77200
2271	3659	77300
2267	3806	77300
353	3972	77300
928	3439	77300
2493	3215	77400
966	3588	77400
2668	3746	77400
560	3291	77500
1889	3431	77500
1947	3040	77500
919	3809	77500
613	3012	77500
2947	3124	77500
2122	3439	77500
1838	3491	77600
437	3967	77600
2559	3103	77600
1593	3219	77700
1769	3002	77800
330	3727	77800
2405	3633	77900
669	3834	77900
2781	3405	77900
901	3418	77900
1043	3596	77900
835	3559	78000
1201	3211	78000
2205	3754	78200
550	3194	78200
1674	3387	78200
231	3300	78200
984	3851	78300
500	3620	78300
1346	3818	78400
1895	3391	78400
2327	3753	78400
471	3283	78500
2454	3589	78500
1084	3845	78500
1482	3196	78500
248	3093	78500
2088	3596	78600
406	3943	78600
347	3715	78600
1557	3494	78700
259	3324	78700
1531	3649	78800
474	3991	78800
2676	3639	78800
2385	3206	78800
778	3135	78900
1181	3319	78900
902	3430	78900
2695	3616	78900
173	3891	78900
1937	3430	79000
1604	3040	79000
954	3523	79000
2059	3161	79100
1561	3471	79100
653	3230	79200
38	3623	79200
2501	3330	79300
1754	3317	79400
617	3192	79400
1605	3181	79400
6	3130	79500
2170	3189	79600
2552	3584	79600
928	3208	79600
2832	3768	79700
406	3169	79700
333	3343	79700
411	3239	79700
2876	3823	79700
761	3861	79700
1984	3779	79800
987	3536	79800
1904	3539	79800
428	3873	79800
341	3701	79800
2234	3595	79900
713	3135	80000
36	3389	80000
2086	3003	80000
93	3562	80100
1852	3892	80100
2691	3462	80100
119	3865	80100
514	3740	80200
1987	3498	80200
1163	3379	80200
628	3455	80200
883	3025	80200
327	3000	80300
970	3761	80300
1062	3516	80400
1054	3944	80400
1831	3945	80400
968	3450	80500
2550	3404	80500
1534	3231	80500
247	3657	80500
2719	3339	80500
1013	3135	80600
1718	3232	80600
2468	3772	80600
1090	3650	80700
1394	3174	80700
2329	3810	80800
544	3030	80800
1474	3915	80900
115	3604	80900
1013	3911	81000
1843	3384	81000
1936	3611	81000
725	3466	81000
2074	3841	81200
772	3411	81200
423	3987	81300
2367	3899	81300
298	3571	81300
520	3700	81400
893	3955	81400
1156	3476	81500
2802	3371	81600
1845	3440	81600
1446	3027	81700
2408	3858	81800
414	3689	81800
1492	3545	81900
2855	3508	81900
1639	3006	82100
481	3075	82100
2280	3944	82100
1357	3911	82200
251	3084	82200
1334	3177	82200
1306	3411	82400
2571	3575	82400
1998	3518	82500
879	3894	82500
2724	3771	82500
1887	3597	82500
2703	3054	82500
146	3248	82500
2088	3073	82600
2061	3423	82700
878	3157	82700
2531	3784	82800
2625	3432	82800
2503	3175	82800
706	3954	82800
1020	3489	82800
1722	3971	82900
1449	3713	82900
786	3272	82900
2811	3356	82900
1652	3588	82900
2865	3251	83000
1224	3408	83000
2178	3722	83100
1251	3924	83100
1965	3754	83200
1849	3434	83200
285	3464	83200
2322	3340	83200
1531	3251	83300
383	3149	83300
2567	3262	83300
2444	3713	83400
2555	3420	83500
833	3469	83500
2684	3814	83500
2485	3107	83600
2140	3751	83600
950	3458	83700
2628	3779	83700
793	3053	83700
2068	3354	83700
601	3045	83700
1153	3442	83800
1482	3006	83800
2144	3818	83800
2551	3880	83800
2729	3299	83900
152	3629	83900
1299	3644	83900
2887	3456	84000
176	3077	84000
556	3530	84000
2062	3410	84100
2805	3943	84200
2848	3704	84200
96	3427	84300
452	3043	84300
676	3919	84300
683	3745	84400
1159	3094	84400
1053	3651	84500
109	3043	84500
940	3912	84500
2518	3439	84600
1533	3721	84700
1866	3181	84700
1656	3912	84700
1955	3559	84800
1428	3667	84800
2979	3826	84900
42	3376	84900
1292	3682	85000
935	3656	85000
1140	3616	85000
2108	3631	85200
2978	3446	85200
1997	3192	85200
2372	3666	85300
1795	3457	85300
2725	3796	85300
2025	3209	85400
1155	3484	85400
417	3981	85500
658	3363	85600
2649	3384	85600
1601	3574	85700
590	3778	85800
1049	3014	85800
672	3760	85800
454	3946	86000
1281	3960	86000
1410	3708	86000
2272	3470	86100
245	3918	86100
1567	3230	86100
281	3539	86200
1517	3488	86300
2304	3929	86300
792	3370	86400
1501	3686	86400
895	3543	86500
259	3841	86500
2314	3444	86600
554	3852	86600
273	3025	86600
794	3180	86600
390	3850	86700
1728	3288	86700
623	3367	86700
331	3046	86800
2030	3045	86800
437	3066	86900
973	3941	86900
1425	3520	86900
1380	3027	87000
1657	3642	87000
1286	3481	87000
154	3587	87100
2217	3746	87100
2784	3965	87100
1078	3476	87200
1319	3577	87300
1952	3045	87400
1658	3367	87400
2455	3877	87500
2409	3909	87500
2211	3891	87500
2563	3445	87600
2672	3109	87600
494	3412	87600
173	3436	87600
1899	3445	87700
2982	3005	87700
350	3673	87800
1532	3173	87900
1512	3157	88000
1169	3691	88000
2578	3024	88000
838	3254	88000
1159	3187	88100
716	3961	88200
2321	3622	88200
2682	3220	88300
1780	3238	88300
2034	3269	88300
348	3339	88300
1452	3863	88400
568	3760	88400
457	3667	88500
72	3474	88500
2284	3720	88500
401	3951	88500
571	3107	88600
1429	3550	88600
349	3672	88600
278	3324	88600
638	3809	88600
216	3108	88700
293	3530	88700
2495	3603	88800
1050	3655	88800
1220	3254	88900
1939	3955	88900
2799	3577	89000
201	3769	89000
2900	3839	89000
1816	3756	89100
1982	3010	89100
37	3425	89200
1919	3706	89200
1569	3683	89300
482	3708	89300
1223	3682	89400
2527	3308	89400
586	3099	89500
639	3705	89700
2382	3544	89700
2204	3359	89700
910	3063	89700
460	3965	89900
2110	3481	89900
442	3684	90000
288	3361	90000
1805	3927	90000
2603	3667	90100
307	3586	90200
1887	3118	90200
1978	3888	90300
393	3821	90500
1001	3386	90500
1151	3774	90600
1110	3187	90700
1200	3476	90700
2353	3137	90800
2020	3481	90800
2486	3109	90900
366	3425	90900
560	3332	91000
610	3156	91000
1036	3714	91000
872	3485	91000
356	3729	91000
354	3250	91100
60	3311	91100
2851	3380	91100
344	3025	91100
982	3728	91200
1858	3105	91300
2780	3818	91300
1798	3658	91400
1820	3508	91400
1912	3995	91500
2052	3812	91500
2993	3372	91600
35	3506	91600
664	3511	91600
2984	3343	91700
155	3804	91700
1138	3092	91800
2064	3851	91900
1081	3325	91900
2023	3771	91900
2380	3535	91900
2594	3288	92000
1946	3333	92000
2571	3415	92000
1040	3196	92100
2927	3420	92100
2464	3543	92100
413	3987	92300
2913	3180	92300
2601	3721	92500
2658	3430	92600
722	3910	92600
1955	3673	92700
486	3149	92700
2513	3390	92900
1697	3714	93000
798	3655	93100
1583	3127	93100
149	3344	93100
111	3911	93200
1097	3402	93200
215	3559	93200
218	3367	93200
1495	3928	93300
1084	3550	93300
2220	3903	93300
2577	3047	93300
1426	3252	93300
981	3922	93400
2055	3170	93400
2126	3538	93400
1314	3836	93500
1068	3801	93600
2015	3093	93600
2918	3844	93900
1607	3914	94000
558	3898	94100
1305	3832	94100
2171	3109	94200
2912	3928	94200
1288	3976	94200
2079	3347	94200
506	3196	94400
1587	3209	94400
119	3241	94400
102	3576	94400
1188	3967	94500
2558	3531	94500
2512	3959	94500
1041	3869	94600
196	3960	94600
2175	3335	94700
2488	3206	94700
921	3803	94700
2523	3544	94700
1290	3248	94700
1720	3561	94900
909	3867	94900
1928	3234	94900
1142	3458	95000
1963	3980	95000
2232	3620	95000
1891	3550	95200
2223	3234	95200
1137	3244	95200
106	3154	95300
995	3869	95400
2828	3797	95500
627	3163	95500
2389	3043	95600
736	3187	95600
898	3262	95600
2677	3904	95700
1329	3559	95700
960	3659	95700
842	3469	95700
1954	3629	95700
2856	3806	95700
243	3313	95700
2362	3562	95800
1187	3063	95800
1716	3290	95900
641	3481	95900
341	3367	96000
866	3364	96000
1436	3992	96000
2528	3485	96100
623	3746	96200
1496	3728	96300
1734	3603	96400
1856	3538	96400
2010	3597	96400
2476	3089	96500
1468	3539	96500
2117	3989	96600
1711	3672	96600
1069	3675	96700
1665	3423	96800
427	3304	96800
876	3976	96800
2679	3437	96900
139	3986	97100
2137	3866	97100
607	3494	97200
2728	3900	97200
579	3755	97200
1422	3662	97200
1453	3657	97300
1176	3986	97400
54	3548	97600
2425	3668	97800
1283	3243	97900
2024	3047	97900
1909	3191	97900
2739	3692	98000
2904	3446	98000
2345	3535	98100
2875	3219	98200
2241	3128	98200
2099	3987	98300
2106	3395	98300
611	3670	98400
912	3364	98500
2652	3658	98500
1247	3395	98600
2461	3708	98600
1617	3749	98600
2383	3879	98700
1296	3198	98800
2097	3990	98800
2247	3086	98800
55	3809	98800
2116	3331	98900
1505	3561	99000
1229	3893	99000
966	3234	99200
346	3227	99200
2798	3874	99200
374	3505	99200
1370	3708	99400
2152	3324	99500
643	3675	99500
2274	3779	99600
897	3497	99600
1507	3329	99600
384	3167	99800
1245	3521	99900
1564	3874	99900
2265	3256	100400
1150	3354	100500
415	3794	100600
1801	3425	100600
2642	3813	100700
2729	3715	100800
1584	3586	101000
1702	3372	101100
342	3987	101100
2041	3835	101200
617	3815	101200
2906	3380	101300
844	3290	101300
2731	3734	101400
2953	3332	101400
2126	3388	101600
192	3063	101600
1934	3756	101900
73	3404	101900
2496	3603	101900
1761	3104	102000
2829	3469	102100
1664	3204	102100
1679	3415	102200
2629	3385	102300
2344	3974	102400
2943	3417	102400
204	3103	102400
1624	3308	102700
1110	3834	102800
677	3670	103000
2141	3513	103000
1806	3299	103100
1014	3052	103100
1659	3680	103100
1542	3017	103500
1033	3128	103500
2564	3320	103500
1853	3959	103600
1650	3576	103600
795	3780	103700
2181	3435	103700
491	3053	103700
906	3313	104000
1994	3074	104000
397	3395	104100
1535	3958	104100
1157	3096	104300
2741	3786	104300
1459	3262	104500
1718	3178	104600
2330	3809	104600
614	3544	104600
932	3285	104700
2475	3489	105000
292	3553	105000
871	3313	105100
275	3698	105300
2914	3093	105400
2554	3934	105600
964	3267	105800
612	3199	105900
1714	3109	106100
1348	3248	106100
997	3334	106200
2669	3608	106200
1817	3576	106300
1851	3162	106400
2781	3189	106500
1382	3267	106500
792	3439	106600
2292	3978	106600
2820	3786	106800
1039	3820	106900
1945	3291	107000
2908	3751	107100
2737	3170	107200
750	3387	107200
796	3308	107300
533	3394	107300
2189	3076	107500
2148	3704	107500
2566	3183	107600
1842	3431	107700
1699	3654	107700
1315	3284	107900
180	3781	107900
1040	3971	108000
1310	3014	108100
1672	3466	108100
989	3101	108100
749	3709	108300
1841	3435	108300
1508	3666	108500
2496	3835	108600
386	3192	108700
1793	3942	108800
1732	3733	108900
1703	3914	109300
2131	3461	109600
1515	3118	109600
1396	3249	109700
820	3446	109700
2569	3184	109800
2055	3954	109800
2169	3302	109900
1212	3225	109900
731	3097	110000
686	3954	110100
1092	3974	110500
2230	3631	110600
2194	3709	110600
2804	3836	110700
1077	3820	110700
227	3941	110700
653	3781	110900
1918	3992	111100
2973	3545	111200
1205	3794	111300
2610	3634	111300
1102	3976	111400
1186	3238	111500
2682	3779	111600
1439	3429	111600
2022	3203	111600
1524	3771	111600
2850	3701	111600
1023	3962	111800
1248	3677	111800
2953	3515	112100
2033	3414	112200
1393	3320	112200
2575	3626	112400
1670	3335	112500
2939	3771	112600
2722	3219	112900
2660	3437	112900
774	3980	112900
1652	3854	113100
279	3001	113200
934	3273	113200
1814	3103	113300
2557	3220	113400
2756	3101	113400
604	3021	113500
240	3633	113500
691	3128	113500
1947	3773	113600
1799	3500	113700
1347	3973	113800
2164	3920	113800
98	3114	113800
1316	3598	114100
2959	3848	114200
2167	3394	114200
1754	3372	114200
194	3273	114200
1375	3754	114300
306	3914	114300
533	3332	114300
351	3444	115000
881	3354	115100
637	3695	115200
2846	3654	115200
2025	3104	115400
1114	3202	115400
2089	3511	115500
836	3485	115500
419	3271	115600
2872	3919	115600
799	3382	115600
2123	3838	115700
931	3622	115900
1504	3955	116000
2211	3240	116300
986	3185	116300
2325	3266	116500
980	3651	116800
1666	3250	117100
160	3120	117200
2453	3227	117300
1953	3699	117400
263	3907	117400
1264	3366	117700
1684	3544	117700
1734	3539	118000
2686	3187	118000
1163	3198	118200
1025	3366	118300
360	3256	118300
1922	3505	118300
690	3176	118400
1173	3813	118400
2620	3150	118700
705	3319	118800
163	3778	118800
151	3806	118900
2224	3214	119000
275	3676	119300
1673	3989	119400
2692	3127	119500
2365	3884	119500
2841	3071	119700
144	3551	119800
2192	3028	119900
1359	3252	119900
2227	3105	120000
1269	3884	120100
2720	3710	120300
2577	3543	120400
1317	3302	120500
363	3145	120500
10	3102	120600
733	3606	120600
2437	3101	120700
2065	3540	121400
2193	3405	121400
527	3874	121400
2927	3821	121500
867	3802	121500
445	3820	121600
856	3621	121700
28	3246	121800
2051	3579	122000
1453	3262	122000
211	3575	122000
2867	3000	122200
163	3340	122200
1440	3351	122500
1786	3488	123100
94	3813	123100
2338	3775	123400
1115	3474	123500
2654	3751	124000
1860	3722	124500
434	3365	124700
2754	3370	124800
2213	3125	124900
1281	3484	125000
2821	3431	125000
1471	3184	125100
1365	3333	125700
801	3048	125800
1556	3553	125800
2395	3744	126000
898	3657	126100
2005	3517	126200
667	3714	126200
1033	3677	126400
190	3275	126500
1719	3365	126600
2350	3979	126600
2364	3423	126900
2727	3954	126900
1211	3863	126900
2463	3978	126900
2560	3205	127000
1755	3244	127200
368	3162	127300
2935	3425	127500
2742	3788	127500
721	3866	127500
2864	3138	127600
2390	3542	127700
2798	3425	128000
1247	3974	128100
993	3148	128400
2201	3273	128900
945	3992	129300
2752	3535	129300
2746	3970	129400
31	3801	129400
1739	3220	129500
1160	3003	129900
376	3964	130200
1334	3571	130300
208	3387	130300
931	3372	130400
2874	3865	130400
2528	3228	130500
1968	3405	130600
1423	3206	130800
346	3249	131300
610	3232	131400
1430	3021	131400
277	3984	131400
1266	3486	131500
587	3164	131500
1796	3394	131600
1921	3456	131600
732	3041	131600
2216	3185	131700
962	3041	131700
2532	3250	131800
1295	3463	131900
2572	3394	132100
1653	3690	132200
1055	3900	132500
2032	3737	132600
2083	3619	132700
666	3724	132800
2119	3120	133100
2802	3630	133200
1189	3851	133300
737	3350	133400
78	3512	133800
922	3069	133800
1327	3946	133900
1719	3575	133900
1277	3458	133900
253	3184	134000
2439	3214	134000
2724	3788	134000
2095	3391	134000
272	3255	134400
1948	3636	134400
522	3276	134500
2995	3722	135200
756	3925	135300
1027	3221	136000
2034	3127	136300
2747	3461	137000
397	3974	137100
945	3756	137200
2669	3275	137200
2648	3077	137300
1502	3181	137300
2255	3831	137500
634	3238	137600
1491	3981	137900
1238	3777	137900
850	3790	138300
1524	3003	138300
1466	3962	138400
562	3891	138500
721	3129	138600
888	3813	138700
817	3775	139100
2760	3797	139200
1928	3920	139300
2556	3327	139300
127	3529	139600
2892	3566	140200
1739	3419	140400
2375	3834	140400
2588	3978	140400
23	3017	140500
2897	3182	140700
410	3345	140800
2414	3566	141200
1012	3710	141300
2044	3777	141400
74	3120	141900
2290	3825	142100
2000	3203	142200
2185	3785	142300
2042	3617	142600
2153	3633	143100
541	3249	143200
1022	3677	143300
1584	3103	143500
319	3118	143600
2874	3519	143700
1103	3654	143800
2532	3695	143900
2605	3547	144200
394	3917	144400
884	3658	144400
1441	3365	144400
120	3659	144500
770	3972	144500
40	3570	144800
2048	3328	144800
254	3802	144900
1327	3835	145100
88	3988	145300
2362	3692	145500
461	3519	145500
436	3584	145700
375	3786	145700
1428	3982	146200
841	3766	146200
329	3719	146400
190	3874	146900
2835	3149	147600
1042	3990	148000
464	3848	148400
1970	3903	148500
1694	3982	148600
1989	3393	148600
1115	3304	148700
681	3882	149200
105	3973	149200
1580	3888	149200
2228	3526	149300
2717	3992	149400
1847	3145	149700
2107	3960	149800
2062	3672	149800
2864	3766	149900
30	3098	150300
2579	3820	150400
1775	3029	150600
930	3962	152300
2127	3225	152500
268	3187	152800
2557	3849	153400
2960	3497	153400
2346	3319	153900
130	3405	155200
2358	3848	155300
1418	3506	155800
1331	3457	155800
292	3701	155800
2290	3151	156100
1615	3417	156100
859	3142	156400
1693	3054	156800
2980	3971	157100
349	3553	157200
133	3334	157300
1140	3706	157700
1126	3513	157700
769	3029	157800
1279	3517	158100
2492	3676	158100
2613	3431	158700
2400	3921	158700
1456	3882	158900
615	3334	159400
57	3564	159700
647	3612	159800
1789	3563	159900
2765	3879	160000
553	3218	160400
2936	3751	160600
2076	3275	160900
1234	3553	161000
1964	3535	161100
1056	3238	161300
2794	3938	161400
1029	3432	162000
2193	3663	162500
1810	3840	162800
1349	3860	162900
1621	3964	163100
1760	3190	163700
0	3734	163700
1408	3096	163900
2717	3056	164100
305	3733	164500
1397	3722	164700
1301	3571	165000
140	3957	165400
2019	3506	165900
824	3696	166200
1234	3266	166500
1950	3104	166700
1944	3443	167200
1822	3888	167400
1922	3988	167600
87	3383	167900
2044	3241	168100
2621	3785	168500
2657	3811	168700
804	3680	168700
47	3511	169300
2375	3865	169400
1675	3357	169700
1183	3271	170100
474	3925	170400
1750	3538	170400
1660	3266	170700
962	3495	172000
993	3104	172400
2537	3928	172400
2189	3608	172400
2158	3477	172600
2430	3452	172700
801	3085	173000
1073	3745	173100
852	3150	173300
1349	3176	173700
2071	3934	173900
502	3849	174100
1746	3250	174100
2125	3564	174800
2509	3378	174900
1555	3419	175300
1538	3635	175700
2754	3041	175700
2862	3686	175700
741	3517	176500
1911	3895	176600
2253	3348	178300
832	3443	178300
2502	3940	179100
2069	3547	179400
2442	3571	179600
886	3825	180000
185	3386	180600
2084	3423	180700
1287	3507	181000
1802	3791	181300
576	3733	181400
1402	3350	181500
1671	3785	181700
7	3565	181700
2435	3979	182000
1277	3266	182100
1823	3260	182400
2507	3417	182400
2136	3297	182400
80	3835	182700
1750	3874	182800
2708	3535	183000
552	3717	183000
2255	3001	183100
2732	3785	183200
885	3599	183900
2060	3836	184900
2889	3777	185200
1979	3402	185300
2847	3383	185800
404	3036	186100
2737	3378	186500
2630	3264	186800
1872	3855	187000
118	3806	187100
1121	3803	187400
1448	3129	187500
1330	3388	188200
2963	3269	188300
597	3577	188500
1174	3566	188600
1968	3663	188600
2923	3307	189200
2201	3214	189200
1579	3666	189300
67	3370	190100
1509	3969	190500
704	3564	190800
8	3024	191200
1063	3070	191800
2776	3726	191900
405	3507	192000
335	3532	192400
498	3048	192500
2473	3077	193200
2613	3769	193500
1964	3978	193500
