mmer1	mmer2
14	161
132	167
79	187
45	167
110	147
119	150
60	172
47	192
7	160
84	142
29	192
24	163
74	163
71	151
107	179
4	181
19	181
111	191
28	158
107	145
60	176
118	170
32	165
122	151
61	182
79	182
119	186
20	141
58	188
98	142
126	176
108	188
132	143
25	174
23	143
80	162
108	146
96	164
121	162
9	173
120	159
55	169
86	184
70	194
11	174
82	195
131	148
139	142
50	175
106	168
31	193
37	195
98	180
54	160
77	153
66	175
51	190
52	168
42	178
103	171
67	153
68	185
109	152
81	144
87	150
11	159
34	191
27	180
123	192
113	141
114	166
33	157
5	179
26	165
50	155
31	162
63	161
75	159
1	158
67	161
17	187
33	186
56	144
26	154
39	173
117	182
4	185
110	190
45	156
12	140
127	189
6	155
71	159
123	152
134	150
18	144
116	192
65	185
69	171
106	171
105	146
24	182
105	176
124	144
101	162
93	192
95	146
62	183
48	190
91	188
97	172
93	177
100	169
114	158
73	183
68	154
55	168
133	153
121	179
137	156
32	141
100	191
124	164
35	194
88	195
1	147
17	144
40	169
52	149
66	163
139	166
61	166
44	143
25	180
58	193
87	189
129	164
94	187
46	176
59	157
76	172
56	167
48	194
138	194
2	167
99	143
125	183
47	141
42	162
69	168
130	149
39	177
16	157
57	146
6	194
112	146
12	160
53	167
35	148
135	183
118	151
43	188
136	178
63	157
43	170
28	186
125	171
46	178
117	163
2	145
36	141
111	180
51	182
80	173
23	158
29	168
85	151
14	163
78	165
101	150
94	173
112	189
62	174
75	171
44	184
102	149
127	145
122	148
84	186
116	175
0	193
92	143
0	193
54	152
21	185
22	174
73	142
15	152
115	187
8	166
30	179
27	195
72	174
15	157
10	169
41	175
99	150
20	180
103	148
82	184
97	185
9	156
8	158
90	176
88	193
104	160
128	140
13	181
40	156
72	186
129	190
30	147
64	159
89	148
138	152
135	140
120	155
78	187
109	175
49	142
113	160
21	170
38	149
38	147
53	191
96	140
130	145
59	177
70	190
102	151
133	172
18	181
5	153
91	170
92	165
74	178
76	153
137	169
57	179
19	173
83	161
3	183
16	172
77	195
85	166
13	184
7	149
64	164
22	189
136	191
95	178
128	181
131	170
90	147
49	155
34	155
89	165
36	189
3	164
81	184
126	140
37	154
65	161
10	177
104	188
86	145
134	156
83	154
115	177
41	154
