mmer1	mmer2
82	159
109	151
59	171
42	149
23	148
72	160
29	178
128	156
2	161
126	169
135	178
56	149
118	188
52	189
111	147
130	175
11	193
106	182
33	171
78	158
43	194
139	190
66	151
116	187
52	187
64	159
96	154
130	195
101	144
14	194
38	147
106	143
69	165
38	184
73	186
113	146
16	180
123	185
112	141
5	186
8	166
116	172
86	175
27	193
34	172
30	145
7	150
118	190
94	154
36	183
32	193
77	170
35	169
81	160
41	192
98	162
67	148
65	143
11	169
53	174
46	190
27	153
62	150
12	194
28	195
68	176
63	181
24	163
3	166
61	144
125	165
83	189
25	145
56	164
86	145
120	191
124	142
123	175
103	146
4	180
101	179
97	195
35	185
136	171
110	146
107	173
84	144
122	164
6	162
132	179
5	140
100	177
34	144
131	170
50	156
54	145
98	195
48	166
82	172
71	169
88	183
31	142
55	172
70	155
58	186
50	140
16	163
9	147
93	191
17	167
75	177
31	153
18	170
80	187
67	182
87	152
55	143
25	158
90	192
62	152
69	183
6	192
95	194
14	150
99	195
60	169
81	188
18	179
37	151
7	178
127	142
94	159
87	147
117	148
61	177
120	146
76	184
71	168
84	186
63	181
108	166
121	168
60	192
72	174
48	143
45	166
112	154
133	151
126	141
0	170
8	171
20	155
134	165
24	164
109	156
139	172
85	182
32	184
83	142
2	192
3	183
74	182
54	157
137	171
90	160
22	143
73	160
134	162
17	153
36	158
127	168
102	176
20	175
10	175
117	178
10	164
138	188
128	155
21	165
47	184
137	148
19	182
78	178
91	184
42	193
23	156
111	174
129	163
44	150
53	158
44	153
49	173
92	156
57	185
22	149
104	186
45	160
107	161
119	181
115	152
21	187
103	188
92	177
138	193
66	153
77	179
114	179
30	149
65	194
33	188
47	174
99	180
80	140
40	177
121	149
13	167
58	176
26	141
12	154
104	161
105	155
26	176
59	140
136	173
79	170
93	158
51	191
37	157
102	180
89	148
113	146
75	145
79	185
88	159
105	147
1	176
85	159
114	174
39	141
108	151
89	161
91	168
41	164
129	185
64	181
133	142
43	163
70	150
76	190
28	181
15	157
119	155
131	163
57	165
132	190
19	154
49	161
95	162
124	183
4	189
15	173
0	152
51	152
68	180
74	141
29	144
115	168
125	191
97	167
13	187
46	140
110	167
135	157
96	173
9	167
1	189
122	162
39	157
100	191
40	189
