mmer1	mmer2
69	169
61	171
37	143
128	176
53	171
32	176
101	195
36	152
26	142
38	186
86	161
4	180
124	151
60	150
72	194
109	146
24	151
84	176
64	149
52	181
49	170
139	153
92	182
16	185
113	156
114	162
82	163
117	166
45	159
59	149
30	143
2	177
14	165
109	173
22	148
110	183
111	161
134	187
137	180
112	147
123	143
114	168
48	194
43	172
89	173
15	144
68	147
31	177
25	155
7	190
99	142
44	181
78	167
46	186
56	171
137	165
79	183
54	178
17	140
22	174
64	188
132	179
130	181
91	185
68	150
63	164
85	189
79	147
100	144
74	188
49	182
128	162
113	159
87	170
76	181
5	172
21	193
118	183
71	161
40	170
41	184
92	167
7	168
1	141
115	150
88	140
36	173
84	157
35	149
55	185
106	188
38	184
110	143
129	155
74	192
104	165
55	174
43	160
119	160
62	153
2	195
54	149
101	179
136	160
83	184
123	162
77	152
90	187
47	140
122	187
85	173
8	166
26	172
58	150
69	145
121	180
9	161
18	193
75	153
106	178
59	182
133	191
28	194
132	148
41	184
34	192
131	176
50	161
133	191
12	170
135	176
136	195
51	142
3	162
90	177
52	145
39	183
98	155
91	146
108	157
28	189
76	173
93	156
96	172
65	143
117	188
60	158
67	164
42	189
78	145
139	166
23	178
121	155
131	188
46	155
0	154
73	194
80	146
13	190
65	163
100	175
97	158
20	148
47	160
51	148
11	171
108	178
75	183
94	190
33	185
23	177
12	179
122	141
6	171
87	178
48	189
45	164
102	163
25	163
39	184
21	163
33	145
19	149
42	157
103	185
1	154
116	190
99	175
0	158
138	159
104	195
17	195
37	148
89	169
129	152
111	180
88	147
119	172
32	150
58	157
105	169
95	169
40	187
112	153
105	147
13	182
44	169
83	145
126	140
31	142
3	152
124	152
86	174
57	192
19	189
53	158
72	179
34	167
30	179
10	182
115	180
96	140
118	154
94	187
27	151
16	166
14	162
6	160
70	158
66	157
66	144
138	186
126	174
103	166
11	181
4	154
29	168
77	170
9	164
97	141
102	165
57	175
18	153
73	191
70	156
134	194
20	175
93	177
24	164
80	151
63	190
82	186
71	156
120	193
8	192
125	192
98	175
95	191
81	167
135	142
107	159
81	168
130	156
127	186
27	141
56	167
10	165
50	144
67	191
125	141
120	151
127	146
107	193
116	159
35	146
61	168
15	174
5	144
62	154
29	193
