mmer1	mmer2
93	171
13	172
49	166
50	162
112	142
104	168
45	147
3	161
42	143
136	148
24	183
115	142
73	191
122	156
21	173
93	194
90	181
25	183
60	174
79	154
102	172
91	152
119	144
120	183
109	170
42	156
39	195
71	162
61	176
130	192
40	188
44	140
17	194
38	146
110	156
65	184
12	145
3	178
95	155
59	141
27	186
121	140
106	192
55	146
129	159
21	176
51	164
74	162
7	176
11	150
62	155
49	172
112	166
18	169
134	149
94	172
8	179
62	183
15	188
19	175
78	178
54	153
125	143
8	182
92	151
126	165
138	160
82	149
10	184
73	181
110	153
133	179
130	150
72	145
118	174
84	153
89	168
56	192
89	195
35	148
44	195
80	166
101	161
58	180
103	167
77	150
35	141
1	179
18	163
72	145
87	182
128	167
34	186
94	157
53	171
69	168
83	155
76	168
77	164
86	173
86	182
106	146
0	150
46	194
102	152
96	163
64	151
115	141
51	181
48	158
104	147
135	161
63	186
24	155
22	159
23	154
96	156
70	170
84	169
113	160
82	187
11	140
67	180
9	177
6	159
68	177
125	145
131	164
34	143
22	143
122	177
109	171
138	152
126	193
37	155
75	183
9	167
63	164
98	168
97	190
83	181
128	158
107	163
99	149
13	153
20	184
28	148
4	172
100	185
108	167
66	192
131	145
0	165
80	142
32	149
39	143
41	177
78	158
114	141
20	153
97	185
107	160
30	164
132	160
74	149
38	186
129	163
119	157
127	162
14	193
16	184
65	142
116	147
87	166
12	195
1	144
134	167
59	141
41	191
81	194
14	187
2	171
98	187
52	154
85	188
6	142
15	187
47	189
120	189
137	151
56	190
114	187
58	189
47	147
105	188
99	160
37	182
53	156
70	185
111	189
81	180
92	194
4	163
31	186
116	193
57	165
79	179
95	166
5	192
10	173
32	152
123	175
60	182
46	174
5	152
88	150
29	178
123	179
54	189
118	181
29	191
67	180
85	191
88	180
36	144
111	178
103	140
17	170
27	169
105	161
68	171
33	158
26	173
50	140
48	176
52	193
137	159
121	185
76	144
55	161
75	195
127	144
19	178
124	191
40	175
66	169
90	185
108	176
91	190
30	157
113	170
33	184
136	162
139	188
28	169
31	148
101	148
100	154
2	159
45	157
64	151
25	165
23	175
69	174
57	147
71	158
61	170
117	190
7	193
135	151
26	177
16	173
36	146
139	174
117	157
124	165
133	154
132	190
43	146
43	175
