mmer1	mmer2
124	187
116	148
20	157
80	165
110	163
1	159
23	166
6	149
47	150
49	178
49	153
59	174
107	183
139	171
84	173
46	151
47	181
34	177
82	194
98	175
43	188
137	193
90	180
89	172
12	162
33	154
124	155
111	176
138	145
34	192
105	183
76	161
24	178
33	154
2	147
102	167
41	169
123	163
112	152
22	141
128	195
65	144
91	193
129	158
137	176
44	177
18	175
68	174
83	172
41	178
122	147
78	146
106	170
18	195
70	144
93	148
119	150
117	181
104	180
30	156
30	183
97	161
24	158
92	193
69	156
39	188
108	157
138	162
58	160
103	144
53	194
3	189
79	143
5	194
14	181
126	194
25	187
13	195
121	166
56	142
12	180
51	171
101	160
119	140
40	172
90	170
38	174
67	149
133	190
69	179
51	163
84	195
26	148
28	160
116	152
113	184
125	145
64	165
6	187
98	165
81	179
35	182
131	168
60	159
135	164
71	161
10	191
36	150
107	148
35	167
77	185
70	167
88	164
75	157
27	140
67	164
103	165
100	160
109	193
38	185
52	144
9	142
54	175
128	167
32	145
65	143
61	164
5	195
0	191
73	169
112	178
113	146
58	177
25	193
109	191
21	179
27	156
32	152
99	154
62	184
135	141
66	151
0	165
95	190
132	170
94	183
71	191
121	162
55	192
79	183
15	144
108	189
139	179
136	168
114	188
101	151
118	166
52	153
2	162
85	191
56	172
134	150
100	170
42	194
87	145
63	161
54	162
3	167
55	164
20	179
1	182
66	141
94	140
127	156
48	158
57	184
81	192
123	176
31	176
73	153
31	185
117	181
22	157
63	180
104	174
45	175
37	151
4	168
99	155
82	148
130	168
37	180
43	150
91	156
61	176
36	190
17	190
126	177
97	143
86	143
87	186
72	161
132	192
14	185
16	153
50	146
96	170
96	184
48	173
78	160
39	171
17	153
85	182
134	189
62	185
64	147
50	147
83	187
46	166
114	171
131	159
10	178
60	147
15	169
122	190
45	151
111	174
95	184
120	177
57	172
125	159
127	149
8	146
86	141
88	143
136	154
133	141
7	142
42	158
29	149
77	152
110	142
76	149
19	157
115	166
40	181
130	163
120	169
7	169
102	146
80	189
26	192
28	173
11	155
13	186
53	163
59	159
9	187
115	186
44	173
75	189
29	173
8	175
74	145
89	188
19	158
72	140
68	154
4	182
92	188
93	186
105	142
129	155
118	182
16	171
106	168
23	155
21	152
11	186
74	140
