mmer1	mmer2
44	169
37	144
31	141
94	153
131	190
116	162
47	167
81	164
90	190
132	151
51	168
57	170
75	192
72	157
138	173
7	152
134	165
91	146
9	180
109	166
122	160
45	175
56	166
83	150
136	176
26	174
36	145
10	173
21	172
39	178
118	179
120	155
71	167
119	184
62	172
134	184
3	187
24	156
48	146
112	161
23	147
123	164
29	159
13	171
34	181
66	142
21	153
2	179
37	181
137	162
16	140
133	186
95	195
98	145
71	144
101	185
139	193
87	156
69	194
87	142
61	162
25	143
27	183
76	152
100	148
103	146
30	157
17	157
97	141
38	186
76	149
25	147
58	171
117	158
104	146
52	170
67	173
14	154
84	153
56	175
82	144
120	174
5	180
78	185
45	165
12	154
126	170
80	188
33	183
2	189
79	155
70	159
108	156
39	147
51	168
23	185
99	192
80	149
88	189
1	150
126	149
74	161
61	155
116	158
20	173
128	157
133	157
50	141
129	158
118	160
35	193
31	163
15	163
115	166
18	187
96	182
119	148
6	191
106	152
40	147
36	168
93	154
129	193
110	143
109	170
64	163
59	165
130	186
132	143
54	145
121	167
89	148
81	144
85	155
72	163
111	182
58	155
8	176
93	187
63	178
18	160
53	192
100	177
47	159
107	171
44	179
42	166
75	167
4	141
54	161
124	193
1	188
55	171
42	147
59	183
53	158
67	177
29	143
0	174
46	159
73	140
90	194
110	158
68	171
32	188
57	180
19	154
131	173
114	166
88	162
35	178
111	168
32	172
121	172
41	183
91	163
128	179
107	143
69	183
68	176
115	185
60	177
46	165
83	161
86	152
98	168
30	161
125	181
24	142
135	148
65	194
34	194
102	186
14	141
13	188
62	174
22	153
77	160
127	190
105	150
28	187
43	174
11	162
11	177
78	189
43	172
114	167
89	179
10	180
12	178
26	140
77	169
3	142
106	194
139	188
40	186
55	177
99	181
16	195
125	189
63	184
97	192
66	192
104	152
86	148
130	144
5	146
82	145
33	185
127	184
0	151
117	156
102	191
64	181
85	175
124	153
9	189
17	191
136	151
92	151
41	149
135	170
52	164
105	165
122	142
138	184
28	175
108	169
95	176
101	176
84	149
20	193
19	169
123	151
49	164
7	180
27	154
92	191
103	191
4	175
73	145
15	195
50	182
48	178
96	190
38	195
94	156
49	182
8	164
60	150
22	140
113	159
137	150
74	190
6	140
112	195
70	160
113	187
79	182
65	169
