0 1 13 58 0 0
0 1 58 31 0 1
0 1 110 21 1 1
0 1 126 50 1 1
0 1 1 23 1 0
0 1 105 23 1 1
0 1 94 44 1 3
0 1 98 8 1 2
0 1 115 37 0 3
0 1 12 41 1 0
0 1 20 59 0 3
0 1 5 16 0 1
0 1 35 15 0 1
0 1 0 22 0 0
0 1 14 57 1 0
0 1 120 54 1 2
0 1 25 48 1 0
0 1 82 19 0 1
0 1 88 46 0 3
0 1 61 54 0 1
0 1 127 2 1 0
0 1 101 27 0 3
0 1 46 63 0 3
0 1 129 35 1 2
0 1 72 7 1 3
0 1 107 49 0 0
0 1 123 29 0 1
0 1 95 26 1 0
0 1 91 6 1 1
0 1 11 16 0 0
0 1 25 17 0 3
0 1 11 61 1 3
0 1 44 17 0 0
0 1 85 34 0 1
0 1 9 24 0 2
0 1 14 47 0 0
0 1 96 32 0 0
0 1 122 50 0 2
0 1 115 16 1 2
0 1 105 44 0 1
0 1 13 19 1 0
0 1 77 21 1 3
0 1 63 6 1 3
0 1 94 26 0 3
0 1 56 32 1 1
0 1 109 64 0 3
0 1 106 51 1 2
0 1 112 45 1 3
0 1 4 59 0 1
0 1 127 11 0 2
0 1 15 20 0 3
0 1 27 35 1 0
0 1 50 37 0 0
0 1 72 20 0 0
0 1 96 40 1 1
0 1 103 47 1 2
0 1 66 9 1 3
0 1 74 1 1 1
0 1 6 51 1 0
0 1 128 3 0 2
0 1 55 30 1 2
0 1 49 13 0 3
0 1 0 5 1 2
0 1 42 34 1 3
0 1 70 18 1 2
0 1 43 46 0 1
0 1 89 15 0 2
0 1 22 14 0 3
0 1 100 37 1 2
0 1 34 17 1 2
0 1 45 12 1 0
0 1 75 7 1 0
0 1 59 10 1 3
0 1 12 52 0 0
0 1 129 20 0 1
0 1 19 59 1 2
0 1 23 25 0 3
0 1 2 34 0 0
0 1 119 23 1 2
0 1 112 39 0 3
0 1 83 43 1 0
0 1 65 49 1 1
0 1 9 46 1 0
0 1 51 40 1 3
0 1 64 56 0 1
0 1 107 41 1 3
0 1 52 48 1 2
0 1 103 27 0 1
0 1 21 11 0 1
0 1 104 33 0 1
0 1 81 55 1 2
0 1 90 24 1 0
0 1 122 13 1 1
0 1 30 24 0 3
0 1 75 62 0 1
0 1 84 61 1 1
0 1 89 50 1 3
0 1 58 1 1 2
0 1 1 15 0 3
0 1 124 63 1 0
0 1 62 39 1 2
0 1 42 12 0 2
0 1 55 9 0 1
0 1 81 18 0 0
0 1 45 53 0 2
0 1 22 26 1 1
0 1 76 19 0 2
0 1 93 5 1 0
0 1 3 64 0 0
0 1 98 58 0 1
0 1 121 14 0 1
0 1 40 49 0 3
0 1 21 8 1 3
0 1 29 54 1 0
0 1 8 10 0 2
0 1 49 52 1 2
0 1 125 60 1 3
0 1 114 3 1 1
0 1 101 38 1 3
0 1 92 11 1 3
0 1 51 17 0 1
0 1 39 64 0 1
0 1 70 25 0 0
0 1 38 22 1 1
0 1 117 57 0 1
0 1 80 0 0 3
0 1 108 28 1 2
0 1 48 3 1 0
0 1 15 35 1 3
0 1 111 63 1 2
0 1 41 12 1 1
0 1 32 2 0 3
0 1 8 0 1 0
0 1 27 60 0 0
0 1 24 14 0 2
0 1 29 44 0 2
0 1 57 55 1 3
0 1 66 62 0 0
0 1 62 34 0 2
0 1 10 57 1 3
0 1 74 52 0 1
0 1 104 45 1 0
0 1 35 38 1 0
0 1 69 39 0 1
0 1 38 42 0 2
0 1 95 36 0 0
0 1 36 27 1 0
0 1 20 30 1 3
0 1 37 37 1 1
0 1 86 31 0 2
0 1 68 42 0 0
0 1 114 50 0 0
0 1 86 43 1 2
0 1 16 10 0 1
0 1 17 49 0 2
0 1 120 35 0 1
0 1 5 45 1 1
0 1 61 39 1 0
0 1 109 5 1 1
0 1 116 52 0 3
0 1 23 1 1 0
0 1 28 61 0 0
0 1 116 38 1 2
0 1 30 13 1 0
0 1 60 24 1 1
0 1 44 26 1 2
0 1 124 7 0 2
0 1 46 32 1 2
0 1 17 31 1 3
0 1 78 46 1 2
0 1 83 5 0 3
0 1 7 45 0 2
0 1 126 4 0 0
0 1 113 53 0 3
0 1 108 42 0 1
0 1 63 42 0 3
0 1 3 18 1 1
0 1 128 59 1 0
0 1 113 22 1 2
0 1 85 30 1 1
0 1 47 4 0 1
0 1 31 57 1 2
0 1 123 53 1 1
0 1 24 61 1 2
0 1 16 56 1 2
0 1 32 22 1 3
0 1 125 48 0 3
0 1 102 30 0 0
0 1 47 44 1 0
0 1 110 36 0 1
0 1 68 36 1 2
0 1 118 23 0 3
0 1 52 40 0 0
0 1 73 19 1 3
0 1 6 14 0 0
0 1 77 55 0 0
0 1 69 2 1 2
0 1 26 41 1 2
0 1 84 4 0 3
0 1 71 9 1 2
0 1 64 6 1 0
0 1 111 21 0 2
0 1 54 27 1 2
0 1 97 21 0 0
0 1 37 38 0 1
0 1 7 32 1 3
0 1 2 53 1 0
0 1 67 43 0 1
0 1 56 29 0 3
0 1 88 6 1 2
0 1 65 28 0 0
0 1 97 47 1 3
0 1 79 31 1 0
0 1 102 25 1 1
0 1 39 1 1 3
0 1 57 25 0 2
0 1 40 60 1 2
0 1 79 58 0 3
0 1 71 0 0 1
0 1 91 40 0 2
0 1 18 7 1 1
0 1 99 8 0 0
0 1 19 56 0 0
0 1 106 36 0 3
0 1 31 4 0 2
0 1 53 51 1 1
0 1 48 29 0 0
0 1 82 20 1 2
0 1 54 33 0 2
0 1 93 33 0 0
0 1 99 58 1 2
0 1 117 48 1 1
0 1 33 10 1 0
0 1 87 60 1 1
0 1 26 18 0 3
0 1 50 64 1 2
0 1 18 51 0 3
0 1 76 55 1 1
0 1 73 8 0 1
0 1 78 11 0 0
0 1 10 15 0 0
0 1 28 56 1 3
0 1 33 62 0 3
0 1 4 43 1 3
0 1 90 47 0 1
0 1 36 12 0 3
0 1 119 2 0 1
0 1 53 28 0 1
0 1 43 29 1 2
0 1 121 13 1 2
0 1 67 54 1 3
0 1 41 16 0 3
0 1 60 9 0 0
0 1 80 28 1 3
0 1 100 62 0 2
0 1 59 41 0 1
0 1 118 0 1 2
0 1 34 63 0 1
0 1 92 3 0 3
0 1 87 33 0 3
