0 1 69 57 0 3
0 1 35 17 1 0
0 1 35 18 0 0
0 1 24 14 1 0
0 1 73 38 1 0
0 1 114 59 1 1
0 1 81 26 1 1
0 1 90 47 1 2
0 1 9 48 1 3
0 1 84 57 1 0
0 1 0 63 0 2
0 1 94 46 0 3
0 1 93 40 0 3
0 1 114 12 0 1
0 1 20 9 1 3
0 1 95 26 1 0
0 1 26 31 1 2
0 1 46 0 1 0
0 1 38 54 1 2
0 1 25 47 0 3
0 1 58 3 0 2
0 1 9 49 0 3
0 1 14 55 1 1
0 1 3 52 0 3
0 1 66 37 1 3
0 1 118 43 0 2
0 1 34 44 0 0
0 1 54 56 0 1
0 1 128 41 1 0
0 1 83 62 0 1
0 1 30 20 0 2
0 1 117 14 1 2
0 1 44 12 1 2
0 1 112 60 0 3
0 1 11 24 1 3
0 1 67 12 1 3
0 1 127 61 0 0
0 1 127 7 1 3
0 1 116 18 1 3
0 1 31 13 1 0
0 1 92 6 1 3
0 1 86 24 0 1
0 1 36 55 0 2
0 1 121 58 1 1
0 1 21 42 0 0
0 1 72 0 1 1
0 1 61 52 1 0
0 1 32 46 1 0
0 1 103 60 0 2
0 1 100 40 1 2
0 1 5 21 0 1
0 1 109 55 1 0
0 1 101 35 0 1
0 1 60 19 1 3
0 1 3 20 1 3
0 1 79 59 0 0
0 1 28 19 0 2
0 1 84 28 0 0
0 1 7 12 0 0
0 1 30 15 1 2
0 1 49 38 1 1
0 1 88 1 1 0
0 1 102 29 0 0
0 1 17 49 1 0
0 1 50 41 0 3
0 1 120 23 0 1
0 1 31 59 0 3
0 1 22 50 1 1
0 1 77 13 0 2
0 1 8 53 0 1
0 1 24 10 0 3
0 1 106 5 1 1
0 1 65 11 0 3
0 1 22 3 0 1
0 1 95 53 0 3
0 1 67 49 0 2
0 1 70 64 0 0
0 1 116 39 0 1
0 1 80 64 1 1
0 1 0 32 1 1
0 1 18 20 0 1
0 1 121 24 0 0
0 1 69 17 1 3
0 1 110 42 0 3
0 1 113 36 0 2
0 1 103 8 1 1
0 1 23 45 0 2
0 1 10 25 1 1
0 1 82 1 1 2
0 1 55 21 0 0
0 1 76 50 0 2
0 1 108 36 1 0
0 1 55 49 1 1
0 1 65 1 1 3
0 1 78 8 1 3
0 1 91 42 1 1
0 1 25 28 1 2
0 1 117 60 0 1
0 1 43 44 1 1
0 1 44 2 0 1
0 1 41 53 0 2
0 1 99 22 0 2
0 1 83 53 1 0
0 1 17 33 0 3
0 1 4 31 0 3
0 1 74 3 1 3
0 1 36 5 1 2
0 1 123 23 0 2
0 1 53 33 0 1
0 1 82 42 0 2
0 1 109 17 0 2
0 1 2 11 1 0
0 1 39 19 1 0
0 1 39 62 0 0
0 1 16 9 1 1
0 1 51 50 1 3
0 1 42 6 1 0
0 1 78 46 0 1
0 1 89 11 1 1
0 1 23 32 1 0
0 1 107 23 0 0
0 1 110 34 1 3
0 1 63 47 0 1
0 1 27 61 1 2
0 1 16 5 0 0
0 1 45 51 1 1
0 1 6 48 0 1
0 1 56 37 1 0
0 1 38 18 0 2
0 1 87 10 0 1
0 1 129 62 1 2
0 1 71 14 1 1
0 1 81 40 0 0
0 1 60 62 0 3
0 1 10 35 0 2
0 1 11 63 0 3
0 1 98 0 0 3
0 1 64 44 1 2
0 1 101 45 1 0
0 1 62 34 0 0
0 1 18 27 1 2
0 1 75 15 1 3
0 1 125 38 0 2
0 1 4 41 1 2
0 1 70 2 1 3
0 1 75 45 0 1
0 1 52 26 1 3
0 1 99 40 1 1
0 1 13 58 0 0
0 1 43 43 0 0
0 1 120 10 1 2
0 1 80 8 0 0
0 1 105 54 1 0
0 1 66 34 0 1
0 1 77 30 1 0
0 1 122 51 0 0
0 1 111 30 1 2
0 1 37 4 1 1
0 1 33 14 0 3
0 1 73 46 0 2
0 1 63 22 1 3
0 1 42 2 0 2
0 1 50 56 1 3
0 1 40 43 0 1
0 1 57 7 1 1
0 1 45 17 0 1
0 1 88 44 0 3
0 1 20 3 0 0
0 1 64 10 0 0
0 1 125 19 1 1
0 1 112 13 1 3
0 1 12 48 1 2
0 1 49 4 0 0
0 1 97 2 0 0
0 1 96 50 1 0
0 1 19 39 1 3
0 1 59 16 0 1
0 1 108 4 0 2
0 1 106 30 0 3
0 1 107 52 1 1
0 1 94 57 1 1
0 1 52 30 0 1
0 1 91 31 0 0
0 1 15 56 0 2
0 1 8 39 1 0
0 1 68 27 0 1
0 1 59 25 1 3
0 1 124 15 0 1
0 1 58 64 1 2
0 1 2 25 0 0
0 1 62 59 1 2
0 1 74 38 0 3
0 1 48 37 1 2
0 1 47 16 0 2
0 1 79 35 1 3
0 1 48 39 0 2
0 1 34 23 1 3
0 1 40 57 1 2
0 1 102 11 1 2
0 1 56 6 0 1
0 1 118 9 1 2
0 1 122 25 1 2
0 1 53 60 1 0
0 1 98 7 1 2
0 1 76 58 1 3
0 1 33 54 1 1
0 1 71 31 0 1
0 1 29 20 0 0
0 1 47 0 1 2
0 1 32 27 0 3
0 1 7 37 1 1
0 1 119 26 1 2
0 1 57 61 0 1
0 1 124 47 1 0
0 1 105 22 0 0
0 1 15 33 1 0
0 1 89 43 0 3
0 1 61 21 0 3
0 1 6 34 1 2
0 1 37 35 0 0
0 1 68 51 1 3
0 1 41 18 1 1
0 1 13 54 1 3
0 1 96 52 0 2
0 1 129 56 0 0
0 1 46 45 0 3
0 1 126 36 0 1
0 1 115 41 1 1
0 1 123 4 1 3
0 1 14 22 0 1
0 1 29 63 1 0
0 1 115 36 0 3
0 1 97 7 1 0
0 1 104 24 0 2
0 1 54 58 1 2
0 1 5 6 1 2
0 1 111 16 0 0
0 1 93 15 1 0
0 1 28 32 1 3
0 1 126 64 1 3
0 1 51 13 0 1
0 1 119 8 0 2
0 1 87 5 1 3
0 1 85 33 0 2
0 1 104 32 1 2
0 1 12 27 0 0
0 1 92 1 0 1
0 1 90 29 0 2
0 1 27 9 0 0
0 1 85 29 1 1
0 1 100 55 0 3
0 1 72 61 0 3
0 1 128 28 0 1
0 1 21 29 1 3
0 1 1 21 1 2
0 1 19 28 0 3
0 1 113 16 1 3
0 1 86 51 1 2
0 1 26 48 0 0
0 1 1 63 0 1
