0 1 114 63 0 2
0 1 12 11 1 1
0 1 72 6 0 0
0 1 128 14 1 1
0 1 109 60 0 0
0 1 84 64 0 2
0 1 96 20 0 3
0 1 101 57 0 3
0 1 20 15 0 1
0 1 43 10 0 2
0 1 38 53 1 2
0 1 31 24 0 0
0 1 72 26 1 2
0 1 24 44 0 3
0 1 101 42 1 2
0 1 17 2 1 2
0 1 124 7 0 3
0 1 12 6 0 2
0 1 54 29 0 1
0 1 114 38 1 1
0 1 53 54 1 3
0 1 34 18 1 1
0 1 65 55 0 2
0 1 87 8 0 1
0 1 127 57 1 2
0 1 1 34 0 1
0 1 16 42 0 1
0 1 50 0 1 2
0 1 127 30 0 1
0 1 120 49 0 3
0 1 104 63 1 0
0 1 41 14 0 2
0 1 126 59 1 3
0 1 81 51 0 1
0 1 21 33 0 1
0 1 0 42 1 3
0 1 105 8 1 2
0 1 27 60 0 1
0 1 55 56 0 2
0 1 52 40 1 2
0 1 78 27 1 1
0 1 39 37 1 3
0 1 54 52 1 0
0 1 103 25 1 3
0 1 30 55 0 1
0 1 66 35 1 1
0 1 44 12 0 3
0 1 7 36 0 1
0 1 129 23 0 3
0 1 94 41 1 2
0 1 14 0 1 0
0 1 98 50 0 0
0 1 64 61 0 2
0 1 33 18 0 2
0 1 99 46 1 2
0 1 19 23 1 0
0 1 35 37 0 0
0 1 125 16 0 1
0 1 76 9 1 3
0 1 53 17 0 0
0 1 26 37 1 1
0 1 68 57 1 1
0 1 88 53 1 3
0 1 10 60 0 3
0 1 82 31 1 3
0 1 4 46 1 1
0 1 24 25 1 1
0 1 67 54 0 1
0 1 112 60 0 2
0 1 40 61 1 1
0 1 63 13 0 0
0 1 47 32 0 3
0 1 93 10 0 3
0 1 65 1 1 2
0 1 18 28 1 1
0 1 88 2 0 0
0 1 47 24 1 1
0 1 87 61 1 0
0 1 92 24 0 2
0 1 122 13 0 1
0 1 113 43 0 2
0 1 116 28 0 3
0 1 85 29 0 0
0 1 61 40 0 3
0 1 97 38 0 2
0 1 29 44 1 2
0 1 25 59 1 1
0 1 86 48 1 2
0 1 106 4 1 0
0 1 15 30 0 0
0 1 107 21 1 2
0 1 70 45 1 1
0 1 75 43 0 0
0 1 58 6 1 1
0 1 23 38 1 3
0 1 79 22 0 3
0 1 128 63 0 1
0 1 64 47 1 2
0 1 94 41 0 0
0 1 82 5 0 2
0 1 45 41 0 3
0 1 60 53 1 1
0 1 42 2 1 3
0 1 103 51 0 3
0 1 9 49 0 2
0 1 31 32 1 2
0 1 49 39 0 0
0 1 98 21 1 0
0 1 102 7 0 2
0 1 8 62 0 0
0 1 115 33 1 3
0 1 117 35 1 3
0 1 117 34 0 0
0 1 119 20 0 1
0 1 79 17 1 2
0 1 124 35 1 2
0 1 42 27 0 3
0 1 108 46 0 3
0 1 83 48 0 0
0 1 77 28 0 0
0 1 25 50 0 1
0 1 17 32 0 1
0 1 21 59 1 2
0 1 39 12 0 1
0 1 11 33 1 0
0 1 78 27 0 2
0 1 59 24 1 3
0 1 91 47 0 1
0 1 2 36 0 0
0 1 67 57 1 0
0 1 105 1 0 1
0 1 13 26 0 1
0 1 4 8 0 3
0 1 69 16 1 3
0 1 85 18 1 0
0 1 125 44 1 0
0 1 63 61 1 3
0 1 73 28 1 2
0 1 35 64 1 1
0 1 115 53 0 0
0 1 6 55 0 0
0 1 129 14 1 0
0 1 80 40 1 0
0 1 7 62 1 1
0 1 41 20 1 2
0 1 52 56 0 1
0 1 3 49 0 0
0 1 68 48 0 1
0 1 122 0 1 1
0 1 59 25 0 2
0 1 83 12 1 0
0 1 73 22 0 1
0 1 14 10 0 1
0 1 66 17 0 1
0 1 96 52 1 3
0 1 97 34 1 3
0 1 108 19 1 0
0 1 116 12 1 2
0 1 111 10 0 0
0 1 107 52 0 2
0 1 77 62 1 2
0 1 1 26 1 0
0 1 22 6 0 3
0 1 69 25 0 0
0 1 40 33 0 2
0 1 90 39 1 1
0 1 60 44 0 1
0 1 118 51 1 0
0 1 15 21 1 1
0 1 126 4 0 2
0 1 100 19 0 3
0 1 61 30 1 2
0 1 36 31 0 1
0 1 0 47 0 3
0 1 119 7 1 0
0 1 90 58 0 2
0 1 104 15 0 3
0 1 74 23 0 2
0 1 32 4 1 3
0 1 99 20 0 0
0 1 95 8 1 0
0 1 58 54 0 0
0 1 28 49 0 1
0 1 86 41 0 1
0 1 93 45 1 3
0 1 84 36 1 3
0 1 57 14 1 3
0 1 37 48 1 3
0 1 3 55 1 3
0 1 89 42 0 0
0 1 75 1 1 0
0 1 118 16 0 0
0 1 45 39 1 3
0 1 112 15 1 2
0 1 29 1 0 3
0 1 120 4 1 1
0 1 2 26 1 3
0 1 46 16 0 2
0 1 123 19 0 1
0 1 8 9 1 1
0 1 28 17 1 3
0 1 123 27 1 0
0 1 89 11 1 3
0 1 33 9 1 0
0 1 6 56 1 0
0 1 23 5 0 3
0 1 49 54 1 2
0 1 121 62 1 3
0 1 37 3 0 2
0 1 76 58 0 3
0 1 81 51 1 2
0 1 106 29 0 3
0 1 10 45 1 0
0 1 56 36 0 2
0 1 113 38 1 0
0 1 56 31 1 0
0 1 62 31 1 2
0 1 48 3 1 1
0 1 55 37 1 2
0 1 102 23 1 1
0 1 70 30 0 3
0 1 71 19 0 2
0 1 9 64 1 3
0 1 32 13 0 3
0 1 110 3 1 3
0 1 18 9 0 2
0 1 57 46 0 0
0 1 16 64 1 0
0 1 111 21 1 3
0 1 62 63 0 3
0 1 22 7 1 1
0 1 95 45 0 2
0 1 43 50 1 2
0 1 20 32 1 0
0 1 27 58 1 1
0 1 51 34 1 2
0 1 5 43 1 1
0 1 30 3 1 0
0 1 80 22 0 0
0 1 19 52 0 1
0 1 71 50 1 3
0 1 44 39 1 2
0 1 51 15 0 0
0 1 74 58 1 0
0 1 48 11 0 0
0 1 5 13 0 2
0 1 11 29 0 2
0 1 38 2 0 1
0 1 92 35 1 0
0 1 109 40 1 1
0 1 100 5 1 1
0 1 26 11 0 2
0 1 110 59 0 0
0 1 13 5 1 0
0 1 46 22 1 2
0 1 36 43 1 3
0 1 91 56 1 3
0 1 121 0 0 3
0 1 34 18 0 3
0 1 50 47 0 0
