0 1 3 39 1 2
0 1 84 40 1 3
0 1 107 1 1 2
0 1 4 53 0 0
0 1 59 39 1 1
0 1 88 14 0 0
0 1 88 52 1 1
0 1 43 28 0 2
0 1 74 30 1 0
0 1 106 6 0 1
0 1 20 37 0 3
0 1 29 51 1 1
0 1 78 51 0 0
0 1 47 47 1 0
0 1 74 41 0 2
0 1 41 16 0 3
0 1 109 0 0 1
0 1 122 41 1 0
0 1 81 55 1 0
0 1 33 60 0 2
0 1 45 53 0 2
0 1 113 7 1 2
0 1 73 27 0 0
0 1 86 62 1 1
0 1 102 51 1 2
0 1 109 12 1 1
0 1 49 31 1 0
0 1 6 6 0 3
0 1 41 11 1 0
0 1 48 32 1 2
0 1 40 15 1 3
0 1 106 58 1 1
0 1 24 50 1 2
0 1 23 35 0 3
0 1 51 50 1 0
0 1 111 44 1 1
0 1 95 35 1 1
0 1 57 7 0 3
0 1 107 59 0 0
0 1 103 25 0 3
0 1 90 36 1 3
0 1 13 4 1 3
0 1 99 41 1 1
0 1 52 48 1 3
0 1 62 47 0 2
0 1 96 38 0 1
0 1 114 7 1 1
0 1 112 63 0 0
0 1 45 32 1 3
0 1 76 26 1 2
0 1 38 46 1 3
0 1 94 54 1 2
0 1 101 49 1 1
0 1 28 29 1 2
0 1 56 44 0 3
0 1 27 54 1 3
0 1 11 59 0 2
0 1 71 20 0 2
0 1 36 18 0 3
0 1 4 44 1 0
0 1 17 28 0 0
0 1 93 4 1 0
0 1 119 2 0 3
0 1 99 10 0 2
0 1 51 40 0 1
0 1 92 16 1 1
0 1 67 24 0 2
0 1 29 26 0 0
0 1 111 43 0 2
0 1 39 20 1 0
0 1 85 27 0 1
0 1 125 43 0 0
0 1 63 9 1 2
0 1 62 62 1 3
0 1 50 43 1 3
0 1 104 56 0 3
0 1 122 15 0 1
0 1 123 21 0 2
0 1 53 58 1 3
0 1 90 22 0 0
0 1 47 4 0 1
0 1 34 19 0 0
0 1 25 58 0 0
0 1 96 31 1 2
0 1 42 27 0 3
0 1 23 31 1 1
0 1 102 36 0 0
0 1 10 22 1 1
0 1 65 63 1 2
0 1 58 51 1 3
0 1 97 11 1 2
0 1 97 7 0 0
0 1 129 60 1 1
0 1 112 14 1 2
0 1 77 34 0 0
0 1 31 33 0 2
0 1 16 46 0 1
0 1 30 20 1 1
0 1 115 30 0 2
0 1 126 36 1 2
0 1 127 8 1 2
0 1 82 19 0 3
0 1 18 21 1 0
0 1 7 34 0 2
0 1 65 21 0 1
0 1 55 61 0 1
0 1 101 8 0 1
0 1 22 34 0 3
0 1 10 10 0 3
0 1 14 13 1 1
0 1 52 32 0 1
0 1 69 2 0 0
0 1 34 12 1 2
0 1 58 37 0 2
0 1 123 46 1 2
0 1 35 0 1 3
0 1 117 55 0 1
0 1 77 14 1 1
0 1 89 18 0 0
0 1 7 37 1 0
0 1 118 25 1 1
0 1 85 5 1 1
0 1 76 12 0 0
0 1 92 26 0 3
0 1 81 25 0 0
0 1 75 57 1 0
0 1 68 61 1 3
0 1 21 43 0 1
0 1 56 15 1 2
0 1 2 45 0 3
0 1 40 48 0 2
0 1 44 19 1 2
0 1 19 48 1 0
0 1 42 47 1 1
0 1 1 27 1 2
0 1 78 58 1 2
0 1 32 54 0 0
0 1 104 62 1 2
0 1 54 9 0 3
0 1 80 50 1 3
0 1 128 53 1 3
0 1 0 2 0 2
0 1 11 60 1 3
0 1 32 1 1 3
0 1 35 17 0 2
0 1 124 42 0 2
0 1 86 13 0 3
0 1 25 41 1 3
0 1 8 22 1 3
0 1 44 42 0 1
0 1 129 1 0 0
0 1 71 33 1 0
0 1 91 39 1 3
0 1 17 5 1 2
0 1 95 57 0 1
0 1 105 26 0 1
0 1 26 53 0 1
0 1 117 63 1 3
0 1 21 29 1 0
0 1 120 3 1 2
0 1 125 45 1 1
0 1 50 49 0 2
0 1 16 31 1 3
0 1 60 35 1 0
0 1 116 15 1 0
0 1 3 54 0 1
0 1 5 9 1 0
0 1 20 16 1 0
0 1 66 3 0 1
0 1 124 28 1 3
0 1 14 25 0 2
0 1 75 8 0 0
0 1 22 57 1 3
0 1 28 63 0 1
0 1 9 56 1 1
0 1 48 64 0 3
0 1 53 33 0 1
0 1 83 64 1 2
0 1 89 18 1 1
0 1 66 13 1 2
0 1 37 32 0 0
0 1 49 46 0 0
0 1 55 36 1 1
0 1 57 40 1 0
0 1 46 37 1 1
0 1 105 47 1 3
0 1 30 4 0 2
0 1 98 28 0 1
0 1 38 34 0 1
0 1 59 6 0 0
0 1 79 35 0 2
0 1 64 12 0 3
0 1 120 38 0 3
0 1 82 29 1 1
0 1 70 44 0 2
0 1 13 23 0 1
0 1 19 29 0 3
0 1 68 6 0 2
0 1 116 10 0 0
0 1 93 2 0 1
0 1 60 39 0 0
0 1 6 17 1 1
0 1 127 8 0 3
0 1 108 52 0 3
0 1 61 5 1 3
0 1 61 49 0 0
0 1 69 38 1 2
0 1 37 55 1 2
0 1 114 23 0 2
0 1 63 11 0 3
0 1 73 64 1 1
0 1 94 42 0 0
0 1 110 21 0 3
0 1 72 23 0 0
0 1 80 18 0 2
0 1 121 64 0 0
0 1 9 38 0 0
0 1 26 20 1 3
0 1 31 42 1 3
0 1 15 5 1 0
0 1 91 49 0 3
0 1 15 24 0 3
0 1 39 30 0 3
0 1 0 48 1 1
0 1 33 45 1 0
0 1 115 9 1 1
0 1 67 0 1 2
0 1 46 3 0 3
0 1 43 57 1 2
0 1 98 61 1 2
0 1 83 1 0 1
0 1 8 56 0 2
0 1 27 52 0 0
0 1 64 59 1 1
0 1 79 62 1 0
0 1 103 24 1 1
0 1 87 13 0 0
0 1 12 55 1 3
0 1 12 14 0 3
0 1 54 16 1 2
0 1 128 30 0 1
0 1 70 50 1 1
0 1 126 59 0 3
0 1 2 61 1 0
0 1 110 22 1 2
0 1 100 17 0 0
0 1 72 56 1 0
0 1 1 23 0 3
0 1 36 3 1 0
0 1 100 60 1 0
0 1 121 11 1 1
0 1 18 17 0 3
0 1 84 19 0 1
0 1 24 40 0 2
0 1 108 33 1 3
0 1 5 10 0 1
0 1 113 45 0 2
0 1 119 52 1 2
0 1 87 24 1 0
0 1 118 0 0 0
