0 1 1 62 0 0
0 1 0 30 0 3
0 1 127 24 0 0
0 1 90 30 0 1
0 1 34 27 0 1
0 1 62 24 0 2
0 1 24 35 0 0
0 1 84 35 0 1
0 1 66 58 0 1
0 1 50 18 1 3
0 1 36 38 1 0
0 1 44 21 0 2
0 1 40 5 0 0
0 1 92 19 1 2
0 1 105 20 1 2
0 1 120 6 1 3
0 1 4 4 0 2
0 1 110 23 1 2
0 1 109 17 0 1
0 1 10 13 1 3
0 1 10 60 0 2
0 1 80 50 1 0
0 1 116 49 1 3
0 1 17 36 1 2
0 1 46 61 0 2
0 1 93 39 1 0
0 1 7 45 1 0
0 1 14 31 1 2
0 1 115 38 0 1
0 1 68 18 1 1
0 1 85 12 0 3
0 1 8 12 0 0
0 1 32 25 1 2
0 1 37 55 1 1
0 1 44 9 1 1
0 1 40 42 1 3
0 1 60 24 1 3
0 1 41 49 0 0
0 1 48 23 0 3
0 1 41 52 1 1
0 1 122 25 0 1
0 1 94 43 1 0
0 1 11 22 0 3
0 1 34 14 1 3
0 1 61 54 1 2
0 1 21 20 1 0
0 1 104 17 1 3
0 1 83 61 1 0
0 1 43 57 1 0
0 1 29 8 1 2
0 1 99 2 0 3
0 1 55 22 0 0
0 1 5 44 1 2
0 1 74 44 0 1
0 1 22 22 1 1
0 1 12 20 0 1
0 1 57 32 1 3
0 1 18 28 0 0
0 1 2 1 0 3
0 1 81 63 1 3
0 1 16 15 0 1
0 1 80 7 0 1
0 1 114 37 1 3
0 1 85 55 1 3
0 1 13 57 0 3
0 1 55 12 1 1
0 1 33 42 0 1
0 1 67 2 0 2
0 1 25 51 1 2
0 1 28 5 1 3
0 1 66 57 1 1
0 1 31 48 1 1
0 1 114 10 0 2
0 1 35 3 1 1
0 1 69 26 1 3
0 1 39 1 0 2
0 1 97 40 1 3
0 1 22 3 0 2
0 1 8 40 1 0
0 1 64 43 0 3
0 1 57 14 0 0
0 1 102 29 1 1
0 1 45 10 1 1
0 1 11 51 1 1
0 1 121 15 0 2
0 1 117 38 0 2
0 1 101 31 0 0
0 1 49 34 0 2
0 1 59 36 1 0
0 1 81 54 0 1
0 1 100 37 0 0
0 1 7 52 0 2
0 1 16 26 1 2
0 1 9 32 0 1
0 1 29 16 0 0
0 1 83 50 0 3
0 1 53 42 0 2
0 1 19 48 1 3
0 1 5 11 0 1
0 1 3 3 1 3
0 1 51 21 0 3
0 1 95 6 0 0
0 1 35 8 0 0
0 1 47 2 0 1
0 1 94 60 0 1
0 1 71 40 1 2
0 1 6 25 0 0
0 1 97 52 0 0
0 1 113 41 1 0
0 1 26 26 1 0
0 1 58 28 0 2
0 1 124 50 0 1
0 1 15 46 1 0
0 1 119 4 1 1
0 1 89 33 1 0
0 1 46 49 1 1
0 1 49 16 1 2
0 1 79 4 1 0
0 1 63 32 1 2
0 1 54 5 0 1
0 1 111 27 1 2
0 1 70 53 1 3
0 1 2 28 1 1
0 1 90 51 1 3
0 1 118 59 1 0
0 1 76 58 0 0
0 1 109 23 1 1
0 1 58 2 1 0
0 1 30 25 0 3
0 1 77 9 0 2
0 1 79 34 0 1
0 1 42 34 1 0
0 1 47 36 1 1
0 1 103 42 1 0
0 1 69 50 0 2
0 1 28 11 0 3
0 1 15 0 0 3
0 1 112 35 1 2
0 1 72 15 0 0
0 1 23 62 0 3
0 1 118 40 0 1
0 1 98 21 0 1
0 1 19 47 0 1
0 1 25 32 0 0
0 1 42 64 0 1
0 1 107 56 0 1
0 1 121 52 1 3
0 1 27 48 1 0
0 1 72 22 1 2
0 1 128 21 1 0
0 1 20 56 1 3
0 1 99 5 1 2
0 1 98 7 1 0
0 1 105 4 0 3
0 1 87 64 0 0
0 1 30 35 1 3
0 1 112 18 0 0
0 1 36 46 0 1
0 1 77 60 1 3
0 1 104 18 0 2
0 1 59 47 0 2
0 1 20 41 0 1
0 1 62 9 1 0
0 1 64 45 1 1
0 1 111 11 0 2
0 1 128 45 0 3
0 1 108 61 1 3
0 1 86 10 0 3
0 1 123 61 1 1
0 1 73 58 0 3
0 1 119 3 0 0
0 1 122 28 1 3
0 1 31 7 0 2
0 1 96 41 1 3
0 1 113 38 0 3
0 1 0 51 1 0
0 1 91 54 0 3
0 1 100 44 1 0
0 1 65 17 0 0
0 1 68 7 0 3
0 1 43 46 0 2
0 1 17 23 0 0
0 1 24 0 1 2
0 1 71 63 0 1
0 1 32 63 0 2
0 1 125 47 0 0
0 1 51 27 1 3
0 1 124 13 1 1
0 1 37 49 0 2
0 1 86 33 1 2
0 1 6 59 1 1
0 1 70 1 0 1
0 1 123 0 0 0
0 1 26 55 0 2
0 1 89 11 0 0
0 1 88 39 1 2
0 1 38 26 1 1
0 1 52 20 0 3
0 1 102 8 0 1
0 1 82 30 1 2
0 1 110 6 0 1
0 1 92 9 0 3
0 1 61 14 0 1
0 1 76 24 1 1
0 1 23 53 1 0
0 1 73 31 1 1
0 1 27 1 0 0
0 1 74 59 1 2
0 1 18 62 1 1
0 1 56 6 1 2
0 1 48 29 1 2
0 1 82 34 0 3
0 1 115 17 1 2
0 1 21 54 0 0
0 1 3 55 0 0
0 1 45 43 0 1
0 1 127 37 1 1
0 1 78 39 0 3
0 1 106 29 0 3
0 1 63 48 0 2
0 1 126 36 0 3
0 1 106 27 1 0
0 1 54 47 1 3
0 1 117 41 1 2
0 1 84 64 1 3
0 1 107 31 1 3
0 1 101 10 1 0
0 1 91 53 1 2
0 1 65 60 1 0
0 1 120 33 0 3
0 1 103 19 0 1
0 1 38 16 0 3
0 1 126 30 1 0
0 1 14 46 0 3
0 1 4 14 1 2
0 1 1 12 1 2
0 1 60 53 0 1
0 1 95 58 1 2
0 1 78 29 1 0
0 1 108 62 0 2
0 1 75 57 1 2
0 1 96 64 0 2
0 1 116 43 0 2
0 1 52 56 1 0
0 1 39 13 1 0
0 1 93 19 0 3
0 1 50 63 0 0
0 1 33 0 1 1
0 1 87 13 1 2
0 1 56 44 0 3
0 1 9 59 1 3
0 1 129 33 0 1
0 1 12 39 1 1
0 1 88 19 0 0
0 1 75 16 0 1
0 1 125 56 1 2
0 1 53 37 1 2
0 1 13 15 1 3
0 1 129 45 1 2
0 1 67 8 1 3
