0 1 119 36 0 1
0 1 14 42 1 0
0 1 9 30 0 1
0 1 88 13 0 3
0 1 39 22 0 0
0 1 6 4 0 0
0 1 5 27 1 0
0 1 114 34 1 2
0 1 93 22 1 3
0 1 60 33 1 3
0 1 112 40 1 2
0 1 129 14 0 0
0 1 33 49 0 1
0 1 62 44 0 1
0 1 22 53 1 2
0 1 23 42 1 3
0 1 11 33 1 1
0 1 28 25 0 0
0 1 91 6 1 0
0 1 54 20 1 1
0 1 26 26 0 3
0 1 56 19 1 2
0 1 64 5 0 0
0 1 32 11 1 2
0 1 41 47 0 3
0 1 90 39 0 1
0 1 108 24 0 0
0 1 115 11 0 0
0 1 78 40 0 1
0 1 110 38 0 3
0 1 38 62 0 3
0 1 26 59 1 1
0 1 98 4 1 3
0 1 57 10 1 1
0 1 38 48 1 3
0 1 16 4 0 1
0 1 73 62 1 0
0 1 12 45 0 1
0 1 100 39 0 2
0 1 80 27 1 2
0 1 93 63 0 0
0 1 25 4 1 2
0 1 67 55 1 1
0 1 88 55 1 3
0 1 42 28 1 1
0 1 75 22 0 1
0 1 106 23 1 1
0 1 113 43 0 2
0 1 29 46 0 3
0 1 87 49 1 3
0 1 1 32 0 2
0 1 97 29 0 0
0 1 119 2 1 1
0 1 13 38 1 1
0 1 49 31 0 3
0 1 79 50 1 3
0 1 104 12 0 2
0 1 30 19 1 1
0 1 15 20 0 3
0 1 55 36 1 2
0 1 124 5 1 3
0 1 11 59 0 3
0 1 84 2 0 2
0 1 46 3 0 2
0 1 74 49 1 2
0 1 43 16 1 3
0 1 37 16 1 1
0 1 39 58 1 1
0 1 18 18 1 1
0 1 29 9 1 3
0 1 40 54 1 2
0 1 9 32 1 3
0 1 94 44 0 2
0 1 102 0 1 3
0 1 96 0 1 1
0 1 13 15 0 2
0 1 18 7 0 3
0 1 86 3 1 1
0 1 14 63 0 3
0 1 70 47 1 1
0 1 42 7 0 2
0 1 72 12 0 3
0 1 118 14 1 1
0 1 91 5 0 1
0 1 45 57 1 0
0 1 25 52 0 1
0 1 24 50 1 2
0 1 52 1 0 2
0 1 117 35 1 0
0 1 58 24 1 3
0 1 6 7 1 1
0 1 57 31 0 2
0 1 92 55 1 2
0 1 78 48 1 2
0 1 20 40 1 0
0 1 105 46 0 2
0 1 126 38 0 0
0 1 77 49 1 0
0 1 117 39 0 0
0 1 129 44 1 0
0 1 107 64 1 3
0 1 105 34 1 0
0 1 28 48 1 0
0 1 60 8 0 0
0 1 82 23 1 0
0 1 31 12 1 1
0 1 4 44 1 3
0 1 122 41 1 0
0 1 56 64 0 2
0 1 114 30 0 2
0 1 19 34 0 3
0 1 2 41 1 3
0 1 101 37 1 0
0 1 83 3 1 0
0 1 44 42 0 2
0 1 113 59 1 2
0 1 99 58 0 2
0 1 87 23 0 2
0 1 47 55 1 0
0 1 69 36 0 3
0 1 34 28 1 2
0 1 35 28 0 0
0 1 115 30 1 3
0 1 98 54 0 1
0 1 16 1 1 1
0 1 92 9 0 1
0 1 128 37 1 2
0 1 69 1 1 3
0 1 61 51 0 1
0 1 125 61 0 2
0 1 63 60 1 1
0 1 111 47 1 2
0 1 103 57 1 2
0 1 50 51 1 0
0 1 128 57 0 3
0 1 37 22 0 2
0 1 20 29 0 2
0 1 71 43 0 0
0 1 53 60 0 3
0 1 47 24 0 1
0 1 63 40 0 3
0 1 110 2 1 3
0 1 10 26 0 1
0 1 21 37 1 1
0 1 66 13 1 0
0 1 48 28 0 3
0 1 90 27 1 1
0 1 125 24 1 2
0 1 10 46 1 1
0 1 27 18 1 2
0 1 85 39 1 3
0 1 65 21 1 0
0 1 76 51 0 3
0 1 127 52 0 3
0 1 8 15 0 3
0 1 118 15 0 1
0 1 116 29 0 3
0 1 0 30 1 0
0 1 31 18 0 0
0 1 89 10 1 2
0 1 109 63 0 1
0 1 36 13 1 1
0 1 17 36 1 0
0 1 15 8 1 2
0 1 55 46 0 0
0 1 112 19 0 3
0 1 111 19 0 0
0 1 58 0 0 2
0 1 116 35 1 3
0 1 64 53 1 3
0 1 52 1 1 0
0 1 80 15 0 0
0 1 89 31 0 1
0 1 77 17 0 0
0 1 62 53 1 1
0 1 45 57 0 1
0 1 101 54 0 3
0 1 43 21 0 3
0 1 103 9 0 0
0 1 79 25 0 2
0 1 70 61 0 0
0 1 83 5 0 2
0 1 32 16 0 2
0 1 51 9 1 2
0 1 104 43 1 1
0 1 66 3 0 3
0 1 3 58 0 0
0 1 12 17 1 2
0 1 109 60 1 2
0 1 35 56 1 2
0 1 124 41 0 1
0 1 36 2 0 0
0 1 61 31 1 0
0 1 34 58 0 3
0 1 68 11 0 1
0 1 73 20 0 0
0 1 19 29 1 1
0 1 123 42 0 1
0 1 22 26 0 2
0 1 76 45 1 0
0 1 82 61 0 1
0 1 100 64 1 1
0 1 106 32 0 0
0 1 96 6 0 3
0 1 40 27 0 3
0 1 68 18 1 3
0 1 46 56 1 3
0 1 7 62 0 1
0 1 3 56 1 0
0 1 127 16 1 0
0 1 65 6 0 1
0 1 81 59 1 0
0 1 74 21 0 1
0 1 30 10 0 0
0 1 1 50 1 0
0 1 21 64 0 0
0 1 108 62 1 2
0 1 0 54 0 0
0 1 7 20 1 2
0 1 86 52 0 2
0 1 2 34 0 1
0 1 97 45 1 2
0 1 123 48 1 1
0 1 99 33 1 2
0 1 33 63 1 2
0 1 67 33 0 0
0 1 120 60 1 0
0 1 121 37 1 3
0 1 81 26 0 0
0 1 102 8 0 1
0 1 120 0 0 0
0 1 8 25 1 1
0 1 54 43 0 3
0 1 4 32 0 1
0 1 72 41 1 2
0 1 24 14 0 2
0 1 71 35 1 2
0 1 49 7 1 0
0 1 122 50 0 1
0 1 53 35 1 1
0 1 17 53 0 0
0 1 23 47 0 0
0 1 59 17 0 3
0 1 59 17 1 1
0 1 85 21 0 2
0 1 84 52 1 0
0 1 94 6 1 2
0 1 75 25 1 3
0 1 95 23 1 3
0 1 126 51 1 2
0 1 27 8 0 3
0 1 5 12 0 0
0 1 121 14 0 3
0 1 48 56 1 1
0 1 51 38 0 2
0 1 41 13 1 2
0 1 95 11 0 3
0 1 50 45 0 3
0 1 107 10 0 3
0 1 44 61 1 3
