0 1 127 54 1 1
0 1 84 5 0 3
0 1 106 51 1 0
0 1 100 10 1 0
0 1 86 30 1 0
0 1 14 61 0 1
0 1 115 43 0 2
0 1 41 31 1 0
0 1 71 36 1 2
0 1 49 25 0 0
0 1 83 12 0 3
0 1 83 25 1 2
0 1 82 2 1 2
0 1 60 38 0 1
0 1 122 12 0 2
0 1 66 47 0 3
0 1 128 34 1 1
0 1 19 41 1 0
0 1 119 63 0 0
0 1 96 11 0 0
0 1 89 44 1 1
0 1 76 14 0 3
0 1 81 22 1 0
0 1 102 6 0 3
0 1 98 12 0 1
0 1 90 43 0 1
0 1 67 41 1 3
0 1 45 63 1 1
0 1 116 18 0 1
0 1 79 1 1 2
0 1 108 28 0 0
0 1 32 26 0 3
0 1 93 0 1 3
0 1 125 38 0 3
0 1 63 54 1 0
0 1 111 15 0 3
0 1 92 15 1 0
0 1 4 38 0 2
0 1 24 34 0 3
0 1 44 13 0 0
0 1 119 32 1 2
0 1 47 37 0 2
0 1 28 38 0 0
0 1 61 9 1 0
0 1 94 42 0 0
0 1 56 2 1 1
0 1 71 49 0 1
0 1 0 16 1 0
0 1 9 24 1 2
0 1 13 4 1 2
0 1 1 15 1 1
0 1 66 0 1 0
0 1 108 14 1 2
0 1 36 24 0 3
0 1 45 59 0 1
0 1 104 64 0 1
0 1 48 26 0 1
0 1 17 2 0 3
0 1 122 12 1 0
0 1 8 20 1 1
0 1 4 54 1 2
0 1 47 47 1 0
0 1 109 20 0 0
0 1 10 53 1 3
0 1 63 27 0 2
0 1 20 58 0 1
0 1 75 49 1 3
0 1 79 46 0 3
0 1 69 6 0 2
0 1 121 13 1 1
0 1 52 18 0 0
0 1 50 36 1 0
0 1 85 9 1 3
0 1 58 3 0 2
0 1 123 48 0 2
0 1 89 27 0 0
0 1 22 39 1 1
0 1 54 52 0 2
0 1 53 33 0 2
0 1 75 56 0 0
0 1 60 48 1 3
0 1 72 49 0 2
0 1 5 62 1 3
0 1 98 53 1 0
0 1 117 44 1 0
0 1 42 45 1 2
0 1 101 19 0 3
0 1 39 2 1 0
0 1 77 30 1 1
0 1 95 56 1 1
0 1 81 30 0 3
0 1 0 60 0 3
0 1 53 46 1 0
0 1 97 10 0 3
0 1 64 31 0 3
0 1 30 33 1 1
0 1 37 36 0 1
0 1 32 55 1 0
0 1 111 16 1 2
0 1 74 21 0 2
0 1 114 0 0 1
0 1 62 23 0 2
0 1 113 22 0 2
0 1 87 13 1 3
0 1 104 3 1 1
0 1 46 60 0 0
0 1 50 4 0 0
0 1 129 51 1 3
0 1 42 56 0 2
0 1 69 43 1 0
0 1 114 45 1 1
0 1 13 7 0 3
0 1 126 47 1 1
0 1 87 23 0 1
0 1 1 3 0 0
0 1 2 5 0 0
0 1 30 42 0 3
0 1 25 32 1 0
0 1 91 40 0 1
0 1 70 30 0 2
0 1 12 16 1 3
0 1 44 5 1 1
0 1 6 62 0 2
0 1 85 58 0 2
0 1 12 25 0 1
0 1 99 19 1 2
0 1 113 40 1 3
0 1 55 57 1 2
0 1 52 7 1 2
0 1 77 59 0 0
0 1 110 1 0 1
0 1 3 45 1 0
0 1 123 48 1 1
0 1 78 46 1 2
0 1 46 27 1 1
0 1 93 29 0 1
0 1 34 55 1 2
0 1 17 33 1 0
0 1 112 57 1 3
0 1 96 63 1 2
0 1 117 19 0 1
0 1 68 50 0 0
0 1 92 10 0 2
0 1 127 8 0 3
0 1 84 23 1 0
0 1 70 18 1 3
0 1 27 44 0 3
0 1 8 40 0 2
0 1 36 6 1 1
0 1 121 48 0 0
0 1 27 59 1 3
0 1 64 29 1 3
0 1 99 24 0 0
0 1 39 16 0 1
0 1 54 60 1 1
0 1 86 37 0 1
0 1 80 35 1 3
0 1 94 9 1 1
0 1 73 26 0 2
0 1 55 53 0 2
0 1 15 14 1 1
0 1 76 29 1 0
0 1 3 1 0 3
0 1 35 10 0 1
0 1 120 42 0 2
0 1 80 39 0 0
0 1 51 47 1 2
0 1 57 42 1 1
0 1 102 40 1 0
0 1 109 35 1 1
0 1 100 7 0 0
0 1 72 56 1 3
0 1 26 25 1 3
0 1 24 29 1 2
0 1 34 55 0 1
0 1 18 13 1 2
0 1 118 36 0 3
0 1 95 57 0 1
0 1 20 11 1 2
0 1 128 31 0 2
0 1 105 51 1 2
0 1 88 62 0 0
0 1 61 9 0 2
0 1 57 55 0 3
0 1 56 17 0 0
0 1 23 23 0 3
0 1 25 17 0 3
0 1 68 19 1 0
0 1 11 18 1 2
0 1 10 57 0 0
0 1 2 60 1 2
0 1 38 51 1 1
0 1 9 58 0 0
0 1 65 52 1 0
0 1 124 14 1 0
0 1 118 4 1 3
0 1 110 21 1 1
0 1 28 46 1 1
0 1 29 61 0 0
0 1 120 1 1 0
0 1 51 3 0 3
0 1 58 21 1 3
0 1 6 64 1 3
0 1 103 35 0 2
0 1 40 24 1 1
0 1 115 54 1 3
0 1 38 20 0 3
0 1 107 31 0 1
0 1 103 61 1 2
0 1 16 62 0 1
0 1 49 50 1 1
0 1 15 8 0 0
0 1 97 50 1 2
0 1 78 7 0 1
0 1 11 21 0 0
0 1 67 45 0 3
0 1 29 28 1 1
0 1 129 44 0 2
0 1 62 35 1 0
0 1 101 37 1 0
0 1 19 27 0 3
0 1 14 28 1 2
0 1 105 49 0 0
0 1 40 20 0 2
0 1 43 39 1 3
0 1 23 8 1 1
0 1 59 8 0 2
0 1 26 64 0 0
0 1 106 4 0 1
0 1 21 5 1 2
0 1 91 59 1 2
0 1 112 41 0 1
0 1 88 34 1 0
0 1 82 52 0 3
0 1 74 39 1 2
0 1 33 11 0 3
0 1 59 32 1 1
0 1 21 34 0 2
0 1 116 63 1 3
0 1 125 17 1 2
0 1 31 28 0 3
0 1 16 52 1 1
0 1 37 22 1 1
0 1 7 37 1 3
0 1 22 15 0 2
0 1 73 0 1 2
0 1 65 6 0 0
0 1 124 33 0 3
0 1 126 53 0 1
0 1 43 22 0 3
0 1 107 64 1 2
0 1 90 41 1 2
0 1 41 11 0 1
0 1 33 26 1 0
0 1 18 58 0 3
0 1 7 17 0 1
0 1 31 43 1 3
0 1 35 61 1 3
0 1 48 50 1 3
0 1 5 32 0 3
