0 1 43 11 1 1
0 1 105 22 0 3
0 1 23 57 0 1
0 1 13 13 0 0
0 1 7 40 0 2
0 1 1 28 0 2
0 1 89 55 0 2
0 1 108 39 1 3
0 1 122 12 1 0
0 1 10 33 1 1
0 1 19 18 0 2
0 1 76 42 1 1
0 1 114 49 0 3
0 1 121 18 0 1
0 1 18 27 1 1
0 1 25 6 1 1
0 1 63 17 0 1
0 1 75 3 0 0
0 1 2 15 0 1
0 1 38 24 1 3
0 1 86 37 1 3
0 1 97 47 0 2
0 1 52 51 0 1
0 1 123 55 0 3
0 1 127 56 0 0
0 1 98 59 1 0
0 1 24 14 0 1
0 1 94 58 0 0
0 1 93 41 0 0
0 1 74 51 0 3
0 1 20 34 1 1
0 1 78 5 1 0
0 1 35 2 1 1
0 1 14 43 1 1
0 1 9 21 1 3
0 1 28 23 0 1
0 1 87 7 0 0
0 1 117 23 0 0
0 1 0 36 1 0
0 1 125 9 0 2
0 1 25 24 0 2
0 1 58 38 0 0
0 1 120 29 0 0
0 1 70 39 1 0
0 1 69 32 0 0
0 1 72 6 1 2
0 1 21 18 0 0
0 1 8 43 1 0
0 1 7 50 1 1
0 1 84 14 1 2
0 1 47 30 1 3
0 1 37 33 1 2
0 1 31 52 0 1
0 1 33 20 1 3
0 1 13 36 1 2
0 1 32 52 1 2
0 1 106 3 0 2
0 1 128 26 1 1
0 1 89 11 1 0
0 1 76 58 0 1
0 1 2 25 1 3
0 1 119 0 0 3
0 1 97 4 1 0
0 1 31 1 1 1
0 1 54 5 0 3
0 1 56 62 0 1
0 1 6 22 1 2
0 1 66 10 0 0
0 1 79 21 1 2
0 1 18 15 0 3
0 1 126 50 0 0
0 1 54 41 1 3
0 1 5 48 1 1
0 1 93 45 1 2
0 1 115 26 0 2
0 1 101 9 0 0
0 1 106 54 1 1
0 1 3 13 0 2
0 1 30 32 0 3
0 1 48 62 0 0
0 1 103 48 0 3
0 1 85 20 0 0
0 1 107 11 0 3
0 1 64 56 1 3
0 1 81 17 0 2
0 1 16 45 0 0
0 1 5 51 0 0
0 1 100 56 1 2
0 1 77 64 1 1
0 1 34 3 1 1
0 1 44 28 1 0
0 1 99 16 1 1
0 1 85 13 1 3
0 1 101 21 1 1
0 1 109 46 0 0
0 1 42 5 0 1
0 1 116 34 0 3
0 1 22 19 0 2
0 1 39 47 0 3
0 1 113 53 1 0
0 1 82 0 1 2
0 1 91 60 0 0
0 1 105 15 1 2
0 1 84 0 0 1
0 1 98 25 0 1
0 1 77 36 0 3
0 1 27 7 0 1
0 1 62 35 0 1
0 1 51 30 0 0
0 1 38 28 0 1
0 1 74 46 1 3
0 1 120 37 1 1
0 1 112 42 0 0
0 1 121 20 1 1
0 1 110 9 0 1
0 1 88 40 1 1
0 1 102 24 1 1
0 1 3 53 1 2
0 1 116 24 1 0
0 1 96 60 0 3
0 1 59 2 0 3
0 1 55 54 0 0
0 1 90 44 0 1
0 1 12 45 1 1
0 1 8 60 0 1
0 1 9 42 0 3
0 1 50 54 1 2
0 1 49 34 1 0
0 1 11 17 0 0
0 1 87 63 1 2
0 1 48 1 1 2
0 1 68 56 1 1
0 1 118 27 0 3
0 1 0 8 0 3
0 1 26 6 1 0
0 1 72 7 0 2
0 1 56 43 1 2
0 1 46 31 1 2
0 1 30 44 1 3
0 1 21 29 1 2
0 1 115 15 1 0
0 1 42 38 1 3
0 1 104 13 1 1
0 1 127 7 1 3
0 1 117 30 1 1
0 1 95 38 0 1
0 1 68 25 0 2
0 1 37 35 0 2
0 1 49 22 0 1
0 1 44 31 0 0
0 1 79 20 0 2
0 1 6 41 0 2
0 1 71 41 0 1
0 1 95 63 1 1
0 1 82 64 0 0
0 1 83 54 0 3
0 1 65 27 1 0
0 1 69 35 1 0
0 1 11 46 1 2
0 1 10 19 0 1
0 1 124 61 1 0
0 1 73 50 1 3
0 1 64 14 0 3
0 1 47 10 0 3
0 1 34 26 0 0
0 1 90 61 1 1
0 1 26 17 0 3
0 1 36 63 0 0
0 1 24 61 1 2
0 1 14 52 0 3
0 1 53 29 0 3
0 1 123 4 1 1
0 1 104 59 0 3
0 1 94 6 1 3
0 1 33 44 0 2
0 1 125 40 1 0
0 1 80 59 0 2
0 1 70 57 0 2
0 1 29 43 1 3
0 1 55 49 1 2
0 1 109 30 1 2
0 1 71 4 1 2
0 1 1 53 1 3
0 1 53 55 1 1
0 1 28 37 1 2
0 1 61 10 0 1
0 1 119 16 1 0
0 1 111 51 0 2
0 1 63 62 1 2
0 1 43 11 0 2
0 1 62 45 1 3
0 1 40 40 0 3
0 1 41 8 0 0
0 1 17 47 0 1
0 1 32 23 0 3
0 1 129 16 1 3
0 1 15 5 0 2
0 1 118 12 1 1
0 1 29 1 0 0
0 1 17 22 1 0
0 1 57 18 0 3
0 1 35 31 0 1
0 1 36 3 1 3
0 1 12 31 0 3
0 1 110 4 1 3
0 1 20 58 0 2
0 1 108 16 0 2
0 1 22 55 1 0
0 1 51 63 1 3
0 1 103 35 1 3
0 1 50 1 0 3
0 1 83 33 1 0
0 1 23 10 1 2
0 1 66 52 1 0
0 1 45 39 0 1
0 1 128 37 0 0
0 1 16 48 1 0
0 1 75 14 1 0
0 1 40 49 1 1
0 1 124 8 0 2
0 1 45 58 1 3
0 1 59 21 1 0
0 1 61 26 1 3
0 1 4 42 0 2
0 1 114 39 1 2
0 1 86 61 0 3
0 1 112 34 1 2
0 1 46 29 0 1
0 1 80 53 1 1
0 1 67 48 1 2
0 1 78 27 0 2
0 1 65 32 0 2
0 1 91 2 1 2
0 1 19 36 1 1
0 1 92 64 1 2
0 1 126 23 1 2
0 1 102 0 0 0
0 1 111 46 1 1
0 1 129 50 0 2
0 1 73 9 0 3
0 1 4 2 1 0
0 1 39 60 1 2
0 1 52 19 1 0
0 1 107 25 1 0
0 1 58 19 1 3
0 1 81 64 1 3
0 1 113 44 0 0
0 1 27 47 1 0
0 1 96 8 1 1
0 1 122 12 0 2
0 1 99 32 0 1
0 1 100 38 0 2
0 1 60 57 0 3
0 1 15 59 1 1
0 1 88 57 0 0
0 1 67 49 0 0
0 1 92 62 0 3
0 1 41 28 1 3
0 1 57 33 1 3
0 1 60 12 1 3
