0 1 25 53 1 2
0 1 50 34 0 1
0 1 117 19 1 3
0 1 78 32 0 2
0 1 0 6 0 1
0 1 36 29 0 0
0 1 34 28 1 2
0 1 39 4 0 2
0 1 13 18 0 0
0 1 43 61 1 2
0 1 125 8 1 0
0 1 83 6 1 2
0 1 104 17 0 0
0 1 96 4 0 1
0 1 50 35 1 2
0 1 28 41 1 1
0 1 74 42 1 0
0 1 110 17 0 2
0 1 116 3 0 0
0 1 89 35 1 0
0 1 75 20 1 3
0 1 36 40 1 0
0 1 115 47 0 2
0 1 123 1 1 0
0 1 103 11 1 3
0 1 109 18 0 2
0 1 26 49 0 3
0 1 113 26 1 3
0 1 93 28 1 1
0 1 64 38 1 0
0 1 30 5 1 2
0 1 42 43 1 3
0 1 92 61 1 0
0 1 94 61 1 1
0 1 21 6 1 0
0 1 129 40 0 3
0 1 69 59 0 0
0 1 80 11 1 1
0 1 107 39 0 3
0 1 98 13 0 3
0 1 29 55 0 1
0 1 63 51 1 0
0 1 84 37 1 0
0 1 102 26 0 0
0 1 60 25 1 0
0 1 113 16 0 2
0 1 109 45 1 2
0 1 42 54 0 2
0 1 119 38 1 2
0 1 13 36 1 3
0 1 15 23 0 1
0 1 103 31 0 1
0 1 6 50 1 2
0 1 119 46 0 3
0 1 107 48 1 0
0 1 39 56 1 0
0 1 127 12 0 3
0 1 7 16 0 0
0 1 27 31 1 3
0 1 105 59 1 2
0 1 24 32 1 1
0 1 12 51 0 2
0 1 111 30 1 0
0 1 26 29 1 1
0 1 65 41 0 2
0 1 40 2 0 1
0 1 114 7 1 0
0 1 19 5 0 3
0 1 27 5 0 1
0 1 58 33 1 2
0 1 8 27 0 1
0 1 5 63 0 2
0 1 56 8 0 3
0 1 71 60 1 2
0 1 97 12 1 2
0 1 62 15 0 0
0 1 48 23 1 3
0 1 125 24 0 1
0 1 65 46 1 0
0 1 45 43 1 1
0 1 77 2 0 0
0 1 118 0 0 0
0 1 72 10 1 2
0 1 40 52 1 1
0 1 4 38 0 1
0 1 49 42 0 2
0 1 41 22 0 0
0 1 37 57 0 0
0 1 74 28 0 0
0 1 24 11 0 0
0 1 10 52 0 2
0 1 78 17 1 3
0 1 18 10 0 1
0 1 6 33 0 3
0 1 127 19 1 1
0 1 31 24 0 0
0 1 18 53 1 1
0 1 102 8 1 1
0 1 22 10 1 3
0 1 37 54 1 0
0 1 123 58 0 1
0 1 106 14 0 2
0 1 8 28 1 3
0 1 95 50 1 1
0 1 111 15 0 3
0 1 54 53 0 0
0 1 71 39 0 0
0 1 22 30 0 2
0 1 88 19 1 0
0 1 32 16 1 1
0 1 44 39 1 1
0 1 20 13 1 2
0 1 45 49 0 2
0 1 52 48 0 3
0 1 48 29 0 3
0 1 95 58 0 0
0 1 4 0 1 1
0 1 70 18 1 3
0 1 5 58 1 2
0 1 19 56 1 3
0 1 10 39 1 2
0 1 51 3 1 3
0 1 72 36 0 1
0 1 106 13 1 0
0 1 117 52 0 0
0 1 79 21 1 3
0 1 108 41 1 3
0 1 9 3 1 1
0 1 68 62 1 1
0 1 17 54 0 1
0 1 97 9 0 2
0 1 14 27 0 2
0 1 112 14 1 3
0 1 121 33 0 0
0 1 75 44 0 3
0 1 47 15 1 1
0 1 84 46 0 1
0 1 76 64 1 0
0 1 108 17 0 1
0 1 88 34 0 0
0 1 44 47 0 1
0 1 99 12 0 1
0 1 46 44 1 2
0 1 57 40 0 2
0 1 129 2 1 2
0 1 112 59 0 1
0 1 21 57 0 1
0 1 120 46 0 2
0 1 128 22 1 1
0 1 53 9 1 1
0 1 59 27 1 3
0 1 23 7 0 1
0 1 91 26 1 2
0 1 38 22 1 2
0 1 67 44 1 0
0 1 1 37 0 3
0 1 124 24 0 3
0 1 81 47 0 0
0 1 57 36 1 2
0 1 85 57 1 2
0 1 46 48 0 1
0 1 55 59 0 3
0 1 32 32 0 3
0 1 101 5 0 0
0 1 11 25 0 1
0 1 30 51 0 3
0 1 101 42 1 3
0 1 62 64 1 3
0 1 23 33 1 1
0 1 33 23 0 0
0 1 68 48 0 2
0 1 61 45 1 1
0 1 0 64 1 2
0 1 14 60 1 3
0 1 59 13 0 1
0 1 41 10 1 0
0 1 67 50 0 0
0 1 86 32 0 0
0 1 128 34 0 2
0 1 52 1 1 3
0 1 3 60 0 0
0 1 122 30 1 3
0 1 81 21 1 0
0 1 51 24 0 2
0 1 70 45 0 0
0 1 100 51 0 1
0 1 61 31 0 0
0 1 55 61 1 3
0 1 47 27 0 0
0 1 115 14 1 0
0 1 28 8 0 2
0 1 99 58 1 3
0 1 17 62 1 3
0 1 63 25 0 3
0 1 121 23 1 2
0 1 122 1 0 2
0 1 56 45 1 3
0 1 31 29 1 2
0 1 118 1 1 1
0 1 29 37 1 2
0 1 126 20 1 2
0 1 91 35 0 1
0 1 58 63 0 0
0 1 38 52 0 3
0 1 60 55 0 3
0 1 7 49 1 0
0 1 89 63 0 1
0 1 2 30 1 1
0 1 3 42 1 1
0 1 53 7 0 2
0 1 110 53 1 3
0 1 120 11 1 2
0 1 116 6 1 3
0 1 90 31 0 2
0 1 73 18 0 1
0 1 1 20 1 1
0 1 64 25 0 2
0 1 12 2 1 3
0 1 83 4 0 0
0 1 25 14 0 1
0 1 114 9 0 0
0 1 79 12 0 0
0 1 73 9 1 3
0 1 126 15 0 2
0 1 105 43 0 0
0 1 43 55 0 0
0 1 93 26 0 1
0 1 66 3 1 2
0 1 77 22 1 3
0 1 76 56 0 2
0 1 82 34 0 3
0 1 90 41 1 0
0 1 33 47 1 3
0 1 16 35 0 3
0 1 54 37 1 1
0 1 16 21 1 1
0 1 87 16 0 3
0 1 49 60 1 1
0 1 94 7 0 3
0 1 34 0 0 3
0 1 2 55 0 2
0 1 124 57 1 3
0 1 96 0 1 2
0 1 85 21 0 2
0 1 11 63 1 3
0 1 20 64 0 1
0 1 92 40 0 1
0 1 9 56 0 1
0 1 80 38 0 3
0 1 100 4 1 3
0 1 87 20 1 0
0 1 104 54 1 3
0 1 15 62 1 0
0 1 35 50 0 3
0 1 35 36 1 0
0 1 98 43 1 2
0 1 86 62 1 2
0 1 66 49 0 1
0 1 69 44 1 1
0 1 82 19 1 2
