0 1 57 27 0 2
0 1 95 48 0 0
0 1 54 24 1 2
0 1 77 40 0 0
0 1 42 56 0 3
0 1 1 2 0 1
0 1 28 11 0 0
0 1 88 29 1 0
0 1 101 3 1 2
0 1 86 21 1 3
0 1 93 0 0 2
0 1 44 48 1 2
0 1 75 22 1 0
0 1 27 13 0 1
0 1 80 38 1 0
0 1 111 22 1 1
0 1 69 4 0 3
0 1 117 54 1 3
0 1 63 30 1 3
0 1 57 22 1 2
0 1 19 49 1 0
0 1 85 14 1 1
0 1 29 47 0 0
0 1 87 21 0 1
0 1 112 15 1 3
0 1 101 18 0 0
0 1 120 58 1 3
0 1 28 23 1 0
0 1 128 5 1 0
0 1 121 58 1 2
0 1 86 38 0 2
0 1 21 31 1 0
0 1 119 43 0 1
0 1 17 24 0 1
0 1 44 24 0 3
0 1 129 2 0 3
0 1 60 33 1 1
0 1 27 29 1 1
0 1 124 11 0 1
0 1 113 2 0 2
0 1 116 43 0 3
0 1 76 31 0 2
0 1 108 17 0 3
0 1 103 20 1 2
0 1 108 45 1 1
0 1 95 18 1 2
0 1 4 56 1 1
0 1 34 31 1 3
0 1 94 4 0 0
0 1 24 33 0 2
0 1 33 27 0 0
0 1 22 37 0 0
0 1 79 5 1 2
0 1 129 63 1 2
0 1 31 1 0 2
0 1 53 33 1 0
0 1 118 6 1 0
0 1 23 52 0 3
0 1 117 36 0 3
0 1 8 19 1 1
0 1 109 44 0 0
0 1 52 26 1 2
0 1 90 10 1 3
0 1 9 53 0 2
0 1 88 34 0 1
0 1 127 51 0 3
0 1 96 9 0 2
0 1 18 49 0 1
0 1 110 61 0 0
0 1 52 62 0 1
0 1 104 64 1 1
0 1 0 5 1 3
0 1 50 64 1 3
0 1 60 50 0 2
0 1 26 51 0 1
0 1 17 21 1 0
0 1 112 15 0 1
0 1 51 28 0 0
0 1 14 26 0 0
0 1 50 41 0 3
0 1 59 62 0 3
0 1 7 24 1 0
0 1 81 20 0 3
0 1 61 60 1 3
0 1 56 1 0 0
0 1 73 46 0 0
0 1 46 16 0 1
0 1 16 57 0 3
0 1 29 45 1 2
0 1 10 34 1 2
0 1 69 26 1 3
0 1 66 63 0 3
0 1 2 27 0 3
0 1 55 51 0 0
0 1 37 12 1 2
0 1 110 25 1 1
0 1 68 25 0 3
0 1 98 39 1 0
0 1 11 28 1 1
0 1 126 4 0 1
0 1 104 18 0 1
0 1 127 41 1 2
0 1 122 0 0 1
0 1 76 57 1 1
0 1 5 40 0 2
0 1 49 44 0 3
0 1 13 13 0 2
0 1 125 16 1 3
0 1 106 3 0 1
0 1 12 53 0 3
0 1 72 56 1 2
0 1 63 16 0 0
0 1 38 16 1 2
0 1 16 58 1 1
0 1 99 10 1 2
0 1 84 11 1 2
0 1 82 17 0 1
0 1 97 55 0 0
0 1 6 60 0 0
0 1 92 48 0 3
0 1 91 15 0 2
0 1 42 61 1 3
0 1 62 29 1 2
0 1 13 46 1 2
0 1 58 25 1 0
0 1 5 52 1 0
0 1 36 7 1 2
0 1 47 60 0 1
0 1 33 50 1 0
0 1 61 59 0 2
0 1 66 21 1 2
0 1 3 1 1 3
0 1 106 23 1 3
0 1 102 27 0 1
0 1 40 52 0 1
0 1 98 23 0 2
0 1 47 7 1 3
0 1 46 26 1 1
0 1 80 36 0 0
0 1 20 4 0 2
0 1 75 58 0 0
0 1 128 42 0 2
0 1 20 29 1 3
0 1 68 33 1 3
0 1 100 53 1 0
0 1 90 32 0 1
0 1 73 53 1 1
0 1 114 18 0 3
0 1 8 49 0 3
0 1 126 34 1 3
0 1 37 34 0 0
0 1 30 40 0 1
0 1 35 50 1 3
0 1 36 30 0 2
0 1 31 44 1 1
0 1 107 8 1 3
0 1 45 7 0 1
0 1 15 42 0 0
0 1 114 12 1 1
0 1 41 0 1 3
0 1 67 10 0 1
0 1 58 14 0 2
0 1 56 30 1 0
0 1 107 20 0 0
0 1 82 39 1 2
0 1 39 3 0 3
0 1 83 10 1 0
0 1 78 14 1 0
0 1 25 32 0 3
0 1 59 6 1 3
0 1 38 61 0 1
0 1 55 59 1 1
0 1 124 36 1 2
0 1 1 8 1 0
0 1 67 20 1 1
0 1 100 32 0 2
0 1 92 9 1 1
0 1 115 5 0 1
0 1 54 23 0 1
0 1 0 13 0 0
0 1 77 39 1 1
0 1 32 15 0 0
0 1 24 42 1 3
0 1 109 17 1 0
0 1 41 63 0 1
0 1 97 8 1 2
0 1 81 48 1 1
0 1 83 47 0 3
0 1 105 45 0 0
0 1 105 6 1 1
0 1 23 55 1 2
0 1 64 22 0 3
0 1 9 54 1 2
0 1 116 19 1 2
0 1 25 47 1 2
0 1 103 35 0 1
0 1 85 61 0 2
0 1 78 47 0 1
0 1 43 8 0 1
0 1 45 51 1 2
0 1 18 35 1 0
0 1 87 11 1 3
0 1 89 64 0 2
0 1 21 63 0 0
0 1 121 37 0 3
0 1 71 62 1 2
0 1 11 35 0 2
0 1 6 59 1 0
0 1 7 12 0 0
0 1 89 50 1 1
0 1 14 6 1 2
0 1 102 37 1 1
0 1 115 1 1 1
0 1 118 41 0 1
0 1 94 62 1 0
0 1 93 28 1 2
0 1 91 39 1 3
0 1 3 35 0 3
0 1 99 19 0 0
0 1 35 60 0 2
0 1 49 54 1 1
0 1 65 45 0 3
0 1 123 64 1 0
0 1 10 40 0 3
0 1 30 42 1 1
0 1 125 2 0 0
0 1 19 38 0 1
0 1 74 36 0 1
0 1 70 9 1 0
0 1 51 54 1 0
0 1 62 19 0 3
0 1 84 43 0 0
0 1 113 28 1 3
0 1 39 31 1 1
0 1 72 46 0 3
0 1 2 3 1 0
0 1 65 56 1 0
0 1 40 55 1 1
0 1 48 52 0 2
0 1 74 12 1 3
0 1 120 13 0 3
0 1 34 44 0 2
0 1 119 9 1 3
0 1 43 49 1 2
0 1 79 32 0 0
0 1 122 25 1 2
0 1 22 57 1 0
0 1 123 43 0 2
0 1 12 0 1 0
0 1 70 38 0 3
0 1 48 57 1 2
0 1 96 55 1 3
0 1 15 7 1 0
0 1 53 17 0 2
0 1 64 14 1 3
0 1 32 41 1 0
0 1 4 37 0 2
0 1 71 46 0 1
0 1 26 59 1 3
0 1 111 30 0 1
