0 1 106 57 1 0
0 1 83 22 0 1
0 1 36 30 1 1
0 1 100 40 0 1
0 1 58 7 0 3
0 1 6 48 1 2
0 1 119 54 1 1
0 1 47 11 0 1
0 1 25 44 1 0
0 1 22 11 1 2
0 1 14 8 0 2
0 1 58 5 1 2
0 1 51 59 1 1
0 1 104 50 0 3
0 1 82 13 0 2
0 1 126 47 1 2
0 1 67 3 1 3
0 1 35 20 0 0
0 1 65 15 0 3
0 1 86 25 1 1
0 1 13 7 0 0
0 1 104 31 1 0
0 1 39 56 1 1
0 1 122 9 0 0
0 1 113 6 1 1
0 1 3 19 0 1
0 1 116 49 1 2
0 1 16 43 1 1
0 1 57 39 0 0
0 1 99 29 0 3
0 1 5 55 1 2
0 1 23 57 0 3
0 1 28 9 0 3
0 1 73 61 0 1
0 1 97 63 1 1
0 1 42 45 0 0
0 1 99 63 1 0
0 1 84 26 1 1
0 1 115 60 1 3
0 1 60 13 1 1
0 1 89 33 1 0
0 1 108 23 1 2
0 1 15 33 0 1
0 1 4 4 0 1
0 1 10 18 1 3
0 1 88 43 0 0
0 1 64 33 0 2
0 1 96 42 1 2
0 1 37 10 0 0
0 1 93 61 1 2
0 1 18 4 1 2
0 1 61 52 0 2
0 1 123 45 1 1
0 1 29 46 1 2
0 1 52 34 1 3
0 1 11 10 0 3
0 1 26 22 0 0
0 1 95 30 0 3
0 1 14 21 1 0
0 1 12 3 1 2
0 1 24 28 0 1
0 1 59 47 1 0
0 1 49 9 0 1
0 1 125 36 1 1
0 1 79 17 0 0
0 1 93 4 0 3
0 1 40 16 1 3
0 1 74 37 1 3
0 1 109 29 1 1
0 1 1 28 1 3
0 1 87 34 1 1
0 1 105 53 0 0
0 1 75 15 1 1
0 1 128 59 0 2
0 1 21 51 0 3
0 1 49 49 1 0
0 1 120 43 1 3
0 1 28 51 1 2
0 1 62 23 1 0
0 1 123 41 0 1
0 1 37 13 1 3
0 1 117 30 1 0
0 1 8 44 0 1
0 1 35 56 1 2
0 1 54 19 1 0
0 1 79 53 1 2
0 1 75 34 0 0
0 1 94 58 0 1
0 1 8 31 1 2
0 1 109 0 0 0
0 1 46 1 1 1
0 1 108 23 0 1
0 1 44 46 0 3
0 1 98 60 1 2
0 1 68 17 0 2
0 1 41 24 1 2
0 1 42 36 1 0
0 1 63 62 0 2
0 1 110 55 0 1
0 1 87 37 0 2
0 1 62 42 0 0
0 1 113 27 0 0
0 1 4 16 1 2
0 1 64 8 1 1
0 1 122 6 1 0
0 1 11 38 1 0
0 1 53 47 1 3
0 1 63 8 1 3
0 1 77 38 1 1
0 1 32 2 1 2
0 1 22 35 0 1
0 1 98 56 0 0
0 1 25 10 0 1
0 1 2 32 0 2
0 1 94 54 1 0
0 1 1 7 0 2
0 1 97 12 0 3
0 1 26 2 1 1
0 1 91 44 0 3
0 1 44 20 1 2
0 1 50 6 0 3
0 1 85 5 0 3
0 1 7 9 1 2
0 1 33 37 1 0
0 1 81 19 1 3
0 1 21 8 1 0
0 1 83 0 1 3
0 1 53 2 0 0
0 1 127 41 1 2
0 1 65 32 1 1
0 1 92 11 0 0
0 1 31 48 0 1
0 1 43 64 1 3
0 1 20 24 0 0
0 1 116 64 0 1
0 1 0 27 0 3
0 1 106 22 0 3
0 1 107 39 0 2
0 1 96 64 0 2
0 1 112 62 1 1
0 1 55 28 1 2
0 1 17 14 1 3
0 1 32 41 0 3
0 1 9 54 1 3
0 1 2 18 1 0
0 1 30 60 0 0
0 1 129 15 0 2
0 1 128 46 1 0
0 1 23 11 1 3
0 1 115 55 0 3
0 1 76 25 0 3
0 1 124 12 1 2
0 1 20 42 1 1
0 1 71 15 1 0
0 1 56 57 1 2
0 1 88 1 1 2
0 1 103 57 0 1
0 1 102 3 0 0
0 1 72 39 1 3
0 1 38 52 1 0
0 1 71 62 0 0
0 1 111 29 0 2
0 1 90 38 1 3
0 1 101 10 1 2
0 1 60 51 0 0
0 1 15 18 1 2
0 1 51 26 0 0
0 1 9 59 0 3
0 1 124 38 0 2
0 1 105 64 1 0
0 1 27 25 1 2
0 1 107 52 1 3
0 1 59 14 0 2
0 1 77 36 0 3
0 1 84 44 0 2
0 1 27 32 0 0
0 1 34 56 0 3
0 1 82 20 1 1
0 1 114 3 1 1
0 1 86 36 0 2
0 1 47 39 1 1
0 1 129 16 1 0
0 1 43 54 0 2
0 1 68 52 1 1
0 1 36 60 0 1
0 1 56 14 0 1
0 1 74 34 0 2
0 1 13 48 1 3
0 1 45 17 0 3
0 1 45 50 1 2
0 1 48 40 1 2
0 1 78 17 1 1
0 1 66 26 0 2
0 1 16 1 0 3
0 1 55 21 0 3
0 1 127 40 0 3
0 1 50 46 1 1
0 1 33 27 0 1
0 1 78 25 0 0
0 1 3 53 1 1
0 1 31 1 1 0
0 1 89 4 0 0
0 1 126 63 0 3
0 1 100 19 1 2
0 1 114 61 0 3
0 1 34 20 1 3
0 1 125 30 0 2
0 1 19 45 0 3
0 1 120 23 0 3
0 1 80 31 0 3
0 1 0 0 1 2
0 1 19 16 1 1
0 1 121 14 1 0
0 1 118 2 1 3
0 1 17 35 0 3
0 1 66 21 1 1
0 1 80 35 1 2
0 1 12 63 0 2
0 1 69 12 1 1
0 1 85 26 1 3
0 1 95 21 1 2
0 1 70 40 1 0
0 1 111 5 1 1
0 1 72 22 0 2
0 1 117 31 0 1
0 1 6 61 0 0
0 1 118 62 0 3
0 1 92 35 1 0
0 1 70 58 0 0
0 1 119 6 0 2
0 1 52 41 0 0
0 1 18 5 0 0
0 1 73 12 1 0
0 1 91 55 1 0
0 1 76 59 1 0
0 1 81 0 0 1
0 1 90 53 0 3
0 1 54 48 0 0
0 1 61 18 1 1
0 1 7 7 0 1
0 1 69 24 0 3
0 1 67 29 0 0
0 1 102 32 1 3
0 1 39 58 0 3
0 1 29 37 0 1
0 1 48 24 0 1
0 1 112 49 0 1
0 1 46 28 0 0
0 1 57 50 1 0
0 1 121 33 0 3
0 1 40 13 0 0
0 1 30 43 1 2
0 1 24 27 1 2
0 1 5 50 0 1
0 1 38 58 0 2
0 1 110 42 1 3
0 1 103 45 1 2
0 1 101 51 0 1
0 1 41 47 0 1
0 1 10 49 0 3
