0 1 102 43 0 0
0 1 129 14 1 0
0 1 70 4 1 2
0 1 59 63 1 3
0 1 122 24 1 0
0 1 77 23 0 1
0 1 115 48 1 1
0 1 123 5 1 1
0 1 47 50 0 3
0 1 31 51 1 1
0 1 32 58 1 1
0 1 5 31 1 0
0 1 89 15 0 1
0 1 71 52 1 1
0 1 67 29 0 2
0 1 124 60 1 0
0 1 22 56 1 1
0 1 58 31 1 3
0 1 21 18 1 1
0 1 61 35 0 2
0 1 30 12 1 2
0 1 80 26 1 0
0 1 86 60 1 2
0 1 110 5 1 3
0 1 33 13 1 0
0 1 84 6 0 0
0 1 7 44 0 2
0 1 90 3 0 2
0 1 93 18 1 0
0 1 40 55 1 1
0 1 124 21 0 0
0 1 38 3 0 3
0 1 47 63 1 2
0 1 54 10 0 2
0 1 21 62 0 3
0 1 43 60 1 3
0 1 17 18 0 2
0 1 129 46 0 0
0 1 114 43 0 3
0 1 78 11 1 3
0 1 63 37 0 1
0 1 115 47 0 3
0 1 108 24 1 2
0 1 40 61 0 3
0 1 37 16 1 3
0 1 98 41 0 3
0 1 59 53 0 2
0 1 111 49 1 2
0 1 126 24 1 1
0 1 23 9 1 0
0 1 87 8 1 1
0 1 66 19 1 2
0 1 105 56 1 0
0 1 3 31 0 2
0 1 33 42 0 1
0 1 57 21 0 3
0 1 85 26 1 1
0 1 11 2 0 0
0 1 52 7 0 3
0 1 50 28 1 1
0 1 63 32 1 2
0 1 35 16 1 0
0 1 2 11 1 1
0 1 112 19 1 0
0 1 72 17 0 2
0 1 95 27 0 3
0 1 39 63 0 1
0 1 126 14 0 2
0 1 92 33 1 1
0 1 28 25 0 0
0 1 16 56 1 3
0 1 4 44 0 0
0 1 46 13 1 2
0 1 55 2 0 1
0 1 77 31 1 1
0 1 15 11 0 2
0 1 10 42 0 3
0 1 58 7 0 0
0 1 62 26 1 2
0 1 9 8 1 0
0 1 27 55 1 0
0 1 12 25 1 2
0 1 69 44 1 1
0 1 4 59 1 1
0 1 127 45 1 2
0 1 51 20 0 3
0 1 44 49 1 1
0 1 11 23 1 3
0 1 14 48 0 3
0 1 39 47 1 1
0 1 65 14 0 1
0 1 36 2 0 2
0 1 96 41 1 0
0 1 99 8 1 2
0 1 60 40 0 1
0 1 118 37 0 3
0 1 107 45 1 3
0 1 100 52 1 0
0 1 82 46 1 2
0 1 7 42 1 0
0 1 20 17 0 0
0 1 75 17 1 1
0 1 113 9 1 3
0 1 83 40 0 2
0 1 5 29 0 0
0 1 118 10 1 0
0 1 67 35 1 1
0 1 54 39 1 0
0 1 34 34 0 1
0 1 34 43 1 2
0 1 60 2 1 3
0 1 96 15 0 3
0 1 73 34 1 0
0 1 56 30 1 1
0 1 85 19 0 1
0 1 6 58 1 3
0 1 120 62 1 1
0 1 61 22 1 2
0 1 32 38 0 3
0 1 70 20 0 0
0 1 91 33 0 0
0 1 69 44 0 3
0 1 24 13 1 1
0 1 109 47 0 2
0 1 73 0 0 0
0 1 117 10 1 3
0 1 95 36 1 1
0 1 17 6 1 2
0 1 81 64 1 0
0 1 44 48 0 0
0 1 52 23 1 0
0 1 37 38 0 1
0 1 75 33 0 2
0 1 80 33 0 3
0 1 38 50 1 2
0 1 83 58 1 0
0 1 88 61 0 2
0 1 42 6 1 1
0 1 89 28 1 0
0 1 65 56 1 2
0 1 97 5 0 2
0 1 28 24 1 3
0 1 106 54 0 3
0 1 76 57 1 0
0 1 88 27 1 2
0 1 114 27 1 1
0 1 0 64 1 2
0 1 25 54 1 2
0 1 100 13 0 3
0 1 51 3 1 1
0 1 99 49 0 0
0 1 94 59 1 3
0 1 121 32 0 1
0 1 101 45 1 1
0 1 36 51 1 2
0 1 48 32 1 0
0 1 76 39 0 3
0 1 94 29 0 1
0 1 50 0 0 3
0 1 42 47 0 0
0 1 64 23 1 2
0 1 106 64 1 1
0 1 79 53 1 0
0 1 18 7 0 2
0 1 105 27 0 0
0 1 8 52 1 2
0 1 26 37 0 2
0 1 104 19 1 3
0 1 41 35 1 3
0 1 113 52 0 3
0 1 13 9 0 1
0 1 53 43 0 1
0 1 3 5 1 0
0 1 87 17 0 3
0 1 29 41 1 2
0 1 46 57 0 2
0 1 66 12 0 1
0 1 18 53 1 3
0 1 53 16 1 2
0 1 24 12 0 0
0 1 55 4 1 0
0 1 13 51 1 0
0 1 121 6 1 3
0 1 98 30 1 3
0 1 127 25 0 3
0 1 45 38 0 0
0 1 123 54 0 0
0 1 48 61 0 1
0 1 90 34 1 2
0 1 79 34 0 3
0 1 30 57 0 3
0 1 31 21 0 2
0 1 71 25 0 1
0 1 97 59 1 0
0 1 122 58 0 2
0 1 116 1 0 3
0 1 74 28 0 2
0 1 35 57 0 1
0 1 27 64 0 3
0 1 109 10 1 1
0 1 86 30 0 2
0 1 125 9 1 2
0 1 62 51 0 3
0 1 10 20 1 2
0 1 111 0 0 2
0 1 74 3 1 0
0 1 128 1 0 2
0 1 8 54 0 1
0 1 64 42 0 2
0 1 72 18 1 3
0 1 0 7 0 1
0 1 84 4 1 1
0 1 25 21 0 1
0 1 41 50 0 1
0 1 49 30 0 0
0 1 1 60 1 1
0 1 6 53 0 1
0 1 112 48 0 2
0 1 19 28 1 3
0 1 26 15 1 2
0 1 43 1 0 1
0 1 107 36 0 0
0 1 92 20 0 1
0 1 2 59 0 2
0 1 12 35 0 0
0 1 16 1 0 0
0 1 116 15 1 0
0 1 1 0 0 1
0 1 9 36 0 2
0 1 57 61 1 0
0 1 104 62 0 0
0 1 56 14 0 3
0 1 93 4 0 3
0 1 68 32 1 3
0 1 29 45 0 0
0 1 101 22 0 1
0 1 49 29 1 3
0 1 45 26 1 3
0 1 23 36 0 3
0 1 81 63 0 0
0 1 128 40 1 3
0 1 108 40 0 0
0 1 117 46 0 1
0 1 125 11 0 0
0 1 82 12 0 3
0 1 20 41 1 1
0 1 110 39 0 1
0 1 119 50 0 0
0 1 68 8 0 3
0 1 91 16 1 1
0 1 19 22 0 0
0 1 22 55 0 2
0 1 102 38 1 2
0 1 14 55 1 3
0 1 103 46 0 3
0 1 120 22 0 3
0 1 119 62 1 2
0 1 15 37 1 0
0 1 78 39 0 2
0 1 103 49 1 3
