0 1 8 22 0 0
0 1 65 24 1 0
0 1 1 49 1 1
0 1 85 36 1 3
0 1 81 18 0 2
0 1 99 61 1 1
0 1 18 48 0 2
0 1 1 7 0 1
0 1 58 6 1 1
0 1 59 40 1 1
0 1 72 17 0 2
0 1 104 46 0 2
0 1 128 31 1 3
0 1 47 15 1 3
0 1 115 37 0 2
0 1 125 58 0 3
0 1 96 50 0 3
0 1 66 15 0 2
0 1 21 44 1 2
0 1 54 36 1 2
0 1 50 4 0 3
0 1 54 2 0 0
0 1 2 7 1 0
0 1 124 54 1 2
0 1 46 3 1 1
0 1 63 16 1 1
0 1 39 36 1 0
0 1 86 37 1 0
0 1 42 20 1 2
0 1 83 41 0 1
0 1 17 7 1 3
0 1 82 33 1 0
0 1 77 47 0 3
0 1 82 52 0 0
0 1 10 36 1 1
0 1 27 28 1 3
0 1 12 16 1 0
0 1 40 62 0 0
0 1 111 39 0 2
0 1 50 60 1 1
0 1 15 29 1 0
0 1 126 59 1 1
0 1 122 40 0 3
0 1 83 9 1 0
0 1 97 11 1 0
0 1 117 40 1 2
0 1 20 0 0 2
0 1 53 48 1 1
0 1 37 58 1 1
0 1 26 54 1 3
0 1 120 42 1 2
0 1 42 35 0 1
0 1 65 1 0 3
0 1 85 35 0 0
0 1 58 33 0 1
0 1 57 46 0 3
0 1 77 47 1 0
0 1 43 59 0 2
0 1 75 9 1 1
0 1 49 19 1 1
0 1 34 21 1 2
0 1 95 4 0 1
0 1 23 43 1 3
0 1 35 27 0 3
0 1 47 56 0 3
0 1 12 32 0 2
0 1 53 0 0 1
0 1 74 5 0 2
0 1 84 61 0 3
0 1 36 30 0 3
0 1 6 26 0 1
0 1 34 24 0 3
0 1 22 39 1 1
0 1 11 12 0 0
0 1 0 14 1 2
0 1 44 3 1 0
0 1 30 47 0 2
0 1 94 23 0 1
0 1 79 19 0 0
0 1 41 60 0 2
0 1 31 51 0 0
0 1 40 35 1 3
0 1 15 50 0 2
0 1 14 8 1 2
0 1 108 53 1 2
0 1 6 16 1 2
0 1 29 62 1 1
0 1 121 38 1 2
0 1 73 44 0 3
0 1 52 34 0 0
0 1 25 30 1 2
0 1 100 63 0 2
0 1 32 50 0 0
0 1 70 55 1 1
0 1 11 50 1 1
0 1 113 33 0 3
0 1 90 62 0 2
0 1 19 54 1 1
0 1 90 44 1 1
0 1 68 14 0 0
0 1 93 40 1 0
0 1 106 23 1 0
0 1 48 20 0 1
0 1 30 59 1 3
0 1 61 45 0 1
0 1 109 45 1 2
0 1 51 10 0 0
0 1 32 43 1 1
0 1 62 38 1 1
0 1 19 2 0 2
0 1 24 32 0 0
0 1 78 47 0 1
0 1 102 10 1 3
0 1 22 12 0 2
0 1 120 11 0 3
0 1 59 10 0 2
0 1 101 13 0 0
0 1 66 27 1 2
0 1 28 0 1 3
0 1 18 53 1 3
0 1 61 59 1 0
0 1 37 63 0 1
0 1 107 0 0 0
0 1 25 15 0 1
0 1 76 63 1 3
0 1 28 23 0 3
0 1 26 4 0 2
0 1 63 64 0 3
0 1 33 48 0 3
0 1 33 31 1 2
0 1 92 27 0 1
0 1 98 56 1 0
0 1 68 32 1 3
0 1 75 11 0 2
0 1 127 34 0 1
0 1 124 52 0 1
0 1 36 41 1 0
0 1 45 20 1 3
0 1 39 51 0 3
0 1 13 64 1 2
0 1 119 13 1 3
0 1 121 38 0 0
0 1 123 13 0 2
0 1 122 21 1 3
0 1 116 25 0 3
0 1 98 22 0 3
0 1 110 9 0 3
0 1 104 63 1 0
0 1 107 28 1 2
0 1 103 14 1 1
0 1 129 1 0 0
0 1 5 38 0 3
0 1 89 21 0 0
0 1 67 12 0 3
0 1 87 24 1 1
0 1 43 19 1 2
0 1 116 5 1 1
0 1 119 29 0 1
0 1 56 53 1 0
0 1 113 42 1 1
0 1 21 17 0 1
0 1 45 22 0 2
0 1 52 57 1 0
0 1 14 30 0 0
0 1 92 8 1 3
0 1 105 28 0 1
0 1 118 53 0 1
0 1 46 6 0 3
0 1 13 29 0 3
0 1 101 45 1 0
0 1 93 3 0 2
0 1 125 64 1 0
0 1 88 20 0 0
0 1 109 43 0 0
0 1 128 23 0 2
0 1 23 37 0 3
0 1 3 15 0 0
0 1 96 51 1 2
0 1 16 49 0 0
0 1 16 34 1 2
0 1 70 19 0 3
0 1 94 55 1 3
0 1 51 55 1 2
0 1 29 51 0 1
0 1 55 52 1 3
0 1 99 58 0 0
0 1 38 22 0 1
0 1 48 25 1 2
0 1 7 60 0 3
0 1 79 34 1 3
0 1 110 1 1 1
0 1 126 46 0 1
0 1 86 42 0 0
0 1 118 58 1 2
0 1 102 26 0 2
0 1 57 60 1 0
0 1 7 18 1 1
0 1 127 62 1 3
0 1 74 46 1 0
0 1 4 11 1 1
0 1 87 12 0 1
0 1 24 27 1 0
0 1 97 56 0 1
0 1 38 61 1 2
0 1 55 25 0 1
0 1 100 7 1 2
0 1 31 56 1 2
0 1 114 17 0 3
0 1 4 13 0 1
0 1 105 43 1 2
0 1 114 1 1 2
0 1 71 45 0 3
0 1 64 54 1 0
0 1 10 26 0 3
0 1 80 39 0 3
0 1 103 33 0 2
0 1 69 41 0 3
0 1 5 3 1 3
0 1 67 37 1 1
0 1 64 18 0 0
0 1 60 21 1 1
0 1 111 8 1 1
0 1 44 29 0 2
0 1 84 14 1 3
0 1 106 6 0 2
0 1 2 61 0 0
0 1 129 30 1 1
0 1 3 64 1 1
0 1 95 9 1 2
0 1 17 32 0 1
0 1 0 24 0 2
0 1 41 2 1 1
0 1 115 2 1 3
0 1 112 25 0 0
0 1 73 8 1 0
0 1 72 57 1 3
0 1 56 52 0 2
0 1 8 42 1 3
0 1 117 49 0 3
0 1 9 41 0 2
0 1 69 28 1 0
0 1 123 10 1 1
0 1 91 16 0 3
0 1 80 18 1 3
0 1 89 17 1 0
0 1 9 5 1 3
0 1 81 49 1 2
0 1 35 48 1 0
0 1 112 55 1 0
0 1 108 31 0 1
0 1 62 57 0 1
0 1 20 44 1 0
0 1 27 39 0 0
0 1 78 4 1 0
0 1 71 26 1 0
0 1 76 31 0 0
0 1 49 5 0 0
0 1 88 57 1 2
0 1 91 6 1 0
0 1 60 35 0 2
