0 1 45 19 0 2
0 1 14 46 0 2
0 1 126 20 1 2
0 1 118 7 0 0
0 1 102 59 0 3
0 1 6 36 0 2
0 1 9 63 0 2
0 1 63 34 1 1
0 1 81 63 0 3
0 1 13 20 0 3
0 1 80 2 1 2
0 1 51 57 0 0
0 1 128 40 0 2
0 1 101 20 0 0
0 1 119 11 0 2
0 1 113 31 1 3
0 1 111 24 1 0
0 1 100 23 1 1
0 1 92 0 0 1
0 1 4 12 0 2
0 1 35 43 1 0
0 1 33 39 1 3
0 1 11 49 1 0
0 1 109 12 0 3
0 1 16 46 1 1
0 1 120 0 0 0
0 1 80 30 0 1
0 1 97 21 1 0
0 1 94 0 1 2
0 1 75 19 1 3
0 1 0 4 0 0
0 1 32 59 0 2
0 1 56 38 0 1
0 1 29 8 1 0
0 1 96 10 0 0
0 1 108 9 0 0
0 1 116 32 1 2
0 1 28 7 1 3
0 1 91 29 1 0
0 1 44 55 0 1
0 1 76 64 1 0
0 1 77 23 0 2
0 1 13 56 1 3
0 1 110 28 1 2
0 1 125 53 1 0
0 1 72 51 1 2
0 1 74 10 1 3
0 1 45 23 1 0
0 1 22 47 0 3
0 1 110 49 0 2
0 1 58 16 1 2
0 1 89 2 0 1
0 1 73 34 0 3
0 1 19 9 0 3
0 1 122 20 0 1
0 1 46 3 1 1
0 1 62 5 0 2
0 1 117 40 1 3
0 1 106 45 0 2
0 1 1 45 1 1
0 1 68 5 1 1
0 1 124 37 0 1
0 1 17 50 0 0
0 1 21 27 1 3
0 1 123 49 0 3
0 1 36 1 1 2
0 1 2 16 0 0
0 1 98 38 1 0
0 1 63 2 0 0
0 1 64 29 0 1
0 1 14 37 1 2
0 1 86 61 1 2
0 1 103 41 0 2
0 1 55 22 1 3
0 1 66 35 0 3
0 1 11 44 0 3
0 1 61 36 0 0
0 1 60 62 0 3
0 1 103 42 1 3
0 1 114 35 1 1
0 1 125 57 0 2
0 1 79 62 1 1
0 1 37 26 1 1
0 1 98 22 0 1
0 1 84 26 0 3
0 1 32 35 1 2
0 1 59 24 0 1
0 1 67 58 1 3
0 1 34 60 0 3
0 1 117 63 0 0
0 1 16 51 0 1
0 1 15 8 0 1
0 1 121 13 0 2
0 1 50 17 1 3
0 1 41 64 0 2
0 1 71 56 1 1
0 1 24 61 0 3
0 1 104 34 0 0
0 1 44 59 1 1
0 1 79 31 0 1
0 1 90 9 0 2
0 1 60 15 1 3
0 1 70 43 0 2
0 1 1 5 0 3
0 1 123 48 1 2
0 1 10 54 0 2
0 1 129 57 1 3
0 1 65 55 1 3
0 1 127 51 0 3
0 1 107 15 1 1
0 1 29 11 0 0
0 1 116 3 0 2
0 1 70 7 1 2
0 1 65 11 0 3
0 1 21 29 0 3
0 1 42 27 1 1
0 1 66 44 1 1
0 1 49 16 1 1
0 1 47 51 0 0
0 1 126 5 0 0
0 1 83 15 1 2
0 1 20 52 1 0
0 1 129 6 0 1
0 1 30 25 1 0
0 1 10 39 1 0
0 1 24 33 1 0
0 1 114 26 0 2
0 1 74 30 0 0
0 1 69 33 0 2
0 1 69 50 1 1
0 1 36 2 0 3
0 1 18 12 0 0
0 1 53 3 0 0
0 1 92 55 1 0
0 1 71 31 0 0
0 1 112 13 1 1
0 1 40 53 1 2
0 1 43 50 1 2
0 1 105 4 0 2
0 1 52 54 0 1
0 1 78 46 1 0
0 1 121 37 1 3
0 1 31 25 0 2
0 1 33 37 0 0
0 1 7 49 0 1
0 1 87 35 0 0
0 1 42 10 0 2
0 1 101 36 1 1
0 1 51 3 1 3
0 1 54 39 1 2
0 1 35 26 0 0
0 1 106 60 1 2
0 1 54 44 0 2
0 1 8 21 1 3
0 1 7 28 1 1
0 1 90 32 1 3
0 1 68 43 0 3
0 1 86 60 0 1
0 1 12 48 1 0
0 1 115 64 0 1
0 1 9 30 1 2
0 1 8 57 0 1
0 1 82 60 1 0
0 1 58 1 0 3
0 1 102 47 1 2
0 1 2 30 1 3
0 1 47 42 1 0
0 1 49 27 0 0
0 1 91 32 0 0
0 1 78 58 0 0
0 1 22 32 1 1
0 1 88 41 0 1
0 1 120 21 1 1
0 1 85 61 1 1
0 1 89 58 1 1
0 1 83 47 0 1
0 1 52 27 1 2
0 1 39 28 1 3
0 1 62 23 1 3
0 1 3 6 0 0
0 1 104 1 1 0
0 1 113 4 0 1
0 1 5 62 0 2
0 1 0 29 1 2
0 1 77 42 1 1
0 1 26 22 0 2
0 1 85 62 0 0
0 1 94 15 0 0
0 1 81 19 1 1
0 1 12 14 0 1
0 1 39 56 0 2
0 1 30 47 0 0
0 1 56 53 1 3
0 1 41 25 1 1
0 1 38 14 1 0
0 1 25 59 1 0
0 1 48 41 1 3
0 1 15 46 1 3
0 1 96 31 1 2
0 1 107 38 0 3
0 1 87 8 1 2
0 1 57 7 0 1
0 1 75 56 0 0
0 1 105 50 1 3
0 1 31 14 1 2
0 1 27 43 0 1
0 1 48 19 0 0
0 1 99 61 0 0
0 1 82 9 0 1
0 1 28 44 0 0
0 1 17 54 1 0
0 1 20 52 0 3
0 1 72 38 0 2
0 1 61 22 1 0
0 1 6 34 1 2
0 1 50 17 0 1
0 1 18 53 1 1
0 1 122 58 1 2
0 1 119 16 1 3
0 1 108 12 1 1
0 1 109 13 1 3
0 1 99 4 1 3
0 1 118 33 1 1
0 1 67 8 0 3
0 1 115 24 1 3
0 1 124 0 1 3
0 1 38 21 0 2
0 1 128 48 1 1
0 1 127 24 1 2
0 1 84 18 1 3
0 1 23 48 1 3
0 1 53 1 1 1
0 1 23 17 0 2
0 1 19 14 1 3
0 1 37 17 0 0
0 1 112 18 0 1
0 1 73 13 1 0
0 1 26 42 1 2
0 1 95 6 1 2
0 1 95 54 0 3
0 1 97 28 0 0
0 1 27 41 1 0
0 1 93 36 0 3
0 1 93 52 1 2
0 1 55 25 0 3
0 1 43 52 0 1
0 1 57 10 1 1
0 1 100 18 0 0
0 1 4 40 1 1
0 1 46 63 0 1
0 1 3 55 1 2
0 1 59 45 1 0
0 1 25 18 0 2
0 1 88 64 1 3
0 1 76 45 0 3
0 1 34 39 1 1
0 1 64 11 1 1
0 1 111 40 0 0
0 1 40 33 0 3
0 1 5 6 1 3
