0 1 35 34 1 1
0 1 65 31 1 1
0 1 95 58 1 3
0 1 49 26 1 3
0 1 85 53 1 2
0 1 49 50 0 0
0 1 112 9 0 2
0 1 55 43 0 2
0 1 14 15 0 0
0 1 121 19 1 2
0 1 81 4 0 3
0 1 14 7 1 1
0 1 30 60 1 3
0 1 109 4 0 2
0 1 62 0 0 2
0 1 1 1 1 2
0 1 15 12 0 0
0 1 24 57 1 3
0 1 90 33 0 2
0 1 4 38 0 1
0 1 106 40 0 2
0 1 17 30 1 1
0 1 60 52 0 1
0 1 46 40 0 3
0 1 7 7 0 3
0 1 21 40 1 1
0 1 9 21 1 0
0 1 76 29 0 2
0 1 33 31 0 3
0 1 80 61 0 1
0 1 93 37 0 3
0 1 111 55 0 2
0 1 82 56 1 3
0 1 68 14 1 1
0 1 9 0 0 0
0 1 83 41 0 3
0 1 71 35 0 1
0 1 10 7 1 0
0 1 8 20 1 2
0 1 114 62 1 0
0 1 114 52 0 3
0 1 75 60 1 0
0 1 13 41 1 2
0 1 99 62 1 2
0 1 26 36 1 3
0 1 88 10 1 0
0 1 33 57 1 1
0 1 117 23 0 1
0 1 25 16 0 1
0 1 116 37 0 2
0 1 73 38 1 3
0 1 79 40 0 0
0 1 5 44 0 1
0 1 97 43 1 3
0 1 16 12 0 1
0 1 106 3 1 2
0 1 104 36 0 0
0 1 59 62 1 3
0 1 53 5 1 1
0 1 89 64 0 1
0 1 122 45 1 0
0 1 100 6 1 0
0 1 27 15 0 2
0 1 64 61 0 0
0 1 125 39 0 1
0 1 15 28 1 2
0 1 2 47 1 0
0 1 17 31 0 0
0 1 0 21 1 3
0 1 39 3 1 0
0 1 96 25 1 1
0 1 66 55 1 0
0 1 110 35 0 3
0 1 37 46 1 3
0 1 55 37 1 0
0 1 25 26 1 2
0 1 74 28 0 0
0 1 42 2 1 1
0 1 48 11 1 2
0 1 102 8 1 2
0 1 128 30 0 2
0 1 47 46 1 0
0 1 92 43 1 0
0 1 107 33 0 1
0 1 115 30 1 0
0 1 74 34 1 3
0 1 84 21 0 1
0 1 91 6 1 3
0 1 103 61 0 3
0 1 70 53 0 0
0 1 61 20 0 3
0 1 87 22 0 2
0 1 10 34 0 2
0 1 104 13 1 2
0 1 31 18 1 2
0 1 63 55 0 1
0 1 69 27 0 3
0 1 108 11 0 3
0 1 32 33 1 3
0 1 122 27 0 0
0 1 113 22 1 3
0 1 93 27 1 2
0 1 0 48 0 3
0 1 109 48 1 1
0 1 97 54 0 0
0 1 101 48 0 0
0 1 64 59 1 0
0 1 54 29 1 1
0 1 105 12 1 3
0 1 29 6 0 2
0 1 128 51 1 1
0 1 28 2 0 3
0 1 4 21 1 2
0 1 21 37 0 1
0 1 38 13 0 1
0 1 23 19 1 3
0 1 26 56 0 1
0 1 56 41 0 0
0 1 27 60 1 1
0 1 126 58 0 2
0 1 90 13 1 3
0 1 95 52 0 0
0 1 69 61 1 2
0 1 71 24 1 2
0 1 46 10 1 3
0 1 103 3 1 3
0 1 110 2 1 2
0 1 18 29 0 0
0 1 41 26 1 1
0 1 108 49 1 0
0 1 68 17 0 1
0 1 121 18 0 3
0 1 120 54 0 2
0 1 34 35 0 2
0 1 12 45 0 2
0 1 36 53 0 3
0 1 100 23 0 2
0 1 94 47 1 3
0 1 86 54 0 3
0 1 119 16 0 3
0 1 44 6 0 1
0 1 67 49 1 1
0 1 77 63 0 0
0 1 67 1 0 1
0 1 62 50 1 2
0 1 98 42 0 1
0 1 119 57 1 2
0 1 105 38 0 2
0 1 124 17 1 2
0 1 44 55 1 3
0 1 58 44 0 3
0 1 11 25 1 0
0 1 12 32 1 0
0 1 19 13 0 0
0 1 125 63 1 3
0 1 87 59 1 1
0 1 70 64 1 2
0 1 45 30 0 3
0 1 65 45 0 1
0 1 53 32 0 1
0 1 129 56 0 2
0 1 127 36 1 2
0 1 38 23 1 0
0 1 43 17 0 0
0 1 57 1 0 0
0 1 99 26 0 0
0 1 72 8 0 3
0 1 45 50 1 3
0 1 36 4 1 0
0 1 78 32 0 2
0 1 13 41 0 1
0 1 120 63 1 2
0 1 24 0 0 3
0 1 126 24 1 1
0 1 79 54 1 1
0 1 42 8 0 1
0 1 66 50 0 1
0 1 39 11 0 1
0 1 91 42 0 0
0 1 28 14 1 0
0 1 81 15 1 3
0 1 20 60 1 2
0 1 23 64 0 0
0 1 96 51 0 0
0 1 98 39 1 2
0 1 51 22 1 1
0 1 118 47 1 2
0 1 40 5 1 0
0 1 32 58 0 1
0 1 16 59 1 3
0 1 54 23 0 3
0 1 5 44 1 0
0 1 94 56 0 0
0 1 63 24 1 0
0 1 77 18 1 1
0 1 48 22 0 0
0 1 84 42 1 2
0 1 30 49 0 2
0 1 11 39 0 3
0 1 101 11 1 0
0 1 40 4 0 1
0 1 7 51 1 2
0 1 123 20 1 0
0 1 127 17 0 3
0 1 19 15 1 1
0 1 41 16 0 0
0 1 6 12 0 2
0 1 20 38 0 0
0 1 92 44 0 2
0 1 113 32 0 3
0 1 51 2 0 0
0 1 43 7 1 2
0 1 88 19 0 1
0 1 59 28 0 1
0 1 22 14 0 2
0 1 58 10 1 2
0 1 8 63 0 1
0 1 83 29 1 3
0 1 86 46 1 1
0 1 80 1 1 3
0 1 18 5 1 3
0 1 129 43 1 1
0 1 22 53 1 1
0 1 117 52 1 2
0 1 31 9 0 3
0 1 61 5 1 2
0 1 60 19 1 0
0 1 47 3 0 1
0 1 50 35 1 0
0 1 52 18 1 0
0 1 107 0 1 1
0 1 123 39 0 0
0 1 35 62 0 1
0 1 73 25 0 2
0 1 115 25 0 3
0 1 37 9 0 0
0 1 85 51 0 3
0 1 76 49 1 3
0 1 3 16 0 2
0 1 34 64 1 3
0 1 57 33 1 0
0 1 112 14 1 3
0 1 124 59 0 2
0 1 78 24 1 3
0 1 82 31 0 2
0 1 50 8 0 0
0 1 2 27 0 1
0 1 75 46 0 2
0 1 118 36 0 1
0 1 52 9 0 1
0 1 6 20 1 1
0 1 1 58 0 0
0 1 111 10 1 1
0 1 29 47 1 1
0 1 3 34 1 0
0 1 56 57 1 0
0 1 116 28 1 3
0 1 102 48 0 2
0 1 72 42 1 3
0 1 89 45 1 3
